
*** Running vivado
    with args -log cnn_accel_axi_smc_1_0.vds -m64 -product Vivado -mode batch -messageDb vivado.pb -notrace -source cnn_accel_axi_smc_1_0.tcl


****** Vivado v2025.2 (64-bit)
  **** SW Build 6299465 on Fri Nov 14 12:34:56 MST 2025
  **** IP Build 6300035 on Fri Nov 14 10:48:45 MST 2025
  **** SharedData Build 6298862 on Thu Nov 13 04:50:51 MST 2025
  **** Start of session at: Sat May  2 00:15:48 2026
    ** Copyright 1986-2022 Xilinx, Inc. All Rights Reserved.
    ** Copyright 2022-2025 Advanced Micro Devices, Inc. All Rights Reserved.

source cnn_accel_axi_smc_1_0.tcl -notrace
create_project: Time (s): cpu = 00:00:14 ; elapsed = 00:00:07 . Memory (MB): peak = 1624.797 ; gain = 115.055 ; free physical = 2593 ; free virtual = 6114
INFO: [IP_Flow 19-234] Refreshing IP repositories
INFO: [IP_Flow 19-1700] Loaded user IP repository '/home/oldak/Binary-CNN-Accelerator/hls_kernel/hls_component/hls_component/hls/impl/ip'.
INFO: [IP_Flow 19-2313] Loaded Vivado IP repository '/home/oldak/chonky-boi/2025.2/data/ip'.
Command: synth_design -top cnn_accel_axi_smc_1_0 -part xc7z020clg400-1 -incremental_mode off -mode out_of_context
Starting synth_design
Attempting to get a license for feature 'Synthesis' and/or device 'xc7z020'
INFO: [Common 17-349] Got license for feature 'Synthesis' and/or device 'xc7z020'
INFO: [Device 21-403] Loading part xc7z020clg400-1
INFO: [Synth 8-7079] Multithreading enabled for synth_design using a maximum of 7 processes.
INFO: [Synth 8-7078] Launching helper process for spawning children vivado processes
INFO: [Synth 8-7075] Helper process launched with PID 50658
---------------------------------------------------------------------------------
Starting RTL Elaboration : Time (s): cpu = 00:00:07 ; elapsed = 00:00:08 . Memory (MB): peak = 2315.094 ; gain = 480.875 ; free physical = 184 ; free virtual = 2446
---------------------------------------------------------------------------------
INFO: [Synth 8-6157] synthesizing module 'cnn_accel_axi_smc_1_0' [/home/oldak/Binary-CNN-Accelerator/vivado_project/vivado_project.gen/sources_1/bd/cnn_accel/ip/cnn_accel_axi_smc_1_0/synth/cnn_accel_axi_smc_1_0.v:53]
INFO: [Synth 8-6157] synthesizing module 'bd_0975' [/home/oldak/Binary-CNN-Accelerator/vivado_project/vivado_project.gen/sources_1/bd/cnn_accel/ip/cnn_accel_axi_smc_1_0/bd_0/synth/bd_0975.v:10]
INFO: [Synth 8-6157] synthesizing module 'clk_map_imp_F59977' [/home/oldak/Binary-CNN-Accelerator/vivado_project/vivado_project.gen/sources_1/bd/cnn_accel/ip/cnn_accel_axi_smc_1_0/bd_0/synth/bd_0975.v:336]
INFO: [Synth 8-638] synthesizing module 'bd_0975_psr_aclk_0' [/home/oldak/Binary-CNN-Accelerator/vivado_project/vivado_project.gen/sources_1/bd/cnn_accel/ip/cnn_accel_axi_smc_1_0/bd_0/ip/ip_1/synth/bd_0975_psr_aclk_0.vhd:74]
	Parameter C_FAMILY bound to: zynq - type: string 
	Parameter C_EXT_RST_WIDTH bound to: 4 - type: integer 
	Parameter C_AUX_RST_WIDTH bound to: 1 - type: integer 
	Parameter C_EXT_RESET_HIGH bound to: 1'b0 
	Parameter C_AUX_RESET_HIGH bound to: 1'b0 
	Parameter C_NUM_BUS_RST bound to: 1 - type: integer 
	Parameter C_NUM_PERP_RST bound to: 1 - type: integer 
	Parameter C_NUM_INTERCONNECT_ARESETN bound to: 1 - type: integer 
	Parameter C_NUM_PERP_ARESETN bound to: 1 - type: integer 
INFO: [Synth 8-3491] module 'proc_sys_reset' declared at '/home/oldak/Binary-CNN-Accelerator/vivado_project/vivado_project.gen/sources_1/bd/cnn_accel/ipshared/9438/hdl/proc_sys_reset_v5_0_vh_rfs.vhd:1243' bound to instance 'U0' of component 'proc_sys_reset' [/home/oldak/Binary-CNN-Accelerator/vivado_project/vivado_project.gen/sources_1/bd/cnn_accel/ip/cnn_accel_axi_smc_1_0/bd_0/ip/ip_1/synth/bd_0975_psr_aclk_0.vhd:139]
INFO: [Synth 8-638] synthesizing module 'proc_sys_reset' [/home/oldak/Binary-CNN-Accelerator/vivado_project/vivado_project.gen/sources_1/bd/cnn_accel/ipshared/9438/hdl/proc_sys_reset_v5_0_vh_rfs.vhd:1302]
	Parameter INIT bound to: 1'b1 
INFO: [Synth 8-113] binding component instance 'FDRE_inst' to cell 'FDRE' [/home/oldak/Binary-CNN-Accelerator/vivado_project/vivado_project.gen/sources_1/bd/cnn_accel/ipshared/9438/hdl/proc_sys_reset_v5_0_vh_rfs.vhd:1371]
	Parameter INIT bound to: 1'b1 
INFO: [Synth 8-113] binding component instance 'FDRE_BSR' to cell 'FDRE' [/home/oldak/Binary-CNN-Accelerator/vivado_project/vivado_project.gen/sources_1/bd/cnn_accel/ipshared/9438/hdl/proc_sys_reset_v5_0_vh_rfs.vhd:1387]
	Parameter INIT bound to: 1'b0 
INFO: [Synth 8-113] binding component instance 'FDRE_BSR_N' to cell 'FDRE' [/home/oldak/Binary-CNN-Accelerator/vivado_project/vivado_project.gen/sources_1/bd/cnn_accel/ipshared/9438/hdl/proc_sys_reset_v5_0_vh_rfs.vhd:1413]
	Parameter INIT bound to: 1'b1 
INFO: [Synth 8-113] binding component instance 'FDRE_PER' to cell 'FDRE' [/home/oldak/Binary-CNN-Accelerator/vivado_project/vivado_project.gen/sources_1/bd/cnn_accel/ipshared/9438/hdl/proc_sys_reset_v5_0_vh_rfs.vhd:1436]
	Parameter INIT bound to: 1'b0 
INFO: [Synth 8-113] binding component instance 'FDRE_PER_N' to cell 'FDRE' [/home/oldak/Binary-CNN-Accelerator/vivado_project/vivado_project.gen/sources_1/bd/cnn_accel/ipshared/9438/hdl/proc_sys_reset_v5_0_vh_rfs.vhd:1460]
INFO: [Synth 8-638] synthesizing module 'lpf' [/home/oldak/Binary-CNN-Accelerator/vivado_project/vivado_project.gen/sources_1/bd/cnn_accel/ipshared/9438/hdl/proc_sys_reset_v5_0_vh_rfs.vhd:821]
INFO: [Synth 8-3491] module 'SRL16' declared at '/home/oldak/chonky-boi/2025.2/Vivado/scripts/rt/data/unisim_comp.v:165318' bound to instance 'POR_SRL_I' of component 'SRL16' [/home/oldak/Binary-CNN-Accelerator/vivado_project/vivado_project.gen/sources_1/bd/cnn_accel/ipshared/9438/hdl/proc_sys_reset_v5_0_vh_rfs.vhd:873]
INFO: [Synth 8-6157] synthesizing module 'SRL16' [/home/oldak/chonky-boi/2025.2/Vivado/scripts/rt/data/unisim_comp.v:165318]
INFO: [Synth 8-6155] done synthesizing module 'SRL16' (0#1) [/home/oldak/chonky-boi/2025.2/Vivado/scripts/rt/data/unisim_comp.v:165318]
	Parameter DEST_SYNC_FF bound to: 4 - type: integer 
	Parameter INIT_SYNC_FF bound to: 0 - type: integer 
	Parameter SIM_ASSERT_CHK bound to: 0 - type: integer 
	Parameter SRC_INPUT_REG bound to: 0 - type: integer 
INFO: [Synth 8-3491] module 'xpm_cdc_single' declared at '/home/oldak/chonky-boi/2025.2/data/ip/xpm/xpm_cdc/hdl/xpm_cdc.sv:152' bound to instance 'ACT_LO_EXT' of component 'xpm_cdc_single' [/home/oldak/Binary-CNN-Accelerator/vivado_project/vivado_project.gen/sources_1/bd/cnn_accel/ipshared/9438/hdl/proc_sys_reset_v5_0_vh_rfs.vhd:968]
INFO: [Synth 8-6157] synthesizing module 'xpm_cdc_single' [/home/oldak/chonky-boi/2025.2/data/ip/xpm/xpm_cdc/hdl/xpm_cdc.sv:152]
INFO: [Synth 8-6155] done synthesizing module 'xpm_cdc_single' (0#1) [/home/oldak/chonky-boi/2025.2/data/ip/xpm/xpm_cdc/hdl/xpm_cdc.sv:152]
	Parameter DEST_SYNC_FF bound to: 4 - type: integer 
	Parameter INIT_SYNC_FF bound to: 0 - type: integer 
	Parameter SIM_ASSERT_CHK bound to: 0 - type: integer 
	Parameter SRC_INPUT_REG bound to: 0 - type: integer 
INFO: [Synth 8-3491] module 'xpm_cdc_single' declared at '/home/oldak/chonky-boi/2025.2/data/ip/xpm/xpm_cdc/hdl/xpm_cdc.sv:152' bound to instance 'ACT_LO_AUX' of component 'xpm_cdc_single' [/home/oldak/Binary-CNN-Accelerator/vivado_project/vivado_project.gen/sources_1/bd/cnn_accel/ipshared/9438/hdl/proc_sys_reset_v5_0_vh_rfs.vhd:1015]
INFO: [Synth 8-256] done synthesizing module 'lpf' (0#1) [/home/oldak/Binary-CNN-Accelerator/vivado_project/vivado_project.gen/sources_1/bd/cnn_accel/ipshared/9438/hdl/proc_sys_reset_v5_0_vh_rfs.vhd:821]
INFO: [Synth 8-638] synthesizing module 'sequence_psr' [/home/oldak/Binary-CNN-Accelerator/vivado_project/vivado_project.gen/sources_1/bd/cnn_accel/ipshared/9438/hdl/proc_sys_reset_v5_0_vh_rfs.vhd:304]
INFO: [Synth 8-638] synthesizing module 'upcnt_n' [/home/oldak/Binary-CNN-Accelerator/vivado_project/vivado_project.gen/sources_1/bd/cnn_accel/ipshared/9438/hdl/proc_sys_reset_v5_0_vh_rfs.vhd:126]
INFO: [Synth 8-256] done synthesizing module 'upcnt_n' (0#1) [/home/oldak/Binary-CNN-Accelerator/vivado_project/vivado_project.gen/sources_1/bd/cnn_accel/ipshared/9438/hdl/proc_sys_reset_v5_0_vh_rfs.vhd:126]
INFO: [Synth 8-256] done synthesizing module 'sequence_psr' (0#1) [/home/oldak/Binary-CNN-Accelerator/vivado_project/vivado_project.gen/sources_1/bd/cnn_accel/ipshared/9438/hdl/proc_sys_reset_v5_0_vh_rfs.vhd:304]
INFO: [Synth 8-256] done synthesizing module 'proc_sys_reset' (0#1) [/home/oldak/Binary-CNN-Accelerator/vivado_project/vivado_project.gen/sources_1/bd/cnn_accel/ipshared/9438/hdl/proc_sys_reset_v5_0_vh_rfs.vhd:1302]
INFO: [Synth 8-256] done synthesizing module 'bd_0975_psr_aclk_0' (0#1) [/home/oldak/Binary-CNN-Accelerator/vivado_project/vivado_project.gen/sources_1/bd/cnn_accel/ip/cnn_accel_axi_smc_1_0/bd_0/ip/ip_1/synth/bd_0975_psr_aclk_0.vhd:74]
WARNING: [Synth 8-7071] port 'mb_reset' of module 'bd_0975_psr_aclk_0' is unconnected for instance 'psr_aclk' [/home/oldak/Binary-CNN-Accelerator/vivado_project/vivado_project.gen/sources_1/bd/cnn_accel/ip/cnn_accel_axi_smc_1_0/bd_0/synth/bd_0975.v:367]
WARNING: [Synth 8-7071] port 'bus_struct_reset' of module 'bd_0975_psr_aclk_0' is unconnected for instance 'psr_aclk' [/home/oldak/Binary-CNN-Accelerator/vivado_project/vivado_project.gen/sources_1/bd/cnn_accel/ip/cnn_accel_axi_smc_1_0/bd_0/synth/bd_0975.v:367]
WARNING: [Synth 8-7071] port 'peripheral_reset' of module 'bd_0975_psr_aclk_0' is unconnected for instance 'psr_aclk' [/home/oldak/Binary-CNN-Accelerator/vivado_project/vivado_project.gen/sources_1/bd/cnn_accel/ip/cnn_accel_axi_smc_1_0/bd_0/synth/bd_0975.v:367]
WARNING: [Synth 8-7071] port 'peripheral_aresetn' of module 'bd_0975_psr_aclk_0' is unconnected for instance 'psr_aclk' [/home/oldak/Binary-CNN-Accelerator/vivado_project/vivado_project.gen/sources_1/bd/cnn_accel/ip/cnn_accel_axi_smc_1_0/bd_0/synth/bd_0975.v:367]
WARNING: [Synth 8-7023] instance 'psr_aclk' of module 'bd_0975_psr_aclk_0' has 10 connections declared, but only 6 given [/home/oldak/Binary-CNN-Accelerator/vivado_project/vivado_project.gen/sources_1/bd/cnn_accel/ip/cnn_accel_axi_smc_1_0/bd_0/synth/bd_0975.v:367]
INFO: [Synth 8-6155] done synthesizing module 'clk_map_imp_F59977' (0#1) [/home/oldak/Binary-CNN-Accelerator/vivado_project/vivado_project.gen/sources_1/bd/cnn_accel/ip/cnn_accel_axi_smc_1_0/bd_0/synth/bd_0975.v:336]
INFO: [Synth 8-6157] synthesizing module 'm00_exit_pipeline_imp_1L7X3PK' [/home/oldak/Binary-CNN-Accelerator/vivado_project/vivado_project.gen/sources_1/bd/cnn_accel/ip/cnn_accel_axi_smc_1_0/bd_0/synth/bd_0975.v:376]
INFO: [Synth 8-6157] synthesizing module 'bd_0975_m00e_0' [/home/oldak/Binary-CNN-Accelerator/vivado_project/vivado_project.gen/sources_1/bd/cnn_accel/ip/cnn_accel_axi_smc_1_0/bd_0/ip/ip_9/synth/bd_0975_m00e_0.sv:53]
INFO: [Synth 8-6157] synthesizing module 'xpm_cdc_async_rst' [/home/oldak/chonky-boi/2025.2/data/ip/xpm/xpm_cdc/hdl/xpm_cdc.sv:1175]
INFO: [Synth 8-6155] done synthesizing module 'xpm_cdc_async_rst' (0#1) [/home/oldak/chonky-boi/2025.2/data/ip/xpm/xpm_cdc/hdl/xpm_cdc.sv:1175]
INFO: [Synth 8-6155] done synthesizing module 'bd_0975_m00e_0' (0#1) [/home/oldak/Binary-CNN-Accelerator/vivado_project/vivado_project.gen/sources_1/bd/cnn_accel/ip/cnn_accel_axi_smc_1_0/bd_0/ip/ip_9/synth/bd_0975_m00e_0.sv:53]
INFO: [Synth 8-6155] done synthesizing module 'm00_exit_pipeline_imp_1L7X3PK' (0#1) [/home/oldak/Binary-CNN-Accelerator/vivado_project/vivado_project.gen/sources_1/bd/cnn_accel/ip/cnn_accel_axi_smc_1_0/bd_0/synth/bd_0975.v:376]
INFO: [Synth 8-6157] synthesizing module 'bd_0975_m00s2a_0' [/home/oldak/Binary-CNN-Accelerator/vivado_project/vivado_project.gen/sources_1/bd/cnn_accel/ip/cnn_accel_axi_smc_1_0/bd_0/ip/ip_8/synth/bd_0975_m00s2a_0.sv:53]
INFO: [Synth 8-6155] done synthesizing module 'bd_0975_m00s2a_0' (0#1) [/home/oldak/Binary-CNN-Accelerator/vivado_project/vivado_project.gen/sources_1/bd/cnn_accel/ip/cnn_accel_axi_smc_1_0/bd_0/ip/ip_8/synth/bd_0975_m00s2a_0.sv:53]
INFO: [Synth 8-6157] synthesizing module 'bd_0975_s00a2s_0' [/home/oldak/Binary-CNN-Accelerator/vivado_project/vivado_project.gen/sources_1/bd/cnn_accel/ip/cnn_accel_axi_smc_1_0/bd_0/ip/ip_5/synth/bd_0975_s00a2s_0.sv:53]
INFO: [Synth 8-6155] done synthesizing module 'bd_0975_s00a2s_0' (0#1) [/home/oldak/Binary-CNN-Accelerator/vivado_project/vivado_project.gen/sources_1/bd/cnn_accel/ip/cnn_accel_axi_smc_1_0/bd_0/ip/ip_5/synth/bd_0975_s00a2s_0.sv:53]
INFO: [Synth 8-6157] synthesizing module 's00_entry_pipeline_imp_LDS2DN' [/home/oldak/Binary-CNN-Accelerator/vivado_project/vivado_project.gen/sources_1/bd/cnn_accel/ip/cnn_accel_axi_smc_1_0/bd_0/synth/bd_0975.v:518]
INFO: [Synth 8-6157] synthesizing module 'bd_0975_s00mmu_0' [/home/oldak/Binary-CNN-Accelerator/vivado_project/vivado_project.gen/sources_1/bd/cnn_accel/ip/cnn_accel_axi_smc_1_0/bd_0/ip/ip_2/synth/bd_0975_s00mmu_0.sv:53]
INFO: [Synth 8-6155] done synthesizing module 'bd_0975_s00mmu_0' (0#1) [/home/oldak/Binary-CNN-Accelerator/vivado_project/vivado_project.gen/sources_1/bd/cnn_accel/ip/cnn_accel_axi_smc_1_0/bd_0/ip/ip_2/synth/bd_0975_s00mmu_0.sv:53]
INFO: [Synth 8-6157] synthesizing module 'bd_0975_s00sic_0' [/home/oldak/Binary-CNN-Accelerator/vivado_project/vivado_project.gen/sources_1/bd/cnn_accel/ip/cnn_accel_axi_smc_1_0/bd_0/ip/ip_4/synth/bd_0975_s00sic_0.sv:53]
INFO: [Synth 8-6155] done synthesizing module 'bd_0975_s00sic_0' (0#1) [/home/oldak/Binary-CNN-Accelerator/vivado_project/vivado_project.gen/sources_1/bd/cnn_accel/ip/cnn_accel_axi_smc_1_0/bd_0/ip/ip_4/synth/bd_0975_s00sic_0.sv:53]
INFO: [Synth 8-6157] synthesizing module 'bd_0975_s00tr_0' [/home/oldak/Binary-CNN-Accelerator/vivado_project/vivado_project.gen/sources_1/bd/cnn_accel/ip/cnn_accel_axi_smc_1_0/bd_0/ip/ip_3/synth/bd_0975_s00tr_0.sv:53]
INFO: [Synth 8-6155] done synthesizing module 'bd_0975_s00tr_0' (0#1) [/home/oldak/Binary-CNN-Accelerator/vivado_project/vivado_project.gen/sources_1/bd/cnn_accel/ip/cnn_accel_axi_smc_1_0/bd_0/ip/ip_3/synth/bd_0975_s00tr_0.sv:53]
WARNING: [Synth 8-7071] port 'm_axi_arburst' of module 'bd_0975_s00tr_0' is unconnected for instance 's00_transaction_regulator' [/home/oldak/Binary-CNN-Accelerator/vivado_project/vivado_project.gen/sources_1/bd/cnn_accel/ip/cnn_accel_axi_smc_1_0/bd_0/synth/bd_0975.v:731]
WARNING: [Synth 8-7023] instance 's00_transaction_regulator' of module 'bd_0975_s00tr_0' has 38 connections declared, but only 37 given [/home/oldak/Binary-CNN-Accelerator/vivado_project/vivado_project.gen/sources_1/bd/cnn_accel/ip/cnn_accel_axi_smc_1_0/bd_0/synth/bd_0975.v:731]
INFO: [Synth 8-6155] done synthesizing module 's00_entry_pipeline_imp_LDS2DN' (0#1) [/home/oldak/Binary-CNN-Accelerator/vivado_project/vivado_project.gen/sources_1/bd/cnn_accel/ip/cnn_accel_axi_smc_1_0/bd_0/synth/bd_0975.v:518]
INFO: [Synth 8-6157] synthesizing module 's00_nodes_imp_OLMSY9' [/home/oldak/Binary-CNN-Accelerator/vivado_project/vivado_project.gen/sources_1/bd/cnn_accel/ip/cnn_accel_axi_smc_1_0/bd_0/synth/bd_0975.v:771]
INFO: [Synth 8-6157] synthesizing module 'bd_0975_sarn_0' [/home/oldak/Binary-CNN-Accelerator/vivado_project/vivado_project.gen/sources_1/bd/cnn_accel/ip/cnn_accel_axi_smc_1_0/bd_0/ip/ip_6/synth/bd_0975_sarn_0.sv:53]
INFO: [Synth 8-6157] synthesizing module 'xpm_memory_sdpram' [/home/oldak/chonky-boi/2025.2/data/ip/xpm/xpm_memory/hdl/xpm_memory.sv:8996]
INFO: [Synth 8-6157] synthesizing module 'xpm_memory_base' [/home/oldak/chonky-boi/2025.2/data/ip/xpm/xpm_memory/hdl/xpm_memory.sv:54]
INFO: [Synth 8-6155] done synthesizing module 'xpm_memory_base' (0#1) [/home/oldak/chonky-boi/2025.2/data/ip/xpm/xpm_memory/hdl/xpm_memory.sv:54]
INFO: [Synth 8-6155] done synthesizing module 'xpm_memory_sdpram' (0#1) [/home/oldak/chonky-boi/2025.2/data/ip/xpm/xpm_memory/hdl/xpm_memory.sv:8996]
INFO: [Synth 8-6155] done synthesizing module 'bd_0975_sarn_0' (0#1) [/home/oldak/Binary-CNN-Accelerator/vivado_project/vivado_project.gen/sources_1/bd/cnn_accel/ip/cnn_accel_axi_smc_1_0/bd_0/ip/ip_6/synth/bd_0975_sarn_0.sv:53]
INFO: [Synth 8-6157] synthesizing module 'bd_0975_srn_0' [/home/oldak/Binary-CNN-Accelerator/vivado_project/vivado_project.gen/sources_1/bd/cnn_accel/ip/cnn_accel_axi_smc_1_0/bd_0/ip/ip_7/synth/bd_0975_srn_0.sv:53]
INFO: [Synth 8-6157] synthesizing module 'xpm_memory_sdpram__parameterized0' [/home/oldak/chonky-boi/2025.2/data/ip/xpm/xpm_memory/hdl/xpm_memory.sv:8996]
INFO: [Synth 8-6157] synthesizing module 'xpm_memory_base__parameterized0' [/home/oldak/chonky-boi/2025.2/data/ip/xpm/xpm_memory/hdl/xpm_memory.sv:54]
INFO: [Synth 8-6155] done synthesizing module 'xpm_memory_base__parameterized0' (0#1) [/home/oldak/chonky-boi/2025.2/data/ip/xpm/xpm_memory/hdl/xpm_memory.sv:54]
INFO: [Synth 8-6155] done synthesizing module 'xpm_memory_sdpram__parameterized0' (0#1) [/home/oldak/chonky-boi/2025.2/data/ip/xpm/xpm_memory/hdl/xpm_memory.sv:8996]
INFO: [Synth 8-6155] done synthesizing module 'bd_0975_srn_0' (0#1) [/home/oldak/Binary-CNN-Accelerator/vivado_project/vivado_project.gen/sources_1/bd/cnn_accel/ip/cnn_accel_axi_smc_1_0/bd_0/ip/ip_7/synth/bd_0975_srn_0.sv:53]
INFO: [Synth 8-6155] done synthesizing module 's00_nodes_imp_OLMSY9' (0#1) [/home/oldak/Binary-CNN-Accelerator/vivado_project/vivado_project.gen/sources_1/bd/cnn_accel/ip/cnn_accel_axi_smc_1_0/bd_0/synth/bd_0975.v:771]
INFO: [Synth 8-6155] done synthesizing module 'bd_0975' (0#1) [/home/oldak/Binary-CNN-Accelerator/vivado_project/vivado_project.gen/sources_1/bd/cnn_accel/ip/cnn_accel_axi_smc_1_0/bd_0/synth/bd_0975.v:10]
INFO: [Synth 8-6155] done synthesizing module 'cnn_accel_axi_smc_1_0' (0#1) [/home/oldak/Binary-CNN-Accelerator/vivado_project/vivado_project.gen/sources_1/bd/cnn_accel/ip/cnn_accel_axi_smc_1_0/synth/cnn_accel_axi_smc_1_0.v:53]
WARNING: [Synth 8-3848] Net aresetn_out in module/entity clk_map_imp_F59977 does not have driver. [/home/oldak/Binary-CNN-Accelerator/vivado_project/vivado_project.gen/sources_1/bd/cnn_accel/ip/cnn_accel_axi_smc_1_0/bd_0/synth/bd_0975.v:352]
INFO: [Synth 8-4490] FSM extraction disabled for register 'gen_pipelined.state_reg' through user attribute
INFO: [Synth 8-4490] FSM extraction disabled for register 'gen_pipelined.state_reg' through user attribute
INFO: [Synth 8-4490] FSM extraction disabled for register 'gen_pipelined.state_reg' through user attribute
INFO: [Synth 8-4490] FSM extraction disabled for register 'gen_pipelined.state_reg' through user attribute
INFO: [Synth 8-4490] FSM extraction disabled for register 'gen_pipelined.state_reg' through user attribute
INFO: [Synth 8-4490] FSM extraction disabled for register 'gen_pipelined.state_reg' through user attribute
INFO: [Synth 8-7129] Port din[0] in module sc_util_v1_0_4_onehot_to_binary is either unconnected or has no load
INFO: [Synth 8-7129] Port aclk in module sc_util_v1_0_4_pipeline__parameterized0 is either unconnected or has no load
INFO: [Synth 8-7129] Port aclken in module sc_util_v1_0_4_pipeline__parameterized0 is either unconnected or has no load
INFO: [Synth 8-7129] Port areset in module sc_util_v1_0_4_pipeline__parameterized0 is either unconnected or has no load
INFO: [Synth 8-7129] Port sleep in module xpm_memory_base__parameterized0 is either unconnected or has no load
INFO: [Synth 8-7129] Port rsta in module xpm_memory_base__parameterized0 is either unconnected or has no load
INFO: [Synth 8-7129] Port regcea in module xpm_memory_base__parameterized0 is either unconnected or has no load
INFO: [Synth 8-7129] Port injectsbiterra in module xpm_memory_base__parameterized0 is either unconnected or has no load
INFO: [Synth 8-7129] Port injectdbiterra in module xpm_memory_base__parameterized0 is either unconnected or has no load
INFO: [Synth 8-7129] Port clkb in module xpm_memory_base__parameterized0 is either unconnected or has no load
INFO: [Synth 8-7129] Port regceb in module xpm_memory_base__parameterized0 is either unconnected or has no load
INFO: [Synth 8-7129] Port web[0] in module xpm_memory_base__parameterized0 is either unconnected or has no load
INFO: [Synth 8-7129] Port dinb[100] in module xpm_memory_base__parameterized0 is either unconnected or has no load
INFO: [Synth 8-7129] Port dinb[99] in module xpm_memory_base__parameterized0 is either unconnected or has no load
INFO: [Synth 8-7129] Port dinb[98] in module xpm_memory_base__parameterized0 is either unconnected or has no load
INFO: [Synth 8-7129] Port dinb[97] in module xpm_memory_base__parameterized0 is either unconnected or has no load
INFO: [Synth 8-7129] Port dinb[96] in module xpm_memory_base__parameterized0 is either unconnected or has no load
INFO: [Synth 8-7129] Port dinb[95] in module xpm_memory_base__parameterized0 is either unconnected or has no load
INFO: [Synth 8-7129] Port dinb[94] in module xpm_memory_base__parameterized0 is either unconnected or has no load
INFO: [Synth 8-7129] Port dinb[93] in module xpm_memory_base__parameterized0 is either unconnected or has no load
INFO: [Synth 8-7129] Port dinb[92] in module xpm_memory_base__parameterized0 is either unconnected or has no load
INFO: [Synth 8-7129] Port dinb[91] in module xpm_memory_base__parameterized0 is either unconnected or has no load
INFO: [Synth 8-7129] Port dinb[90] in module xpm_memory_base__parameterized0 is either unconnected or has no load
INFO: [Synth 8-7129] Port dinb[89] in module xpm_memory_base__parameterized0 is either unconnected or has no load
INFO: [Synth 8-7129] Port dinb[88] in module xpm_memory_base__parameterized0 is either unconnected or has no load
INFO: [Synth 8-7129] Port dinb[87] in module xpm_memory_base__parameterized0 is either unconnected or has no load
INFO: [Synth 8-7129] Port dinb[86] in module xpm_memory_base__parameterized0 is either unconnected or has no load
INFO: [Synth 8-7129] Port dinb[85] in module xpm_memory_base__parameterized0 is either unconnected or has no load
INFO: [Synth 8-7129] Port dinb[84] in module xpm_memory_base__parameterized0 is either unconnected or has no load
INFO: [Synth 8-7129] Port dinb[83] in module xpm_memory_base__parameterized0 is either unconnected or has no load
INFO: [Synth 8-7129] Port dinb[82] in module xpm_memory_base__parameterized0 is either unconnected or has no load
INFO: [Synth 8-7129] Port dinb[81] in module xpm_memory_base__parameterized0 is either unconnected or has no load
INFO: [Synth 8-7129] Port dinb[80] in module xpm_memory_base__parameterized0 is either unconnected or has no load
INFO: [Synth 8-7129] Port dinb[79] in module xpm_memory_base__parameterized0 is either unconnected or has no load
INFO: [Synth 8-7129] Port dinb[78] in module xpm_memory_base__parameterized0 is either unconnected or has no load
INFO: [Synth 8-7129] Port dinb[77] in module xpm_memory_base__parameterized0 is either unconnected or has no load
INFO: [Synth 8-7129] Port dinb[76] in module xpm_memory_base__parameterized0 is either unconnected or has no load
INFO: [Synth 8-7129] Port dinb[75] in module xpm_memory_base__parameterized0 is either unconnected or has no load
INFO: [Synth 8-7129] Port dinb[74] in module xpm_memory_base__parameterized0 is either unconnected or has no load
INFO: [Synth 8-7129] Port dinb[73] in module xpm_memory_base__parameterized0 is either unconnected or has no load
INFO: [Synth 8-7129] Port dinb[72] in module xpm_memory_base__parameterized0 is either unconnected or has no load
INFO: [Synth 8-7129] Port dinb[71] in module xpm_memory_base__parameterized0 is either unconnected or has no load
INFO: [Synth 8-7129] Port dinb[70] in module xpm_memory_base__parameterized0 is either unconnected or has no load
INFO: [Synth 8-7129] Port dinb[69] in module xpm_memory_base__parameterized0 is either unconnected or has no load
INFO: [Synth 8-7129] Port dinb[68] in module xpm_memory_base__parameterized0 is either unconnected or has no load
INFO: [Synth 8-7129] Port dinb[67] in module xpm_memory_base__parameterized0 is either unconnected or has no load
INFO: [Synth 8-7129] Port dinb[66] in module xpm_memory_base__parameterized0 is either unconnected or has no load
INFO: [Synth 8-7129] Port dinb[65] in module xpm_memory_base__parameterized0 is either unconnected or has no load
INFO: [Synth 8-7129] Port dinb[64] in module xpm_memory_base__parameterized0 is either unconnected or has no load
INFO: [Synth 8-7129] Port dinb[63] in module xpm_memory_base__parameterized0 is either unconnected or has no load
INFO: [Synth 8-7129] Port dinb[62] in module xpm_memory_base__parameterized0 is either unconnected or has no load
INFO: [Synth 8-7129] Port dinb[61] in module xpm_memory_base__parameterized0 is either unconnected or has no load
INFO: [Synth 8-7129] Port dinb[60] in module xpm_memory_base__parameterized0 is either unconnected or has no load
INFO: [Synth 8-7129] Port dinb[59] in module xpm_memory_base__parameterized0 is either unconnected or has no load
INFO: [Synth 8-7129] Port dinb[58] in module xpm_memory_base__parameterized0 is either unconnected or has no load
INFO: [Synth 8-7129] Port dinb[57] in module xpm_memory_base__parameterized0 is either unconnected or has no load
INFO: [Synth 8-7129] Port dinb[56] in module xpm_memory_base__parameterized0 is either unconnected or has no load
INFO: [Synth 8-7129] Port dinb[55] in module xpm_memory_base__parameterized0 is either unconnected or has no load
INFO: [Synth 8-7129] Port dinb[54] in module xpm_memory_base__parameterized0 is either unconnected or has no load
INFO: [Synth 8-7129] Port dinb[53] in module xpm_memory_base__parameterized0 is either unconnected or has no load
INFO: [Synth 8-7129] Port dinb[52] in module xpm_memory_base__parameterized0 is either unconnected or has no load
INFO: [Synth 8-7129] Port dinb[51] in module xpm_memory_base__parameterized0 is either unconnected or has no load
INFO: [Synth 8-7129] Port dinb[50] in module xpm_memory_base__parameterized0 is either unconnected or has no load
INFO: [Synth 8-7129] Port dinb[49] in module xpm_memory_base__parameterized0 is either unconnected or has no load
INFO: [Synth 8-7129] Port dinb[48] in module xpm_memory_base__parameterized0 is either unconnected or has no load
INFO: [Synth 8-7129] Port dinb[47] in module xpm_memory_base__parameterized0 is either unconnected or has no load
INFO: [Synth 8-7129] Port dinb[46] in module xpm_memory_base__parameterized0 is either unconnected or has no load
INFO: [Synth 8-7129] Port dinb[45] in module xpm_memory_base__parameterized0 is either unconnected or has no load
INFO: [Synth 8-7129] Port dinb[44] in module xpm_memory_base__parameterized0 is either unconnected or has no load
INFO: [Synth 8-7129] Port dinb[43] in module xpm_memory_base__parameterized0 is either unconnected or has no load
INFO: [Synth 8-7129] Port dinb[42] in module xpm_memory_base__parameterized0 is either unconnected or has no load
INFO: [Synth 8-7129] Port dinb[41] in module xpm_memory_base__parameterized0 is either unconnected or has no load
INFO: [Synth 8-7129] Port dinb[40] in module xpm_memory_base__parameterized0 is either unconnected or has no load
INFO: [Synth 8-7129] Port dinb[39] in module xpm_memory_base__parameterized0 is either unconnected or has no load
INFO: [Synth 8-7129] Port dinb[38] in module xpm_memory_base__parameterized0 is either unconnected or has no load
INFO: [Synth 8-7129] Port dinb[37] in module xpm_memory_base__parameterized0 is either unconnected or has no load
INFO: [Synth 8-7129] Port dinb[36] in module xpm_memory_base__parameterized0 is either unconnected or has no load
INFO: [Synth 8-7129] Port dinb[35] in module xpm_memory_base__parameterized0 is either unconnected or has no load
INFO: [Synth 8-7129] Port dinb[34] in module xpm_memory_base__parameterized0 is either unconnected or has no load
INFO: [Synth 8-7129] Port dinb[33] in module xpm_memory_base__parameterized0 is either unconnected or has no load
INFO: [Synth 8-7129] Port dinb[32] in module xpm_memory_base__parameterized0 is either unconnected or has no load
INFO: [Synth 8-7129] Port dinb[31] in module xpm_memory_base__parameterized0 is either unconnected or has no load
INFO: [Synth 8-7129] Port dinb[30] in module xpm_memory_base__parameterized0 is either unconnected or has no load
INFO: [Synth 8-7129] Port dinb[29] in module xpm_memory_base__parameterized0 is either unconnected or has no load
INFO: [Synth 8-7129] Port dinb[28] in module xpm_memory_base__parameterized0 is either unconnected or has no load
INFO: [Synth 8-7129] Port dinb[27] in module xpm_memory_base__parameterized0 is either unconnected or has no load
INFO: [Synth 8-7129] Port dinb[26] in module xpm_memory_base__parameterized0 is either unconnected or has no load
INFO: [Synth 8-7129] Port dinb[25] in module xpm_memory_base__parameterized0 is either unconnected or has no load
INFO: [Synth 8-7129] Port dinb[24] in module xpm_memory_base__parameterized0 is either unconnected or has no load
INFO: [Synth 8-7129] Port dinb[23] in module xpm_memory_base__parameterized0 is either unconnected or has no load
INFO: [Synth 8-7129] Port dinb[22] in module xpm_memory_base__parameterized0 is either unconnected or has no load
INFO: [Synth 8-7129] Port dinb[21] in module xpm_memory_base__parameterized0 is either unconnected or has no load
INFO: [Synth 8-7129] Port dinb[20] in module xpm_memory_base__parameterized0 is either unconnected or has no load
INFO: [Synth 8-7129] Port dinb[19] in module xpm_memory_base__parameterized0 is either unconnected or has no load
INFO: [Synth 8-7129] Port dinb[18] in module xpm_memory_base__parameterized0 is either unconnected or has no load
INFO: [Synth 8-7129] Port dinb[17] in module xpm_memory_base__parameterized0 is either unconnected or has no load
INFO: [Synth 8-7129] Port dinb[16] in module xpm_memory_base__parameterized0 is either unconnected or has no load
INFO: [Synth 8-7129] Port dinb[15] in module xpm_memory_base__parameterized0 is either unconnected or has no load
INFO: [Synth 8-7129] Port dinb[14] in module xpm_memory_base__parameterized0 is either unconnected or has no load
INFO: [Synth 8-7129] Port dinb[13] in module xpm_memory_base__parameterized0 is either unconnected or has no load
INFO: [Common 17-14] Message 'Synth 8-7129' appears 100 times and further instances of the messages will be disabled. Use the Tcl command set_msg_config to change the current settings.
---------------------------------------------------------------------------------
Finished RTL Elaboration : Time (s): cpu = 00:00:12 ; elapsed = 00:00:13 . Memory (MB): peak = 2517.633 ; gain = 683.414 ; free physical = 820 ; free virtual = 2363
---------------------------------------------------------------------------------
---------------------------------------------------------------------------------
Start Handling Custom Attributes
---------------------------------------------------------------------------------
---------------------------------------------------------------------------------
Finished Handling Custom Attributes : Time (s): cpu = 00:00:12 ; elapsed = 00:00:13 . Memory (MB): peak = 2517.633 ; gain = 683.414 ; free physical = 808 ; free virtual = 2358
---------------------------------------------------------------------------------
---------------------------------------------------------------------------------
Finished RTL Optimization Phase 1 : Time (s): cpu = 00:00:12 ; elapsed = 00:00:13 . Memory (MB): peak = 2517.633 ; gain = 683.414 ; free physical = 807 ; free virtual = 2357
---------------------------------------------------------------------------------
Netlist sorting complete. Time (s): cpu = 00:00:00.89 ; elapsed = 00:00:00.89 . Memory (MB): peak = 2517.633 ; gain = 0.000 ; free physical = 412 ; free virtual = 2063
INFO: [Netlist 29-17] Analyzing 1 Unisim elements for replacement
INFO: [Netlist 29-28] Unisim Transformation completed in 0 CPU seconds
INFO: [Project 1-570] Preparing netlist for logic optimization

Processing XDC Constraints
Initializing timing engine
Parsing XDC File [/home/oldak/Binary-CNN-Accelerator/vivado_project/vivado_project.gen/sources_1/bd/cnn_accel/ip/cnn_accel_axi_smc_1_0/ooc.xdc] for cell 'inst'
Finished Parsing XDC File [/home/oldak/Binary-CNN-Accelerator/vivado_project/vivado_project.gen/sources_1/bd/cnn_accel/ip/cnn_accel_axi_smc_1_0/ooc.xdc] for cell 'inst'
Parsing XDC File [/home/oldak/Binary-CNN-Accelerator/vivado_project/vivado_project.gen/sources_1/bd/cnn_accel/ip/cnn_accel_axi_smc_1_0/bd_0/ip/ip_1/bd_0975_psr_aclk_0_board.xdc] for cell 'inst/clk_map/psr_aclk/U0'
Finished Parsing XDC File [/home/oldak/Binary-CNN-Accelerator/vivado_project/vivado_project.gen/sources_1/bd/cnn_accel/ip/cnn_accel_axi_smc_1_0/bd_0/ip/ip_1/bd_0975_psr_aclk_0_board.xdc] for cell 'inst/clk_map/psr_aclk/U0'
Parsing XDC File [/home/oldak/Binary-CNN-Accelerator/vivado_project/vivado_project.gen/sources_1/bd/cnn_accel/ip/cnn_accel_axi_smc_1_0/smartconnect.xdc] for cell 'inst'
Finished Parsing XDC File [/home/oldak/Binary-CNN-Accelerator/vivado_project/vivado_project.gen/sources_1/bd/cnn_accel/ip/cnn_accel_axi_smc_1_0/smartconnect.xdc] for cell 'inst'
Parsing XDC File [/home/oldak/Binary-CNN-Accelerator/vivado_project/vivado_project.runs/cnn_accel_axi_smc_1_0_synth_1/dont_touch.xdc]
Finished Parsing XDC File [/home/oldak/Binary-CNN-Accelerator/vivado_project/vivado_project.runs/cnn_accel_axi_smc_1_0_synth_1/dont_touch.xdc]
INFO: [Project 1-236] Implementation specific constraints were found while reading constraint file [/home/oldak/chonky-boi/2025.2/data/ip/xpm/xpm_cdc/tcl/xpm_cdc_single.tcl]. These constraints will be ignored for synthesis but will be used in implementation. Impacted constraints are listed in the file [.Xil/cnn_accel_axi_smc_1_0_propImpl.xdc].
Resolution: To avoid this warning, move constraints listed in [.Xil/cnn_accel_axi_smc_1_0_propImpl.xdc] to another XDC file and exclude this new file from synthesis with the used_in_synthesis property (File Properties dialog in GUI) and re-run elaboration/synthesis.
INFO: [Project 1-236] Implementation specific constraints were found while reading constraint file [/home/oldak/chonky-boi/2025.2/data/ip/xpm/xpm_memory/tcl/xpm_memory_xdc.tcl]. These constraints will be ignored for synthesis but will be used in implementation. Impacted constraints are listed in the file [.Xil/cnn_accel_axi_smc_1_0_propImpl.xdc].
Resolution: To avoid this warning, move constraints listed in [.Xil/cnn_accel_axi_smc_1_0_propImpl.xdc] to another XDC file and exclude this new file from synthesis with the used_in_synthesis property (File Properties dialog in GUI) and re-run elaboration/synthesis.
INFO: [Project 1-1714] 12 XPM XDC files have been applied to the design.
Completed Processing XDC Constraints

Netlist sorting complete. Time (s): cpu = 00:00:00 ; elapsed = 00:00:00 . Memory (MB): peak = 2680.309 ; gain = 0.000 ; free physical = 343 ; free virtual = 2023
INFO: [Project 1-111] Unisim Transformation Summary:
  A total of 1 instances were transformed.
  SRL16 => SRL16E: 1 instance 

Constraint Validation Runtime : Time (s): cpu = 00:00:00.12 ; elapsed = 00:00:00.09 . Memory (MB): peak = 2680.344 ; gain = 0.000 ; free physical = 339 ; free virtual = 2019
INFO: [Designutils 20-5008] Incremental synthesis strategy off
---------------------------------------------------------------------------------
Finished Constraint Validation : Time (s): cpu = 00:00:30 ; elapsed = 00:00:30 . Memory (MB): peak = 2680.344 ; gain = 846.125 ; free physical = 206 ; free virtual = 1743
---------------------------------------------------------------------------------
---------------------------------------------------------------------------------
Start Loading Part and Timing Information
---------------------------------------------------------------------------------
Loading part: xc7z020clg400-1
---------------------------------------------------------------------------------
Finished Loading Part and Timing Information : Time (s): cpu = 00:00:30 ; elapsed = 00:00:30 . Memory (MB): peak = 2688.312 ; gain = 854.094 ; free physical = 206 ; free virtual = 1742
---------------------------------------------------------------------------------
---------------------------------------------------------------------------------
Start Applying 'set_property' XDC Constraints
---------------------------------------------------------------------------------
---------------------------------------------------------------------------------
Finished applying 'set_property' XDC Constraints : Time (s): cpu = 00:00:30 ; elapsed = 00:00:30 . Memory (MB): peak = 2688.312 ; gain = 854.094 ; free physical = 203 ; free virtual = 1740
---------------------------------------------------------------------------------
INFO: [Synth 8-4490] FSM extraction disabled for register 'gen_pipelined.state_reg' through user attribute
INFO: [Synth 8-4490] FSM extraction disabled for register 'gen_pipelined.state_reg' through user attribute
INFO: [Synth 8-4490] FSM extraction disabled for register 'gen_pipelined.state_reg' through user attribute
INFO: [Synth 8-4490] FSM extraction disabled for register 'gen_pipelined.state_reg' through user attribute
INFO: [Synth 8-4490] FSM extraction disabled for register 'gen_pipelined.state_reg' through user attribute
INFO: [Synth 8-4490] FSM extraction disabled for register 'gen_pipelined.state_reg' through user attribute
INFO: [Synth 8-4490] FSM extraction disabled for register 'gen_pipelined.state_reg' through user attribute
INFO: [Synth 8-4490] FSM extraction disabled for register 'gen_pipelined.state_reg' through user attribute
INFO: [Synth 8-4490] FSM extraction disabled for register 'gen_pipelined.state_reg' through user attribute
INFO: [Synth 8-4490] FSM extraction disabled for register 'gen_pipelined.state_reg' through user attribute
INFO: [Synth 8-802] inferred FSM for state register 'gen_axi.gen_write.write_cs_reg' in module 'sc_mmu_v1_0_16_decerr_slave'
INFO: [Synth 8-802] inferred FSM for state register 'gen_endpoint.w_state_reg' in module 'sc_mmu_v1_0_16_top'
INFO: [Synth 8-4490] FSM extraction disabled for register 'gen_pipelined.state_reg' through user attribute
INFO: [Synth 8-4490] FSM extraction disabled for register 'gen_pipelined.state_reg' through user attribute
---------------------------------------------------------------------------------------------------
                   State |                     New Encoding |                Previous Encoding 
---------------------------------------------------------------------------------------------------
            P_WRITE_IDLE |                              001 |                               00
            P_WRITE_DATA |                              010 |                               01
            P_WRITE_RESP |                              100 |                               10
---------------------------------------------------------------------------------------------------
INFO: [Synth 8-3354] encoded FSM with state register 'gen_axi.gen_write.write_cs_reg' using encoding 'one-hot' in module 'sc_mmu_v1_0_16_decerr_slave'
---------------------------------------------------------------------------------------------------
                   State |                     New Encoding |                Previous Encoding 
---------------------------------------------------------------------------------------------------
                  iSTATE |                               00 | 00000000000000000000000000000000
*
                 W_STALL |                               01 | 00000000000000000000000000000001
               W_PENDING |                               10 | 00000000000000000000000000000010
                W_DECERR |                               11 | 00000000000000000000000000000011
---------------------------------------------------------------------------------------------------
INFO: [Synth 8-3354] encoded FSM with state register 'gen_endpoint.w_state_reg' using encoding 'sequential' in module 'sc_mmu_v1_0_16_top'
---------------------------------------------------------------------------------
Finished RTL Optimization Phase 2 : Time (s): cpu = 00:00:32 ; elapsed = 00:00:32 . Memory (MB): peak = 2688.312 ; gain = 854.094 ; free physical = 166 ; free virtual = 1643
---------------------------------------------------------------------------------
---------------------------------------------------------------------------------
Start RTL Component Statistics 
---------------------------------------------------------------------------------
---------------------------------------------------------------------------------
Finished RTL Component Statistics 
---------------------------------------------------------------------------------
---------------------------------------------------------------------------------
Start Part Resource Summary
---------------------------------------------------------------------------------
Part Resources:
DSPs: 220 (col length:60)
BRAMs: 280 (col length: RAMB18 60 RAMB36 30)
---------------------------------------------------------------------------------
Finished Part Resource Summary
---------------------------------------------------------------------------------
---------------------------------------------------------------------------------
Start Cross Boundary and Area Optimization
---------------------------------------------------------------------------------
WARNING: [Synth 8-3332] Sequential element (clk_map/psr_aclk/U0/FDRE_inst) is unused and will be removed from module bd_0975.
WARNING: [Synth 8-3332] Sequential element (clk_map/psr_aclk/U0/BSR_OUT_DFF[0].FDRE_BSR) is unused and will be removed from module bd_0975.
WARNING: [Synth 8-3332] Sequential element (clk_map/psr_aclk/U0/PR_OUT_DFF[0].FDRE_PER) is unused and will be removed from module bd_0975.
WARNING: [Synth 8-3332] Sequential element (clk_map/psr_aclk/U0/ACTIVE_LOW_PR_OUT_DFF[0].FDRE_PER_N) is unused and will be removed from module bd_0975.
INFO: [Synth 8-3332] Sequential element (gen_endpoint.decerr_slave_inst/FSM_onehot_gen_axi.gen_write.write_cs_reg[2]) is unused and will be removed from module sc_mmu_v1_0_16_top.
INFO: [Synth 8-3332] Sequential element (gen_endpoint.decerr_slave_inst/FSM_onehot_gen_axi.gen_write.write_cs_reg[1]) is unused and will be removed from module sc_mmu_v1_0_16_top.
INFO: [Synth 8-3332] Sequential element (gen_endpoint.decerr_slave_inst/FSM_onehot_gen_axi.gen_write.write_cs_reg[0]) is unused and will be removed from module sc_mmu_v1_0_16_top.
INFO: [Synth 8-3332] Sequential element (FSM_sequential_gen_endpoint.w_state_reg[1]) is unused and will be removed from module sc_mmu_v1_0_16_top.
INFO: [Synth 8-3332] Sequential element (FSM_sequential_gen_endpoint.w_state_reg[0]) is unused and will be removed from module sc_mmu_v1_0_16_top.
---------------------------------------------------------------------------------
Finished Cross Boundary and Area Optimization : Time (s): cpu = 00:00:43 ; elapsed = 00:00:44 . Memory (MB): peak = 2688.312 ; gain = 854.094 ; free physical = 1727 ; free virtual = 3284
---------------------------------------------------------------------------------
---------------------------------------------------------------------------------
Start Applying XDC Timing Constraints
---------------------------------------------------------------------------------
---------------------------------------------------------------------------------
Finished Applying XDC Timing Constraints : Time (s): cpu = 00:00:48 ; elapsed = 00:00:49 . Memory (MB): peak = 2688.312 ; gain = 854.094 ; free physical = 1605 ; free virtual = 3209
---------------------------------------------------------------------------------
---------------------------------------------------------------------------------
Start Timing Optimization
---------------------------------------------------------------------------------
---------------------------------------------------------------------------------
Finished Timing Optimization : Time (s): cpu = 00:00:49 ; elapsed = 00:00:50 . Memory (MB): peak = 2696.320 ; gain = 862.102 ; free physical = 1571 ; free virtual = 3175
---------------------------------------------------------------------------------
---------------------------------------------------------------------------------
Start Technology Mapping
---------------------------------------------------------------------------------
---------------------------------------------------------------------------------
Finished Technology Mapping : Time (s): cpu = 00:00:50 ; elapsed = 00:00:51 . Memory (MB): peak = 2704.328 ; gain = 870.109 ; free physical = 1562 ; free virtual = 3167
---------------------------------------------------------------------------------
---------------------------------------------------------------------------------
Start IO Insertion
---------------------------------------------------------------------------------
---------------------------------------------------------------------------------
Start Flattening Before IO Insertion
---------------------------------------------------------------------------------
---------------------------------------------------------------------------------
Finished Flattening Before IO Insertion
---------------------------------------------------------------------------------
---------------------------------------------------------------------------------
Start Final Netlist Cleanup
---------------------------------------------------------------------------------
---------------------------------------------------------------------------------
Finished Final Netlist Cleanup
---------------------------------------------------------------------------------
---------------------------------------------------------------------------------
Finished IO Insertion : Time (s): cpu = 00:00:54 ; elapsed = 00:00:55 . Memory (MB): peak = 2856.141 ; gain = 1021.922 ; free physical = 1185 ; free virtual = 2802
---------------------------------------------------------------------------------
---------------------------------------------------------------------------------
Start Renaming Generated Instances
---------------------------------------------------------------------------------
---------------------------------------------------------------------------------
Finished Renaming Generated Instances : Time (s): cpu = 00:00:54 ; elapsed = 00:00:55 . Memory (MB): peak = 2856.141 ; gain = 1021.922 ; free physical = 1185 ; free virtual = 2802
---------------------------------------------------------------------------------
---------------------------------------------------------------------------------
Start Rebuilding User Hierarchy
---------------------------------------------------------------------------------
---------------------------------------------------------------------------------
Finished Rebuilding User Hierarchy : Time (s): cpu = 00:00:54 ; elapsed = 00:00:55 . Memory (MB): peak = 2856.141 ; gain = 1021.922 ; free physical = 1182 ; free virtual = 2800
---------------------------------------------------------------------------------
---------------------------------------------------------------------------------
Start Renaming Generated Ports
---------------------------------------------------------------------------------
---------------------------------------------------------------------------------
Finished Renaming Generated Ports : Time (s): cpu = 00:00:54 ; elapsed = 00:00:55 . Memory (MB): peak = 2856.141 ; gain = 1021.922 ; free physical = 1182 ; free virtual = 2800
---------------------------------------------------------------------------------
---------------------------------------------------------------------------------
Start Handling Custom Attributes
---------------------------------------------------------------------------------
---------------------------------------------------------------------------------
Finished Handling Custom Attributes : Time (s): cpu = 00:00:54 ; elapsed = 00:00:55 . Memory (MB): peak = 2856.141 ; gain = 1021.922 ; free physical = 1182 ; free virtual = 2800
---------------------------------------------------------------------------------
---------------------------------------------------------------------------------
Start Renaming Generated Nets
---------------------------------------------------------------------------------
---------------------------------------------------------------------------------
Finished Renaming Generated Nets : Time (s): cpu = 00:00:54 ; elapsed = 00:00:55 . Memory (MB): peak = 2856.141 ; gain = 1021.922 ; free physical = 1182 ; free virtual = 2800
---------------------------------------------------------------------------------
---------------------------------------------------------------------------------
Start Writing Synthesis Report
---------------------------------------------------------------------------------

Report BlackBoxes: 
+-+--------------+----------+
| |BlackBox name |Instances |
+-+--------------+----------+
+-+--------------+----------+

Report Cell Usage: 
+------+---------+------+
|      |Cell     |Count |
+------+---------+------+
|1     |CARRY4   |    16|
|2     |LUT1     |    36|
|3     |LUT2     |    29|
|4     |LUT3     |    95|
|5     |LUT4     |    50|
|6     |LUT5     |    49|
|7     |LUT6     |   145|
|8     |RAM32M   |    23|
|9     |RAM32X1D |     2|
|10    |SRL16    |     1|
|11    |SRL16E   |     5|
|12    |FDCE     |    24|
|13    |FDRE     |   347|
|14    |FDSE     |    22|
+------+---------+------+
---------------------------------------------------------------------------------
Finished Writing Synthesis Report : Time (s): cpu = 00:00:54 ; elapsed = 00:00:55 . Memory (MB): peak = 2856.141 ; gain = 1021.922 ; free physical = 1182 ; free virtual = 2800
---------------------------------------------------------------------------------
Synthesis finished with 0 errors, 0 critical warnings and 4 warnings.
Synthesis Optimization Runtime : Time (s): cpu = 00:00:44 ; elapsed = 00:00:46 . Memory (MB): peak = 2856.141 ; gain = 859.211 ; free physical = 1181 ; free virtual = 2800
Synthesis Optimization Complete : Time (s): cpu = 00:00:54 ; elapsed = 00:00:55 . Memory (MB): peak = 2856.148 ; gain = 1021.922 ; free physical = 1181 ; free virtual = 2800
INFO: [Project 1-571] Translating synthesized netlist
Netlist sorting complete. Time (s): cpu = 00:00:00.09 ; elapsed = 00:00:00.09 . Memory (MB): peak = 2856.148 ; gain = 0.000 ; free physical = 1294 ; free virtual = 2963
INFO: [Netlist 29-17] Analyzing 42 Unisim elements for replacement
INFO: [Netlist 29-28] Unisim Transformation completed in 0 CPU seconds
INFO: [Project 1-570] Preparing netlist for logic optimization
INFO: [Opt 31-138] Pushed 0 inverter(s) to 0 load pin(s).
Netlist sorting complete. Time (s): cpu = 00:00:00 ; elapsed = 00:00:00 . Memory (MB): peak = 2912.168 ; gain = 0.000 ; free physical = 1256 ; free virtual = 2941
INFO: [Project 1-111] Unisim Transformation Summary:
  A total of 26 instances were transformed.
  RAM32M => RAM32M (RAMD32(x6), RAMS32(x2)): 23 instances
  RAM32X1D => RAM32X1D (RAMD32(x2)): 2 instances
  SRL16 => SRL16E: 1 instance 

Synth Design complete | Checksum: f1985295
INFO: [Common 17-83] Releasing license: Synthesis
212 Infos, 12 Warnings, 0 Critical Warnings and 0 Errors encountered.
synth_design completed successfully
synth_design: Time (s): cpu = 00:01:05 ; elapsed = 00:01:01 . Memory (MB): peak = 2912.203 ; gain = 1287.406 ; free physical = 1241 ; free virtual = 2926
INFO: [Common 17-2834] synth_design peak Physical Memory [PSS] (MB): overall = 1757.375; main = 1757.375; forked = 185.316
INFO: [Common 17-2834] synth_design peak Virtual Memory [VSS] (MB): overall = 3698.352; main = 2912.172; forked = 994.020
Write ShapeDB Complete: Time (s): cpu = 00:00:00 ; elapsed = 00:00:00 . Memory (MB): peak = 2936.180 ; gain = 0.000 ; free physical = 1237 ; free virtual = 2922
INFO: [Common 17-1381] The checkpoint '/home/oldak/Binary-CNN-Accelerator/vivado_project/vivado_project.runs/cnn_accel_axi_smc_1_0_synth_1/cnn_accel_axi_smc_1_0.dcp' has been generated.
INFO: [Coretcl 2-1648] Added synthesis output to IP cache for IP cnn_accel_axi_smc_1_0, cache-ID = 877e55fd184b8abf
INFO: [Coretcl 2-1174] Renamed 65 cell refs.
Write ShapeDB Complete: Time (s): cpu = 00:00:00 ; elapsed = 00:00:00.01 . Memory (MB): peak = 2936.180 ; gain = 0.000 ; free physical = 1145 ; free virtual = 2838
INFO: [Common 17-1381] The checkpoint '/home/oldak/Binary-CNN-Accelerator/vivado_project/vivado_project.runs/cnn_accel_axi_smc_1_0_synth_1/cnn_accel_axi_smc_1_0.dcp' has been generated.
INFO: [Vivado 12-24828] Executing command : report_utilization -file cnn_accel_axi_smc_1_0_utilization_synth.rpt -pb cnn_accel_axi_smc_1_0_utilization_synth.pb
INFO: [Common 17-206] Exiting Vivado at Sat May  2 00:17:05 2026...
