Copyright 1986-2022 Xilinx, Inc. All Rights Reserved. Copyright 2022-2025 Advanced Micro Devices, Inc. All Rights Reserved.
---------------------------------------------------------------------------------------------------------------------------------------------
| Tool Version : Vivado v.2025.2 (lin64) Build 6299465 Fri Nov 14 12:34:56 MST 2025
| Date         : Sat May  2 00:32:57 2026
| Host         : oldak-ZenBook-UX325EA-UX325EA running 64-bit Ubuntu 22.04.5 LTS
| Command      : report_drc -file cnn_accel_wrapper_drc_opted.rpt -pb cnn_accel_wrapper_drc_opted.pb -rpx cnn_accel_wrapper_drc_opted.rpx
| Design       : cnn_accel_wrapper
| Device       : xc7z020clg400-1
| Speed File   : -1
| Design State : Synthesized
---------------------------------------------------------------------------------------------------------------------------------------------

Report DRC

Table of Contents
-----------------
1. REPORT SUMMARY
2. REPORT DETAILS

1. REPORT SUMMARY
-----------------
            Netlist: netlist
          Floorplan: checkpoint_cnn_accel_wrapper
      Design limits: <entire design considered>
           Ruledeck: default
             Max checks: <unlimited>
             Checks found: 84
+----------+----------+------------------------+--------+
| Rule     | Severity | Description            | Checks |
+----------+----------+------------------------+--------+
| DPIP-1   | Warning  | Input pipelining       | 1      |
| DPOP-1   | Warning  | PREG Output pipelining | 30     |
| DPOP-2   | Warning  | MREG Output pipelining | 49     |
| REQP-165 | Advisory | writefirst             | 2      |
| REQP-181 | Advisory | writefirst             | 2      |
+----------+----------+------------------------+--------+

2. REPORT DETAILS
-----------------
DPIP-1#1 Warning
Input pipelining  
DSP cnn_accel_i/kernel_0/inst/grp_conv2d_l3_fu_984/grp_conv2d_l3_Pipeline_L3_FH_L3_FW_fu_486/ama_addmuladd_5ns_3ns_5ns_9s_9_4_1_U296/kernel_ama_addmuladd_5ns_3ns_5ns_9s_9_4_1_DSP48_0_U/p_reg_reg input cnn_accel_i/kernel_0/inst/grp_conv2d_l3_fu_984/grp_conv2d_l3_Pipeline_L3_FH_L3_FW_fu_486/ama_addmuladd_5ns_3ns_5ns_9s_9_4_1_U296/kernel_ama_addmuladd_5ns_3ns_5ns_9s_9_4_1_DSP48_0_U/p_reg_reg/A[29:0] is not pipelined. Pipelining DSP48 input will improve performance.
Related violations: <none>

DPOP-1#1 Warning
PREG Output pipelining  
DSP cnn_accel_i/kernel_0/inst/grp_conv2d_l1_fu_1124/grp_conv2d_l1_Pipeline_INIT_KH_INIT_KW_fu_508/mul_64ns_66ns_129_3_1_U521/tmp_product__1 output cnn_accel_i/kernel_0/inst/grp_conv2d_l1_fu_1124/grp_conv2d_l1_Pipeline_INIT_KH_INIT_KW_fu_508/mul_64ns_66ns_129_3_1_U521/tmp_product__1/P[47:0] is not pipelined (PREG=0). Pipelining the DSP48 output will improve performance and often saves power so it is suggested whenever possible to fully pipeline this function.  If this DSP48 function was inferred, it is suggested to describe an additional register stage after this function.  If the DSP48 was instantiated in the design, it is suggested to set the PREG attribute to 1.
Related violations: <none>

DPOP-1#2 Warning
PREG Output pipelining  
DSP cnn_accel_i/kernel_0/inst/grp_conv2d_l1_fu_1124/grp_conv2d_l1_Pipeline_INIT_KH_INIT_KW_fu_508/mul_64ns_66ns_129_3_1_U521/tmp_product__4 output cnn_accel_i/kernel_0/inst/grp_conv2d_l1_fu_1124/grp_conv2d_l1_Pipeline_INIT_KH_INIT_KW_fu_508/mul_64ns_66ns_129_3_1_U521/tmp_product__4/P[47:0] is not pipelined (PREG=0). Pipelining the DSP48 output will improve performance and often saves power so it is suggested whenever possible to fully pipeline this function.  If this DSP48 function was inferred, it is suggested to describe an additional register stage after this function.  If the DSP48 was instantiated in the design, it is suggested to set the PREG attribute to 1.
Related violations: <none>

DPOP-1#3 Warning
PREG Output pipelining  
DSP cnn_accel_i/kernel_0/inst/grp_conv2d_l1_fu_1124/grp_conv2d_l1_Pipeline_INIT_KH_INIT_KW_fu_508/mul_64ns_66ns_129_3_1_U521/tmp_product__8 output cnn_accel_i/kernel_0/inst/grp_conv2d_l1_fu_1124/grp_conv2d_l1_Pipeline_INIT_KH_INIT_KW_fu_508/mul_64ns_66ns_129_3_1_U521/tmp_product__8/P[47:0] is not pipelined (PREG=0). Pipelining the DSP48 output will improve performance and often saves power so it is suggested whenever possible to fully pipeline this function.  If this DSP48 function was inferred, it is suggested to describe an additional register stage after this function.  If the DSP48 was instantiated in the design, it is suggested to set the PREG attribute to 1.
Related violations: <none>

DPOP-1#4 Warning
PREG Output pipelining  
DSP cnn_accel_i/kernel_0/inst/grp_conv2d_l1_fu_1124/mul_32ns_34ns_65_1_1_U596/tmp_product output cnn_accel_i/kernel_0/inst/grp_conv2d_l1_fu_1124/mul_32ns_34ns_65_1_1_U596/tmp_product/P[47:0] is not pipelined (PREG=0). Pipelining the DSP48 output will improve performance and often saves power so it is suggested whenever possible to fully pipeline this function.  If this DSP48 function was inferred, it is suggested to describe an additional register stage after this function.  If the DSP48 was instantiated in the design, it is suggested to set the PREG attribute to 1.
Related violations: <none>

DPOP-1#5 Warning
PREG Output pipelining  
DSP cnn_accel_i/kernel_0/inst/grp_conv2d_l1_fu_1124/mul_32ns_34ns_65_1_1_U596/tmp_product__0 output cnn_accel_i/kernel_0/inst/grp_conv2d_l1_fu_1124/mul_32ns_34ns_65_1_1_U596/tmp_product__0/P[47:0] is not pipelined (PREG=0). Pipelining the DSP48 output will improve performance and often saves power so it is suggested whenever possible to fully pipeline this function.  If this DSP48 function was inferred, it is suggested to describe an additional register stage after this function.  If the DSP48 was instantiated in the design, it is suggested to set the PREG attribute to 1.
Related violations: <none>

DPOP-1#6 Warning
PREG Output pipelining  
DSP cnn_accel_i/kernel_0/inst/grp_conv2d_l1_fu_1124/mul_32ns_34ns_65_1_1_U596/tmp_product__1 output cnn_accel_i/kernel_0/inst/grp_conv2d_l1_fu_1124/mul_32ns_34ns_65_1_1_U596/tmp_product__1/P[47:0] is not pipelined (PREG=0). Pipelining the DSP48 output will improve performance and often saves power so it is suggested whenever possible to fully pipeline this function.  If this DSP48 function was inferred, it is suggested to describe an additional register stage after this function.  If the DSP48 was instantiated in the design, it is suggested to set the PREG attribute to 1.
Related violations: <none>

DPOP-1#7 Warning
PREG Output pipelining  
DSP cnn_accel_i/kernel_0/inst/grp_conv2d_l1_fu_1124/mul_32ns_34ns_65_1_1_U596/tmp_product__2 output cnn_accel_i/kernel_0/inst/grp_conv2d_l1_fu_1124/mul_32ns_34ns_65_1_1_U596/tmp_product__2/P[47:0] is not pipelined (PREG=0). Pipelining the DSP48 output will improve performance and often saves power so it is suggested whenever possible to fully pipeline this function.  If this DSP48 function was inferred, it is suggested to describe an additional register stage after this function.  If the DSP48 was instantiated in the design, it is suggested to set the PREG attribute to 1.
Related violations: <none>

DPOP-1#8 Warning
PREG Output pipelining  
DSP cnn_accel_i/kernel_0/inst/grp_conv2d_l2_fu_1054/mul_32ns_34ns_65_1_1_U455/tmp_product output cnn_accel_i/kernel_0/inst/grp_conv2d_l2_fu_1054/mul_32ns_34ns_65_1_1_U455/tmp_product/P[47:0] is not pipelined (PREG=0). Pipelining the DSP48 output will improve performance and often saves power so it is suggested whenever possible to fully pipeline this function.  If this DSP48 function was inferred, it is suggested to describe an additional register stage after this function.  If the DSP48 was instantiated in the design, it is suggested to set the PREG attribute to 1.
Related violations: <none>

DPOP-1#9 Warning
PREG Output pipelining  
DSP cnn_accel_i/kernel_0/inst/grp_conv2d_l2_fu_1054/mul_32ns_34ns_65_1_1_U455/tmp_product__0 output cnn_accel_i/kernel_0/inst/grp_conv2d_l2_fu_1054/mul_32ns_34ns_65_1_1_U455/tmp_product__0/P[47:0] is not pipelined (PREG=0). Pipelining the DSP48 output will improve performance and often saves power so it is suggested whenever possible to fully pipeline this function.  If this DSP48 function was inferred, it is suggested to describe an additional register stage after this function.  If the DSP48 was instantiated in the design, it is suggested to set the PREG attribute to 1.
Related violations: <none>

DPOP-1#10 Warning
PREG Output pipelining  
DSP cnn_accel_i/kernel_0/inst/grp_conv2d_l2_fu_1054/mul_32ns_34ns_65_1_1_U455/tmp_product__1 output cnn_accel_i/kernel_0/inst/grp_conv2d_l2_fu_1054/mul_32ns_34ns_65_1_1_U455/tmp_product__1/P[47:0] is not pipelined (PREG=0). Pipelining the DSP48 output will improve performance and often saves power so it is suggested whenever possible to fully pipeline this function.  If this DSP48 function was inferred, it is suggested to describe an additional register stage after this function.  If the DSP48 was instantiated in the design, it is suggested to set the PREG attribute to 1.
Related violations: <none>

DPOP-1#11 Warning
PREG Output pipelining  
DSP cnn_accel_i/kernel_0/inst/grp_conv2d_l2_fu_1054/mul_32ns_34ns_65_1_1_U455/tmp_product__2 output cnn_accel_i/kernel_0/inst/grp_conv2d_l2_fu_1054/mul_32ns_34ns_65_1_1_U455/tmp_product__2/P[47:0] is not pipelined (PREG=0). Pipelining the DSP48 output will improve performance and often saves power so it is suggested whenever possible to fully pipeline this function.  If this DSP48 function was inferred, it is suggested to describe an additional register stage after this function.  If the DSP48 was instantiated in the design, it is suggested to set the PREG attribute to 1.
Related violations: <none>

DPOP-1#12 Warning
PREG Output pipelining  
DSP cnn_accel_i/kernel_0/inst/grp_conv2d_l2_fu_1054/mul_64ns_66ns_129_3_1_U456/tmp_product__1 output cnn_accel_i/kernel_0/inst/grp_conv2d_l2_fu_1054/mul_64ns_66ns_129_3_1_U456/tmp_product__1/P[47:0] is not pipelined (PREG=0). Pipelining the DSP48 output will improve performance and often saves power so it is suggested whenever possible to fully pipeline this function.  If this DSP48 function was inferred, it is suggested to describe an additional register stage after this function.  If the DSP48 was instantiated in the design, it is suggested to set the PREG attribute to 1.
Related violations: <none>

DPOP-1#13 Warning
PREG Output pipelining  
DSP cnn_accel_i/kernel_0/inst/grp_conv2d_l2_fu_1054/mul_64ns_66ns_129_3_1_U456/tmp_product__4 output cnn_accel_i/kernel_0/inst/grp_conv2d_l2_fu_1054/mul_64ns_66ns_129_3_1_U456/tmp_product__4/P[47:0] is not pipelined (PREG=0). Pipelining the DSP48 output will improve performance and often saves power so it is suggested whenever possible to fully pipeline this function.  If this DSP48 function was inferred, it is suggested to describe an additional register stage after this function.  If the DSP48 was instantiated in the design, it is suggested to set the PREG attribute to 1.
Related violations: <none>

DPOP-1#14 Warning
PREG Output pipelining  
DSP cnn_accel_i/kernel_0/inst/grp_conv2d_l2_fu_1054/mul_64ns_66ns_129_3_1_U456/tmp_product__8 output cnn_accel_i/kernel_0/inst/grp_conv2d_l2_fu_1054/mul_64ns_66ns_129_3_1_U456/tmp_product__8/P[47:0] is not pipelined (PREG=0). Pipelining the DSP48 output will improve performance and often saves power so it is suggested whenever possible to fully pipeline this function.  If this DSP48 function was inferred, it is suggested to describe an additional register stage after this function.  If the DSP48 was instantiated in the design, it is suggested to set the PREG attribute to 1.
Related violations: <none>

DPOP-1#15 Warning
PREG Output pipelining  
DSP cnn_accel_i/kernel_0/inst/grp_conv2d_l3_fu_984/mul_32ns_34ns_65_1_1_U317/tmp_product output cnn_accel_i/kernel_0/inst/grp_conv2d_l3_fu_984/mul_32ns_34ns_65_1_1_U317/tmp_product/P[47:0] is not pipelined (PREG=0). Pipelining the DSP48 output will improve performance and often saves power so it is suggested whenever possible to fully pipeline this function.  If this DSP48 function was inferred, it is suggested to describe an additional register stage after this function.  If the DSP48 was instantiated in the design, it is suggested to set the PREG attribute to 1.
Related violations: <none>

DPOP-1#16 Warning
PREG Output pipelining  
DSP cnn_accel_i/kernel_0/inst/grp_conv2d_l3_fu_984/mul_32ns_34ns_65_1_1_U317/tmp_product__0 output cnn_accel_i/kernel_0/inst/grp_conv2d_l3_fu_984/mul_32ns_34ns_65_1_1_U317/tmp_product__0/P[47:0] is not pipelined (PREG=0). Pipelining the DSP48 output will improve performance and often saves power so it is suggested whenever possible to fully pipeline this function.  If this DSP48 function was inferred, it is suggested to describe an additional register stage after this function.  If the DSP48 was instantiated in the design, it is suggested to set the PREG attribute to 1.
Related violations: <none>

DPOP-1#17 Warning
PREG Output pipelining  
DSP cnn_accel_i/kernel_0/inst/grp_conv2d_l3_fu_984/mul_32ns_34ns_65_1_1_U317/tmp_product__1 output cnn_accel_i/kernel_0/inst/grp_conv2d_l3_fu_984/mul_32ns_34ns_65_1_1_U317/tmp_product__1/P[47:0] is not pipelined (PREG=0). Pipelining the DSP48 output will improve performance and often saves power so it is suggested whenever possible to fully pipeline this function.  If this DSP48 function was inferred, it is suggested to describe an additional register stage after this function.  If the DSP48 was instantiated in the design, it is suggested to set the PREG attribute to 1.
Related violations: <none>

DPOP-1#18 Warning
PREG Output pipelining  
DSP cnn_accel_i/kernel_0/inst/grp_conv2d_l3_fu_984/mul_32ns_34ns_65_1_1_U317/tmp_product__2 output cnn_accel_i/kernel_0/inst/grp_conv2d_l3_fu_984/mul_32ns_34ns_65_1_1_U317/tmp_product__2/P[47:0] is not pipelined (PREG=0). Pipelining the DSP48 output will improve performance and often saves power so it is suggested whenever possible to fully pipeline this function.  If this DSP48 function was inferred, it is suggested to describe an additional register stage after this function.  If the DSP48 was instantiated in the design, it is suggested to set the PREG attribute to 1.
Related violations: <none>

DPOP-1#19 Warning
PREG Output pipelining  
DSP cnn_accel_i/kernel_0/inst/grp_conv2d_l3_fu_984/mul_64ns_66ns_129_3_1_U318/tmp_product__1 output cnn_accel_i/kernel_0/inst/grp_conv2d_l3_fu_984/mul_64ns_66ns_129_3_1_U318/tmp_product__1/P[47:0] is not pipelined (PREG=0). Pipelining the DSP48 output will improve performance and often saves power so it is suggested whenever possible to fully pipeline this function.  If this DSP48 function was inferred, it is suggested to describe an additional register stage after this function.  If the DSP48 was instantiated in the design, it is suggested to set the PREG attribute to 1.
Related violations: <none>

DPOP-1#20 Warning
PREG Output pipelining  
DSP cnn_accel_i/kernel_0/inst/grp_conv2d_l3_fu_984/mul_64ns_66ns_129_3_1_U318/tmp_product__4 output cnn_accel_i/kernel_0/inst/grp_conv2d_l3_fu_984/mul_64ns_66ns_129_3_1_U318/tmp_product__4/P[47:0] is not pipelined (PREG=0). Pipelining the DSP48 output will improve performance and often saves power so it is suggested whenever possible to fully pipeline this function.  If this DSP48 function was inferred, it is suggested to describe an additional register stage after this function.  If the DSP48 was instantiated in the design, it is suggested to set the PREG attribute to 1.
Related violations: <none>

DPOP-1#21 Warning
PREG Output pipelining  
DSP cnn_accel_i/kernel_0/inst/grp_conv2d_l3_fu_984/mul_64ns_66ns_129_3_1_U318/tmp_product__8 output cnn_accel_i/kernel_0/inst/grp_conv2d_l3_fu_984/mul_64ns_66ns_129_3_1_U318/tmp_product__8/P[47:0] is not pipelined (PREG=0). Pipelining the DSP48 output will improve performance and often saves power so it is suggested whenever possible to fully pipeline this function.  If this DSP48 function was inferred, it is suggested to describe an additional register stage after this function.  If the DSP48 was instantiated in the design, it is suggested to set the PREG attribute to 1.
Related violations: <none>

DPOP-1#22 Warning
PREG Output pipelining  
DSP cnn_accel_i/kernel_0/inst/grp_conv2d_l4_fu_914/mul_32ns_34ns_65_1_1_U174/tmp_product output cnn_accel_i/kernel_0/inst/grp_conv2d_l4_fu_914/mul_32ns_34ns_65_1_1_U174/tmp_product/P[47:0] is not pipelined (PREG=0). Pipelining the DSP48 output will improve performance and often saves power so it is suggested whenever possible to fully pipeline this function.  If this DSP48 function was inferred, it is suggested to describe an additional register stage after this function.  If the DSP48 was instantiated in the design, it is suggested to set the PREG attribute to 1.
Related violations: <none>

DPOP-1#23 Warning
PREG Output pipelining  
DSP cnn_accel_i/kernel_0/inst/grp_conv2d_l4_fu_914/mul_32ns_34ns_65_1_1_U174/tmp_product__0 output cnn_accel_i/kernel_0/inst/grp_conv2d_l4_fu_914/mul_32ns_34ns_65_1_1_U174/tmp_product__0/P[47:0] is not pipelined (PREG=0). Pipelining the DSP48 output will improve performance and often saves power so it is suggested whenever possible to fully pipeline this function.  If this DSP48 function was inferred, it is suggested to describe an additional register stage after this function.  If the DSP48 was instantiated in the design, it is suggested to set the PREG attribute to 1.
Related violations: <none>

DPOP-1#24 Warning
PREG Output pipelining  
DSP cnn_accel_i/kernel_0/inst/grp_conv2d_l4_fu_914/mul_32ns_34ns_65_1_1_U174/tmp_product__1 output cnn_accel_i/kernel_0/inst/grp_conv2d_l4_fu_914/mul_32ns_34ns_65_1_1_U174/tmp_product__1/P[47:0] is not pipelined (PREG=0). Pipelining the DSP48 output will improve performance and often saves power so it is suggested whenever possible to fully pipeline this function.  If this DSP48 function was inferred, it is suggested to describe an additional register stage after this function.  If the DSP48 was instantiated in the design, it is suggested to set the PREG attribute to 1.
Related violations: <none>

DPOP-1#25 Warning
PREG Output pipelining  
DSP cnn_accel_i/kernel_0/inst/grp_conv2d_l4_fu_914/mul_32ns_34ns_65_1_1_U174/tmp_product__2 output cnn_accel_i/kernel_0/inst/grp_conv2d_l4_fu_914/mul_32ns_34ns_65_1_1_U174/tmp_product__2/P[47:0] is not pipelined (PREG=0). Pipelining the DSP48 output will improve performance and often saves power so it is suggested whenever possible to fully pipeline this function.  If this DSP48 function was inferred, it is suggested to describe an additional register stage after this function.  If the DSP48 was instantiated in the design, it is suggested to set the PREG attribute to 1.
Related violations: <none>

DPOP-1#26 Warning
PREG Output pipelining  
DSP cnn_accel_i/kernel_0/inst/grp_conv2d_l4_fu_914/mul_64ns_66ns_129_3_1_U175/tmp_product__1 output cnn_accel_i/kernel_0/inst/grp_conv2d_l4_fu_914/mul_64ns_66ns_129_3_1_U175/tmp_product__1/P[47:0] is not pipelined (PREG=0). Pipelining the DSP48 output will improve performance and often saves power so it is suggested whenever possible to fully pipeline this function.  If this DSP48 function was inferred, it is suggested to describe an additional register stage after this function.  If the DSP48 was instantiated in the design, it is suggested to set the PREG attribute to 1.
Related violations: <none>

DPOP-1#27 Warning
PREG Output pipelining  
DSP cnn_accel_i/kernel_0/inst/grp_conv2d_l4_fu_914/mul_64ns_66ns_129_3_1_U175/tmp_product__4 output cnn_accel_i/kernel_0/inst/grp_conv2d_l4_fu_914/mul_64ns_66ns_129_3_1_U175/tmp_product__4/P[47:0] is not pipelined (PREG=0). Pipelining the DSP48 output will improve performance and often saves power so it is suggested whenever possible to fully pipeline this function.  If this DSP48 function was inferred, it is suggested to describe an additional register stage after this function.  If the DSP48 was instantiated in the design, it is suggested to set the PREG attribute to 1.
Related violations: <none>

DPOP-1#28 Warning
PREG Output pipelining  
DSP cnn_accel_i/kernel_0/inst/grp_conv2d_l4_fu_914/mul_64ns_66ns_129_3_1_U175/tmp_product__8 output cnn_accel_i/kernel_0/inst/grp_conv2d_l4_fu_914/mul_64ns_66ns_129_3_1_U175/tmp_product__8/P[47:0] is not pipelined (PREG=0). Pipelining the DSP48 output will improve performance and often saves power so it is suggested whenever possible to fully pipeline this function.  If this DSP48 function was inferred, it is suggested to describe an additional register stage after this function.  If the DSP48 was instantiated in the design, it is suggested to set the PREG attribute to 1.
Related violations: <none>

DPOP-1#29 Warning
PREG Output pipelining  
DSP cnn_accel_i/kernel_0/inst/grp_kernel_Pipeline_MLP1_BITS_fu_865/mul_32ns_34ns_65_1_1_U41/tmp_product output cnn_accel_i/kernel_0/inst/grp_kernel_Pipeline_MLP1_BITS_fu_865/mul_32ns_34ns_65_1_1_U41/tmp_product/P[47:0] is not pipelined (PREG=0). Pipelining the DSP48 output will improve performance and often saves power so it is suggested whenever possible to fully pipeline this function.  If this DSP48 function was inferred, it is suggested to describe an additional register stage after this function.  If the DSP48 was instantiated in the design, it is suggested to set the PREG attribute to 1.
Related violations: <none>

DPOP-1#30 Warning
PREG Output pipelining  
DSP cnn_accel_i/kernel_0/inst/grp_kernel_Pipeline_MLP1_BITS_fu_865/mul_32ns_34ns_65_1_1_U41/tmp_product__0 output cnn_accel_i/kernel_0/inst/grp_kernel_Pipeline_MLP1_BITS_fu_865/mul_32ns_34ns_65_1_1_U41/tmp_product__0/P[47:0] is not pipelined (PREG=0). Pipelining the DSP48 output will improve performance and often saves power so it is suggested whenever possible to fully pipeline this function.  If this DSP48 function was inferred, it is suggested to describe an additional register stage after this function.  If the DSP48 was instantiated in the design, it is suggested to set the PREG attribute to 1.
Related violations: <none>

DPOP-2#1 Warning
MREG Output pipelining  
DSP cnn_accel_i/kernel_0/inst/grp_conv2d_l1_fu_1124/grp_conv2d_l1_Pipeline_INIT_KH_INIT_KW_fu_508/mul_64ns_66ns_129_3_1_U521/buff0_reg multiplier stage cnn_accel_i/kernel_0/inst/grp_conv2d_l1_fu_1124/grp_conv2d_l1_Pipeline_INIT_KH_INIT_KW_fu_508/mul_64ns_66ns_129_3_1_U521/buff0_reg/P[47:0] is not pipelined (MREG=0). Pipelining the multiplier function will improve performance and will save significant power so it is suggested whenever possible to fully pipeline this function.  If this multiplier was inferred, it is suggested to describe an additional register stage after this function.  If there is no registered adder/accumulator following the multiply function, two pipeline stages are suggested to allow both the MREG and PREG registers to be used.  If the DSP48 was instantiated in the design, it is suggested to set both the MREG and PREG attributes to 1 when performing multiply functions.
Related violations: <none>

DPOP-2#2 Warning
MREG Output pipelining  
DSP cnn_accel_i/kernel_0/inst/grp_conv2d_l1_fu_1124/grp_conv2d_l1_Pipeline_INIT_KH_INIT_KW_fu_508/mul_64ns_66ns_129_3_1_U521/buff0_reg__0 multiplier stage cnn_accel_i/kernel_0/inst/grp_conv2d_l1_fu_1124/grp_conv2d_l1_Pipeline_INIT_KH_INIT_KW_fu_508/mul_64ns_66ns_129_3_1_U521/buff0_reg__0/P[47:0] is not pipelined (MREG=0). Pipelining the multiplier function will improve performance and will save significant power so it is suggested whenever possible to fully pipeline this function.  If this multiplier was inferred, it is suggested to describe an additional register stage after this function.  If there is no registered adder/accumulator following the multiply function, two pipeline stages are suggested to allow both the MREG and PREG registers to be used.  If the DSP48 was instantiated in the design, it is suggested to set both the MREG and PREG attributes to 1 when performing multiply functions.
Related violations: <none>

DPOP-2#3 Warning
MREG Output pipelining  
DSP cnn_accel_i/kernel_0/inst/grp_conv2d_l1_fu_1124/grp_conv2d_l1_Pipeline_INIT_KH_INIT_KW_fu_508/mul_64ns_66ns_129_3_1_U521/buff0_reg__1 multiplier stage cnn_accel_i/kernel_0/inst/grp_conv2d_l1_fu_1124/grp_conv2d_l1_Pipeline_INIT_KH_INIT_KW_fu_508/mul_64ns_66ns_129_3_1_U521/buff0_reg__1/P[47:0] is not pipelined (MREG=0). Pipelining the multiplier function will improve performance and will save significant power so it is suggested whenever possible to fully pipeline this function.  If this multiplier was inferred, it is suggested to describe an additional register stage after this function.  If there is no registered adder/accumulator following the multiply function, two pipeline stages are suggested to allow both the MREG and PREG registers to be used.  If the DSP48 was instantiated in the design, it is suggested to set both the MREG and PREG attributes to 1 when performing multiply functions.
Related violations: <none>

DPOP-2#4 Warning
MREG Output pipelining  
DSP cnn_accel_i/kernel_0/inst/grp_conv2d_l1_fu_1124/grp_conv2d_l1_Pipeline_INIT_KH_INIT_KW_fu_508/mul_64ns_66ns_129_3_1_U521/tmp_product multiplier stage cnn_accel_i/kernel_0/inst/grp_conv2d_l1_fu_1124/grp_conv2d_l1_Pipeline_INIT_KH_INIT_KW_fu_508/mul_64ns_66ns_129_3_1_U521/tmp_product/P[47:0] is not pipelined (MREG=0). Pipelining the multiplier function will improve performance and will save significant power so it is suggested whenever possible to fully pipeline this function.  If this multiplier was inferred, it is suggested to describe an additional register stage after this function.  If there is no registered adder/accumulator following the multiply function, two pipeline stages are suggested to allow both the MREG and PREG registers to be used.  If the DSP48 was instantiated in the design, it is suggested to set both the MREG and PREG attributes to 1 when performing multiply functions.
Related violations: <none>

DPOP-2#5 Warning
MREG Output pipelining  
DSP cnn_accel_i/kernel_0/inst/grp_conv2d_l1_fu_1124/grp_conv2d_l1_Pipeline_INIT_KH_INIT_KW_fu_508/mul_64ns_66ns_129_3_1_U521/tmp_product__1 multiplier stage cnn_accel_i/kernel_0/inst/grp_conv2d_l1_fu_1124/grp_conv2d_l1_Pipeline_INIT_KH_INIT_KW_fu_508/mul_64ns_66ns_129_3_1_U521/tmp_product__1/P[47:0] is not pipelined (MREG=0). Pipelining the multiplier function will improve performance and will save significant power so it is suggested whenever possible to fully pipeline this function.  If this multiplier was inferred, it is suggested to describe an additional register stage after this function.  If there is no registered adder/accumulator following the multiply function, two pipeline stages are suggested to allow both the MREG and PREG registers to be used.  If the DSP48 was instantiated in the design, it is suggested to set both the MREG and PREG attributes to 1 when performing multiply functions.
Related violations: <none>

DPOP-2#6 Warning
MREG Output pipelining  
DSP cnn_accel_i/kernel_0/inst/grp_conv2d_l1_fu_1124/grp_conv2d_l1_Pipeline_INIT_KH_INIT_KW_fu_508/mul_64ns_66ns_129_3_1_U521/tmp_product__4 multiplier stage cnn_accel_i/kernel_0/inst/grp_conv2d_l1_fu_1124/grp_conv2d_l1_Pipeline_INIT_KH_INIT_KW_fu_508/mul_64ns_66ns_129_3_1_U521/tmp_product__4/P[47:0] is not pipelined (MREG=0). Pipelining the multiplier function will improve performance and will save significant power so it is suggested whenever possible to fully pipeline this function.  If this multiplier was inferred, it is suggested to describe an additional register stage after this function.  If there is no registered adder/accumulator following the multiply function, two pipeline stages are suggested to allow both the MREG and PREG registers to be used.  If the DSP48 was instantiated in the design, it is suggested to set both the MREG and PREG attributes to 1 when performing multiply functions.
Related violations: <none>

DPOP-2#7 Warning
MREG Output pipelining  
DSP cnn_accel_i/kernel_0/inst/grp_conv2d_l1_fu_1124/grp_conv2d_l1_Pipeline_INIT_KH_INIT_KW_fu_508/mul_64ns_66ns_129_3_1_U521/tmp_product__8 multiplier stage cnn_accel_i/kernel_0/inst/grp_conv2d_l1_fu_1124/grp_conv2d_l1_Pipeline_INIT_KH_INIT_KW_fu_508/mul_64ns_66ns_129_3_1_U521/tmp_product__8/P[47:0] is not pipelined (MREG=0). Pipelining the multiplier function will improve performance and will save significant power so it is suggested whenever possible to fully pipeline this function.  If this multiplier was inferred, it is suggested to describe an additional register stage after this function.  If there is no registered adder/accumulator following the multiply function, two pipeline stages are suggested to allow both the MREG and PREG registers to be used.  If the DSP48 was instantiated in the design, it is suggested to set both the MREG and PREG attributes to 1 when performing multiply functions.
Related violations: <none>

DPOP-2#8 Warning
MREG Output pipelining  
DSP cnn_accel_i/kernel_0/inst/grp_conv2d_l1_fu_1124/mul_32ns_34ns_65_1_1_U596/tmp_product multiplier stage cnn_accel_i/kernel_0/inst/grp_conv2d_l1_fu_1124/mul_32ns_34ns_65_1_1_U596/tmp_product/P[47:0] is not pipelined (MREG=0). Pipelining the multiplier function will improve performance and will save significant power so it is suggested whenever possible to fully pipeline this function.  If this multiplier was inferred, it is suggested to describe an additional register stage after this function.  If there is no registered adder/accumulator following the multiply function, two pipeline stages are suggested to allow both the MREG and PREG registers to be used.  If the DSP48 was instantiated in the design, it is suggested to set both the MREG and PREG attributes to 1 when performing multiply functions.
Related violations: <none>

DPOP-2#9 Warning
MREG Output pipelining  
DSP cnn_accel_i/kernel_0/inst/grp_conv2d_l1_fu_1124/mul_32ns_34ns_65_1_1_U596/tmp_product__0 multiplier stage cnn_accel_i/kernel_0/inst/grp_conv2d_l1_fu_1124/mul_32ns_34ns_65_1_1_U596/tmp_product__0/P[47:0] is not pipelined (MREG=0). Pipelining the multiplier function will improve performance and will save significant power so it is suggested whenever possible to fully pipeline this function.  If this multiplier was inferred, it is suggested to describe an additional register stage after this function.  If there is no registered adder/accumulator following the multiply function, two pipeline stages are suggested to allow both the MREG and PREG registers to be used.  If the DSP48 was instantiated in the design, it is suggested to set both the MREG and PREG attributes to 1 when performing multiply functions.
Related violations: <none>

DPOP-2#10 Warning
MREG Output pipelining  
DSP cnn_accel_i/kernel_0/inst/grp_conv2d_l1_fu_1124/mul_32ns_34ns_65_1_1_U596/tmp_product__1 multiplier stage cnn_accel_i/kernel_0/inst/grp_conv2d_l1_fu_1124/mul_32ns_34ns_65_1_1_U596/tmp_product__1/P[47:0] is not pipelined (MREG=0). Pipelining the multiplier function will improve performance and will save significant power so it is suggested whenever possible to fully pipeline this function.  If this multiplier was inferred, it is suggested to describe an additional register stage after this function.  If there is no registered adder/accumulator following the multiply function, two pipeline stages are suggested to allow both the MREG and PREG registers to be used.  If the DSP48 was instantiated in the design, it is suggested to set both the MREG and PREG attributes to 1 when performing multiply functions.
Related violations: <none>

DPOP-2#11 Warning
MREG Output pipelining  
DSP cnn_accel_i/kernel_0/inst/grp_conv2d_l1_fu_1124/mul_32ns_34ns_65_1_1_U596/tmp_product__2 multiplier stage cnn_accel_i/kernel_0/inst/grp_conv2d_l1_fu_1124/mul_32ns_34ns_65_1_1_U596/tmp_product__2/P[47:0] is not pipelined (MREG=0). Pipelining the multiplier function will improve performance and will save significant power so it is suggested whenever possible to fully pipeline this function.  If this multiplier was inferred, it is suggested to describe an additional register stage after this function.  If there is no registered adder/accumulator following the multiply function, two pipeline stages are suggested to allow both the MREG and PREG registers to be used.  If the DSP48 was instantiated in the design, it is suggested to set both the MREG and PREG attributes to 1 when performing multiply functions.
Related violations: <none>

DPOP-2#12 Warning
MREG Output pipelining  
DSP cnn_accel_i/kernel_0/inst/grp_conv2d_l2_fu_1054/mul_32ns_34ns_65_1_1_U455/tmp_product multiplier stage cnn_accel_i/kernel_0/inst/grp_conv2d_l2_fu_1054/mul_32ns_34ns_65_1_1_U455/tmp_product/P[47:0] is not pipelined (MREG=0). Pipelining the multiplier function will improve performance and will save significant power so it is suggested whenever possible to fully pipeline this function.  If this multiplier was inferred, it is suggested to describe an additional register stage after this function.  If there is no registered adder/accumulator following the multiply function, two pipeline stages are suggested to allow both the MREG and PREG registers to be used.  If the DSP48 was instantiated in the design, it is suggested to set both the MREG and PREG attributes to 1 when performing multiply functions.
Related violations: <none>

DPOP-2#13 Warning
MREG Output pipelining  
DSP cnn_accel_i/kernel_0/inst/grp_conv2d_l2_fu_1054/mul_32ns_34ns_65_1_1_U455/tmp_product__0 multiplier stage cnn_accel_i/kernel_0/inst/grp_conv2d_l2_fu_1054/mul_32ns_34ns_65_1_1_U455/tmp_product__0/P[47:0] is not pipelined (MREG=0). Pipelining the multiplier function will improve performance and will save significant power so it is suggested whenever possible to fully pipeline this function.  If this multiplier was inferred, it is suggested to describe an additional register stage after this function.  If there is no registered adder/accumulator following the multiply function, two pipeline stages are suggested to allow both the MREG and PREG registers to be used.  If the DSP48 was instantiated in the design, it is suggested to set both the MREG and PREG attributes to 1 when performing multiply functions.
Related violations: <none>

DPOP-2#14 Warning
MREG Output pipelining  
DSP cnn_accel_i/kernel_0/inst/grp_conv2d_l2_fu_1054/mul_32ns_34ns_65_1_1_U455/tmp_product__1 multiplier stage cnn_accel_i/kernel_0/inst/grp_conv2d_l2_fu_1054/mul_32ns_34ns_65_1_1_U455/tmp_product__1/P[47:0] is not pipelined (MREG=0). Pipelining the multiplier function will improve performance and will save significant power so it is suggested whenever possible to fully pipeline this function.  If this multiplier was inferred, it is suggested to describe an additional register stage after this function.  If there is no registered adder/accumulator following the multiply function, two pipeline stages are suggested to allow both the MREG and PREG registers to be used.  If the DSP48 was instantiated in the design, it is suggested to set both the MREG and PREG attributes to 1 when performing multiply functions.
Related violations: <none>

DPOP-2#15 Warning
MREG Output pipelining  
DSP cnn_accel_i/kernel_0/inst/grp_conv2d_l2_fu_1054/mul_32ns_34ns_65_1_1_U455/tmp_product__2 multiplier stage cnn_accel_i/kernel_0/inst/grp_conv2d_l2_fu_1054/mul_32ns_34ns_65_1_1_U455/tmp_product__2/P[47:0] is not pipelined (MREG=0). Pipelining the multiplier function will improve performance and will save significant power so it is suggested whenever possible to fully pipeline this function.  If this multiplier was inferred, it is suggested to describe an additional register stage after this function.  If there is no registered adder/accumulator following the multiply function, two pipeline stages are suggested to allow both the MREG and PREG registers to be used.  If the DSP48 was instantiated in the design, it is suggested to set both the MREG and PREG attributes to 1 when performing multiply functions.
Related violations: <none>

DPOP-2#16 Warning
MREG Output pipelining  
DSP cnn_accel_i/kernel_0/inst/grp_conv2d_l2_fu_1054/mul_64ns_66ns_129_3_1_U456/buff0_reg multiplier stage cnn_accel_i/kernel_0/inst/grp_conv2d_l2_fu_1054/mul_64ns_66ns_129_3_1_U456/buff0_reg/P[47:0] is not pipelined (MREG=0). Pipelining the multiplier function will improve performance and will save significant power so it is suggested whenever possible to fully pipeline this function.  If this multiplier was inferred, it is suggested to describe an additional register stage after this function.  If there is no registered adder/accumulator following the multiply function, two pipeline stages are suggested to allow both the MREG and PREG registers to be used.  If the DSP48 was instantiated in the design, it is suggested to set both the MREG and PREG attributes to 1 when performing multiply functions.
Related violations: <none>

DPOP-2#17 Warning
MREG Output pipelining  
DSP cnn_accel_i/kernel_0/inst/grp_conv2d_l2_fu_1054/mul_64ns_66ns_129_3_1_U456/buff0_reg__0 multiplier stage cnn_accel_i/kernel_0/inst/grp_conv2d_l2_fu_1054/mul_64ns_66ns_129_3_1_U456/buff0_reg__0/P[47:0] is not pipelined (MREG=0). Pipelining the multiplier function will improve performance and will save significant power so it is suggested whenever possible to fully pipeline this function.  If this multiplier was inferred, it is suggested to describe an additional register stage after this function.  If there is no registered adder/accumulator following the multiply function, two pipeline stages are suggested to allow both the MREG and PREG registers to be used.  If the DSP48 was instantiated in the design, it is suggested to set both the MREG and PREG attributes to 1 when performing multiply functions.
Related violations: <none>

DPOP-2#18 Warning
MREG Output pipelining  
DSP cnn_accel_i/kernel_0/inst/grp_conv2d_l2_fu_1054/mul_64ns_66ns_129_3_1_U456/buff0_reg__1 multiplier stage cnn_accel_i/kernel_0/inst/grp_conv2d_l2_fu_1054/mul_64ns_66ns_129_3_1_U456/buff0_reg__1/P[47:0] is not pipelined (MREG=0). Pipelining the multiplier function will improve performance and will save significant power so it is suggested whenever possible to fully pipeline this function.  If this multiplier was inferred, it is suggested to describe an additional register stage after this function.  If there is no registered adder/accumulator following the multiply function, two pipeline stages are suggested to allow both the MREG and PREG registers to be used.  If the DSP48 was instantiated in the design, it is suggested to set both the MREG and PREG attributes to 1 when performing multiply functions.
Related violations: <none>

DPOP-2#19 Warning
MREG Output pipelining  
DSP cnn_accel_i/kernel_0/inst/grp_conv2d_l2_fu_1054/mul_64ns_66ns_129_3_1_U456/tmp_product multiplier stage cnn_accel_i/kernel_0/inst/grp_conv2d_l2_fu_1054/mul_64ns_66ns_129_3_1_U456/tmp_product/P[47:0] is not pipelined (MREG=0). Pipelining the multiplier function will improve performance and will save significant power so it is suggested whenever possible to fully pipeline this function.  If this multiplier was inferred, it is suggested to describe an additional register stage after this function.  If there is no registered adder/accumulator following the multiply function, two pipeline stages are suggested to allow both the MREG and PREG registers to be used.  If the DSP48 was instantiated in the design, it is suggested to set both the MREG and PREG attributes to 1 when performing multiply functions.
Related violations: <none>

DPOP-2#20 Warning
MREG Output pipelining  
DSP cnn_accel_i/kernel_0/inst/grp_conv2d_l2_fu_1054/mul_64ns_66ns_129_3_1_U456/tmp_product__1 multiplier stage cnn_accel_i/kernel_0/inst/grp_conv2d_l2_fu_1054/mul_64ns_66ns_129_3_1_U456/tmp_product__1/P[47:0] is not pipelined (MREG=0). Pipelining the multiplier function will improve performance and will save significant power so it is suggested whenever possible to fully pipeline this function.  If this multiplier was inferred, it is suggested to describe an additional register stage after this function.  If there is no registered adder/accumulator following the multiply function, two pipeline stages are suggested to allow both the MREG and PREG registers to be used.  If the DSP48 was instantiated in the design, it is suggested to set both the MREG and PREG attributes to 1 when performing multiply functions.
Related violations: <none>

DPOP-2#21 Warning
MREG Output pipelining  
DSP cnn_accel_i/kernel_0/inst/grp_conv2d_l2_fu_1054/mul_64ns_66ns_129_3_1_U456/tmp_product__4 multiplier stage cnn_accel_i/kernel_0/inst/grp_conv2d_l2_fu_1054/mul_64ns_66ns_129_3_1_U456/tmp_product__4/P[47:0] is not pipelined (MREG=0). Pipelining the multiplier function will improve performance and will save significant power so it is suggested whenever possible to fully pipeline this function.  If this multiplier was inferred, it is suggested to describe an additional register stage after this function.  If there is no registered adder/accumulator following the multiply function, two pipeline stages are suggested to allow both the MREG and PREG registers to be used.  If the DSP48 was instantiated in the design, it is suggested to set both the MREG and PREG attributes to 1 when performing multiply functions.
Related violations: <none>

DPOP-2#22 Warning
MREG Output pipelining  
DSP cnn_accel_i/kernel_0/inst/grp_conv2d_l2_fu_1054/mul_64ns_66ns_129_3_1_U456/tmp_product__8 multiplier stage cnn_accel_i/kernel_0/inst/grp_conv2d_l2_fu_1054/mul_64ns_66ns_129_3_1_U456/tmp_product__8/P[47:0] is not pipelined (MREG=0). Pipelining the multiplier function will improve performance and will save significant power so it is suggested whenever possible to fully pipeline this function.  If this multiplier was inferred, it is suggested to describe an additional register stage after this function.  If there is no registered adder/accumulator following the multiply function, two pipeline stages are suggested to allow both the MREG and PREG registers to be used.  If the DSP48 was instantiated in the design, it is suggested to set both the MREG and PREG attributes to 1 when performing multiply functions.
Related violations: <none>

DPOP-2#23 Warning
MREG Output pipelining  
DSP cnn_accel_i/kernel_0/inst/grp_conv2d_l3_fu_984/mul_32ns_34ns_65_1_1_U317/tmp_product multiplier stage cnn_accel_i/kernel_0/inst/grp_conv2d_l3_fu_984/mul_32ns_34ns_65_1_1_U317/tmp_product/P[47:0] is not pipelined (MREG=0). Pipelining the multiplier function will improve performance and will save significant power so it is suggested whenever possible to fully pipeline this function.  If this multiplier was inferred, it is suggested to describe an additional register stage after this function.  If there is no registered adder/accumulator following the multiply function, two pipeline stages are suggested to allow both the MREG and PREG registers to be used.  If the DSP48 was instantiated in the design, it is suggested to set both the MREG and PREG attributes to 1 when performing multiply functions.
Related violations: <none>

DPOP-2#24 Warning
MREG Output pipelining  
DSP cnn_accel_i/kernel_0/inst/grp_conv2d_l3_fu_984/mul_32ns_34ns_65_1_1_U317/tmp_product__0 multiplier stage cnn_accel_i/kernel_0/inst/grp_conv2d_l3_fu_984/mul_32ns_34ns_65_1_1_U317/tmp_product__0/P[47:0] is not pipelined (MREG=0). Pipelining the multiplier function will improve performance and will save significant power so it is suggested whenever possible to fully pipeline this function.  If this multiplier was inferred, it is suggested to describe an additional register stage after this function.  If there is no registered adder/accumulator following the multiply function, two pipeline stages are suggested to allow both the MREG and PREG registers to be used.  If the DSP48 was instantiated in the design, it is suggested to set both the MREG and PREG attributes to 1 when performing multiply functions.
Related violations: <none>

DPOP-2#25 Warning
MREG Output pipelining  
DSP cnn_accel_i/kernel_0/inst/grp_conv2d_l3_fu_984/mul_32ns_34ns_65_1_1_U317/tmp_product__1 multiplier stage cnn_accel_i/kernel_0/inst/grp_conv2d_l3_fu_984/mul_32ns_34ns_65_1_1_U317/tmp_product__1/P[47:0] is not pipelined (MREG=0). Pipelining the multiplier function will improve performance and will save significant power so it is suggested whenever possible to fully pipeline this function.  If this multiplier was inferred, it is suggested to describe an additional register stage after this function.  If there is no registered adder/accumulator following the multiply function, two pipeline stages are suggested to allow both the MREG and PREG registers to be used.  If the DSP48 was instantiated in the design, it is suggested to set both the MREG and PREG attributes to 1 when performing multiply functions.
Related violations: <none>

DPOP-2#26 Warning
MREG Output pipelining  
DSP cnn_accel_i/kernel_0/inst/grp_conv2d_l3_fu_984/mul_32ns_34ns_65_1_1_U317/tmp_product__2 multiplier stage cnn_accel_i/kernel_0/inst/grp_conv2d_l3_fu_984/mul_32ns_34ns_65_1_1_U317/tmp_product__2/P[47:0] is not pipelined (MREG=0). Pipelining the multiplier function will improve performance and will save significant power so it is suggested whenever possible to fully pipeline this function.  If this multiplier was inferred, it is suggested to describe an additional register stage after this function.  If there is no registered adder/accumulator following the multiply function, two pipeline stages are suggested to allow both the MREG and PREG registers to be used.  If the DSP48 was instantiated in the design, it is suggested to set both the MREG and PREG attributes to 1 when performing multiply functions.
Related violations: <none>

DPOP-2#27 Warning
MREG Output pipelining  
DSP cnn_accel_i/kernel_0/inst/grp_conv2d_l3_fu_984/mul_64ns_66ns_129_3_1_U318/buff0_reg multiplier stage cnn_accel_i/kernel_0/inst/grp_conv2d_l3_fu_984/mul_64ns_66ns_129_3_1_U318/buff0_reg/P[47:0] is not pipelined (MREG=0). Pipelining the multiplier function will improve performance and will save significant power so it is suggested whenever possible to fully pipeline this function.  If this multiplier was inferred, it is suggested to describe an additional register stage after this function.  If there is no registered adder/accumulator following the multiply function, two pipeline stages are suggested to allow both the MREG and PREG registers to be used.  If the DSP48 was instantiated in the design, it is suggested to set both the MREG and PREG attributes to 1 when performing multiply functions.
Related violations: <none>

DPOP-2#28 Warning
MREG Output pipelining  
DSP cnn_accel_i/kernel_0/inst/grp_conv2d_l3_fu_984/mul_64ns_66ns_129_3_1_U318/buff0_reg__0 multiplier stage cnn_accel_i/kernel_0/inst/grp_conv2d_l3_fu_984/mul_64ns_66ns_129_3_1_U318/buff0_reg__0/P[47:0] is not pipelined (MREG=0). Pipelining the multiplier function will improve performance and will save significant power so it is suggested whenever possible to fully pipeline this function.  If this multiplier was inferred, it is suggested to describe an additional register stage after this function.  If there is no registered adder/accumulator following the multiply function, two pipeline stages are suggested to allow both the MREG and PREG registers to be used.  If the DSP48 was instantiated in the design, it is suggested to set both the MREG and PREG attributes to 1 when performing multiply functions.
Related violations: <none>

DPOP-2#29 Warning
MREG Output pipelining  
DSP cnn_accel_i/kernel_0/inst/grp_conv2d_l3_fu_984/mul_64ns_66ns_129_3_1_U318/buff0_reg__1 multiplier stage cnn_accel_i/kernel_0/inst/grp_conv2d_l3_fu_984/mul_64ns_66ns_129_3_1_U318/buff0_reg__1/P[47:0] is not pipelined (MREG=0). Pipelining the multiplier function will improve performance and will save significant power so it is suggested whenever possible to fully pipeline this function.  If this multiplier was inferred, it is suggested to describe an additional register stage after this function.  If there is no registered adder/accumulator following the multiply function, two pipeline stages are suggested to allow both the MREG and PREG registers to be used.  If the DSP48 was instantiated in the design, it is suggested to set both the MREG and PREG attributes to 1 when performing multiply functions.
Related violations: <none>

DPOP-2#30 Warning
MREG Output pipelining  
DSP cnn_accel_i/kernel_0/inst/grp_conv2d_l3_fu_984/mul_64ns_66ns_129_3_1_U318/tmp_product multiplier stage cnn_accel_i/kernel_0/inst/grp_conv2d_l3_fu_984/mul_64ns_66ns_129_3_1_U318/tmp_product/P[47:0] is not pipelined (MREG=0). Pipelining the multiplier function will improve performance and will save significant power so it is suggested whenever possible to fully pipeline this function.  If this multiplier was inferred, it is suggested to describe an additional register stage after this function.  If there is no registered adder/accumulator following the multiply function, two pipeline stages are suggested to allow both the MREG and PREG registers to be used.  If the DSP48 was instantiated in the design, it is suggested to set both the MREG and PREG attributes to 1 when performing multiply functions.
Related violations: <none>

DPOP-2#31 Warning
MREG Output pipelining  
DSP cnn_accel_i/kernel_0/inst/grp_conv2d_l3_fu_984/mul_64ns_66ns_129_3_1_U318/tmp_product__1 multiplier stage cnn_accel_i/kernel_0/inst/grp_conv2d_l3_fu_984/mul_64ns_66ns_129_3_1_U318/tmp_product__1/P[47:0] is not pipelined (MREG=0). Pipelining the multiplier function will improve performance and will save significant power so it is suggested whenever possible to fully pipeline this function.  If this multiplier was inferred, it is suggested to describe an additional register stage after this function.  If there is no registered adder/accumulator following the multiply function, two pipeline stages are suggested to allow both the MREG and PREG registers to be used.  If the DSP48 was instantiated in the design, it is suggested to set both the MREG and PREG attributes to 1 when performing multiply functions.
Related violations: <none>

DPOP-2#32 Warning
MREG Output pipelining  
DSP cnn_accel_i/kernel_0/inst/grp_conv2d_l3_fu_984/mul_64ns_66ns_129_3_1_U318/tmp_product__4 multiplier stage cnn_accel_i/kernel_0/inst/grp_conv2d_l3_fu_984/mul_64ns_66ns_129_3_1_U318/tmp_product__4/P[47:0] is not pipelined (MREG=0). Pipelining the multiplier function will improve performance and will save significant power so it is suggested whenever possible to fully pipeline this function.  If this multiplier was inferred, it is suggested to describe an additional register stage after this function.  If there is no registered adder/accumulator following the multiply function, two pipeline stages are suggested to allow both the MREG and PREG registers to be used.  If the DSP48 was instantiated in the design, it is suggested to set both the MREG and PREG attributes to 1 when performing multiply functions.
Related violations: <none>

DPOP-2#33 Warning
MREG Output pipelining  
DSP cnn_accel_i/kernel_0/inst/grp_conv2d_l3_fu_984/mul_64ns_66ns_129_3_1_U318/tmp_product__8 multiplier stage cnn_accel_i/kernel_0/inst/grp_conv2d_l3_fu_984/mul_64ns_66ns_129_3_1_U318/tmp_product__8/P[47:0] is not pipelined (MREG=0). Pipelining the multiplier function will improve performance and will save significant power so it is suggested whenever possible to fully pipeline this function.  If this multiplier was inferred, it is suggested to describe an additional register stage after this function.  If there is no registered adder/accumulator following the multiply function, two pipeline stages are suggested to allow both the MREG and PREG registers to be used.  If the DSP48 was instantiated in the design, it is suggested to set both the MREG and PREG attributes to 1 when performing multiply functions.
Related violations: <none>

DPOP-2#34 Warning
MREG Output pipelining  
DSP cnn_accel_i/kernel_0/inst/grp_conv2d_l4_fu_914/mul_32ns_34ns_65_1_1_U174/tmp_product multiplier stage cnn_accel_i/kernel_0/inst/grp_conv2d_l4_fu_914/mul_32ns_34ns_65_1_1_U174/tmp_product/P[47:0] is not pipelined (MREG=0). Pipelining the multiplier function will improve performance and will save significant power so it is suggested whenever possible to fully pipeline this function.  If this multiplier was inferred, it is suggested to describe an additional register stage after this function.  If there is no registered adder/accumulator following the multiply function, two pipeline stages are suggested to allow both the MREG and PREG registers to be used.  If the DSP48 was instantiated in the design, it is suggested to set both the MREG and PREG attributes to 1 when performing multiply functions.
Related violations: <none>

DPOP-2#35 Warning
MREG Output pipelining  
DSP cnn_accel_i/kernel_0/inst/grp_conv2d_l4_fu_914/mul_32ns_34ns_65_1_1_U174/tmp_product__0 multiplier stage cnn_accel_i/kernel_0/inst/grp_conv2d_l4_fu_914/mul_32ns_34ns_65_1_1_U174/tmp_product__0/P[47:0] is not pipelined (MREG=0). Pipelining the multiplier function will improve performance and will save significant power so it is suggested whenever possible to fully pipeline this function.  If this multiplier was inferred, it is suggested to describe an additional register stage after this function.  If there is no registered adder/accumulator following the multiply function, two pipeline stages are suggested to allow both the MREG and PREG registers to be used.  If the DSP48 was instantiated in the design, it is suggested to set both the MREG and PREG attributes to 1 when performing multiply functions.
Related violations: <none>

DPOP-2#36 Warning
MREG Output pipelining  
DSP cnn_accel_i/kernel_0/inst/grp_conv2d_l4_fu_914/mul_32ns_34ns_65_1_1_U174/tmp_product__1 multiplier stage cnn_accel_i/kernel_0/inst/grp_conv2d_l4_fu_914/mul_32ns_34ns_65_1_1_U174/tmp_product__1/P[47:0] is not pipelined (MREG=0). Pipelining the multiplier function will improve performance and will save significant power so it is suggested whenever possible to fully pipeline this function.  If this multiplier was inferred, it is suggested to describe an additional register stage after this function.  If there is no registered adder/accumulator following the multiply function, two pipeline stages are suggested to allow both the MREG and PREG registers to be used.  If the DSP48 was instantiated in the design, it is suggested to set both the MREG and PREG attributes to 1 when performing multiply functions.
Related violations: <none>

DPOP-2#37 Warning
MREG Output pipelining  
DSP cnn_accel_i/kernel_0/inst/grp_conv2d_l4_fu_914/mul_32ns_34ns_65_1_1_U174/tmp_product__2 multiplier stage cnn_accel_i/kernel_0/inst/grp_conv2d_l4_fu_914/mul_32ns_34ns_65_1_1_U174/tmp_product__2/P[47:0] is not pipelined (MREG=0). Pipelining the multiplier function will improve performance and will save significant power so it is suggested whenever possible to fully pipeline this function.  If this multiplier was inferred, it is suggested to describe an additional register stage after this function.  If there is no registered adder/accumulator following the multiply function, two pipeline stages are suggested to allow both the MREG and PREG registers to be used.  If the DSP48 was instantiated in the design, it is suggested to set both the MREG and PREG attributes to 1 when performing multiply functions.
Related violations: <none>

DPOP-2#38 Warning
MREG Output pipelining  
DSP cnn_accel_i/kernel_0/inst/grp_conv2d_l4_fu_914/mul_64ns_66ns_129_3_1_U175/buff0_reg multiplier stage cnn_accel_i/kernel_0/inst/grp_conv2d_l4_fu_914/mul_64ns_66ns_129_3_1_U175/buff0_reg/P[47:0] is not pipelined (MREG=0). Pipelining the multiplier function will improve performance and will save significant power so it is suggested whenever possible to fully pipeline this function.  If this multiplier was inferred, it is suggested to describe an additional register stage after this function.  If there is no registered adder/accumulator following the multiply function, two pipeline stages are suggested to allow both the MREG and PREG registers to be used.  If the DSP48 was instantiated in the design, it is suggested to set both the MREG and PREG attributes to 1 when performing multiply functions.
Related violations: <none>

DPOP-2#39 Warning
MREG Output pipelining  
DSP cnn_accel_i/kernel_0/inst/grp_conv2d_l4_fu_914/mul_64ns_66ns_129_3_1_U175/buff0_reg__0 multiplier stage cnn_accel_i/kernel_0/inst/grp_conv2d_l4_fu_914/mul_64ns_66ns_129_3_1_U175/buff0_reg__0/P[47:0] is not pipelined (MREG=0). Pipelining the multiplier function will improve performance and will save significant power so it is suggested whenever possible to fully pipeline this function.  If this multiplier was inferred, it is suggested to describe an additional register stage after this function.  If there is no registered adder/accumulator following the multiply function, two pipeline stages are suggested to allow both the MREG and PREG registers to be used.  If the DSP48 was instantiated in the design, it is suggested to set both the MREG and PREG attributes to 1 when performing multiply functions.
Related violations: <none>

DPOP-2#40 Warning
MREG Output pipelining  
DSP cnn_accel_i/kernel_0/inst/grp_conv2d_l4_fu_914/mul_64ns_66ns_129_3_1_U175/buff0_reg__1 multiplier stage cnn_accel_i/kernel_0/inst/grp_conv2d_l4_fu_914/mul_64ns_66ns_129_3_1_U175/buff0_reg__1/P[47:0] is not pipelined (MREG=0). Pipelining the multiplier function will improve performance and will save significant power so it is suggested whenever possible to fully pipeline this function.  If this multiplier was inferred, it is suggested to describe an additional register stage after this function.  If there is no registered adder/accumulator following the multiply function, two pipeline stages are suggested to allow both the MREG and PREG registers to be used.  If the DSP48 was instantiated in the design, it is suggested to set both the MREG and PREG attributes to 1 when performing multiply functions.
Related violations: <none>

DPOP-2#41 Warning
MREG Output pipelining  
DSP cnn_accel_i/kernel_0/inst/grp_conv2d_l4_fu_914/mul_64ns_66ns_129_3_1_U175/tmp_product multiplier stage cnn_accel_i/kernel_0/inst/grp_conv2d_l4_fu_914/mul_64ns_66ns_129_3_1_U175/tmp_product/P[47:0] is not pipelined (MREG=0). Pipelining the multiplier function will improve performance and will save significant power so it is suggested whenever possible to fully pipeline this function.  If this multiplier was inferred, it is suggested to describe an additional register stage after this function.  If there is no registered adder/accumulator following the multiply function, two pipeline stages are suggested to allow both the MREG and PREG registers to be used.  If the DSP48 was instantiated in the design, it is suggested to set both the MREG and PREG attributes to 1 when performing multiply functions.
Related violations: <none>

DPOP-2#42 Warning
MREG Output pipelining  
DSP cnn_accel_i/kernel_0/inst/grp_conv2d_l4_fu_914/mul_64ns_66ns_129_3_1_U175/tmp_product__1 multiplier stage cnn_accel_i/kernel_0/inst/grp_conv2d_l4_fu_914/mul_64ns_66ns_129_3_1_U175/tmp_product__1/P[47:0] is not pipelined (MREG=0). Pipelining the multiplier function will improve performance and will save significant power so it is suggested whenever possible to fully pipeline this function.  If this multiplier was inferred, it is suggested to describe an additional register stage after this function.  If there is no registered adder/accumulator following the multiply function, two pipeline stages are suggested to allow both the MREG and PREG registers to be used.  If the DSP48 was instantiated in the design, it is suggested to set both the MREG and PREG attributes to 1 when performing multiply functions.
Related violations: <none>

DPOP-2#43 Warning
MREG Output pipelining  
DSP cnn_accel_i/kernel_0/inst/grp_conv2d_l4_fu_914/mul_64ns_66ns_129_3_1_U175/tmp_product__4 multiplier stage cnn_accel_i/kernel_0/inst/grp_conv2d_l4_fu_914/mul_64ns_66ns_129_3_1_U175/tmp_product__4/P[47:0] is not pipelined (MREG=0). Pipelining the multiplier function will improve performance and will save significant power so it is suggested whenever possible to fully pipeline this function.  If this multiplier was inferred, it is suggested to describe an additional register stage after this function.  If there is no registered adder/accumulator following the multiply function, two pipeline stages are suggested to allow both the MREG and PREG registers to be used.  If the DSP48 was instantiated in the design, it is suggested to set both the MREG and PREG attributes to 1 when performing multiply functions.
Related violations: <none>

DPOP-2#44 Warning
MREG Output pipelining  
DSP cnn_accel_i/kernel_0/inst/grp_conv2d_l4_fu_914/mul_64ns_66ns_129_3_1_U175/tmp_product__8 multiplier stage cnn_accel_i/kernel_0/inst/grp_conv2d_l4_fu_914/mul_64ns_66ns_129_3_1_U175/tmp_product__8/P[47:0] is not pipelined (MREG=0). Pipelining the multiplier function will improve performance and will save significant power so it is suggested whenever possible to fully pipeline this function.  If this multiplier was inferred, it is suggested to describe an additional register stage after this function.  If there is no registered adder/accumulator following the multiply function, two pipeline stages are suggested to allow both the MREG and PREG registers to be used.  If the DSP48 was instantiated in the design, it is suggested to set both the MREG and PREG attributes to 1 when performing multiply functions.
Related violations: <none>

DPOP-2#45 Warning
MREG Output pipelining  
DSP cnn_accel_i/kernel_0/inst/grp_kernel_Pipeline_MLP1_BITS_fu_865/mul_32ns_34ns_65_1_1_U41/tmp_product multiplier stage cnn_accel_i/kernel_0/inst/grp_kernel_Pipeline_MLP1_BITS_fu_865/mul_32ns_34ns_65_1_1_U41/tmp_product/P[47:0] is not pipelined (MREG=0). Pipelining the multiplier function will improve performance and will save significant power so it is suggested whenever possible to fully pipeline this function.  If this multiplier was inferred, it is suggested to describe an additional register stage after this function.  If there is no registered adder/accumulator following the multiply function, two pipeline stages are suggested to allow both the MREG and PREG registers to be used.  If the DSP48 was instantiated in the design, it is suggested to set both the MREG and PREG attributes to 1 when performing multiply functions.
Related violations: <none>

DPOP-2#46 Warning
MREG Output pipelining  
DSP cnn_accel_i/kernel_0/inst/grp_kernel_Pipeline_MLP1_BITS_fu_865/mul_32ns_34ns_65_1_1_U41/tmp_product__0 multiplier stage cnn_accel_i/kernel_0/inst/grp_kernel_Pipeline_MLP1_BITS_fu_865/mul_32ns_34ns_65_1_1_U41/tmp_product__0/P[47:0] is not pipelined (MREG=0). Pipelining the multiplier function will improve performance and will save significant power so it is suggested whenever possible to fully pipeline this function.  If this multiplier was inferred, it is suggested to describe an additional register stage after this function.  If there is no registered adder/accumulator following the multiply function, two pipeline stages are suggested to allow both the MREG and PREG registers to be used.  If the DSP48 was instantiated in the design, it is suggested to set both the MREG and PREG attributes to 1 when performing multiply functions.
Related violations: <none>

DPOP-2#47 Warning
MREG Output pipelining  
DSP cnn_accel_i/kernel_0/inst/grp_kernel_Pipeline_MLP1_BITS_fu_865/udiv_ln1_cast_reg_1417_reg multiplier stage cnn_accel_i/kernel_0/inst/grp_kernel_Pipeline_MLP1_BITS_fu_865/udiv_ln1_cast_reg_1417_reg/P[47:0] is not pipelined (MREG=0). Pipelining the multiplier function will improve performance and will save significant power so it is suggested whenever possible to fully pipeline this function.  If this multiplier was inferred, it is suggested to describe an additional register stage after this function.  If there is no registered adder/accumulator following the multiply function, two pipeline stages are suggested to allow both the MREG and PREG registers to be used.  If the DSP48 was instantiated in the design, it is suggested to set both the MREG and PREG attributes to 1 when performing multiply functions.
Related violations: <none>

DPOP-2#48 Warning
MREG Output pipelining  
DSP cnn_accel_i/kernel_0/inst/grp_kernel_Pipeline_MLP1_BITS_fu_865/udiv_ln1_cast_reg_1417_reg__0 multiplier stage cnn_accel_i/kernel_0/inst/grp_kernel_Pipeline_MLP1_BITS_fu_865/udiv_ln1_cast_reg_1417_reg__0/P[47:0] is not pipelined (MREG=0). Pipelining the multiplier function will improve performance and will save significant power so it is suggested whenever possible to fully pipeline this function.  If this multiplier was inferred, it is suggested to describe an additional register stage after this function.  If there is no registered adder/accumulator following the multiply function, two pipeline stages are suggested to allow both the MREG and PREG registers to be used.  If the DSP48 was instantiated in the design, it is suggested to set both the MREG and PREG attributes to 1 when performing multiply functions.
Related violations: <none>

DPOP-2#49 Warning
MREG Output pipelining  
DSP cnn_accel_i/kernel_0/inst/tmp_reg_2729_reg multiplier stage cnn_accel_i/kernel_0/inst/tmp_reg_2729_reg/P[47:0] is not pipelined (MREG=0). Pipelining the multiplier function will improve performance and will save significant power so it is suggested whenever possible to fully pipeline this function.  If this multiplier was inferred, it is suggested to describe an additional register stage after this function.  If there is no registered adder/accumulator following the multiply function, two pipeline stages are suggested to allow both the MREG and PREG registers to be used.  If the DSP48 was instantiated in the design, it is suggested to set both the MREG and PREG attributes to 1 when performing multiply functions.
Related violations: <none>

REQP-165#1 Advisory
writefirst  
Synchronous clocking is detected for BRAM (cnn_accel_i/axi_dma_0/U0/I_PRMRY_DATAMOVER/GEN_MM2S_FULL.I_MM2S_FULL_WRAPPER/GEN_INCLUDE_MM2S_SF.I_RD_SF/I_DATA_FIFO/BLK_MEM.I_SYNC_FIFOGEN_FIFO/xpm_fifo_base_inst/gen_sdpram.xpm_memory_base_inst/gen_wr_a.gen_word_narrow.mem_reg_1) in SDP mode with WRITE_FIRST write-mode. This is the preferred mode for best power characteristics, however it may exhibit address collisions if the same address appears on both read and write ports resulting in unknown or corrupted read data. It is suggested to confirm via simulation that an address collision never occurs and if so it is suggested to try and avoid this situation. If address collisions cannot be avoided, the write-mode may be set to READ_FIRST which guarantees that the read data is the prior contents of the memory at the cost of additional power in the design. See the FPGA Memory Resources User Guide for additional information.
Related violations: <none>

REQP-165#2 Advisory
writefirst  
Synchronous clocking is detected for BRAM (cnn_accel_i/axi_dma_0/U0/I_PRMRY_DATAMOVER/GEN_S2MM_FULL.I_S2MM_FULL_WRAPPER/GEN_ENABLE_INDET_BTT_SF.I_INDET_BTT/I_DATA_FIFO/BLK_MEM.I_SYNC_FIFOGEN_FIFO/xpm_fifo_base_inst/gen_sdpram.xpm_memory_base_inst/gen_wr_a.gen_word_narrow.mem_reg_1) in SDP mode with WRITE_FIRST write-mode. This is the preferred mode for best power characteristics, however it may exhibit address collisions if the same address appears on both read and write ports resulting in unknown or corrupted read data. It is suggested to confirm via simulation that an address collision never occurs and if so it is suggested to try and avoid this situation. If address collisions cannot be avoided, the write-mode may be set to READ_FIRST which guarantees that the read data is the prior contents of the memory at the cost of additional power in the design. See the FPGA Memory Resources User Guide for additional information.
Related violations: <none>

REQP-181#1 Advisory
writefirst  
Synchronous clocking is detected for BRAM (cnn_accel_i/axi_dma_0/U0/I_PRMRY_DATAMOVER/GEN_MM2S_FULL.I_MM2S_FULL_WRAPPER/GEN_INCLUDE_MM2S_SF.I_RD_SF/I_DATA_FIFO/BLK_MEM.I_SYNC_FIFOGEN_FIFO/xpm_fifo_base_inst/gen_sdpram.xpm_memory_base_inst/gen_wr_a.gen_word_narrow.mem_reg_0) in SDP mode with WRITE_FIRST write-mode. This is the preferred mode for best power characteristics, however it may exhibit address collisions if the same address appears on both read and write ports resulting in unknown or corrupted read data. It is suggested to confirm via simulation that an address collision never occurs and if so it is suggested to try and avoid this situation. If address collisions cannot be avoided, the write-mode may be set to READ_FIRST which guarantees that the read data is the prior contents of the memory at the cost of additional power in the design. See the FPGA Memory Resources User Guide for additional information.
Related violations: <none>

REQP-181#2 Advisory
writefirst  
Synchronous clocking is detected for BRAM (cnn_accel_i/axi_dma_0/U0/I_PRMRY_DATAMOVER/GEN_S2MM_FULL.I_S2MM_FULL_WRAPPER/GEN_ENABLE_INDET_BTT_SF.I_INDET_BTT/I_DATA_FIFO/BLK_MEM.I_SYNC_FIFOGEN_FIFO/xpm_fifo_base_inst/gen_sdpram.xpm_memory_base_inst/gen_wr_a.gen_word_narrow.mem_reg_0) in SDP mode with WRITE_FIRST write-mode. This is the preferred mode for best power characteristics, however it may exhibit address collisions if the same address appears on both read and write ports resulting in unknown or corrupted read data. It is suggested to confirm via simulation that an address collision never occurs and if so it is suggested to try and avoid this situation. If address collisions cannot be avoided, the write-mode may be set to READ_FIRST which guarantees that the read data is the prior contents of the memory at the cost of additional power in the design. See the FPGA Memory Resources User Guide for additional information.
Related violations: <none>


