  **** HLS Build v2025.2 6295257
INFO: [HLS 200-2005] Using work_dir /home/oldak/big-boi-pj/kernel/hls_component/hls_component 
INFO: [HLS 200-2176] Writing Vitis IDE component file /home/oldak/big-boi-pj/kernel/hls_component/hls_component/vitis-comp.json
INFO: [HLS 200-10] Creating and opening component '/home/oldak/big-boi-pj/kernel/hls_component/hls_component'.
INFO: [HLS 200-1611] Setting target device to 'xc7z020-clg400-1'
INFO: [HLS 200-1505] Using default flow_target 'vivado'
Resolution: For help on HLS 200-1505 see docs.amd.com/access/sources/dita/topic?Doc_Version=2025.2%20English&url=ug1448-hls-guidance&resourceid=200-1505.html
INFO: [HLS 200-2174] Applying component config ini file hls_config.cfg
INFO: [HLS 200-1465] Applying config ini 'syn.file=kern.cpp' from hls_config.cfg(7)
INFO: [HLS 200-10] Adding design file '/home/oldak/big-boi-pj/kernel/hls_component/kern.cpp' to the project
INFO: [HLS 200-1465] Applying config ini 'tb.file=/home/oldak/Downloads/files/tb_cnn_accelerator.cpp' from hls_config.cfg(9)
INFO: [HLS 200-10] Adding test bench file '/home/oldak/Downloads/files/tb_cnn_accelerator.cpp' to the project
INFO: [HLS 200-1465] Applying config ini 'syn.top=kernel' from hls_config.cfg(8)
INFO: [HLS 200-1465] Applying config ini 'flow_target=vivado' from hls_config.cfg(4)
INFO: [HLS 200-1505] Using flow_target 'vivado'
Resolution: For help on HLS 200-1505 see docs.amd.com/access/sources/dita/topic?Doc_Version=2025.2%20English&url=ug1448-hls-guidance&resourceid=200-1505.html
INFO: [HLS 200-1465] Applying config ini 'part=xc7z020clg400-1' from hls_config.cfg(1)
INFO: [HLS 200-1465] Applying config ini 'clock=13ns' from hls_config.cfg(10)
INFO: [SYN 201-201] Setting up clock 'default' with a period of 13ns.
INFO: [HLS 200-1465] Applying config ini 'package.output.format=ip_catalog' from hls_config.cfg(5)
INFO: [HLS 200-2176] Writing Vitis IDE component file /home/oldak/big-boi-pj/kernel/hls_component/hls_component/vitis-comp.json
INFO: [IMPL 213-8] Exporting RTL as a Vivado IP.

****** Vivado v2025.2 (64-bit)
  **** SW Build 6299465 on Fri Nov 14 12:34:56 MST 2025
  **** IP Build 6300035 on Fri Nov 14 10:48:45 MST 2025
  **** SharedData Build 6298862 on Thu Nov 13 04:50:51 MST 2025
  **** Start of session at: Fri May  1 16:06:56 2026
    ** Copyright 1986-2022 Xilinx, Inc. All Rights Reserved.
    ** Copyright 2022-2025 Advanced Micro Devices, Inc. All Rights Reserved.

source run_ippack.tcl -notrace
INFO: calling package_hls_ip ip_types=vitis sysgen json_file=/home/oldak/big-boi-pj/kernel/hls_component/hls_component/hls/hls_data.json outdir=/home/oldak/big-boi-pj/kernel/hls_component/hls_component/hls/impl/ip srcdir=/home/oldak/big-boi-pj/kernel/hls_component/hls_component/hls ippack_options_dict= ippack_options_dict=
INFO: Copied 1 ipmisc file(s) to /home/oldak/big-boi-pj/kernel/hls_component/hls_component/hls/impl/ip/misc
INFO: Copied 67 verilog file(s) to /home/oldak/big-boi-pj/kernel/hls_component/hls_component/hls/impl/ip/hdl/verilog
INFO: Copied 64 vhdl file(s) to /home/oldak/big-boi-pj/kernel/hls_component/hls_component/hls/impl/ip/hdl/vhdl
INFO: Copied 10 swdriver file(s) to /home/oldak/big-boi-pj/kernel/hls_component/hls_component/hls/impl/ip/drivers
INFO: Import ports from HDL: /home/oldak/big-boi-pj/kernel/hls_component/hls_component/hls/impl/ip/hdl/vhdl/kernel.vhd (kernel)
INFO: Add axi4lite interface s_axi_control
INFO: Add clock interface ap_clk
INFO: Add reset interface ap_rst_n
INFO: Add interrupt interface interrupt
INFO: [IP_Flow 19-234] Refreshing IP repositories
INFO: [IP_Flow 19-1704] No user IP repositories specified
INFO: [IP_Flow 19-2313] Loaded Vivado IP repository '/home/oldak/chonky-boi/2025.2/data/ip'.
INFO: Add axi4stream interface A
INFO: Add axi4stream interface B
INFO: Calling post_process_vitis to specialize IP
INFO: Calling post_process_sysgen to specialize IP
Generating sysgen info xml from json file
INFO: Created IP /home/oldak/big-boi-pj/kernel/hls_component/hls_component/hls/impl/ip/component.xml
INFO: Created IP archive /home/oldak/big-boi-pj/kernel/hls_component/hls_component/hls/impl/ip/xilinx_com_hls_kernel_1_0.zip
INFO: [Common 17-206] Exiting Vivado at Fri May  1 16:07:07 2026...
INFO: [IMPL 213-8] Starting RTL evaluation using Vivado ...

****** Vivado v2025.2 (64-bit)
  **** SW Build 6299465 on Fri Nov 14 12:34:56 MST 2025
  **** IP Build 6300035 on Fri Nov 14 10:48:45 MST 2025
  **** SharedData Build 6298862 on Thu Nov 13 04:50:51 MST 2025
  **** Start of session at: Fri May  1 16:07:10 2026
    ** Copyright 1986-2022 Xilinx, Inc. All Rights Reserved.
    ** Copyright 2022-2025 Advanced Micro Devices, Inc. All Rights Reserved.

source run_vivado.tcl
# source ./settings.tcl
## set top_module kernel
## set language verilog
## set family zynq
## set device xc7z020
## set package -clg400
## set speed -1
## set clock ap_clk
## set fsm_ext "off"
## set add_io_buffers false 
# source -notrace ./extraction.tcl
# set vivado_proj_name project
# set vivado_proj_dir .
# set target_device "${device}${package}${speed}"
# set target_clk_period_ns "13.000"
# set target_clk_freq_hz [expr {floor(1000 / $target_clk_period_ns) * 1000000}]
# set other_clks_freq_hz {}
# set ip_vlnv xilinx.com:hls:kernel:1.0
# set ip_repo_path ../ip
# set bd_design_name bd_0
# set bd_inst_name hls_inst
# set bd_props {}
# set has_synth true
# set synth_design_args {-directive sdx_optimization_effort_high}
# set synth_dcp ""
# set synth_props {}
# set has_impl 1
# set impl_props {}
# set has_subcore 0
# set report_options [dict create]
# dict set report_options report_level 2
# dict set report_options report_max_paths 10
# dict set report_options stdout_hls_reports 1
# dict set report_options stdout_vivado_reports 0
# dict set report_options hls_project hls_component
# dict set report_options hls_solution hls
# dict set report_options has_synth $has_synth
# dict set report_options has_impl $has_impl
# dict set report_options vivado_reportbasename $top_module
# dict set report_options vivado_reportdir ./report
# dict set report_options hls_impl_dir ..
# dict set report_options hls_reportdir ../report/$language
# dict set report_options target_clk_period $target_clk_period_ns
# dict set report_options target_device $target_device
# dict set report_options language $language
# dict set report_options clock_name $clock
# dict set report_options error_if_impl_timing_fails false
# dict set report_options topmodule "kernel"
# dict set report_options funcmodules {kernel_kernel_Pipeline_VITIS_LOOP_409_1 kernel_kernel_Pipeline_MLP2_BITS kernel_kernel_Pipeline_MLP1_BITS kernel_conv2d_l4_Pipeline_L4_H_L4_W kernel_conv2d_l4_Pipeline_L4_FH_L4_FW kernel_conv2d_l4 kernel_conv2d_l3_Pipeline_L3_H_L3_W kernel_conv2d_l3_Pipeline_L3_FH_L3_FW kernel_conv2d_l3 kernel_conv2d_l2_Pipeline_L2_H_L2_W kernel_conv2d_l2_Pipeline_L2_FH_L2_FW kernel_conv2d_l2 kernel_conv2d_l1_Pipeline_INIT_H_INIT_W kernel_conv2d_l1_Pipeline_INIT_FH_INIT_FW kernel_conv2d_l1 kernel_kernel_Pipeline_MLPO_BITS kernel_softmax_Pipeline_SM_NORM kernel_softmax kernel_kernel_Pipeline_OUT_STREAM}
# dict set report_options bindmodules {kernel_flow_control_loop_pipe_sequential_init kernel_sparsemux_1025_9_1_1_1 kernel_sparsemux_19_4_1_1_1 kernel_sparsemux_7_2_1_1_1 kernel_mul_32ns_34ns_65_1_1 kernel_urem_32s_5ns_4_36_1 kernel_sparsemux_29_4_1_1_1 kernel_mac_muladd_6ns_3s_8s_8_4_1 kernel_sparsemux_33_4_32_1_1 kernel_sparsemux_7_2_1_1_1_x kernel_sparsemux_9_2_1_1_1 kernel_sparsemux_29_4_1_1_1_x kernel_sparsemux_7_2_32_1_1 kernel_sparsemux_9_4_32_1_1 kernel_mac_muladd_6ns_3ns_8s_8_4_1 kernel_urem_32ns_5ns_4_36_seq_1 kernel_mul_64ns_66ns_129_3_1 kernel_sparsemux_7_2_1_1_1_x0 kernel_urem_4ns_3ns_2_8_1 kernel_mul_4ns_6ns_9_1_1 kernel_urem_64s_3ns_5_68_1 kernel_sparsemux_129_6_32_1_1 kernel_sparsemux_33_6_32_1_1 kernel_urem_5ns_3ns_2_9_1 kernel_mul_5ns_7ns_11_1_1 kernel_sparsemux_513_8_32_1_1 kernel_sparsemux_129_8_32_1_1 kernel_urem_64s_5ns_4_68_1 kernel_sparsemux_2049_10_32_1_1 kernel_sparsemux_29_4_16_1_1 kernel_sparsemux_513_10_32_1_1 kernel_sdiv_32ns_32ns_16_36_1 kernel_softmax_ev_RAM_AUTO_1R1W kernel_mul_16ns_18ns_33_1_1 kernel_urem_16ns_5ns_4_20_seq_1 kernel_starting_image_RAM_1WNR_AUTO_1R1W kernel_packed_image_1_RAM_AUTO_1R1W kernel_packed_image_2_RAM_AUTO_1R1W kernel_packed_image_3_RAM_AUTO_1R1W kernel_packed_image_4_RAM_AUTO_1R1W kernel_logits_RAM_AUTO_1R1W kernel_probs_RAM_AUTO_1R1W kernel_control_s_axi kernel_regslice_both}
# dict set report_options max_module_depth 7
# create_project $vivado_proj_name $vivado_proj_dir -part $target_device -force
# set_property target_language $language [current_project]
# if { ![file exists $ip_repo_path] } {
#   error "Cannot find packaged HLS IP"
# }
# set_property ip_repo_paths [file normalize $ip_repo_path] [current_project]
# update_ip_catalog
INFO: [IP_Flow 19-234] Refreshing IP repositories
INFO: [IP_Flow 19-1700] Loaded user IP repository '/home/oldak/big-boi-pj/kernel/hls_component/hls_component/hls/impl/ip'.
INFO: [IP_Flow 19-2313] Loaded Vivado IP repository '/home/oldak/chonky-boi/2025.2/data/ip'.
# create_bd_design bd_0
Wrote  : </home/oldak/big-boi-pj/kernel/hls_component/hls_component/hls/impl/verilog/project.srcs/sources_1/bd/bd_0/bd_0.bd> 
# set cell_inst [create_bd_cell -type ip -vlnv $ip_vlnv $bd_inst_name]
# if { [llength $bd_props] } { 
#   set_property -dict $bd_props $cell_inst 
# }
# make_bd_pins_external $cell_inst
# make_bd_intf_pins_external $cell_inst
# set bd_clk_ports [get_bd_ports -filter {TYPE==clk}]
# if { $target_clk_freq_hz ne "" } { 
#   foreach bd_clk_port $bd_clk_ports {
#     # Remove "_0" suffix from BD ports & interfaces so they match IP ports 
#     set clk_name [regsub {_0$} [get_property name $bd_clk_port] {}]
#     set port_freq_hz $target_clk_freq_hz
#     if { [dict exists $other_clks_freq_hz $clk_name] } {
#         set port_freq_hz [dict get $other_clks_freq_hz $clk_name]
#     }
#     set_property CONFIG.FREQ_HZ $port_freq_hz $bd_clk_port
#   }
# }
# foreach bd_port [get_bd_intf_ports] {
#   set_property name [regsub {_0$} [get_property name $bd_port] {}] $bd_port
# }
# foreach bd_port [get_bd_ports -filter {INTF!=TRUE}] {
#   set_property name [regsub {_0$} [get_property name $bd_port] {}] $bd_port
# }
# set s_axi_addr_width_min 32
# foreach bd_port [get_bd_intf_ports -filter {MODE == "Slave" && VLNV =~ "xilinx.com:interface:aximm_rtl:*"}] {
#   set bd_port_addr_width [get_property CONFIG.ADDR_WIDTH $bd_port]
#   if { $bd_port_addr_width < $s_axi_addr_width_min } {
#     puts "INFO: Updating $bd_port CONFIG.ADDR_WIDTH to $s_axi_addr_width_min"
#     set_property CONFIG.ADDR_WIDTH $s_axi_addr_width_min $bd_port
#   }
# }
INFO: Updating /s_axi_control CONFIG.ADDR_WIDTH to 32
# set_msg_config -id {[BD 41-1265]} -severity {CRITICAL WARNING} -new_severity {INFO}
# assign_bd_address
INFO: [BD 41-3093] Triggering Legacy Auto Assign Algorithm
Slave segment '/hls_inst/s_axi_control/Reg' is being assigned into address space '/s_axi_control' at <0x0000_0000 [ 64K ]>.
Wrote  : </home/oldak/big-boi-pj/kernel/hls_component/hls_component/hls/impl/verilog/project.srcs/sources_1/bd/bd_0/bd_0.bd> 
Verilog Output written to : /home/oldak/big-boi-pj/kernel/hls_component/hls_component/hls/impl/verilog/project.gen/sources_1/bd/bd_0/synth/bd_0.v
Verilog Output written to : /home/oldak/big-boi-pj/kernel/hls_component/hls_component/hls/impl/verilog/project.gen/sources_1/bd/bd_0/sim/bd_0.v
Verilog Output written to : /home/oldak/big-boi-pj/kernel/hls_component/hls_component/hls/impl/verilog/project.gen/sources_1/bd/bd_0/hdl/bd_0_wrapper.v
# set toprtl [make_wrapper -files [get_files ${bd_design_name}.bd] -top]
# add_files -norecurse $toprtl
# set top_inst_name [file root [file tail $toprtl]]
# puts "Using BD top: $top_inst_name"
Using BD top: bd_0_wrapper
# set xdc_files [glob -nocomplain ./*.xdc]
# if { [llength $xdc_files] } {
#     add_files -fileset constrs_1 -norecurse $xdc_files
# }
# launch_runs synth_1 -scripts_only
INFO: [BD 41-1662] The design 'bd_0.bd' is already validated. Therefore parameter propagation will not be re-run.
Verilog Output written to : /home/oldak/big-boi-pj/kernel/hls_component/hls_component/hls/impl/verilog/project.gen/sources_1/bd/bd_0/synth/bd_0.v
Verilog Output written to : /home/oldak/big-boi-pj/kernel/hls_component/hls_component/hls/impl/verilog/project.gen/sources_1/bd/bd_0/sim/bd_0.v
Verilog Output written to : /home/oldak/big-boi-pj/kernel/hls_component/hls_component/hls/impl/verilog/project.gen/sources_1/bd/bd_0/hdl/bd_0_wrapper.v
INFO: [BD 41-1029] Generation completed for the IP Integrator block hls_inst .
Exporting to file /home/oldak/big-boi-pj/kernel/hls_component/hls_component/hls/impl/verilog/project.gen/sources_1/bd/bd_0/hw_handoff/bd_0.hwh
Generated Hardware Definition File /home/oldak/big-boi-pj/kernel/hls_component/hls_component/hls/impl/verilog/project.gen/sources_1/bd/bd_0/synth/bd_0.hwdef
INFO: [BD 41-3262] Generated VHDL Instantiation Template file /home/oldak/big-boi-pj/kernel/hls_component/hls_component/hls/impl/verilog/project.gen/sources_1/bd/bd_0/bd_0.vho
INFO: [BD 41-3262] Generated Verilog Instantiation Template file /home/oldak/big-boi-pj/kernel/hls_component/hls_component/hls/impl/verilog/project.gen/sources_1/bd/bd_0/bd_0.veo
INFO: [BD 41-3262] Generated System Verilog Instantiation Template file /home/oldak/big-boi-pj/kernel/hls_component/hls_component/hls/impl/verilog/project.gen/sources_1/bd/bd_0/bd_0_sv.sveo
WARNING: [Vivado 12-7122] Auto Incremental Compile:: No reference checkpoint was found in run synth_1. Auto-incremental flow will not be run, the standard flow will be run instead.
launch_runs: Time (s): cpu = 00:00:07 ; elapsed = 00:00:07 . Memory (MB): peak = 1802.820 ; gain = 64.031 ; free physical = 7105 ; free virtual = 13933
# foreach run [get_runs -filter {IS_SYNTHESIS == 1}] {
#   reset_run [get_runs $run]
# }
# set_property XPM_LIBRARIES {XPM_MEMORY XPM_FIFO} [current_project]
# hls_vivado_reports_setup $report_options
TIMESTAMP: HLS-REPORT: initialize report directories: 2026-05-01 16:07:24 EDT
# if { $has_subcore } { report_ip_status }
# if { $has_synth || $has_impl } {
#   # synth properties setting
#   set_property -name {STEPS.SYNTH_DESIGN.ARGS.MORE OPTIONS} -value {-mode out_of_context} -objects [get_runs synth_1]
#   set ip_inst [get_ips -quiet ${bd_design_name}*${bd_inst_name}*]
#   if { ![llength $ip_inst] } {
#       error "Cannot find HLS IP instance: ${bd_design_name}*${bd_inst_name}*"
#   }
#   set synth_run [get_runs -filter {IS_SYNTHESIS == 1} ${ip_inst}*]
#   if { ![llength $synth_run] } {
#       error "Cannot find synth run for HLS IP: ${ip_inst}*"
#   }
# 
#   if { [llength $synth_design_args] } {
#       set_property -name {STEPS.SYNTH_DESIGN.ARGS.MORE OPTIONS} -value $synth_design_args -objects $synth_run
#   }
# 
#   if { [llength $synth_props] } {
#     set_property -dict $synth_props $synth_run
#   }
# 
#   # launch run synth
#   launch_runs synth_1
#   wait_on_run synth_1
#   # synth reports
#   hls_vivado_reports_synth synth_1 $report_options
#   if { $synth_dcp ne "" } {
#     file mkdir [file dirname $synth_dcp]
#     set run_dcp [glob -nocomplain [get_property DIRECTORY $synth_run]/*.dcp]
#     if { [llength $run_dcp] != 1 } { error "Cannot find single dcp file for run $synth_run" }
#     file copy -force $run_dcp $synth_dcp
#   }
# }
WARNING: [Vivado 12-7122] Auto Incremental Compile:: No reference checkpoint was found in run synth_1. Auto-incremental flow will not be run, the standard flow will be run instead.
[Fri May  1 16:07:24 2026] Launched bd_0_hls_inst_0_synth_1...
Run output will be captured here: /home/oldak/big-boi-pj/kernel/hls_component/hls_component/hls/impl/verilog/project.runs/bd_0_hls_inst_0_synth_1/runme.log
[Fri May  1 16:07:24 2026] Launched synth_1...
Run output will be captured here: /home/oldak/big-boi-pj/kernel/hls_component/hls_component/hls/impl/verilog/project.runs/synth_1/runme.log
[Fri May  1 16:07:24 2026] Waiting for synth_1 to finish...
