  **** HLS Build v2025.2 6295257
INFO: [HLS 200-2005] Using work_dir /home/oldak/big-boi-pj/kernel/hls_component/hls_component 
INFO: [HLS 200-2176] Writing Vitis IDE component file /home/oldak/big-boi-pj/kernel/hls_component/hls_component/vitis-comp.json
INFO: [HLS 200-10] Creating and opening component '/home/oldak/big-boi-pj/kernel/hls_component/hls_component'.
INFO: [HLS 200-1505] Using default flow_target 'vivado'
Resolution: For help on HLS 200-1505 see docs.amd.com/access/sources/dita/topic?Doc_Version=2025.2%20English&url=ug1448-hls-guidance&resourceid=200-1505.html
INFO: [HLS 200-2174] Applying component config ini file hls_config.cfg
INFO: [HLS 200-1465] Applying config ini 'syn.file=kern.cpp' from hls_config.cfg(7)
INFO: [HLS 200-10] Adding design file '/home/oldak/big-boi-pj/kernel/hls_component/kern.cpp' to the project
INFO: [HLS 200-1465] Applying config ini 'tb.file=/home/oldak/Downloads/files/tb_cnn_accelerator.cpp' from hls_config.cfg(9)
INFO: [HLS 200-10] Adding test bench file '/home/oldak/Downloads/files/tb_cnn_accelerator.cpp' to the project
INFO: [HLS 200-1465] Applying config ini 'syn.top=kernel' from hls_config.cfg(8)
INFO: [HLS 200-1465] Applying config ini 'flow_target=vivado' from hls_config.cfg(4)
INFO: [HLS 200-1505] Using flow_target 'vivado'
Resolution: For help on HLS 200-1505 see docs.amd.com/access/sources/dita/topic?Doc_Version=2025.2%20English&url=ug1448-hls-guidance&resourceid=200-1505.html
INFO: [HLS 200-1465] Applying config ini 'part=xc7z020clg400-1' from hls_config.cfg(1)
INFO: [HLS 200-1611] Setting target device to 'xc7z020-clg400-1'
INFO: [HLS 200-1465] Applying config ini 'clock=13ns' from hls_config.cfg(10)
INFO: [SYN 201-201] Setting up clock 'default' with a period of 13ns.
INFO: [HLS 200-1465] Applying config ini 'package.output.format=ip_catalog' from hls_config.cfg(5)
INFO: [HLS 200-2176] Writing Vitis IDE component file /home/oldak/big-boi-pj/kernel/hls_component/hls_component/vitis-comp.json
INFO: [HLS 200-111] Finished File checks and directory preparation: CPU user time: 3.29 seconds. CPU system time: 0.38 seconds. Elapsed time: 3.54 seconds; current allocated memory: 489.262 MB.
INFO: [HLS 200-2191] C-Synthesis will use clang-16 as the compiler
INFO: [HLS 200-10] Analyzing design file 'kern.cpp' ... 
INFO: [HLS 200-111] Finished Source Code Analysis and Preprocessing: CPU user time: 5.88 seconds. CPU system time: 0.44 seconds. Elapsed time: 6.35 seconds; current allocated memory: 491.551 MB.
INFO: [HLS 200-777] Using interface defaults for 'Vivado' flow target.
INFO: [HLS 200-1995] There were 5,272 instructions in the design after the 'Compile/Link' phase of compilation. See the Design Size Report for more details (/home/oldak/big-boi-pj/kernel/hls_component/hls_component/hls/syn/report/csynth_design_size.rpt:2)
INFO: [HLS 200-1995] There were 6,767 instructions in the design after the 'Unroll/Inline (step 1)' phase of compilation. See the Design Size Report for more details (/home/oldak/big-boi-pj/kernel/hls_component/hls_component/hls/syn/report/csynth_design_size.rpt:2)
INFO: [HLS 200-1995] There were 4,985 instructions in the design after the 'Unroll/Inline (step 2)' phase of compilation. See the Design Size Report for more details (/home/oldak/big-boi-pj/kernel/hls_component/hls_component/hls/syn/report/csynth_design_size.rpt:2)
INFO: [HLS 200-1995] There were 4,044 instructions in the design after the 'Unroll/Inline (step 3)' phase of compilation. See the Design Size Report for more details (/home/oldak/big-boi-pj/kernel/hls_component/hls_component/hls/syn/report/csynth_design_size.rpt:2)
INFO: [HLS 200-1995] There were 3,957 instructions in the design after the 'Unroll/Inline (step 4)' phase of compilation. See the Design Size Report for more details (/home/oldak/big-boi-pj/kernel/hls_component/hls_component/hls/syn/report/csynth_design_size.rpt:2)
INFO: [HLS 200-1995] There were 75,744 instructions in the design after the 'Array/Struct' phase of compilation. See the Design Size Report for more details (/home/oldak/big-boi-pj/kernel/hls_component/hls_component/hls/syn/report/csynth_design_size.rpt:2)
INFO: [HLS 200-1995] There were 69,234 instructions in the design after the 'Array/Struct (step 2)' phase of compilation. See the Design Size Report for more details (/home/oldak/big-boi-pj/kernel/hls_component/hls_component/hls/syn/report/csynth_design_size.rpt:2)
INFO: [HLS 200-1995] There were 69,234 instructions in the design after the 'Array/Struct (step 3)' phase of compilation. See the Design Size Report for more details (/home/oldak/big-boi-pj/kernel/hls_component/hls_component/hls/syn/report/csynth_design_size.rpt:2)
INFO: [HLS 200-1995] There were 69,234 instructions in the design after the 'Array/Struct (step 4)' phase of compilation. See the Design Size Report for more details (/home/oldak/big-boi-pj/kernel/hls_component/hls_component/hls/syn/report/csynth_design_size.rpt:2)
INFO: [HLS 200-1995] There were 73,414 instructions in the design after the 'Array/Struct (step 5)' phase of compilation. See the Design Size Report for more details (/home/oldak/big-boi-pj/kernel/hls_component/hls_component/hls/syn/report/csynth_design_size.rpt:2)
INFO: [HLS 200-1995] There were 72,556 instructions in the design after the 'Performance' phase of compilation. See the Design Size Report for more details (/home/oldak/big-boi-pj/kernel/hls_component/hls_component/hls/syn/report/csynth_design_size.rpt:2)
INFO: [HLS 200-1995] There were 71,125 instructions in the design after the 'Performance (step 2)' phase of compilation. See the Design Size Report for more details (/home/oldak/big-boi-pj/kernel/hls_component/hls_component/hls/syn/report/csynth_design_size.rpt:2)
WARNING: [HLS 200-1995] There were 152,011 instructions in the design after the 'Performance (step 3)' phase of compilation. See the Design Size Report for more details (/home/oldak/big-boi-pj/kernel/hls_component/hls_component/hls/syn/report/csynth_design_size.rpt:2)
INFO: [HLS 200-1995] There were 94,263 instructions in the design after the 'Performance (step 4)' phase of compilation. See the Design Size Report for more details (/home/oldak/big-boi-pj/kernel/hls_component/hls_component/hls/syn/report/csynth_design_size.rpt:2)
INFO: [HLS 200-1995] There were 94,247 instructions in the design after the 'HW Transforms' phase of compilation. See the Design Size Report for more details (/home/oldak/big-boi-pj/kernel/hls_component/hls_component/hls/syn/report/csynth_design_size.rpt:2)
INFO: [HLS 200-1995] There were 93,406 instructions in the design after the 'HW Transforms (step 2)' phase of compilation. See the Design Size Report for more details (/home/oldak/big-boi-pj/kernel/hls_component/hls_component/hls/syn/report/csynth_design_size.rpt:2)
INFO: [HLS 214-291] Loop 'L4_K' is marked as complete unroll implied by the pipeline pragma (kern.cpp:284:19)
INFO: [HLS 214-291] Loop 'L4_KH' is marked as complete unroll implied by the pipeline pragma (kern.cpp:287:28)
INFO: [HLS 214-291] Loop 'L4_KW' is marked as complete unroll implied by the pipeline pragma (kern.cpp:289:28)
INFO: [HLS 214-291] Loop 'L3_K' is marked as complete unroll implied by the pipeline pragma (kern.cpp:221:19)
INFO: [HLS 214-291] Loop 'L3_KH' is marked as complete unroll implied by the pipeline pragma (kern.cpp:224:28)
INFO: [HLS 214-291] Loop 'L3_KW' is marked as complete unroll implied by the pipeline pragma (kern.cpp:226:28)
INFO: [HLS 214-291] Loop 'L2_K' is marked as complete unroll implied by the pipeline pragma (kern.cpp:159:19)
INFO: [HLS 214-291] Loop 'L2_KH' is marked as complete unroll implied by the pipeline pragma (kern.cpp:162:28)
INFO: [HLS 214-291] Loop 'L2_KW' is marked as complete unroll implied by the pipeline pragma (kern.cpp:164:28)
INFO: [HLS 214-291] Loop 'INIT_K' is marked as complete unroll implied by the pipeline pragma (kern.cpp:95:21)
INFO: [HLS 214-291] Loop 'INIT_KH' is marked as complete unroll implied by the pipeline pragma (kern.cpp:98:30)
INFO: [HLS 214-291] Loop 'INIT_KW' is marked as complete unroll implied by the pipeline pragma (kern.cpp:100:30)
INFO: [HLS 214-186] Unrolling loop 'VITIS_LOOP_453_2' (kern.cpp:453:27) in function 'kernel' completely with a factor of 3 (kern.cpp:356:0)
INFO: [HLS 214-186] Unrolling loop 'VITIS_LOOP_455_3' (kern.cpp:455:31) in function 'kernel' completely with a factor of 9 (kern.cpp:356:0)
INFO: [HLS 214-186] Unrolling loop 'SM_EXP' (kern.cpp:337:13) in function 'softmax' completely with a factor of 10 (kern.cpp:328:0)
INFO: [HLS 214-186] Unrolling loop 'SM_MAX' (kern.cpp:331:13) in function 'softmax' completely with a factor of 9 (kern.cpp:328:0)
INFO: [HLS 214-186] Unrolling loop 'L4_K' (kern.cpp:284:19) in function 'conv2d_l4' completely with a factor of 3 (kern.cpp:275:0)
INFO: [HLS 214-186] Unrolling loop 'L4_KH' (kern.cpp:287:28) in function 'conv2d_l4' completely with a factor of 3 (kern.cpp:275:0)
INFO: [HLS 214-186] Unrolling loop 'L4_KW' (kern.cpp:289:28) in function 'conv2d_l4' completely with a factor of 3 (kern.cpp:275:0)
INFO: [HLS 214-186] Unrolling loop 'L3_K' (kern.cpp:221:19) in function 'conv2d_l3' completely with a factor of 3 (kern.cpp:212:0)
INFO: [HLS 214-186] Unrolling loop 'L3_KH' (kern.cpp:224:28) in function 'conv2d_l3' completely with a factor of 3 (kern.cpp:212:0)
INFO: [HLS 214-186] Unrolling loop 'L3_KW' (kern.cpp:226:28) in function 'conv2d_l3' completely with a factor of 3 (kern.cpp:212:0)
INFO: [HLS 214-186] Unrolling loop 'L2_K' (kern.cpp:159:19) in function 'conv2d_l2' completely with a factor of 3 (kern.cpp:150:0)
INFO: [HLS 214-186] Unrolling loop 'L2_KH' (kern.cpp:162:28) in function 'conv2d_l2' completely with a factor of 3 (kern.cpp:150:0)
INFO: [HLS 214-186] Unrolling loop 'L2_KW' (kern.cpp:164:28) in function 'conv2d_l2' completely with a factor of 3 (kern.cpp:150:0)
INFO: [HLS 214-186] Unrolling loop 'INIT_K' (kern.cpp:95:21) in function 'conv2d_l1' completely with a factor of 3 (kern.cpp:86:0)
INFO: [HLS 214-186] Unrolling loop 'INIT_KH' (kern.cpp:98:30) in function 'conv2d_l1' completely with a factor of 3 (kern.cpp:86:0)
INFO: [HLS 214-186] Unrolling loop 'INIT_KW' (kern.cpp:100:30) in function 'conv2d_l1' completely with a factor of 3 (kern.cpp:86:0)
INFO: [HLS 214-178] Inlining function 'batch_norm_relu(int)' into 'conv2d_l1(unsigned short*, ap_uint<1> (*) [9], ap_uint<2>, int, int*, bool, int, int, ap_uint<1> (*) [16][64])' (kern.cpp:86:0)
INFO: [HLS 214-178] Inlining function 'batch_norm_relu(int)' into 'conv2d_l2(ap_uint<1> (*) [16][64], ap_uint<1> (*) [9], ap_uint<2>, int, int*, bool, int, int, ap_uint<1> (*) [8][128])' (kern.cpp:150:0)
INFO: [HLS 214-178] Inlining function 'batch_norm_relu(int)' into 'conv2d_l3(ap_uint<1> (*) [8][128], ap_uint<1> (*) [9], ap_uint<2>, int, int*, bool, int, int, ap_uint<1> (*) [4][256])' (kern.cpp:212:0)
INFO: [HLS 214-178] Inlining function 'batch_norm_relu(int)' into 'conv2d_l4(ap_uint<1> (*) [4][256], ap_uint<1> (*) [9], ap_uint<2>, int, int*, bool, int, int, ap_uint<1> (*) [2][512])' (kern.cpp:275:0)
INFO: [HLS 214-178] Inlining function 'batch_norm_relu(int)' into 'kernel' (kern.cpp:356:0)
INFO: [HLS 214-248] Applying array_partition to 'starting_image': Cyclic partitioning with factor 14 on dimension 1. (kern.cpp:385:14)
INFO: [HLS 214-248] Applying array_partition to 'packed_image_1': Cyclic partitioning with factor 14 on dimension 3. (kern.cpp:387:16)
INFO: [HLS 214-248] Applying array_partition to 'packed_image_2': Cyclic partitioning with factor 14 on dimension 3. (kern.cpp:389:16)
INFO: [HLS 214-248] Applying array_partition to 'packed_image_3': Cyclic partitioning with factor 14 on dimension 3. (kern.cpp:391:16)
INFO: [HLS 214-248] Applying array_partition to 'packed_image_4': Cyclic partitioning with factor 14 on dimension 3. (kern.cpp:393:16)
INFO: [HLS 214-248] Applying array_partition to 'mlp_hidden_1': Complete partitioning on dimension 1. (kern.cpp:397:16)
INFO: [HLS 214-248] Applying array_partition to 'mlp_hidden_2': Complete partitioning on dimension 1. (kern.cpp:398:16)
INFO: [HLS 214-248] Applying array_partition to 'buffer': Complete partitioning on dimension 1. (kern.cpp:407:11)
INFO: [HLS 214-248] Applying array_partition to 'kern_a': Complete partitioning on dimension 1. Complete partitioning on dimension 2. (kern.cpp:412:16)
WARNING: [HLS 214-358] Array transformation on index using bit extension logic may lead to poor performance. Please use int or long for array index computation to benefit from optimizations. (kern.cpp:465:17)
INFO: [HLS 214-376] Pipelining loop< VITIS_LOOP_409_1> at kern.cpp:409:23 due to pipeline_loops threshold
INFO: [HLS 214-376] Pipelining loop< OUT_STREAM> at kern.cpp:641:41 due to pipeline_loops threshold
INFO: [HLS 214-270] Inferring pragma 'array_partition type=cyclic factor=3 dim=1' for array 'packed_image_1_0' due to pipeline pragma (kern.cpp:157:1)
INFO: [HLS 214-270] Inferring pragma 'array_partition type=cyclic factor=3 dim=2' for array 'packed_image_1_0' due to pipeline pragma (kern.cpp:157:1)
INFO: [HLS 214-270] Inferring pragma 'array_partition type=cyclic factor=3 dim=1' for array 'packed_image_1_1' due to pipeline pragma (kern.cpp:157:1)
INFO: [HLS 214-270] Inferring pragma 'array_partition type=cyclic factor=3 dim=2' for array 'packed_image_1_1' due to pipeline pragma (kern.cpp:157:1)
INFO: [HLS 214-270] Inferring pragma 'array_partition type=cyclic factor=3 dim=1' for array 'packed_image_1_10' due to pipeline pragma (kern.cpp:157:1)
INFO: [HLS 214-270] Inferring pragma 'array_partition type=cyclic factor=3 dim=2' for array 'packed_image_1_10' due to pipeline pragma (kern.cpp:157:1)
INFO: [HLS 214-270] Inferring pragma 'array_partition type=cyclic factor=3 dim=1' for array 'packed_image_1_11' due to pipeline pragma (kern.cpp:157:1)
INFO: [HLS 214-270] Inferring pragma 'array_partition type=cyclic factor=3 dim=2' for array 'packed_image_1_11' due to pipeline pragma (kern.cpp:157:1)
INFO: [HLS 214-270] Inferring pragma 'array_partition type=cyclic factor=3 dim=1' for array 'packed_image_1_12' due to pipeline pragma (kern.cpp:157:1)
INFO: [HLS 214-270] Inferring pragma 'array_partition type=cyclic factor=3 dim=2' for array 'packed_image_1_12' due to pipeline pragma (kern.cpp:157:1)
INFO: [HLS 214-270] Inferring pragma 'array_partition type=cyclic factor=3 dim=1' for array 'packed_image_1_13' due to pipeline pragma (kern.cpp:157:1)
INFO: [HLS 214-270] Inferring pragma 'array_partition type=cyclic factor=3 dim=2' for array 'packed_image_1_13' due to pipeline pragma (kern.cpp:157:1)
INFO: [HLS 214-270] Inferring pragma 'array_partition type=cyclic factor=3 dim=1' for array 'packed_image_1_2' due to pipeline pragma (kern.cpp:157:1)
INFO: [HLS 214-270] Inferring pragma 'array_partition type=cyclic factor=3 dim=2' for array 'packed_image_1_2' due to pipeline pragma (kern.cpp:157:1)
INFO: [HLS 214-270] Inferring pragma 'array_partition type=cyclic factor=3 dim=1' for array 'packed_image_1_3' due to pipeline pragma (kern.cpp:157:1)
INFO: [HLS 214-270] Inferring pragma 'array_partition type=cyclic factor=3 dim=2' for array 'packed_image_1_3' due to pipeline pragma (kern.cpp:157:1)
INFO: [HLS 214-270] Inferring pragma 'array_partition type=cyclic factor=3 dim=1' for array 'packed_image_1_4' due to pipeline pragma (kern.cpp:157:1)
INFO: [HLS 214-270] Inferring pragma 'array_partition type=cyclic factor=3 dim=2' for array 'packed_image_1_4' due to pipeline pragma (kern.cpp:157:1)
INFO: [HLS 214-270] Inferring pragma 'array_partition type=cyclic factor=3 dim=1' for array 'packed_image_1_5' due to pipeline pragma (kern.cpp:157:1)
INFO: [HLS 214-270] Inferring pragma 'array_partition type=cyclic factor=3 dim=2' for array 'packed_image_1_5' due to pipeline pragma (kern.cpp:157:1)
INFO: [HLS 214-270] Inferring pragma 'array_partition type=cyclic factor=3 dim=1' for array 'packed_image_1_6' due to pipeline pragma (kern.cpp:157:1)
INFO: [HLS 214-270] Inferring pragma 'array_partition type=cyclic factor=3 dim=2' for array 'packed_image_1_6' due to pipeline pragma (kern.cpp:157:1)
INFO: [HLS 214-270] Inferring pragma 'array_partition type=cyclic factor=3 dim=1' for array 'packed_image_1_7' due to pipeline pragma (kern.cpp:157:1)
INFO: [HLS 214-270] Inferring pragma 'array_partition type=cyclic factor=3 dim=2' for array 'packed_image_1_7' due to pipeline pragma (kern.cpp:157:1)
INFO: [HLS 214-270] Inferring pragma 'array_partition type=cyclic factor=3 dim=1' for array 'packed_image_1_8' due to pipeline pragma (kern.cpp:157:1)
INFO: [HLS 214-270] Inferring pragma 'array_partition type=cyclic factor=3 dim=2' for array 'packed_image_1_8' due to pipeline pragma (kern.cpp:157:1)
INFO: [HLS 214-270] Inferring pragma 'array_partition type=cyclic factor=3 dim=1' for array 'packed_image_1_9' due to pipeline pragma (kern.cpp:157:1)
INFO: [HLS 214-270] Inferring pragma 'array_partition type=cyclic factor=3 dim=2' for array 'packed_image_1_9' due to pipeline pragma (kern.cpp:157:1)
INFO: [HLS 214-270] Inferring pragma 'array_partition type=cyclic factor=3 dim=1' for array 'packed_image_2_0' due to pipeline pragma (kern.cpp:219:1)
INFO: [HLS 214-270] Inferring pragma 'array_partition type=cyclic factor=3 dim=2' for array 'packed_image_2_0' due to pipeline pragma (kern.cpp:219:1)
INFO: [HLS 214-270] Inferring pragma 'array_partition type=cyclic factor=3 dim=1' for array 'packed_image_2_1' due to pipeline pragma (kern.cpp:219:1)
INFO: [HLS 214-270] Inferring pragma 'array_partition type=cyclic factor=3 dim=2' for array 'packed_image_2_1' due to pipeline pragma (kern.cpp:219:1)
INFO: [HLS 214-270] Inferring pragma 'array_partition type=cyclic factor=3 dim=1' for array 'packed_image_2_10' due to pipeline pragma (kern.cpp:219:1)
INFO: [HLS 214-270] Inferring pragma 'array_partition type=cyclic factor=3 dim=2' for array 'packed_image_2_10' due to pipeline pragma (kern.cpp:219:1)
INFO: [HLS 214-270] Inferring pragma 'array_partition type=cyclic factor=3 dim=1' for array 'packed_image_2_11' due to pipeline pragma (kern.cpp:219:1)
INFO: [HLS 214-270] Inferring pragma 'array_partition type=cyclic factor=3 dim=2' for array 'packed_image_2_11' due to pipeline pragma (kern.cpp:219:1)
INFO: [HLS 214-270] Inferring pragma 'array_partition type=cyclic factor=3 dim=1' for array 'packed_image_2_12' due to pipeline pragma (kern.cpp:219:1)
INFO: [HLS 214-270] Inferring pragma 'array_partition type=cyclic factor=3 dim=2' for array 'packed_image_2_12' due to pipeline pragma (kern.cpp:219:1)
INFO: [HLS 214-270] Inferring pragma 'array_partition type=cyclic factor=3 dim=1' for array 'packed_image_2_13' due to pipeline pragma (kern.cpp:219:1)
INFO: [HLS 214-270] Inferring pragma 'array_partition type=cyclic factor=3 dim=2' for array 'packed_image_2_13' due to pipeline pragma (kern.cpp:219:1)
INFO: [HLS 214-270] Inferring pragma 'array_partition type=cyclic factor=3 dim=1' for array 'packed_image_2_2' due to pipeline pragma (kern.cpp:219:1)
INFO: [HLS 214-270] Inferring pragma 'array_partition type=cyclic factor=3 dim=2' for array 'packed_image_2_2' due to pipeline pragma (kern.cpp:219:1)
INFO: [HLS 214-270] Inferring pragma 'array_partition type=cyclic factor=3 dim=1' for array 'packed_image_2_3' due to pipeline pragma (kern.cpp:219:1)
INFO: [HLS 214-270] Inferring pragma 'array_partition type=cyclic factor=3 dim=2' for array 'packed_image_2_3' due to pipeline pragma (kern.cpp:219:1)
INFO: [HLS 214-270] Inferring pragma 'array_partition type=cyclic factor=3 dim=1' for array 'packed_image_2_4' due to pipeline pragma (kern.cpp:219:1)
INFO: [HLS 214-270] Inferring pragma 'array_partition type=cyclic factor=3 dim=2' for array 'packed_image_2_4' due to pipeline pragma (kern.cpp:219:1)
INFO: [HLS 214-270] Inferring pragma 'array_partition type=cyclic factor=3 dim=1' for array 'packed_image_2_5' due to pipeline pragma (kern.cpp:219:1)
INFO: [HLS 214-270] Inferring pragma 'array_partition type=cyclic factor=3 dim=2' for array 'packed_image_2_5' due to pipeline pragma (kern.cpp:219:1)
INFO: [HLS 214-270] Inferring pragma 'array_partition type=cyclic factor=3 dim=1' for array 'packed_image_2_6' due to pipeline pragma (kern.cpp:219:1)
INFO: [HLS 214-270] Inferring pragma 'array_partition type=cyclic factor=3 dim=2' for array 'packed_image_2_6' due to pipeline pragma (kern.cpp:219:1)
INFO: [HLS 214-270] Inferring pragma 'array_partition type=cyclic factor=3 dim=1' for array 'packed_image_2_7' due to pipeline pragma (kern.cpp:219:1)
INFO: [HLS 214-270] Inferring pragma 'array_partition type=cyclic factor=3 dim=2' for array 'packed_image_2_7' due to pipeline pragma (kern.cpp:219:1)
INFO: [HLS 214-270] Inferring pragma 'array_partition type=cyclic factor=3 dim=1' for array 'packed_image_2_8' due to pipeline pragma (kern.cpp:219:1)
INFO: [HLS 214-270] Inferring pragma 'array_partition type=cyclic factor=3 dim=2' for array 'packed_image_2_8' due to pipeline pragma (kern.cpp:219:1)
INFO: [HLS 214-270] Inferring pragma 'array_partition type=cyclic factor=3 dim=1' for array 'packed_image_2_9' due to pipeline pragma (kern.cpp:219:1)
INFO: [HLS 214-270] Inferring pragma 'array_partition type=cyclic factor=3 dim=2' for array 'packed_image_2_9' due to pipeline pragma (kern.cpp:219:1)
INFO: [HLS 214-270] Inferring pragma 'array_partition type=complete dim=1' for array 'packed_image_3_0' due to pipeline pragma (kern.cpp:282:1)
INFO: [HLS 214-270] Inferring pragma 'array_partition type=complete dim=2' for array 'packed_image_3_0' due to pipeline pragma (kern.cpp:282:1)
INFO: [HLS 214-270] Inferring pragma 'array_partition type=complete dim=1' for array 'packed_image_3_1' due to pipeline pragma (kern.cpp:282:1)
INFO: [HLS 214-270] Inferring pragma 'array_partition type=complete dim=2' for array 'packed_image_3_1' due to pipeline pragma (kern.cpp:282:1)
INFO: [HLS 214-270] Inferring pragma 'array_partition type=complete dim=1' for array 'packed_image_3_10' due to pipeline pragma (kern.cpp:282:1)
INFO: [HLS 214-270] Inferring pragma 'array_partition type=complete dim=2' for array 'packed_image_3_10' due to pipeline pragma (kern.cpp:282:1)
INFO: [HLS 214-270] Inferring pragma 'array_partition type=complete dim=1' for array 'packed_image_3_11' due to pipeline pragma (kern.cpp:282:1)
INFO: [HLS 214-270] Inferring pragma 'array_partition type=complete dim=2' for array 'packed_image_3_11' due to pipeline pragma (kern.cpp:282:1)
INFO: [HLS 214-270] Inferring pragma 'array_partition type=complete dim=1' for array 'packed_image_3_12' due to pipeline pragma (kern.cpp:282:1)
INFO: [HLS 214-270] Inferring pragma 'array_partition type=complete dim=2' for array 'packed_image_3_12' due to pipeline pragma (kern.cpp:282:1)
INFO: [HLS 214-270] Inferring pragma 'array_partition type=complete dim=1' for array 'packed_image_3_13' due to pipeline pragma (kern.cpp:282:1)
INFO: [HLS 214-270] Inferring pragma 'array_partition type=complete dim=2' for array 'packed_image_3_13' due to pipeline pragma (kern.cpp:282:1)
INFO: [HLS 214-270] Inferring pragma 'array_partition type=complete dim=1' for array 'packed_image_3_2' due to pipeline pragma (kern.cpp:282:1)
INFO: [HLS 214-270] Inferring pragma 'array_partition type=complete dim=2' for array 'packed_image_3_2' due to pipeline pragma (kern.cpp:282:1)
INFO: [HLS 214-270] Inferring pragma 'array_partition type=complete dim=1' for array 'packed_image_3_3' due to pipeline pragma (kern.cpp:282:1)
INFO: [HLS 214-270] Inferring pragma 'array_partition type=complete dim=2' for array 'packed_image_3_3' due to pipeline pragma (kern.cpp:282:1)
INFO: [HLS 214-270] Inferring pragma 'array_partition type=complete dim=1' for array 'packed_image_3_4' due to pipeline pragma (kern.cpp:282:1)
INFO: [HLS 214-270] Inferring pragma 'array_partition type=complete dim=2' for array 'packed_image_3_4' due to pipeline pragma (kern.cpp:282:1)
INFO: [HLS 214-270] Inferring pragma 'array_partition type=complete dim=1' for array 'packed_image_3_5' due to pipeline pragma (kern.cpp:282:1)
INFO: [HLS 214-270] Inferring pragma 'array_partition type=complete dim=2' for array 'packed_image_3_5' due to pipeline pragma (kern.cpp:282:1)
INFO: [HLS 214-270] Inferring pragma 'array_partition type=complete dim=1' for array 'packed_image_3_6' due to pipeline pragma (kern.cpp:282:1)
INFO: [HLS 214-270] Inferring pragma 'array_partition type=complete dim=2' for array 'packed_image_3_6' due to pipeline pragma (kern.cpp:282:1)
INFO: [HLS 214-270] Inferring pragma 'array_partition type=complete dim=1' for array 'packed_image_3_7' due to pipeline pragma (kern.cpp:282:1)
INFO: [HLS 214-270] Inferring pragma 'array_partition type=complete dim=2' for array 'packed_image_3_7' due to pipeline pragma (kern.cpp:282:1)
INFO: [HLS 214-270] Inferring pragma 'array_partition type=complete dim=1' for array 'packed_image_3_8' due to pipeline pragma (kern.cpp:282:1)
INFO: [HLS 214-270] Inferring pragma 'array_partition type=complete dim=2' for array 'packed_image_3_8' due to pipeline pragma (kern.cpp:282:1)
INFO: [HLS 214-270] Inferring pragma 'array_partition type=complete dim=1' for array 'packed_image_3_9' due to pipeline pragma (kern.cpp:282:1)
INFO: [HLS 214-270] Inferring pragma 'array_partition type=complete dim=2' for array 'packed_image_3_9' due to pipeline pragma (kern.cpp:282:1)
INFO: [HLS 214-248] Applying array_partition to 'packed_image_1_0': Cyclic partitioning with factor 3 on dimension 1. Cyclic partitioning with factor 3 on dimension 2. (kern.cpp:387:16)
INFO: [HLS 214-248] Applying array_partition to 'packed_image_1_1': Cyclic partitioning with factor 3 on dimension 1. Cyclic partitioning with factor 3 on dimension 2. (kern.cpp:387:16)
INFO: [HLS 214-248] Applying array_partition to 'packed_image_1_2': Cyclic partitioning with factor 3 on dimension 1. Cyclic partitioning with factor 3 on dimension 2. (kern.cpp:387:16)
INFO: [HLS 214-248] Applying array_partition to 'packed_image_1_3': Cyclic partitioning with factor 3 on dimension 1. Cyclic partitioning with factor 3 on dimension 2. (kern.cpp:387:16)
INFO: [HLS 214-248] Applying array_partition to 'packed_image_1_4': Cyclic partitioning with factor 3 on dimension 1. Cyclic partitioning with factor 3 on dimension 2. (kern.cpp:387:16)
INFO: [HLS 214-248] Applying array_partition to 'packed_image_1_5': Cyclic partitioning with factor 3 on dimension 1. Cyclic partitioning with factor 3 on dimension 2. (kern.cpp:387:16)
INFO: [HLS 214-248] Applying array_partition to 'packed_image_1_6': Cyclic partitioning with factor 3 on dimension 1. Cyclic partitioning with factor 3 on dimension 2. (kern.cpp:387:16)
INFO: [HLS 214-248] Applying array_partition to 'packed_image_1_7': Cyclic partitioning with factor 3 on dimension 1. Cyclic partitioning with factor 3 on dimension 2. (kern.cpp:387:16)
INFO: [HLS 214-248] Applying array_partition to 'packed_image_1_8': Cyclic partitioning with factor 3 on dimension 1. Cyclic partitioning with factor 3 on dimension 2. (kern.cpp:387:16)
INFO: [HLS 214-248] Applying array_partition to 'packed_image_1_9': Cyclic partitioning with factor 3 on dimension 1. Cyclic partitioning with factor 3 on dimension 2. (kern.cpp:387:16)
INFO: [HLS 214-248] Applying array_partition to 'packed_image_1_10': Cyclic partitioning with factor 3 on dimension 1. Cyclic partitioning with factor 3 on dimension 2. (kern.cpp:387:16)
INFO: [HLS 214-248] Applying array_partition to 'packed_image_1_11': Cyclic partitioning with factor 3 on dimension 1. Cyclic partitioning with factor 3 on dimension 2. (kern.cpp:387:16)
INFO: [HLS 214-248] Applying array_partition to 'packed_image_1_12': Cyclic partitioning with factor 3 on dimension 1. Cyclic partitioning with factor 3 on dimension 2. (kern.cpp:387:16)
INFO: [HLS 214-248] Applying array_partition to 'packed_image_1_13': Cyclic partitioning with factor 3 on dimension 1. Cyclic partitioning with factor 3 on dimension 2. (kern.cpp:387:16)
INFO: [HLS 214-248] Applying array_partition to 'packed_image_2_0': Cyclic partitioning with factor 3 on dimension 1. Cyclic partitioning with factor 3 on dimension 2. (kern.cpp:389:16)
INFO: [HLS 214-248] Applying array_partition to 'packed_image_2_1': Cyclic partitioning with factor 3 on dimension 1. Cyclic partitioning with factor 3 on dimension 2. (kern.cpp:389:16)
INFO: [HLS 214-248] Applying array_partition to 'packed_image_2_2': Cyclic partitioning with factor 3 on dimension 1. Cyclic partitioning with factor 3 on dimension 2. (kern.cpp:389:16)
INFO: [HLS 214-248] Applying array_partition to 'packed_image_2_3': Cyclic partitioning with factor 3 on dimension 1. Cyclic partitioning with factor 3 on dimension 2. (kern.cpp:389:16)
INFO: [HLS 214-248] Applying array_partition to 'packed_image_2_4': Cyclic partitioning with factor 3 on dimension 1. Cyclic partitioning with factor 3 on dimension 2. (kern.cpp:389:16)
INFO: [HLS 214-248] Applying array_partition to 'packed_image_2_5': Cyclic partitioning with factor 3 on dimension 1. Cyclic partitioning with factor 3 on dimension 2. (kern.cpp:389:16)
INFO: [HLS 214-248] Applying array_partition to 'packed_image_2_6': Cyclic partitioning with factor 3 on dimension 1. Cyclic partitioning with factor 3 on dimension 2. (kern.cpp:389:16)
INFO: [HLS 214-248] Applying array_partition to 'packed_image_2_7': Cyclic partitioning with factor 3 on dimension 1. Cyclic partitioning with factor 3 on dimension 2. (kern.cpp:389:16)
INFO: [HLS 214-248] Applying array_partition to 'packed_image_2_8': Cyclic partitioning with factor 3 on dimension 1. Cyclic partitioning with factor 3 on dimension 2. (kern.cpp:389:16)
INFO: [HLS 214-248] Applying array_partition to 'packed_image_2_9': Cyclic partitioning with factor 3 on dimension 1. Cyclic partitioning with factor 3 on dimension 2. (kern.cpp:389:16)
INFO: [HLS 214-248] Applying array_partition to 'packed_image_2_10': Cyclic partitioning with factor 3 on dimension 1. Cyclic partitioning with factor 3 on dimension 2. (kern.cpp:389:16)
INFO: [HLS 214-248] Applying array_partition to 'packed_image_2_11': Cyclic partitioning with factor 3 on dimension 1. Cyclic partitioning with factor 3 on dimension 2. (kern.cpp:389:16)
INFO: [HLS 214-248] Applying array_partition to 'packed_image_2_12': Cyclic partitioning with factor 3 on dimension 1. Cyclic partitioning with factor 3 on dimension 2. (kern.cpp:389:16)
INFO: [HLS 214-248] Applying array_partition to 'packed_image_2_13': Cyclic partitioning with factor 3 on dimension 1. Cyclic partitioning with factor 3 on dimension 2. (kern.cpp:389:16)
INFO: [HLS 214-248] Applying array_partition to 'packed_image_3_0': Complete partitioning on dimension 1. Complete partitioning on dimension 2. (kern.cpp:391:16)
INFO: [HLS 214-248] Applying array_partition to 'packed_image_3_1': Complete partitioning on dimension 1. Complete partitioning on dimension 2. (kern.cpp:391:16)
INFO: [HLS 214-248] Applying array_partition to 'packed_image_3_2': Complete partitioning on dimension 1. Complete partitioning on dimension 2. (kern.cpp:391:16)
INFO: [HLS 214-248] Applying array_partition to 'packed_image_3_3': Complete partitioning on dimension 1. Complete partitioning on dimension 2. (kern.cpp:391:16)
INFO: [HLS 214-248] Applying array_partition to 'packed_image_3_4': Complete partitioning on dimension 1. Complete partitioning on dimension 2. (kern.cpp:391:16)
INFO: [HLS 214-248] Applying array_partition to 'packed_image_3_5': Complete partitioning on dimension 1. Complete partitioning on dimension 2. (kern.cpp:391:16)
INFO: [HLS 214-248] Applying array_partition to 'packed_image_3_6': Complete partitioning on dimension 1. Complete partitioning on dimension 2. (kern.cpp:391:16)
INFO: [HLS 214-248] Applying array_partition to 'packed_image_3_7': Complete partitioning on dimension 1. Complete partitioning on dimension 2. (kern.cpp:391:16)
INFO: [HLS 214-248] Applying array_partition to 'packed_image_3_8': Complete partitioning on dimension 1. Complete partitioning on dimension 2. (kern.cpp:391:16)
INFO: [HLS 214-248] Applying array_partition to 'packed_image_3_9': Complete partitioning on dimension 1. Complete partitioning on dimension 2. (kern.cpp:391:16)
INFO: [HLS 214-248] Applying array_partition to 'packed_image_3_10': Complete partitioning on dimension 1. Complete partitioning on dimension 2. (kern.cpp:391:16)
INFO: [HLS 214-248] Applying array_partition to 'packed_image_3_11': Complete partitioning on dimension 1. Complete partitioning on dimension 2. (kern.cpp:391:16)
INFO: [HLS 214-248] Applying array_partition to 'packed_image_3_12': Complete partitioning on dimension 1. Complete partitioning on dimension 2. (kern.cpp:391:16)
INFO: [HLS 214-248] Applying array_partition to 'packed_image_3_13': Complete partitioning on dimension 1. Complete partitioning on dimension 2. (kern.cpp:391:16)
INFO: [HLS 200-111] Finished Compiling Optimization and Transform: CPU user time: 1409.5 seconds. CPU system time: 0.88 seconds. Elapsed time: 1414.19 seconds; current allocated memory: 498.617 MB.
INFO: [HLS 200-111] Finished Checking Pragmas: CPU user time: 0 seconds. CPU system time: 0 seconds. Elapsed time: 0 seconds; current allocated memory: 498.617 MB.
INFO: [HLS 200-10] Starting code transformations ...
INFO: [HLS 200-111] Finished Standard Transforms: CPU user time: 49.27 seconds. CPU system time: 0.13 seconds. Elapsed time: 49.42 seconds; current allocated memory: 627.652 MB.
INFO: [HLS 200-10] Checking synthesizability ...
INFO: [HLS 200-111] Finished Checking Synthesizability: CPU user time: 21.55 seconds. CPU system time: 0.04 seconds. Elapsed time: 21.59 seconds; current allocated memory: 784.078 MB.
INFO: [XFORM 203-401] Performing if-conversion on hyperblock from (kern.cpp:564:1) in function 'kernel'... converting 3 basic blocks.
INFO: [XFORM 203-401] Performing if-conversion on hyperblock from (kern.cpp:595:1) in function 'kernel'... converting 3 basic blocks.
INFO: [XFORM 203-401] Performing if-conversion on hyperblock from (kern.cpp:624:1) in function 'kernel'... converting 3 basic blocks.
INFO: [XFORM 203-401] Performing if-conversion on hyperblock from (kern.cpp:282:1) to (kern.cpp:300:34) in function 'conv2d_l4'... converting 52 basic blocks.
INFO: [XFORM 203-401] Performing if-conversion on hyperblock from (kern.cpp:219:1) to (kern.cpp:237:34) in function 'conv2d_l3'... converting 52 basic blocks.
INFO: [XFORM 203-401] Performing if-conversion on hyperblock from (kern.cpp:157:1) to (kern.cpp:175:34) in function 'conv2d_l2'... converting 52 basic blocks.
INFO: [XFORM 203-401] Performing if-conversion on hyperblock from (kern.cpp:93:1) to (kern.cpp:111:34) in function 'conv2d_l1'... converting 52 basic blocks.
INFO: [XFORM 203-11] Balancing expressions in function 'softmax' (kern.cpp:330:14)...17 expression(s) balanced.
INFO: [HLS 200-111] Finished Loop, function and other optimizations: CPU user time: 232.42 seconds. CPU system time: 0.3 seconds. Elapsed time: 232.74 seconds; current allocated memory: 1.448 GB.
INFO: [HLS 200-2061] Successfully converted nested loops 'L4_H'(kern.cpp:280:15) and 'L4_W'(kern.cpp:281:15) in function 'conv2d_l4' into perfectly nested loops.
INFO: [HLS 200-2061] Successfully converted nested loops 'L4_FH'(kern.cpp:304:16) and 'L4_FW'(kern.cpp:305:16) in function 'conv2d_l4' into perfectly nested loops.
INFO: [HLS 200-2061] Successfully converted nested loops 'L3_H'(kern.cpp:217:15) and 'L3_W'(kern.cpp:218:15) in function 'conv2d_l3' into perfectly nested loops.
INFO: [HLS 200-2061] Successfully converted nested loops 'L3_FH'(kern.cpp:241:16) and 'L3_FW'(kern.cpp:242:16) in function 'conv2d_l3' into perfectly nested loops.
INFO: [HLS 200-2061] Successfully converted nested loops 'L2_H'(kern.cpp:155:15) and 'L2_W'(kern.cpp:156:15) in function 'conv2d_l2' into perfectly nested loops.
INFO: [HLS 200-2061] Successfully converted nested loops 'L2_FH'(kern.cpp:179:16) and 'L2_FW'(kern.cpp:180:16) in function 'conv2d_l2' into perfectly nested loops.
INFO: [HLS 200-2061] Successfully converted nested loops 'INIT_H'(kern.cpp:91:17) and 'INIT_W'(kern.cpp:92:17) in function 'conv2d_l1' into perfectly nested loops.
INFO: [HLS 200-2061] Successfully converted nested loops 'INIT_FH'(kern.cpp:115:18) and 'INIT_FW'(kern.cpp:116:18) in function 'conv2d_l1' into perfectly nested loops.
INFO: [XFORM 203-541] Flattening a loop nest 'L4_H' (kern.cpp:280:15) in function 'conv2d_l4'.
INFO: [XFORM 203-541] Flattening a loop nest 'L4_FH' (kern.cpp:304:16) in function 'conv2d_l4'.
INFO: [XFORM 203-541] Flattening a loop nest 'L3_H' (kern.cpp:217:15) in function 'conv2d_l3'.
INFO: [XFORM 203-541] Flattening a loop nest 'L3_FH' (kern.cpp:241:16) in function 'conv2d_l3'.
INFO: [XFORM 203-541] Flattening a loop nest 'L2_H' (kern.cpp:155:15) in function 'conv2d_l2'.
INFO: [XFORM 203-541] Flattening a loop nest 'L2_FH' (kern.cpp:179:16) in function 'conv2d_l2'.
INFO: [XFORM 203-541] Flattening a loop nest 'INIT_H' (kern.cpp:91:17) in function 'conv2d_l1'.
INFO: [XFORM 203-541] Flattening a loop nest 'INIT_FH' (kern.cpp:115:18) in function 'conv2d_l1'.
INFO: [HLS 200-111] Finished Architecture Synthesis: CPU user time: 344.91 seconds. CPU system time: 0.29 seconds. Elapsed time: 345.44 seconds; current allocated memory: 2.278 GB.
INFO: [HLS 200-10] Starting hardware synthesis ...
INFO: [HLS 200-10] Synthesizing 'kernel' ...
INFO: [HLS 200-10] ----------------------------------------------------------------
INFO: [HLS 200-42] -- Implementing module 'kernel_Pipeline_VITIS_LOOP_409_1' 
INFO: [HLS 200-10] ----------------------------------------------------------------
INFO: [SCHED 204-11] Starting scheduling ...
INFO: [SCHED 204-61] Pipelining loop 'VITIS_LOOP_409_1'.
INFO: [HLS 200-1470] Pipelining result : Target II = NA, Final II = 1, Depth = 1, loop 'VITIS_LOOP_409_1'
INFO: [SCHED 204-11] Finished scheduling.
INFO: [HLS 200-111] Finished Scheduling: CPU user time: 165.32 seconds. CPU system time: 0.14 seconds. Elapsed time: 165.5 seconds; current allocated memory: 2.325 GB.
INFO: [BIND 205-100] Starting micro-architecture generation ...
INFO: [BIND 205-101] Performing variable lifetime analysis.
INFO: [BIND 205-101] Exploring resource sharing.
INFO: [BIND 205-101] Binding ...
INFO: [BIND 205-100] Finished micro-architecture generation.
INFO: [HLS 200-111] Finished Binding: CPU user time: 7.25 seconds. CPU system time: 0.02 seconds. Elapsed time: 7.26 seconds; current allocated memory: 2.325 GB.
INFO: [HLS 200-10] ----------------------------------------------------------------
INFO: [HLS 200-42] -- Implementing module 'kernel_Pipeline_MLP2_BITS' 
INFO: [HLS 200-10] ----------------------------------------------------------------
INFO: [SCHED 204-11] Starting scheduling ...
INFO: [SCHED 204-61] Pipelining loop 'MLP2_BITS'.
INFO: [HLS 200-1470] Pipelining result : Target II = 1, Final II = 1, Depth = 2, loop 'MLP2_BITS'
INFO: [SCHED 204-11] Finished scheduling.
INFO: [HLS 200-111] Finished Scheduling: CPU user time: 1.46 seconds. CPU system time: 0.01 seconds. Elapsed time: 1.48 seconds; current allocated memory: 2.325 GB.
INFO: [BIND 205-100] Starting micro-architecture generation ...
INFO: [BIND 205-101] Performing variable lifetime analysis.
INFO: [BIND 205-101] Exploring resource sharing.
INFO: [BIND 205-101] Binding ...
INFO: [BIND 205-100] Finished micro-architecture generation.
INFO: [HLS 200-111] Finished Binding: CPU user time: 0.08 seconds. CPU system time: 0.01 seconds. Elapsed time: 0.09 seconds; current allocated memory: 2.325 GB.
INFO: [HLS 200-10] ----------------------------------------------------------------
INFO: [HLS 200-42] -- Implementing module 'kernel_Pipeline_MLP1_BITS' 
INFO: [HLS 200-10] ----------------------------------------------------------------
INFO: [SCHED 204-11] Starting scheduling ...
INFO: [HLS 200-486] Changing DSP latency (root=add_ln571_1) to 3 in order to utilize available DSP registers.
INFO: [SCHED 204-61] Pipelining loop 'MLP1_BITS'.
INFO: [HLS 200-1470] Pipelining result : Target II = 1, Final II = 1, Depth = 38, loop 'MLP1_BITS'
INFO: [SCHED 204-11] Finished scheduling.
INFO: [HLS 200-111] Finished Scheduling: CPU user time: 0.16 seconds. CPU system time: 0.02 seconds. Elapsed time: 0.17 seconds; current allocated memory: 2.325 GB.
INFO: [BIND 205-100] Starting micro-architecture generation ...
INFO: [BIND 205-101] Performing variable lifetime analysis.
INFO: [BIND 205-101] Exploring resource sharing.
INFO: [BIND 205-101] Binding ...
INFO: [BIND 205-100] Finished micro-architecture generation.
INFO: [HLS 200-111] Finished Binding: CPU user time: 0.03 seconds. CPU system time: 0 seconds. Elapsed time: 0.03 seconds; current allocated memory: 2.325 GB.
INFO: [HLS 200-10] ----------------------------------------------------------------
INFO: [HLS 200-42] -- Implementing module 'conv2d_l4_Pipeline_L4_H_L4_W' 
INFO: [HLS 200-10] ----------------------------------------------------------------
INFO: [SCHED 204-11] Starting scheduling ...
INFO: [SCHED 204-61] Pipelining loop 'L4_H_L4_W'.
INFO: [HLS 200-1470] Pipelining result : Target II = 1, Final II = 1, Depth = 12, loop 'L4_H_L4_W'
INFO: [SCHED 204-11] Finished scheduling.
INFO: [HLS 200-111] Finished Scheduling: CPU user time: 1.17 seconds. CPU system time: 0 seconds. Elapsed time: 1.17 seconds; current allocated memory: 2.353 GB.
INFO: [BIND 205-100] Starting micro-architecture generation ...
INFO: [BIND 205-101] Performing variable lifetime analysis.
INFO: [BIND 205-101] Exploring resource sharing.
INFO: [BIND 205-101] Binding ...
INFO: [BIND 205-100] Finished micro-architecture generation.
INFO: [HLS 200-111] Finished Binding: CPU user time: 0.43 seconds. CPU system time: 0.01 seconds. Elapsed time: 0.45 seconds; current allocated memory: 2.353 GB.
INFO: [HLS 200-10] ----------------------------------------------------------------
INFO: [HLS 200-42] -- Implementing module 'conv2d_l4_Pipeline_L4_FH_L4_FW' 
INFO: [HLS 200-10] ----------------------------------------------------------------
INFO: [SCHED 204-11] Starting scheduling ...
INFO: [HLS 200-486] Changing DSP latency (root=add_ln314) to 3 in order to utilize available DSP registers.
INFO: [SCHED 204-61] Pipelining loop 'L4_FH_L4_FW'.
INFO: [HLS 200-1470] Pipelining result : Target II = 1, Final II = 1, Depth = 4, loop 'L4_FH_L4_FW'
INFO: [SCHED 204-11] Finished scheduling.
INFO: [HLS 200-111] Finished Scheduling: CPU user time: 0.35 seconds. CPU system time: 0.02 seconds. Elapsed time: 0.36 seconds; current allocated memory: 2.353 GB.
INFO: [BIND 205-100] Starting micro-architecture generation ...
INFO: [BIND 205-101] Performing variable lifetime analysis.
INFO: [BIND 205-101] Exploring resource sharing.
INFO: [BIND 205-101] Binding ...
INFO: [BIND 205-100] Finished micro-architecture generation.
INFO: [HLS 200-111] Finished Binding: CPU user time: 0.05 seconds. CPU system time: 0 seconds. Elapsed time: 0.05 seconds; current allocated memory: 2.353 GB.
INFO: [HLS 200-10] ----------------------------------------------------------------
INFO: [HLS 200-42] -- Implementing module 'conv2d_l4' 
INFO: [HLS 200-10] ----------------------------------------------------------------
INFO: [SCHED 204-11] Starting scheduling ...
INFO: [SCHED 204-11] Finished scheduling.
INFO: [HLS 200-111] Finished Scheduling: CPU user time: 1.81 seconds. CPU system time: 0.01 seconds. Elapsed time: 1.82 seconds; current allocated memory: 2.357 GB.
INFO: [BIND 205-100] Starting micro-architecture generation ...
INFO: [BIND 205-101] Performing variable lifetime analysis.
INFO: [BIND 205-101] Exploring resource sharing.
INFO: [BIND 205-101] Binding ...
INFO: [BIND 205-100] Finished micro-architecture generation.
INFO: [HLS 200-111] Finished Binding: CPU user time: 0.27 seconds. CPU system time: 0 seconds. Elapsed time: 0.29 seconds; current allocated memory: 2.357 GB.
INFO: [HLS 200-10] ----------------------------------------------------------------
INFO: [HLS 200-42] -- Implementing module 'conv2d_l3_Pipeline_L3_H_L3_W' 
INFO: [HLS 200-10] ----------------------------------------------------------------
INFO: [SCHED 204-11] Starting scheduling ...
INFO: [SCHED 204-61] Pipelining loop 'L3_H_L3_W'.
INFO: [HLS 200-1470] Pipelining result : Target II = 1, Final II = 1, Depth = 81, loop 'L3_H_L3_W'
INFO: [SCHED 204-11] Finished scheduling.
INFO: [HLS 200-111] Finished Scheduling: CPU user time: 1203.16 seconds. CPU system time: 0.13 seconds. Elapsed time: 1203.49 seconds; current allocated memory: 2.611 GB.
INFO: [BIND 205-100] Starting micro-architecture generation ...
INFO: [BIND 205-101] Performing variable lifetime analysis.
INFO: [BIND 205-101] Exploring resource sharing.
INFO: [BIND 205-101] Binding ...
INFO: [BIND 205-100] Finished micro-architecture generation.
INFO: [HLS 200-111] Finished Binding: CPU user time: 4.43 seconds. CPU system time: 0.04 seconds. Elapsed time: 4.47 seconds; current allocated memory: 2.611 GB.
INFO: [HLS 200-10] ----------------------------------------------------------------
INFO: [HLS 200-42] -- Implementing module 'conv2d_l3_Pipeline_L3_FH_L3_FW' 
INFO: [HLS 200-10] ----------------------------------------------------------------
INFO: [SCHED 204-11] Starting scheduling ...
INFO: [SCHED 204-61] Pipelining loop 'L3_FH_L3_FW'.
INFO: [HLS 200-1470] Pipelining result : Target II = 1, Final II = 1, Depth = 2, loop 'L3_FH_L3_FW'
INFO: [SCHED 204-11] Finished scheduling.
INFO: [HLS 200-111] Finished Scheduling: CPU user time: 3.6 seconds. CPU system time: 0.06 seconds. Elapsed time: 3.66 seconds; current allocated memory: 2.611 GB.
INFO: [BIND 205-100] Starting micro-architecture generation ...
INFO: [BIND 205-101] Performing variable lifetime analysis.
INFO: [BIND 205-101] Exploring resource sharing.
INFO: [BIND 205-101] Binding ...
INFO: [BIND 205-100] Finished micro-architecture generation.
INFO: [HLS 200-111] Finished Binding: CPU user time: 0.4 seconds. CPU system time: 0.01 seconds. Elapsed time: 0.42 seconds; current allocated memory: 2.611 GB.
INFO: [HLS 200-10] ----------------------------------------------------------------
INFO: [HLS 200-42] -- Implementing module 'conv2d_l3' 
INFO: [HLS 200-10] ----------------------------------------------------------------
INFO: [SCHED 204-11] Starting scheduling ...
INFO: [SCHED 204-11] Finished scheduling.
INFO: [HLS 200-111] Finished Scheduling: CPU user time: 0.59 seconds. CPU system time: 0.01 seconds. Elapsed time: 0.6 seconds; current allocated memory: 2.611 GB.
INFO: [BIND 205-100] Starting micro-architecture generation ...
INFO: [BIND 205-101] Performing variable lifetime analysis.
INFO: [BIND 205-101] Exploring resource sharing.
INFO: [BIND 205-101] Binding ...
INFO: [BIND 205-100] Finished micro-architecture generation.
INFO: [HLS 200-111] Finished Binding: CPU user time: 0.18 seconds. CPU system time: 0 seconds. Elapsed time: 0.18 seconds; current allocated memory: 2.611 GB.
INFO: [HLS 200-10] ----------------------------------------------------------------
INFO: [HLS 200-42] -- Implementing module 'conv2d_l2_Pipeline_L2_H_L2_W' 
INFO: [HLS 200-10] ----------------------------------------------------------------
INFO: [SCHED 204-11] Starting scheduling ...
INFO: [SCHED 204-61] Pipelining loop 'L2_H_L2_W'.
INFO: [HLS 200-1470] Pipelining result : Target II = 1, Final II = 1, Depth = 21, loop 'L2_H_L2_W'
INFO: [SCHED 204-11] Finished scheduling.
INFO: [HLS 200-111] Finished Scheduling: CPU user time: 1191.08 seconds. CPU system time: 0.22 seconds. Elapsed time: 1191.66 seconds; current allocated memory: 2.986 GB.
INFO: [BIND 205-100] Starting micro-architecture generation ...
INFO: [BIND 205-101] Performing variable lifetime analysis.
INFO: [BIND 205-101] Exploring resource sharing.
INFO: [BIND 205-101] Binding ...
INFO: [BIND 205-100] Finished micro-architecture generation.
INFO: [HLS 200-111] Finished Binding: CPU user time: 8.39 seconds. CPU system time: 0.07 seconds. Elapsed time: 8.46 seconds; current allocated memory: 2.986 GB.
INFO: [HLS 200-10] ----------------------------------------------------------------
INFO: [HLS 200-42] -- Implementing module 'conv2d_l2_Pipeline_L2_FH_L2_FW' 
INFO: [HLS 200-10] ----------------------------------------------------------------
INFO: [SCHED 204-11] Starting scheduling ...
INFO: [SCHED 204-61] Pipelining loop 'L2_FH_L2_FW'.
INFO: [HLS 200-1470] Pipelining result : Target II = 1, Final II = 1, Depth = 8, loop 'L2_FH_L2_FW'
INFO: [SCHED 204-11] Finished scheduling.
INFO: [HLS 200-111] Finished Scheduling: CPU user time: 17.99 seconds. CPU system time: 0.07 seconds. Elapsed time: 18.05 seconds; current allocated memory: 2.986 GB.
INFO: [BIND 205-100] Starting micro-architecture generation ...
INFO: [BIND 205-101] Performing variable lifetime analysis.
INFO: [BIND 205-101] Exploring resource sharing.
INFO: [BIND 205-101] Binding ...
INFO: [BIND 205-100] Finished micro-architecture generation.
INFO: [HLS 200-111] Finished Binding: CPU user time: 1.52 seconds. CPU system time: 0.02 seconds. Elapsed time: 1.54 seconds; current allocated memory: 2.986 GB.
INFO: [HLS 200-10] ----------------------------------------------------------------
INFO: [HLS 200-42] -- Implementing module 'conv2d_l2' 
INFO: [HLS 200-10] ----------------------------------------------------------------
INFO: [SCHED 204-11] Starting scheduling ...
INFO: [SCHED 204-11] Finished scheduling.
INFO: [HLS 200-111] Finished Scheduling: CPU user time: 3.85 seconds. CPU system time: 0.02 seconds. Elapsed time: 3.86 seconds; current allocated memory: 2.986 GB.
INFO: [BIND 205-100] Starting micro-architecture generation ...
INFO: [BIND 205-101] Performing variable lifetime analysis.
INFO: [BIND 205-101] Exploring resource sharing.
INFO: [BIND 205-101] Binding ...
INFO: [BIND 205-100] Finished micro-architecture generation.
INFO: [HLS 200-111] Finished Binding: CPU user time: 0.74 seconds. CPU system time: 0.01 seconds. Elapsed time: 0.75 seconds; current allocated memory: 2.986 GB.
INFO: [HLS 200-10] ----------------------------------------------------------------
INFO: [HLS 200-42] -- Implementing module 'conv2d_l1_Pipeline_INIT_H_INIT_W' 
INFO: [HLS 200-10] ----------------------------------------------------------------
INFO: [SCHED 204-11] Starting scheduling ...
INFO: [HLS 200-1457] Automatically inferring inferring RAM_1WNR storage type for array 'input_13'. Use bind_storage pragma to override this type.
INFO: [HLS 200-1457] Automatically inferring inferring RAM_1WNR storage type for array 'input_12'. Use bind_storage pragma to override this type.
INFO: [HLS 200-1457] Automatically inferring inferring RAM_1WNR storage type for array 'input_11'. Use bind_storage pragma to override this type.
INFO: [HLS 200-1457] Automatically inferring inferring RAM_1WNR storage type for array 'input_10'. Use bind_storage pragma to override this type.
INFO: [HLS 200-1457] Automatically inferring inferring RAM_1WNR storage type for array 'input_9'. Use bind_storage pragma to override this type.
INFO: [HLS 200-1457] Automatically inferring inferring RAM_1WNR storage type for array 'input_8'. Use bind_storage pragma to override this type.
INFO: [HLS 200-1457] Automatically inferring inferring RAM_1WNR storage type for array 'input_7'. Use bind_storage pragma to override this type.
INFO: [HLS 200-1457] Automatically inferring inferring RAM_1WNR storage type for array 'input_6'. Use bind_storage pragma to override this type.
INFO: [HLS 200-1457] Automatically inferring inferring RAM_1WNR storage type for array 'input_5'. Use bind_storage pragma to override this type.
INFO: [HLS 200-1457] Automatically inferring inferring RAM_1WNR storage type for array 'input_4'. Use bind_storage pragma to override this type.
INFO: [HLS 200-1457] Automatically inferring inferring RAM_1WNR storage type for array 'input_3'. Use bind_storage pragma to override this type.
INFO: [HLS 200-1457] Automatically inferring inferring RAM_1WNR storage type for array 'input_2'. Use bind_storage pragma to override this type.
INFO: [HLS 200-1457] Automatically inferring inferring RAM_1WNR storage type for array 'input_1'. Use bind_storage pragma to override this type.
INFO: [HLS 200-1457] Automatically inferring inferring RAM_1WNR storage type for array 'input_0'. Use bind_storage pragma to override this type.
INFO: [SCHED 204-61] Pipelining loop 'INIT_H_INIT_W'.
INFO: [HLS 200-1470] Pipelining result : Target II = 1, Final II = 1, Depth = 81, loop 'INIT_H_INIT_W'
INFO: [SCHED 204-11] Finished scheduling.
INFO: [HLS 200-111] Finished Scheduling: CPU user time: 505.07 seconds. CPU system time: 0.12 seconds. Elapsed time: 505.24 seconds; current allocated memory: 3.192 GB.
INFO: [BIND 205-100] Starting micro-architecture generation ...
INFO: [BIND 205-101] Performing variable lifetime analysis.
INFO: [BIND 205-101] Exploring resource sharing.
INFO: [BIND 205-101] Binding ...
INFO: [BIND 205-100] Finished micro-architecture generation.
INFO: [HLS 200-111] Finished Binding: CPU user time: 15.52 seconds. CPU system time: 0.04 seconds. Elapsed time: 15.57 seconds; current allocated memory: 3.192 GB.
INFO: [HLS 200-10] ----------------------------------------------------------------
INFO: [HLS 200-42] -- Implementing module 'conv2d_l1_Pipeline_INIT_FH_INIT_FW' 
INFO: [HLS 200-10] ----------------------------------------------------------------
INFO: [SCHED 204-11] Starting scheduling ...
INFO: [SCHED 204-61] Pipelining loop 'INIT_FH_INIT_FW'.
INFO: [HLS 200-1470] Pipelining result : Target II = 1, Final II = 1, Depth = 9, loop 'INIT_FH_INIT_FW'
INFO: [SCHED 204-11] Finished scheduling.
INFO: [HLS 200-111] Finished Scheduling: CPU user time: 210.8 seconds. CPU system time: 0.06 seconds. Elapsed time: 210.89 seconds; current allocated memory: 3.192 GB.
INFO: [BIND 205-100] Starting micro-architecture generation ...
INFO: [BIND 205-101] Performing variable lifetime analysis.
INFO: [BIND 205-101] Exploring resource sharing.
INFO: [BIND 205-101] Binding ...
INFO: [BIND 205-100] Finished micro-architecture generation.
INFO: [HLS 200-111] Finished Binding: CPU user time: 16.63 seconds. CPU system time: 0.04 seconds. Elapsed time: 16.68 seconds; current allocated memory: 3.192 GB.
INFO: [HLS 200-10] ----------------------------------------------------------------
INFO: [HLS 200-42] -- Implementing module 'conv2d_l1' 
INFO: [HLS 200-10] ----------------------------------------------------------------
INFO: [SCHED 204-11] Starting scheduling ...
INFO: [SCHED 204-11] Finished scheduling.
INFO: [HLS 200-111] Finished Scheduling: CPU user time: 46.74 seconds. CPU system time: 0.09 seconds. Elapsed time: 46.83 seconds; current allocated memory: 3.192 GB.
INFO: [BIND 205-100] Starting micro-architecture generation ...
INFO: [BIND 205-101] Performing variable lifetime analysis.
INFO: [BIND 205-101] Exploring resource sharing.
INFO: [BIND 205-101] Binding ...
INFO: [BIND 205-100] Finished micro-architecture generation.
INFO: [HLS 200-111] Finished Binding: CPU user time: 5.29 seconds. CPU system time: 0.05 seconds. Elapsed time: 5.35 seconds; current allocated memory: 3.208 GB.
INFO: [HLS 200-10] ----------------------------------------------------------------
INFO: [HLS 200-42] -- Implementing module 'kernel_Pipeline_MLPO_BITS' 
INFO: [HLS 200-10] ----------------------------------------------------------------
INFO: [SCHED 204-11] Starting scheduling ...
INFO: [SCHED 204-61] Pipelining loop 'MLPO_BITS'.
INFO: [HLS 200-1470] Pipelining result : Target II = 1, Final II = 1, Depth = 2, loop 'MLPO_BITS'
INFO: [SCHED 204-11] Finished scheduling.
INFO: [HLS 200-111] Finished Scheduling: CPU user time: 2.55 seconds. CPU system time: 0.08 seconds. Elapsed time: 2.62 seconds; current allocated memory: 3.208 GB.
INFO: [BIND 205-100] Starting micro-architecture generation ...
INFO: [BIND 205-101] Performing variable lifetime analysis.
INFO: [BIND 205-101] Exploring resource sharing.
INFO: [BIND 205-101] Binding ...
INFO: [BIND 205-100] Finished micro-architecture generation.
INFO: [HLS 200-111] Finished Binding: CPU user time: 0.08 seconds. CPU system time: 0 seconds. Elapsed time: 0.08 seconds; current allocated memory: 3.208 GB.
INFO: [HLS 200-10] ----------------------------------------------------------------
INFO: [HLS 200-42] -- Implementing module 'softmax_Pipeline_SM_NORM' 
INFO: [HLS 200-10] ----------------------------------------------------------------
INFO: [SCHED 204-11] Starting scheduling ...
INFO: [SCHED 204-61] Pipelining loop 'SM_NORM'.
INFO: [HLS 200-1470] Pipelining result : Target II = 1, Final II = 1, Depth = 37, loop 'SM_NORM'
INFO: [SCHED 204-11] Finished scheduling.
INFO: [HLS 200-111] Finished Scheduling: CPU user time: 0.07 seconds. CPU system time: 0.01 seconds. Elapsed time: 0.08 seconds; current allocated memory: 3.208 GB.
INFO: [BIND 205-100] Starting micro-architecture generation ...
INFO: [BIND 205-101] Performing variable lifetime analysis.
INFO: [BIND 205-101] Exploring resource sharing.
INFO: [BIND 205-101] Binding ...
INFO: [BIND 205-100] Finished micro-architecture generation.
INFO: [HLS 200-111] Finished Binding: CPU user time: 0.01 seconds. CPU system time: 0 seconds. Elapsed time: 0.02 seconds; current allocated memory: 3.208 GB.
INFO: [HLS 200-10] ----------------------------------------------------------------
INFO: [HLS 200-42] -- Implementing module 'softmax' 
INFO: [HLS 200-10] ----------------------------------------------------------------
INFO: [SCHED 204-11] Starting scheduling ...
INFO: [SCHED 204-11] Finished scheduling.
INFO: [HLS 200-111] Finished Scheduling: CPU user time: 0.05 seconds. CPU system time: 0 seconds. Elapsed time: 0.06 seconds; current allocated memory: 3.208 GB.
INFO: [BIND 205-100] Starting micro-architecture generation ...
INFO: [BIND 205-101] Performing variable lifetime analysis.
INFO: [BIND 205-101] Exploring resource sharing.
INFO: [BIND 205-101] Binding ...
INFO: [BIND 205-100] Finished micro-architecture generation.
INFO: [HLS 200-111] Finished Binding: CPU user time: 0.02 seconds. CPU system time: 0 seconds. Elapsed time: 0.02 seconds; current allocated memory: 3.208 GB.
INFO: [HLS 200-10] ----------------------------------------------------------------
INFO: [HLS 200-42] -- Implementing module 'kernel_Pipeline_OUT_STREAM' 
INFO: [HLS 200-10] ----------------------------------------------------------------
INFO: [SCHED 204-11] Starting scheduling ...
INFO: [SCHED 204-61] Pipelining loop 'OUT_STREAM'.
INFO: [HLS 200-1470] Pipelining result : Target II = NA, Final II = 1, Depth = 2, loop 'OUT_STREAM'
INFO: [SCHED 204-11] Finished scheduling.
INFO: [HLS 200-111] Finished Scheduling: CPU user time: 0.03 seconds. CPU system time: 0 seconds. Elapsed time: 0.03 seconds; current allocated memory: 3.208 GB.
INFO: [BIND 205-100] Starting micro-architecture generation ...
INFO: [BIND 205-101] Performing variable lifetime analysis.
INFO: [BIND 205-101] Exploring resource sharing.
INFO: [BIND 205-101] Binding ...
INFO: [BIND 205-100] Finished micro-architecture generation.
INFO: [HLS 200-111] Finished Binding: CPU user time: 0.02 seconds. CPU system time: 0 seconds. Elapsed time: 0.01 seconds; current allocated memory: 3.208 GB.
INFO: [HLS 200-10] ----------------------------------------------------------------
INFO: [HLS 200-42] -- Implementing module 'kernel' 
INFO: [HLS 200-10] ----------------------------------------------------------------
INFO: [SCHED 204-11] Starting scheduling ...
INFO: [HLS 200-1457] Automatically inferring inferring RAM_1WNR storage type for array 'starting_image_13'. Use bind_storage pragma to override this type.
INFO: [HLS 200-1457] Automatically inferring inferring RAM_1WNR storage type for array 'starting_image'. Use bind_storage pragma to override this type.
INFO: [HLS 200-1457] Automatically inferring inferring RAM_1WNR storage type for array 'starting_image_1'. Use bind_storage pragma to override this type.
INFO: [HLS 200-1457] Automatically inferring inferring RAM_1WNR storage type for array 'starting_image_2'. Use bind_storage pragma to override this type.
INFO: [HLS 200-1457] Automatically inferring inferring RAM_1WNR storage type for array 'starting_image_3'. Use bind_storage pragma to override this type.
INFO: [HLS 200-1457] Automatically inferring inferring RAM_1WNR storage type for array 'starting_image_4'. Use bind_storage pragma to override this type.
INFO: [HLS 200-1457] Automatically inferring inferring RAM_1WNR storage type for array 'starting_image_5'. Use bind_storage pragma to override this type.
INFO: [HLS 200-1457] Automatically inferring inferring RAM_1WNR storage type for array 'starting_image_6'. Use bind_storage pragma to override this type.
INFO: [HLS 200-1457] Automatically inferring inferring RAM_1WNR storage type for array 'starting_image_7'. Use bind_storage pragma to override this type.
INFO: [HLS 200-1457] Automatically inferring inferring RAM_1WNR storage type for array 'starting_image_8'. Use bind_storage pragma to override this type.
INFO: [HLS 200-1457] Automatically inferring inferring RAM_1WNR storage type for array 'starting_image_9'. Use bind_storage pragma to override this type.
INFO: [HLS 200-1457] Automatically inferring inferring RAM_1WNR storage type for array 'starting_image_10'. Use bind_storage pragma to override this type.
INFO: [HLS 200-1457] Automatically inferring inferring RAM_1WNR storage type for array 'starting_image_11'. Use bind_storage pragma to override this type.
INFO: [HLS 200-1457] Automatically inferring inferring RAM_1WNR storage type for array 'starting_image_12'. Use bind_storage pragma to override this type.
INFO: [SCHED 204-11] Finished scheduling.
INFO: [HLS 200-111] Finished Scheduling: CPU user time: 7.59 seconds. CPU system time: 0.01 seconds. Elapsed time: 7.61 seconds; current allocated memory: 3.225 GB.
INFO: [BIND 205-100] Starting micro-architecture generation ...
INFO: [BIND 205-101] Performing variable lifetime analysis.
INFO: [BIND 205-101] Exploring resource sharing.
INFO: [BIND 205-101] Binding ...
INFO: [BIND 205-100] Finished micro-architecture generation.
INFO: [HLS 200-111] Finished Binding: CPU user time: 4.14 seconds. CPU system time: 0.04 seconds. Elapsed time: 4.17 seconds; current allocated memory: 3.225 GB.
INFO: [HLS 200-10] ----------------------------------------------------------------
INFO: [HLS 200-10] -- Generating RTL for module 'kernel_Pipeline_VITIS_LOOP_409_1' 
INFO: [HLS 200-10] ----------------------------------------------------------------
INFO: [RTGEN 206-104] Estimated max fanout for 'kernel_Pipeline_VITIS_LOOP_409_1' is 32779 from HDL expression: (ap_loop_init == 1'b1)
INFO: [RTGEN 206-100] Finished creating RTL model for 'kernel_Pipeline_VITIS_LOOP_409_1'.
INFO: [HLS 200-111] Finished Creating RTL model: CPU user time: 4.93 seconds. CPU system time: 0.05 seconds. Elapsed time: 4.99 seconds; current allocated memory: 3.225 GB.
INFO: [HLS 200-10] ----------------------------------------------------------------
INFO: [HLS 200-10] -- Generating RTL for module 'kernel_Pipeline_MLP2_BITS' 
INFO: [HLS 200-10] ----------------------------------------------------------------
INFO: [HLS 200-1030] Apply Unified Pipeline Control on module 'kernel_Pipeline_MLP2_BITS' pipeline 'MLP2_BITS' pipeline type 'loop pipeline'
INFO: [RTGEN 206-100] Generating core module 'sparsemux_1025_9_1_1_1': 1 instance(s).
INFO: [RTGEN 206-100] Generating core module 'sparsemux_19_4_1_1_1': 3 instance(s).
INFO: [RTGEN 206-100] Generating core module 'sparsemux_7_2_1_1_1': 1 instance(s).
INFO: [RTGEN 206-100] Finished creating RTL model for 'kernel_Pipeline_MLP2_BITS'.
INFO: [HLS 200-111] Finished Creating RTL model: CPU user time: 2.86 seconds. CPU system time: 0.09 seconds. Elapsed time: 2.95 seconds; current allocated memory: 3.277 GB.
INFO: [HLS 200-10] ----------------------------------------------------------------
INFO: [HLS 200-10] -- Generating RTL for module 'kernel_Pipeline_MLP1_BITS' 
INFO: [HLS 200-10] ----------------------------------------------------------------
INFO: [HLS 200-1030] Apply Unified Pipeline Control on module 'kernel_Pipeline_MLP1_BITS' pipeline 'MLP1_BITS' pipeline type 'loop pipeline'
INFO: [RTGEN 206-100] Generating core module 'mac_muladd_6ns_3s_8s_8_4_1': 1 instance(s).
INFO: [RTGEN 206-100] Generating core module 'mul_32ns_34ns_65_1_1': 1 instance(s).
INFO: [RTGEN 206-100] Generating core module 'sparsemux_19_4_1_1_1': 3 instance(s).
INFO: [RTGEN 206-100] Generating core module 'sparsemux_29_4_1_1_1': 1 instance(s).
INFO: [RTGEN 206-100] Generating core module 'sparsemux_7_2_1_1_1': 1 instance(s).
INFO: [RTGEN 206-100] Generating core module 'urem_32s_5ns_4_36_1': 1 instance(s).
INFO: [RTGEN 206-100] Finished creating RTL model for 'kernel_Pipeline_MLP1_BITS'.
INFO: [HLS 200-111] Finished Creating RTL model: CPU user time: 0.34 seconds. CPU system time: 0.01 seconds. Elapsed time: 0.36 seconds; current allocated memory: 3.287 GB.
INFO: [HLS 200-10] ----------------------------------------------------------------
INFO: [HLS 200-10] -- Generating RTL for module 'conv2d_l4_Pipeline_L4_H_L4_W' 
INFO: [HLS 200-10] ----------------------------------------------------------------
INFO: [HLS 200-1030] Apply Unified Pipeline Control on module 'conv2d_l4_Pipeline_L4_H_L4_W' pipeline 'L4_H_L4_W' pipeline type 'loop pipeline'
WARNING: [RTGEN 206-101] RTL name 'sparsemux_7_2_1_1_1' is changed to 'sparsemux_7_2_1_1_1_x' due to conflict.
WARNING: [RTGEN 206-101] RTL name 'sparsemux_29_4_1_1_1' is changed to 'sparsemux_29_4_1_1_1_x' due to conflict.
INFO: [RTGEN 206-100] Generating core module 'sparsemux_29_4_1_1_1': 9 instance(s).
INFO: [RTGEN 206-100] Generating core module 'sparsemux_29_4_1_1_1_x': 18 instance(s).
INFO: [RTGEN 206-100] Generating core module 'sparsemux_33_4_32_1_1': 1 instance(s).
INFO: [RTGEN 206-100] Generating core module 'sparsemux_7_2_1_1_1': 294 instance(s).
INFO: [RTGEN 206-100] Generating core module 'sparsemux_7_2_1_1_1_x': 294 instance(s).
INFO: [RTGEN 206-100] Generating core module 'sparsemux_7_2_32_1_1': 3 instance(s).
INFO: [RTGEN 206-100] Generating core module 'sparsemux_9_2_1_1_1': 294 instance(s).
INFO: [RTGEN 206-100] Finished creating RTL model for 'conv2d_l4_Pipeline_L4_H_L4_W'.
INFO: [HLS 200-111] Finished Creating RTL model: CPU user time: 2.22 seconds. CPU system time: 0.02 seconds. Elapsed time: 2.24 seconds; current allocated memory: 3.334 GB.
INFO: [HLS 200-10] ----------------------------------------------------------------
INFO: [HLS 200-10] -- Generating RTL for module 'conv2d_l4_Pipeline_L4_FH_L4_FW' 
INFO: [HLS 200-10] ----------------------------------------------------------------
INFO: [HLS 200-1030] Apply Unified Pipeline Control on module 'conv2d_l4_Pipeline_L4_FH_L4_FW' pipeline 'L4_FH_L4_FW' pipeline type 'loop pipeline'
INFO: [RTGEN 206-100] Generating core module 'mac_muladd_6ns_3ns_8s_8_4_1': 1 instance(s).
INFO: [RTGEN 206-100] Generating core module 'sparsemux_9_4_32_1_1': 4 instance(s).
INFO: [RTGEN 206-100] Finished creating RTL model for 'conv2d_l4_Pipeline_L4_FH_L4_FW'.
INFO: [HLS 200-111] Finished Creating RTL model: CPU user time: 1.3 seconds. CPU system time: 0.06 seconds. Elapsed time: 1.36 seconds; current allocated memory: 3.400 GB.
INFO: [HLS 200-10] ----------------------------------------------------------------
INFO: [HLS 200-10] -- Generating RTL for module 'conv2d_l4' 
INFO: [HLS 200-10] ----------------------------------------------------------------
INFO: [RTGEN 206-100] Generating core module 'mul_32ns_34ns_65_1_1': 2 instance(s).
INFO: [RTGEN 206-100] Generating core module 'urem_32ns_5ns_4_36_seq_1': 2 instance(s).
INFO: [RTGEN 206-100] Finished creating RTL model for 'conv2d_l4'.
INFO: [HLS 200-111] Finished Creating RTL model: CPU user time: 0.49 seconds. CPU system time: 0.02 seconds. Elapsed time: 0.51 seconds; current allocated memory: 3.400 GB.
INFO: [HLS 200-10] ----------------------------------------------------------------
INFO: [HLS 200-10] -- Generating RTL for module 'conv2d_l3_Pipeline_L3_H_L3_W' 
INFO: [HLS 200-10] ----------------------------------------------------------------
INFO: [HLS 200-1030] Apply Unified Pipeline Control on module 'conv2d_l3_Pipeline_L3_H_L3_W' pipeline 'L3_H_L3_W' pipeline type 'loop pipeline'
WARNING: [RTGEN 206-101] RTL name 'sparsemux_7_2_1_1_1' is changed to 'sparsemux_7_2_1_1_1_x0' due to conflict.
INFO: [RTGEN 206-104] Estimated max fanout for 'conv2d_l3_Pipeline_L3_H_L3_W' is 7046 from HDL expression: (1'b0 == ap_block_pp0_stage0_11001)
INFO: [RTGEN 206-100] Generating core module 'mul_4ns_6ns_9_1_1': 4 instance(s).
INFO: [RTGEN 206-100] Generating core module 'mul_64ns_66ns_129_3_1': 1 instance(s).
INFO: [RTGEN 206-100] Generating core module 'sparsemux_129_6_32_1_1': 1 instance(s).
INFO: [RTGEN 206-100] Generating core module 'sparsemux_29_4_1_1_1': 9 instance(s).
INFO: [RTGEN 206-100] Generating core module 'sparsemux_29_4_1_1_1_x': 18 instance(s).
INFO: [RTGEN 206-100] Generating core module 'sparsemux_7_2_1_1_1': 126 instance(s).
INFO: [RTGEN 206-100] Generating core module 'sparsemux_7_2_1_1_1_x0': 252 instance(s).
INFO: [RTGEN 206-100] Generating core module 'sparsemux_7_2_32_1_1': 3 instance(s).
INFO: [RTGEN 206-100] Generating core module 'urem_4ns_3ns_2_8_1': 2 instance(s).
INFO: [RTGEN 206-100] Generating core module 'urem_64s_3ns_5_68_1': 1 instance(s).
INFO: [RTGEN 206-100] Finished creating RTL model for 'conv2d_l3_Pipeline_L3_H_L3_W'.
INFO: [HLS 200-111] Finished Creating RTL model: CPU user time: 20.46 seconds. CPU system time: 0.11 seconds. Elapsed time: 20.57 seconds; current allocated memory: 3.624 GB.
INFO: [HLS 200-10] ----------------------------------------------------------------
INFO: [HLS 200-10] -- Generating RTL for module 'conv2d_l3_Pipeline_L3_FH_L3_FW' 
INFO: [HLS 200-10] ----------------------------------------------------------------
INFO: [HLS 200-1030] Apply Unified Pipeline Control on module 'conv2d_l3_Pipeline_L3_FH_L3_FW' pipeline 'L3_FH_L3_FW' pipeline type 'loop pipeline'
INFO: [RTGEN 206-100] Generating core module 'sparsemux_33_6_32_1_1': 4 instance(s).
INFO: [RTGEN 206-100] Finished creating RTL model for 'conv2d_l3_Pipeline_L3_FH_L3_FW'.
INFO: [HLS 200-111] Finished Creating RTL model: CPU user time: 7.39 seconds. CPU system time: 0.27 seconds. Elapsed time: 7.67 seconds; current allocated memory: 3.746 GB.
INFO: [HLS 200-10] ----------------------------------------------------------------
INFO: [HLS 200-10] -- Generating RTL for module 'conv2d_l3' 
INFO: [HLS 200-10] ----------------------------------------------------------------
INFO: [RTGEN 206-100] Generating core module 'mul_32ns_34ns_65_1_1': 2 instance(s).
INFO: [RTGEN 206-100] Generating core module 'urem_32ns_5ns_4_36_seq_1': 2 instance(s).
INFO: [RTGEN 206-100] Finished creating RTL model for 'conv2d_l3'.
INFO: [HLS 200-111] Finished Creating RTL model: CPU user time: 1.16 seconds. CPU system time: 0.04 seconds. Elapsed time: 1.19 seconds; current allocated memory: 3.805 GB.
INFO: [HLS 200-10] ----------------------------------------------------------------
INFO: [HLS 200-10] -- Generating RTL for module 'conv2d_l2_Pipeline_L2_H_L2_W' 
INFO: [HLS 200-10] ----------------------------------------------------------------
INFO: [HLS 200-1030] Apply Unified Pipeline Control on module 'conv2d_l2_Pipeline_L2_H_L2_W' pipeline 'L2_H_L2_W' pipeline type 'loop pipeline'
INFO: [RTGEN 206-104] Estimated max fanout for 'conv2d_l2_Pipeline_L2_H_L2_W' is 8448 from HDL expression: ((1'b0 == ap_block_pp0_stage0_01001) & (ap_loop_exit_ready_pp0_iter19_reg == 1'b1) & (icmp_ln155_reg_62321_pp0_iter18_reg == 1'd1))
INFO: [RTGEN 206-100] Generating core module 'mul_5ns_7ns_11_1_1': 4 instance(s).
INFO: [RTGEN 206-100] Generating core module 'mul_64ns_66ns_129_3_1': 2 instance(s).
INFO: [RTGEN 206-100] Generating core module 'sparsemux_29_4_1_1_1': 9 instance(s).
INFO: [RTGEN 206-100] Generating core module 'sparsemux_29_4_1_1_1_x': 18 instance(s).
INFO: [RTGEN 206-100] Generating core module 'sparsemux_513_8_32_1_1': 1 instance(s).
INFO: [RTGEN 206-100] Generating core module 'sparsemux_7_2_1_1_1': 84 instance(s).
INFO: [RTGEN 206-100] Generating core module 'sparsemux_7_2_1_1_1_x0': 168 instance(s).
INFO: [RTGEN 206-100] Generating core module 'sparsemux_7_2_32_1_1': 3 instance(s).
INFO: [RTGEN 206-100] Generating core module 'urem_5ns_3ns_2_9_1': 2 instance(s).
INFO: [RTGEN 206-100] Finished creating RTL model for 'conv2d_l2_Pipeline_L2_H_L2_W'.
INFO: [HLS 200-111] Finished Creating RTL model: CPU user time: 21.63 seconds. CPU system time: 0.12 seconds. Elapsed time: 21.77 seconds; current allocated memory: 4.086 GB.
INFO: [HLS 200-10] ----------------------------------------------------------------
INFO: [HLS 200-10] -- Generating RTL for module 'conv2d_l2_Pipeline_L2_FH_L2_FW' 
INFO: [HLS 200-10] ----------------------------------------------------------------
INFO: [HLS 200-1030] Apply Unified Pipeline Control on module 'conv2d_l2_Pipeline_L2_FH_L2_FW' pipeline 'L2_FH_L2_FW' pipeline type 'loop pipeline'
INFO: [RTGEN 206-104] Estimated max fanout for 'conv2d_l2_Pipeline_L2_FH_L2_FW' is 8448 from HDL expression: ((ap_loop_exit_ready_pp0_iter6_reg == 1'b1) & (icmp_ln179_reg_24055_pp0_iter5_reg == 1'd1) & (1'b0 == ap_block_pp0_stage0_01001))
INFO: [RTGEN 206-100] Generating core module 'mul_4ns_6ns_9_1_1': 2 instance(s).
INFO: [RTGEN 206-100] Generating core module 'sparsemux_129_8_32_1_1': 4 instance(s).
INFO: [RTGEN 206-100] Generating core module 'urem_4ns_3ns_2_8_1': 2 instance(s).
INFO: [RTGEN 206-100] Finished creating RTL model for 'conv2d_l2_Pipeline_L2_FH_L2_FW'.
INFO: [HLS 200-111] Finished Creating RTL model: CPU user time: 9.71 seconds. CPU system time: 0.29 seconds. Elapsed time: 10.05 seconds; current allocated memory: 4.258 GB.
INFO: [HLS 200-10] ----------------------------------------------------------------
INFO: [HLS 200-10] -- Generating RTL for module 'conv2d_l2' 
INFO: [HLS 200-10] ----------------------------------------------------------------
INFO: [RTGEN 206-104] Estimated max fanout for 'conv2d_l2' is 16896 from HDL expression: ((finalize_read_read_fu_8316_p2 == 1'd0) & (1'b1 == ap_CS_fsm_state40))
INFO: [RTGEN 206-100] Generating core module 'mul_32ns_34ns_65_1_1': 2 instance(s).
INFO: [RTGEN 206-100] Generating core module 'urem_32ns_5ns_4_36_seq_1': 2 instance(s).
INFO: [RTGEN 206-100] Finished creating RTL model for 'conv2d_l2'.
INFO: [HLS 200-111] Finished Creating RTL model: CPU user time: 6.12 seconds. CPU system time: 0.12 seconds. Elapsed time: 6.24 seconds; current allocated memory: 4.546 GB.
INFO: [HLS 200-10] ----------------------------------------------------------------
INFO: [HLS 200-10] -- Generating RTL for module 'conv2d_l1_Pipeline_INIT_H_INIT_W' 
INFO: [HLS 200-10] ----------------------------------------------------------------
INFO: [HLS 200-1030] Apply Unified Pipeline Control on module 'conv2d_l1_Pipeline_INIT_H_INIT_W' pipeline 'INIT_H_INIT_W' pipeline type 'loop pipeline'
INFO: [RTGEN 206-104] Estimated max fanout for 'conv2d_l1_Pipeline_INIT_H_INIT_W' is 33792 from HDL expression: ((1'b0 == ap_block_pp0_stage0_01001) & (ap_loop_exit_ready_pp0_iter79_reg == 1'b1) & (icmp_ln91_reg_96546_pp0_iter78_reg == 1'd1))
INFO: [RTGEN 206-100] Generating core module 'mul_64ns_66ns_129_3_1': 27 instance(s).
INFO: [RTGEN 206-100] Generating core module 'sparsemux_2049_10_32_1_1': 1 instance(s).
INFO: [RTGEN 206-100] Generating core module 'sparsemux_29_4_16_1_1': 27 instance(s).
INFO: [RTGEN 206-100] Generating core module 'sparsemux_7_2_32_1_1': 3 instance(s).
INFO: [RTGEN 206-100] Generating core module 'urem_64s_5ns_4_68_1': 3 instance(s).
INFO: [RTGEN 206-100] Finished creating RTL model for 'conv2d_l1_Pipeline_INIT_H_INIT_W'.
INFO: [HLS 200-111] Finished Creating RTL model: CPU user time: 41.2 seconds. CPU system time: 0.22 seconds. Elapsed time: 41.42 seconds; current allocated memory: 4.993 GB.
INFO: [HLS 200-10] ----------------------------------------------------------------
INFO: [HLS 200-10] -- Generating RTL for module 'conv2d_l1_Pipeline_INIT_FH_INIT_FW' 
INFO: [HLS 200-10] ----------------------------------------------------------------
INFO: [HLS 200-1030] Apply Unified Pipeline Control on module 'conv2d_l1_Pipeline_INIT_FH_INIT_FW' pipeline 'INIT_FH_INIT_FW' pipeline type 'loop pipeline'
INFO: [RTGEN 206-104] Estimated max fanout for 'conv2d_l1_Pipeline_INIT_FH_INIT_FW' is 33792 from HDL expression: ((1'b0 == ap_block_pp0_stage0_01001) & (ap_loop_exit_ready_pp0_iter7_reg == 1'b1) & (icmp_ln115_reg_88190_pp0_iter6_reg == 1'd1))
INFO: [RTGEN 206-100] Generating core module 'mul_5ns_7ns_11_1_1': 2 instance(s).
INFO: [RTGEN 206-100] Generating core module 'sparsemux_513_10_32_1_1': 4 instance(s).
INFO: [RTGEN 206-100] Generating core module 'urem_5ns_3ns_2_9_1': 2 instance(s).
INFO: [RTGEN 206-100] Finished creating RTL model for 'conv2d_l1_Pipeline_INIT_FH_INIT_FW'.
INFO: [HLS 200-111] Finished Creating RTL model: CPU user time: 21.17 seconds. CPU system time: 0.29 seconds. Elapsed time: 21.46 seconds; current allocated memory: 5.213 GB.
INFO: [HLS 200-10] ----------------------------------------------------------------
INFO: [HLS 200-10] -- Generating RTL for module 'conv2d_l1' 
INFO: [HLS 200-10] ----------------------------------------------------------------
INFO: [RTGEN 206-104] Estimated max fanout for 'conv2d_l1' is 67584 from HDL expression: ((finalize_read_read_fu_31122_p2 == 1'd1) & (1'b1 == ap_CS_fsm_state41))
INFO: [RTGEN 206-100] Generating core module 'mul_32ns_34ns_65_1_1': 1 instance(s).
INFO: [RTGEN 206-100] Generating core module 'urem_32ns_5ns_4_36_seq_1': 1 instance(s).
INFO: [RTGEN 206-100] Finished creating RTL model for 'conv2d_l1'.
INFO: [HLS 200-111] Finished Creating RTL model: CPU user time: 94.27 seconds. CPU system time: 1.69 seconds. Elapsed time: 96.02 seconds; current allocated memory: 8.572 GB.
INFO: [HLS 200-10] ----------------------------------------------------------------
INFO: [HLS 200-10] -- Generating RTL for module 'kernel_Pipeline_MLPO_BITS' 
INFO: [HLS 200-10] ----------------------------------------------------------------
INFO: [HLS 200-1030] Apply Unified Pipeline Control on module 'kernel_Pipeline_MLPO_BITS' pipeline 'MLPO_BITS' pipeline type 'loop pipeline'
INFO: [RTGEN 206-100] Generating core module 'sparsemux_1025_9_1_1_1': 1 instance(s).
INFO: [RTGEN 206-100] Generating core module 'sparsemux_19_4_1_1_1': 3 instance(s).
INFO: [RTGEN 206-100] Generating core module 'sparsemux_7_2_1_1_1': 1 instance(s).
INFO: [RTGEN 206-100] Finished creating RTL model for 'kernel_Pipeline_MLPO_BITS'.
INFO: [HLS 200-111] Finished Creating RTL model: CPU user time: 10.6 seconds. CPU system time: 0.22 seconds. Elapsed time: 10.82 seconds; current allocated memory: 8.509 GB.
INFO: [HLS 200-10] ----------------------------------------------------------------
INFO: [HLS 200-10] -- Generating RTL for module 'softmax_Pipeline_SM_NORM' 
INFO: [HLS 200-10] ----------------------------------------------------------------
INFO: [HLS 200-1030] Apply Unified Pipeline Control on module 'softmax_Pipeline_SM_NORM' pipeline 'SM_NORM' pipeline type 'loop pipeline'
INFO: [RTGEN 206-100] Generating core module 'sdiv_32ns_32ns_16_36_1': 1 instance(s).
INFO: [RTGEN 206-100] Finished creating RTL model for 'softmax_Pipeline_SM_NORM'.
INFO: [HLS 200-111] Finished Creating RTL model: CPU user time: 0.39 seconds. CPU system time: 0.01 seconds. Elapsed time: 0.42 seconds; current allocated memory: 8.509 GB.
INFO: [HLS 200-10] ----------------------------------------------------------------
INFO: [HLS 200-10] -- Generating RTL for module 'softmax' 
INFO: [HLS 200-10] ----------------------------------------------------------------
INFO: [RTGEN 206-100] Finished creating RTL model for 'softmax'.
INFO: [RTMG 210-278] Implementing memory 'kernel_softmax_ev_RAM_AUTO_1R1W' using auto RAMs.
INFO: [HLS 200-111] Finished Creating RTL model: CPU user time: 0.23 seconds. CPU system time: 0 seconds. Elapsed time: 0.22 seconds; current allocated memory: 8.509 GB.
INFO: [HLS 200-10] ----------------------------------------------------------------
INFO: [HLS 200-10] -- Generating RTL for module 'kernel_Pipeline_OUT_STREAM' 
INFO: [HLS 200-10] ----------------------------------------------------------------
INFO: [HLS 200-1030] Apply Unified Pipeline Control on module 'kernel_Pipeline_OUT_STREAM' pipeline 'OUT_STREAM' pipeline type 'loop pipeline'
INFO: [RTGEN 206-100] Finished creating RTL model for 'kernel_Pipeline_OUT_STREAM'.
INFO: [HLS 200-111] Finished Creating RTL model: CPU user time: 0.2 seconds. CPU system time: 0.01 seconds. Elapsed time: 0.22 seconds; current allocated memory: 8.509 GB.
INFO: [HLS 200-10] ----------------------------------------------------------------
INFO: [HLS 200-10] -- Generating RTL for module 'kernel' 
INFO: [HLS 200-10] ----------------------------------------------------------------
WARNING: [RTGEN 206-101] Design contains AXI ports. Reset is fixed to synchronous and active low.
INFO: [RTGEN 206-500] Setting interface mode on port 'kernel/A_V_data_V' to 'axis' (register, both mode).
INFO: [RTGEN 206-500] Setting interface mode on port 'kernel/A_V_keep_V' to 'axis' (register, both mode).
INFO: [RTGEN 206-500] Setting interface mode on port 'kernel/A_V_strb_V' to 'axis' (register, both mode).
INFO: [RTGEN 206-500] Setting interface mode on port 'kernel/A_V_last_V' to 'axis' (register, both mode).
INFO: [RTGEN 206-500] Setting interface mode on port 'kernel/B_V_data_V' to 'axis' (register, both mode).
INFO: [RTGEN 206-500] Setting interface mode on port 'kernel/B_V_keep_V' to 'axis' (register, both mode).
INFO: [RTGEN 206-500] Setting interface mode on port 'kernel/B_V_strb_V' to 'axis' (register, both mode).
INFO: [RTGEN 206-500] Setting interface mode on port 'kernel/B_V_last_V' to 'axis' (register, both mode).
INFO: [RTGEN 206-500] Setting interface mode on function 'kernel' to 's_axilite & ap_ctrl_hs'.
INFO: [RTGEN 206-100] Bundling port 'return' to AXI-Lite port control.
INFO: [RTGEN 206-104] Estimated max fanout for 'kernel' is 49171, found 2 HDL expressions with this fanout: (1'b1 == ap_CS_fsm_state21), (1'b1 == ap_CS_fsm_state20)
INFO: [RTGEN 206-100] Generating core module 'mul_16ns_18ns_33_1_1': 1 instance(s).
INFO: [RTGEN 206-100] Generating core module 'urem_16ns_5ns_4_20_seq_1': 1 instance(s).
INFO: [RTGEN 206-100] Finished creating RTL model for 'kernel'.
INFO: [HLS 200-2167] Implementing memory 'kernel_starting_image_RAM_1WNR_AUTO_1R1W' using auto RAMs with 2 copies to ensure enough ports to satisfy II or latency constraints.
INFO: [RTMG 210-278] Implementing memory 'kernel_packed_image_1_RAM_AUTO_1R1W' using auto RAMs.
INFO: [RTMG 210-278] Implementing memory 'kernel_packed_image_2_RAM_AUTO_1R1W' using auto RAMs.
INFO: [RTMG 210-278] Implementing memory 'kernel_packed_image_3_RAM_AUTO_1R1W' using auto RAMs.
INFO: [RTMG 210-278] Implementing memory 'kernel_packed_image_4_RAM_AUTO_1R1W' using auto RAMs.
INFO: [RTMG 210-278] Implementing memory 'kernel_logits_RAM_AUTO_1R1W' using auto RAMs.
INFO: [RTMG 210-278] Implementing memory 'kernel_probs_RAM_AUTO_1R1W' using auto RAMs.
INFO: [HLS 200-111] Finished Creating RTL model: CPU user time: 68.86 seconds. CPU system time: 0.63 seconds. Elapsed time: 69.53 seconds; current allocated memory: 10.209 GB.
INFO: [HLS 200-111] Finished Generating all RTL models: CPU user time: 9.74 seconds. CPU system time: 0.44 seconds. Elapsed time: 10.63 seconds; current allocated memory: 10.209 GB.
INFO: [HLS 200-2225] Wrote inferred directives to file /home/oldak/big-boi-pj/kernel/hls_component/hls_component/hls/syn/inferred_directives.ini
INFO: [HLS 200-111] Finished Updating report files: CPU user time: 2.78 seconds. CPU system time: 0.05 seconds. Elapsed time: 2.85 seconds; current allocated memory: 10.273 GB.
INFO: [VHDL 208-304] Generating VHDL RTL for kernel.
INFO: [VLOG 209-307] Generating Verilog RTL for kernel.
INFO: [HLS 200-790] **** Loop Constraint Status: All loop constraints were satisfied.
INFO: [HLS 200-789] **** Estimated Fmax: 105.41 MHz
INFO: [HLS 200-112] Total CPU user time: 5828.29 seconds. Total CPU system time: 8.8 seconds. Total elapsed time: 5842.6 seconds; peak allocated memory: 10.273 GB.
INFO: [v++ 60-791] Total elapsed time: 1h 37m 28s
