  **** HLS Build v2025.2 6295257
INFO: [HLS 200-2005] Using work_dir /home/oldak/big-boi-pj/kernel/hls_component/hls_component 
INFO: [HLS 200-2176] Writing Vitis IDE component file /home/oldak/big-boi-pj/kernel/hls_component/hls_component/vitis-comp.json
INFO: [HLS 200-10] Creating and opening component '/home/oldak/big-boi-pj/kernel/hls_component/hls_component'.
INFO: [HLS 200-1611] Setting target device to 'xc7z020-clg400-1'
INFO: [HLS 200-1505] Using default flow_target 'vivado'
Resolution: For help on HLS 200-1505 see docs.amd.com/access/sources/dita/topic?Doc_Version=2025.2%20English&url=ug1448-hls-guidance&resourceid=200-1505.html
INFO: [HLS 200-2174] Applying component config ini file hls_config.cfg
INFO: [HLS 200-1465] Applying config ini 'syn.file=kern.cpp' from hls_config.cfg(7)
INFO: [HLS 200-10] Adding design file '/home/oldak/big-boi-pj/kernel/hls_component/kern.cpp' to the project
INFO: [HLS 200-1465] Applying config ini 'tb.file=/home/oldak/Downloads/files/tb_cnn_accelerator.cpp' from hls_config.cfg(9)
INFO: [HLS 200-10] Adding test bench file '/home/oldak/Downloads/files/tb_cnn_accelerator.cpp' to the project
INFO: [HLS 200-1465] Applying config ini 'syn.top=kernel' from hls_config.cfg(8)
INFO: [HLS 200-1465] Applying config ini 'flow_target=vivado' from hls_config.cfg(4)
INFO: [HLS 200-1505] Using flow_target 'vivado'
Resolution: For help on HLS 200-1505 see docs.amd.com/access/sources/dita/topic?Doc_Version=2025.2%20English&url=ug1448-hls-guidance&resourceid=200-1505.html
INFO: [HLS 200-1465] Applying config ini 'part=xc7z020clg400-1' from hls_config.cfg(1)
INFO: [HLS 200-1465] Applying config ini 'clock=13ns' from hls_config.cfg(10)
INFO: [SYN 201-201] Setting up clock 'default' with a period of 13ns.
INFO: [HLS 200-1465] Applying config ini 'package.output.format=ip_catalog' from hls_config.cfg(5)
INFO: [HLS 200-2176] Writing Vitis IDE component file /home/oldak/big-boi-pj/kernel/hls_component/hls_component/vitis-comp.json
INFO: [IMPL 213-8] Exporting RTL as a Vivado IP.

****** Vivado v2025.2 (64-bit)
  **** SW Build 6299465 on Fri Nov 14 12:34:56 MST 2025
  **** IP Build 6300035 on Fri Nov 14 10:48:45 MST 2025
  **** SharedData Build 6298862 on Thu Nov 13 04:50:51 MST 2025
  **** Start of session at: Fri May  1 17:44:44 2026
    ** Copyright 1986-2022 Xilinx, Inc. All Rights Reserved.
    ** Copyright 2022-2025 Advanced Micro Devices, Inc. All Rights Reserved.

source run_ippack.tcl -notrace
INFO: calling package_hls_ip ip_types=vitis sysgen json_file=/home/oldak/big-boi-pj/kernel/hls_component/hls_component/hls/hls_data.json outdir=/home/oldak/big-boi-pj/kernel/hls_component/hls_component/hls/impl/ip srcdir=/home/oldak/big-boi-pj/kernel/hls_component/hls_component/hls ippack_options_dict= ippack_options_dict=
INFO: Copied 1 ipmisc file(s) to /home/oldak/big-boi-pj/kernel/hls_component/hls_component/hls/impl/ip/misc
INFO: Copied 52 verilog file(s) to /home/oldak/big-boi-pj/kernel/hls_component/hls_component/hls/impl/ip/hdl/verilog
INFO: Copied 50 vhdl file(s) to /home/oldak/big-boi-pj/kernel/hls_component/hls_component/hls/impl/ip/hdl/vhdl
INFO: Copied 10 swdriver file(s) to /home/oldak/big-boi-pj/kernel/hls_component/hls_component/hls/impl/ip/drivers
INFO: Import ports from HDL: /home/oldak/big-boi-pj/kernel/hls_component/hls_component/hls/impl/ip/hdl/vhdl/kernel.vhd (kernel)
INFO: Add axi4lite interface s_axi_control
INFO: Add clock interface ap_clk
INFO: Add reset interface ap_rst_n
INFO: Add interrupt interface interrupt
INFO: [IP_Flow 19-234] Refreshing IP repositories
INFO: [IP_Flow 19-1704] No user IP repositories specified
INFO: [IP_Flow 19-2313] Loaded Vivado IP repository '/home/oldak/chonky-boi/2025.2/data/ip'.
INFO: Add axi4stream interface A
INFO: Add axi4stream interface B
INFO: Calling post_process_vitis to specialize IP
INFO: Calling post_process_sysgen to specialize IP
Generating sysgen info xml from json file
INFO: Created IP /home/oldak/big-boi-pj/kernel/hls_component/hls_component/hls/impl/ip/component.xml
INFO: Created IP archive /home/oldak/big-boi-pj/kernel/hls_component/hls_component/hls/impl/ip/xilinx_com_hls_kernel_1_0.zip
INFO: [Common 17-206] Exiting Vivado at Fri May  1 17:44:51 2026...
INFO: [HLS 200-802] Generated output file hls_component/kernel.zip
INFO: [HLS 200-112] Total CPU user time: 24.6 seconds. Total CPU system time: 1.25 seconds. Total elapsed time: 12.77 seconds; peak allocated memory: 557.316 MB.
INFO: [vitis-run 60-791] Total elapsed time: 0h 0m 17s
