# 
# Steps log generated by v++
# This log file contains a collection of steps that describe the kernel compilation flow
# Note: Some steps are tagged as internal, these steps are for debugging purposes and 
#       are not expected to be able to run independently.
# 

# The following environment variables are set when running vitis-run
Environment variables :
------------------------------------------
SHELL=/bin/bash
SESSION_MANAGER=local/oldak-ZenBook-UX325EA-UX325EA:@/tmp/.ICE-unix/1919,unix/oldak-ZenBook-UX325EA-UX325EA:/tmp/.ICE-unix/1919
QT_ACCESSIBILITY=1
XDG_CONFIG_DIRS=/etc/xdg/xdg-ubuntu:/etc/xdg
SSH_AGENT_LAUNCHER=gnome-keyring
XDG_MENU_PREFIX=gnome-
RDI_APPROOT=/home/oldak/chonky-boi/2025.2/Vitis
RDI_JAVA_PLATFORM=
TK_LIBRARY=/home/oldak/chonky-boi/2025.2/Vitis/tps/tk/tk8.5
LANGUAGE=en_US:en
FREETYPE_PROPERTIES=truetype:interpreter-version=35
XIL_SUPPRESS_OVERRIDE_WARNINGS=1
RDI_BINROOT=/home/oldak/chonky-boi/2025.2/Vitis/bin
XILINX_VIVADO=/home/oldak/chonky-boi/2025.2/Vivado
JAVA_HOME=/home/oldak/chonky-boi/2025.2/Vitis/tps/lnx64/jre21.0.5_11/
GNOME_SHELL_SESSION_MODE=ubuntu
SSH_AUTH_SOCK=/run/user/1000/keyring/ssh
RDI_INSTALLVERSION=2025.2
RDI_OPT_EXT=.o
RDI_INSTALLVER=Vitis
RDI_INSTALLROOT=/home/oldak/chonky-boi
THEIA_DEFAULT_PLUGINS=local-dir:/home/oldak/chonky-boi/2025.2/Vitis/ide/electron-app/lnx64/resources/app/plugins
RDI_PATCHROOT=
XMODIFIERS=@im=ibus
DESKTOP_SESSION=ubuntu
GTK_MODULES=gail:atk-bridge
XIL_NO_OVERRIDE=0
RDI_LIBDIR=/home/oldak/chonky-boi/2025.2/Vitis/lib/lnx64.o/Ubuntu/22:/home/oldak/chonky-boi/2025.2/Vitis/lib/lnx64.o/Ubuntu:/home/oldak/chonky-boi/2025.2/Vitis/lib/lnx64.o
PWD=/home/oldak/big-boi-pj/kernel/hls_component
LOGNAME=oldak
XDG_SESSION_DESKTOP=ubuntu
THEIA_ELECTRON_VERSION=30.1.2
XDG_SESSION_TYPE=wayland
_RDI_DONT_SET_XILINX_AS_PATH=True
SYSTEMD_EXEC_PID=1943
VALIDATE_ARGS=False
XAUTHORITY=/run/user/1000/.mutter-Xwaylandauth.PCAXO3
RDI_PREPEND_PATH=/home/oldak/chonky-boi/2025.2/Vitis/bin
XILINX_DSP=
GJS_DEBUG_TOPICS=JS ERROR;JS LOG
THEIA_PLUGINS=local-dir:/home/oldak/.theia/plugins
HOME=/home/oldak
USERNAME=oldak
IM_CONFIG_PHASE=1
SYNTH_COMMON=/home/oldak/chonky-boi/2025.2/Vitis/scripts/rt/data
LANG=en_US.UTF-8
XDG_CURRENT_DESKTOP=Unity
WAYLAND_DISPLAY=wayland-0
XILINX_HLS=/home/oldak/chonky-boi/2025.2/Vitis
RDI_BUILD=yes
RDI_PROG=/home/oldak/chonky-boi/2025.2/Vitis/bin/unwrapped/lnx64.o/vitis-run
INVOCATION_ID=59ebab4d48624c2ba69c5203ee297e27
MANAGERPID=1837
RDI_SESSION_INFO=/home/oldak:oldak-ZenBook-UX325EA-UX325EA_1777467490_77621
CHROME_DESKTOP=Vitis Unified IDE.desktop
RT_TCL_PATH=/home/oldak/chonky-boi/2025.2/Vitis/scripts/rt/base_tcl/tcl
GJS_DEBUG_OUTPUT=stderr
XILINX_SDK=/home/oldak/chonky-boi/2025.2/Vitis
GNOME_SETUP_DISPLAY=:1
RDI_SHARED_DATA=/home/oldak/chonky-boi/2025.2/SharedData/data
VSCODE_API_VERSION=1.99.3
XDG_SESSION_CLASS=user
PYTHONPATH=/home/oldak/chonky-boi/2025.2/Vitis/cli/:/home/oldak/chonky-boi/2025.2/Vitis/cli/python-packages/site-packages:/home/oldak/chonky-boi/2025.2/Vitis/cli/proto:/home/oldak/chonky-boi/2025.2/Vitis/tps/lnx64/python-3.13.0/lib/python3.13/lib-dynload/:/home/oldak/chonky-boi/2025.2/Vitis/tps/lnx64/python-3.13.0/lib/python3.13/:/home/oldak/chonky-boi/2025.2/Vitis/scripts/python_pkg:/home/oldak/chonky-boi/2025.2/Vitis/cli/:/home/oldak/chonky-boi/2025.2/Vitis/cli/python-packages/site-packages:/home/oldak/chonky-boi/2025.2/Vitis/cli/python-packages/lnx64:/home/oldak/chonky-boi/2025.2/Vitis/cli/proto:/home/oldak/chonky-boi/2025.2/Vivado/tps/lnx64/python-3.13.0/lib/python3.13/lib-dynload/:/home/oldak/chonky-boi/2025.2/Vivado/tps/lnx64/python-3.13.0/lib/python3.13
PYTHONHOME=/home/oldak/chonky-boi/2025.2/Vitis/tps/lnx64/python-3.13.0/
VITIS_HLS_INSTALL=true
USER=oldak
LIBRARY_PATH=/usr/lib/x86_64-linux-gnu:/usr/lib/x86_64-linux-gnu
XILINX_PLANAHEAD=/home/oldak/chonky-boi/2025.2/Vitis
PATCH_INFO=
RDI_BASEROOT=/home/oldak/chonky-boi/2025.2
LOPPER_DTC_FLAGS=-b 0 -@
RDI_TPS_ROOT=/home/oldak/chonky-boi/2025.2/Vivado/tps/lnx64
RDI_JAVA_VERSION=11.0.16_1
IDE_SKIP_SERVER_LICENSE=1
RDI_DATADIR=/home/oldak/chonky-boi/2025.2/SharedData/data:/home/oldak/chonky-boi/2025.2/data
THEIA_ELECTRON_TOKEN={"value":"8a5bb6dc-be50-4704-b699-f4698111241d"}
DISPLAY=:0
SHLVL=3
RDI_USE_JDK11=1
QT_IM_MODULE=ibus
XIL_CHECK_TCL_DEBUG=False
SYSTEMPLATFORM=Ubuntu
LD_LIBRARY_PATH=/home/oldak/chonky-boi/2025.2/Vitis/tps/lnx64/java-cef-95.0.4638.69/bin/lib/linux64:/home/oldak/chonky-boi/2025.2/Vitis/tps/lnx64/javafx-sdk-11.0.2/lib:/home/oldak/chonky-boi/2025.2/Vitis/lib/lnx64.o/Ubuntu/22:/home/oldak/chonky-boi/2025.2/Vitis/lib/lnx64.o/Ubuntu:/home/oldak/chonky-boi/2025.2/Vitis/lib/lnx64.o:/home/oldak/chonky-boi/2025.2/Vitis/tps/lnx64/jre11.0.16_1/lib/:/home/oldak/chonky-boi/2025.2/Vitis/tps/lnx64/jre11.0.16_1/lib//server:/home/oldak/chonky-boi/2025.2/Vitis/lib/lnx64.o/Ubuntu/22:/home/oldak/chonky-boi/2025.2/Vitis/lib/lnx64.o/Ubuntu:/home/oldak/chonky-boi/2025.2/Vitis/lib/lnx64.o:/home/oldak/chonky-boi/2025.2/Vitis/tps/lnx64/cmake-3.24.2/libs/Ubuntu/22:/home/oldak/chonky-boi/2025.2/Vitis/tps/lnx64/cmake-3.24.2/libs/Ubuntu:/home/oldak/chonky-boi/2025.2/Vitis/tps/lnx64/cmake-3.24.2/libs:/home/oldak/chonky-boi/2025.2/Vitis/lib/lnx64.o/Ubuntu/22:/home/oldak/chonky-boi/2025.2/Vitis/lib/lnx64.o/Ubuntu:/home/oldak/chonky-boi/2025.2/Vitis/lib/lnx64.o:/home/oldak/chonky-boi/2025.2/Vitis/tps/lnx64/python-3.13.0/lib:/home/oldak/chonky-boi/2025.2/Vivado/tps/lnx64/cmake-3.24.2/libs/Ubuntu/22:/home/oldak/chonky-boi/2025.2/Vivado/tps/lnx64/cmake-3.24.2/libs/Ubuntu:/home/oldak/chonky-boi/2025.2/Vivado/tps/lnx64/cmake-3.24.2/libs:/home/oldak/chonky-boi/2025.2/Vitis/lib/lnx64.o:/home/oldak/chonky-boi/2025.2/Vitis/lib/lnx64.o/Ubuntu/22:/home/oldak/chonky-boi/2025.2/Vitis/lib/lnx64.o/Ubuntu:/home/oldak/chonky-boi/2025.2/Vitis/lib/lnx64.o:/home/oldak/chonky-boi/2025.2/Vivado/tps/lnx64/python-3.13.0/lib
HDIPRELDPATH=/home/oldak/chonky-boi/2025.2/Vitis/lib/lnx64.o/Ubuntu/22:/home/oldak/chonky-boi/2025.2/Vitis/lib/lnx64.o/Ubuntu:/home/oldak/chonky-boi/2025.2/Vitis/lib/lnx64.o:/home/oldak/chonky-boi/2025.2/Vitis/tps/lnx64/cmake-3.24.2/libs/Ubuntu/22:/home/oldak/chonky-boi/2025.2/Vitis/tps/lnx64/cmake-3.24.2/libs/Ubuntu:/home/oldak/chonky-boi/2025.2/Vitis/tps/lnx64/cmake-3.24.2/libs:/home/oldak/chonky-boi/2025.2/Vitis/lib/lnx64.o/Ubuntu/22:/home/oldak/chonky-boi/2025.2/Vitis/lib/lnx64.o/Ubuntu:/home/oldak/chonky-boi/2025.2/Vitis/lib/lnx64.o:/home/oldak/chonky-boi/2025.2/Vitis/tps/lnx64/python-3.13.0/lib:/home/oldak/chonky-boi/2025.2/Vivado/tps/lnx64/cmake-3.24.2/libs/Ubuntu/22:/home/oldak/chonky-boi/2025.2/Vivado/tps/lnx64/cmake-3.24.2/libs/Ubuntu:/home/oldak/chonky-boi/2025.2/Vivado/tps/lnx64/cmake-3.24.2/libs:/home/oldak/chonky-boi/2025.2/Vitis/lib/lnx64.o:/home/oldak/chonky-boi/2025.2/Vitis/lib/lnx64.o/Ubuntu/22:/home/oldak/chonky-boi/2025.2/Vitis/lib/lnx64.o/Ubuntu:/home/oldak/chonky-boi/2025.2/Vitis/lib/lnx64.o:/home/oldak/chonky-boi/2025.2/Vivado/tps/lnx64/python-3.13.0/lib
XDG_RUNTIME_DIR=/run/user/1000
TCMALLOC_LARGE_ALLOC_REPORT_THRESHOLD=4294967296
TCL_LIBRARY=/home/oldak/chonky-boi/2025.2/Vitis/tps/tcl/tcl8.6
LC_ALL=en_US.UTF-8
JOURNAL_STREAM=8:30261
XILINX_VITIS_GIT=/home/oldak/chonky-boi/2025.2/Vivado/tps/lnx64/git-2.50.0/bin
XDG_DATA_DIRS=/usr/share/ubuntu:/usr/local/share/:/usr/share/:/var/lib/snapd/desktop
PATH=/home/oldak/chonky-boi/2025.2/Vivado/tps/lnx64/binutils-2.26/bin:/home/oldak/chonky-boi/2025.2/Vitis/bin/../gnu/aarch64/lin/aarch64-linux/bin:/home/oldak/chonky-boi/2025.2/Vitis/bin/../gnu/ppc64le/4.9.3/lnx64/bin:/home/oldak/chonky-boi/2025.2/Vitis/bin/../gnu/aarch32/lin/gcc-arm-linux-gnueabi/bin:/home/oldak/chonky-boi/2025.2/Vivado/tps/lnx64/gcc-8.3.0/bin:/home/oldak/chonky-boi/2025.2/Vivado/gnu/microblaze/lin/bin:/home/oldak/chonky-boi/2025.2/Vitis/bin:/home/oldak/chonky-boi/2025.2/Vitis/tps/lnx64/jre11.0.16_1/bin:/home/oldak/chonky-boi/2025.2/Vitis/gnu/microblaze/lin/bin:/home/oldak/chonky-boi/2025.2/Vitis/gnu/arm/lin/bin:/home/oldak/chonky-boi/2025.2/Vitis/gnu/microblaze/linux_toolchain/nt64_be/bin:/home/oldak/chonky-boi/2025.2/Vitis/gnu/microblaze/linux_toolchain/nt64_le/bin:/home/oldak/chonky-boi/2025.2/Vitis/gnu/aarch32/lin/gcc-arm-linux-gnueabi/bin:/home/oldak/chonky-boi/2025.2/Vitis/gnu/aarch32/lin/gcc-arm-none-eabi/bin:/home/oldak/chonky-boi/2025.2/Vitis/gnu/aarch64/lin/aarch64-linux/bin:/home/oldak/chonky-boi/2025.2/Vitis/gnu/aarch64/lin/aarch64-none/bin:/home/oldak/chonky-boi/2025.2/Vitis/gnu/armr5/lin/gcc-arm-none-eabi/bin:/home/oldak/chonky-boi/2025.2/Vitis/tps/lnx64/cmake-3.24.2/bin:/home/oldak/chonky-boi/2025.2/Vitis/lnx64/tools/clang/bin:/home/oldak/chonky-boi/2025.2/Vitis/tps/lnx64/python-3.13.0//bin:/home/oldak/chonky-boi/2025.2/Vitis/tps/lnx64/jre21.0.5_11//bin:/bin:/home/oldak/chonky-boi/2025.2/Vivado/bin:/home/oldak/miniconda3/condabin:/home/oldak/chonky-boi/2025.2/Vivado/tps/lnx64/git-2.50.0/bin:/home/oldak/chonky-boi/2025.2/Vitis/lnx64/tools/vcxx/libexec:/home/oldak/chonky-boi/2025.2/Vivado/tps/lnx64/cmake-3.24.2/bin:/home/oldak/chonky-boi/2025.2/Vivado/tps/lnx64/jre21.0.5_11/bin:/home/oldak/chonky-boi/2025.2/Vivado/tps/lnx64/python-3.13.0/bin:/usr/local/sbin:/usr/local/bin:/usr/sbin:/usr/bin:/sbin:/usr/games:/usr/local/games:/snap/bin
RT_LIBPATH=/home/oldak/chonky-boi/2025.2/Vitis/scripts/rt/data
GDMSESSION=ubuntu
ORIGINAL_XDG_CURRENT_DESKTOP=ubuntu:GNOME
HDI_APPROOT=/home/oldak/chonky-boi/2025.2/Vitis
DBUS_SESSION_BUS_ADDRESS=unix:path=/run/user/1000/bus
RDI_PLATFORM=lnx64
THEIA_APP_PROJECT_PATH=/home/oldak/chonky-boi/2025.2/Vitis/ide/electron-app/lnx64/resources/app
MYVIVADO=
BUILDINFO=SW Build 6295257 on 2025-11-13-01:29:14
ISL_IOSTREAMS_RSA=/home/oldak/chonky-boi/2025.2/Vitis/tps/isl
GIO_LAUNCHED_DESKTOP_FILE_PID=77621
GIO_LAUNCHED_DESKTOP_FILE=/home/oldak/.local/share/applications/Vitis 2025.2_1768457704049.desktop
LC_NUMERIC=C
XILINX_VITIS=/home/oldak/chonky-boi/2025.2/Vitis
OLDPWD=/home/oldak/chonky-boi/2025.2/Vitis/bin
XILINX_VCXX=/home/oldak/chonky-boi/2025.2/Vitis/lnx64/tools/vcxx
_=/home/oldak/chonky-boi/2025.2/Vitis/bin/unwrapped/lnx64.o/vitis-run
XILINX_CD_CONNECT_ID=37805
XILINX_CD_SESSION=270f021e-7b48-4231-be45-a5470f56be3d


VITIS-RUN command line:
------------------------------------------
/home/oldak/chonky-boi/2025.2/Vitis/bin/unwrapped/lnx64.o/vitis-run --mode hls --csim --config /home/oldak/big-boi-pj/kernel/hls_component/hls_config.cfg --work_dir hls_component 

FINAL PROGRAM OPTIONS
--config /home/oldak/big-boi-pj/kernel/hls_component/hls_config.cfg
--csim
--hls.clock 10ns
--hls.flow_target vivado
--hls.package.output.format ip_catalog
--hls.package.output.syn false
--hls.syn.file kern.cpp
--hls.syn.top kern
--hls.tb.file /home/oldak/Downloads/files/tb_cnn_accelerator.cpp
--mode hls
--part xc7z020clg400-1
--work_dir hls_component

PARSED COMMAND LINE OPTIONS
--mode hls 
--csim 
--config /home/oldak/big-boi-pj/kernel/hls_component/hls_config.cfg 
--work_dir hls_component 

PARSED CONFIG FILE (1) OPTIONS
file: /home/oldak/big-boi-pj/kernel/hls_component/hls_config.cfg
part xc7z020clg400-1 
hls.flow_target vivado 
hls.package.output.format ip_catalog 
hls.package.output.syn false 
hls.clock 10ns 
hls.syn.file kern.cpp 
hls.syn.top kern 
hls.tb.file /home/oldak/Downloads/files/tb_cnn_accelerator.cpp 


==========================================
new:  steps log generated by v++ for new launch 
timestamp: 29 Apr 2026 13:27:42

------------------------------------------
V++ command line :
------------------------------------------
/home/oldak/chonky-boi/2025.2/Vitis/bin/unwrapped/lnx64.o/v++ -c --mode hls --config /home/oldak/big-boi-pj/kernel/hls_component/hls_config.cfg --work_dir hls_component 
  Options from -O    : 
  Options from *.ini : 
  Options from Hw Platform : 

==========================================
new:  steps log generated by v++ for new launch 
timestamp: 29 Apr 2026 13:29:00

------------------------------------------
V++ command line :
------------------------------------------
/home/oldak/chonky-boi/2025.2/Vitis/bin/unwrapped/lnx64.o/v++ -c --mode hls --config /home/oldak/big-boi-pj/kernel/hls_component/hls_config.cfg --work_dir hls_component 
  Options from -O    : 
  Options from *.ini : 
  Options from Hw Platform : 

==========================================
new:  steps log generated by v++ for new launch 
timestamp: 29 Apr 2026 13:30:18

------------------------------------------
V++ command line :
------------------------------------------
/home/oldak/chonky-boi/2025.2/Vitis/bin/unwrapped/lnx64.o/v++ -c --mode hls --config /home/oldak/big-boi-pj/kernel/hls_component/hls_config.cfg --work_dir hls_component 
  Options from -O    : 
  Options from *.ini : 
  Options from Hw Platform : 

==========================================
new:  steps log generated by v++ for new launch 
timestamp: 29 Apr 2026 13:33:23

------------------------------------------
VITIS-RUN command line :
------------------------------------------
/home/oldak/chonky-boi/2025.2/Vitis/bin/unwrapped/lnx64.o/vitis-run --mode hls --csim --config /home/oldak/big-boi-pj/kernel/hls_component/hls_config.cfg --work_dir hls_component 
  Options from -O    : 
  Options from *.ini : 
  Options from Hw Platform : 

==========================================
new:  steps log generated by v++ for new launch 
timestamp: 29 Apr 2026 14:04:00

------------------------------------------
V++ command line :
------------------------------------------
/home/oldak/chonky-boi/2025.2/Vitis/bin/unwrapped/lnx64.o/v++ -c --mode hls --config /home/oldak/big-boi-pj/kernel/hls_component/hls_config.cfg --work_dir hls_component 
  Options from -O    : 
  Options from *.ini : 
  Options from Hw Platform : 

==========================================
new:  steps log generated by v++ for new launch 
timestamp: 29 Apr 2026 14:05:01

------------------------------------------
V++ command line :
------------------------------------------
/home/oldak/chonky-boi/2025.2/Vitis/bin/unwrapped/lnx64.o/v++ -c --mode hls --config /home/oldak/big-boi-pj/kernel/hls_component/hls_config.cfg --work_dir hls_component 
  Options from -O    : 
  Options from *.ini : 
  Options from Hw Platform : 

==========================================
new:  steps log generated by v++ for new launch 
timestamp: 29 Apr 2026 14:11:29

------------------------------------------
VITIS-RUN command line :
------------------------------------------
/home/oldak/chonky-boi/2025.2/Vitis/bin/unwrapped/lnx64.o/vitis-run --mode hls --csim --config /home/oldak/big-boi-pj/kernel/hls_component/hls_config.cfg --work_dir hls_component 
  Options from -O    : 
  Options from *.ini : 
  Options from Hw Platform : 

==========================================
new:  steps log generated by v++ for new launch 
timestamp: 29 Apr 2026 16:48:53

------------------------------------------
V++ command line :
------------------------------------------
/home/oldak/chonky-boi/2025.2/Vitis/bin/unwrapped/lnx64.o/v++ -c --mode hls --config /home/oldak/big-boi-pj/kernel/hls_component/hls_config.cfg --work_dir hls_component 
  Options from -O    : 
  Options from *.ini : 
  Options from Hw Platform : 

==========================================
new:  steps log generated by v++ for new launch 
timestamp: 29 Apr 2026 16:49:24

------------------------------------------
V++ command line :
------------------------------------------
/home/oldak/chonky-boi/2025.2/Vitis/bin/unwrapped/lnx64.o/v++ -c --mode hls --config /home/oldak/big-boi-pj/kernel/hls_component/hls_config.cfg --work_dir hls_component 
  Options from -O    : 
  Options from *.ini : 
  Options from Hw Platform : 

==========================================
new:  steps log generated by v++ for new launch 
timestamp: 29 Apr 2026 16:59:31

------------------------------------------
VITIS-RUN command line :
------------------------------------------
/home/oldak/chonky-boi/2025.2/Vitis/bin/unwrapped/lnx64.o/vitis-run --mode hls --csim --config /home/oldak/big-boi-pj/kernel/hls_component/hls_config.cfg --work_dir hls_component 
  Options from -O    : 
  Options from *.ini : 
  Options from Hw Platform : 

==========================================
new:  steps log generated by v++ for new launch 
timestamp: 29 Apr 2026 18:44:29

------------------------------------------
VITIS-RUN command line :
------------------------------------------
/home/oldak/chonky-boi/2025.2/Vitis/bin/unwrapped/lnx64.o/vitis-run --mode hls --csim --config /home/oldak/big-boi-pj/kernel/hls_component/hls_config.cfg --work_dir hls_component 
  Options from -O    : 
  Options from *.ini : 
  Options from Hw Platform : 

==========================================
new:  steps log generated by v++ for new launch 
timestamp: 29 Apr 2026 21:37:32

------------------------------------------
VITIS-RUN command line :
------------------------------------------
/home/oldak/chonky-boi/2025.2/Vitis/bin/unwrapped/lnx64.o/vitis-run --mode hls --csim --config /home/oldak/big-boi-pj/kernel/hls_component/hls_config.cfg --work_dir hls_component 
  Options from -O    : 
  Options from *.ini : 
  Options from Hw Platform : 

==========================================
new:  steps log generated by v++ for new launch 
timestamp: 29 Apr 2026 21:41:32

------------------------------------------
VITIS-RUN command line :
------------------------------------------
/home/oldak/chonky-boi/2025.2/Vitis/bin/unwrapped/lnx64.o/vitis-run --mode hls --csim --config /home/oldak/big-boi-pj/kernel/hls_component/hls_component/hls-debug.cfg --config /home/oldak/big-boi-pj/kernel/hls_component/hls_config.cfg --work_dir hls_component 
  Options from -O    : 
  Options from *.ini : 
  Options from Hw Platform : 

==========================================
new:  steps log generated by v++ for new launch 
timestamp: 29 Apr 2026 21:41:56

------------------------------------------
VITIS-RUN command line :
------------------------------------------
/home/oldak/chonky-boi/2025.2/Vitis/bin/unwrapped/lnx64.o/vitis-run --mode hls --csim --config /home/oldak/big-boi-pj/kernel/hls_component/hls_component/hls-debug.cfg --config /home/oldak/big-boi-pj/kernel/hls_component/hls_config.cfg --work_dir hls_component 
  Options from -O    : 
  Options from *.ini : 
  Options from Hw Platform : 

==========================================
new:  steps log generated by v++ for new launch 
timestamp: 29 Apr 2026 21:42:38

------------------------------------------
VITIS-RUN command line :
------------------------------------------
/home/oldak/chonky-boi/2025.2/Vitis/bin/unwrapped/lnx64.o/vitis-run --mode hls --csim --config /home/oldak/big-boi-pj/kernel/hls_component/hls_config.cfg --work_dir hls_component 
  Options from -O    : 
  Options from *.ini : 
  Options from Hw Platform : 

==========================================
new:  steps log generated by v++ for new launch 
timestamp: 29 Apr 2026 21:43:21

------------------------------------------
VITIS-RUN command line :
------------------------------------------
/home/oldak/chonky-boi/2025.2/Vitis/bin/unwrapped/lnx64.o/vitis-run --mode hls --csim --config /home/oldak/big-boi-pj/kernel/hls_component/hls_component/hls-debug.cfg --config /home/oldak/big-boi-pj/kernel/hls_component/hls_config.cfg --work_dir hls_component 
  Options from -O    : 
  Options from *.ini : 
  Options from Hw Platform : 

==========================================
new:  steps log generated by v++ for new launch 
timestamp: 29 Apr 2026 21:45:41

------------------------------------------
VITIS-RUN command line :
------------------------------------------
/home/oldak/chonky-boi/2025.2/Vitis/bin/unwrapped/lnx64.o/vitis-run --mode hls --csim --config /home/oldak/big-boi-pj/kernel/hls_component/hls_config.cfg --work_dir hls_component 
  Options from -O    : 
  Options from *.ini : 
  Options from Hw Platform : 

==========================================
new:  steps log generated by v++ for new launch 
timestamp: 29 Apr 2026 21:45:57

------------------------------------------
VITIS-RUN command line :
------------------------------------------
/home/oldak/chonky-boi/2025.2/Vitis/bin/unwrapped/lnx64.o/vitis-run --mode hls --csim --config /home/oldak/big-boi-pj/kernel/hls_component/hls_config.cfg --work_dir hls_component 
  Options from -O    : 
  Options from *.ini : 
  Options from Hw Platform : 

==========================================
new:  steps log generated by v++ for new launch 
timestamp: 29 Apr 2026 21:51:02

------------------------------------------
VITIS-RUN command line :
------------------------------------------
/home/oldak/chonky-boi/2025.2/Vitis/bin/unwrapped/lnx64.o/vitis-run --mode hls --csim --config /home/oldak/big-boi-pj/kernel/hls_component/hls_config.cfg --work_dir hls_component 
  Options from -O    : 
  Options from *.ini : 
  Options from Hw Platform : 

==========================================
new:  steps log generated by v++ for new launch 
timestamp: 29 Apr 2026 21:53:12

------------------------------------------
V++ command line :
------------------------------------------
/home/oldak/chonky-boi/2025.2/Vitis/bin/unwrapped/lnx64.o/v++ -c --mode hls --config /home/oldak/big-boi-pj/kernel/hls_component/hls_config.cfg --work_dir hls_component 
  Options from -O    : 
  Options from *.ini : 
  Options from Hw Platform : 

==========================================
new:  steps log generated by v++ for new launch 
timestamp: 29 Apr 2026 21:54:28

------------------------------------------
VITIS-RUN command line :
------------------------------------------
/home/oldak/chonky-boi/2025.2/Vitis/bin/unwrapped/lnx64.o/vitis-run --mode hls --csim --config /home/oldak/big-boi-pj/kernel/hls_component/hls_config.cfg --work_dir hls_component 
  Options from -O    : 
  Options from *.ini : 
  Options from Hw Platform : 

==========================================
new:  steps log generated by v++ for new launch 
timestamp: 30 Apr 2026 19:30:05

------------------------------------------
V++ command line :
------------------------------------------
/home/oldak/chonky-boi/2025.2/Vitis/bin/unwrapped/lnx64.o/v++ -c --mode hls --config /home/oldak/big-boi-pj/kernel/hls_component/hls_config.cfg --work_dir hls_component 
  Options from -O    : 
  Options from *.ini : 
  Options from Hw Platform : 

==========================================
new:  steps log generated by v++ for new launch 
timestamp: 30 Apr 2026 19:30:23

------------------------------------------
VITIS-RUN command line :
------------------------------------------
/home/oldak/chonky-boi/2025.2/Vitis/bin/unwrapped/lnx64.o/vitis-run --mode hls --csim --config /home/oldak/big-boi-pj/kernel/hls_component/hls_config.cfg --work_dir hls_component 
  Options from -O    : 
  Options from *.ini : 
  Options from Hw Platform : 

==========================================
new:  steps log generated by v++ for new launch 
timestamp: 30 Apr 2026 21:26:00

------------------------------------------
V++ command line :
------------------------------------------
/home/oldak/chonky-boi/2025.2/Vitis/bin/unwrapped/lnx64.o/v++ -c --mode hls --config /home/oldak/big-boi-pj/kernel/hls_component/hls_config.cfg --work_dir hls_component 
  Options from -O    : 
  Options from *.ini : 
  Options from Hw Platform : 

==========================================
new:  steps log generated by v++ for new launch 
timestamp: 30 Apr 2026 21:26:53

------------------------------------------
V++ command line :
------------------------------------------
/home/oldak/chonky-boi/2025.2/Vitis/bin/unwrapped/lnx64.o/v++ -c --mode hls --config /home/oldak/big-boi-pj/kernel/hls_component/hls_config.cfg --work_dir hls_component 
  Options from -O    : 
  Options from *.ini : 
  Options from Hw Platform : 

==========================================
new:  steps log generated by v++ for new launch 
timestamp: 01 May 2026 00:11:41

------------------------------------------
V++ command line :
------------------------------------------
/home/oldak/chonky-boi/2025.2/Vitis/bin/unwrapped/lnx64.o/v++ -c --mode hls --config /home/oldak/big-boi-pj/kernel/hls_component/hls_config.cfg --work_dir hls_component 
  Options from -O    : 
  Options from *.ini : 
  Options from Hw Platform : 

==========================================
new:  steps log generated by v++ for new launch 
timestamp: 01 May 2026 00:55:39

------------------------------------------
V++ command line :
------------------------------------------
/home/oldak/chonky-boi/2025.2/Vitis/bin/unwrapped/lnx64.o/v++ -c --mode hls --config /home/oldak/big-boi-pj/kernel/hls_component/hls_config.cfg --work_dir hls_component 
  Options from -O    : 
  Options from *.ini : 
  Options from Hw Platform : 

==========================================
new:  steps log generated by v++ for new launch 
timestamp: 01 May 2026 01:31:02

------------------------------------------
VITIS-RUN command line :
------------------------------------------
/home/oldak/chonky-boi/2025.2/Vitis/bin/unwrapped/lnx64.o/vitis-run --mode hls --cosim --config /home/oldak/big-boi-pj/kernel/hls_component/hls_config.cfg --work_dir hls_component 
  Options from -O    : 
  Options from *.ini : 
  Options from Hw Platform : 

==========================================
new:  steps log generated by v++ for new launch 
timestamp: 01 May 2026 10:03:46

------------------------------------------
VITIS-RUN command line :
------------------------------------------
/home/oldak/chonky-boi/2025.2/Vitis/bin/unwrapped/lnx64.o/vitis-run --mode hls --package --config /home/oldak/big-boi-pj/kernel/hls_component/hls_config.cfg --work_dir hls_component 
  Options from -O    : 
  Options from *.ini : 
  Options from Hw Platform : 

==========================================
new:  steps log generated by v++ for new launch 
timestamp: 01 May 2026 15:16:33

------------------------------------------
VITIS-RUN command line :
------------------------------------------
/home/oldak/chonky-boi/2025.2/Vitis/bin/unwrapped/lnx64.o/vitis-run --mode hls --impl --config /home/oldak/big-boi-pj/kernel/hls_component/hls_config.cfg --work_dir hls_component 
  Options from -O    : 
  Options from *.ini : 
  Options from Hw Platform : 

==========================================
new:  steps log generated by v++ for new launch 
timestamp: 01 May 2026 15:25:54

------------------------------------------
VITIS-RUN command line :
------------------------------------------
/home/oldak/chonky-boi/2025.2/Vitis/bin/unwrapped/lnx64.o/vitis-run --mode hls --impl --config /home/oldak/big-boi-pj/kernel/hls_component/hls_config.cfg --work_dir hls_component 
  Options from -O    : 
  Options from *.ini : 
  Options from Hw Platform : 

==========================================
new:  steps log generated by v++ for new launch 
timestamp: 01 May 2026 15:39:56

------------------------------------------
VITIS-RUN command line :
------------------------------------------
/home/oldak/chonky-boi/2025.2/Vitis/bin/unwrapped/lnx64.o/vitis-run --mode hls --csim --config /home/oldak/big-boi-pj/kernel/hls_component/hls_config.cfg --work_dir hls_component 
  Options from -O    : 
  Options from *.ini : 
  Options from Hw Platform : 

==========================================
new:  steps log generated by v++ for new launch 
timestamp: 01 May 2026 16:05:02

------------------------------------------
VITIS-RUN command line :
------------------------------------------
/home/oldak/chonky-boi/2025.2/Vitis/bin/unwrapped/lnx64.o/vitis-run --mode hls --impl --config /home/oldak/big-boi-pj/kernel/hls_component/hls_config.cfg --work_dir hls_component 
  Options from -O    : 
  Options from *.ini : 
  Options from Hw Platform : 

==========================================
new:  steps log generated by v++ for new launch 
timestamp: 01 May 2026 16:06:42

------------------------------------------
VITIS-RUN command line :
------------------------------------------
/home/oldak/chonky-boi/2025.2/Vitis/bin/unwrapped/lnx64.o/vitis-run --mode hls --csim --config /home/oldak/big-boi-pj/kernel/hls_component/hls_config.cfg --work_dir hls_component 
  Options from -O    : 
  Options from *.ini : 
  Options from Hw Platform : 

==========================================
new:  steps log generated by v++ for new launch 
timestamp: 01 May 2026 17:39:56

------------------------------------------
V++ command line :
------------------------------------------
/home/oldak/chonky-boi/2025.2/Vitis/bin/unwrapped/lnx64.o/v++ -c --mode hls --config /home/oldak/big-boi-pj/kernel/hls_component/hls_config.cfg --work_dir hls_component 
  Options from -O    : 
  Options from *.ini : 
  Options from Hw Platform : 

==========================================
new:  steps log generated by v++ for new launch 
timestamp: 01 May 2026 17:40:16

------------------------------------------
V++ command line :
------------------------------------------
/home/oldak/chonky-boi/2025.2/Vitis/bin/unwrapped/lnx64.o/v++ -c --mode hls --config /home/oldak/big-boi-pj/kernel/hls_component/hls_config.cfg --work_dir hls_component 
  Options from -O    : 
  Options from *.ini : 
  Options from Hw Platform : 

==========================================
new:  steps log generated by v++ for new launch 
timestamp: 01 May 2026 17:43:29

------------------------------------------
VITIS-RUN command line :
------------------------------------------
/home/oldak/chonky-boi/2025.2/Vitis/bin/unwrapped/lnx64.o/vitis-run --mode hls --package --config /home/oldak/big-boi-pj/kernel/hls_component/hls_config.cfg --work_dir hls_component 
  Options from -O    : 
  Options from *.ini : 
  Options from Hw Platform : 

==========================================
new:  steps log generated by v++ for new launch 
timestamp: 01 May 2026 17:44:36

------------------------------------------
VITIS-RUN command line :
------------------------------------------
/home/oldak/chonky-boi/2025.2/Vitis/bin/unwrapped/lnx64.o/vitis-run --mode hls --csim --config /home/oldak/Binary-CNN-Accelerator/hls_kernel/hls_component/hls_config.cfg --work_dir hls_component 
  Options from -O    : 
  Options from *.ini : 
  Options from Hw Platform : 

==========================================
new:  steps log generated by v++ for new launch 
timestamp: 01 May 2026 21:40:30

------------------------------------------
V++ command line :
------------------------------------------
/home/oldak/chonky-boi/2025.2/Vitis/bin/unwrapped/lnx64.o/v++ -c --mode hls --config /home/oldak/Binary-CNN-Accelerator/hls_kernel/hls_component/hls_config.cfg --work_dir hls_component 
  Options from -O    : 
  Options from *.ini : 
  Options from Hw Platform : 

==========================================
new:  steps log generated by v++ for new launch 
timestamp: 01 May 2026 21:40:51

------------------------------------------
VITIS-RUN command line :
------------------------------------------
/home/oldak/chonky-boi/2025.2/Vitis/bin/unwrapped/lnx64.o/vitis-run --mode hls --package --config /home/oldak/Binary-CNN-Accelerator/hls_kernel/hls_component/hls_config.cfg --work_dir hls_component 
  Options from -O    : 
  Options from *.ini : 
  Options from Hw Platform : 

==========================================
new:  steps log generated by v++ for new launch 
timestamp: 01 May 2026 21:41:33

------------------------------------------
VITIS-RUN command line :
------------------------------------------
/home/oldak/chonky-boi/2025.2/Vitis/bin/unwrapped/lnx64.o/vitis-run --mode hls --csim --config /home/oldak/Binary-CNN-Accelerator/hls_kernel/hls_component/hls_config.cfg --work_dir hls_component 
  Options from -O    : 
  Options from *.ini : 
  Options from Hw Platform : 

==========================================
new:  steps log generated by v++ for new launch 
timestamp: 01 May 2026 23:51:39

------------------------------------------
V++ command line :
------------------------------------------
/home/oldak/chonky-boi/2025.2/Vitis/bin/unwrapped/lnx64.o/v++ -c --mode hls --config /home/oldak/Binary-CNN-Accelerator/hls_kernel/hls_component/hls_config.cfg --work_dir hls_component 
  Options from -O    : 
  Options from *.ini : 
  Options from Hw Platform : 

==========================================
new:  steps log generated by v++ for new launch 
timestamp: 01 May 2026 23:52:00

------------------------------------------
VITIS-RUN command line :
------------------------------------------
/home/oldak/chonky-boi/2025.2/Vitis/bin/unwrapped/lnx64.o/vitis-run --mode hls --package --config /home/oldak/Binary-CNN-Accelerator/hls_kernel/hls_component/hls_config.cfg --work_dir hls_component 
  Options from -O    : 
  Options from *.ini : 
  Options from Hw Platform : 

==========================================
new:  steps log generated by v++ for new launch 
timestamp: 01 May 2026 23:58:51
