  **** HLS Build v2025.2 6295257
INFO: [HLS 200-2005] Using work_dir /home/oldak/big-boi-pj/kernel/hls_component/hls_component 
INFO: [HLS 200-2176] Writing Vitis IDE component file /home/oldak/big-boi-pj/kernel/hls_component/hls_component/vitis-comp.json
INFO: [HLS 200-10] Creating and opening component '/home/oldak/big-boi-pj/kernel/hls_component/hls_component'.
INFO: [HLS 200-1611] Setting target device to 'xc7z020-clg400-1'
INFO: [HLS 200-1505] Using default flow_target 'vivado'
Resolution: For help on HLS 200-1505 see docs.amd.com/access/sources/dita/topic?Doc_Version=2025.2%20English&url=ug1448-hls-guidance&resourceid=200-1505.html
INFO: [HLS 200-2174] Applying component config ini file hls_config.cfg
INFO: [HLS 200-1465] Applying config ini 'syn.file=kern.cpp' from hls_config.cfg(7)
INFO: [HLS 200-10] Adding design file '/home/oldak/big-boi-pj/kernel/hls_component/kern.cpp' to the project
INFO: [HLS 200-1465] Applying config ini 'tb.file=/home/oldak/Downloads/files/tb_cnn_accelerator.cpp' from hls_config.cfg(9)
INFO: [HLS 200-10] Adding test bench file '/home/oldak/Downloads/files/tb_cnn_accelerator.cpp' to the project
INFO: [HLS 200-1465] Applying config ini 'syn.top=kernel' from hls_config.cfg(8)
INFO: [HLS 200-1465] Applying config ini 'flow_target=vivado' from hls_config.cfg(4)
INFO: [HLS 200-1505] Using flow_target 'vivado'
Resolution: For help on HLS 200-1505 see docs.amd.com/access/sources/dita/topic?Doc_Version=2025.2%20English&url=ug1448-hls-guidance&resourceid=200-1505.html
INFO: [HLS 200-1465] Applying config ini 'part=xc7z020clg400-1' from hls_config.cfg(1)
INFO: [HLS 200-1465] Applying config ini 'clock=13ns' from hls_config.cfg(10)
INFO: [SYN 201-201] Setting up clock 'default' with a period of 13ns.
INFO: [HLS 200-1465] Applying config ini 'package.output.format=ip_catalog' from hls_config.cfg(5)
INFO: [HLS 200-2176] Writing Vitis IDE component file /home/oldak/big-boi-pj/kernel/hls_component/hls_component/vitis-comp.json
INFO: [COSIM 212-47] Using XSIM for RTL simulation.
INFO: [COSIM 212-14] Instrumenting C test bench ...
   Build using "/home/oldak/chonky-boi/2025.2/Vitis/lnx64/tools/clang-16/bin/clang++"
   Compiling apatb_kernel.cpp
   Compiling apatb_kernel_util.cpp
   Compiling kern.cpp_pre.cpp.tb.cpp
   Compiling tb_cnn_accelerator.cpp_pre.cpp.tb.cpp
   Compiling apatb_kernel_ir.ll
   Generating cosim.tv.exe
INFO: [COSIM 212-302] Starting C TB testing ... 
Building input stream...
Input stream: 112851 packets
Running DUT...
DUT done. Output stream: 5 packets

Class  DUT     REF
-----  ------  ------
  0    6553    6553
  1    6553    6553
  2    6553    6553
  3    6553    6553
  4    6553    6553
  5    6553    6553
  6    6553    6553
  7    6553    6553
  8    6553    6553
  9    6553    6553

Prob sum = 65530  (expected 65530–65535)

PASS — 0 error(s)
INFO [HLS SIM]: The maximum depth reached by any hls::stream() instance in the design is 112851
INFO: [COSIM 212-333] Generating C post check test bench ...
INFO: [COSIM 212-12] Generating RTL test bench ...
INFO: [COSIM 212-1] *** C/RTL co-simulation file generation completed. ***
INFO: [COSIM 212-323] Starting verilog simulation. 
INFO: [COSIM 212-15] Starting XSIM ...
Vivado Simulator v2025.2
Copyright 1986-2022 Xilinx, Inc. All Rights Reserved.
Copyright 2022-2025 Advanced Micro Devices, Inc. All Rights Reserved.
Running: /home/oldak/chonky-boi/2025.2/Vivado/bin/unwrapped/lnx64.o/xelab xil_defaultlib.apatb_kernel_top xil_defaultlib.glbl -Oenable_linking_all_libraries -prj kernel.prj -L smartconnect_v1_0 -L axi_protocol_checker_v1_1_12 -L axi_protocol_checker_v1_1_13 -L axis_protocol_checker_v1_1_11 -L axis_protocol_checker_v1_1_12 -L xil_defaultlib -L unisims_ver -L xpm -L floating_point_v7_1_21 -L floating_point_v7_0_26 --lib ieee_proposed=./ieee_proposed -L uvm -relax -i ./svr -i ./svtb -i ./file_agent -i ./kernel_subsystem -s kernel 
Multi-threading is on. Using 6 slave threads.
WARNING: [XSIM 43-3431] One or more environment variables have been detected which affect the operation of the C compiler. These are typically not set in standard installations and are not tested by AMD, however they may be appropriate for your system, so the flow will attempt to continue.  If errors occur, try running xelab with the "-mt off -v 1" switches to see more information from the C compiler. The following environment variables have been detected:
    LIBRARY_PATH
INFO: [VRFC 10-2263] Analyzing SystemVerilog file "/home/oldak/big-boi-pj/kernel/hls_component/hls_component/hls/sim/verilog/glbl.v" into library xil_defaultlib
INFO: [VRFC 10-311] analyzing module glbl
INFO: [VRFC 10-2263] Analyzing SystemVerilog file "/home/oldak/big-boi-pj/kernel/hls_component/hls_component/hls/sim/verilog/kernel_probs_RAM_AUTO_1R1W.v" into library xil_defaultlib
INFO: [VRFC 10-311] analyzing module kernel_probs_RAM_AUTO_1R1W
INFO: [VRFC 10-2263] Analyzing SystemVerilog file "/home/oldak/big-boi-pj/kernel/hls_component/hls_component/hls/sim/verilog/kernel_sparsemux_9_4_32_1_1.v" into library xil_defaultlib
INFO: [VRFC 10-311] analyzing module kernel_sparsemux_9_4_32_1_1
INFO: [VRFC 10-2263] Analyzing SystemVerilog file "/home/oldak/big-boi-pj/kernel/hls_component/hls_component/hls/sim/verilog/kernel_sparsemux_7_2_32_1_1.v" into library xil_defaultlib
INFO: [VRFC 10-311] analyzing module kernel_sparsemux_7_2_32_1_1
INFO: [VRFC 10-2263] Analyzing SystemVerilog file "/home/oldak/big-boi-pj/kernel/hls_component/hls_component/hls/sim/verilog/kernel_mac_muladd_6ns_3ns_8s_8_4_1.v" into library xil_defaultlib
INFO: [VRFC 10-311] analyzing module kernel_mac_muladd_6ns_3ns_8s_8_4_1_DSP48_0
INFO: [VRFC 10-311] analyzing module kernel_mac_muladd_6ns_3ns_8s_8_4_1
INFO: [VRFC 10-2263] Analyzing SystemVerilog file "/home/oldak/big-boi-pj/kernel/hls_component/hls_component/hls/sim/verilog/kernel_flow_control_loop_pipe_sequential_init.v" into library xil_defaultlib
INFO: [VRFC 10-311] analyzing module kernel_flow_control_loop_pipe_sequential_init
INFO: [VRFC 10-2263] Analyzing SystemVerilog file "/home/oldak/big-boi-pj/kernel/hls_component/hls_component/hls/sim/verilog/kernel_packed_image_3_RAM_AUTO_1R1W.v" into library xil_defaultlib
INFO: [VRFC 10-311] analyzing module kernel_packed_image_3_RAM_AUTO_1R1W
INFO: [VRFC 10-2263] Analyzing SystemVerilog file "/home/oldak/big-boi-pj/kernel/hls_component/hls_component/hls/sim/verilog/kernel_conv2d_l1.v" into library xil_defaultlib
INFO: [VRFC 10-311] analyzing module kernel_conv2d_l1
INFO: [VRFC 10-2263] Analyzing SystemVerilog file "/home/oldak/big-boi-pj/kernel/hls_component/hls_component/hls/sim/verilog/kernel_sparsemux_129_8_32_1_1.v" into library xil_defaultlib
INFO: [VRFC 10-311] analyzing module kernel_sparsemux_129_8_32_1_1
INFO: [VRFC 10-2263] Analyzing SystemVerilog file "/home/oldak/big-boi-pj/kernel/hls_component/hls_component/hls/sim/verilog/kernel_conv2d_l4_Pipeline_L4_H_L4_W.v" into library xil_defaultlib
INFO: [VRFC 10-311] analyzing module kernel_conv2d_l4_Pipeline_L4_H_L4_W
INFO: [VRFC 10-2263] Analyzing SystemVerilog file "/home/oldak/big-boi-pj/kernel/hls_component/hls_component/hls/sim/verilog/kernel_softmax_Pipeline_SM_NORM.v" into library xil_defaultlib
INFO: [VRFC 10-311] analyzing module kernel_softmax_Pipeline_SM_NORM
INFO: [VRFC 10-2263] Analyzing SystemVerilog file "/home/oldak/big-boi-pj/kernel/hls_component/hls_component/hls/sim/verilog/kernel_kernel_Pipeline_VITIS_LOOP_409_1.v" into library xil_defaultlib
INFO: [VRFC 10-311] analyzing module kernel_kernel_Pipeline_VITIS_LOOP_409_1
INFO: [VRFC 10-2263] Analyzing SystemVerilog file "/home/oldak/big-boi-pj/kernel/hls_component/hls_component/hls/sim/verilog/kernel_conv2d_l3.v" into library xil_defaultlib
INFO: [VRFC 10-311] analyzing module kernel_conv2d_l3
INFO: [VRFC 10-2263] Analyzing SystemVerilog file "/home/oldak/big-boi-pj/kernel/hls_component/hls_component/hls/sim/verilog/kernel_urem_64s_5ns_4_68_1.v" into library xil_defaultlib
INFO: [VRFC 10-311] analyzing module kernel_urem_64s_5ns_4_68_1_divider
INFO: [VRFC 10-311] analyzing module kernel_urem_64s_5ns_4_68_1
INFO: [VRFC 10-2263] Analyzing SystemVerilog file "/home/oldak/big-boi-pj/kernel/hls_component/hls_component/hls/sim/verilog/kernel_mul_5ns_7ns_11_1_1.v" into library xil_defaultlib
INFO: [VRFC 10-311] analyzing module kernel_mul_5ns_7ns_11_1_1
INFO: [VRFC 10-2263] Analyzing SystemVerilog file "/home/oldak/big-boi-pj/kernel/hls_component/hls_component/hls/sim/verilog/kernel_sparsemux_33_6_32_1_1.v" into library xil_defaultlib
INFO: [VRFC 10-311] analyzing module kernel_sparsemux_33_6_32_1_1
INFO: [VRFC 10-2263] Analyzing SystemVerilog file "/home/oldak/big-boi-pj/kernel/hls_component/hls_component/hls/sim/verilog/kernel_sparsemux_29_4_1_1_1_x.v" into library xil_defaultlib
INFO: [VRFC 10-311] analyzing module kernel_sparsemux_29_4_1_1_1_x
INFO: [VRFC 10-2263] Analyzing SystemVerilog file "/home/oldak/big-boi-pj/kernel/hls_component/hls_component/hls/sim/verilog/kernel_softmax.v" into library xil_defaultlib
INFO: [VRFC 10-311] analyzing module kernel_softmax
INFO: [VRFC 10-2263] Analyzing SystemVerilog file "/home/oldak/big-boi-pj/kernel/hls_component/hls_component/hls/sim/verilog/kernel_mul_16ns_18ns_33_1_1.v" into library xil_defaultlib
INFO: [VRFC 10-311] analyzing module kernel_mul_16ns_18ns_33_1_1
INFO: [VRFC 10-2263] Analyzing SystemVerilog file "/home/oldak/big-boi-pj/kernel/hls_component/hls_component/hls/sim/verilog/kernel_urem_5ns_3ns_2_9_1.v" into library xil_defaultlib
INFO: [VRFC 10-311] analyzing module kernel_urem_5ns_3ns_2_9_1_divider
INFO: [VRFC 10-311] analyzing module kernel_urem_5ns_3ns_2_9_1
INFO: [VRFC 10-2263] Analyzing SystemVerilog file "/home/oldak/big-boi-pj/kernel/hls_component/hls_component/hls/sim/verilog/kernel_sparsemux_29_4_1_1_1.v" into library xil_defaultlib
INFO: [VRFC 10-311] analyzing module kernel_sparsemux_29_4_1_1_1
INFO: [VRFC 10-2263] Analyzing SystemVerilog file "/home/oldak/big-boi-pj/kernel/hls_component/hls_component/hls/sim/verilog/kernel_kernel_Pipeline_OUT_STREAM.v" into library xil_defaultlib
INFO: [VRFC 10-311] analyzing module kernel_kernel_Pipeline_OUT_STREAM
INFO: [VRFC 10-2263] Analyzing SystemVerilog file "/home/oldak/big-boi-pj/kernel/hls_component/hls_component/hls/sim/verilog/kernel_urem_32s_5ns_4_36_1.v" into library xil_defaultlib
INFO: [VRFC 10-311] analyzing module kernel_urem_32s_5ns_4_36_1_divider
INFO: [VRFC 10-311] analyzing module kernel_urem_32s_5ns_4_36_1
INFO: [VRFC 10-2263] Analyzing SystemVerilog file "/home/oldak/big-boi-pj/kernel/hls_component/hls_component/hls/sim/verilog/kernel_control_s_axi.v" into library xil_defaultlib
INFO: [VRFC 10-311] analyzing module kernel_control_s_axi
INFO: [VRFC 10-2263] Analyzing SystemVerilog file "/home/oldak/big-boi-pj/kernel/hls_component/hls_component/hls/sim/verilog/kernel_conv2d_l3_Pipeline_L3_H_L3_W.v" into library xil_defaultlib
INFO: [VRFC 10-311] analyzing module kernel_conv2d_l3_Pipeline_L3_H_L3_W
INFO: [VRFC 10-2263] Analyzing SystemVerilog file "/home/oldak/big-boi-pj/kernel/hls_component/hls_component/hls/sim/verilog/kernel_conv2d_l1_Pipeline_INIT_FH_INIT_FW.v" into library xil_defaultlib
INFO: [VRFC 10-311] analyzing module kernel_conv2d_l1_Pipeline_INIT_FH_INIT_FW
INFO: [VRFC 10-2263] Analyzing SystemVerilog file "/home/oldak/big-boi-pj/kernel/hls_component/hls_component/hls/sim/verilog/kernel_sparsemux_129_6_32_1_1.v" into library xil_defaultlib
INFO: [VRFC 10-311] analyzing module kernel_sparsemux_129_6_32_1_1
INFO: [VRFC 10-2263] Analyzing SystemVerilog file "/home/oldak/big-boi-pj/kernel/hls_component/hls_component/hls/sim/verilog/kernel_conv2d_l3_Pipeline_L3_FH_L3_FW.v" into library xil_defaultlib
INFO: [VRFC 10-311] analyzing module kernel_conv2d_l3_Pipeline_L3_FH_L3_FW
INFO: [VRFC 10-2263] Analyzing SystemVerilog file "/home/oldak/big-boi-pj/kernel/hls_component/hls_component/hls/sim/verilog/kernel_conv2d_l4.v" into library xil_defaultlib
INFO: [VRFC 10-311] analyzing module kernel_conv2d_l4
INFO: [VRFC 10-2263] Analyzing SystemVerilog file "/home/oldak/big-boi-pj/kernel/hls_component/hls_component/hls/sim/verilog/kernel_softmax_ev_RAM_AUTO_1R1W.v" into library xil_defaultlib
INFO: [VRFC 10-311] analyzing module kernel_softmax_ev_RAM_AUTO_1R1W
INFO: [VRFC 10-2263] Analyzing SystemVerilog file "/home/oldak/big-boi-pj/kernel/hls_component/hls_component/hls/sim/verilog/kernel_sparsemux_19_4_1_1_1.v" into library xil_defaultlib
INFO: [VRFC 10-311] analyzing module kernel_sparsemux_19_4_1_1_1
INFO: [VRFC 10-2263] Analyzing SystemVerilog file "/home/oldak/big-boi-pj/kernel/hls_component/hls_component/hls/sim/verilog/kernel_sparsemux_1025_9_1_1_1.v" into library xil_defaultlib
INFO: [VRFC 10-311] analyzing module kernel_sparsemux_1025_9_1_1_1
INFO: [VRFC 10-2263] Analyzing SystemVerilog file "/home/oldak/big-boi-pj/kernel/hls_component/hls_component/hls/sim/verilog/kernel_sdiv_32ns_32ns_16_36_1.v" into library xil_defaultlib
INFO: [VRFC 10-311] analyzing module kernel_sdiv_32ns_32ns_16_36_1_divider
INFO: [VRFC 10-311] analyzing module kernel_sdiv_32ns_32ns_16_36_1
INFO: [VRFC 10-2263] Analyzing SystemVerilog file "/home/oldak/big-boi-pj/kernel/hls_component/hls_component/hls/sim/verilog/kernel_regslice_both.v" into library xil_defaultlib
INFO: [VRFC 10-311] analyzing module kernel_regslice_both
INFO: [VRFC 10-2263] Analyzing SystemVerilog file "/home/oldak/big-boi-pj/kernel/hls_component/hls_component/hls/sim/verilog/kernel_packed_image_2_RAM_AUTO_1R1W.v" into library xil_defaultlib
INFO: [VRFC 10-311] analyzing module kernel_packed_image_2_RAM_AUTO_1R1W
INFO: [VRFC 10-2263] Analyzing SystemVerilog file "/home/oldak/big-boi-pj/kernel/hls_component/hls_component/hls/sim/verilog/kernel_sparsemux_513_8_32_1_1.v" into library xil_defaultlib
INFO: [VRFC 10-311] analyzing module kernel_sparsemux_513_8_32_1_1
INFO: [VRFC 10-2263] Analyzing SystemVerilog file "/home/oldak/big-boi-pj/kernel/hls_component/hls_component/hls/sim/verilog/kernel.autotb.v" into library xil_defaultlib
INFO: [VRFC 10-311] analyzing module apatb_kernel_top
INFO: [VRFC 10-2263] Analyzing SystemVerilog file "/home/oldak/big-boi-pj/kernel/hls_component/hls_component/hls/sim/verilog/kernel_sparsemux_2049_10_32_1_1.v" into library xil_defaultlib
INFO: [VRFC 10-311] analyzing module kernel_sparsemux_2049_10_32_1_1
INFO: [VRFC 10-2263] Analyzing SystemVerilog file "/home/oldak/big-boi-pj/kernel/hls_component/hls_component/hls/sim/verilog/kernel_conv2d_l2.v" into library xil_defaultlib
INFO: [VRFC 10-311] analyzing module kernel_conv2d_l2
INFO: [VRFC 10-2263] Analyzing SystemVerilog file "/home/oldak/big-boi-pj/kernel/hls_component/hls_component/hls/sim/verilog/AESL_deadlock_kernel_monitor_top.v" into library xil_defaultlib
INFO: [VRFC 10-311] analyzing module AESL_deadlock_kernel_monitor_top
INFO: [VRFC 10-2263] Analyzing SystemVerilog file "/home/oldak/big-boi-pj/kernel/hls_component/hls_component/hls/sim/verilog/kernel_mul_4ns_6ns_9_1_1.v" into library xil_defaultlib
INFO: [VRFC 10-311] analyzing module kernel_mul_4ns_6ns_9_1_1
INFO: [VRFC 10-2263] Analyzing SystemVerilog file "/home/oldak/big-boi-pj/kernel/hls_component/hls_component/hls/sim/verilog/kernel_logits_RAM_AUTO_1R1W.v" into library xil_defaultlib
INFO: [VRFC 10-311] analyzing module kernel_logits_RAM_AUTO_1R1W
INFO: [VRFC 10-2263] Analyzing SystemVerilog file "/home/oldak/big-boi-pj/kernel/hls_component/hls_component/hls/sim/verilog/kernel_conv2d_l2_Pipeline_L2_FH_L2_FW.v" into library xil_defaultlib
INFO: [VRFC 10-311] analyzing module kernel_conv2d_l2_Pipeline_L2_FH_L2_FW
INFO: [VRFC 10-2263] Analyzing SystemVerilog file "/home/oldak/big-boi-pj/kernel/hls_component/hls_component/hls/sim/verilog/kernel_packed_image_4_RAM_AUTO_1R1W.v" into library xil_defaultlib
INFO: [VRFC 10-311] analyzing module kernel_packed_image_4_RAM_AUTO_1R1W
INFO: [VRFC 10-2263] Analyzing SystemVerilog file "/home/oldak/big-boi-pj/kernel/hls_component/hls_component/hls/sim/verilog/kernel_sparsemux_9_2_1_1_1.v" into library xil_defaultlib
INFO: [VRFC 10-311] analyzing module kernel_sparsemux_9_2_1_1_1
INFO: [VRFC 10-2263] Analyzing SystemVerilog file "/home/oldak/big-boi-pj/kernel/hls_component/hls_component/hls/sim/verilog/kernel_sparsemux_7_2_1_1_1_x0.v" into library xil_defaultlib
INFO: [VRFC 10-311] analyzing module kernel_sparsemux_7_2_1_1_1_x0
INFO: [VRFC 10-2263] Analyzing SystemVerilog file "/home/oldak/big-boi-pj/kernel/hls_component/hls_component/hls/sim/verilog/kernel_kernel_Pipeline_MLP2_BITS.v" into library xil_defaultlib
INFO: [VRFC 10-311] analyzing module kernel_kernel_Pipeline_MLP2_BITS
INFO: [VRFC 10-2263] Analyzing SystemVerilog file "/home/oldak/big-boi-pj/kernel/hls_component/hls_component/hls/sim/verilog/kernel_sparsemux_7_2_1_1_1_x.v" into library xil_defaultlib
INFO: [VRFC 10-311] analyzing module kernel_sparsemux_7_2_1_1_1_x
INFO: [VRFC 10-2263] Analyzing SystemVerilog file "/home/oldak/big-boi-pj/kernel/hls_component/hls_component/hls/sim/verilog/kernel_conv2d_l1_Pipeline_INIT_H_INIT_W.v" into library xil_defaultlib
INFO: [VRFC 10-311] analyzing module kernel_conv2d_l1_Pipeline_INIT_H_INIT_W
INFO: [VRFC 10-2263] Analyzing SystemVerilog file "/home/oldak/big-boi-pj/kernel/hls_component/hls_component/hls/sim/verilog/kernel_urem_4ns_3ns_2_8_1.v" into library xil_defaultlib
INFO: [VRFC 10-311] analyzing module kernel_urem_4ns_3ns_2_8_1_divider
INFO: [VRFC 10-311] analyzing module kernel_urem_4ns_3ns_2_8_1
INFO: [VRFC 10-2263] Analyzing SystemVerilog file "/home/oldak/big-boi-pj/kernel/hls_component/hls_component/hls/sim/verilog/kernel_urem_16ns_5ns_4_20_seq_1.v" into library xil_defaultlib
INFO: [VRFC 10-311] analyzing module kernel_urem_16ns_5ns_4_20_seq_1_divseq
INFO: [VRFC 10-311] analyzing module kernel_urem_16ns_5ns_4_20_seq_1
INFO: [VRFC 10-2263] Analyzing SystemVerilog file "/home/oldak/big-boi-pj/kernel/hls_component/hls_component/hls/sim/verilog/kernel_kernel_Pipeline_MLPO_BITS.v" into library xil_defaultlib
INFO: [VRFC 10-311] analyzing module kernel_kernel_Pipeline_MLPO_BITS
INFO: [VRFC 10-2263] Analyzing SystemVerilog file "/home/oldak/big-boi-pj/kernel/hls_component/hls_component/hls/sim/verilog/kernel_conv2d_l2_Pipeline_L2_H_L2_W.v" into library xil_defaultlib
INFO: [VRFC 10-311] analyzing module kernel_conv2d_l2_Pipeline_L2_H_L2_W
INFO: [VRFC 10-2263] Analyzing SystemVerilog file "/home/oldak/big-boi-pj/kernel/hls_component/hls_component/hls/sim/verilog/kernel_mac_muladd_6ns_3s_8s_8_4_1.v" into library xil_defaultlib
INFO: [VRFC 10-311] analyzing module kernel_mac_muladd_6ns_3s_8s_8_4_1_DSP48_0
INFO: [VRFC 10-311] analyzing module kernel_mac_muladd_6ns_3s_8s_8_4_1
INFO: [VRFC 10-2263] Analyzing SystemVerilog file "/home/oldak/big-boi-pj/kernel/hls_component/hls_component/hls/sim/verilog/kernel_sparsemux_7_2_1_1_1.v" into library xil_defaultlib
INFO: [VRFC 10-311] analyzing module kernel_sparsemux_7_2_1_1_1
INFO: [VRFC 10-2263] Analyzing SystemVerilog file "/home/oldak/big-boi-pj/kernel/hls_component/hls_component/hls/sim/verilog/kernel_conv2d_l4_Pipeline_L4_FH_L4_FW.v" into library xil_defaultlib
INFO: [VRFC 10-311] analyzing module kernel_conv2d_l4_Pipeline_L4_FH_L4_FW
INFO: [VRFC 10-2263] Analyzing SystemVerilog file "/home/oldak/big-boi-pj/kernel/hls_component/hls_component/hls/sim/verilog/kernel_sparsemux_513_10_32_1_1.v" into library xil_defaultlib
INFO: [VRFC 10-311] analyzing module kernel_sparsemux_513_10_32_1_1
INFO: [VRFC 10-2263] Analyzing SystemVerilog file "/home/oldak/big-boi-pj/kernel/hls_component/hls_component/hls/sim/verilog/kernel_starting_image_RAM_1WNR_AUTO_1R1W.v" into library xil_defaultlib
INFO: [VRFC 10-311] analyzing module kernel_starting_image_RAM_1WNR_AUTO_1R1W
INFO: [VRFC 10-2263] Analyzing SystemVerilog file "/home/oldak/big-boi-pj/kernel/hls_component/hls_component/hls/sim/verilog/kernel_urem_64s_3ns_5_68_1.v" into library xil_defaultlib
INFO: [VRFC 10-311] analyzing module kernel_urem_64s_3ns_5_68_1_divider
INFO: [VRFC 10-311] analyzing module kernel_urem_64s_3ns_5_68_1
INFO: [VRFC 10-2263] Analyzing SystemVerilog file "/home/oldak/big-boi-pj/kernel/hls_component/hls_component/hls/sim/verilog/kernel_kernel_Pipeline_MLP1_BITS.v" into library xil_defaultlib
INFO: [VRFC 10-311] analyzing module kernel_kernel_Pipeline_MLP1_BITS
INFO: [VRFC 10-2263] Analyzing SystemVerilog file "/home/oldak/big-boi-pj/kernel/hls_component/hls_component/hls/sim/verilog/kernel_mul_32ns_34ns_65_1_1.v" into library xil_defaultlib
INFO: [VRFC 10-311] analyzing module kernel_mul_32ns_34ns_65_1_1
INFO: [VRFC 10-2263] Analyzing SystemVerilog file "/home/oldak/big-boi-pj/kernel/hls_component/hls_component/hls/sim/verilog/kernel_packed_image_1_RAM_AUTO_1R1W.v" into library xil_defaultlib
INFO: [VRFC 10-311] analyzing module kernel_packed_image_1_RAM_AUTO_1R1W
INFO: [VRFC 10-2263] Analyzing SystemVerilog file "/home/oldak/big-boi-pj/kernel/hls_component/hls_component/hls/sim/verilog/kernel_sparsemux_33_4_32_1_1.v" into library xil_defaultlib
INFO: [VRFC 10-311] analyzing module kernel_sparsemux_33_4_32_1_1
INFO: [VRFC 10-2263] Analyzing SystemVerilog file "/home/oldak/big-boi-pj/kernel/hls_component/hls_component/hls/sim/verilog/AESL_deadlock_idx0_monitor.v" into library xil_defaultlib
INFO: [VRFC 10-311] analyzing module AESL_deadlock_idx0_monitor
INFO: [VRFC 10-2263] Analyzing SystemVerilog file "/home/oldak/big-boi-pj/kernel/hls_component/hls_component/hls/sim/verilog/kernel_urem_32ns_5ns_4_36_seq_1.v" into library xil_defaultlib
INFO: [VRFC 10-311] analyzing module kernel_urem_32ns_5ns_4_36_seq_1_divseq
INFO: [VRFC 10-311] analyzing module kernel_urem_32ns_5ns_4_36_seq_1
INFO: [VRFC 10-2263] Analyzing SystemVerilog file "/home/oldak/big-boi-pj/kernel/hls_component/hls_component/hls/sim/verilog/kernel.v" into library xil_defaultlib
INFO: [VRFC 10-311] analyzing module kernel
INFO: [VRFC 10-2263] Analyzing SystemVerilog file "/home/oldak/big-boi-pj/kernel/hls_component/hls_component/hls/sim/verilog/kernel_mul_64ns_66ns_129_3_1.v" into library xil_defaultlib
INFO: [VRFC 10-311] analyzing module kernel_mul_64ns_66ns_129_3_1
INFO: [VRFC 10-2263] Analyzing SystemVerilog file "/home/oldak/big-boi-pj/kernel/hls_component/hls_component/hls/sim/verilog/kernel_sparsemux_29_4_16_1_1.v" into library xil_defaultlib
INFO: [VRFC 10-311] analyzing module kernel_sparsemux_29_4_16_1_1
INFO: [VRFC 10-2263] Analyzing SystemVerilog file "/home/oldak/big-boi-pj/kernel/hls_component/hls_component/hls/sim/verilog/dataflow_monitor.sv" into library xil_defaultlib
INFO: [VRFC 10-311] analyzing module dataflow_monitor
INFO: [VRFC 10-2263] Analyzing SystemVerilog file "/home/oldak/big-boi-pj/kernel/hls_component/hls_component/hls/sim/verilog/file_agent/file_agent_pkg.sv" into library xil_defaultlib
INFO: [VRFC 10-2263] Analyzing SystemVerilog file "/home/oldak/big-boi-pj/kernel/hls_component/hls_component/hls/sim/verilog/svr/svr_pkg.sv" into library xil_defaultlib
INFO: [VRFC 10-2263] Analyzing SystemVerilog file "/home/oldak/big-boi-pj/kernel/hls_component/hls_component/hls/sim/verilog/svr/svr_if.sv" into library xil_defaultlib
INFO: [VRFC 10-2263] Analyzing SystemVerilog file "/home/oldak/big-boi-pj/kernel/hls_component/hls_component/hls/sim/verilog/axivip/axi_pkg.sv" into library xil_defaultlib
INFO: [VRFC 10-2263] Analyzing SystemVerilog file "/home/oldak/big-boi-pj/kernel/hls_component/hls_component/hls/sim/verilog/axivip/axi_if.sv" into library xil_defaultlib
INFO: [VRFC 10-2263] Analyzing SystemVerilog file "/home/oldak/big-boi-pj/kernel/hls_component/hls_component/hls/sim/verilog/kernel_subsystem/kernel_subsystem_pkg.sv" into library xil_defaultlib
INFO: [VRFC 10-2263] Analyzing SystemVerilog file "/home/oldak/big-boi-pj/kernel/hls_component/hls_component/hls/sim/verilog/svtb/misc_interface.sv" into library xil_defaultlib
INFO: [VRFC 10-2263] Analyzing SystemVerilog file "/home/oldak/big-boi-pj/kernel/hls_component/hls_component/hls/sim/verilog/svtb/sv_module_top.sv" into library xil_defaultlib
INFO: [VRFC 10-311] analyzing module sv_module_top
Starting static elaboration
Pass Through NonSizing Optimizer
Completed static elaboration
Starting simulation data flow analysis
WARNING: [XSIM 43-4099] "/proj/primebuilds/9999.0_PRIME_0428_0031/installs/data/system_verilog/uvm_1.2/xlnx_uvm_package.sv" Line 4356. Module uvm_pkg doesn't have a timescale but at least one module in design has a timescale.
Completed simulation data flow analysis
Time Resolution for simulation is 1ps
Compiling package xil_defaultlib.$unit_sv_module_top_sv
Compiling package uvm.uvm_pkg
Compiling package std.std
Compiling package xil_defaultlib.svr_pkg
Compiling package xil_defaultlib.file_agent_pkg
Compiling package xil_defaultlib.axi_pkg
Compiling package xil_defaultlib.kernel_subsystem_pkg
Compiling package xil_defaultlib.$unit_dataflow_monitor_sv
Compiling module xil_defaultlib.kernel_starting_image_RAM_1WNR_A...
Compiling module xil_defaultlib.kernel_packed_image_1_RAM_AUTO_1...
Compiling module xil_defaultlib.kernel_packed_image_2_RAM_AUTO_1...
Compiling module xil_defaultlib.kernel_packed_image_3_RAM_AUTO_1...
Compiling module xil_defaultlib.kernel_packed_image_4_RAM_AUTO_1...
Compiling module xil_defaultlib.kernel_logits_RAM_AUTO_1R1W
Compiling module xil_defaultlib.kernel_probs_RAM_AUTO_1R1W
Compiling module xil_defaultlib.kernel_flow_control_loop_pipe_se...
Compiling module xil_defaultlib.kernel_kernel_Pipeline_VITIS_LOO...
Compiling module xil_defaultlib.kernel_sparsemux_1025_9_1_1_1(se...
Compiling module xil_defaultlib.kernel_sparsemux_19_4_1_1_1(sel_...
Compiling module xil_defaultlib.kernel_sparsemux_7_2_1_1_1(sel_W...
Compiling module xil_defaultlib.kernel_kernel_Pipeline_MLP2_BITS
Compiling module xil_defaultlib.kernel_mul_32ns_34ns_65_1_1(NUM_...
Compiling module xil_defaultlib.kernel_urem_32s_5ns_4_36_1_divid...
Compiling module xil_defaultlib.kernel_urem_32s_5ns_4_36_1(NUM_S...
Compiling module xil_defaultlib.kernel_sparsemux_29_4_1_1_1(sel_...
Compiling module xil_defaultlib.kernel_mac_muladd_6ns_3s_8s_8_4_...
Compiling module xil_defaultlib.kernel_mac_muladd_6ns_3s_8s_8_4_...
Compiling module xil_defaultlib.kernel_kernel_Pipeline_MLP1_BITS
Compiling module xil_defaultlib.kernel_sparsemux_33_4_32_1_1(din...
Compiling module xil_defaultlib.kernel_sparsemux_7_2_1_1_1_x(sel...
Compiling module xil_defaultlib.kernel_sparsemux_9_2_1_1_1(sel_W...
Compiling module xil_defaultlib.kernel_sparsemux_29_4_1_1_1_x(se...
Compiling module xil_defaultlib.kernel_sparsemux_7_2_32_1_1(din0...
Compiling module xil_defaultlib.kernel_conv2d_l4_Pipeline_L4_H_L...
Compiling module xil_defaultlib.kernel_sparsemux_9_4_32_1_1(din0...
Compiling module xil_defaultlib.kernel_mac_muladd_6ns_3ns_8s_8_4...
Compiling module xil_defaultlib.kernel_mac_muladd_6ns_3ns_8s_8_4...
Compiling module xil_defaultlib.kernel_conv2d_l4_Pipeline_L4_FH_...
Compiling module xil_defaultlib.kernel_urem_32ns_5ns_4_36_seq_1_...
Compiling module xil_defaultlib.kernel_urem_32ns_5ns_4_36_seq_1(...
Compiling module xil_defaultlib.kernel_conv2d_l4
Compiling module xil_defaultlib.kernel_mul_64ns_66ns_129_3_1(NUM...
Compiling module xil_defaultlib.kernel_sparsemux_7_2_1_1_1_x0(se...
Compiling module xil_defaultlib.kernel_urem_4ns_3ns_2_8_1_divide...
Compiling module xil_defaultlib.kernel_urem_4ns_3ns_2_8_1(NUM_ST...
Compiling module xil_defaultlib.kernel_mul_4ns_6ns_9_1_1(NUM_STA...
Compiling module xil_defaultlib.kernel_urem_64s_3ns_5_68_1_divid...
Compiling module xil_defaultlib.kernel_urem_64s_3ns_5_68_1(NUM_S...
Compiling module xil_defaultlib.kernel_sparsemux_129_6_32_1_1(di...
Compiling module xil_defaultlib.kernel_conv2d_l3_Pipeline_L3_H_L...
Compiling module xil_defaultlib.kernel_sparsemux_33_6_32_1_1(din...
Compiling module xil_defaultlib.kernel_conv2d_l3_Pipeline_L3_FH_...
Compiling module xil_defaultlib.kernel_conv2d_l3
Compiling module xil_defaultlib.kernel_urem_5ns_3ns_2_9_1_divide...
Compiling module xil_defaultlib.kernel_urem_5ns_3ns_2_9_1(NUM_ST...
Compiling module xil_defaultlib.kernel_mul_5ns_7ns_11_1_1(NUM_ST...
Compiling module xil_defaultlib.kernel_sparsemux_513_8_32_1_1(di...
Compiling module xil_defaultlib.kernel_conv2d_l2_Pipeline_L2_H_L...
Compiling module xil_defaultlib.kernel_sparsemux_129_8_32_1_1(di...
Compiling module xil_defaultlib.kernel_conv2d_l2_Pipeline_L2_FH_...
Compiling module xil_defaultlib.kernel_conv2d_l2
Compiling module xil_defaultlib.kernel_urem_64s_5ns_4_68_1_divid...
Compiling module xil_defaultlib.kernel_urem_64s_5ns_4_68_1(NUM_S...
Compiling module xil_defaultlib.kernel_sparsemux_2049_10_32_1_1(...
Compiling module xil_defaultlib.kernel_sparsemux_29_4_16_1_1(din...
Compiling module xil_defaultlib.kernel_conv2d_l1_Pipeline_INIT_H...
Compiling module xil_defaultlib.kernel_sparsemux_513_10_32_1_1(d...
Compiling module xil_defaultlib.kernel_conv2d_l1_Pipeline_INIT_F...
Compiling module xil_defaultlib.kernel_conv2d_l1
Compiling module xil_defaultlib.kernel_kernel_Pipeline_MLPO_BITS
Compiling module xil_defaultlib.kernel_softmax_ev_RAM_AUTO_1R1W
Compiling module xil_defaultlib.kernel_sdiv_32ns_32ns_16_36_1_di...
Compiling module xil_defaultlib.kernel_sdiv_32ns_32ns_16_36_1(NU...
Compiling module xil_defaultlib.kernel_softmax_Pipeline_SM_NORM
Compiling module xil_defaultlib.kernel_softmax
Compiling module xil_defaultlib.kernel_kernel_Pipeline_OUT_STREA...
Compiling module xil_defaultlib.kernel_control_s_axi
Compiling module xil_defaultlib.kernel_mul_16ns_18ns_33_1_1(NUM_...
Compiling module xil_defaultlib.kernel_urem_16ns_5ns_4_20_seq_1_...
Compiling module xil_defaultlib.kernel_urem_16ns_5ns_4_20_seq_1(...
Compiling module xil_defaultlib.kernel_regslice_both(DataWidth=3...
Compiling module xil_defaultlib.kernel_regslice_both(DataWidth=4...
Compiling module xil_defaultlib.kernel_regslice_both(DataWidth=1...
Compiling module xil_defaultlib.kernel
Compiling module xil_defaultlib.misc_interface_default
Compiling module xil_defaultlib.svr_if(DATA_WIDTH=41)
Compiling module xil_defaultlib.axi_if(ADDR_WIDTH=4,STRB_WIDTH=4...
Compiling module xil_defaultlib.sv_module_top
Compiling module xil_defaultlib.AESL_deadlock_idx0_monitor
Compiling module xil_defaultlib.AESL_deadlock_kernel_monitor_top...
Compiling module xil_defaultlib.nodf_module_intf_default
Compiling module xil_defaultlib.seq_loop_intf(FSM_WIDTH=47)
Compiling module xil_defaultlib.upc_loop_intf(FSM_WIDTH=1)
Compiling module xil_defaultlib.dataflow_monitor_1
Compiling module xil_defaultlib.apatb_kernel_top
Compiling module xil_defaultlib.glbl
Built simulation snapshot kernel

****** xsim v2025.2 (64-bit)
  **** SW Build 6299465 on Fri Nov 14 12:34:56 MST 2025
  **** IP Build 6300035 on Fri Nov 14 10:48:45 MST 2025
  **** SharedData Build 6298862 on Thu Nov 13 04:50:51 MST 2025
  **** Start of session at: Fri May  1 10:12:50 2026
    ** Copyright 1986-2022 Xilinx, Inc. All Rights Reserved.
    ** Copyright 2022-2025 Advanced Micro Devices, Inc. All Rights Reserved.

source xsim.dir/kernel/xsim_script.tcl
# xsim {kernel} -testplusarg UVM_VERBOSITY=UVM_NONE -testplusarg UVM_TESTNAME=kernel_test_lib -testplusarg UVM_TIMEOUT=20000000000000 -autoloadwcfg -tclbatch {kernel.tcl}
Time resolution is 1 ps
source kernel.tcl
## run all
UVM_INFO /home/oldak/chonky-boi/2025.2/Vivado/data/system_verilog/uvm_1.2/xlnx_uvm_package.sv(18601) @ 0: reporter [UVM/RELNOTES] 
----------------------------------------------------------------
UVM-1.2
(C) 2007-2014 Mentor Graphics Corporation
(C) 2007-2014 Cadence Design Systems, Inc.
(C) 2006-2014 Synopsys, Inc.
(C) 2011-2013 Cypress Semiconductor Corp.
(C) 2013-2014 NVIDIA Corporation
----------------------------------------------------------------

  ***********       IMPORTANT RELEASE NOTES         ************

  You are using a version of the UVM library that has been compiled
  with `UVM_NO_DEPRECATED undefined.

  You are using a version of the UVM library that has been compiled
  with `UVM_OBJECT_DO_NOT_NEED_CONSTRUCTOR undefined.

      (Specify +UVM_NO_RELNOTES to turn off this notice)

UVM_INFO /home/oldak/chonky-boi/2025.2/Vivado/data/system_verilog/uvm_1.2/xlnx_uvm_package.sv(18648) @ 0: reporter [NO_DPI_TSTNAME] UVM_NO_DPI defined--getting UVM_TESTNAME directly, without DPI
UVM_INFO /home/oldak/chonky-boi/2025.2/Vivado/data/system_verilog/uvm_1.2/xlnx_uvm_package.sv(18752) @ 0: reporter [UVMTOP] UVM testbench topology:
----------------------------------------------------------------------------------------------------------
Name                                               Type                              Size  Value          
----------------------------------------------------------------------------------------------------------
uvm_test_top                                       kernel_test_lib                   -     @370           
  top_env                                          kernel_env                        -     @381           
    axi_lite_control                               uvm_env                           -     @428           
      item_rtr_port                                uvm_analysis_port                 -     @447           
      item_wtr_port                                uvm_analysis_port                 -     @437           
      master                                       uvm_agent                         -     @840           
        ardrv                                      uvm_driver #(REQ,RSP)             -     @1515          
          item_read_imp                            uvm_analysis_port                 -     @1544          
          rsp_port                                 uvm_analysis_port                 -     @1534          
          seq_item_port                            uvm_seq_item_pull_port            -     @1524          
          m_num_sent                               integral                          32    'h0            
        arsqr                                      axi_sequencer                     -     @1554          
          rsp_export                               uvm_analysis_export               -     @1563          
          seq_item_export                          uvm_seq_item_pull_imp             -     @1681          
          arbitration_queue                        array                             0     -              
          lock_queue                               array                             0     -              
          num_last_reqs                            integral                          32    'd1            
          num_last_rsps                            integral                          32    'd1            
        awdrv                                      uvm_driver #(REQ,RSP)             -     @987           
          item_read_imp                            uvm_analysis_port                 -     @1016          
          rsp_port                                 uvm_analysis_port                 -     @1006          
          seq_item_port                            uvm_seq_item_pull_port            -     @996           
          m_num_sent                               integral                          32    'h0            
        awsqr                                      axi_sequencer                     -     @1026          
          rsp_export                               uvm_analysis_export               -     @1035          
          seq_item_export                          uvm_seq_item_pull_imp             -     @1153          
          arbitration_queue                        array                             0     -              
          lock_queue                               array                             0     -              
          num_last_reqs                            integral                          32    'd1            
          num_last_rsps                            integral                          32    'd1            
        bdrv                                       uvm_driver #(REQ,RSP)             -     @1339          
          item_read_imp                            uvm_analysis_port                 -     @1368          
          rsp_port                                 uvm_analysis_port                 -     @1358          
          seq_item_port                            uvm_seq_item_pull_port            -     @1348          
          m_num_sent                               integral                          32    'h0            
        bsqr                                       axi_sequencer                     -     @1378          
          rsp_export                               uvm_analysis_export               -     @1387          
          seq_item_export                          uvm_seq_item_pull_imp             -     @1505          
          arbitration_queue                        array                             0     -              
          lock_queue                               array                             0     -              
          num_last_reqs                            integral                          32    'd1            
          num_last_rsps                            integral                          32    'd1            
        rdrv                                       uvm_driver #(REQ,RSP)             -     @1691          
          item_read_imp                            uvm_analysis_port                 -     @1720          
          rsp_port                                 uvm_analysis_port                 -     @1710          
          seq_item_port                            uvm_seq_item_pull_port            -     @1700          
          m_num_sent                               integral                          32    'h0            
        rsqr                                       axi_sequencer                     -     @1730          
          rsp_export                               uvm_analysis_export               -     @1739          
          seq_item_export                          uvm_seq_item_pull_imp             -     @1857          
          arbitration_queue                        array                             0     -              
          lock_queue                               array                             0     -              
          num_last_reqs                            integral                          32    'd1            
          num_last_rsps                            integral                          32    'd1            
        wdrv                                       uvm_driver #(REQ,RSP)             -     @1163          
          item_read_imp                            uvm_analysis_port                 -     @1192          
          rsp_port                                 uvm_analysis_port                 -     @1182          
          seq_item_port                            uvm_seq_item_pull_port            -     @1172          
          m_num_sent                               integral                          32    'h0            
        wsqr                                       axi_sequencer                     -     @1202          
          rsp_export                               uvm_analysis_export               -     @1211          
          seq_item_export                          uvm_seq_item_pull_imp             -     @1329          
          arbitration_queue                        array                             0     -              
          lock_queue                               array                             0     -              
          num_last_reqs                            integral                          32    'd1            
          num_last_rsps                            integral                          32    'd1            
      monitor                                      uvm_monitor                       -     @662           
        item_ar2r_port                             uvm_analysis_port                 -     @731           
        item_ar_port                               uvm_analysis_port                 -     @701           
        item_aw2b_port                             uvm_analysis_port                 -     @721           
        item_aw_port                               uvm_analysis_port                 -     @671           
        item_b_port                                uvm_analysis_port                 -     @691           
        item_r_port                                uvm_analysis_port                 -     @711           
        item_w_port                                uvm_analysis_port                 -     @681           
        checks_enable                              integral                          1     'h1            
        coverage_enable                            integral                          1     'h1            
      state                                        axi_state                         -     @741           
        ar2r_imp                                   uvm_analysis_imp_ar2r             -     @810           
        ar_imp                                     uvm_analysis_imp_ar               -     @780           
        aw2b_imp                                   uvm_analysis_imp_aw2b             -     @800           
        aw_imp                                     uvm_analysis_imp_aw               -     @750           
        b_imp                                      uvm_analysis_imp_b                -     @770           
        item_rtr_port                              uvm_analysis_port                 -     @830           
        item_wtr_port                              uvm_analysis_port                 -     @820           
        r_imp                                      uvm_analysis_imp_r                -     @790           
        w_imp                                      uvm_analysis_imp_w                -     @760           
        avg_rate                                   integral                          32    'h0            
        exp_rate                                   integral                          32    'h0            
        win_size                                   integral                          32    'h0            
        bqnum_for_slaseq                           integral                          32    'h0            
        rq_from_model_num                          integral                          32    'h0            
      vsqr                                         axi_virtual_sequencer             -     @849           
        rsp_export                                 uvm_analysis_export               -     @858           
        seq_item_export                            uvm_seq_item_pull_imp             -     @976           
        arbitration_queue                          array                             0     -              
        lock_queue                                 array                             0     -              
        num_last_reqs                              integral                          32    'd1            
        num_last_rsps                              integral                          32    'd1            
      cfg                                          axi_cfg                           -     @400           
        has_checker                                integral                          1     'h1            
        has_coverage                               integral                          1     'h1            
        id_num                                     integral                          32    'h1            
        reset_level                                reset_level_enum                  32    RESET_LEVEL_LOW
        drv_type                                   drv_type_enum                     32    MASTER         
        write_latency_mode                         latency_mode_enum                 32    CHANNEL_FIRST  
        read_latency_mode                          latency_mode_enum                 32    CHANNEL_FIRST  
        clatency                                   axi_latency                       -     @424           
          wr_latency                               integral                          32    'h0            
          rd_latency                               integral                          32    'h0            
    env_master_svr_A                               uvm_env                           -     @401           
      m_agt                                        uvm_agent                         -     @1935          
        drv                                        uvm_driver #(REQ,RSP)             -     @2083          
          rsp_port                                 uvm_analysis_port                 -     @2102          
          seq_item_port                            uvm_seq_item_pull_port            -     @2092          
        mon                                        uvm_monitor                       -     @2112          
          item_collect_port                        uvm_analysis_port                 -     @2123          
        sqr                                        uvm_sequencer                     -     @1946          
          rsp_export                               uvm_analysis_export               -     @1955          
          seq_item_export                          uvm_seq_item_pull_imp             -     @2073          
          arbitration_queue                        array                             0     -              
          lock_queue                               array                             0     -              
          num_last_reqs                            integral                          32    'd1            
          num_last_rsps                            integral                          32    'd1            
    env_slave_svr_B                                uvm_env                           -     @414           
      s_agt                                        uvm_agent                         -     @2141          
        drv                                        uvm_driver #(REQ,RSP)             -     @2289          
          rsp_port                                 uvm_analysis_port                 -     @2308          
          seq_item_port                            uvm_seq_item_pull_port            -     @2298          
        mon                                        uvm_monitor                       -     @2318          
          item_collect_port                        uvm_analysis_port                 -     @2329          
        sqr                                        uvm_sequencer                     -     @2152          
          rsp_export                               uvm_analysis_export               -     @2161          
          seq_item_export                          uvm_seq_item_pull_imp             -     @2279          
          arbitration_queue                        array                             0     -              
          lock_queue                               array                             0     -              
          num_last_reqs                            integral                          32    'd1            
          num_last_rsps                            integral                          32    'd1            
    kernel_virtual_sqr                             kernel_virtual_sequencer          -     @519           
      rsp_export                                   uvm_analysis_export               -     @528           
      seq_item_export                              uvm_seq_item_pull_imp             -     @646           
      arbitration_queue                            array                             0     -              
      lock_queue                                   array                             0     -              
      num_last_reqs                                integral                          32    'd1            
      num_last_rsps                                integral                          32    'd1            
    refm                                           kernel_reference_model            -     @457           
      trans_num_idx                                integral                          32    'h0            
    subsys_mon                                     kernel_subsystem_monitor          -     @470           
      control_rtr_imp                              uvm_analysis_imp_axi_rtr_control  -     @509           
      control_wtr_imp                              uvm_analysis_imp_axi_wtr_control  -     @499           
      scbd                                         kernel_scoreboard                 -     @2356          
        refm                                       kernel_reference_model            -     @457           
          trans_num_idx                            integral                          32    'h0            
        file_rd_TVOUT_transaction_size             <unknown>                         -     @2366          
          TV_FILE                                  string                            0     ""             
          fp                                       integral                          32    'hxxxxxxxx     
          TV_FILE_num                              integral                          32    'h0            
          HEX_read                                 integral                          32    'h0            
          DEC_read                                 integral                          32    'h0            
          is_binary                                integral                          32    'h0            
          TV_FILE_COMPARE                          string                            0     ""             
          fp_compare                               integral                          32    'hxxxxxxxx     
        TVOUT_transaction_size_queue               da(integral)                      0     -              
        file_wr_port_B_B_TDATA                     <unknown>                         -     @2367          
          TV_FILE                                  string                            0     ""             
          fp                                       integral                          32    'hxxxxxxxx     
          file_open                                integral                          32    'h0            
          write_file_done                          integral                          32    'h0            
          write_section_done                       integral                          32    'h0            
          TRANSACTION_NUM                          integral                          32    'h0            
          transaction_num_idx                      integral                          32    'h0            
          TRANSACTION_DEPTH                        integral                          32    'h0            
          TRANSACTION_DEPTH_queue                  da(integral)                      0     -              
          TRANSACTION_DEPTH_queue_for_depth_check  da(integral)                      0     -              
          transaction_depth_idx                    integral                          32    'h0            
          ap_done_num_idx                          integral                          32    'h0            
          is_binary                                integral                          32    'h0            
        write_file_done_B_B_TDATA                  integral                          32    'h0            
        write_section_done_B_B_TDATA               integral                          32    'h0            
        file_wr_port_B_B_TKEEP                     <unknown>                         -     @2368          
          TV_FILE                                  string                            0     ""             
          fp                                       integral                          32    'hxxxxxxxx     
          file_open                                integral                          32    'h0            
          write_file_done                          integral                          32    'h0            
          write_section_done                       integral                          32    'h0            
          TRANSACTION_NUM                          integral                          32    'h0            
          transaction_num_idx                      integral                          32    'h0            
          TRANSACTION_DEPTH                        integral                          32    'h0            
          TRANSACTION_DEPTH_queue                  da(integral)                      0     -              
          TRANSACTION_DEPTH_queue_for_depth_check  da(integral)                      0     -              
          transaction_depth_idx                    integral                          32    'h0            
          ap_done_num_idx                          integral                          32    'h0            
          is_binary                                integral                          32    'h0            
        write_file_done_B_B_TKEEP                  integral                          32    'h0            
        write_section_done_B_B_TKEEP               integral                          32    'h0            
        file_wr_port_B_B_TSTRB                     <unknown>                         -     @2369          
          TV_FILE                                  string                            0     ""             
          fp                                       integral                          32    'hxxxxxxxx     
          file_open                                integral                          32    'h0            
          write_file_done                          integral                          32    'h0            
          write_section_done                       integral                          32    'h0            
          TRANSACTION_NUM                          integral                          32    'h0            
          transaction_num_idx                      integral                          32    'h0            
          TRANSACTION_DEPTH                        integral                          32    'h0            
          TRANSACTION_DEPTH_queue                  da(integral)                      0     -              
          TRANSACTION_DEPTH_queue_for_depth_check  da(integral)                      0     -              
          transaction_depth_idx                    integral                          32    'h0            
          ap_done_num_idx                          integral                          32    'h0            
          is_binary                                integral                          32    'h0            
        write_file_done_B_B_TSTRB                  integral                          32    'h0            
        write_section_done_B_B_TSTRB               integral                          32    'h0            
        file_wr_port_B_B_TLAST                     <unknown>                         -     @2370          
          TV_FILE                                  string                            0     ""             
          fp                                       integral                          32    'hxxxxxxxx     
          file_open                                integral                          32    'h0            
          write_file_done                          integral                          32    'h0            
          write_section_done                       integral                          32    'h0            
          TRANSACTION_NUM                          integral                          32    'h0            
          transaction_num_idx                      integral                          32    'h0            
          TRANSACTION_DEPTH                        integral                          32    'h0            
          TRANSACTION_DEPTH_queue                  da(integral)                      0     -              
          TRANSACTION_DEPTH_queue_for_depth_check  da(integral)                      0     -              
          transaction_depth_idx                    integral                          32    'h0            
          ap_done_num_idx                          integral                          32    'h0            
          is_binary                                integral                          32    'h0            
        write_file_done_B_B_TLAST                  integral                          32    'h0            
        write_section_done_B_B_TLAST               integral                          32    'h0            
      svr_master_A_imp                             uvm_analysis_imp_svr_master_A     -     @479           
      svr_slave_B_imp                              uvm_analysis_imp_svr_slave_B      -     @489           
    env_master_svr_A                               uvm_env                           -     @401           
    env_slave_svr_B                                uvm_env                           -     @414           
    refm                                           kernel_reference_model            -     @457           
    kernel_virtual_sqr                             kernel_virtual_sequencer          -     @519           
    kernel_cfg                                     kernel_config                     -     @395           
      port_A_cfg                                   svr_config                        -     @396           
        svr_type                                   svr_inst_type                     32    SVR_MASTER     
        prt_type                                   svr_protocol_type                 32    AXIS           
        is_active                                  svr_active_passive_enum           1     SVR_ACTIVE     
        reset_level                                svr_reset_level_enum              1     RESET_LEVEL_LOW
        spec_cfg                                   svr_spec_cfg_enum                 32    NORMAL         
        clatency                                   svr_latency                       -     @397           
          transfer_latency                         integral                          32    'h0            
      port_B_cfg                                   svr_config                        -     @398           
        svr_type                                   svr_inst_type                     32    SVR_SLAVE      
        prt_type                                   svr_protocol_type                 32    AXIS           
        is_active                                  svr_active_passive_enum           1     SVR_ACTIVE     
        reset_level                                svr_reset_level_enum              1     RESET_LEVEL_LOW
        spec_cfg                                   svr_spec_cfg_enum                 32    NORMAL         
        clatency                                   svr_latency                       -     @399           
          transfer_latency                         integral                          32    'h0            
      control_cfg                                  axi_cfg                           -     @400           
        has_checker                                integral                          1     'h1            
        has_coverage                               integral                          1     'h1            
        id_num                                     integral                          32    'h1            
        reset_level                                reset_level_enum                  32    RESET_LEVEL_LOW
        drv_type                                   drv_type_enum                     32    MASTER         
        write_latency_mode                         latency_mode_enum                 32    CHANNEL_FIRST  
        read_latency_mode                          latency_mode_enum                 32    CHANNEL_FIRST  
        clatency                                   axi_latency                       -     @424           
          wr_latency                               integral                          32    'h0            
          rd_latency                               integral                          32    'h0            
      check_ena                                    integral                          32    'h0            
      cover_ena                                    integral                          32    'h0            
----------------------------------------------------------------------------------------------------------

UVM_INFO /home/oldak/chonky-boi/2025.2/Vivado/data/system_verilog/uvm_1.2/xlnx_uvm_package.sv(20867) @ 0: reporter [UVM/COMP/NAMECHECK] This implementation of the component name checks requires DPI to be enabled
////////////////////////////////////////////////////////////////////////////////////
// Inter-Transaction Progress: Completed Transaction / Total Transaction
// Intra-Transaction Progress: Measured Latency / Latency Estimation * 100%
//
// RTL Simulation : "Inter-Transaction Progress" ["Intra-Transaction Progress"] @ "Simulation Time"
////////////////////////////////////////////////////////////////////////////////////
// RTL Simulation : 0 / 1 [n/a] @ "137000"
