

================================================================
== Synthesis Summary Report of 'kernel'
================================================================
+ General Information: 
    * Date:           Fri May  1 17:43:52 2026
    * Version:        2025.2 (Build 6295257 on Nov 14 2025)
    * Project:        hls_component
    * Solution:       hls (Vivado IP Flow Target)
    * Product family: zynq
    * Target device:  xc7z020-clg400-1
    

* Performance & Resource Estimates: 
+--------------------------------------------+------+---------------+----------+---------+------+----------+---------+-----------+------+----------+----------+-------------+-------------+-----+
|                   Modules                  | Issue|               | Iteration|         | Trip |          |       Latency       |      |          |          |             |             |     |
|                   & Loops                  | Type | Violation Type|  Latency | Interval| Count| Pipelined| (cycles)|    (ns)   | Slack|   BRAM   |    DSP   |      FF     |     LUT     | URAM|
+--------------------------------------------+------+---------------+----------+---------+------+----------+---------+-----------+------+----------+----------+-------------+-------------+-----+
|+ kernel                                    |     -|              -|         -|        -|     -|        no|        -|          -|  0.01|  32 (11%)|  89 (40%)|  25643 (24%)|  30917 (58%)|    -|
| + kernel_Pipeline_VITIS_LOOP_406_1         |     -|              -|         -|        -|     -|       yes|     1026|  1.334e+04|  3.01|         -|         -|     13 (~0%)|     51 (~0%)|    -|
|  o VITIS_LOOP_406_1                        |     -|              -|         1|        1|  1024|       yes|     1024|  1.331e+04|  9.49|         -|         -|            -|            -|    -|
| o kernel_loop                              |     -|              -|    258152|        -|     -|        no|        -|          -|  9.49|         -|         -|            -|            -|    -|
|  + kernel_Pipeline_MLP2_BITS               |     -|              -|         -|        -|     -|       yes|       29|    377.000|  2.06|         -|         -|     60 (~0%)|    455 (~0%)|    -|
|   o MLP2_BITS                              |     -|              -|         2|        1|    27|       yes|       27|    351.000|  9.49|         -|         -|            -|            -|    -|
|  + kernel_Pipeline_MLP1_BITS               |     -|              -|         -|        -|     -|       yes|       65|    845.000|  0.29|         -|    5 (2%)|    2834 (2%)|    2547 (4%)|    -|
|   o MLP1_BITS                              |     -|              -|        38|        1|    27|       yes|       63|    819.000|  9.49|         -|         -|            -|            -|    -|
|  + conv2d_l4                               |     -|              -|         -|     4268|     -|        no|     4268|  5.548e+04|  0.32|         -|  22 (10%)|    2207 (2%)|    2938 (5%)|    -|
|   + conv2d_l4_Pipeline_L4_FH_L4_FW         |     -|              -|         -|        -|     -|       yes|        8|    104.000|  2.09|         -|   1 (~0%)|    111 (~0%)|    382 (~0%)|    -|
|    o L4_FH_L4_FW                           |     -|              -|         4|        1|     4|       yes|        6|     78.000|  9.49|         -|         -|            -|            -|    -|
|   o L4_H                                   |     -|              -|      1058|        -|     4|        no|     4232|  5.502e+04|  9.49|         -|         -|            -|            -|    -|
|    o L4_W                                  |     -|              -|       264|        -|     4|        no|     1056|  1.373e+04|  9.49|         -|         -|            -|            -|    -|
|     o L4_K                                 |     -|              -|        87|        -|     3|        no|      261|  3.393e+03|  9.49|         -|         -|            -|            -|    -|
|      + conv2d_l4_Pipeline_L4_KH_L4_KW      |     -|              -|         -|        -|     -|       yes|       16|    208.000|  0.65|         -|   1 (~0%)|    261 (~0%)|     621 (1%)|    -|
|       o L4_KH_L4_KW                        |     -|              -|         7|        1|     9|       yes|       14|    182.000|  9.49|         -|         -|            -|            -|    -|
|  + conv2d_l3                               |     -|              -|         -|    16180|     -|        no|    16180|  2.103e+05|  0.01|         -|   21 (9%)|    2026 (1%)|    2874 (5%)|    -|
|   + conv2d_l3_Pipeline_L3_FH_L3_FW         |     -|              -|         -|        -|     -|       yes|       20|    260.000|  0.24|         -|   1 (~0%)|    115 (~0%)|    409 (~0%)|    -|
|    o L3_FH_L3_FW                           |     -|              -|         4|        1|    16|       yes|       18|    234.000|  9.49|         -|         -|            -|            -|    -|
|   o L3_H                                   |     -|              -|      2018|        -|     8|        no|    16144|  2.099e+05|  9.49|         -|         -|            -|            -|    -|
|    o L3_W                                  |     -|              -|       252|        -|     8|        no|     2016|  2.621e+04|  9.49|         -|         -|            -|            -|    -|
|     o L3_K                                 |     -|              -|        83|        -|     3|        no|      249|  3.237e+03|  9.49|         -|         -|            -|            -|    -|
|      + conv2d_l3_Pipeline_L3_KH_L3_KW      |     -|              -|         -|        -|     -|       yes|       13|    169.000|  1.53|         -|         -|     68 (~0%)|     544 (1%)|    -|
|       o L3_KH_L3_KW                        |     -|              -|         4|        1|     9|       yes|       11|    143.000|  9.49|         -|         -|            -|            -|    -|
|  + conv2d_l2                               |     -|              -|         -|    65348|     -|        no|    65348|  8.495e+05|  0.02|         -|   20 (9%)|    2060 (1%)|    2931 (5%)|    -|
|   + conv2d_l2_Pipeline_L2_FH_L2_FW         |     -|              -|         -|        -|     -|       yes|       67|    871.000|  0.02|         -|         -|    134 (~0%)|    453 (~0%)|    -|
|    o L2_FH_L2_FW                           |     -|              -|         3|        1|    64|       yes|       65|    845.000|  9.49|         -|         -|            -|            -|    -|
|   o L2_H                                   |     -|              -|      4082|        -|    16|        no|    65312|  8.491e+05|  9.49|         -|         -|            -|            -|    -|
|    o L2_W                                  |     -|              -|       255|        -|    16|        no|     4080|  5.304e+04|  9.49|         -|         -|            -|            -|    -|
|     o L2_K                                 |     -|              -|        84|        -|     3|        no|      252|  3.276e+03|  9.49|         -|         -|            -|            -|    -|
|      + conv2d_l2_Pipeline_L2_KH_L2_KW      |     -|              -|         -|        -|     -|       yes|       13|    169.000|  0.75|         -|         -|     70 (~0%)|     548 (1%)|    -|
|       o L2_KH_L2_KW                        |     -|              -|         4|        1|     9|       yes|       11|    143.000|  9.49|         -|         -|            -|            -|    -|
|  + conv2d_l1                               |     -|              -|         -|   258148|     -|        no|   258148|  3.356e+06|  0.15|         -|   20 (9%)|  10771 (10%)|   9035 (16%)|    -|
|   + conv2d_l1_Pipeline_INIT_FH_INIT_FW     |     -|              -|         -|        -|     -|       yes|      260|  3.380e+03|  0.15|         -|         -|    190 (~0%)|    454 (~0%)|    -|
|    o INIT_FH_INIT_FW                       |     -|              -|         4|        1|   256|       yes|      258|  3.354e+03|  9.49|         -|         -|            -|            -|    -|
|   o INIT_H                                 |     -|              -|      8066|        -|    32|        no|   258112|  3.355e+06|  9.49|         -|         -|            -|            -|    -|
|    o INIT_W                                |     -|              -|       252|        -|    32|        no|     8064|  1.048e+05|  9.49|         -|         -|            -|            -|    -|
|     o INIT_K                               |     -|              -|        83|        -|     3|        no|      249|  3.237e+03|  9.49|         -|         -|            -|            -|    -|
|      + conv2d_l1_Pipeline_INIT_KH_INIT_KW  |     -|              -|         -|        -|     -|       yes|       80|  1.040e+03|  0.15|         -|   16 (7%)|    9939 (9%)|   7727 (14%)|    -|
|       o INIT_KH_INIT_KW                    |     -|              -|        71|        1|     9|       yes|       78|  1.014e+03|  9.49|         -|         -|            -|            -|    -|
|  + kernel_Pipeline_MLPO_BITS               |     -|              -|         -|        -|     -|       yes|       29|    377.000|  2.06|         -|         -|     60 (~0%)|    455 (~0%)|    -|
|   o MLPO_BITS                              |     -|              -|         2|        1|    27|       yes|       27|    351.000|  9.49|         -|         -|            -|            -|    -|
|  + softmax                                 |     -|              -|         -|       59|     -|        no|       59|    767.000|  0.28|         -|         -|    4013 (3%)|    4662 (8%)|    -|
|   + softmax_Pipeline_SM_NORM               |     -|              -|         -|        -|     -|       yes|       47|    611.000|  0.28|         -|         -|    3070 (2%)|    1964 (3%)|    -|
|    o SM_NORM                               |     -|              -|        37|        1|    10|       yes|       45|    585.000|  9.49|         -|         -|            -|            -|    -|
|  + kernel_Pipeline_OUT_STREAM              |     -|              -|         -|        -|     -|       yes|        7|     91.000|  4.43|         -|         -|      8 (~0%)|     88 (~0%)|    -|
|   o OUT_STREAM                             |     -|              -|         2|        1|     5|       yes|        5|     65.000|  9.49|         -|         -|            -|            -|    -|
+--------------------------------------------+------+---------------+----------+---------+------+----------+---------+-----------+------+----------+----------+-------------+-------------+-----+
    Name Prefix: '+' for module, 'o' for loop, '*' for dataflow


================================================================
== HW Interfaces
================================================================
* S_AXILITE Interfaces
+---------------+------------+---------------+
| Interface     | Data Width | Address Width |
+---------------+------------+---------------+
| s_axi_control | 32         | 4             |
+---------------+------------+---------------+

* S_AXILITE Registers
+---------------+----------+--------+-------+--------+----------------------------------+----------------------------------------------------------------------+
| Interface     | Register | Offset | Width | Access | Description                      | Bit Fields                                                           |
+---------------+----------+--------+-------+--------+----------------------------------+----------------------------------------------------------------------+
| s_axi_control | CTRL     | 0x00   | 32    | RW     | Control signals                  | 0=AP_START 1=AP_DONE 2=AP_IDLE 3=AP_READY 7=AUTO_RESTART 9=INTERRUPT |
| s_axi_control | GIER     | 0x04   | 32    | RW     | Global Interrupt Enable Register | 0=Enable                                                             |
| s_axi_control | IP_IER   | 0x08   | 32    | RW     | IP Interrupt Enable Register     | 0=CHAN0_INT_EN 1=CHAN1_INT_EN                                        |
| s_axi_control | IP_ISR   | 0x0c   | 32    | RW     | IP Interrupt Status Register     | 0=CHAN0_INT_ST 1=CHAN1_INT_ST                                        |
+---------------+----------+--------+-------+--------+----------------------------------+----------------------------------------------------------------------+

* AXIS
+-----------+-----------+---------------+-------+-------+-------+--------+-------+--------+
| Interface | Direction | Register Mode | TDATA | TKEEP | TLAST | TREADY | TSTRB | TVALID |
+-----------+-----------+---------------+-------+-------+-------+--------+-------+--------+
| A         | in        | both          | 32    | 4     | 1     | 1      | 4     | 1      |
| B         | out       | both          | 32    | 4     | 1     | 1      | 4     | 1      |
+-----------+-----------+---------------+-------+-------+-------+--------+-------+--------+

* TOP LEVEL CONTROL
+-----------+------------+-----------+
| Interface | Type       | Ports     |
+-----------+------------+-----------+
| ap_clk    | clock      | ap_clk    |
| ap_rst_n  | reset      | ap_rst_n  |
| interrupt | interrupt  | interrupt |
| ap_ctrl   | ap_ctrl_hs |           |
+-----------+------------+-----------+


================================================================
== SW I/O Information
================================================================
* Top Function Arguments
+----------+-----------+------------------------------------------------------------------------------+
| Argument | Direction | Datatype                                                                     |
+----------+-----------+------------------------------------------------------------------------------+
| A        | in        | stream<hls::axis<ap_uint<32>, 0UL, 0UL, 0UL, (unsigned char)'8', false>, 0>& |
| B        | out       | stream<hls::axis<ap_uint<32>, 0UL, 0UL, 0UL, (unsigned char)'8', false>, 0>& |
+----------+-----------+------------------------------------------------------------------------------+

* SW-to-HW Mapping
+----------+--------------+-----------+
| Argument | HW Interface | HW Type   |
+----------+--------------+-----------+
| A        | A            | interface |
| B        | B            | interface |
+----------+--------------+-----------+


================================================================
== M_AXI Burst Information
================================================================
 Note: All burst requests might be further partitioned into multiple requests during RTL generation based on max_read_burst_length or max_write_burst_length settings.


================================================================
== Bind Op Report
================================================================
+---------------------------------------------+-----+--------+-----------------+-----------+--------------------------+---------+
| Name                                        | DSP | Pragma | Variable        | Op        | Impl                     | Latency |
+---------------------------------------------+-----+--------+-----------------+-----------+--------------------------+---------+
| + kernel                                    | 89  |        |                 |           |                          |         |
|   icmp_ln471_fu_1611_p2                     |     |        | icmp_ln471      | seteq     | auto                     | 0       |
|   icmp_ln588_fu_1648_p2                     |     |        | icmp_ln588      | setlt     | auto                     | 0       |
|   mlp2_w_off_1_fu_1928_p2                   |     |        | mlp2_w_off_1    | add       | fabric                   | 0       |
|   val_1_fu_1661_p2                          |     |        | val_1           | add       | fabric                   | 0       |
|   xor_ln61_1_fu_1675_p2                     |     |        | xor_ln61_1      | xor       | auto                     | 0       |
|   mlp2_neuron_1_fu_1687_p2                  |     |        | mlp2_neuron_1   | add       | fabric                   | 0       |
|   icmp_ln557_fu_1721_p2                     |     |        | icmp_ln557      | setlt     | auto                     | 0       |
|   mlp1_w_off_1_fu_1956_p2                   |     |        | mlp1_w_off_1    | add       | fabric                   | 0       |
|   val_fu_1734_p2                            |     |        | val             | add       | fabric                   | 0       |
|   xor_ln61_fu_1748_p2                       |     |        | xor_ln61        | xor       | auto                     | 0       |
|   mlp1_neuron_1_fu_1760_p2                  |     |        | mlp1_neuron_1   | add       | fabric                   | 0       |
|   icmp_ln534_fu_1791_p2                     |     |        | icmp_ln534      | setlt     | auto                     | 0       |
|   conv4_in_off_1_fu_1974_p2                 |     |        | conv4_in_off_1  | add       | fabric                   | 0       |
|   conv4_out_ch_1_fu_1985_p2                 |     |        | conv4_out_ch_1  | add       | fabric                   | 0       |
|   icmp_ln512_fu_1807_p2                     |     |        | icmp_ln512      | setlt     | auto                     | 0       |
|   conv3_in_off_1_fu_2008_p2                 |     |        | conv3_in_off_1  | add       | fabric                   | 0       |
|   conv3_out_ch_1_fu_2019_p2                 |     |        | conv3_out_ch_1  | add       | fabric                   | 0       |
|   icmp_ln491_fu_1823_p2                     |     |        | icmp_ln491      | setlt     | auto                     | 0       |
|   conv2_in_off_1_fu_2042_p2                 |     |        | conv2_in_off_1  | add       | fabric                   | 0       |
|   conv2_out_ch_1_fu_2053_p2                 |     |        | conv2_out_ch_1  | add       | fabric                   | 0       |
|   icmp_ln470_fu_1839_p2                     |     |        | icmp_ln470      | setlt     | auto                     | 0       |
|   conv1_in_off_1_fu_2076_p2                 |     |        | conv1_in_off_1  | add       | fabric                   | 0       |
|   conv1_out_ch_1_fu_2087_p2                 |     |        | conv1_out_ch_1  | add       | fabric                   | 0       |
|   mul_16ns_18ns_33_1_1_U709                 | 1   |        | mul_ln462       | mul       | auto                     | 0       |
|   urem_16ns_5ns_4_20_seq_1_U710             |     |        | urem_ln462      | urem      | auto_seq                 | 19      |
|   image_counter_1_fu_2154_p2                |     |        | image_counter_1 | add       | fabric                   | 0       |
|   icmp_ln617_fu_1874_p2                     |     |        | icmp_ln617      | setlt     | auto                     | 0       |
|   mlpo_w_off_1_fu_2182_p2                   |     |        | mlpo_w_off_1    | add       | fabric                   | 0       |
|   add_ln631_fu_1887_p2                      |     |        | add_ln631       | add       | fabric                   | 0       |
|   mlpo_neuron_1_fu_1899_p2                  |     |        | mlpo_neuron_1   | add       | fabric                   | 0       |
|   icmp_ln636_fu_1905_p2                     |     |        | icmp_ln636      | seteq     | auto                     | 0       |
|  + kernel_Pipeline_VITIS_LOOP_406_1         | 0   |        |                 |           |                          |         |
|    icmp_ln406_fu_74_p2                      |     |        | icmp_ln406      | seteq     | auto                     | 0       |
|    add_ln406_fu_80_p2                       |     |        | add_ln406       | add       | fabric                   | 0       |
|  + kernel_Pipeline_MLP2_BITS                | 0   |        |                 |           |                          |         |
|    add_ln592_fu_388_p2                      |     |        | add_ln592       | add       | fabric                   | 0       |
|    icmp_ln592_fu_394_p2                     |     |        | icmp_ln592      | seteq     | auto                     | 0       |
|    select_ln592_fu_400_p3                   |     |        | select_ln592    | select    | auto_sel                 | 0       |
|    add_ln593_fu_412_p2                      |     |        | add_ln593       | add       | fabric                   | 0       |
|    icmp_ln594_fu_433_p2                     |     |        | icmp_ln594      | setgt     | auto                     | 0       |
|    add_ln596_fu_439_p2                      |     |        | add_ln596       | add       | fabric                   | 0       |
|    sparsemux_19_4_1_1_1_U3                  |     |        | tmp_9           | sparsemux | compactencoding_dontcare | 0       |
|    sparsemux_19_4_1_1_1_U4                  |     |        | tmp_s           | sparsemux | compactencoding_dontcare | 0       |
|    sparsemux_19_4_1_1_1_U5                  |     |        | tmp_3           | sparsemux | compactencoding_dontcare | 0       |
|    sparsemux_7_2_1_1_1_U6                   |     |        | w               | sparsemux | onehotencoding_realdef   | 0       |
|    xor_ln597_fu_653_p2                      |     |        | xor_ln597       | xor       | auto                     | 0       |
|    select_ln597_fu_658_p3                   |     |        | select_ln597    | select    | auto_sel                 | 0       |
|    mlp2_acc_5_fu_666_p2                     |     |        | mlp2_acc_5      | add       | fabric                   | 0       |
|    not_icmp_ln594_fu_611_p2                 |     |        | not_icmp_ln594  | xor       | auto                     | 0       |
|    mlp2_acc_2_out                           |     |        | mlp2_acc_2      | select    | auto_sel                 | 0       |
|    add_ln591_fu_617_p2                      |     |        | add_ln591       | add       | fabric                   | 0       |
|    icmp_ln591_fu_623_p2                     |     |        | icmp_ln591      | setlt     | auto                     | 0       |
|    or_cond871_fu_629_p2                     |     |        | or_cond871      | and       | auto                     | 0       |
|  + kernel_Pipeline_MLP1_BITS                | 5   |        |                 |           |                          |         |
|    add_ln561_fu_939_p2                      |     |        | add_ln561       | add       | fabric                   | 0       |
|    icmp_ln561_fu_945_p2                     |     |        | icmp_ln561      | seteq     | auto                     | 0       |
|    select_ln561_fu_951_p3                   |     |        | select_ln561    | select    | auto_sel                 | 0       |
|    flat_fu_630_p2                           |     |        | flat            | add       | fabric                   | 0       |
|    icmp_ln563_fu_646_p2                     |     |        | icmp_ln563      | setgt     | auto                     | 0       |
|    sub_ln564_1_fu_668_p2                    |     |        | sub_ln564_1     | sub       | fabric                   | 0       |
|    sub_ln564_2_fu_682_p2                    |     |        | sub_ln564_2     | sub       | fabric                   | 0       |
|    ch_fu_688_p3                             |     |        | ch              | select    | auto_sel                 | 0       |
|    mul_32ns_34ns_65_1_1_U41                 | 4   |        | mul_ln564       | mul       | auto                     | 0       |
|    select_ln564_2_fu_779_p3                 |     |        | select_ln564_2  | select    | auto_sel                 | 0       |
|    xor_ln564_fu_787_p2                      |     |        | xor_ln564       | xor       | auto                     | 0       |
|    urem_32s_5ns_4_36_1_U42                  |     |        | urem_ln564      | urem      | auto                     | 35      |
|    sub_ln564_fu_917_p2                      |     |        | sub_ln564       | sub       | fabric                   | 0       |
|    select_ln564_fu_923_p3                   |     |        | select_ln564    | select    | auto_sel                 | 0       |
|    sub_ln565_fu_802_p2                      |     |        | sub_ln565       | sub       | fabric                   | 0       |
|    hw_fu_807_p3                             |     |        | hw              | select    | auto_sel                 | 0       |
|    select_ln566_fu_833_p3                   |     |        | select_ln566    | select    | auto_sel                 | 0       |
|    col_fu_841_p3                            |     |        | col             | select    | auto_sel                 | 0       |
|    row_fu_863_p3                            |     |        | row             | select    | auto_sel                 | 0       |
|    add_ln568_fu_886_p2                      |     |        | add_ln568       | add       | fabric                   | 0       |
|    mac_muladd_6ns_3s_8s_8_4_1_U48           | 1   |        | mul_ln568       | mul       | dsp_slice                | 3       |
|    mac_muladd_6ns_3s_8s_8_4_1_U48           | 1   |        | add_ln568_1     | add       | dsp_slice                | 3       |
|    sparsemux_29_4_1_1_1_U43                 |     |        | a               | sparsemux | compactencoding_dontcare | 0       |
|    add_ln569_fu_1008_p2                     |     |        | add_ln569       | add       | fabric                   | 0       |
|    sparsemux_19_4_1_1_1_U44                 |     |        | tmp_5           | sparsemux | compactencoding_dontcare | 0       |
|    sparsemux_19_4_1_1_1_U45                 |     |        | tmp_6           | sparsemux | compactencoding_dontcare | 0       |
|    sparsemux_19_4_1_1_1_U46                 |     |        | tmp_7           | sparsemux | compactencoding_dontcare | 0       |
|    sparsemux_7_2_1_1_1_U47                  |     |        | w               | sparsemux | onehotencoding_realdef   | 0       |
|    xor_ln570_fu_1153_p2                     |     |        | xor_ln570       | xor       | auto                     | 0       |
|    select_ln570_fu_1159_p3                  |     |        | select_ln570    | select    | auto_sel                 | 0       |
|    mlp1_acc_5_fu_1167_p2                    |     |        | mlp1_acc_5      | add       | fabric                   | 0       |
|    not_icmp_ln563_fu_724_p2                 |     |        | not_icmp_ln563  | xor       | auto                     | 0       |
|    mlp1_acc_2_out                           |     |        | mlp1_acc_2      | select    | auto_sel                 | 0       |
|    i_4_fu_730_p2                            |     |        | i_4             | add       | fabric                   | 0       |
|    icmp_ln560_fu_736_p2                     |     |        | icmp_ln560      | setlt     | auto                     | 0       |
|    or_cond872_fu_742_p2                     |     |        | or_cond872      | and       | auto                     | 0       |
|  + conv2d_l4                                | 22  |        |                 |           |                          |         |
|    mul_32ns_34ns_65_1_1_U174                | 4   |        | mul_ln259       | mul       | auto                     | 0       |
|    select_ln259_1_fu_625_p3                 |     |        | select_ln259_1  | select    | auto_sel                 | 0       |
|    grp_fu_639_p0                            |     |        | xor_ln259       | xor       | auto                     | 0       |
|    urem_32ns_5ns_4_36_seq_1_U176            |     |        | urem_ln259      | urem      | auto_seq                 | 35      |
|    sub_ln259_fu_649_p2                      |     |        | sub_ln259       | sub       | fabric                   | 0       |
|    select_ln259_fu_655_p3                   |     |        | select_ln259    | select    | auto_sel                 | 0       |
|    icmp_ln273_fu_675_p2                     |     |        | icmp_ln273      | seteq     | auto                     | 0       |
|    add_ln273_fu_681_p2                      |     |        | add_ln273       | add       | fabric                   | 0       |
|    icmp_ln274_fu_697_p2                     |     |        | icmp_ln274      | seteq     | auto                     | 0       |
|    add_ln274_fu_703_p2                      |     |        | add_ln274       | add       | fabric                   | 0       |
|    add_ln275_fu_723_p2                      |     |        | add_ln275       | add       | fabric                   | 0       |
|    loc_fu_746_p3                            |     |        | loc             | select    | auto_sel                 | 0       |
|    icmp_ln276_fu_754_p2                     |     |        | icmp_ln276      | seteq     | auto                     | 0       |
|    add_ln276_fu_760_p2                      |     |        | add_ln276       | add       | fabric                   | 0       |
|    icmp_ln277_fu_770_p2                     |     |        | icmp_ln277      | setlt     | auto                     | 0       |
|    add_ln283_fu_775_p2                      |     |        | add_ln283       | add       | fabric                   | 0       |
|    mul_64ns_66ns_129_3_1_U175               | 16  |        | mul_ln275       | mul       | auto                     | 2       |
|    select_ln275_3_fu_788_p3                 |     |        | select_ln275_3  | select    | auto_sel                 | 0       |
|    xor_ln275_fu_796_p2                      |     |        | xor_ln275       | xor       | auto                     | 0       |
|    urem_64s_5ns_4_68_seq_1_U177             |     |        | urem_ln275      | urem      | auto_seq                 | 67      |
|    sub_ln275_fu_834_p2                      |     |        | sub_ln275       | sub       | fabric                   | 0       |
|    select_ln275_fu_840_p3                   |     |        | select_ln275    | select    | auto_sel                 | 0       |
|   + conv2d_l4_Pipeline_L4_FH_L4_FW          | 1   |        |                 |           |                          |         |
|     icmp_ln294_fu_404_p2                    |     |        | icmp_ln294      | seteq     | auto                     | 0       |
|     add_ln294_1_fu_410_p2                   |     |        | add_ln294_1     | add       | fabric                   | 0       |
|     add_ln294_fu_426_p2                     |     |        | add_ln294       | add       | fabric                   | 0       |
|     icmp_ln295_fu_432_p2                    |     |        | icmp_ln295      | seteq     | auto                     | 0       |
|     xor_ln294_fu_438_p2                     |     |        | xor_ln294       | xor       | auto                     | 0       |
|     and_ln294_fu_444_p2                     |     |        | and_ln294       | and       | auto                     | 0       |
|     select_ln294_fu_454_p3                  |     |        | select_ln294    | select    | auto_sel                 | 0       |
|     mac_muladd_6ns_3ns_8s_8_4_1_U153        | 1   |        | mul_ln304       | mul       | dsp_slice                | 3       |
|     mac_muladd_6ns_3ns_8s_8_4_1_U153        | 1   |        | add_ln304       | add       | dsp_slice                | 3       |
|     icmp_ln302_fu_561_p2                    |     |        | icmp_ln302      | setgt     | auto                     | 0       |
|     select_ln302_fu_567_p3                  |     |        | select_ln302    | select    | auto_sel                 | 0       |
|     icmp_ln302_1_fu_575_p2                  |     |        | icmp_ln302_1    | setgt     | auto                     | 0       |
|     select_ln302_1_fu_581_p3                |     |        | select_ln302_1  | select    | auto_sel                 | 0       |
|     icmp_ln302_2_fu_589_p2                  |     |        | icmp_ln302_2    | setgt     | auto                     | 0       |
|     mx_fu_593_p3                            |     |        | mx              | select    | auto_sel                 | 0       |
|     val_fu_599_p2                           |     |        | val             | add       | fabric                   | 0       |
|     xor_ln61_fu_629_p2                      |     |        | xor_ln61        | xor       | auto                     | 0       |
|     select_ln295_fu_538_p3                  |     |        | select_ln295    | select    | auto_sel                 | 0       |
|   + conv2d_l4_Pipeline_L4_KH_L4_KW          | 1   |        |                 |           |                          |         |
|     icmp_ln278_fu_618_p2                    |     |        | icmp_ln278      | seteq     | auto                     | 0       |
|     add_ln278_1_fu_624_p2                   |     |        | add_ln278_1     | add       | fabric                   | 0       |
|     add_ln278_fu_636_p2                     |     |        | add_ln278       | add       | fabric                   | 0       |
|     icmp_ln279_fu_642_p2                    |     |        | icmp_ln279      | seteq     | auto                     | 0       |
|     select_ln275_1_fu_648_p3                |     |        | select_ln275_1  | select    | auto_sel                 | 0       |
|     select_ln278_fu_656_p3                  |     |        | select_ln278    | select    | auto_sel                 | 0       |
|     add_ln281_fu_664_p2                     |     |        | add_ln281       | add       | fabric                   | 0       |
|     add_ln281_1_fu_674_p2                   |     |        | add_ln281_1     | add       | fabric                   | 0       |
|     add_ln281_2_fu_680_p2                   |     |        | add_ln281_2     | add       | fabric                   | 0       |
|     add_ln281_3_fu_690_p2                   |     |        | add_ln281_3     | add       | fabric                   | 0       |
|     add_ln283_fu_772_p2                     |     |        | add_ln283       | add       | fabric                   | 0       |
|     mac_muladd_8s_5ns_9s_9_4_1_U103         | 1   |        | mul_ln283       | mul       | dsp_slice                | 3       |
|     mac_muladd_8s_5ns_9s_9_4_1_U103         | 1   |        | add_ln283_1     | add       | dsp_slice                | 3       |
|     or_ln282_fu_696_p2                      |     |        | or_ln282        | or        | auto                     | 0       |
|     icmp_ln282_fu_712_p2                    |     |        | icmp_ln282      | seteq     | auto                     | 0       |
|     sparsemux_29_4_1_1_1_U102               |     |        | a               | sparsemux | compactencoding_dontcare | 0       |
|     sparsemux_19_4_1_1_1_U98                |     |        | tmp             | sparsemux | compactencoding_dontcare | 0       |
|     sparsemux_19_4_1_1_1_U99                |     |        | tmp_s           | sparsemux | compactencoding_dontcare | 0       |
|     sparsemux_19_4_1_1_1_U100               |     |        | tmp_4           | sparsemux | compactencoding_dontcare | 0       |
|     sparsemux_7_2_1_1_1_U101                |     |        | w               | sparsemux | onehotencoding_realdef   | 0       |
|     xor_ln285_fu_995_p2                     |     |        | xor_ln285       | xor       | auto                     | 0       |
|     select_ln285_fu_999_p3                  |     |        | select_ln285    | select    | auto_sel                 | 0       |
|     loc_3_fu_1007_p2                        |     |        | loc_3           | add       | fabric                   | 0       |
|     loc_2_fu_1013_p3                        |     |        | loc_2           | select    | auto_sel                 | 0       |
|     add_ln279_fu_718_p2                     |     |        | add_ln279       | add       | fabric                   | 0       |
|  + conv2d_l3                                | 21  |        |                 |           |                          |         |
|    mul_32ns_34ns_65_1_1_U317                | 4   |        | mul_ln199       | mul       | auto                     | 0       |
|    select_ln199_1_fu_627_p3                 |     |        | select_ln199_1  | select    | auto_sel                 | 0       |
|    grp_fu_641_p0                            |     |        | xor_ln199       | xor       | auto                     | 0       |
|    urem_32ns_5ns_4_36_seq_1_U319            |     |        | urem_ln199      | urem      | auto_seq                 | 35      |
|    sub_ln199_fu_651_p2                      |     |        | sub_ln199       | sub       | fabric                   | 0       |
|    select_ln199_fu_657_p3                   |     |        | select_ln199    | select    | auto_sel                 | 0       |
|    icmp_ln213_fu_677_p2                     |     |        | icmp_ln213      | seteq     | auto                     | 0       |
|    add_ln213_fu_683_p2                      |     |        | add_ln213       | add       | fabric                   | 0       |
|    icmp_ln214_fu_693_p2                     |     |        | icmp_ln214      | seteq     | auto                     | 0       |
|    add_ln214_fu_699_p2                      |     |        | add_ln214       | add       | fabric                   | 0       |
|    loc_fu_740_p3                            |     |        | loc             | select    | auto_sel                 | 0       |
|    icmp_ln216_fu_748_p2                     |     |        | icmp_ln216      | seteq     | auto                     | 0       |
|    add_ln216_fu_754_p2                      |     |        | add_ln216       | add       | fabric                   | 0       |
|    icmp_ln217_fu_764_p2                     |     |        | icmp_ln217      | setlt     | auto                     | 0       |
|    add_ln223_fu_769_p2                      |     |        | add_ln223       | add       | fabric                   | 0       |
|    mul_64ns_66ns_129_3_1_U318               | 16  |        | mul_ln215       | mul       | auto                     | 2       |
|    select_ln215_3_fu_782_p3                 |     |        | select_ln215_3  | select    | auto_sel                 | 0       |
|    xor_ln215_fu_790_p2                      |     |        | xor_ln215       | xor       | auto                     | 0       |
|    urem_64s_5ns_4_68_seq_1_U320             |     |        | urem_ln215      | urem      | auto_seq                 | 67      |
|    sub_ln215_fu_828_p2                      |     |        | sub_ln215       | sub       | fabric                   | 0       |
|    select_ln215_fu_834_p3                   |     |        | select_ln215    | select    | auto_sel                 | 0       |
|   + conv2d_l3_Pipeline_L3_FH_L3_FW          | 1   |        |                 |           |                          |         |
|     icmp_ln234_fu_404_p2                    |     |        | icmp_ln234      | seteq     | auto                     | 0       |
|     add_ln234_1_fu_410_p2                   |     |        | add_ln234_1     | add       | fabric                   | 0       |
|     add_ln234_fu_422_p2                     |     |        | add_ln234       | add       | fabric                   | 0       |
|     icmp_ln235_fu_428_p2                    |     |        | icmp_ln235      | seteq     | auto                     | 0       |
|     select_ln234_fu_434_p3                  |     |        | select_ln234    | select    | auto_sel                 | 0       |
|     select_ln234_1_fu_442_p3                |     |        | select_ln234_1  | select    | auto_sel                 | 0       |
|     ama_addmuladd_5ns_3ns_5ns_9s_9_4_1_U296 | 1   |        | add_ln244       | add       | dsp_slice                | 3       |
|     ama_addmuladd_5ns_3ns_5ns_9s_9_4_1_U296 | 1   |        | zext_ln244_1    | zext      | dsp_slice                | 3       |
|     ama_addmuladd_5ns_3ns_5ns_9s_9_4_1_U296 | 1   |        | mul_ln244       | mul       | dsp_slice                | 3       |
|     ama_addmuladd_5ns_3ns_5ns_9s_9_4_1_U296 | 1   |        | add_ln244_1     | add       | dsp_slice                | 3       |
|     add_ln240_fu_496_p2                     |     |        | add_ln240       | add       | fabric                   | 0       |
|     icmp_ln242_fu_559_p2                    |     |        | icmp_ln242      | setgt     | auto                     | 0       |
|     select_ln242_fu_565_p3                  |     |        | select_ln242    | select    | auto_sel                 | 0       |
|     icmp_ln242_1_fu_573_p2                  |     |        | icmp_ln242_1    | setgt     | auto                     | 0       |
|     select_ln242_1_fu_579_p3                |     |        | select_ln242_1  | select    | auto_sel                 | 0       |
|     icmp_ln242_2_fu_587_p2                  |     |        | icmp_ln242_2    | setgt     | auto                     | 0       |
|     mx_fu_591_p3                            |     |        | mx              | select    | auto_sel                 | 0       |
|     val_fu_597_p2                           |     |        | val             | add       | fabric                   | 0       |
|     xor_ln61_fu_627_p2                      |     |        | xor_ln61        | xor       | auto                     | 0       |
|     add_ln235_fu_538_p2                     |     |        | add_ln235       | add       | fabric                   | 0       |
|   + conv2d_l3_Pipeline_L3_KH_L3_KW          | 0   |        |                 |           |                          |         |
|     icmp_ln218_fu_624_p2                    |     |        | icmp_ln218      | seteq     | auto                     | 0       |
|     add_ln218_1_fu_630_p2                   |     |        | add_ln218_1     | add       | fabric                   | 0       |
|     add_ln218_fu_642_p2                     |     |        | add_ln218       | add       | fabric                   | 0       |
|     icmp_ln219_fu_648_p2                    |     |        | icmp_ln219      | seteq     | auto                     | 0       |
|     select_ln215_1_fu_654_p3                |     |        | select_ln215_1  | select    | auto_sel                 | 0       |
|     select_ln218_fu_662_p3                  |     |        | select_ln218    | select    | auto_sel                 | 0       |
|     add_ln221_fu_670_p2                     |     |        | add_ln221       | add       | fabric                   | 0       |
|     add_ln221_1_fu_680_p2                   |     |        | add_ln221_1     | add       | fabric                   | 0       |
|     add_ln221_2_fu_686_p2                   |     |        | add_ln221_2     | add       | fabric                   | 0       |
|     add_ln221_3_fu_696_p2                   |     |        | add_ln221_3     | add       | fabric                   | 0       |
|     add_ln223_fu_756_p2                     |     |        | add_ln223       | add       | fabric                   | 0       |
|     or_ln222_fu_803_p2                      |     |        | or_ln222        | or        | auto                     | 0       |
|     icmp_ln222_fu_817_p2                    |     |        | icmp_ln222      | seteq     | auto                     | 0       |
|     sparsemux_29_4_1_1_1_U247               |     |        | a               | sparsemux | compactencoding_dontcare | 0       |
|     sparsemux_19_4_1_1_1_U243               |     |        | tmp             | sparsemux | compactencoding_dontcare | 0       |
|     sparsemux_19_4_1_1_1_U244               |     |        | tmp_s           | sparsemux | compactencoding_dontcare | 0       |
|     sparsemux_19_4_1_1_1_U245               |     |        | tmp_5           | sparsemux | compactencoding_dontcare | 0       |
|     sparsemux_7_2_1_1_1_U246                |     |        | w               | sparsemux | onehotencoding_realdef   | 0       |
|     xor_ln225_fu_1019_p2                    |     |        | xor_ln225       | xor       | auto                     | 0       |
|     select_ln225_fu_1023_p3                 |     |        | select_ln225    | select    | auto_sel                 | 0       |
|     loc_5_fu_1031_p2                        |     |        | loc_5           | add       | fabric                   | 0       |
|     loc_3_fu_1037_p3                        |     |        | loc_3           | select    | auto_sel                 | 0       |
|     add_ln219_fu_702_p2                     |     |        | add_ln219       | add       | fabric                   | 0       |
|  + conv2d_l2                                | 20  |        |                 |           |                          |         |
|    mul_32ns_34ns_65_1_1_U455                | 4   |        | mul_ln140       | mul       | auto                     | 0       |
|    select_ln140_1_fu_627_p3                 |     |        | select_ln140_1  | select    | auto_sel                 | 0       |
|    grp_fu_641_p0                            |     |        | xor_ln140       | xor       | auto                     | 0       |
|    urem_32ns_5ns_4_36_seq_1_U457            |     |        | urem_ln140      | urem      | auto_seq                 | 35      |
|    sub_ln140_fu_651_p2                      |     |        | sub_ln140       | sub       | fabric                   | 0       |
|    select_ln140_fu_657_p3                   |     |        | select_ln140    | select    | auto_sel                 | 0       |
|    icmp_ln154_fu_677_p2                     |     |        | icmp_ln154      | seteq     | auto                     | 0       |
|    add_ln154_fu_683_p2                      |     |        | add_ln154       | add       | fabric                   | 0       |
|    icmp_ln155_fu_693_p2                     |     |        | icmp_ln155      | seteq     | auto                     | 0       |
|    add_ln155_fu_699_p2                      |     |        | add_ln155       | add       | fabric                   | 0       |
|    loc_fu_740_p3                            |     |        | loc             | select    | auto_sel                 | 0       |
|    icmp_ln157_fu_748_p2                     |     |        | icmp_ln157      | seteq     | auto                     | 0       |
|    add_ln157_fu_754_p2                      |     |        | add_ln157       | add       | fabric                   | 0       |
|    icmp_ln158_fu_764_p2                     |     |        | icmp_ln158      | setlt     | auto                     | 0       |
|    add_ln164_fu_769_p2                      |     |        | add_ln164       | add       | fabric                   | 0       |
|    mul_64ns_66ns_129_3_1_U456               | 16  |        | mul_ln156       | mul       | auto                     | 2       |
|    select_ln156_3_fu_782_p3                 |     |        | select_ln156_3  | select    | auto_sel                 | 0       |
|    xor_ln156_fu_790_p2                      |     |        | xor_ln156       | xor       | auto                     | 0       |
|    urem_64s_5ns_4_68_seq_1_U458             |     |        | urem_ln156      | urem      | auto_seq                 | 67      |
|    sub_ln156_fu_828_p2                      |     |        | sub_ln156       | sub       | fabric                   | 0       |
|    select_ln156_fu_834_p3                   |     |        | select_ln156    | select    | auto_sel                 | 0       |
|   + conv2d_l2_Pipeline_L2_FH_L2_FW          | 0   |        |                 |           |                          |         |
|     icmp_ln175_fu_402_p2                    |     |        | icmp_ln175      | seteq     | auto                     | 0       |
|     add_ln175_1_fu_408_p2                   |     |        | add_ln175_1     | add       | fabric                   | 0       |
|     add_ln175_fu_420_p2                     |     |        | add_ln175       | add       | fabric                   | 0       |
|     icmp_ln176_fu_426_p2                    |     |        | icmp_ln176      | seteq     | auto                     | 0       |
|     select_ln175_fu_432_p3                  |     |        | select_ln175    | select    | auto_sel                 | 0       |
|     select_ln175_1_fu_440_p3                |     |        | select_ln175_1  | select    | auto_sel                 | 0       |
|     add_ln185_fu_555_p2                     |     |        | add_ln185       | add       | fabric                   | 0       |
|     add_ln181_fu_478_p2                     |     |        | add_ln181       | add       | fabric                   | 0       |
|     icmp_ln183_fu_596_p2                    |     |        | icmp_ln183      | setgt     | auto                     | 0       |
|     select_ln183_fu_602_p3                  |     |        | select_ln183    | select    | auto_sel                 | 0       |
|     icmp_ln183_1_fu_610_p2                  |     |        | icmp_ln183_1    | setgt     | auto                     | 0       |
|     select_ln183_1_fu_616_p3                |     |        | select_ln183_1  | select    | auto_sel                 | 0       |
|     icmp_ln183_2_fu_641_p2                  |     |        | icmp_ln183_2    | setgt     | auto                     | 0       |
|     mx_fu_645_p3                            |     |        | mx              | select    | auto_sel                 | 0       |
|     val_fu_651_p2                           |     |        | val             | add       | fabric                   | 0       |
|     xor_ln61_fu_664_p2                      |     |        | xor_ln61        | xor       | auto                     | 0       |
|     add_ln176_fu_520_p2                     |     |        | add_ln176       | add       | fabric                   | 0       |
|   + conv2d_l2_Pipeline_L2_KH_L2_KW          | 0   |        |                 |           |                          |         |
|     icmp_ln159_fu_618_p2                    |     |        | icmp_ln159      | seteq     | auto                     | 0       |
|     add_ln159_1_fu_624_p2                   |     |        | add_ln159_1     | add       | fabric                   | 0       |
|     add_ln159_fu_636_p2                     |     |        | add_ln159       | add       | fabric                   | 0       |
|     icmp_ln160_fu_642_p2                    |     |        | icmp_ln160      | seteq     | auto                     | 0       |
|     select_ln156_1_fu_648_p3                |     |        | select_ln156_1  | select    | auto_sel                 | 0       |
|     select_ln159_fu_656_p3                  |     |        | select_ln159    | select    | auto_sel                 | 0       |
|     add_ln162_fu_664_p2                     |     |        | add_ln162       | add       | fabric                   | 0       |
|     add_ln162_1_fu_674_p2                   |     |        | add_ln162_1     | add       | fabric                   | 0       |
|     add_ln162_2_fu_680_p2                   |     |        | add_ln162_2     | add       | fabric                   | 0       |
|     add_ln162_3_fu_690_p2                   |     |        | add_ln162_3     | add       | fabric                   | 0       |
|     add_ln164_fu_750_p2                     |     |        | add_ln164       | add       | fabric                   | 0       |
|     or_ln163_fu_791_p2                      |     |        | or_ln163        | or        | auto                     | 0       |
|     icmp_ln163_fu_805_p2                    |     |        | icmp_ln163      | seteq     | auto                     | 0       |
|     sparsemux_29_4_1_1_1_U387               |     |        | a               | sparsemux | compactencoding_dontcare | 0       |
|     sparsemux_19_4_1_1_1_U383               |     |        | tmp             | sparsemux | compactencoding_dontcare | 0       |
|     sparsemux_19_4_1_1_1_U384               |     |        | tmp_s           | sparsemux | compactencoding_dontcare | 0       |
|     sparsemux_19_4_1_1_1_U385               |     |        | tmp_6           | sparsemux | compactencoding_dontcare | 0       |
|     sparsemux_7_2_1_1_1_U386                |     |        | w               | sparsemux | onehotencoding_realdef   | 0       |
|     xor_ln166_fu_1007_p2                    |     |        | xor_ln166       | xor       | auto                     | 0       |
|     select_ln166_fu_1011_p3                 |     |        | select_ln166    | select    | auto_sel                 | 0       |
|     loc_7_fu_1019_p2                        |     |        | loc_7           | add       | fabric                   | 0       |
|     loc_3_fu_1025_p3                        |     |        | loc_3           | select    | auto_sel                 | 0       |
|     add_ln160_fu_696_p2                     |     |        | add_ln160       | add       | fabric                   | 0       |
|  + conv2d_l1                                | 20  |        |                 |           |                          |         |
|    mul_32ns_34ns_65_1_1_U596                | 4   |        | mul_ln79        | mul       | auto                     | 0       |
|    select_ln79_1_fu_603_p3                  |     |        | select_ln79_1   | select    | auto_sel                 | 0       |
|    grp_fu_617_p0                            |     |        | xor_ln79        | xor       | auto                     | 0       |
|    urem_32ns_5ns_4_36_seq_1_U597            |     |        | urem_ln79       | urem      | auto_seq                 | 35      |
|    sub_ln79_fu_627_p2                       |     |        | sub_ln79        | sub       | fabric                   | 0       |
|    select_ln79_fu_633_p3                    |     |        | select_ln79     | select    | auto_sel                 | 0       |
|    icmp_ln93_fu_653_p2                      |     |        | icmp_ln93       | seteq     | auto                     | 0       |
|    add_ln93_fu_659_p2                       |     |        | add_ln93        | add       | fabric                   | 0       |
|    icmp_ln94_fu_669_p2                      |     |        | icmp_ln94       | seteq     | auto                     | 0       |
|    add_ln94_fu_675_p2                       |     |        | add_ln94        | add       | fabric                   | 0       |
|    loc_fu_716_p3                            |     |        | loc             | select    | auto_sel                 | 0       |
|    icmp_ln96_fu_724_p2                      |     |        | icmp_ln96       | seteq     | auto                     | 0       |
|    add_ln96_fu_730_p2                       |     |        | add_ln96        | add       | fabric                   | 0       |
|    icmp_ln97_fu_740_p2                      |     |        | icmp_ln97       | setlt     | auto                     | 0       |
|    add_ln103_fu_745_p2                      |     |        | add_ln103       | add       | fabric                   | 0       |
|   + conv2d_l1_Pipeline_INIT_FH_INIT_FW      | 0   |        |                 |           |                          |         |
|     icmp_ln114_fu_404_p2                    |     |        | icmp_ln114      | seteq     | auto                     | 0       |
|     add_ln114_1_fu_410_p2                   |     |        | add_ln114_1     | add       | fabric                   | 0       |
|     add_ln114_fu_422_p2                     |     |        | add_ln114       | add       | fabric                   | 0       |
|     icmp_ln115_fu_428_p2                    |     |        | icmp_ln115      | seteq     | auto                     | 0       |
|     select_ln114_fu_434_p3                  |     |        | select_ln114    | select    | auto_sel                 | 0       |
|     select_ln114_1_fu_442_p3                |     |        | select_ln114_1  | select    | auto_sel                 | 0       |
|     add_ln124_fu_540_p2                     |     |        | add_ln124       | add       | fabric                   | 0       |
|     add_ln120_fu_576_p2                     |     |        | add_ln120       | add       | fabric                   | 0       |
|     icmp_ln122_fu_588_p2                    |     |        | icmp_ln122      | setgt     | auto                     | 0       |
|     select_ln122_fu_594_p3                  |     |        | select_ln122    | select    | auto_sel                 | 0       |
|     icmp_ln122_1_fu_602_p2                  |     |        | icmp_ln122_1    | setgt     | auto                     | 0       |
|     select_ln122_1_fu_608_p3                |     |        | select_ln122_1  | select    | auto_sel                 | 0       |
|     icmp_ln122_2_fu_633_p2                  |     |        | icmp_ln122_2    | setgt     | auto                     | 0       |
|     mx_fu_637_p3                            |     |        | mx              | select    | auto_sel                 | 0       |
|     val_fu_643_p2                           |     |        | val             | add       | fabric                   | 0       |
|     xor_ln61_fu_656_p2                      |     |        | xor_ln61        | xor       | auto                     | 0       |
|     add_ln115_fu_498_p2                     |     |        | add_ln115       | add       | fabric                   | 0       |
|   + conv2d_l1_Pipeline_INIT_KH_INIT_KW      | 16  |        |                 |           |                          |         |
|     icmp_ln98_fu_645_p2                     |     |        | icmp_ln98       | seteq     | auto                     | 0       |
|     add_ln98_1_fu_651_p2                    |     |        | add_ln98_1      | add       | fabric                   | 0       |
|     add_ln98_fu_668_p2                      |     |        | add_ln98        | add       | fabric                   | 0       |
|     icmp_ln99_fu_674_p2                     |     |        | icmp_ln99       | seteq     | auto                     | 0       |
|     select_ln95_fu_680_p3                   |     |        | select_ln95     | select    | auto_sel                 | 0       |
|     select_ln98_fu_688_p3                   |     |        | select_ln98     | select    | auto_sel                 | 0       |
|     add_ln101_fu_704_p2                     |     |        | add_ln101       | add       | fabric                   | 0       |
|     add_ln101_1_fu_958_p2                   |     |        | add_ln101_1     | add       | fabric                   | 0       |
|     add_ln101_2_fu_739_p2                   |     |        | add_ln101_2     | add       | fabric                   | 0       |
|     add_ln101_3_fu_975_p2                   |     |        | add_ln101_3     | add       | fabric                   | 0       |
|     or_ln102_fu_985_p2                      |     |        | or_ln102        | or        | auto                     | 0       |
|     icmp_ln102_fu_1001_p2                   |     |        | icmp_ln102      | seteq     | auto                     | 0       |
|     add_ln103_1_fu_748_p2                   |     |        | add_ln103_1     | add       | fabric                   | 0       |
|     sub_ln103_1_fu_766_p2                   |     |        | sub_ln103_1     | sub       | fabric                   | 0       |
|     add_ln103_2_fu_902_p2                   |     |        | add_ln103_2     | add       | fabric                   | 0       |
|     add_ln103_3_fu_1007_p2                  |     |        | add_ln103_3     | add       | fabric                   | 0       |
|     sub_ln103_2_fu_1029_p2                  |     |        | sub_ln103_2     | sub       | fabric                   | 0       |
|     add_ln103_4_fu_1039_p2                  |     |        | add_ln103_4     | add       | fabric                   | 0       |
|     mul_64ns_66ns_129_3_1_U521              | 16  |        | mul_ln103       | mul       | auto                     | 2       |
|     select_ln103_1_fu_915_p3                |     |        | select_ln103_1  | select    | auto_sel                 | 0       |
|     xor_ln103_fu_923_p2                     |     |        | xor_ln103       | xor       | auto                     | 0       |
|     urem_64s_5ns_4_68_1_U525                |     |        | urem_ln103      | urem      | auto                     | 67      |
|     sub_ln103_fu_1083_p2                    |     |        | sub_ln103       | sub       | fabric                   | 0       |
|     select_ln103_fu_1089_p3                 |     |        | select_ln103    | select    | auto_sel                 | 0       |
|     sparsemux_29_4_16_1_1_U527              |     |        | px              | sparsemux | compactencoding_dontcare | 0       |
|     sparsemux_19_4_1_1_1_U522               |     |        | tmp             | sparsemux | compactencoding_dontcare | 0       |
|     sparsemux_19_4_1_1_1_U523               |     |        | tmp_s           | sparsemux | compactencoding_dontcare | 0       |
|     sparsemux_19_4_1_1_1_U524               |     |        | tmp_7           | sparsemux | compactencoding_dontcare | 0       |
|     sparsemux_7_2_1_1_1_U526                |     |        | w               | sparsemux | onehotencoding_realdef   | 0       |
|     sub_ln105_fu_1152_p2                    |     |        | sub_ln105       | sub       | fabric                   | 0       |
|     select_ln105_fu_1158_p3                 |     |        | select_ln105    | select    | auto_sel                 | 0       |
|     loc_9_fu_1169_p2                        |     |        | loc_9           | add       | fabric                   | 0       |
|     loc_3_fu_1175_p3                        |     |        | loc_3           | select    | auto_sel                 | 0       |
|     add_ln99_fu_883_p2                      |     |        | add_ln99        | add       | fabric                   | 0       |
|  + kernel_Pipeline_MLPO_BITS                | 0   |        |                 |           |                          |         |
|    add_ln621_fu_388_p2                      |     |        | add_ln621       | add       | fabric                   | 0       |
|    icmp_ln621_fu_394_p2                     |     |        | icmp_ln621      | seteq     | auto                     | 0       |
|    select_ln621_fu_400_p3                   |     |        | select_ln621    | select    | auto_sel                 | 0       |
|    add_ln622_fu_412_p2                      |     |        | add_ln622       | add       | fabric                   | 0       |
|    icmp_ln623_fu_433_p2                     |     |        | icmp_ln623      | setgt     | auto                     | 0       |
|    add_ln625_fu_439_p2                      |     |        | add_ln625       | add       | fabric                   | 0       |
|    sparsemux_19_4_1_1_1_U660                |     |        | tmp             | sparsemux | compactencoding_dontcare | 0       |
|    sparsemux_19_4_1_1_1_U661                |     |        | tmp_1           | sparsemux | compactencoding_dontcare | 0       |
|    sparsemux_19_4_1_1_1_U662                |     |        | tmp_2           | sparsemux | compactencoding_dontcare | 0       |
|    sparsemux_7_2_1_1_1_U663                 |     |        | w               | sparsemux | onehotencoding_realdef   | 0       |
|    xor_ln626_fu_653_p2                      |     |        | xor_ln626       | xor       | auto                     | 0       |
|    select_ln626_fu_658_p3                   |     |        | select_ln626    | select    | auto_sel                 | 0       |
|    mlpo_acc_5_fu_666_p2                     |     |        | mlpo_acc_5      | add       | fabric                   | 0       |
|    not_icmp_ln623_fu_611_p2                 |     |        | not_icmp_ln623  | xor       | auto                     | 0       |
|    mlpo_acc_2_out                           |     |        | mlpo_acc_2      | select    | auto_sel                 | 0       |
|    add_ln620_fu_617_p2                      |     |        | add_ln620       | add       | fabric                   | 0       |
|    icmp_ln620_fu_623_p2                     |     |        | icmp_ln620      | setlt     | auto                     | 0       |
|    or_cond_fu_629_p2                        |     |        | or_cond         | and       | auto                     | 0       |
|  + softmax                                  | 0   |        |                 |           |                          |         |
|    icmp_ln323_fu_232_p2                     |     |        | icmp_ln323      | setgt     | auto                     | 0       |
|    max_val_1_fu_238_p3                      |     |        | max_val_1       | select    | auto_sel                 | 0       |
|    icmp_ln323_1_fu_243_p2                   |     |        | icmp_ln323_1    | setgt     | auto                     | 0       |
|    max_val_3_fu_249_p3                      |     |        | max_val_3       | select    | auto_sel                 | 0       |
|    icmp_ln323_2_fu_257_p2                   |     |        | icmp_ln323_2    | setgt     | auto                     | 0       |
|    max_val_4_fu_263_p3                      |     |        | max_val_4       | select    | auto_sel                 | 0       |
|    icmp_ln323_3_fu_271_p2                   |     |        | icmp_ln323_3    | setgt     | auto                     | 0       |
|    max_val_6_fu_276_p3                      |     |        | max_val_6       | select    | auto_sel                 | 0       |
|    icmp_ln323_4_fu_283_p2                   |     |        | icmp_ln323_4    | setgt     | auto                     | 0       |
|    max_val_7_fu_289_p3                      |     |        | max_val_7       | select    | auto_sel                 | 0       |
|    icmp_ln323_5_fu_297_p2                   |     |        | icmp_ln323_5    | setgt     | auto                     | 0       |
|    max_val_9_fu_302_p3                      |     |        | max_val_9       | select    | auto_sel                 | 0       |
|    icmp_ln323_6_fu_309_p2                   |     |        | icmp_ln323_6    | setgt     | auto                     | 0       |
|    max_val_10_fu_315_p3                     |     |        | max_val_10      | select    | auto_sel                 | 0       |
|    icmp_ln323_7_fu_323_p2                   |     |        | icmp_ln323_7    | setgt     | auto                     | 0       |
|    max_val_12_fu_328_p3                     |     |        | max_val_12      | select    | auto_sel                 | 0       |
|    icmp_ln323_8_fu_335_p2                   |     |        | icmp_ln323_8    | setgt     | auto                     | 0       |
|    max_val_13_fu_341_p3                     |     |        | max_val_13      | select    | auto_sel                 | 0       |
|    x_fu_349_p2                              |     |        | x               | sub       | fabric                   | 0       |
|    icmp_ln330_fu_353_p2                     |     |        | icmp_ln330      | setgt     | auto                     | 0       |
|    add_ln330_fu_359_p2                      |     |        | add_ln330       | add       | fabric                   | 0       |
|    es_fu_365_p3                             |     |        | es              | select    | auto_sel                 | 0       |
|    x_1_fu_374_p2                            |     |        | x_1             | sub       | fabric                   | 0       |
|    icmp_ln330_1_fu_378_p2                   |     |        | icmp_ln330_1    | setgt     | auto                     | 0       |
|    add_ln330_1_fu_384_p2                    |     |        | add_ln330_1     | add       | fabric                   | 0       |
|    select_ln330_fu_390_p3                   |     |        | select_ln330    | select    | auto_sel                 | 0       |
|    x_2_fu_399_p2                            |     |        | x_2             | sub       | fabric                   | 0       |
|    icmp_ln330_2_fu_551_p2                   |     |        | icmp_ln330_2    | setgt     | auto                     | 0       |
|    add_ln330_2_fu_556_p2                    |     |        | add_ln330_2     | add       | fabric                   | 0       |
|    select_ln330_1_fu_561_p3                 |     |        | select_ln330_1  | select    | auto_sel                 | 0       |
|    x_3_fu_403_p2                            |     |        | x_3             | sub       | fabric                   | 0       |
|    icmp_ln330_3_fu_570_p2                   |     |        | icmp_ln330_3    | setgt     | auto                     | 0       |
|    add_ln330_3_fu_575_p2                    |     |        | add_ln330_3     | add       | fabric                   | 0       |
|    select_ln330_2_fu_580_p3                 |     |        | select_ln330_2  | select    | auto_sel                 | 0       |
|    x_4_fu_407_p2                            |     |        | x_4             | sub       | fabric                   | 0       |
|    icmp_ln330_4_fu_411_p2                   |     |        | icmp_ln330_4    | setgt     | auto                     | 0       |
|    add_ln330_4_fu_417_p2                    |     |        | add_ln330_4     | add       | fabric                   | 0       |
|    select_ln330_3_fu_423_p3                 |     |        | select_ln330_3  | select    | auto_sel                 | 0       |
|    x_5_fu_431_p2                            |     |        | x_5             | sub       | fabric                   | 0       |
|    icmp_ln330_5_fu_435_p2                   |     |        | icmp_ln330_5    | setgt     | auto                     | 0       |
|    add_ln330_5_fu_441_p2                    |     |        | add_ln330_5     | add       | fabric                   | 0       |
|    select_ln330_4_fu_447_p3                 |     |        | select_ln330_4  | select    | auto_sel                 | 0       |
|    x_6_fu_455_p2                            |     |        | x_6             | sub       | fabric                   | 0       |
|    icmp_ln330_6_fu_459_p2                   |     |        | icmp_ln330_6    | setgt     | auto                     | 0       |
|    add_ln330_6_fu_465_p2                    |     |        | add_ln330_6     | add       | fabric                   | 0       |
|    select_ln330_5_fu_471_p3                 |     |        | select_ln330_5  | select    | auto_sel                 | 0       |
|    x_7_fu_479_p2                            |     |        | x_7             | sub       | fabric                   | 0       |
|    icmp_ln330_7_fu_483_p2                   |     |        | icmp_ln330_7    | setgt     | auto                     | 0       |
|    add_ln330_7_fu_489_p2                    |     |        | add_ln330_7     | add       | fabric                   | 0       |
|    select_ln330_6_fu_495_p3                 |     |        | select_ln330_6  | select    | auto_sel                 | 0       |
|    x_8_fu_503_p2                            |     |        | x_8             | sub       | fabric                   | 0       |
|    icmp_ln330_8_fu_507_p2                   |     |        | icmp_ln330_8    | setgt     | auto                     | 0       |
|    add_ln330_8_fu_513_p2                    |     |        | add_ln330_8     | add       | fabric                   | 0       |
|    select_ln330_7_fu_519_p3                 |     |        | select_ln330_7  | select    | auto_sel                 | 0       |
|    x_9_fu_527_p2                            |     |        | x_9             | sub       | fabric                   | 0       |
|    icmp_ln330_9_fu_531_p2                   |     |        | icmp_ln330_9    | setgt     | auto                     | 0       |
|    add_ln330_9_fu_537_p2                    |     |        | add_ln330_9     | add       | fabric                   | 0       |
|    select_ln330_8_fu_543_p3                 |     |        | select_ln330_8  | select    | auto_sel                 | 0       |
|    add_ln331_fu_619_p2                      |     |        | add_ln331       | add       | fabric                   | 0       |
|   + softmax_Pipeline_SM_NORM                | 0   |        |                 |           |                          |         |
|     icmp_ln335_fu_86_p2                     |     |        | icmp_ln335      | setgt     | auto                     | 0       |
|     icmp_ln333_fu_100_p2                    |     |        | icmp_ln333      | seteq     | auto                     | 0       |
|     add_ln333_fu_106_p2                     |     |        | add_ln333       | add       | fabric                   | 0       |
|     grp_fu_134_p0                           |     |        | sub_ln335       | sub       | fabric                   | 0       |
|     sdiv_32ns_32ns_16_36_1_U696             |     |        | sdiv_ln335      | sdiv      | auto                     | 35      |
|  + kernel_Pipeline_OUT_STREAM               | 0   |        |                 |           |                          |         |
|    icmp_ln638_fu_119_p2                     |     |        | icmp_ln638      | setlt     | auto                     | 0       |
|    add_ln642_fu_153_p2                      |     |        | add_ln642       | add       | fabric                   | 0       |
|    icmp_ln642_fu_159_p2                     |     |        | icmp_ln642      | setgt     | auto                     | 0       |
+---------------------------------------------+-----+--------+-----------------+-----------+--------------------------+---------+


================================================================
== Storage Report
================================================================
+-----------------------+---------------+-----------+------+------+--------+-------------------+------+---------+------------------+
| Name                  | Usage         | Type      | BRAM | URAM | Pragma | Variable          | Impl | Latency | Bitwidth, Depth, |
|                       |               |           |      |      |        |                   |      |         | Banks            |
+-----------------------+---------------+-----------+------+------+--------+-------------------+------+---------+------------------+
| + kernel              |               |           | 32   | 0    |        |                   |      |         |                  |
|   control_s_axi_U     | interface     | s_axilite |      |      |        |                   |      |         |                  |
|   starting_image_U    | ram_1p array  |           | 1    |      |        | starting_image    | auto | 1       | 16, 220, 1       |
|   starting_image_1_U  | ram_1p array  |           | 1    |      |        | starting_image_1  | auto | 1       | 16, 220, 1       |
|   starting_image_2_U  | ram_1p array  |           | 1    |      |        | starting_image_2  | auto | 1       | 16, 220, 1       |
|   starting_image_3_U  | ram_1p array  |           | 1    |      |        | starting_image_3  | auto | 1       | 16, 220, 1       |
|   starting_image_4_U  | ram_1p array  |           | 1    |      |        | starting_image_4  | auto | 1       | 16, 220, 1       |
|   starting_image_5_U  | ram_1p array  |           | 1    |      |        | starting_image_5  | auto | 1       | 16, 220, 1       |
|   starting_image_6_U  | ram_1p array  |           | 1    |      |        | starting_image_6  | auto | 1       | 16, 220, 1       |
|   starting_image_7_U  | ram_1p array  |           | 1    |      |        | starting_image_7  | auto | 1       | 16, 220, 1       |
|   starting_image_8_U  | ram_1p array  |           | 1    |      |        | starting_image_8  | auto | 1       | 16, 220, 1       |
|   starting_image_9_U  | ram_1p array  |           | 1    |      |        | starting_image_9  | auto | 1       | 16, 220, 1       |
|   starting_image_10_U | ram_1p array  |           | 1    |      |        | starting_image_10 | auto | 1       | 16, 220, 1       |
|   starting_image_11_U | ram_1p array  |           | 1    |      |        | starting_image_11 | auto | 1       | 16, 220, 1       |
|   starting_image_12_U | ram_1p array  |           | 1    |      |        | starting_image_12 | auto | 1       | 16, 220, 1       |
|   starting_image_13_U | ram_1p array  |           | 1    |      |        | starting_image_13 | auto | 1       | 16, 220, 1       |
|   packed_image_1_U    | ram_1p array  |           | 1    |      |        | packed_image_1    | auto | 1       | 1, 1280, 1       |
|   packed_image_1_1_U  | ram_1p array  |           | 1    |      |        | packed_image_1_1  | auto | 1       | 1, 1280, 1       |
|   packed_image_1_2_U  | ram_1p array  |           | 1    |      |        | packed_image_1_2  | auto | 1       | 1, 1280, 1       |
|   packed_image_1_3_U  | ram_1p array  |           | 1    |      |        | packed_image_1_3  | auto | 1       | 1, 1280, 1       |
|   packed_image_1_4_U  | ram_1p array  |           | 1    |      |        | packed_image_1_4  | auto | 1       | 1, 1280, 1       |
|   packed_image_1_5_U  | ram_1p array  |           | 1    |      |        | packed_image_1_5  | auto | 1       | 1, 1280, 1       |
|   packed_image_1_6_U  | ram_1p array  |           | 1    |      |        | packed_image_1_6  | auto | 1       | 1, 1280, 1       |
|   packed_image_1_7_U  | ram_1p array  |           | 1    |      |        | packed_image_1_7  | auto | 1       | 1, 1280, 1       |
|   packed_image_1_8_U  | ram_1p array  |           | 1    |      |        | packed_image_1_8  | auto | 1       | 1, 1280, 1       |
|   packed_image_1_9_U  | ram_1p array  |           | 1    |      |        | packed_image_1_9  | auto | 1       | 1, 1280, 1       |
|   packed_image_1_10_U | ram_1p array  |           | 1    |      |        | packed_image_1_10 | auto | 1       | 1, 1280, 1       |
|   packed_image_1_11_U | ram_1p array  |           | 1    |      |        | packed_image_1_11 | auto | 1       | 1, 1280, 1       |
|   packed_image_1_12_U | ram_1p array  |           | 1    |      |        | packed_image_1_12 | auto | 1       | 1, 1280, 1       |
|   packed_image_1_13_U | ram_1p array  |           | 1    |      |        | packed_image_1_13 | auto | 1       | 1, 1280, 1       |
|   packed_image_2_U    | ram_1p array  |           |      |      |        | packed_image_2    | auto | 1       | 1, 640, 1        |
|   packed_image_2_1_U  | ram_1p array  |           |      |      |        | packed_image_2_1  | auto | 1       | 1, 640, 1        |
|   packed_image_2_2_U  | ram_1p array  |           |      |      |        | packed_image_2_2  | auto | 1       | 1, 640, 1        |
|   packed_image_2_3_U  | ram_1p array  |           |      |      |        | packed_image_2_3  | auto | 1       | 1, 640, 1        |
|   packed_image_2_4_U  | ram_1p array  |           |      |      |        | packed_image_2_4  | auto | 1       | 1, 640, 1        |
|   packed_image_2_5_U  | ram_1p array  |           |      |      |        | packed_image_2_5  | auto | 1       | 1, 640, 1        |
|   packed_image_2_6_U  | ram_1p array  |           |      |      |        | packed_image_2_6  | auto | 1       | 1, 640, 1        |
|   packed_image_2_7_U  | ram_1p array  |           |      |      |        | packed_image_2_7  | auto | 1       | 1, 640, 1        |
|   packed_image_2_8_U  | ram_1p array  |           |      |      |        | packed_image_2_8  | auto | 1       | 1, 640, 1        |
|   packed_image_2_9_U  | ram_1p array  |           |      |      |        | packed_image_2_9  | auto | 1       | 1, 640, 1        |
|   packed_image_2_10_U | ram_1p array  |           |      |      |        | packed_image_2_10 | auto | 1       | 1, 640, 1        |
|   packed_image_2_11_U | ram_1p array  |           |      |      |        | packed_image_2_11 | auto | 1       | 1, 640, 1        |
|   packed_image_2_12_U | ram_1p array  |           |      |      |        | packed_image_2_12 | auto | 1       | 1, 640, 1        |
|   packed_image_2_13_U | ram_1p array  |           |      |      |        | packed_image_2_13 | auto | 1       | 1, 640, 1        |
|   packed_image_3_U    | ram_1p array  |           |      |      |        | packed_image_3    | auto | 1       | 1, 304, 1        |
|   packed_image_3_1_U  | ram_1p array  |           |      |      |        | packed_image_3_1  | auto | 1       | 1, 304, 1        |
|   packed_image_3_2_U  | ram_1p array  |           |      |      |        | packed_image_3_2  | auto | 1       | 1, 304, 1        |
|   packed_image_3_3_U  | ram_1p array  |           |      |      |        | packed_image_3_3  | auto | 1       | 1, 304, 1        |
|   packed_image_3_4_U  | ram_1p array  |           |      |      |        | packed_image_3_4  | auto | 1       | 1, 304, 1        |
|   packed_image_3_5_U  | ram_1p array  |           |      |      |        | packed_image_3_5  | auto | 1       | 1, 304, 1        |
|   packed_image_3_6_U  | ram_1p array  |           |      |      |        | packed_image_3_6  | auto | 1       | 1, 304, 1        |
|   packed_image_3_7_U  | ram_1p array  |           |      |      |        | packed_image_3_7  | auto | 1       | 1, 304, 1        |
|   packed_image_3_8_U  | ram_1p array  |           |      |      |        | packed_image_3_8  | auto | 1       | 1, 304, 1        |
|   packed_image_3_9_U  | ram_1p array  |           |      |      |        | packed_image_3_9  | auto | 1       | 1, 304, 1        |
|   packed_image_3_10_U | ram_1p array  |           |      |      |        | packed_image_3_10 | auto | 1       | 1, 304, 1        |
|   packed_image_3_11_U | ram_1p array  |           |      |      |        | packed_image_3_11 | auto | 1       | 1, 304, 1        |
|   packed_image_3_12_U | ram_1p array  |           |      |      |        | packed_image_3_12 | auto | 1       | 1, 304, 1        |
|   packed_image_3_13_U | ram_1p array  |           |      |      |        | packed_image_3_13 | auto | 1       | 1, 304, 1        |
|   packed_image_4_U    | ram_1p array  |           |      |      |        | packed_image_4    | auto | 1       | 1, 148, 1        |
|   packed_image_4_1_U  | ram_1p array  |           |      |      |        | packed_image_4_1  | auto | 1       | 1, 148, 1        |
|   packed_image_4_2_U  | ram_1p array  |           |      |      |        | packed_image_4_2  | auto | 1       | 1, 148, 1        |
|   packed_image_4_3_U  | ram_1p array  |           |      |      |        | packed_image_4_3  | auto | 1       | 1, 148, 1        |
|   packed_image_4_4_U  | ram_1p array  |           |      |      |        | packed_image_4_4  | auto | 1       | 1, 148, 1        |
|   packed_image_4_5_U  | ram_1p array  |           |      |      |        | packed_image_4_5  | auto | 1       | 1, 148, 1        |
|   packed_image_4_6_U  | ram_1p array  |           |      |      |        | packed_image_4_6  | auto | 1       | 1, 148, 1        |
|   packed_image_4_7_U  | ram_1p array  |           |      |      |        | packed_image_4_7  | auto | 1       | 1, 148, 1        |
|   packed_image_4_8_U  | ram_1p array  |           |      |      |        | packed_image_4_8  | auto | 1       | 1, 148, 1        |
|   packed_image_4_9_U  | ram_1p array  |           |      |      |        | packed_image_4_9  | auto | 1       | 1, 148, 1        |
|   packed_image_4_10_U | ram_1p array  |           |      |      |        | packed_image_4_10 | auto | 1       | 1, 148, 1        |
|   packed_image_4_11_U | ram_1p array  |           |      |      |        | packed_image_4_11 | auto | 1       | 1, 148, 1        |
|   packed_image_4_12_U | ram_1p array  |           |      |      |        | packed_image_4_12 | auto | 1       | 1, 148, 1        |
|   packed_image_4_13_U | ram_1p array  |           |      |      |        | packed_image_4_13 | auto | 1       | 1, 148, 1        |
|   mlp_hidden_1_U      | ram_1p array  |           |      |      |        | mlp_hidden_1      | auto | 1       | 1, 512, 1        |
|   mlp_hidden_2_U      | ram_1p array  |           |      |      |        | mlp_hidden_2      | auto | 1       | 1, 512, 1        |
|   logits_U            | ram_2p array  |           |      |      |        | logits            | auto | 1       | 32, 10, 1        |
|   probs_U             | ram_2p array  |           |      |      |        | probs             | auto | 1       | 16, 10, 1        |
|   buffer_U            | ram_t2p array |           | 2    |      |        | buffer            | auto | 1       | 32, 512, 1       |
|   buffer_1_U          | ram_t2p array |           | 2    |      |        | buffer_1          | auto | 1       | 32, 512, 1       |
|  + softmax            |               |           | 0    | 0    |        |                   |      |         |                  |
|    ev_U               | ram_t2p array |           |      |      |        | ev                | auto | 1       | 32, 10, 1        |
+-----------------------+---------------+-----------+------+------+--------+-------------------+------+---------+------------------+


================================================================
== Pragma Report
================================================================
* Inferred Pragmas
+--------------+---------+------------------------------------------------------------------+-------------------------------+
| Type         | Options | Location                                                         | Inferred From                 |
+--------------+---------+------------------------------------------------------------------+-------------------------------+
| LOOP_FLATTEN |         | loop INIT_KH (kern.cpp:98:30) in conv2d_l1 (kern.cpp:98)         | pipeline kern.cpp:100         |
| LOOP_FLATTEN |         | loop INIT_FH (kern.cpp:114:18) in conv2d_l1 (kern.cpp:114)       | pipeline kern.cpp:116         |
| LOOP_FLATTEN |         | loop L2_KH (kern.cpp:159:28) in conv2d_l2 (kern.cpp:159)         | pipeline kern.cpp:161         |
| LOOP_FLATTEN |         | loop L2_FH (kern.cpp:175:16) in conv2d_l2 (kern.cpp:175)         | pipeline kern.cpp:177         |
| LOOP_FLATTEN |         | loop L3_KH (kern.cpp:218:28) in conv2d_l3 (kern.cpp:218)         | pipeline kern.cpp:220         |
| LOOP_FLATTEN |         | loop L3_FH (kern.cpp:234:16) in conv2d_l3 (kern.cpp:234)         | pipeline kern.cpp:236         |
| LOOP_FLATTEN |         | loop L4_KH (kern.cpp:278:28) in conv2d_l4 (kern.cpp:278)         | pipeline kern.cpp:280         |
| LOOP_FLATTEN |         | loop L4_FH (kern.cpp:294:16) in conv2d_l4 (kern.cpp:294)         | pipeline kern.cpp:296         |
| PIPELINE     |         | loop VITIS_LOOP_406_1 (kern.cpp:406:23) in kernel (kern.cpp:406) | syn.compile.pipeline_loops=64 |
| PIPELINE     |         | loop OUT_STREAM (kern.cpp:638:41) in kernel (kern.cpp:638)       | syn.compile.pipeline_loops=64 |
+--------------+---------+------------------------------------------------------------------+-------------------------------+

* Valid Pragma Syntax
+-----------------+-------------------------------------------------+-----------------------------+
| Type            | Options                                         | Location                    |
+-----------------+-------------------------------------------------+-----------------------------+
| INLINE          | off                                             | in conv2d_l1 (kern.cpp:89)  |
| PIPELINE        | ii=1                                            | in conv2d_l1 (kern.cpp:100) |
| PIPELINE        | ii=1                                            | in conv2d_l1 (kern.cpp:116) |
| INLINE          | off                                             | in conv2d_l2 (kern.cpp:150) |
| PIPELINE        | ii=1                                            | in conv2d_l2 (kern.cpp:161) |
| PIPELINE        | ii=1                                            | in conv2d_l2 (kern.cpp:177) |
| INLINE          | off                                             | in conv2d_l3 (kern.cpp:209) |
| PIPELINE        | ii=1                                            | in conv2d_l3 (kern.cpp:220) |
| PIPELINE        | ii=1                                            | in conv2d_l3 (kern.cpp:236) |
| INLINE          | off                                             | in conv2d_l4 (kern.cpp:269) |
| PIPELINE        | ii=1                                            | in conv2d_l4 (kern.cpp:280) |
| PIPELINE        | ii=1                                            | in conv2d_l4 (kern.cpp:296) |
| INLINE          | off                                             | in softmax (kern.cpp:319)   |
| UNROLL          |                                                 | in softmax (kern.cpp:322)   |
| UNROLL          |                                                 | in softmax (kern.cpp:328)   |
| PIPELINE        | ii=1                                            | in softmax (kern.cpp:334)   |
| INTERFACE       | mode = axis port = A                            | in kernel (kern.cpp:347)    |
| INTERFACE       | mode = axis port = B                            | in kernel (kern.cpp:348)    |
| INTERFACE       | mode = s_axilite port = return bundle = control | in kernel (kern.cpp:349)    |
| ARRAY_PARTITION | variable=starting_image cyclic factor=14 dim=1  | in kernel (kern.cpp:376)    |
| ARRAY_PARTITION | variable=packed_image_1 cyclic factor=14 dim=3  | in kernel (kern.cpp:378)    |
| ARRAY_PARTITION | variable=packed_image_2 cyclic factor=14 dim=3  | in kernel (kern.cpp:380)    |
| ARRAY_PARTITION | variable=packed_image_3 cyclic factor=14 dim=3  | in kernel (kern.cpp:382)    |
| ARRAY_PARTITION | variable=packed_image_4 cyclic factor=14 dim=3  | in kernel (kern.cpp:384)    |
| ARRAY_PARTITION | variable=buffer cyclic factor=2 dim=1           | in kernel (kern.cpp:405)    |
| ARRAY_PARTITION | variable=kern_a complete dim=0                  | in kernel (kern.cpp:410)    |
| UNROLL          |                                                 | in kernel (kern.cpp:451)    |
| UNROLL          |                                                 | in kernel (kern.cpp:453)    |
| PIPELINE        | ii=1                                            | in kernel (kern.cpp:561)    |
| PIPELINE        | ii=1                                            | in kernel (kern.cpp:592)    |
| PIPELINE        | ii=1                                            | in kernel (kern.cpp:621)    |
+-----------------+-------------------------------------------------+-----------------------------+


