

================================================================
== Vitis HLS Report for 'conv2d_l3_Pipeline_L3_FH_L3_FW'
================================================================
* Date:           Fri May  1 21:41:13 2026

* Version:        2025.2 (Build 6295257 on Nov 14 2025)
* Project:        hls_component
* Solution:       hls (Vivado IP Flow Target)
* Product family: zynq
* Target device:  xc7z020-clg400-1


================================================================
== Performance Estimates
================================================================
+ Timing: 
    * Summary: 
    +--------+----------+----------+------------+
    |  Clock |  Target  | Estimated| Uncertainty|
    +--------+----------+----------+------------+
    |ap_clk  |  10.00 ns|  6.504 ns|     2.70 ns|
    +--------+----------+----------+------------+

+ Latency: 
    * Summary: 
    +---------+---------+----------+----------+-----+-----+-------------------+
    |  Latency (cycles) |  Latency (absolute) |  Interval |      Pipeline     |
    |   min   |   max   |    min   |    max   | min | max |        Type       |
    +---------+---------+----------+----------+-----+-----+-------------------+
    |       22|       22|  0.220 us|  0.220 us|    0|    0|  loop pipeline stp|
    +---------+---------+----------+----------+-----+-----+-------------------+

    + Detail: 
        * Instance: 
        N/A

        * Loop: 
        +---------------+---------+---------+----------+-----------+-----------+------+----------+
        |               |  Latency (cycles) | Iteration|  Initiation Interval  | Trip |          |
        |   Loop Name   |   min   |   max   |  Latency |  achieved |   target  | Count| Pipelined|
        +---------------+---------+---------+----------+-----------+-----------+------+----------+
        |- L3_FH_L3_FW  |       20|       20|         6|          1|          1|    16|       yes|
        +---------------+---------+---------+----------+-----------+-----------+------+----------+



================================================================
== Utilization Estimates
================================================================
* Summary: 
+-----------------+---------+-----+--------+-------+-----+
|       Name      | BRAM_18K| DSP |   FF   |  LUT  | URAM|
+-----------------+---------+-----+--------+-------+-----+
|DSP              |        -|    1|       -|      -|    -|
|Expression       |        -|    -|       0|    337|    -|
|FIFO             |        -|    -|       -|      -|    -|
|Instance         |        -|    -|       -|      -|    -|
|Memory           |        -|    -|       -|      -|    -|
|Multiplexer      |        -|    -|       0|     54|    -|
|Register         |        -|    -|     159|      -|    -|
+-----------------+---------+-----+--------+-------+-----+
|Total            |        0|    1|     159|    391|    0|
+-----------------+---------+-----+--------+-------+-----+
|Available        |      280|  220|  106400|  53200|    0|
+-----------------+---------+-----+--------+-------+-----+
|Utilization (%)  |        0|   ~0|      ~0|     ~0|    0|
+-----------------+---------+-----+--------+-------+-----+

+ Detail: 
    * Instance: 
    N/A

    * DSP: 
    +-----------------------------------------+------------------------------------+---------------------+
    |                 Instance                |               Module               |      Expression     |
    +-----------------------------------------+------------------------------------+---------------------+
    |ama_addmuladd_5ns_3ns_5ns_9s_9_4_1_U296  |ama_addmuladd_5ns_3ns_5ns_9s_9_4_1  |  (i0 + i1) * i2 + i3|
    +-----------------------------------------+------------------------------------+---------------------+

    * Memory: 
    N/A

    * FIFO: 
    N/A

    * Expression: 
    +--------------------------+----------+----+---+----+------------+------------+
    |       Variable Name      | Operation| DSP| FF| LUT| Bitwidth P0| Bitwidth P1|
    +--------------------------+----------+----+---+----+------------+------------+
    |add_ln174_1_fu_410_p2     |         +|   0|  0|  13|           5|           1|
    |add_ln174_fu_457_p2       |         +|   0|  0|  11|           3|           1|
    |add_ln175_fu_503_p2       |         +|   0|  0|  11|           3|           1|
    |add_ln180_fu_543_p2       |         +|   0|  0|  13|           5|           5|
    |val_fu_593_p2             |         +|   0|  0|  39|          32|          32|
    |icmp_ln174_fu_404_p2      |      icmp|   0|  0|  14|           5|           6|
    |icmp_ln175_fu_463_p2      |      icmp|   0|  0|  13|           3|           4|
    |icmp_ln182_1_fu_569_p2    |      icmp|   0|  0|  39|          32|          32|
    |icmp_ln182_2_fu_583_p2    |      icmp|   0|  0|  39|          32|          32|
    |icmp_ln182_fu_555_p2      |      icmp|   0|  0|  39|          32|          32|
    |mx_fu_587_p3              |    select|   0|  0|  32|           1|          32|
    |select_ln174_1_fu_477_p3  |    select|   0|  0|   3|           1|           3|
    |select_ln174_fu_469_p3    |    select|   0|  0|   3|           1|           1|
    |select_ln182_1_fu_575_p3  |    select|   0|  0|  32|           1|          32|
    |select_ln182_fu_561_p3    |    select|   0|  0|  32|           1|          32|
    |ap_enable_pp0             |       xor|   0|  0|   2|           1|           2|
    |xor_ln25_fu_623_p2        |       xor|   0|  0|   2|           1|           2|
    +--------------------------+----------+----+---+----+------------+------------+
    |Total                     |          |   0|  0| 337|         159|         250|
    +--------------------------+----------+----+---+----+------------+------------+

    * Multiplexer: 
    +---------------------------------------+----+-----------+-----+-----------+
    |                  Name                 | LUT| Input Size| Bits| Total Bits|
    +---------------------------------------+----+-----------+-----+-----------+
    |ap_done_int                            |   9|          2|    1|          2|
    |ap_enable_reg_pp0_iter1                |   9|          2|    1|          2|
    |ap_sig_allocacmp_indvar_flatten6_load  |   9|          2|    5|         10|
    |indvar_flatten6_fu_124                 |   9|          2|    5|         10|
    |oh_fu_120                              |   9|          2|    3|          6|
    |ow_fu_116                              |   9|          2|    3|          6|
    +---------------------------------------+----+-----------+-----+-----------+
    |Total                                  |  54|         12|   18|         36|
    +---------------------------------------+----+-----------+-----+-----------+

    * Register: 
    +------------------------------------+----+----+-----+-----------+
    |                Name                | FF | LUT| Bits| Const Bits|
    +------------------------------------+----+----+-----+-----------+
    |ap_CS_fsm                           |   1|   0|    1|          0|
    |ap_done_reg                         |   1|   0|    1|          0|
    |ap_enable_reg_pp0_iter1             |   1|   0|    1|          0|
    |ap_enable_reg_pp0_iter2             |   1|   0|    1|          0|
    |ap_enable_reg_pp0_iter3             |   1|   0|    1|          0|
    |ap_enable_reg_pp0_iter4             |   1|   0|    1|          0|
    |ap_enable_reg_pp0_iter5             |   1|   0|    1|          0|
    |ap_loop_exit_ready_pp0_iter1_reg    |   1|   0|    1|          0|
    |ap_loop_exit_ready_pp0_iter2_reg    |   1|   0|    1|          0|
    |ap_loop_exit_ready_pp0_iter3_reg    |   1|   0|    1|          0|
    |ap_loop_exit_ready_pp0_iter4_reg    |   1|   0|    1|          0|
    |indvar_flatten6_fu_124              |   5|   0|    5|          0|
    |oh_fu_120                           |   3|   0|    3|          0|
    |ow_fu_116                           |   3|   0|    3|          0|
    |select_ln174_1_reg_697              |   3|   0|    3|          0|
    |select_ln174_reg_691                |   3|   0|    3|          0|
    |select_ln182_1_reg_733              |  32|   0|   32|          0|
    |select_ln182_reg_727                |  32|   0|   32|          0|
    |select_ln182_reg_727_pp0_iter3_reg  |  32|   0|   32|          0|
    |sext_ln149_cast_reg_682             |  32|   0|   32|          0|
    |tmp_reg_739                         |   1|   0|    1|          0|
    |trunc_ln178_reg_702                 |   2|   0|    2|          0|
    +------------------------------------+----+----+-----+-----------+
    |Total                               | 159|   0|  159|          0|
    +------------------------------------+----+----+-----+-----------+



================================================================
== Interface
================================================================
* Summary: 
+--------------------+-----+-----+------------+--------------------------------+--------------+
|      RTL Ports     | Dir | Bits|  Protocol  |          Source Object         |    C Type    |
+--------------------+-----+-----+------------+--------------------------------+--------------+
|ap_clk              |   in|    1|  ap_ctrl_hs|  conv2d_l3_Pipeline_L3_FH_L3_FW|  return value|
|ap_rst              |   in|    1|  ap_ctrl_hs|  conv2d_l3_Pipeline_L3_FH_L3_FW|  return value|
|ap_start            |   in|    1|  ap_ctrl_hs|  conv2d_l3_Pipeline_L3_FH_L3_FW|  return value|
|ap_done             |  out|    1|  ap_ctrl_hs|  conv2d_l3_Pipeline_L3_FH_L3_FW|  return value|
|ap_idle             |  out|    1|  ap_ctrl_hs|  conv2d_l3_Pipeline_L3_FH_L3_FW|  return value|
|ap_ready            |  out|    1|  ap_ctrl_hs|  conv2d_l3_Pipeline_L3_FH_L3_FW|  return value|
|zext_ln139          |   in|    9|     ap_none|                      zext_ln139|        scalar|
|output_0_address0   |  out|    9|   ap_memory|                        output_0|         array|
|output_0_ce0        |  out|    1|   ap_memory|                        output_0|         array|
|output_0_we0        |  out|    1|   ap_memory|                        output_0|         array|
|output_0_d0         |  out|    1|   ap_memory|                        output_0|         array|
|output_1_address0   |  out|    9|   ap_memory|                        output_1|         array|
|output_1_ce0        |  out|    1|   ap_memory|                        output_1|         array|
|output_1_we0        |  out|    1|   ap_memory|                        output_1|         array|
|output_1_d0         |  out|    1|   ap_memory|                        output_1|         array|
|output_2_address0   |  out|    9|   ap_memory|                        output_2|         array|
|output_2_ce0        |  out|    1|   ap_memory|                        output_2|         array|
|output_2_we0        |  out|    1|   ap_memory|                        output_2|         array|
|output_2_d0         |  out|    1|   ap_memory|                        output_2|         array|
|output_3_address0   |  out|    9|   ap_memory|                        output_3|         array|
|output_3_ce0        |  out|    1|   ap_memory|                        output_3|         array|
|output_3_we0        |  out|    1|   ap_memory|                        output_3|         array|
|output_3_d0         |  out|    1|   ap_memory|                        output_3|         array|
|output_4_address0   |  out|    9|   ap_memory|                        output_4|         array|
|output_4_ce0        |  out|    1|   ap_memory|                        output_4|         array|
|output_4_we0        |  out|    1|   ap_memory|                        output_4|         array|
|output_4_d0         |  out|    1|   ap_memory|                        output_4|         array|
|output_5_address0   |  out|    9|   ap_memory|                        output_5|         array|
|output_5_ce0        |  out|    1|   ap_memory|                        output_5|         array|
|output_5_we0        |  out|    1|   ap_memory|                        output_5|         array|
|output_5_d0         |  out|    1|   ap_memory|                        output_5|         array|
|output_6_address0   |  out|    9|   ap_memory|                        output_6|         array|
|output_6_ce0        |  out|    1|   ap_memory|                        output_6|         array|
|output_6_we0        |  out|    1|   ap_memory|                        output_6|         array|
|output_6_d0         |  out|    1|   ap_memory|                        output_6|         array|
|output_7_address0   |  out|    9|   ap_memory|                        output_7|         array|
|output_7_ce0        |  out|    1|   ap_memory|                        output_7|         array|
|output_7_we0        |  out|    1|   ap_memory|                        output_7|         array|
|output_7_d0         |  out|    1|   ap_memory|                        output_7|         array|
|output_8_address0   |  out|    9|   ap_memory|                        output_8|         array|
|output_8_ce0        |  out|    1|   ap_memory|                        output_8|         array|
|output_8_we0        |  out|    1|   ap_memory|                        output_8|         array|
|output_8_d0         |  out|    1|   ap_memory|                        output_8|         array|
|output_9_address0   |  out|    9|   ap_memory|                        output_9|         array|
|output_9_ce0        |  out|    1|   ap_memory|                        output_9|         array|
|output_9_we0        |  out|    1|   ap_memory|                        output_9|         array|
|output_9_d0         |  out|    1|   ap_memory|                        output_9|         array|
|output_10_address0  |  out|    9|   ap_memory|                       output_10|         array|
|output_10_ce0       |  out|    1|   ap_memory|                       output_10|         array|
|output_10_we0       |  out|    1|   ap_memory|                       output_10|         array|
|output_10_d0        |  out|    1|   ap_memory|                       output_10|         array|
|output_11_address0  |  out|    9|   ap_memory|                       output_11|         array|
|output_11_ce0       |  out|    1|   ap_memory|                       output_11|         array|
|output_11_we0       |  out|    1|   ap_memory|                       output_11|         array|
|output_11_d0        |  out|    1|   ap_memory|                       output_11|         array|
|output_12_address0  |  out|    9|   ap_memory|                       output_12|         array|
|output_12_ce0       |  out|    1|   ap_memory|                       output_12|         array|
|output_12_we0       |  out|    1|   ap_memory|                       output_12|         array|
|output_12_d0        |  out|    1|   ap_memory|                       output_12|         array|
|output_13_address0  |  out|    9|   ap_memory|                       output_13|         array|
|output_13_ce0       |  out|    1|   ap_memory|                       output_13|         array|
|output_13_we0       |  out|    1|   ap_memory|                       output_13|         array|
|output_13_d0        |  out|    1|   ap_memory|                       output_13|         array|
|buffer_1_address0   |  out|    9|   ap_memory|                        buffer_1|         array|
|buffer_1_ce0        |  out|    1|   ap_memory|                        buffer_1|         array|
|buffer_1_we0        |  out|    1|   ap_memory|                        buffer_1|         array|
|buffer_1_d0         |  out|   32|   ap_memory|                        buffer_1|         array|
|buffer_1_q0         |   in|   32|   ap_memory|                        buffer_1|         array|
|buffer_1_address1   |  out|    9|   ap_memory|                        buffer_1|         array|
|buffer_1_ce1        |  out|    1|   ap_memory|                        buffer_1|         array|
|buffer_1_we1        |  out|    1|   ap_memory|                        buffer_1|         array|
|buffer_1_d1         |  out|   32|   ap_memory|                        buffer_1|         array|
|buffer_1_q1         |   in|   32|   ap_memory|                        buffer_1|         array|
|buffer_0_address0   |  out|    9|   ap_memory|                        buffer_0|         array|
|buffer_0_ce0        |  out|    1|   ap_memory|                        buffer_0|         array|
|buffer_0_we0        |  out|    1|   ap_memory|                        buffer_0|         array|
|buffer_0_d0         |  out|   32|   ap_memory|                        buffer_0|         array|
|buffer_0_q0         |   in|   32|   ap_memory|                        buffer_0|         array|
|buffer_0_address1   |  out|    9|   ap_memory|                        buffer_0|         array|
|buffer_0_ce1        |  out|    1|   ap_memory|                        buffer_0|         array|
|buffer_0_we1        |  out|    1|   ap_memory|                        buffer_0|         array|
|buffer_0_d1         |  out|   32|   ap_memory|                        buffer_0|         array|
|buffer_0_q1         |   in|   32|   ap_memory|                        buffer_0|         array|
|sext_ln149          |   in|   16|     ap_none|                      sext_ln149|        scalar|
|select_ln139        |   in|    4|     ap_none|                    select_ln139|        scalar|
+--------------------+-----+-----+------------+--------------------------------+--------------+

