

================================================================
== Vitis HLS Report for 'conv2d_l4'
================================================================
* Date:           Fri May  1 21:41:13 2026

* Version:        2025.2 (Build 6295257 on Nov 14 2025)
* Project:        hls_component
* Solution:       hls (Vivado IP Flow Target)
* Product family: zynq
* Target device:  xc7z020-clg400-1


================================================================
== Performance Estimates
================================================================
+ Timing: 
    * Summary: 
    +--------+----------+----------+------------+
    |  Clock |  Target  | Estimated| Uncertainty|
    +--------+----------+----------+------------+
    |ap_clk  |  10.00 ns|  7.299 ns|     2.70 ns|
    +--------+----------+----------+------------+

+ Latency: 
    * Summary: 
    +---------+---------+----------+-----------+-----+------+---------+
    |  Latency (cycles) |  Latency (absolute)  |  Interval  | Pipeline|
    |   min   |   max   |    min   |    max    | min |  max |   Type  |
    +---------+---------+----------+-----------+-----+------+---------+
    |       46|     4317|  0.460 us|  43.170 us|   46|  4317|       no|
    +---------+---------+----------+-----------+-----+------+---------+

    + Detail: 
        * Instance: 
        +-------------------------------------------+--------------------------------+---------+---------+-----------+-----------+-----+-----+-------------------+
        |                                           |                                |  Latency (cycles) |   Latency (absolute)  |  Interval |      Pipeline     |
        |                  Instance                 |             Module             |   min   |   max   |    min    |    max    | min | max |        Type       |
        +-------------------------------------------+--------------------------------+---------+---------+-----------+-----------+-----+-----+-------------------+
        |grp_conv2d_l4_Pipeline_L4_KH_L4_KW_fu_484  |conv2d_l4_Pipeline_L4_KH_L4_KW  |       16|       16|   0.160 us|   0.160 us|    0|    0|  loop pipeline stp|
        |grp_conv2d_l4_Pipeline_L4_FH_L4_FW_fu_552  |conv2d_l4_Pipeline_L4_FH_L4_FW  |        9|        9|  90.000 ns|  90.000 ns|    0|    0|  loop pipeline stp|
        +-------------------------------------------+--------------------------------+---------+---------+-----------+-----------+-----+-----+-------------------+

        * Loop: 
        +-----------+---------+---------+-----------+-----------+-----------+------+----------+
        |           |  Latency (cycles) | Iteration |  Initiation Interval  | Trip |          |
        | Loop Name |   min   |   max   |  Latency  |  achieved |   target  | Count| Pipelined|
        +-----------+---------+---------+-----------+-----------+-----------+------+----------+
        |- L4_H     |      152|     4280|  38 ~ 1070|          -|          -|     4|        no|
        | + L4_W    |       36|     1068|    9 ~ 267|          -|          -|     4|        no|
        |  ++ L4_K  |        6|      264|     2 ~ 88|          -|          -|     3|        no|
        +-----------+---------+---------+-----------+-----------+-----------+------+----------+



================================================================
== Utilization Estimates
================================================================
* Summary: 
+-----------------+---------+-----+--------+-------+-----+
|       Name      | BRAM_18K| DSP |   FF   |  LUT  | URAM|
+-----------------+---------+-----+--------+-------+-----+
|DSP              |        -|    -|       -|      -|    -|
|Expression       |        -|    -|       0|    270|    -|
|FIFO             |        -|    -|       -|      -|    -|
|Instance         |        -|   22|    2160|   2002|    -|
|Memory           |        -|    -|       -|      -|    -|
|Multiplexer      |        -|    -|       0|    763|    -|
|Register         |        -|    -|     307|      -|    -|
+-----------------+---------+-----+--------+-------+-----+
|Total            |        0|   22|    2467|   3035|    0|
+-----------------+---------+-----+--------+-------+-----+
|Available        |      280|  220|  106400|  53200|    0|
+-----------------+---------+-----+--------+-------+-----+
|Utilization (%)  |        0|   10|       2|      5|    0|
+-----------------+---------+-----+--------+-------+-----+

+ Detail: 
    * Instance: 
    +-------------------------------------------+--------------------------------+---------+----+-----+-----+-----+
    |                  Instance                 |             Module             | BRAM_18K| DSP|  FF | LUT | URAM|
    +-------------------------------------------+--------------------------------+---------+----+-----+-----+-----+
    |grp_conv2d_l4_Pipeline_L4_FH_L4_FW_fu_552  |conv2d_l4_Pipeline_L4_FH_L4_FW  |        0|   1|  113|  364|    0|
    |grp_conv2d_l4_Pipeline_L4_KH_L4_KW_fu_484  |conv2d_l4_Pipeline_L4_KH_L4_KW  |        0|   1|  260|  621|    0|
    |mul_32ns_34ns_65_2_1_U174                  |mul_32ns_34ns_65_2_1            |        0|   4|  173|   54|    0|
    |mul_64ns_66ns_129_5_1_U175                 |mul_64ns_66ns_129_5_1           |        0|  16|  441|  256|    0|
    |urem_32ns_5ns_4_36_seq_1_U176              |urem_32ns_5ns_4_36_seq_1        |        0|   0|  394|  238|    0|
    |urem_64s_5ns_4_68_seq_1_U177               |urem_64s_5ns_4_68_seq_1         |        0|   0|  779|  469|    0|
    +-------------------------------------------+--------------------------------+---------+----+-----+-----+-----+
    |Total                                      |                                |        0|  22| 2160| 2002|    0|
    +-------------------------------------------+--------------------------------+---------+----+-----+-----+-----+

    * DSP: 
    N/A

    * Memory: 
    N/A

    * FIFO: 
    N/A

    * Expression: 
    +-----------------------------------+----------+----+---+----+------------+------------+
    |           Variable Name           | Operation| DSP| FF| LUT| Bitwidth P0| Bitwidth P1|
    +-----------------------------------+----------+----+---+----+------------+------------+
    |add_ln209_fu_679_p2                |         +|   0|  0|  11|           3|           1|
    |add_ln210_fu_701_p2                |         +|   0|  0|  11|           3|           1|
    |add_ln211_fu_721_p2                |         +|   0|  0|  11|           3|           3|
    |add_ln212_fu_758_p2                |         +|   0|  0|  10|           2|           1|
    |add_ln219_fu_773_p2                |         +|   0|  0|  40|          33|          33|
    |sub_ln195_fu_648_p2                |         -|   0|  0|  13|           3|           4|
    |sub_ln211_fu_829_p2                |         -|   0|  0|  13|           3|           4|
    |ap_block_state113_on_subcall_done  |       and|   0|  0|   2|           1|           1|
    |icmp_ln209_fu_673_p2               |      icmp|   0|  0|  13|           3|           4|
    |icmp_ln210_fu_695_p2               |      icmp|   0|  0|  13|           3|           4|
    |icmp_ln212_fu_752_p2               |      icmp|   0|  0|  10|           2|           2|
    |icmp_ln213_fu_768_p2               |      icmp|   0|  0|  10|           2|           2|
    |buffer_0_we0                       |        or|   0|  0|   2|           1|           1|
    |buffer_1_we0                       |        or|   0|  0|   2|           1|           1|
    |loc_fu_744_p3                      |    select|   0|  0|  32|           1|          32|
    |select_ln195_1_fu_614_p3           |    select|   0|  0|   2|           1|           2|
    |select_ln195_fu_654_p3             |    select|   0|  0|   4|           1|           4|
    |select_ln211_3_fu_794_p3           |    select|   0|  0|   2|           1|           2|
    |select_ln211_fu_835_p3             |    select|   0|  0|   4|           1|           4|
    |grp_fu_628_p0                      |       xor|   0|  0|  32|          32|          32|
    |xor_ln211_fu_801_p2                |       xor|   0|  0|  33|          33|          33|
    +-----------------------------------+----------+----+---+----+------------+------------+
    |Total                              |          |   0|  0| 270|         133|         171|
    +-----------------------------------+----------+----+---+----+------------+------------+

    * Multiplexer: 
    +--------------------------------+-----+-----------+-----+-----------+
    |              Name              | LUT | Input Size| Bits| Total Bits|
    +--------------------------------+-----+-----------+-----+-----------+
    |ap_NS_fsm                       |  573|        114|    1|        114|
    |ap_phi_mux_loc_4_phi_fu_476_p4  |    9|          2|   32|         64|
    |buffer_0_address0               |    9|          2|    9|         18|
    |buffer_0_address0_local         |   14|          3|    9|         27|
    |buffer_0_ce0                    |    9|          2|    1|          2|
    |buffer_0_ce1                    |    9|          2|    1|          2|
    |buffer_0_d0                     |    9|          2|   32|         64|
    |buffer_0_we0                    |    9|          2|    1|          2|
    |buffer_0_we1                    |    9|          2|    1|          2|
    |buffer_1_address0               |    9|          2|    9|         18|
    |buffer_1_address0_local         |   14|          3|    9|         27|
    |buffer_1_ce0                    |    9|          2|    1|          2|
    |buffer_1_ce1                    |    9|          2|    1|          2|
    |buffer_1_d0                     |    9|          2|   32|         64|
    |buffer_1_we0                    |    9|          2|    1|          2|
    |buffer_1_we1                    |    9|          2|    1|          2|
    |k_reg_448                       |    9|          2|    2|          4|
    |loc_1_reg_460                   |    9|          2|   32|         64|
    |loc_4_reg_472                   |    9|          2|   32|         64|
    |oh_fu_214                       |    9|          2|    3|          6|
    |ow_reg_436                      |    9|          2|    3|          6|
    +--------------------------------+-----+-----------+-----+-----------+
    |Total                           |  763|        156|  213|        556|
    +--------------------------------+-----+-----------+-----+-----------+

    * Register: 
    +--------------------------------------------------------+-----+----+-----+-----------+
    |                          Name                          |  FF | LUT| Bits| Const Bits|
    +--------------------------------------------------------+-----+----+-----+-----------+
    |add_ln209_reg_1042                                      |    3|   0|    3|          0|
    |add_ln210_reg_1060                                      |    3|   0|    3|          0|
    |add_ln212_reg_1092                                      |    2|   0|    2|          0|
    |add_ln219_reg_1101                                      |   33|   0|   33|          0|
    |ap_CS_fsm                                               |  113|   0|  113|          0|
    |buffer_0_addr_reg_1065                                  |    3|   0|    9|          6|
    |buffer_1_addr_reg_1070                                  |    3|   0|    9|          6|
    |grp_conv2d_l4_Pipeline_L4_FH_L4_FW_fu_552_ap_start_reg  |    1|   0|    1|          0|
    |grp_conv2d_l4_Pipeline_L4_KH_L4_KW_fu_484_ap_start_reg  |    1|   0|    1|          0|
    |icmp_ln213_reg_1097                                     |    1|   0|    1|          0|
    |k_reg_448                                               |    2|   0|    2|          0|
    |loc_1_reg_460                                           |   32|   0|   32|          0|
    |loc_4_reg_472                                           |   32|   0|   32|          0|
    |oh_fu_214                                               |    3|   0|    3|          0|
    |ow_reg_436                                              |    3|   0|    3|          0|
    |select_ln195_reg_1022                                   |    4|   0|    4|          0|
    |select_ln211_reg_1133                                   |    4|   0|    4|          0|
    |sext_ln209_reg_1034                                     |   33|   0|   33|          0|
    |shl_ln211_reg_1052                                      |    3|   0|    3|          0|
    |tmp_130_reg_858                                         |    1|   0|    1|          0|
    |tmp_131_reg_1107                                        |    1|   0|    1|          0|
    |trunc_ln209_reg_1047                                    |    2|   0|    2|          0|
    |trunc_ln210_1_reg_1080                                  |    1|   0|    1|          0|
    |trunc_ln210_reg_1075                                    |    2|   0|    2|          0|
    |udiv_ln2_cast_reg_1123                                  |    9|   0|    9|          0|
    |udiv_ln_cast_reg_868                                    |    8|   0|    8|          0|
    |urem_ln211_reg_1128                                     |    4|   0|    4|          0|
    +--------------------------------------------------------+-----+----+-----+-----------+
    |Total                                                   |  307|   0|  319|         12|
    +--------------------------------------------------------+-----+----+-----+-----------+



================================================================
== Interface
================================================================
* Summary: 
+--------------------+-----+-----+------------+---------------+--------------+
|      RTL Ports     | Dir | Bits|  Protocol  | Source Object |    C Type    |
+--------------------+-----+-----+------------+---------------+--------------+
|ap_clk              |   in|    1|  ap_ctrl_hs|      conv2d_l4|  return value|
|ap_rst              |   in|    1|  ap_ctrl_hs|      conv2d_l4|  return value|
|ap_start            |   in|    1|  ap_ctrl_hs|      conv2d_l4|  return value|
|ap_done             |  out|    1|  ap_ctrl_hs|      conv2d_l4|  return value|
|ap_idle             |  out|    1|  ap_ctrl_hs|      conv2d_l4|  return value|
|ap_ready            |  out|    1|  ap_ctrl_hs|      conv2d_l4|  return value|
|input_0_address0    |  out|    9|   ap_memory|        input_0|         array|
|input_0_ce0         |  out|    1|   ap_memory|        input_0|         array|
|input_0_q0          |   in|    1|   ap_memory|        input_0|         array|
|input_1_address0    |  out|    9|   ap_memory|        input_1|         array|
|input_1_ce0         |  out|    1|   ap_memory|        input_1|         array|
|input_1_q0          |   in|    1|   ap_memory|        input_1|         array|
|input_2_address0    |  out|    9|   ap_memory|        input_2|         array|
|input_2_ce0         |  out|    1|   ap_memory|        input_2|         array|
|input_2_q0          |   in|    1|   ap_memory|        input_2|         array|
|input_3_address0    |  out|    9|   ap_memory|        input_3|         array|
|input_3_ce0         |  out|    1|   ap_memory|        input_3|         array|
|input_3_q0          |   in|    1|   ap_memory|        input_3|         array|
|input_4_address0    |  out|    9|   ap_memory|        input_4|         array|
|input_4_ce0         |  out|    1|   ap_memory|        input_4|         array|
|input_4_q0          |   in|    1|   ap_memory|        input_4|         array|
|input_5_address0    |  out|    9|   ap_memory|        input_5|         array|
|input_5_ce0         |  out|    1|   ap_memory|        input_5|         array|
|input_5_q0          |   in|    1|   ap_memory|        input_5|         array|
|input_6_address0    |  out|    9|   ap_memory|        input_6|         array|
|input_6_ce0         |  out|    1|   ap_memory|        input_6|         array|
|input_6_q0          |   in|    1|   ap_memory|        input_6|         array|
|input_7_address0    |  out|    9|   ap_memory|        input_7|         array|
|input_7_ce0         |  out|    1|   ap_memory|        input_7|         array|
|input_7_q0          |   in|    1|   ap_memory|        input_7|         array|
|input_8_address0    |  out|    9|   ap_memory|        input_8|         array|
|input_8_ce0         |  out|    1|   ap_memory|        input_8|         array|
|input_8_q0          |   in|    1|   ap_memory|        input_8|         array|
|input_9_address0    |  out|    9|   ap_memory|        input_9|         array|
|input_9_ce0         |  out|    1|   ap_memory|        input_9|         array|
|input_9_q0          |   in|    1|   ap_memory|        input_9|         array|
|input_10_address0   |  out|    9|   ap_memory|       input_10|         array|
|input_10_ce0        |  out|    1|   ap_memory|       input_10|         array|
|input_10_q0         |   in|    1|   ap_memory|       input_10|         array|
|input_11_address0   |  out|    9|   ap_memory|       input_11|         array|
|input_11_ce0        |  out|    1|   ap_memory|       input_11|         array|
|input_11_q0         |   in|    1|   ap_memory|       input_11|         array|
|input_12_address0   |  out|    9|   ap_memory|       input_12|         array|
|input_12_ce0        |  out|    1|   ap_memory|       input_12|         array|
|input_12_q0         |   in|    1|   ap_memory|       input_12|         array|
|input_13_address0   |  out|    9|   ap_memory|       input_13|         array|
|input_13_ce0        |  out|    1|   ap_memory|       input_13|         array|
|input_13_q0         |   in|    1|   ap_memory|       input_13|         array|
|kern_0_0_val        |   in|    1|     ap_none|   kern_0_0_val|        scalar|
|kern_0_1_val        |   in|    1|     ap_none|   kern_0_1_val|        scalar|
|kern_0_2_val        |   in|    1|     ap_none|   kern_0_2_val|        scalar|
|kern_0_3_val        |   in|    1|     ap_none|   kern_0_3_val|        scalar|
|kern_0_4_val        |   in|    1|     ap_none|   kern_0_4_val|        scalar|
|kern_0_5_val        |   in|    1|     ap_none|   kern_0_5_val|        scalar|
|kern_0_6_val        |   in|    1|     ap_none|   kern_0_6_val|        scalar|
|kern_0_7_val        |   in|    1|     ap_none|   kern_0_7_val|        scalar|
|kern_0_8_val        |   in|    1|     ap_none|   kern_0_8_val|        scalar|
|kern_1_0_val        |   in|    1|     ap_none|   kern_1_0_val|        scalar|
|kern_1_1_val        |   in|    1|     ap_none|   kern_1_1_val|        scalar|
|kern_1_2_val        |   in|    1|     ap_none|   kern_1_2_val|        scalar|
|kern_1_3_val        |   in|    1|     ap_none|   kern_1_3_val|        scalar|
|kern_1_4_val        |   in|    1|     ap_none|   kern_1_4_val|        scalar|
|kern_1_5_val        |   in|    1|     ap_none|   kern_1_5_val|        scalar|
|kern_1_6_val        |   in|    1|     ap_none|   kern_1_6_val|        scalar|
|kern_1_7_val        |   in|    1|     ap_none|   kern_1_7_val|        scalar|
|kern_1_8_val        |   in|    1|     ap_none|   kern_1_8_val|        scalar|
|kern_2_0_val        |   in|    1|     ap_none|   kern_2_0_val|        scalar|
|kern_2_1_val        |   in|    1|     ap_none|   kern_2_1_val|        scalar|
|kern_2_2_val        |   in|    1|     ap_none|   kern_2_2_val|        scalar|
|kern_2_3_val        |   in|    1|     ap_none|   kern_2_3_val|        scalar|
|kern_2_4_val        |   in|    1|     ap_none|   kern_2_4_val|        scalar|
|kern_2_5_val        |   in|    1|     ap_none|   kern_2_5_val|        scalar|
|kern_2_6_val        |   in|    1|     ap_none|   kern_2_6_val|        scalar|
|kern_2_7_val        |   in|    1|     ap_none|   kern_2_7_val|        scalar|
|kern_2_8_val        |   in|    1|     ap_none|   kern_2_8_val|        scalar|
|num_kerns_val       |   in|    2|     ap_none|  num_kerns_val|        scalar|
|in_ch_start         |   in|   32|     ap_none|    in_ch_start|        scalar|
|buffer_0_address0   |  out|    9|   ap_memory|       buffer_0|         array|
|buffer_0_ce0        |  out|    1|   ap_memory|       buffer_0|         array|
|buffer_0_we0        |  out|    1|   ap_memory|       buffer_0|         array|
|buffer_0_d0         |  out|   32|   ap_memory|       buffer_0|         array|
|buffer_0_q0         |   in|   32|   ap_memory|       buffer_0|         array|
|buffer_0_address1   |  out|    9|   ap_memory|       buffer_0|         array|
|buffer_0_ce1        |  out|    1|   ap_memory|       buffer_0|         array|
|buffer_0_we1        |  out|    1|   ap_memory|       buffer_0|         array|
|buffer_0_d1         |  out|   32|   ap_memory|       buffer_0|         array|
|buffer_0_q1         |   in|   32|   ap_memory|       buffer_0|         array|
|buffer_1_address0   |  out|    9|   ap_memory|       buffer_1|         array|
|buffer_1_ce0        |  out|    1|   ap_memory|       buffer_1|         array|
|buffer_1_we0        |  out|    1|   ap_memory|       buffer_1|         array|
|buffer_1_d0         |  out|   32|   ap_memory|       buffer_1|         array|
|buffer_1_q0         |   in|   32|   ap_memory|       buffer_1|         array|
|buffer_1_address1   |  out|    9|   ap_memory|       buffer_1|         array|
|buffer_1_ce1        |  out|    1|   ap_memory|       buffer_1|         array|
|buffer_1_we1        |  out|    1|   ap_memory|       buffer_1|         array|
|buffer_1_d1         |  out|   32|   ap_memory|       buffer_1|         array|
|buffer_1_q1         |   in|   32|   ap_memory|       buffer_1|         array|
|finalize            |   in|    1|     ap_none|       finalize|        scalar|
|bias                |   in|   16|     ap_none|           bias|        scalar|
|out_ch              |   in|   32|     ap_none|         out_ch|        scalar|
|output_0_address0   |  out|    8|   ap_memory|       output_0|         array|
|output_0_ce0        |  out|    1|   ap_memory|       output_0|         array|
|output_0_we0        |  out|    1|   ap_memory|       output_0|         array|
|output_0_d0         |  out|    1|   ap_memory|       output_0|         array|
|output_1_address0   |  out|    8|   ap_memory|       output_1|         array|
|output_1_ce0        |  out|    1|   ap_memory|       output_1|         array|
|output_1_we0        |  out|    1|   ap_memory|       output_1|         array|
|output_1_d0         |  out|    1|   ap_memory|       output_1|         array|
|output_2_address0   |  out|    8|   ap_memory|       output_2|         array|
|output_2_ce0        |  out|    1|   ap_memory|       output_2|         array|
|output_2_we0        |  out|    1|   ap_memory|       output_2|         array|
|output_2_d0         |  out|    1|   ap_memory|       output_2|         array|
|output_3_address0   |  out|    8|   ap_memory|       output_3|         array|
|output_3_ce0        |  out|    1|   ap_memory|       output_3|         array|
|output_3_we0        |  out|    1|   ap_memory|       output_3|         array|
|output_3_d0         |  out|    1|   ap_memory|       output_3|         array|
|output_4_address0   |  out|    8|   ap_memory|       output_4|         array|
|output_4_ce0        |  out|    1|   ap_memory|       output_4|         array|
|output_4_we0        |  out|    1|   ap_memory|       output_4|         array|
|output_4_d0         |  out|    1|   ap_memory|       output_4|         array|
|output_5_address0   |  out|    8|   ap_memory|       output_5|         array|
|output_5_ce0        |  out|    1|   ap_memory|       output_5|         array|
|output_5_we0        |  out|    1|   ap_memory|       output_5|         array|
|output_5_d0         |  out|    1|   ap_memory|       output_5|         array|
|output_6_address0   |  out|    8|   ap_memory|       output_6|         array|
|output_6_ce0        |  out|    1|   ap_memory|       output_6|         array|
|output_6_we0        |  out|    1|   ap_memory|       output_6|         array|
|output_6_d0         |  out|    1|   ap_memory|       output_6|         array|
|output_7_address0   |  out|    8|   ap_memory|       output_7|         array|
|output_7_ce0        |  out|    1|   ap_memory|       output_7|         array|
|output_7_we0        |  out|    1|   ap_memory|       output_7|         array|
|output_7_d0         |  out|    1|   ap_memory|       output_7|         array|
|output_8_address0   |  out|    8|   ap_memory|       output_8|         array|
|output_8_ce0        |  out|    1|   ap_memory|       output_8|         array|
|output_8_we0        |  out|    1|   ap_memory|       output_8|         array|
|output_8_d0         |  out|    1|   ap_memory|       output_8|         array|
|output_9_address0   |  out|    8|   ap_memory|       output_9|         array|
|output_9_ce0        |  out|    1|   ap_memory|       output_9|         array|
|output_9_we0        |  out|    1|   ap_memory|       output_9|         array|
|output_9_d0         |  out|    1|   ap_memory|       output_9|         array|
|output_10_address0  |  out|    8|   ap_memory|      output_10|         array|
|output_10_ce0       |  out|    1|   ap_memory|      output_10|         array|
|output_10_we0       |  out|    1|   ap_memory|      output_10|         array|
|output_10_d0        |  out|    1|   ap_memory|      output_10|         array|
|output_11_address0  |  out|    8|   ap_memory|      output_11|         array|
|output_11_ce0       |  out|    1|   ap_memory|      output_11|         array|
|output_11_we0       |  out|    1|   ap_memory|      output_11|         array|
|output_11_d0        |  out|    1|   ap_memory|      output_11|         array|
|output_12_address0  |  out|    8|   ap_memory|      output_12|         array|
|output_12_ce0       |  out|    1|   ap_memory|      output_12|         array|
|output_12_we0       |  out|    1|   ap_memory|      output_12|         array|
|output_12_d0        |  out|    1|   ap_memory|      output_12|         array|
|output_13_address0  |  out|    8|   ap_memory|      output_13|         array|
|output_13_ce0       |  out|    1|   ap_memory|      output_13|         array|
|output_13_we0       |  out|    1|   ap_memory|      output_13|         array|
|output_13_d0        |  out|    1|   ap_memory|      output_13|         array|
+--------------------+-----+-----+------------+---------------+--------------+

