

================================================================
== Vitis HLS Report for 'kernel_Pipeline_MLP1_BITS'
================================================================
* Date:           Fri May  1 23:52:23 2026

* Version:        2025.2 (Build 6295257 on Nov 14 2025)
* Project:        hls_component
* Solution:       hls (Vivado IP Flow Target)
* Product family: zynq
* Target device:  xc7z020-clg400-1


================================================================
== Performance Estimates
================================================================
+ Timing: 
    * Summary: 
    +--------+----------+----------+------------+
    |  Clock |  Target  | Estimated| Uncertainty|
    +--------+----------+----------+------------+
    |ap_clk  |  13.00 ns|  9.202 ns|     3.51 ns|
    +--------+----------+----------+------------+

+ Latency: 
    * Summary: 
    +---------+---------+----------+----------+-----+-----+-------------------+
    |  Latency (cycles) |  Latency (absolute) |  Interval |      Pipeline     |
    |   min   |   max   |    min   |    max   | min | max |        Type       |
    +---------+---------+----------+----------+-----+-----+-------------------+
    |       39|       65|  0.507 us|  0.845 us|    0|    0|  loop pipeline stp|
    +---------+---------+----------+----------+-----+-----+-------------------+

    + Detail: 
        * Instance: 
        N/A

        * Loop: 
        +-------------+---------+---------+----------+-----------+-----------+--------+----------+
        |             |  Latency (cycles) | Iteration|  Initiation Interval  |  Trip  |          |
        |  Loop Name  |   min   |   max   |  Latency |  achieved |   target  |  Count | Pipelined|
        +-------------+---------+---------+----------+-----------+-----------+--------+----------+
        |- MLP1_BITS  |       37|       63|        38|          1|          1|  0 ~ 27|       yes|
        +-------------+---------+---------+----------+-----------+-----------+--------+----------+



================================================================
== Utilization Estimates
================================================================
* Summary: 
+-----------------+---------+-----+--------+-------+-----+
|       Name      | BRAM_18K| DSP |   FF   |  LUT  | URAM|
+-----------------+---------+-----+--------+-------+-----+
|DSP              |        -|    1|       -|      -|    -|
|Expression       |        -|    -|       0|    378|    -|
|FIFO             |        -|    -|       -|      -|    -|
|Instance         |        -|    4|    2283|   1978|    -|
|Memory           |        -|    -|       -|      -|    -|
|Multiplexer      |        -|    -|       0|     63|    -|
|Register         |        -|    -|     551|    128|    -|
+-----------------+---------+-----+--------+-------+-----+
|Total            |        0|    5|    2834|   2547|    0|
+-----------------+---------+-----+--------+-------+-----+
|Available        |      280|  220|  106400|  53200|    0|
+-----------------+---------+-----+--------+-------+-----+
|Utilization (%)  |        0|    2|       2|      4|    0|
+-----------------+---------+-----+--------+-------+-----+

+ Detail: 
    * Instance: 
    +--------------------------+----------------------+---------+----+------+------+-----+
    |         Instance         |        Module        | BRAM_18K| DSP|  FF  |  LUT | URAM|
    +--------------------------+----------------------+---------+----+------+------+-----+
    |mul_32ns_34ns_65_1_1_U41  |mul_32ns_34ns_65_1_1  |        0|   4|     0|    22|    0|
    |sparsemux_19_4_1_1_1_U44  |sparsemux_19_4_1_1_1  |        0|   0|     0|    48|    0|
    |sparsemux_19_4_1_1_1_U45  |sparsemux_19_4_1_1_1  |        0|   0|     0|    48|    0|
    |sparsemux_19_4_1_1_1_U46  |sparsemux_19_4_1_1_1  |        0|   0|     0|    48|    0|
    |sparsemux_29_4_1_1_1_U43  |sparsemux_29_4_1_1_1  |        0|   0|     0|    65|    0|
    |sparsemux_7_2_1_1_1_U47   |sparsemux_7_2_1_1_1   |        0|   0|     0|     9|    0|
    |urem_32s_5ns_4_36_1_U42   |urem_32s_5ns_4_36_1   |        0|   0|  2283|  1738|    0|
    +--------------------------+----------------------+---------+----+------+------+-----+
    |Total                     |                      |        0|   4|  2283|  1978|    0|
    +--------------------------+----------------------+---------+----+------+------+-----+

    * DSP: 
    +--------------------------------+----------------------------+--------------+
    |            Instance            |           Module           |  Expression  |
    +--------------------------------+----------------------------+--------------+
    |mac_muladd_6ns_3s_8s_8_4_1_U48  |mac_muladd_6ns_3s_8s_8_4_1  |  i0 * i1 + i2|
    +--------------------------------+----------------------------+--------------+

    * Memory: 
    N/A

    * FIFO: 
    N/A

    * Expression: 
    +--------------------------+----------+----+---+----+------------+------------+
    |       Variable Name      | Operation| DSP| FF| LUT| Bitwidth P0| Bitwidth P1|
    +--------------------------+----------+----+---+----+------------+------------+
    |add_ln435_fu_939_p2       |         +|   0|  0|  13|           5|           1|
    |add_ln442_fu_886_p2       |         +|   0|  0|  11|           3|           3|
    |add_ln443_fu_1008_p2      |         +|   0|  0|  12|          11|           6|
    |flat_fu_630_p2            |         +|   0|  0|  39|          32|          32|
    |i_4_fu_730_p2             |         +|   0|  0|  13|           5|           1|
    |mlp1_acc_5_fu_1167_p2     |         +|   0|  0|  39|          32|          32|
    |sub_ln438_1_fu_668_p2     |         -|   0|  0|  39|           1|          32|
    |sub_ln438_2_fu_682_p2     |         -|   0|  0|  13|           1|          10|
    |sub_ln438_fu_917_p2       |         -|   0|  0|  13|           3|           4|
    |sub_ln439_fu_802_p2       |         -|   0|  0|  30|           1|          23|
    |or_cond872_fu_742_p2      |       and|   0|  0|   2|           1|           1|
    |icmp_ln434_fu_736_p2      |      icmp|   0|  0|  13|           5|           5|
    |icmp_ln435_fu_945_p2      |      icmp|   0|  0|  13|           5|           4|
    |icmp_ln437_fu_646_p2      |      icmp|   0|  0|  28|          21|           1|
    |ch_fu_688_p3              |    select|   0|  0|  10|           1|          10|
    |col_fu_841_p3             |    select|   0|  0|   2|           1|           2|
    |hw_fu_807_p3              |    select|   0|  0|  23|           1|          23|
    |mlp1_acc_2_fu_1173_p3     |    select|   0|  0|  32|           1|          32|
    |row_fu_863_p3             |    select|   0|  0|   2|           1|           1|
    |select_ln435_fu_951_p3    |    select|   0|  0|   5|           1|           1|
    |select_ln438_2_fu_779_p3  |    select|   0|  0|   2|           1|           2|
    |select_ln438_fu_923_p3    |    select|   0|  0|   4|           1|           4|
    |select_ln440_fu_833_p3    |    select|   0|  0|   2|           1|           2|
    |select_ln444_fu_1159_p3   |    select|   0|  0|   2|           1|           2|
    |ap_enable_pp0             |       xor|   0|  0|   2|           1|           2|
    |not_icmp_ln437_fu_724_p2  |       xor|   0|  0|   2|           1|           2|
    |xor_ln438_fu_787_p2       |       xor|   0|  0|  10|          10|          10|
    |xor_ln444_fu_1153_p2      |       xor|   0|  0|   2|           1|           1|
    +--------------------------+----------+----+---+----+------------+------------+
    |Total                     |          |   0|  0| 378|         149|         249|
    +--------------------------+----------+----+---+----+------------+------------+

    * Multiplexer: 
    +-----------------------------------+----+-----------+-----+-----------+
    |                Name               | LUT| Input Size| Bits| Total Bits|
    +-----------------------------------+----+-----------+-----+-----------+
    |ap_done_int                        |   9|          2|    1|          2|
    |ap_loop_exit_ready_pp0_iter37_reg  |   9|          2|    1|          2|
    |ap_sig_allocacmp_i                 |   9|          2|    5|         10|
    |i_2_fu_228                         |   9|          2|    5|         10|
    |mlp1_acc_1_fu_232                  |   9|          2|   32|         64|
    |phi_mul_fu_224                     |   9|          2|   11|         22|
    |phi_urem_fu_220                    |   9|          2|    5|         10|
    +-----------------------------------+----+-----------+-----+-----------+
    |Total                              |  63|         14|   60|        120|
    +-----------------------------------+----+-----------+-----+-----------+

    * Register: 
    +--------------------------------------+----+----+-----+-----------+
    |                 Name                 | FF | LUT| Bits| Const Bits|
    +--------------------------------------+----+----+-----+-----------+
    |add_ln442_1_reg_1432                  |   8|   0|    8|          0|
    |ap_CS_fsm                             |   1|   0|    1|          0|
    |ap_done_reg                           |   1|   0|    1|          0|
    |ap_enable_reg_pp0_iter1               |   1|   0|    1|          0|
    |ap_enable_reg_pp0_iter10              |   1|   0|    1|          0|
    |ap_enable_reg_pp0_iter11              |   1|   0|    1|          0|
    |ap_enable_reg_pp0_iter12              |   1|   0|    1|          0|
    |ap_enable_reg_pp0_iter13              |   1|   0|    1|          0|
    |ap_enable_reg_pp0_iter14              |   1|   0|    1|          0|
    |ap_enable_reg_pp0_iter15              |   1|   0|    1|          0|
    |ap_enable_reg_pp0_iter16              |   1|   0|    1|          0|
    |ap_enable_reg_pp0_iter17              |   1|   0|    1|          0|
    |ap_enable_reg_pp0_iter18              |   1|   0|    1|          0|
    |ap_enable_reg_pp0_iter19              |   1|   0|    1|          0|
    |ap_enable_reg_pp0_iter2               |   1|   0|    1|          0|
    |ap_enable_reg_pp0_iter20              |   1|   0|    1|          0|
    |ap_enable_reg_pp0_iter21              |   1|   0|    1|          0|
    |ap_enable_reg_pp0_iter22              |   1|   0|    1|          0|
    |ap_enable_reg_pp0_iter23              |   1|   0|    1|          0|
    |ap_enable_reg_pp0_iter24              |   1|   0|    1|          0|
    |ap_enable_reg_pp0_iter25              |   1|   0|    1|          0|
    |ap_enable_reg_pp0_iter26              |   1|   0|    1|          0|
    |ap_enable_reg_pp0_iter27              |   1|   0|    1|          0|
    |ap_enable_reg_pp0_iter28              |   1|   0|    1|          0|
    |ap_enable_reg_pp0_iter29              |   1|   0|    1|          0|
    |ap_enable_reg_pp0_iter3               |   1|   0|    1|          0|
    |ap_enable_reg_pp0_iter30              |   1|   0|    1|          0|
    |ap_enable_reg_pp0_iter31              |   1|   0|    1|          0|
    |ap_enable_reg_pp0_iter32              |   1|   0|    1|          0|
    |ap_enable_reg_pp0_iter33              |   1|   0|    1|          0|
    |ap_enable_reg_pp0_iter34              |   1|   0|    1|          0|
    |ap_enable_reg_pp0_iter35              |   1|   0|    1|          0|
    |ap_enable_reg_pp0_iter36              |   1|   0|    1|          0|
    |ap_enable_reg_pp0_iter37              |   1|   0|    1|          0|
    |ap_enable_reg_pp0_iter4               |   1|   0|    1|          0|
    |ap_enable_reg_pp0_iter5               |   1|   0|    1|          0|
    |ap_enable_reg_pp0_iter6               |   1|   0|    1|          0|
    |ap_enable_reg_pp0_iter7               |   1|   0|    1|          0|
    |ap_enable_reg_pp0_iter8               |   1|   0|    1|          0|
    |ap_enable_reg_pp0_iter9               |   1|   0|    1|          0|
    |ap_loop_exit_ready_pp0_iter10_reg     |   1|   0|    1|          0|
    |ap_loop_exit_ready_pp0_iter11_reg     |   1|   0|    1|          0|
    |ap_loop_exit_ready_pp0_iter12_reg     |   1|   0|    1|          0|
    |ap_loop_exit_ready_pp0_iter13_reg     |   1|   0|    1|          0|
    |ap_loop_exit_ready_pp0_iter14_reg     |   1|   0|    1|          0|
    |ap_loop_exit_ready_pp0_iter15_reg     |   1|   0|    1|          0|
    |ap_loop_exit_ready_pp0_iter16_reg     |   1|   0|    1|          0|
    |ap_loop_exit_ready_pp0_iter17_reg     |   1|   0|    1|          0|
    |ap_loop_exit_ready_pp0_iter18_reg     |   1|   0|    1|          0|
    |ap_loop_exit_ready_pp0_iter19_reg     |   1|   0|    1|          0|
    |ap_loop_exit_ready_pp0_iter1_reg      |   1|   0|    1|          0|
    |ap_loop_exit_ready_pp0_iter20_reg     |   1|   0|    1|          0|
    |ap_loop_exit_ready_pp0_iter21_reg     |   1|   0|    1|          0|
    |ap_loop_exit_ready_pp0_iter22_reg     |   1|   0|    1|          0|
    |ap_loop_exit_ready_pp0_iter23_reg     |   1|   0|    1|          0|
    |ap_loop_exit_ready_pp0_iter24_reg     |   1|   0|    1|          0|
    |ap_loop_exit_ready_pp0_iter25_reg     |   1|   0|    1|          0|
    |ap_loop_exit_ready_pp0_iter26_reg     |   1|   0|    1|          0|
    |ap_loop_exit_ready_pp0_iter27_reg     |   1|   0|    1|          0|
    |ap_loop_exit_ready_pp0_iter28_reg     |   1|   0|    1|          0|
    |ap_loop_exit_ready_pp0_iter29_reg     |   1|   0|    1|          0|
    |ap_loop_exit_ready_pp0_iter2_reg      |   1|   0|    1|          0|
    |ap_loop_exit_ready_pp0_iter30_reg     |   1|   0|    1|          0|
    |ap_loop_exit_ready_pp0_iter31_reg     |   1|   0|    1|          0|
    |ap_loop_exit_ready_pp0_iter32_reg     |   1|   0|    1|          0|
    |ap_loop_exit_ready_pp0_iter33_reg     |   1|   0|    1|          0|
    |ap_loop_exit_ready_pp0_iter34_reg     |   1|   0|    1|          0|
    |ap_loop_exit_ready_pp0_iter35_reg     |   1|   0|    1|          0|
    |ap_loop_exit_ready_pp0_iter36_reg     |   1|   0|    1|          0|
    |ap_loop_exit_ready_pp0_iter37_reg     |   1|   0|    1|          0|
    |ap_loop_exit_ready_pp0_iter3_reg      |   1|   0|    1|          0|
    |ap_loop_exit_ready_pp0_iter4_reg      |   1|   0|    1|          0|
    |ap_loop_exit_ready_pp0_iter5_reg      |   1|   0|    1|          0|
    |ap_loop_exit_ready_pp0_iter6_reg      |   1|   0|    1|          0|
    |ap_loop_exit_ready_pp0_iter7_reg      |   1|   0|    1|          0|
    |ap_loop_exit_ready_pp0_iter8_reg      |   1|   0|    1|          0|
    |ap_loop_exit_ready_pp0_iter9_reg      |   1|   0|    1|          0|
    |ch_reg_1392                           |  10|   0|   10|          0|
    |flat_reg_1371                         |  32|   0|   32|          0|
    |i_2_fu_228                            |   5|   0|    5|          0|
    |icmp_ln437_reg_1376                   |   1|   0|    1|          0|
    |mlp1_acc_1_fu_232                     |  32|   0|   32|          0|
    |or_cond872_reg_1413                   |   1|   0|    1|          0|
    |packed_image_4_10_load_reg_1562       |   1|   0|    1|          0|
    |packed_image_4_11_load_reg_1567       |   1|   0|    1|          0|
    |packed_image_4_12_load_reg_1572       |   1|   0|    1|          0|
    |packed_image_4_13_load_reg_1577       |   1|   0|    1|          0|
    |packed_image_4_1_load_reg_1517        |   1|   0|    1|          0|
    |packed_image_4_2_load_reg_1522        |   1|   0|    1|          0|
    |packed_image_4_3_load_reg_1527        |   1|   0|    1|          0|
    |packed_image_4_4_load_reg_1532        |   1|   0|    1|          0|
    |packed_image_4_5_load_reg_1537        |   1|   0|    1|          0|
    |packed_image_4_6_load_reg_1542        |   1|   0|    1|          0|
    |packed_image_4_7_load_reg_1547        |   1|   0|    1|          0|
    |packed_image_4_8_load_reg_1552        |   1|   0|    1|          0|
    |packed_image_4_9_load_reg_1557        |   1|   0|    1|          0|
    |packed_image_4_load_reg_1512          |   1|   0|    1|          0|
    |phi_mul_fu_224                        |  11|   0|   11|          0|
    |phi_urem_fu_220                       |   5|   0|    5|          0|
    |select_ln438_reg_1507                 |   4|   0|    4|          0|
    |sub_ln438_1_reg_1387                  |  32|   0|   32|          0|
    |tmp_1_reg_1408                        |  23|   0|   23|          0|
    |tmp_87_reg_1381                       |   1|   0|    1|          0|
    |tmp_88_reg_1398                       |   1|   0|    1|          0|
    |tmp_s_reg_1403                        |  23|   0|   23|          0|
    |udiv_ln1_cast_reg_1417                |   8|   0|    8|          0|
    |udiv_ln1_cast_reg_1417_pp0_iter2_reg  |   8|   0|    8|          0|
    |add_ln442_1_reg_1432                  |  64|  32|    8|          0|
    |icmp_ln437_reg_1376                   |  64|  32|    1|          0|
    |or_cond872_reg_1413                   |  64|  32|    1|          0|
    |tmp_88_reg_1398                       |  64|  32|    1|          0|
    +--------------------------------------+----+----+-----+-----------+
    |Total                                 | 551| 128|  306|          0|
    +--------------------------------------+----+----+-----+-----------+



================================================================
== Interface
================================================================
* Summary: 
+----------------------------+-----+-----+------------+---------------------------+--------------+
|          RTL Ports         | Dir | Bits|  Protocol  |       Source Object       |    C Type    |
+----------------------------+-----+-----+------------+---------------------------+--------------+
|ap_clk                      |   in|    1|  ap_ctrl_hs|  kernel_Pipeline_MLP1_BITS|  return value|
|ap_rst                      |   in|    1|  ap_ctrl_hs|  kernel_Pipeline_MLP1_BITS|  return value|
|ap_start                    |   in|    1|  ap_ctrl_hs|  kernel_Pipeline_MLP1_BITS|  return value|
|ap_done                     |  out|    1|  ap_ctrl_hs|  kernel_Pipeline_MLP1_BITS|  return value|
|ap_idle                     |  out|    1|  ap_ctrl_hs|  kernel_Pipeline_MLP1_BITS|  return value|
|ap_ready                    |  out|    1|  ap_ctrl_hs|  kernel_Pipeline_MLP1_BITS|  return value|
|mlp1_acc                    |   in|   32|     ap_none|                   mlp1_acc|        scalar|
|mlp1_w_off                  |   in|   32|     ap_none|                 mlp1_w_off|        scalar|
|packed_image_4_address0     |  out|    8|   ap_memory|             packed_image_4|         array|
|packed_image_4_ce0          |  out|    1|   ap_memory|             packed_image_4|         array|
|packed_image_4_q0           |   in|    1|   ap_memory|             packed_image_4|         array|
|packed_image_4_1_address0   |  out|    8|   ap_memory|           packed_image_4_1|         array|
|packed_image_4_1_ce0        |  out|    1|   ap_memory|           packed_image_4_1|         array|
|packed_image_4_1_q0         |   in|    1|   ap_memory|           packed_image_4_1|         array|
|packed_image_4_2_address0   |  out|    8|   ap_memory|           packed_image_4_2|         array|
|packed_image_4_2_ce0        |  out|    1|   ap_memory|           packed_image_4_2|         array|
|packed_image_4_2_q0         |   in|    1|   ap_memory|           packed_image_4_2|         array|
|packed_image_4_3_address0   |  out|    8|   ap_memory|           packed_image_4_3|         array|
|packed_image_4_3_ce0        |  out|    1|   ap_memory|           packed_image_4_3|         array|
|packed_image_4_3_q0         |   in|    1|   ap_memory|           packed_image_4_3|         array|
|packed_image_4_4_address0   |  out|    8|   ap_memory|           packed_image_4_4|         array|
|packed_image_4_4_ce0        |  out|    1|   ap_memory|           packed_image_4_4|         array|
|packed_image_4_4_q0         |   in|    1|   ap_memory|           packed_image_4_4|         array|
|packed_image_4_5_address0   |  out|    8|   ap_memory|           packed_image_4_5|         array|
|packed_image_4_5_ce0        |  out|    1|   ap_memory|           packed_image_4_5|         array|
|packed_image_4_5_q0         |   in|    1|   ap_memory|           packed_image_4_5|         array|
|packed_image_4_6_address0   |  out|    8|   ap_memory|           packed_image_4_6|         array|
|packed_image_4_6_ce0        |  out|    1|   ap_memory|           packed_image_4_6|         array|
|packed_image_4_6_q0         |   in|    1|   ap_memory|           packed_image_4_6|         array|
|packed_image_4_7_address0   |  out|    8|   ap_memory|           packed_image_4_7|         array|
|packed_image_4_7_ce0        |  out|    1|   ap_memory|           packed_image_4_7|         array|
|packed_image_4_7_q0         |   in|    1|   ap_memory|           packed_image_4_7|         array|
|packed_image_4_8_address0   |  out|    8|   ap_memory|           packed_image_4_8|         array|
|packed_image_4_8_ce0        |  out|    1|   ap_memory|           packed_image_4_8|         array|
|packed_image_4_8_q0         |   in|    1|   ap_memory|           packed_image_4_8|         array|
|packed_image_4_9_address0   |  out|    8|   ap_memory|           packed_image_4_9|         array|
|packed_image_4_9_ce0        |  out|    1|   ap_memory|           packed_image_4_9|         array|
|packed_image_4_9_q0         |   in|    1|   ap_memory|           packed_image_4_9|         array|
|packed_image_4_10_address0  |  out|    8|   ap_memory|          packed_image_4_10|         array|
|packed_image_4_10_ce0       |  out|    1|   ap_memory|          packed_image_4_10|         array|
|packed_image_4_10_q0        |   in|    1|   ap_memory|          packed_image_4_10|         array|
|packed_image_4_11_address0  |  out|    8|   ap_memory|          packed_image_4_11|         array|
|packed_image_4_11_ce0       |  out|    1|   ap_memory|          packed_image_4_11|         array|
|packed_image_4_11_q0        |   in|    1|   ap_memory|          packed_image_4_11|         array|
|packed_image_4_12_address0  |  out|    8|   ap_memory|          packed_image_4_12|         array|
|packed_image_4_12_ce0       |  out|    1|   ap_memory|          packed_image_4_12|         array|
|packed_image_4_12_q0        |   in|    1|   ap_memory|          packed_image_4_12|         array|
|packed_image_4_13_address0  |  out|    8|   ap_memory|          packed_image_4_13|         array|
|packed_image_4_13_ce0       |  out|    1|   ap_memory|          packed_image_4_13|         array|
|packed_image_4_13_q0        |   in|    1|   ap_memory|          packed_image_4_13|         array|
|empty_103                   |   in|    1|     ap_none|                  empty_103|        scalar|
|empty_104                   |   in|    1|     ap_none|                  empty_104|        scalar|
|empty_105                   |   in|    1|     ap_none|                  empty_105|        scalar|
|empty_106                   |   in|    1|     ap_none|                  empty_106|        scalar|
|empty_107                   |   in|    1|     ap_none|                  empty_107|        scalar|
|empty_108                   |   in|    1|     ap_none|                  empty_108|        scalar|
|empty_109                   |   in|    1|     ap_none|                  empty_109|        scalar|
|empty_110                   |   in|    1|     ap_none|                  empty_110|        scalar|
|empty_111                   |   in|    1|     ap_none|                  empty_111|        scalar|
|empty_112                   |   in|    1|     ap_none|                  empty_112|        scalar|
|empty_113                   |   in|    1|     ap_none|                  empty_113|        scalar|
|empty_114                   |   in|    1|     ap_none|                  empty_114|        scalar|
|empty_115                   |   in|    1|     ap_none|                  empty_115|        scalar|
|empty_116                   |   in|    1|     ap_none|                  empty_116|        scalar|
|empty_117                   |   in|    1|     ap_none|                  empty_117|        scalar|
|empty_118                   |   in|    1|     ap_none|                  empty_118|        scalar|
|empty_119                   |   in|    1|     ap_none|                  empty_119|        scalar|
|empty_120                   |   in|    1|     ap_none|                  empty_120|        scalar|
|empty_121                   |   in|    1|     ap_none|                  empty_121|        scalar|
|empty_122                   |   in|    1|     ap_none|                  empty_122|        scalar|
|empty_123                   |   in|    1|     ap_none|                  empty_123|        scalar|
|empty_124                   |   in|    1|     ap_none|                  empty_124|        scalar|
|empty_125                   |   in|    1|     ap_none|                  empty_125|        scalar|
|empty_126                   |   in|    1|     ap_none|                  empty_126|        scalar|
|empty_127                   |   in|    1|     ap_none|                  empty_127|        scalar|
|empty_128                   |   in|    1|     ap_none|                  empty_128|        scalar|
|empty                       |   in|    1|     ap_none|                      empty|        scalar|
|total_1                     |   in|    5|     ap_none|                    total_1|        scalar|
|mlp1_acc_2_out              |  out|   32|      ap_vld|             mlp1_acc_2_out|       pointer|
|mlp1_acc_2_out_ap_vld       |  out|    1|      ap_vld|             mlp1_acc_2_out|       pointer|
+----------------------------+-----+-----+------------+---------------------------+--------------+

