

================================================================
== Vitis HLS Report for 'kernel_Pipeline_VITIS_LOOP_299_1'
================================================================
* Date:           Fri May  1 23:52:23 2026

* Version:        2025.2 (Build 6295257 on Nov 14 2025)
* Project:        hls_component
* Solution:       hls (Vivado IP Flow Target)
* Product family: zynq
* Target device:  xc7z020-clg400-1


================================================================
== Performance Estimates
================================================================
+ Timing: 
    * Summary: 
    +--------+----------+----------+------------+
    |  Clock |  Target  | Estimated| Uncertainty|
    +--------+----------+----------+------------+
    |ap_clk  |  13.00 ns|  6.481 ns|     3.51 ns|
    +--------+----------+----------+------------+

+ Latency: 
    * Summary: 
    +---------+---------+-----------+-----------+-----+-----+-------------------+
    |  Latency (cycles) |   Latency (absolute)  |  Interval |      Pipeline     |
    |   min   |   max   |    min    |    max    | min | max |        Type       |
    +---------+---------+-----------+-----------+-----+-----+-------------------+
    |     1026|     1026|  13.338 us|  13.338 us|    0|    0|  loop pipeline stp|
    +---------+---------+-----------+-----------+-----+-----+-------------------+

    + Detail: 
        * Instance: 
        N/A

        * Loop: 
        +--------------------+---------+---------+----------+-----------+-----------+------+----------+
        |                    |  Latency (cycles) | Iteration|  Initiation Interval  | Trip |          |
        |      Loop Name     |   min   |   max   |  Latency |  achieved |   target  | Count| Pipelined|
        +--------------------+---------+---------+----------+-----------+-----------+------+----------+
        |- VITIS_LOOP_299_1  |     1024|     1024|         1|          1|          1|  1024|       yes|
        +--------------------+---------+---------+----------+-----------+-----------+------+----------+



================================================================
== Utilization Estimates
================================================================
* Summary: 
+-----------------+---------+-----+--------+-------+-----+
|       Name      | BRAM_18K| DSP |   FF   |  LUT  | URAM|
+-----------------+---------+-----+--------+-------+-----+
|DSP              |        -|    -|       -|      -|    -|
|Expression       |        -|    -|       0|     24|    -|
|FIFO             |        -|    -|       -|      -|    -|
|Instance         |        -|    -|       -|      -|    -|
|Memory           |        -|    -|       -|      -|    -|
|Multiplexer      |        -|    -|       0|     27|    -|
|Register         |        -|    -|      13|      -|    -|
+-----------------+---------+-----+--------+-------+-----+
|Total            |        0|    0|      13|     51|    0|
+-----------------+---------+-----+--------+-------+-----+
|Available        |      280|  220|  106400|  53200|    0|
+-----------------+---------+-----+--------+-------+-----+
|Utilization (%)  |        0|    0|      ~0|     ~0|    0|
+-----------------+---------+-----+--------+-------+-----+

+ Detail: 
    * Instance: 
    N/A

    * DSP: 
    N/A

    * Memory: 
    N/A

    * FIFO: 
    N/A

    * Expression: 
    +---------------------+----------+----+---+----+------------+------------+
    |    Variable Name    | Operation| DSP| FF| LUT| Bitwidth P0| Bitwidth P1|
    +---------------------+----------+----+---+----+------------+------------+
    |add_ln299_fu_80_p2   |         +|   0|  0|  12|          11|           1|
    |icmp_ln299_fu_74_p2  |      icmp|   0|  0|  12|          11|          12|
    +---------------------+----------+----+---+----+------------+------------+
    |Total                |          |   0|  0|  24|          22|          13|
    +---------------------+----------+----+---+----+------------+------------+

    * Multiplexer: 
    +----------------------+----+-----------+-----+-----------+
    |         Name         | LUT| Input Size| Bits| Total Bits|
    +----------------------+----+-----------+-----+-----------+
    |ap_done_int           |   9|          2|    1|          2|
    |ap_sig_allocacmp_i_2  |   9|          2|   11|         22|
    |i_fu_34               |   9|          2|   11|         22|
    +----------------------+----+-----------+-----+-----------+
    |Total                 |  27|          6|   23|         46|
    +----------------------+----+-----------+-----+-----------+

    * Register: 
    +-------------+----+----+-----+-----------+
    |     Name    | FF | LUT| Bits| Const Bits|
    +-------------+----+----+-----+-----------+
    |ap_CS_fsm    |   1|   0|    1|          0|
    |ap_done_reg  |   1|   0|    1|          0|
    |i_fu_34      |  11|   0|   11|          0|
    +-------------+----+----+-----+-----------+
    |Total        |  13|   0|   13|          0|
    +-------------+----+----+-----+-----------+



================================================================
== Interface
================================================================
* Summary: 
+-------------------+-----+-----+------------+----------------------------------+--------------+
|     RTL Ports     | Dir | Bits|  Protocol  |           Source Object          |    C Type    |
+-------------------+-----+-----+------------+----------------------------------+--------------+
|ap_clk             |   in|    1|  ap_ctrl_hs|  kernel_Pipeline_VITIS_LOOP_299_1|  return value|
|ap_rst             |   in|    1|  ap_ctrl_hs|  kernel_Pipeline_VITIS_LOOP_299_1|  return value|
|ap_start           |   in|    1|  ap_ctrl_hs|  kernel_Pipeline_VITIS_LOOP_299_1|  return value|
|ap_done            |  out|    1|  ap_ctrl_hs|  kernel_Pipeline_VITIS_LOOP_299_1|  return value|
|ap_idle            |  out|    1|  ap_ctrl_hs|  kernel_Pipeline_VITIS_LOOP_299_1|  return value|
|ap_ready           |  out|    1|  ap_ctrl_hs|  kernel_Pipeline_VITIS_LOOP_299_1|  return value|
|buffer_1_address0  |  out|    9|   ap_memory|                          buffer_1|         array|
|buffer_1_ce0       |  out|    1|   ap_memory|                          buffer_1|         array|
|buffer_1_we0       |  out|    1|   ap_memory|                          buffer_1|         array|
|buffer_1_d0        |  out|   32|   ap_memory|                          buffer_1|         array|
|buffer_r_address0  |  out|    9|   ap_memory|                          buffer_r|         array|
|buffer_r_ce0       |  out|    1|   ap_memory|                          buffer_r|         array|
|buffer_r_we0       |  out|    1|   ap_memory|                          buffer_r|         array|
|buffer_r_d0        |  out|   32|   ap_memory|                          buffer_r|         array|
+-------------------+-----+-----+------------+----------------------------------+--------------+

