

================================================================
== Vitis HLS Report for 'softmax'
================================================================
* Date:           Fri May  1 23:52:25 2026

* Version:        2025.2 (Build 6295257 on Nov 14 2025)
* Project:        hls_component
* Solution:       hls (Vivado IP Flow Target)
* Product family: zynq
* Target device:  xc7z020-clg400-1


================================================================
== Performance Estimates
================================================================
+ Timing: 
    * Summary: 
    +--------+----------+----------+------------+
    |  Clock |  Target  | Estimated| Uncertainty|
    +--------+----------+----------+------------+
    |ap_clk  |  13.00 ns|  9.210 ns|     3.51 ns|
    +--------+----------+----------+------------+

+ Latency: 
    * Summary: 
    +---------+---------+----------+----------+-----+-----+---------+
    |  Latency (cycles) |  Latency (absolute) |  Interval | Pipeline|
    |   min   |   max   |    min   |    max   | min | max |   Type  |
    +---------+---------+----------+----------+-----+-----+---------+
    |       59|       59|  0.767 us|  0.767 us|   59|   59|       no|
    +---------+---------+----------+----------+-----+-----+---------+

    + Detail: 
        * Instance: 
        +-------------------------------------+--------------------------+---------+---------+----------+----------+-----+-----+-------------------+
        |                                     |                          |  Latency (cycles) |  Latency (absolute) |  Interval |      Pipeline     |
        |               Instance              |          Module          |   min   |   max   |    min   |    max   | min | max |        Type       |
        +-------------------------------------+--------------------------+---------+---------+----------+----------+-----+-----+-------------------+
        |grp_softmax_Pipeline_SM_NORM_fu_224  |softmax_Pipeline_SM_NORM  |       47|       47|  0.611 us|  0.611 us|    0|    0|  loop pipeline stp|
        +-------------------------------------+--------------------------+---------+---------+----------+----------+-----+-----+-------------------+

        * Loop: 
        N/A



================================================================
== Utilization Estimates
================================================================
* Summary: 
+-----------------+---------+-----+--------+-------+-----+
|       Name      | BRAM_18K| DSP |   FF   |  LUT  | URAM|
+-----------------+---------+-----+--------+-------+-----+
|DSP              |        -|    -|       -|      -|    -|
|Expression       |        -|    -|       0|   2424|    -|
|FIFO             |        -|    -|       -|      -|    -|
|Instance         |        -|    -|    3070|   1964|    -|
|Memory           |        0|    -|      64|      5|    0|
|Multiplexer      |        -|    -|       0|    269|    -|
|Register         |        -|    -|     879|      -|    -|
+-----------------+---------+-----+--------+-------+-----+
|Total            |        0|    0|    4013|   4662|    0|
+-----------------+---------+-----+--------+-------+-----+
|Available        |      280|  220|  106400|  53200|    0|
+-----------------+---------+-----+--------+-------+-----+
|Utilization (%)  |        0|    0|       3|      8|    0|
+-----------------+---------+-----+--------+-------+-----+

+ Detail: 
    * Instance: 
    +-------------------------------------+--------------------------+---------+----+------+------+-----+
    |               Instance              |          Module          | BRAM_18K| DSP|  FF  |  LUT | URAM|
    +-------------------------------------+--------------------------+---------+----+------+------+-----+
    |grp_softmax_Pipeline_SM_NORM_fu_224  |softmax_Pipeline_SM_NORM  |        0|   0|  3070|  1964|    0|
    +-------------------------------------+--------------------------+---------+----+------+------+-----+
    |Total                                |                          |        0|   0|  3070|  1964|    0|
    +-------------------------------------+--------------------------+---------+----+------+------+-----+

    * DSP: 
    N/A

    * Memory: 
    +-------+--------------------------+---------+----+----+-----+------+-----+------+-------------+
    | Memory|          Module          | BRAM_18K| FF | LUT| URAM| Words| Bits| Banks| W*Bits*Banks|
    +-------+--------------------------+---------+----+----+-----+------+-----+------+-------------+
    |ev_U   |softmax_ev_RAM_AUTO_1R1W  |        0|  64|   5|    0|    10|   32|     1|          320|
    +-------+--------------------------+---------+----+----+-----+------+-----+------+-------------+
    |Total  |                          |        0|  64|   5|    0|    10|   32|     1|          320|
    +-------+--------------------------+---------+----+----+-----+------+-----+------+-------------+

    * FIFO: 
    N/A

    * Expression: 
    +--------------------------+----------+----+---+----+------------+------------+
    |       Variable Name      | Operation| DSP| FF| LUT| Bitwidth P0| Bitwidth P1|
    +--------------------------+----------+----+---+----+------------+------------+
    |add_ln263_1_fu_384_p2     |         +|   0|  0|  39|          32|          10|
    |add_ln263_2_fu_556_p2     |         +|   0|  0|  39|          32|          10|
    |add_ln263_3_fu_575_p2     |         +|   0|  0|  39|          32|          10|
    |add_ln263_4_fu_417_p2     |         +|   0|  0|  39|          32|          10|
    |add_ln263_5_fu_441_p2     |         +|   0|  0|  39|          32|          10|
    |add_ln263_6_fu_465_p2     |         +|   0|  0|  39|          32|          10|
    |add_ln263_7_fu_489_p2     |         +|   0|  0|  39|          32|          10|
    |add_ln263_8_fu_513_p2     |         +|   0|  0|  39|          32|          10|
    |add_ln263_9_fu_537_p2     |         +|   0|  0|  39|          32|          10|
    |add_ln263_fu_359_p2       |         +|   0|  0|  39|          32|          10|
    |add_ln264_1_fu_589_p2     |         +|   0|  0|  32|          32|          32|
    |add_ln264_2_fu_593_p2     |         +|   0|  0|  32|          32|          32|
    |add_ln264_3_fu_623_p2     |         +|   0|  0|  32|          32|          32|
    |add_ln264_4_fu_599_p2     |         +|   0|  0|  32|          32|          32|
    |add_ln264_5_fu_604_p2     |         +|   0|  0|  32|          32|          32|
    |add_ln264_6_fu_608_p2     |         +|   0|  0|  32|          32|          32|
    |add_ln264_7_fu_613_p2     |         +|   0|  0|  32|          32|          32|
    |add_ln264_fu_619_p2       |         +|   0|  0|  39|          32|          32|
    |es_1_fu_628_p2            |         +|   0|  0|  32|          32|          32|
    |x_1_fu_374_p2             |         -|   0|  0|  39|          32|          32|
    |x_2_fu_399_p2             |         -|   0|  0|  39|          32|          32|
    |x_3_fu_403_p2             |         -|   0|  0|  39|          32|          32|
    |x_4_fu_407_p2             |         -|   0|  0|  39|          32|          32|
    |x_5_fu_431_p2             |         -|   0|  0|  39|          32|          32|
    |x_6_fu_455_p2             |         -|   0|  0|  39|          32|          32|
    |x_7_fu_479_p2             |         -|   0|  0|  39|          32|          32|
    |x_8_fu_503_p2             |         -|   0|  0|  39|          32|          32|
    |x_9_fu_527_p2             |         -|   0|  0|  39|          32|          32|
    |x_fu_349_p2               |         -|   0|  0|  39|          32|          32|
    |icmp_ln256_1_fu_243_p2    |      icmp|   0|  0|  39|          32|          32|
    |icmp_ln256_2_fu_257_p2    |      icmp|   0|  0|  39|          32|          32|
    |icmp_ln256_3_fu_271_p2    |      icmp|   0|  0|  39|          32|          32|
    |icmp_ln256_4_fu_283_p2    |      icmp|   0|  0|  39|          32|          32|
    |icmp_ln256_5_fu_297_p2    |      icmp|   0|  0|  39|          32|          32|
    |icmp_ln256_6_fu_309_p2    |      icmp|   0|  0|  39|          32|          32|
    |icmp_ln256_7_fu_323_p2    |      icmp|   0|  0|  39|          32|          32|
    |icmp_ln256_8_fu_335_p2    |      icmp|   0|  0|  39|          32|          32|
    |icmp_ln256_fu_232_p2      |      icmp|   0|  0|  39|          32|          32|
    |icmp_ln263_1_fu_378_p2    |      icmp|   0|  0|  39|          32|          11|
    |icmp_ln263_2_fu_551_p2    |      icmp|   0|  0|  39|          32|          11|
    |icmp_ln263_3_fu_570_p2    |      icmp|   0|  0|  39|          32|          11|
    |icmp_ln263_4_fu_411_p2    |      icmp|   0|  0|  39|          32|          11|
    |icmp_ln263_5_fu_435_p2    |      icmp|   0|  0|  39|          32|          11|
    |icmp_ln263_6_fu_459_p2    |      icmp|   0|  0|  39|          32|          11|
    |icmp_ln263_7_fu_483_p2    |      icmp|   0|  0|  39|          32|          11|
    |icmp_ln263_8_fu_507_p2    |      icmp|   0|  0|  39|          32|          11|
    |icmp_ln263_9_fu_531_p2    |      icmp|   0|  0|  39|          32|          11|
    |icmp_ln263_fu_353_p2      |      icmp|   0|  0|  39|          32|          11|
    |es_fu_365_p3              |    select|   0|  0|  32|           1|          32|
    |max_val_10_fu_315_p3      |    select|   0|  0|  32|           1|          32|
    |max_val_12_fu_328_p3      |    select|   0|  0|  32|           1|          32|
    |max_val_13_fu_341_p3      |    select|   0|  0|  32|           1|          32|
    |max_val_1_fu_238_p3       |    select|   0|  0|  32|           1|          32|
    |max_val_3_fu_249_p3       |    select|   0|  0|  32|           1|          32|
    |max_val_4_fu_263_p3       |    select|   0|  0|  32|           1|          32|
    |max_val_6_fu_276_p3       |    select|   0|  0|  32|           1|          32|
    |max_val_7_fu_289_p3       |    select|   0|  0|  32|           1|          32|
    |max_val_9_fu_302_p3       |    select|   0|  0|  32|           1|          32|
    |select_ln263_1_fu_561_p3  |    select|   0|  0|  32|           1|          32|
    |select_ln263_2_fu_580_p3  |    select|   0|  0|  32|           1|          32|
    |select_ln263_3_fu_423_p3  |    select|   0|  0|  32|           1|          32|
    |select_ln263_4_fu_447_p3  |    select|   0|  0|  32|           1|          32|
    |select_ln263_5_fu_471_p3  |    select|   0|  0|  32|           1|          32|
    |select_ln263_6_fu_495_p3  |    select|   0|  0|  32|           1|          32|
    |select_ln263_7_fu_519_p3  |    select|   0|  0|  32|           1|          32|
    |select_ln263_8_fu_543_p3  |    select|   0|  0|  32|           1|          32|
    |select_ln263_fu_390_p3    |    select|   0|  0|  32|           1|          32|
    +--------------------------+----------+----+---+----+------------+------------+
    |Total                     |          |   0|  0|2424|        1555|        1714|
    +--------------------------+----------+----+---+----+------------+------------+

    * Multiplexer: 
    +-----------------------+----+-----------+-----+-----------+
    |          Name         | LUT| Input Size| Bits| Total Bits|
    +-----------------------+----+-----------+-----+-----------+
    |ap_NS_fsm              |  65|         14|    1|         14|
    |ev_address0            |   9|          2|    4|          8|
    |ev_address0_local      |  31|          6|    4|         24|
    |ev_address1_local      |  31|          6|    4|         24|
    |ev_ce0                 |   9|          2|    1|          2|
    |ev_d0_local            |  31|          6|   32|        192|
    |ev_d1_local            |  31|          6|   32|        192|
    |logits_address0_local  |  31|          6|    4|         24|
    |logits_address1_local  |  31|          6|    4|         24|
    +-----------------------+----+-----------+-----+-----------+
    |Total                  | 269|         54|   86|        504|
    +-----------------------+----+-----------+-----+-----------+

    * Register: 
    +--------------------------------------------------+----+----+-----+-----------+
    |                       Name                       | FF | LUT| Bits| Const Bits|
    +--------------------------------------------------+----+----+-----+-----------+
    |add_ln264_2_reg_830                               |  32|   0|   32|          0|
    |add_ln264_7_reg_835                               |  32|   0|   32|          0|
    |ap_CS_fsm                                         |  13|   0|   13|          0|
    |es_1_reg_840                                      |  32|   0|   32|          0|
    |es_reg_772                                        |  32|   0|   32|          0|
    |grp_softmax_Pipeline_SM_NORM_fu_224_ap_start_reg  |   1|   0|    1|          0|
    |icmp_ln256_reg_655                                |   1|   0|    1|          0|
    |logits_load_2_reg_675                             |  32|   0|   32|          0|
    |logits_load_4_reg_701                             |  32|   0|   32|          0|
    |logits_load_6_reg_727                             |  32|   0|   32|          0|
    |logits_load_8_reg_753                             |  32|   0|   32|          0|
    |logits_load_reg_649                               |  32|   0|   32|          0|
    |max_val_10_reg_732                                |  32|   0|   32|          0|
    |max_val_11_reg_748                                |  32|   0|   32|          0|
    |max_val_13_reg_758                                |  32|   0|   32|          0|
    |max_val_2_reg_670                                 |  32|   0|   32|          0|
    |max_val_4_reg_680                                 |  32|   0|   32|          0|
    |max_val_5_reg_696                                 |  32|   0|   32|          0|
    |max_val_7_reg_706                                 |  32|   0|   32|          0|
    |max_val_8_reg_722                                 |  32|   0|   32|          0|
    |max_val_reg_643                                   |  32|   0|   32|          0|
    |select_ln263_3_reg_794                            |  32|   0|   32|          0|
    |select_ln263_4_reg_800                            |  32|   0|   32|          0|
    |select_ln263_5_reg_806                            |  32|   0|   32|          0|
    |select_ln263_6_reg_812                            |  32|   0|   32|          0|
    |select_ln263_7_reg_818                            |  32|   0|   32|          0|
    |select_ln263_8_reg_824                            |  32|   0|   32|          0|
    |select_ln263_reg_777                              |  32|   0|   32|          0|
    |x_2_reg_782                                       |  32|   0|   32|          0|
    |x_3_reg_788                                       |  32|   0|   32|          0|
    +--------------------------------------------------+----+----+-----+-----------+
    |Total                                             | 879|   0|  879|          0|
    +--------------------------------------------------+----+----+-----+-----------+



================================================================
== Interface
================================================================
* Summary: 
+-----------------+-----+-----+------------+--------------+--------------+
|    RTL Ports    | Dir | Bits|  Protocol  | Source Object|    C Type    |
+-----------------+-----+-----+------------+--------------+--------------+
|ap_clk           |   in|    1|  ap_ctrl_hs|       softmax|  return value|
|ap_rst           |   in|    1|  ap_ctrl_hs|       softmax|  return value|
|ap_start         |   in|    1|  ap_ctrl_hs|       softmax|  return value|
|ap_done          |  out|    1|  ap_ctrl_hs|       softmax|  return value|
|ap_idle          |  out|    1|  ap_ctrl_hs|       softmax|  return value|
|ap_ready         |  out|    1|  ap_ctrl_hs|       softmax|  return value|
|logits_address0  |  out|    4|   ap_memory|        logits|         array|
|logits_ce0       |  out|    1|   ap_memory|        logits|         array|
|logits_q0        |   in|   32|   ap_memory|        logits|         array|
|logits_address1  |  out|    4|   ap_memory|        logits|         array|
|logits_ce1       |  out|    1|   ap_memory|        logits|         array|
|logits_q1        |   in|   32|   ap_memory|        logits|         array|
|probs_address0   |  out|    4|   ap_memory|         probs|         array|
|probs_ce0        |  out|    1|   ap_memory|         probs|         array|
|probs_we0        |  out|    1|   ap_memory|         probs|         array|
|probs_d0         |  out|   16|   ap_memory|         probs|         array|
+-----------------+-----+-----+------------+--------------+--------------+

