
*** Running vivado
    with args -log design_1_axi_mem_intercon_imp_xbar_0.vds -m64 -product Vivado -mode batch -messageDb vivado.pb -notrace -source design_1_axi_mem_intercon_imp_xbar_0.tcl


****** Vivado v2025.2 (64-bit)
  **** SW Build 6299465 on Fri Nov 14 12:34:56 MST 2025
  **** IP Build 6300035 on Fri Nov 14 10:48:45 MST 2025
  **** SharedData Build 6298862 on Thu Nov 13 04:50:51 MST 2025
  **** Start of session at: Fri May  1 23:03:30 2026
    ** Copyright 1986-2022 Xilinx, Inc. All Rights Reserved.
    ** Copyright 2022-2025 Advanced Micro Devices, Inc. All Rights Reserved.

source design_1_axi_mem_intercon_imp_xbar_0.tcl -notrace
create_project: Time (s): cpu = 00:00:13 ; elapsed = 00:00:05 . Memory (MB): peak = 1626.094 ; gain = 75.055 ; free physical = 174 ; free virtual = 7826
INFO: [IP_Flow 19-234] Refreshing IP repositories
INFO: [IP_Flow 19-1700] Loaded user IP repository '/home/oldak/Binary-CNN-Accelerator/hls_kernel/hls_component/hls_component/hls/impl/ip'.
INFO: [IP_Flow 19-2313] Loaded Vivado IP repository '/home/oldak/chonky-boi/2025.2/data/ip'.
Command: synth_design -top design_1_axi_mem_intercon_imp_xbar_0 -part xc7z020clg400-1 -incremental_mode off -mode out_of_context
Starting synth_design
Attempting to get a license for feature 'Synthesis' and/or device 'xc7z020'
INFO: [Common 17-349] Got license for feature 'Synthesis' and/or device 'xc7z020'
INFO: [Device 21-403] Loading part xc7z020clg400-1
INFO: [Synth 8-7079] Multithreading enabled for synth_design using a maximum of 7 processes.
INFO: [Synth 8-7078] Launching helper process for spawning children vivado processes
INFO: [Synth 8-7075] Helper process launched with PID 28318
---------------------------------------------------------------------------------
Starting RTL Elaboration : Time (s): cpu = 00:00:07 ; elapsed = 00:00:08 . Memory (MB): peak = 2306.484 ; gain = 479.875 ; free physical = 165 ; free virtual = 5202
---------------------------------------------------------------------------------
INFO: [Synth 8-6157] synthesizing module 'design_1_axi_mem_intercon_imp_xbar_0' [/home/oldak/Binary-CNN-Accelerator/vivado_project/vivado_project.gen/sources_1/bd/design_1/ip/design_1_axi_mem_intercon_imp_xbar_0_2/synth/design_1_axi_mem_intercon_imp_xbar_0.v:53]
INFO: [Synth 8-6157] synthesizing module 'axi_crossbar_v2_1_38_axi_crossbar' [/home/oldak/Binary-CNN-Accelerator/vivado_project/vivado_project.gen/sources_1/bd/design_1/ipshared/f084/hdl/axi_crossbar_v2_1_vl_rfs.v:4871]
INFO: [Synth 8-6157] synthesizing module 'axi_crossbar_v2_1_38_crossbar' [/home/oldak/Binary-CNN-Accelerator/vivado_project/vivado_project.gen/sources_1/bd/design_1/ipshared/f084/hdl/axi_crossbar_v2_1_vl_rfs.v:2232]
INFO: [Synth 8-6157] synthesizing module 'axi_crossbar_v2_1_38_si_transactor' [/home/oldak/Binary-CNN-Accelerator/vivado_project/vivado_project.gen/sources_1/bd/design_1/ipshared/f084/hdl/axi_crossbar_v2_1_vl_rfs.v:3791]
INFO: [Synth 8-6157] synthesizing module 'axi_crossbar_v2_1_38_addr_decoder' [/home/oldak/Binary-CNN-Accelerator/vivado_project/vivado_project.gen/sources_1/bd/design_1/ipshared/f084/hdl/axi_crossbar_v2_1_vl_rfs.v:790]
INFO: [Synth 8-6155] done synthesizing module 'axi_crossbar_v2_1_38_addr_decoder' (0#1) [/home/oldak/Binary-CNN-Accelerator/vivado_project/vivado_project.gen/sources_1/bd/design_1/ipshared/f084/hdl/axi_crossbar_v2_1_vl_rfs.v:790]
INFO: [Synth 8-6157] synthesizing module 'axi_data_fifo_v2_1_36_axic_srl_fifo' [/home/oldak/Binary-CNN-Accelerator/vivado_project/vivado_project.gen/sources_1/bd/design_1/ipshared/fb46/hdl/axi_data_fifo_v2_1_vl_rfs.v:694]
INFO: [Synth 8-6157] synthesizing module 'axi_data_fifo_v2_1_36_ndeep_srl' [/home/oldak/Binary-CNN-Accelerator/vivado_project/vivado_project.gen/sources_1/bd/design_1/ipshared/fb46/hdl/axi_data_fifo_v2_1_vl_rfs.v:1129]
INFO: [Synth 8-6157] synthesizing module 'SRLC32E' [/home/oldak/chonky-boi/2025.2/Vivado/scripts/rt/data/unisim_comp.v:165484]
INFO: [Synth 8-6155] done synthesizing module 'SRLC32E' (0#1) [/home/oldak/chonky-boi/2025.2/Vivado/scripts/rt/data/unisim_comp.v:165484]
INFO: [Synth 8-6155] done synthesizing module 'axi_data_fifo_v2_1_36_ndeep_srl' (0#1) [/home/oldak/Binary-CNN-Accelerator/vivado_project/vivado_project.gen/sources_1/bd/design_1/ipshared/fb46/hdl/axi_data_fifo_v2_1_vl_rfs.v:1129]
INFO: [Synth 8-6155] done synthesizing module 'axi_data_fifo_v2_1_36_axic_srl_fifo' (0#1) [/home/oldak/Binary-CNN-Accelerator/vivado_project/vivado_project.gen/sources_1/bd/design_1/ipshared/fb46/hdl/axi_data_fifo_v2_1_vl_rfs.v:694]
INFO: [Synth 8-6157] synthesizing module 'generic_baseblocks_v2_1_2_mux_enc' [/home/oldak/Binary-CNN-Accelerator/vivado_project/vivado_project.gen/sources_1/bd/design_1/ipshared/0c28/hdl/generic_baseblocks_v2_1_vl_rfs.v:2436]
INFO: [Synth 8-6155] done synthesizing module 'generic_baseblocks_v2_1_2_mux_enc' (0#1) [/home/oldak/Binary-CNN-Accelerator/vivado_project/vivado_project.gen/sources_1/bd/design_1/ipshared/0c28/hdl/generic_baseblocks_v2_1_vl_rfs.v:2436]
INFO: [Synth 8-6155] done synthesizing module 'axi_crossbar_v2_1_38_si_transactor' (0#1) [/home/oldak/Binary-CNN-Accelerator/vivado_project/vivado_project.gen/sources_1/bd/design_1/ipshared/f084/hdl/axi_crossbar_v2_1_vl_rfs.v:3791]
INFO: [Synth 8-6157] synthesizing module 'axi_crossbar_v2_1_38_si_transactor__parameterized0' [/home/oldak/Binary-CNN-Accelerator/vivado_project/vivado_project.gen/sources_1/bd/design_1/ipshared/f084/hdl/axi_crossbar_v2_1_vl_rfs.v:3791]
INFO: [Synth 8-6157] synthesizing module 'generic_baseblocks_v2_1_2_mux_enc__parameterized0' [/home/oldak/Binary-CNN-Accelerator/vivado_project/vivado_project.gen/sources_1/bd/design_1/ipshared/0c28/hdl/generic_baseblocks_v2_1_vl_rfs.v:2436]
INFO: [Synth 8-6155] done synthesizing module 'generic_baseblocks_v2_1_2_mux_enc__parameterized0' (0#1) [/home/oldak/Binary-CNN-Accelerator/vivado_project/vivado_project.gen/sources_1/bd/design_1/ipshared/0c28/hdl/generic_baseblocks_v2_1_vl_rfs.v:2436]
INFO: [Synth 8-6155] done synthesizing module 'axi_crossbar_v2_1_38_si_transactor__parameterized0' (0#1) [/home/oldak/Binary-CNN-Accelerator/vivado_project/vivado_project.gen/sources_1/bd/design_1/ipshared/f084/hdl/axi_crossbar_v2_1_vl_rfs.v:3791]
INFO: [Synth 8-6157] synthesizing module 'axi_crossbar_v2_1_38_splitter' [/home/oldak/Binary-CNN-Accelerator/vivado_project/vivado_project.gen/sources_1/bd/design_1/ipshared/f084/hdl/axi_crossbar_v2_1_vl_rfs.v:4451]
INFO: [Synth 8-6155] done synthesizing module 'axi_crossbar_v2_1_38_splitter' (0#1) [/home/oldak/Binary-CNN-Accelerator/vivado_project/vivado_project.gen/sources_1/bd/design_1/ipshared/f084/hdl/axi_crossbar_v2_1_vl_rfs.v:4451]
INFO: [Synth 8-6157] synthesizing module 'axi_crossbar_v2_1_38_wdata_router' [/home/oldak/Binary-CNN-Accelerator/vivado_project/vivado_project.gen/sources_1/bd/design_1/ipshared/f084/hdl/axi_crossbar_v2_1_vl_rfs.v:4724]
INFO: [Synth 8-6157] synthesizing module 'axi_data_fifo_v2_1_36_axic_reg_srl_fifo' [/home/oldak/Binary-CNN-Accelerator/vivado_project/vivado_project.gen/sources_1/bd/design_1/ipshared/fb46/hdl/axi_data_fifo_v2_1_vl_rfs.v:884]
INFO: [Synth 8-6157] synthesizing module 'axi_data_fifo_v2_1_36_ndeep_srl__parameterized0' [/home/oldak/Binary-CNN-Accelerator/vivado_project/vivado_project.gen/sources_1/bd/design_1/ipshared/fb46/hdl/axi_data_fifo_v2_1_vl_rfs.v:1129]
INFO: [Synth 8-6155] done synthesizing module 'axi_data_fifo_v2_1_36_ndeep_srl__parameterized0' (0#1) [/home/oldak/Binary-CNN-Accelerator/vivado_project/vivado_project.gen/sources_1/bd/design_1/ipshared/fb46/hdl/axi_data_fifo_v2_1_vl_rfs.v:1129]
INFO: [Synth 8-155] case statement is not full and has no default [/home/oldak/Binary-CNN-Accelerator/vivado_project/vivado_project.gen/sources_1/bd/design_1/ipshared/fb46/hdl/axi_data_fifo_v2_1_vl_rfs.v:982]
INFO: [Synth 8-6155] done synthesizing module 'axi_data_fifo_v2_1_36_axic_reg_srl_fifo' (0#1) [/home/oldak/Binary-CNN-Accelerator/vivado_project/vivado_project.gen/sources_1/bd/design_1/ipshared/fb46/hdl/axi_data_fifo_v2_1_vl_rfs.v:884]
INFO: [Synth 8-6155] done synthesizing module 'axi_crossbar_v2_1_38_wdata_router' (0#1) [/home/oldak/Binary-CNN-Accelerator/vivado_project/vivado_project.gen/sources_1/bd/design_1/ipshared/f084/hdl/axi_crossbar_v2_1_vl_rfs.v:4724]
INFO: [Synth 8-6157] synthesizing module 'axi_crossbar_v2_1_38_addr_decoder__parameterized0' [/home/oldak/Binary-CNN-Accelerator/vivado_project/vivado_project.gen/sources_1/bd/design_1/ipshared/f084/hdl/axi_crossbar_v2_1_vl_rfs.v:790]
INFO: [Synth 8-6155] done synthesizing module 'axi_crossbar_v2_1_38_addr_decoder__parameterized0' (0#1) [/home/oldak/Binary-CNN-Accelerator/vivado_project/vivado_project.gen/sources_1/bd/design_1/ipshared/f084/hdl/axi_crossbar_v2_1_vl_rfs.v:790]
INFO: [Synth 8-6157] synthesizing module 'axi_crossbar_v2_1_38_addr_decoder__parameterized1' [/home/oldak/Binary-CNN-Accelerator/vivado_project/vivado_project.gen/sources_1/bd/design_1/ipshared/f084/hdl/axi_crossbar_v2_1_vl_rfs.v:790]
INFO: [Synth 8-6155] done synthesizing module 'axi_crossbar_v2_1_38_addr_decoder__parameterized1' (0#1) [/home/oldak/Binary-CNN-Accelerator/vivado_project/vivado_project.gen/sources_1/bd/design_1/ipshared/f084/hdl/axi_crossbar_v2_1_vl_rfs.v:790]
INFO: [Synth 8-6157] synthesizing module 'axi_data_fifo_v2_1_36_axic_srl_fifo__parameterized0' [/home/oldak/Binary-CNN-Accelerator/vivado_project/vivado_project.gen/sources_1/bd/design_1/ipshared/fb46/hdl/axi_data_fifo_v2_1_vl_rfs.v:694]
INFO: [Synth 8-6155] done synthesizing module 'axi_data_fifo_v2_1_36_axic_srl_fifo__parameterized0' (0#1) [/home/oldak/Binary-CNN-Accelerator/vivado_project/vivado_project.gen/sources_1/bd/design_1/ipshared/fb46/hdl/axi_data_fifo_v2_1_vl_rfs.v:694]
INFO: [Synth 8-6157] synthesizing module 'axi_crossbar_v2_1_38_wdata_mux' [/home/oldak/Binary-CNN-Accelerator/vivado_project/vivado_project.gen/sources_1/bd/design_1/ipshared/f084/hdl/axi_crossbar_v2_1_vl_rfs.v:4550]
INFO: [Synth 8-6157] synthesizing module 'axi_data_fifo_v2_1_36_axic_reg_srl_fifo__parameterized0' [/home/oldak/Binary-CNN-Accelerator/vivado_project/vivado_project.gen/sources_1/bd/design_1/ipshared/fb46/hdl/axi_data_fifo_v2_1_vl_rfs.v:884]
INFO: [Synth 8-155] case statement is not full and has no default [/home/oldak/Binary-CNN-Accelerator/vivado_project/vivado_project.gen/sources_1/bd/design_1/ipshared/fb46/hdl/axi_data_fifo_v2_1_vl_rfs.v:982]
INFO: [Synth 8-6155] done synthesizing module 'axi_data_fifo_v2_1_36_axic_reg_srl_fifo__parameterized0' (0#1) [/home/oldak/Binary-CNN-Accelerator/vivado_project/vivado_project.gen/sources_1/bd/design_1/ipshared/fb46/hdl/axi_data_fifo_v2_1_vl_rfs.v:884]
INFO: [Synth 8-6157] synthesizing module 'generic_baseblocks_v2_1_2_mux_enc__parameterized1' [/home/oldak/Binary-CNN-Accelerator/vivado_project/vivado_project.gen/sources_1/bd/design_1/ipshared/0c28/hdl/generic_baseblocks_v2_1_vl_rfs.v:2436]
INFO: [Synth 8-6155] done synthesizing module 'generic_baseblocks_v2_1_2_mux_enc__parameterized1' (0#1) [/home/oldak/Binary-CNN-Accelerator/vivado_project/vivado_project.gen/sources_1/bd/design_1/ipshared/0c28/hdl/generic_baseblocks_v2_1_vl_rfs.v:2436]
INFO: [Synth 8-6155] done synthesizing module 'axi_crossbar_v2_1_38_wdata_mux' (0#1) [/home/oldak/Binary-CNN-Accelerator/vivado_project/vivado_project.gen/sources_1/bd/design_1/ipshared/f084/hdl/axi_crossbar_v2_1_vl_rfs.v:4550]
INFO: [Synth 8-6157] synthesizing module 'axi_register_slice_v2_1_36_axi_register_slice' [/home/oldak/Binary-CNN-Accelerator/vivado_project/vivado_project.gen/sources_1/bd/design_1/ipshared/bc4b/hdl/axi_register_slice_v2_1_vl_rfs.v:3721]
INFO: [Synth 8-6157] synthesizing module 'axi_infrastructure_v1_1_0_axi2vector' [/home/oldak/Binary-CNN-Accelerator/vivado_project/vivado_project.gen/sources_1/bd/design_1/ipshared/ec67/hdl/axi_infrastructure_v1_1_vl_rfs.v:59]
INFO: [Synth 8-6155] done synthesizing module 'axi_infrastructure_v1_1_0_axi2vector' (0#1) [/home/oldak/Binary-CNN-Accelerator/vivado_project/vivado_project.gen/sources_1/bd/design_1/ipshared/ec67/hdl/axi_infrastructure_v1_1_vl_rfs.v:59]
INFO: [Synth 8-6157] synthesizing module 'axi_infrastructure_v1_1_0_vector2axi' [/home/oldak/Binary-CNN-Accelerator/vivado_project/vivado_project.gen/sources_1/bd/design_1/ipshared/ec67/hdl/axi_infrastructure_v1_1_vl_rfs.v:473]
INFO: [Synth 8-6155] done synthesizing module 'axi_infrastructure_v1_1_0_vector2axi' (0#1) [/home/oldak/Binary-CNN-Accelerator/vivado_project/vivado_project.gen/sources_1/bd/design_1/ipshared/ec67/hdl/axi_infrastructure_v1_1_vl_rfs.v:473]
INFO: [Synth 8-6157] synthesizing module 'axi_register_slice_v2_1_36_axic_register_slice' [/home/oldak/Binary-CNN-Accelerator/vivado_project/vivado_project.gen/sources_1/bd/design_1/ipshared/bc4b/hdl/axi_register_slice_v2_1_vl_rfs.v:1492]
INFO: [Synth 8-6155] done synthesizing module 'axi_register_slice_v2_1_36_axic_register_slice' (0#1) [/home/oldak/Binary-CNN-Accelerator/vivado_project/vivado_project.gen/sources_1/bd/design_1/ipshared/bc4b/hdl/axi_register_slice_v2_1_vl_rfs.v:1492]
INFO: [Synth 8-6157] synthesizing module 'axi_register_slice_v2_1_36_axic_register_slice__parameterized0' [/home/oldak/Binary-CNN-Accelerator/vivado_project/vivado_project.gen/sources_1/bd/design_1/ipshared/bc4b/hdl/axi_register_slice_v2_1_vl_rfs.v:1492]
INFO: [Synth 8-6155] done synthesizing module 'axi_register_slice_v2_1_36_axic_register_slice__parameterized0' (0#1) [/home/oldak/Binary-CNN-Accelerator/vivado_project/vivado_project.gen/sources_1/bd/design_1/ipshared/bc4b/hdl/axi_register_slice_v2_1_vl_rfs.v:1492]
INFO: [Synth 8-6157] synthesizing module 'axi_register_slice_v2_1_36_axic_register_slice__parameterized1' [/home/oldak/Binary-CNN-Accelerator/vivado_project/vivado_project.gen/sources_1/bd/design_1/ipshared/bc4b/hdl/axi_register_slice_v2_1_vl_rfs.v:1492]
INFO: [Synth 8-6155] done synthesizing module 'axi_register_slice_v2_1_36_axic_register_slice__parameterized1' (0#1) [/home/oldak/Binary-CNN-Accelerator/vivado_project/vivado_project.gen/sources_1/bd/design_1/ipshared/bc4b/hdl/axi_register_slice_v2_1_vl_rfs.v:1492]
INFO: [Synth 8-6157] synthesizing module 'axi_register_slice_v2_1_36_axic_register_slice__parameterized2' [/home/oldak/Binary-CNN-Accelerator/vivado_project/vivado_project.gen/sources_1/bd/design_1/ipshared/bc4b/hdl/axi_register_slice_v2_1_vl_rfs.v:1492]
INFO: [Synth 8-6155] done synthesizing module 'axi_register_slice_v2_1_36_axic_register_slice__parameterized2' (0#1) [/home/oldak/Binary-CNN-Accelerator/vivado_project/vivado_project.gen/sources_1/bd/design_1/ipshared/bc4b/hdl/axi_register_slice_v2_1_vl_rfs.v:1492]
INFO: [Synth 8-6155] done synthesizing module 'axi_register_slice_v2_1_36_axi_register_slice' (0#1) [/home/oldak/Binary-CNN-Accelerator/vivado_project/vivado_project.gen/sources_1/bd/design_1/ipshared/bc4b/hdl/axi_register_slice_v2_1_vl_rfs.v:3721]
INFO: [Synth 8-7071] port 'aclk2x' of module 'axi_register_slice_v2_1_36_axi_register_slice' is unconnected for instance 'reg_slice_mi' [/home/oldak/Binary-CNN-Accelerator/vivado_project/vivado_project.gen/sources_1/bd/design_1/ipshared/f084/hdl/axi_crossbar_v2_1_vl_rfs.v:3116]
INFO: [Synth 8-7023] instance 'reg_slice_mi' of module 'axi_register_slice_v2_1_36_axi_register_slice' has 93 connections declared, but only 92 given [/home/oldak/Binary-CNN-Accelerator/vivado_project/vivado_project.gen/sources_1/bd/design_1/ipshared/f084/hdl/axi_crossbar_v2_1_vl_rfs.v:3116]
INFO: [Synth 8-7071] port 'aclk2x' of module 'axi_register_slice_v2_1_36_axi_register_slice' is unconnected for instance 'reg_slice_mi' [/home/oldak/Binary-CNN-Accelerator/vivado_project/vivado_project.gen/sources_1/bd/design_1/ipshared/f084/hdl/axi_crossbar_v2_1_vl_rfs.v:3116]
INFO: [Synth 8-7023] instance 'reg_slice_mi' of module 'axi_register_slice_v2_1_36_axi_register_slice' has 93 connections declared, but only 92 given [/home/oldak/Binary-CNN-Accelerator/vivado_project/vivado_project.gen/sources_1/bd/design_1/ipshared/f084/hdl/axi_crossbar_v2_1_vl_rfs.v:3116]
INFO: [Synth 8-6157] synthesizing module 'axi_crossbar_v2_1_38_addr_decoder__parameterized2' [/home/oldak/Binary-CNN-Accelerator/vivado_project/vivado_project.gen/sources_1/bd/design_1/ipshared/f084/hdl/axi_crossbar_v2_1_vl_rfs.v:790]
INFO: [Synth 8-6155] done synthesizing module 'axi_crossbar_v2_1_38_addr_decoder__parameterized2' (0#1) [/home/oldak/Binary-CNN-Accelerator/vivado_project/vivado_project.gen/sources_1/bd/design_1/ipshared/f084/hdl/axi_crossbar_v2_1_vl_rfs.v:790]
INFO: [Synth 8-6157] synthesizing module 'axi_data_fifo_v2_1_36_axic_srl_fifo__parameterized1' [/home/oldak/Binary-CNN-Accelerator/vivado_project/vivado_project.gen/sources_1/bd/design_1/ipshared/fb46/hdl/axi_data_fifo_v2_1_vl_rfs.v:694]
INFO: [Synth 8-6157] synthesizing module 'axi_data_fifo_v2_1_36_ndeep_srl__parameterized1' [/home/oldak/Binary-CNN-Accelerator/vivado_project/vivado_project.gen/sources_1/bd/design_1/ipshared/fb46/hdl/axi_data_fifo_v2_1_vl_rfs.v:1129]
INFO: [Synth 8-6155] done synthesizing module 'axi_data_fifo_v2_1_36_ndeep_srl__parameterized1' (0#1) [/home/oldak/Binary-CNN-Accelerator/vivado_project/vivado_project.gen/sources_1/bd/design_1/ipshared/fb46/hdl/axi_data_fifo_v2_1_vl_rfs.v:1129]
INFO: [Synth 8-6155] done synthesizing module 'axi_data_fifo_v2_1_36_axic_srl_fifo__parameterized1' (0#1) [/home/oldak/Binary-CNN-Accelerator/vivado_project/vivado_project.gen/sources_1/bd/design_1/ipshared/fb46/hdl/axi_data_fifo_v2_1_vl_rfs.v:694]
INFO: [Synth 8-6157] synthesizing module 'axi_crossbar_v2_1_38_wdata_mux__parameterized0' [/home/oldak/Binary-CNN-Accelerator/vivado_project/vivado_project.gen/sources_1/bd/design_1/ipshared/f084/hdl/axi_crossbar_v2_1_vl_rfs.v:4550]
INFO: [Synth 8-6157] synthesizing module 'axi_data_fifo_v2_1_36_axic_reg_srl_fifo__parameterized1' [/home/oldak/Binary-CNN-Accelerator/vivado_project/vivado_project.gen/sources_1/bd/design_1/ipshared/fb46/hdl/axi_data_fifo_v2_1_vl_rfs.v:884]
INFO: [Synth 8-155] case statement is not full and has no default [/home/oldak/Binary-CNN-Accelerator/vivado_project/vivado_project.gen/sources_1/bd/design_1/ipshared/fb46/hdl/axi_data_fifo_v2_1_vl_rfs.v:982]
INFO: [Synth 8-6155] done synthesizing module 'axi_data_fifo_v2_1_36_axic_reg_srl_fifo__parameterized1' (0#1) [/home/oldak/Binary-CNN-Accelerator/vivado_project/vivado_project.gen/sources_1/bd/design_1/ipshared/fb46/hdl/axi_data_fifo_v2_1_vl_rfs.v:884]
INFO: [Synth 8-6155] done synthesizing module 'axi_crossbar_v2_1_38_wdata_mux__parameterized0' (0#1) [/home/oldak/Binary-CNN-Accelerator/vivado_project/vivado_project.gen/sources_1/bd/design_1/ipshared/f084/hdl/axi_crossbar_v2_1_vl_rfs.v:4550]
INFO: [Synth 8-7071] port 'aclk2x' of module 'axi_register_slice_v2_1_36_axi_register_slice' is unconnected for instance 'reg_slice_mi' [/home/oldak/Binary-CNN-Accelerator/vivado_project/vivado_project.gen/sources_1/bd/design_1/ipshared/f084/hdl/axi_crossbar_v2_1_vl_rfs.v:3116]
INFO: [Synth 8-7023] instance 'reg_slice_mi' of module 'axi_register_slice_v2_1_36_axi_register_slice' has 93 connections declared, but only 92 given [/home/oldak/Binary-CNN-Accelerator/vivado_project/vivado_project.gen/sources_1/bd/design_1/ipshared/f084/hdl/axi_crossbar_v2_1_vl_rfs.v:3116]
INFO: [Synth 8-6157] synthesizing module 'axi_crossbar_v2_1_38_decerr_slave' [/home/oldak/Binary-CNN-Accelerator/vivado_project/vivado_project.gen/sources_1/bd/design_1/ipshared/f084/hdl/axi_crossbar_v2_1_vl_rfs.v:3493]
INFO: [Synth 8-155] case statement is not full and has no default [/home/oldak/Binary-CNN-Accelerator/vivado_project/vivado_project.gen/sources_1/bd/design_1/ipshared/f084/hdl/axi_crossbar_v2_1_vl_rfs.v:3626]
INFO: [Synth 8-6155] done synthesizing module 'axi_crossbar_v2_1_38_decerr_slave' (0#1) [/home/oldak/Binary-CNN-Accelerator/vivado_project/vivado_project.gen/sources_1/bd/design_1/ipshared/f084/hdl/axi_crossbar_v2_1_vl_rfs.v:3493]
INFO: [Synth 8-6157] synthesizing module 'axi_crossbar_v2_1_38_addr_arbiter' [/home/oldak/Binary-CNN-Accelerator/vivado_project/vivado_project.gen/sources_1/bd/design_1/ipshared/f084/hdl/axi_crossbar_v2_1_vl_rfs.v:420]
INFO: [Synth 8-6157] synthesizing module 'generic_baseblocks_v2_1_2_mux_enc__parameterized2' [/home/oldak/Binary-CNN-Accelerator/vivado_project/vivado_project.gen/sources_1/bd/design_1/ipshared/0c28/hdl/generic_baseblocks_v2_1_vl_rfs.v:2436]
INFO: [Synth 8-6155] done synthesizing module 'generic_baseblocks_v2_1_2_mux_enc__parameterized2' (0#1) [/home/oldak/Binary-CNN-Accelerator/vivado_project/vivado_project.gen/sources_1/bd/design_1/ipshared/0c28/hdl/generic_baseblocks_v2_1_vl_rfs.v:2436]
INFO: [Synth 8-6157] synthesizing module 'generic_baseblocks_v2_1_2_mux_enc__parameterized3' [/home/oldak/Binary-CNN-Accelerator/vivado_project/vivado_project.gen/sources_1/bd/design_1/ipshared/0c28/hdl/generic_baseblocks_v2_1_vl_rfs.v:2436]
INFO: [Synth 8-6155] done synthesizing module 'generic_baseblocks_v2_1_2_mux_enc__parameterized3' (0#1) [/home/oldak/Binary-CNN-Accelerator/vivado_project/vivado_project.gen/sources_1/bd/design_1/ipshared/0c28/hdl/generic_baseblocks_v2_1_vl_rfs.v:2436]
INFO: [Synth 8-6155] done synthesizing module 'axi_crossbar_v2_1_38_addr_arbiter' (0#1) [/home/oldak/Binary-CNN-Accelerator/vivado_project/vivado_project.gen/sources_1/bd/design_1/ipshared/f084/hdl/axi_crossbar_v2_1_vl_rfs.v:420]
INFO: [Synth 8-6155] done synthesizing module 'axi_crossbar_v2_1_38_crossbar' (0#1) [/home/oldak/Binary-CNN-Accelerator/vivado_project/vivado_project.gen/sources_1/bd/design_1/ipshared/f084/hdl/axi_crossbar_v2_1_vl_rfs.v:2232]
INFO: [Synth 8-6155] done synthesizing module 'axi_crossbar_v2_1_38_axi_crossbar' (0#1) [/home/oldak/Binary-CNN-Accelerator/vivado_project/vivado_project.gen/sources_1/bd/design_1/ipshared/f084/hdl/axi_crossbar_v2_1_vl_rfs.v:4871]
INFO: [Synth 8-6155] done synthesizing module 'design_1_axi_mem_intercon_imp_xbar_0' (0#1) [/home/oldak/Binary-CNN-Accelerator/vivado_project/vivado_project.gen/sources_1/bd/design_1/ip/design_1_axi_mem_intercon_imp_xbar_0_2/synth/design_1_axi_mem_intercon_imp_xbar_0.v:53]
INFO: [Synth 8-6014] Unused sequential element areset_d1_reg was removed.  [/home/oldak/Binary-CNN-Accelerator/vivado_project/vivado_project.gen/sources_1/bd/design_1/ipshared/fb46/hdl/axi_data_fifo_v2_1_vl_rfs.v:747]
INFO: [Synth 8-6014] Unused sequential element S_READY_i_reg was removed.  [/home/oldak/Binary-CNN-Accelerator/vivado_project/vivado_project.gen/sources_1/bd/design_1/ipshared/fb46/hdl/axi_data_fifo_v2_1_vl_rfs.v:786]
INFO: [Synth 8-6014] Unused sequential element gen_single_thread.gen_debug_r_single_thread.debug_r_beat_cnt_i_reg was removed.  [/home/oldak/Binary-CNN-Accelerator/vivado_project/vivado_project.gen/sources_1/bd/design_1/ipshared/f084/hdl/axi_crossbar_v2_1_vl_rfs.v:4184]
INFO: [Synth 8-6014] Unused sequential element gen_single_thread.active_id_reg was removed.  [/home/oldak/Binary-CNN-Accelerator/vivado_project/vivado_project.gen/sources_1/bd/design_1/ipshared/f084/hdl/axi_crossbar_v2_1_vl_rfs.v:4142]
INFO: [Synth 8-6014] Unused sequential element gen_single_thread.gen_debug_r_single_thread.debug_r_beat_cnt_i_reg was removed.  [/home/oldak/Binary-CNN-Accelerator/vivado_project/vivado_project.gen/sources_1/bd/design_1/ipshared/f084/hdl/axi_crossbar_v2_1_vl_rfs.v:4184]
INFO: [Synth 8-6014] Unused sequential element gen_single_thread.active_id_reg was removed.  [/home/oldak/Binary-CNN-Accelerator/vivado_project/vivado_project.gen/sources_1/bd/design_1/ipshared/f084/hdl/axi_crossbar_v2_1_vl_rfs.v:4142]
INFO: [Synth 8-6014] Unused sequential element areset_d1_reg was removed.  [/home/oldak/Binary-CNN-Accelerator/vivado_project/vivado_project.gen/sources_1/bd/design_1/ipshared/fb46/hdl/axi_data_fifo_v2_1_vl_rfs.v:747]
INFO: [Synth 8-6014] Unused sequential element S_READY_i_reg was removed.  [/home/oldak/Binary-CNN-Accelerator/vivado_project/vivado_project.gen/sources_1/bd/design_1/ipshared/fb46/hdl/axi_data_fifo_v2_1_vl_rfs.v:786]
INFO: [Synth 8-6014] Unused sequential element s_ready_i_reg was removed.  [/home/oldak/Binary-CNN-Accelerator/vivado_project/vivado_project.gen/sources_1/bd/design_1/ipshared/fb46/hdl/axi_data_fifo_v2_1_vl_rfs.v:1034]
INFO: [Synth 8-6014] Unused sequential element areset_d1_reg was removed.  [/home/oldak/Binary-CNN-Accelerator/vivado_project/vivado_project.gen/sources_1/bd/design_1/ipshared/fb46/hdl/axi_data_fifo_v2_1_vl_rfs.v:747]
INFO: [Synth 8-6014] Unused sequential element S_READY_i_reg was removed.  [/home/oldak/Binary-CNN-Accelerator/vivado_project/vivado_project.gen/sources_1/bd/design_1/ipshared/fb46/hdl/axi_data_fifo_v2_1_vl_rfs.v:786]
INFO: [Synth 8-6014] Unused sequential element s_ready_i_reg was removed.  [/home/oldak/Binary-CNN-Accelerator/vivado_project/vivado_project.gen/sources_1/bd/design_1/ipshared/fb46/hdl/axi_data_fifo_v2_1_vl_rfs.v:1034]
INFO: [Synth 8-6014] Unused sequential element gen_master_slots[0].gen_mi_write.gen_debug_w.debug_w_beat_cnt_i_reg was removed.  [/home/oldak/Binary-CNN-Accelerator/vivado_project/vivado_project.gen/sources_1/bd/design_1/ipshared/f084/hdl/axi_crossbar_v2_1_vl_rfs.v:2991]
INFO: [Synth 8-6014] Unused sequential element gen_master_slots[1].gen_mi_write.gen_debug_w.debug_w_beat_cnt_i_reg was removed.  [/home/oldak/Binary-CNN-Accelerator/vivado_project/vivado_project.gen/sources_1/bd/design_1/ipshared/f084/hdl/axi_crossbar_v2_1_vl_rfs.v:2991]
INFO: [Synth 8-6014] Unused sequential element gen_master_slots[2].gen_mi_write.gen_debug_w.debug_w_beat_cnt_i_reg was removed.  [/home/oldak/Binary-CNN-Accelerator/vivado_project/vivado_project.gen/sources_1/bd/design_1/ipshared/f084/hdl/axi_crossbar_v2_1_vl_rfs.v:2991]
INFO: [Synth 8-7129] Port ACLK in module axi_register_slice_v2_1_36_axic_register_slice is either unconnected or has no load
INFO: [Synth 8-7129] Port ARESET in module axi_register_slice_v2_1_36_axic_register_slice is either unconnected or has no load
INFO: [Synth 8-7129] Port ACLK in module axi_register_slice_v2_1_36_axic_register_slice__parameterized0 is either unconnected or has no load
INFO: [Synth 8-7129] Port ARESET in module axi_register_slice_v2_1_36_axic_register_slice__parameterized0 is either unconnected or has no load
INFO: [Synth 8-7129] Port m_axi_buser[0] in module axi_infrastructure_v1_1_0_vector2axi is either unconnected or has no load
INFO: [Synth 8-7129] Port m_axi_ruser[0] in module axi_infrastructure_v1_1_0_vector2axi is either unconnected or has no load
INFO: [Synth 8-7129] Port s_axi_awuser[0] in module axi_infrastructure_v1_1_0_axi2vector is either unconnected or has no load
INFO: [Synth 8-7129] Port s_axi_wid[0] in module axi_infrastructure_v1_1_0_axi2vector is either unconnected or has no load
INFO: [Synth 8-7129] Port s_axi_wuser[0] in module axi_infrastructure_v1_1_0_axi2vector is either unconnected or has no load
INFO: [Synth 8-7129] Port s_axi_aruser[0] in module axi_infrastructure_v1_1_0_axi2vector is either unconnected or has no load
INFO: [Synth 8-7129] Port aclk2x in module axi_register_slice_v2_1_36_axi_register_slice is either unconnected or has no load
INFO: [Synth 8-7129] Port ADDR[31] in module axi_crossbar_v2_1_38_addr_decoder is either unconnected or has no load
INFO: [Synth 8-7129] Port ADDR[30] in module axi_crossbar_v2_1_38_addr_decoder is either unconnected or has no load
INFO: [Synth 8-7129] Port ADDR[29] in module axi_crossbar_v2_1_38_addr_decoder is either unconnected or has no load
INFO: [Synth 8-7129] Port ADDR[28] in module axi_crossbar_v2_1_38_addr_decoder is either unconnected or has no load
INFO: [Synth 8-7129] Port ADDR[27] in module axi_crossbar_v2_1_38_addr_decoder is either unconnected or has no load
INFO: [Synth 8-7129] Port ADDR[26] in module axi_crossbar_v2_1_38_addr_decoder is either unconnected or has no load
INFO: [Synth 8-7129] Port ADDR[25] in module axi_crossbar_v2_1_38_addr_decoder is either unconnected or has no load
INFO: [Synth 8-7129] Port ADDR[24] in module axi_crossbar_v2_1_38_addr_decoder is either unconnected or has no load
INFO: [Synth 8-7129] Port ADDR[23] in module axi_crossbar_v2_1_38_addr_decoder is either unconnected or has no load
INFO: [Synth 8-7129] Port ADDR[22] in module axi_crossbar_v2_1_38_addr_decoder is either unconnected or has no load
INFO: [Synth 8-7129] Port ADDR[21] in module axi_crossbar_v2_1_38_addr_decoder is either unconnected or has no load
INFO: [Synth 8-7129] Port ADDR[20] in module axi_crossbar_v2_1_38_addr_decoder is either unconnected or has no load
INFO: [Synth 8-7129] Port ADDR[19] in module axi_crossbar_v2_1_38_addr_decoder is either unconnected or has no load
INFO: [Synth 8-7129] Port ADDR[18] in module axi_crossbar_v2_1_38_addr_decoder is either unconnected or has no load
INFO: [Synth 8-7129] Port ADDR[17] in module axi_crossbar_v2_1_38_addr_decoder is either unconnected or has no load
INFO: [Synth 8-7129] Port ADDR[16] in module axi_crossbar_v2_1_38_addr_decoder is either unconnected or has no load
INFO: [Synth 8-7129] Port ADDR[15] in module axi_crossbar_v2_1_38_addr_decoder is either unconnected or has no load
INFO: [Synth 8-7129] Port ADDR[14] in module axi_crossbar_v2_1_38_addr_decoder is either unconnected or has no load
INFO: [Synth 8-7129] Port ADDR[13] in module axi_crossbar_v2_1_38_addr_decoder is either unconnected or has no load
INFO: [Synth 8-7129] Port ADDR[12] in module axi_crossbar_v2_1_38_addr_decoder is either unconnected or has no load
INFO: [Synth 8-7129] Port ADDR[11] in module axi_crossbar_v2_1_38_addr_decoder is either unconnected or has no load
INFO: [Synth 8-7129] Port ADDR[10] in module axi_crossbar_v2_1_38_addr_decoder is either unconnected or has no load
INFO: [Synth 8-7129] Port ADDR[9] in module axi_crossbar_v2_1_38_addr_decoder is either unconnected or has no load
INFO: [Synth 8-7129] Port ADDR[8] in module axi_crossbar_v2_1_38_addr_decoder is either unconnected or has no load
INFO: [Synth 8-7129] Port ADDR[7] in module axi_crossbar_v2_1_38_addr_decoder is either unconnected or has no load
INFO: [Synth 8-7129] Port ADDR[6] in module axi_crossbar_v2_1_38_addr_decoder is either unconnected or has no load
INFO: [Synth 8-7129] Port ADDR[5] in module axi_crossbar_v2_1_38_addr_decoder is either unconnected or has no load
INFO: [Synth 8-7129] Port ADDR[4] in module axi_crossbar_v2_1_38_addr_decoder is either unconnected or has no load
INFO: [Synth 8-7129] Port ADDR[3] in module axi_crossbar_v2_1_38_addr_decoder is either unconnected or has no load
INFO: [Synth 8-7129] Port ADDR[2] in module axi_crossbar_v2_1_38_addr_decoder is either unconnected or has no load
INFO: [Synth 8-7129] Port ADDR[1] in module axi_crossbar_v2_1_38_addr_decoder is either unconnected or has no load
INFO: [Synth 8-7129] Port ADDR[0] in module axi_crossbar_v2_1_38_addr_decoder is either unconnected or has no load
INFO: [Synth 8-7129] Port S_ABURST[1] in module axi_crossbar_v2_1_38_si_transactor__parameterized0 is either unconnected or has no load
INFO: [Synth 8-7129] Port S_ABURST[0] in module axi_crossbar_v2_1_38_si_transactor__parameterized0 is either unconnected or has no load
INFO: [Synth 8-7129] Port S_ABURST[1] in module axi_crossbar_v2_1_38_si_transactor is either unconnected or has no load
INFO: [Synth 8-7129] Port S_ABURST[0] in module axi_crossbar_v2_1_38_si_transactor is either unconnected or has no load
INFO: [Synth 8-7129] Port S_AXI_AWID[1] in module axi_crossbar_v2_1_38_crossbar is either unconnected or has no load
INFO: [Synth 8-7129] Port S_AXI_AWID[0] in module axi_crossbar_v2_1_38_crossbar is either unconnected or has no load
INFO: [Synth 8-7129] Port S_AXI_AWADDR[31] in module axi_crossbar_v2_1_38_crossbar is either unconnected or has no load
INFO: [Synth 8-7129] Port S_AXI_AWADDR[30] in module axi_crossbar_v2_1_38_crossbar is either unconnected or has no load
INFO: [Synth 8-7129] Port S_AXI_AWADDR[29] in module axi_crossbar_v2_1_38_crossbar is either unconnected or has no load
INFO: [Synth 8-7129] Port S_AXI_AWADDR[28] in module axi_crossbar_v2_1_38_crossbar is either unconnected or has no load
INFO: [Synth 8-7129] Port S_AXI_AWADDR[27] in module axi_crossbar_v2_1_38_crossbar is either unconnected or has no load
INFO: [Synth 8-7129] Port S_AXI_AWADDR[26] in module axi_crossbar_v2_1_38_crossbar is either unconnected or has no load
INFO: [Synth 8-7129] Port S_AXI_AWADDR[25] in module axi_crossbar_v2_1_38_crossbar is either unconnected or has no load
INFO: [Synth 8-7129] Port S_AXI_AWADDR[24] in module axi_crossbar_v2_1_38_crossbar is either unconnected or has no load
INFO: [Synth 8-7129] Port S_AXI_AWADDR[23] in module axi_crossbar_v2_1_38_crossbar is either unconnected or has no load
INFO: [Synth 8-7129] Port S_AXI_AWADDR[22] in module axi_crossbar_v2_1_38_crossbar is either unconnected or has no load
INFO: [Synth 8-7129] Port S_AXI_AWADDR[21] in module axi_crossbar_v2_1_38_crossbar is either unconnected or has no load
INFO: [Synth 8-7129] Port S_AXI_AWADDR[20] in module axi_crossbar_v2_1_38_crossbar is either unconnected or has no load
INFO: [Synth 8-7129] Port S_AXI_AWADDR[19] in module axi_crossbar_v2_1_38_crossbar is either unconnected or has no load
INFO: [Synth 8-7129] Port S_AXI_AWADDR[18] in module axi_crossbar_v2_1_38_crossbar is either unconnected or has no load
INFO: [Synth 8-7129] Port S_AXI_AWADDR[17] in module axi_crossbar_v2_1_38_crossbar is either unconnected or has no load
INFO: [Synth 8-7129] Port S_AXI_AWADDR[16] in module axi_crossbar_v2_1_38_crossbar is either unconnected or has no load
INFO: [Synth 8-7129] Port S_AXI_AWADDR[15] in module axi_crossbar_v2_1_38_crossbar is either unconnected or has no load
INFO: [Synth 8-7129] Port S_AXI_AWADDR[14] in module axi_crossbar_v2_1_38_crossbar is either unconnected or has no load
INFO: [Synth 8-7129] Port S_AXI_AWADDR[13] in module axi_crossbar_v2_1_38_crossbar is either unconnected or has no load
INFO: [Synth 8-7129] Port S_AXI_AWADDR[12] in module axi_crossbar_v2_1_38_crossbar is either unconnected or has no load
INFO: [Synth 8-7129] Port S_AXI_AWADDR[11] in module axi_crossbar_v2_1_38_crossbar is either unconnected or has no load
INFO: [Synth 8-7129] Port S_AXI_AWADDR[10] in module axi_crossbar_v2_1_38_crossbar is either unconnected or has no load
INFO: [Synth 8-7129] Port S_AXI_AWADDR[9] in module axi_crossbar_v2_1_38_crossbar is either unconnected or has no load
INFO: [Synth 8-7129] Port S_AXI_AWADDR[8] in module axi_crossbar_v2_1_38_crossbar is either unconnected or has no load
INFO: [Synth 8-7129] Port S_AXI_AWADDR[7] in module axi_crossbar_v2_1_38_crossbar is either unconnected or has no load
INFO: [Synth 8-7129] Port S_AXI_AWADDR[6] in module axi_crossbar_v2_1_38_crossbar is either unconnected or has no load
INFO: [Synth 8-7129] Port S_AXI_AWADDR[5] in module axi_crossbar_v2_1_38_crossbar is either unconnected or has no load
INFO: [Synth 8-7129] Port S_AXI_AWADDR[4] in module axi_crossbar_v2_1_38_crossbar is either unconnected or has no load
INFO: [Synth 8-7129] Port S_AXI_AWADDR[3] in module axi_crossbar_v2_1_38_crossbar is either unconnected or has no load
INFO: [Synth 8-7129] Port S_AXI_AWADDR[2] in module axi_crossbar_v2_1_38_crossbar is either unconnected or has no load
INFO: [Synth 8-7129] Port S_AXI_AWADDR[1] in module axi_crossbar_v2_1_38_crossbar is either unconnected or has no load
INFO: [Synth 8-7129] Port S_AXI_AWADDR[0] in module axi_crossbar_v2_1_38_crossbar is either unconnected or has no load
INFO: [Synth 8-7129] Port S_AXI_AWLEN[7] in module axi_crossbar_v2_1_38_crossbar is either unconnected or has no load
INFO: [Synth 8-7129] Port S_AXI_AWLEN[6] in module axi_crossbar_v2_1_38_crossbar is either unconnected or has no load
INFO: [Synth 8-7129] Port S_AXI_AWLEN[5] in module axi_crossbar_v2_1_38_crossbar is either unconnected or has no load
INFO: [Synth 8-7129] Port S_AXI_AWLEN[4] in module axi_crossbar_v2_1_38_crossbar is either unconnected or has no load
INFO: [Synth 8-7129] Port S_AXI_AWLEN[3] in module axi_crossbar_v2_1_38_crossbar is either unconnected or has no load
INFO: [Synth 8-7129] Port S_AXI_AWLEN[2] in module axi_crossbar_v2_1_38_crossbar is either unconnected or has no load
INFO: [Synth 8-7129] Port S_AXI_AWLEN[1] in module axi_crossbar_v2_1_38_crossbar is either unconnected or has no load
INFO: [Synth 8-7129] Port S_AXI_AWLEN[0] in module axi_crossbar_v2_1_38_crossbar is either unconnected or has no load
INFO: [Synth 8-7129] Port S_AXI_AWSIZE[2] in module axi_crossbar_v2_1_38_crossbar is either unconnected or has no load
INFO: [Synth 8-7129] Port S_AXI_AWSIZE[1] in module axi_crossbar_v2_1_38_crossbar is either unconnected or has no load
INFO: [Synth 8-7129] Port S_AXI_AWSIZE[0] in module axi_crossbar_v2_1_38_crossbar is either unconnected or has no load
INFO: [Synth 8-7129] Port S_AXI_AWBURST[1] in module axi_crossbar_v2_1_38_crossbar is either unconnected or has no load
INFO: [Synth 8-7129] Port S_AXI_AWBURST[0] in module axi_crossbar_v2_1_38_crossbar is either unconnected or has no load
INFO: [Synth 8-7129] Port S_AXI_AWLOCK[1] in module axi_crossbar_v2_1_38_crossbar is either unconnected or has no load
INFO: [Synth 8-7129] Port S_AXI_AWLOCK[0] in module axi_crossbar_v2_1_38_crossbar is either unconnected or has no load
INFO: [Synth 8-7129] Port S_AXI_AWCACHE[3] in module axi_crossbar_v2_1_38_crossbar is either unconnected or has no load
INFO: [Synth 8-7129] Port S_AXI_AWCACHE[2] in module axi_crossbar_v2_1_38_crossbar is either unconnected or has no load
INFO: [Synth 8-7129] Port S_AXI_AWCACHE[1] in module axi_crossbar_v2_1_38_crossbar is either unconnected or has no load
INFO: [Synth 8-7129] Port S_AXI_AWCACHE[0] in module axi_crossbar_v2_1_38_crossbar is either unconnected or has no load
INFO: [Common 17-14] Message 'Synth 8-7129' appears 100 times and further instances of the messages will be disabled. Use the Tcl command set_msg_config to change the current settings.
---------------------------------------------------------------------------------
Finished RTL Elaboration : Time (s): cpu = 00:00:12 ; elapsed = 00:00:13 . Memory (MB): peak = 2524.422 ; gain = 697.812 ; free physical = 197 ; free virtual = 4779
---------------------------------------------------------------------------------
---------------------------------------------------------------------------------
Start Handling Custom Attributes
---------------------------------------------------------------------------------
---------------------------------------------------------------------------------
Finished Handling Custom Attributes : Time (s): cpu = 00:00:12 ; elapsed = 00:00:13 . Memory (MB): peak = 2524.422 ; gain = 697.812 ; free physical = 260 ; free virtual = 4842
---------------------------------------------------------------------------------
---------------------------------------------------------------------------------
Finished RTL Optimization Phase 1 : Time (s): cpu = 00:00:12 ; elapsed = 00:00:13 . Memory (MB): peak = 2524.422 ; gain = 697.812 ; free physical = 260 ; free virtual = 4842
---------------------------------------------------------------------------------
Netlist sorting complete. Time (s): cpu = 00:00:00.06 ; elapsed = 00:00:00.06 . Memory (MB): peak = 2524.422 ; gain = 0.000 ; free physical = 260 ; free virtual = 4842
INFO: [Project 1-570] Preparing netlist for logic optimization

Processing XDC Constraints
Initializing timing engine
Parsing XDC File [/home/oldak/Binary-CNN-Accelerator/vivado_project/vivado_project.gen/sources_1/bd/design_1/ip/design_1_axi_mem_intercon_imp_xbar_0_2/design_1_axi_mem_intercon_imp_xbar_0_ooc.xdc] for cell 'inst'
Finished Parsing XDC File [/home/oldak/Binary-CNN-Accelerator/vivado_project/vivado_project.gen/sources_1/bd/design_1/ip/design_1_axi_mem_intercon_imp_xbar_0_2/design_1_axi_mem_intercon_imp_xbar_0_ooc.xdc] for cell 'inst'
Parsing XDC File [/home/oldak/Binary-CNN-Accelerator/vivado_project/vivado_project.runs/design_1_axi_mem_intercon_imp_xbar_0_synth_1/dont_touch.xdc]
Finished Parsing XDC File [/home/oldak/Binary-CNN-Accelerator/vivado_project/vivado_project.runs/design_1_axi_mem_intercon_imp_xbar_0_synth_1/dont_touch.xdc]
Completed Processing XDC Constraints

Netlist sorting complete. Time (s): cpu = 00:00:00 ; elapsed = 00:00:00 . Memory (MB): peak = 2580.980 ; gain = 0.000 ; free physical = 254 ; free virtual = 4836
INFO: [Project 1-111] Unisim Transformation Summary:
No Unisim elements were transformed.

Constraint Validation Runtime : Time (s): cpu = 00:00:00.07 ; elapsed = 00:00:00.05 . Memory (MB): peak = 2581.016 ; gain = 0.000 ; free physical = 254 ; free virtual = 4835
INFO: [Designutils 20-5008] Incremental synthesis strategy off
---------------------------------------------------------------------------------
Finished Constraint Validation : Time (s): cpu = 00:00:20 ; elapsed = 00:00:21 . Memory (MB): peak = 2581.016 ; gain = 754.406 ; free physical = 252 ; free virtual = 4844
---------------------------------------------------------------------------------
---------------------------------------------------------------------------------
Start Loading Part and Timing Information
---------------------------------------------------------------------------------
Loading part: xc7z020clg400-1
---------------------------------------------------------------------------------
Finished Loading Part and Timing Information : Time (s): cpu = 00:00:20 ; elapsed = 00:00:21 . Memory (MB): peak = 2588.984 ; gain = 762.375 ; free physical = 252 ; free virtual = 4844
---------------------------------------------------------------------------------
---------------------------------------------------------------------------------
Start Applying 'set_property' XDC Constraints
---------------------------------------------------------------------------------
---------------------------------------------------------------------------------
Finished applying 'set_property' XDC Constraints : Time (s): cpu = 00:00:20 ; elapsed = 00:00:21 . Memory (MB): peak = 2588.984 ; gain = 762.375 ; free physical = 252 ; free virtual = 4844
---------------------------------------------------------------------------------
INFO: [Synth 8-802] inferred FSM for state register 'state_reg' in module 'axi_data_fifo_v2_1_36_axic_reg_srl_fifo'
INFO: [Synth 8-802] inferred FSM for state register 'state_reg' in module 'axi_data_fifo_v2_1_36_axic_reg_srl_fifo__parameterized0'
INFO: [Synth 8-802] inferred FSM for state register 'state_reg' in module 'axi_data_fifo_v2_1_36_axic_reg_srl_fifo__parameterized1'
INFO: [Synth 8-802] inferred FSM for state register 'gen_axi.write_cs_reg' in module 'axi_crossbar_v2_1_38_decerr_slave'
---------------------------------------------------------------------------------------------------
                   State |                     New Encoding |                Previous Encoding 
---------------------------------------------------------------------------------------------------
                    ZERO |                              100 |                               10
                     ONE |                              010 |                               11
                     TWO |                              001 |                               01
---------------------------------------------------------------------------------------------------
INFO: [Synth 8-3354] encoded FSM with state register 'state_reg' using encoding 'one-hot' in module 'axi_data_fifo_v2_1_36_axic_reg_srl_fifo'
---------------------------------------------------------------------------------------------------
                   State |                     New Encoding |                Previous Encoding 
---------------------------------------------------------------------------------------------------
                    ZERO |                              100 |                               10
                     ONE |                              010 |                               11
                     TWO |                              001 |                               01
---------------------------------------------------------------------------------------------------
INFO: [Synth 8-3354] encoded FSM with state register 'state_reg' using encoding 'one-hot' in module 'axi_data_fifo_v2_1_36_axic_reg_srl_fifo__parameterized0'
---------------------------------------------------------------------------------------------------
                   State |                     New Encoding |                Previous Encoding 
---------------------------------------------------------------------------------------------------
                    ZERO |                              100 |                               10
                     ONE |                              010 |                               11
                     TWO |                              001 |                               01
---------------------------------------------------------------------------------------------------
INFO: [Synth 8-3354] encoded FSM with state register 'state_reg' using encoding 'one-hot' in module 'axi_data_fifo_v2_1_36_axic_reg_srl_fifo__parameterized1'
---------------------------------------------------------------------------------------------------
                   State |                     New Encoding |                Previous Encoding 
---------------------------------------------------------------------------------------------------
            P_WRITE_IDLE |                              001 |                               00
            P_WRITE_DATA |                              010 |                               01
            P_WRITE_RESP |                              100 |                               10
---------------------------------------------------------------------------------------------------
INFO: [Synth 8-3354] encoded FSM with state register 'gen_axi.write_cs_reg' using encoding 'one-hot' in module 'axi_crossbar_v2_1_38_decerr_slave'
---------------------------------------------------------------------------------
Finished RTL Optimization Phase 2 : Time (s): cpu = 00:00:21 ; elapsed = 00:00:22 . Memory (MB): peak = 2588.984 ; gain = 762.375 ; free physical = 242 ; free virtual = 4837
---------------------------------------------------------------------------------
---------------------------------------------------------------------------------
Start RTL Component Statistics 
---------------------------------------------------------------------------------
Detailed RTL Component Info : 
+---Adders : 
	   2 Input    8 Bit       Adders := 3     
	   2 Input    5 Bit       Adders := 8     
	   2 Input    4 Bit       Adders := 5     
	   2 Input    2 Bit       Adders := 3     
	   2 Input    1 Bit       Adders := 2     
+---XORs : 
	   2 Input      1 Bit         XORs := 9     
+---Registers : 
	               68 Bit    Registers := 6     
	               64 Bit    Registers := 2     
	                8 Bit    Registers := 9     
	                5 Bit    Registers := 4     
	                4 Bit    Registers := 7     
	                3 Bit    Registers := 7     
	                2 Bit    Registers := 21    
	                1 Bit    Registers := 44    
+---Muxes : 
	   2 Input   68 Bit        Muxes := 6     
	   2 Input    8 Bit        Muxes := 1     
	   2 Input    5 Bit        Muxes := 4     
	   2 Input    3 Bit        Muxes := 14    
	   3 Input    3 Bit        Muxes := 4     
	   2 Input    2 Bit        Muxes := 24    
	   2 Input    1 Bit        Muxes := 56    
	   3 Input    1 Bit        Muxes := 20    
---------------------------------------------------------------------------------
Finished RTL Component Statistics 
---------------------------------------------------------------------------------
---------------------------------------------------------------------------------
Start Part Resource Summary
---------------------------------------------------------------------------------
Part Resources:
DSPs: 220 (col length:60)
BRAMs: 280 (col length: RAMB18 60 RAMB36 30)
---------------------------------------------------------------------------------
Finished Part Resource Summary
---------------------------------------------------------------------------------
---------------------------------------------------------------------------------
Start Cross Boundary and Area Optimization
---------------------------------------------------------------------------------
INFO: [Synth 8-3332] Sequential element (gen_samd.crossbar_samd/gen_master_slots[0].gen_mi_write.wdata_mux_w/gen_wmux.wmux_aw_fifo/FSM_onehot_state_reg[1]) is unused and will be removed from module axi_crossbar_v2_1_38_axi_crossbar.
INFO: [Synth 8-3332] Sequential element (gen_samd.crossbar_samd/gen_master_slots[1].gen_mi_write.wdata_mux_w/gen_wmux.wmux_aw_fifo/FSM_onehot_state_reg[1]) is unused and will be removed from module axi_crossbar_v2_1_38_axi_crossbar.
INFO: [Synth 8-3332] Sequential element (gen_samd.crossbar_samd/gen_master_slots[1].gen_mi_write.wdata_mux_w/gen_wmux.wmux_aw_fifo/FSM_onehot_state_reg[2]) is unused and will be removed from module axi_crossbar_v2_1_38_axi_crossbar.
INFO: [Synth 8-3332] Sequential element (gen_samd.crossbar_samd/gen_master_slots[0].gen_mi_write.wdata_mux_w/gen_wmux.wmux_aw_fifo/FSM_onehot_state_reg[0]) is unused and will be removed from module axi_crossbar_v2_1_38_axi_crossbar.
---------------------------------------------------------------------------------
Finished Cross Boundary and Area Optimization : Time (s): cpu = 00:00:24 ; elapsed = 00:00:25 . Memory (MB): peak = 2588.984 ; gain = 762.375 ; free physical = 188 ; free virtual = 4540
---------------------------------------------------------------------------------
---------------------------------------------------------------------------------
Start Applying XDC Timing Constraints
---------------------------------------------------------------------------------
---------------------------------------------------------------------------------
Finished Applying XDC Timing Constraints : Time (s): cpu = 00:00:29 ; elapsed = 00:00:30 . Memory (MB): peak = 2590.984 ; gain = 764.375 ; free physical = 331 ; free virtual = 4536
---------------------------------------------------------------------------------
---------------------------------------------------------------------------------
Start Timing Optimization
---------------------------------------------------------------------------------
---------------------------------------------------------------------------------
Finished Timing Optimization : Time (s): cpu = 00:00:30 ; elapsed = 00:00:31 . Memory (MB): peak = 2632.031 ; gain = 805.422 ; free physical = 253 ; free virtual = 4467
---------------------------------------------------------------------------------
---------------------------------------------------------------------------------
Start Technology Mapping
---------------------------------------------------------------------------------
---------------------------------------------------------------------------------
Finished Technology Mapping : Time (s): cpu = 00:00:30 ; elapsed = 00:00:31 . Memory (MB): peak = 2633.039 ; gain = 806.430 ; free physical = 251 ; free virtual = 4465
---------------------------------------------------------------------------------
---------------------------------------------------------------------------------
Start IO Insertion
---------------------------------------------------------------------------------
---------------------------------------------------------------------------------
Start Flattening Before IO Insertion
---------------------------------------------------------------------------------
---------------------------------------------------------------------------------
Finished Flattening Before IO Insertion
---------------------------------------------------------------------------------
---------------------------------------------------------------------------------
Start Final Netlist Cleanup
---------------------------------------------------------------------------------
---------------------------------------------------------------------------------
Finished Final Netlist Cleanup
---------------------------------------------------------------------------------
---------------------------------------------------------------------------------
Finished IO Insertion : Time (s): cpu = 00:00:34 ; elapsed = 00:00:36 . Memory (MB): peak = 2794.852 ; gain = 968.242 ; free physical = 1698 ; free virtual = 5986
---------------------------------------------------------------------------------
---------------------------------------------------------------------------------
Start Renaming Generated Instances
---------------------------------------------------------------------------------
---------------------------------------------------------------------------------
Finished Renaming Generated Instances : Time (s): cpu = 00:00:34 ; elapsed = 00:00:36 . Memory (MB): peak = 2794.852 ; gain = 968.242 ; free physical = 1698 ; free virtual = 5986
---------------------------------------------------------------------------------
---------------------------------------------------------------------------------
Start Rebuilding User Hierarchy
---------------------------------------------------------------------------------
---------------------------------------------------------------------------------
Finished Rebuilding User Hierarchy : Time (s): cpu = 00:00:34 ; elapsed = 00:00:36 . Memory (MB): peak = 2794.852 ; gain = 968.242 ; free physical = 1693 ; free virtual = 5982
---------------------------------------------------------------------------------
---------------------------------------------------------------------------------
Start Renaming Generated Ports
---------------------------------------------------------------------------------
---------------------------------------------------------------------------------
Finished Renaming Generated Ports : Time (s): cpu = 00:00:34 ; elapsed = 00:00:36 . Memory (MB): peak = 2794.852 ; gain = 968.242 ; free physical = 1692 ; free virtual = 5981
---------------------------------------------------------------------------------
---------------------------------------------------------------------------------
Start Handling Custom Attributes
---------------------------------------------------------------------------------
---------------------------------------------------------------------------------
Finished Handling Custom Attributes : Time (s): cpu = 00:00:35 ; elapsed = 00:00:36 . Memory (MB): peak = 2794.852 ; gain = 968.242 ; free physical = 1692 ; free virtual = 5980
---------------------------------------------------------------------------------
---------------------------------------------------------------------------------
Start Renaming Generated Nets
---------------------------------------------------------------------------------
---------------------------------------------------------------------------------
Finished Renaming Generated Nets : Time (s): cpu = 00:00:35 ; elapsed = 00:00:36 . Memory (MB): peak = 2794.852 ; gain = 968.242 ; free physical = 1691 ; free virtual = 5980
---------------------------------------------------------------------------------
---------------------------------------------------------------------------------
Start Writing Synthesis Report
---------------------------------------------------------------------------------

Report BlackBoxes: 
+-+--------------+----------+
| |BlackBox name |Instances |
+-+--------------+----------+
+-+--------------+----------+

Report Cell Usage: 
+------+--------+------+
|      |Cell    |Count |
+------+--------+------+
|1     |LUT1    |     6|
|2     |LUT2    |   136|
|3     |LUT3    |    94|
|4     |LUT4    |    29|
|5     |LUT5    |    26|
|6     |LUT6    |    44|
|7     |SRLC32E |     3|
|8     |FDRE    |   325|
|9     |FDSE    |    14|
+------+--------+------+
---------------------------------------------------------------------------------
Finished Writing Synthesis Report : Time (s): cpu = 00:00:35 ; elapsed = 00:00:36 . Memory (MB): peak = 2794.852 ; gain = 968.242 ; free physical = 1690 ; free virtual = 5979
---------------------------------------------------------------------------------
Synthesis finished with 0 errors, 0 critical warnings and 0 warnings.
Synthesis Optimization Runtime : Time (s): cpu = 00:00:32 ; elapsed = 00:00:33 . Memory (MB): peak = 2794.852 ; gain = 911.648 ; free physical = 1678 ; free virtual = 5966
Synthesis Optimization Complete : Time (s): cpu = 00:00:35 ; elapsed = 00:00:36 . Memory (MB): peak = 2794.859 ; gain = 968.242 ; free physical = 1678 ; free virtual = 5966
INFO: [Project 1-571] Translating synthesized netlist
Netlist sorting complete. Time (s): cpu = 00:00:00.02 ; elapsed = 00:00:00.02 . Memory (MB): peak = 2794.859 ; gain = 0.000 ; free physical = 1670 ; free virtual = 5958
INFO: [Project 1-570] Preparing netlist for logic optimization
INFO: [Opt 31-138] Pushed 0 inverter(s) to 0 load pin(s).
Netlist sorting complete. Time (s): cpu = 00:00:00 ; elapsed = 00:00:00 . Memory (MB): peak = 2850.879 ; gain = 0.000 ; free physical = 1755 ; free virtual = 6143
INFO: [Project 1-111] Unisim Transformation Summary:
No Unisim elements were transformed.

Synth Design complete | Checksum: 8a161fc2
INFO: [Common 17-83] Releasing license: Synthesis
228 Infos, 0 Warnings, 0 Critical Warnings and 0 Errors encountered.
synth_design completed successfully
synth_design: Time (s): cpu = 00:00:44 ; elapsed = 00:00:41 . Memory (MB): peak = 2850.914 ; gain = 1224.820 ; free physical = 1736 ; free virtual = 6132
INFO: [Common 17-2834] synth_design peak Physical Memory [PSS] (MB): overall = 1758.331; main = 1758.331; forked = 212.562
INFO: [Common 17-2834] synth_design peak Virtual Memory [VSS] (MB): overall = 3583.012; main = 2850.883; forked = 994.023
Write ShapeDB Complete: Time (s): cpu = 00:00:00 ; elapsed = 00:00:00 . Memory (MB): peak = 2874.891 ; gain = 0.000 ; free physical = 1736 ; free virtual = 6132
INFO: [Common 17-1381] The checkpoint '/home/oldak/Binary-CNN-Accelerator/vivado_project/vivado_project.runs/design_1_axi_mem_intercon_imp_xbar_0_synth_1/design_1_axi_mem_intercon_imp_xbar_0.dcp' has been generated.
INFO: [Coretcl 2-1648] Added synthesis output to IP cache for IP design_1_axi_mem_intercon_imp_xbar_0, cache-ID = 9c0537a1195737b6
INFO: [Coretcl 2-1174] Renamed 25 cell refs.
Write ShapeDB Complete: Time (s): cpu = 00:00:00 ; elapsed = 00:00:00 . Memory (MB): peak = 2874.891 ; gain = 0.000 ; free physical = 1733 ; free virtual = 6116
INFO: [Common 17-1381] The checkpoint '/home/oldak/Binary-CNN-Accelerator/vivado_project/vivado_project.runs/design_1_axi_mem_intercon_imp_xbar_0_synth_1/design_1_axi_mem_intercon_imp_xbar_0.dcp' has been generated.
INFO: [Vivado 12-24828] Executing command : report_utilization -file design_1_axi_mem_intercon_imp_xbar_0_utilization_synth.rpt -pb design_1_axi_mem_intercon_imp_xbar_0_utilization_synth.pb
INFO: [Common 17-206] Exiting Vivado at Fri May  1 23:04:22 2026...
