INFO: [SIM 2] *************** CSIM start ***************
make: 'csim.exe' is up to date.
Building input stream...
Input stream: 112851 packets
Running DUT...
DUT done. Output stream: 5 packets

Class  DUT     REF
-----  ------  ------
  0    6553    6553
  1    6553    6553
  2    6553    6553
  3    6553    6553
  4    6553    6553
  5    6553    6553
  6    6553    6553
  7    6553    6553
  8    6553    6553
  9    6553    6553

Prob sum = 65530  (expected 65530–65535)

PASS — 0 error(s)
INFO [HLS SIM]: The maximum depth reached by any hls::stream() instance in the design is 112851
INFO: [SIM 1] CSim done with 0 errors.
INFO: [SIM 3] *************** CSIM finish ***************
