
*** Running vivado
    with args -log cnn_accel_wrapper.vds -m64 -product Vivado -mode batch -messageDb vivado.pb -notrace -source cnn_accel_wrapper.tcl


****** Vivado v2025.2 (64-bit)
  **** SW Build 6299465 on Fri Nov 14 12:34:56 MST 2025
  **** IP Build 6300035 on Fri Nov 14 10:48:45 MST 2025
  **** SharedData Build 6298862 on Thu Nov 13 04:50:51 MST 2025
  **** Start of session at: Sat May  2 00:23:45 2026
    ** Copyright 1986-2022 Xilinx, Inc. All Rights Reserved.
    ** Copyright 2022-2025 Advanced Micro Devices, Inc. All Rights Reserved.

source cnn_accel_wrapper.tcl -notrace
INFO: [IP_Flow 19-234] Refreshing IP repositories
INFO: [IP_Flow 19-1700] Loaded user IP repository '/home/oldak/Binary-CNN-Accelerator/hls_kernel/hls_component/hls_component/hls/impl/ip'.
INFO: [IP_Flow 19-2313] Loaded Vivado IP repository '/home/oldak/chonky-boi/2025.2/data/ip'.
Command: read_checkpoint -auto_incremental -incremental /home/oldak/Binary-CNN-Accelerator/vivado_project/vivado_project.srcs/utils_1/imports/synth_1/design_1_wrapper.dcp
INFO: [Vivado 12-5825] Read reference checkpoint from /home/oldak/Binary-CNN-Accelerator/vivado_project/vivado_project.srcs/utils_1/imports/synth_1/design_1_wrapper.dcp for incremental synthesis
INFO: [Vivado 12-7989] Please ensure there are no constraint changes
Command: synth_design -top cnn_accel_wrapper -part xc7z020clg400-1
Starting synth_design
Attempting to get a license for feature 'Synthesis' and/or device 'xc7z020'
INFO: [Common 17-349] Got license for feature 'Synthesis' and/or device 'xc7z020'
INFO: [Device 21-403] Loading part xc7z020clg400-1
INFO: [Designutils 20-5440] No compile time benefit to using incremental synthesis; A full resynthesis will be run
INFO: [Designutils 20-4379] Flow is switching to default flow due to incremental criteria not met. If you would like to alter this behaviour and have the flow terminate instead, please set the following parameter config_implementation {autoIncr.Synth.RejectBehavior Terminate}
INFO: [Synth 8-7079] Multithreading enabled for synth_design using a maximum of 7 processes.
INFO: [Synth 8-7078] Launching helper process for spawning children vivado processes
INFO: [Synth 8-7075] Helper process launched with PID 62615
---------------------------------------------------------------------------------
Starting RTL Elaboration : Time (s): cpu = 00:00:04 ; elapsed = 00:00:04 . Memory (MB): peak = 2337.148 ; gain = 480.844 ; free physical = 3724 ; free virtual = 6634
---------------------------------------------------------------------------------
INFO: [Synth 8-6157] synthesizing module 'cnn_accel_wrapper' [/home/oldak/Binary-CNN-Accelerator/vivado_project/vivado_project.gen/sources_1/bd/cnn_accel/hdl/cnn_accel_wrapper.v:13]
INFO: [Synth 8-6157] synthesizing module 'cnn_accel' [/home/oldak/Binary-CNN-Accelerator/vivado_project/vivado_project.gen/sources_1/bd/cnn_accel/synth/cnn_accel.v:13]
INFO: [Synth 8-6157] synthesizing module 'cnn_accel_axi_dma_0_0' [/home/oldak/Binary-CNN-Accelerator/vivado_project/vivado_project.runs/synth_1/.Xil/Vivado-62559-oldak-ZenBook-UX325EA-UX325EA/realtime/cnn_accel_axi_dma_0_0_stub.v:6]
INFO: [Synth 8-6155] done synthesizing module 'cnn_accel_axi_dma_0_0' (0#1) [/home/oldak/Binary-CNN-Accelerator/vivado_project/vivado_project.runs/synth_1/.Xil/Vivado-62559-oldak-ZenBook-UX325EA-UX325EA/realtime/cnn_accel_axi_dma_0_0_stub.v:6]
WARNING: [Synth 8-7071] port 'mm2s_prmry_reset_out_n' of module 'cnn_accel_axi_dma_0_0' is unconnected for instance 'axi_dma_0' [/home/oldak/Binary-CNN-Accelerator/vivado_project/vivado_project.gen/sources_1/bd/cnn_accel/synth/cnn_accel.v:226]
WARNING: [Synth 8-7071] port 's2mm_prmry_reset_out_n' of module 'cnn_accel_axi_dma_0_0' is unconnected for instance 'axi_dma_0' [/home/oldak/Binary-CNN-Accelerator/vivado_project/vivado_project.gen/sources_1/bd/cnn_accel/synth/cnn_accel.v:226]
WARNING: [Synth 8-7071] port 'mm2s_introut' of module 'cnn_accel_axi_dma_0_0' is unconnected for instance 'axi_dma_0' [/home/oldak/Binary-CNN-Accelerator/vivado_project/vivado_project.gen/sources_1/bd/cnn_accel/synth/cnn_accel.v:226]
WARNING: [Synth 8-7071] port 's2mm_introut' of module 'cnn_accel_axi_dma_0_0' is unconnected for instance 'axi_dma_0' [/home/oldak/Binary-CNN-Accelerator/vivado_project/vivado_project.gen/sources_1/bd/cnn_accel/synth/cnn_accel.v:226]
WARNING: [Synth 8-7071] port 'axi_dma_tstvec' of module 'cnn_accel_axi_dma_0_0' is unconnected for instance 'axi_dma_0' [/home/oldak/Binary-CNN-Accelerator/vivado_project/vivado_project.gen/sources_1/bd/cnn_accel/synth/cnn_accel.v:226]
WARNING: [Synth 8-7023] instance 'axi_dma_0' of module 'cnn_accel_axi_dma_0_0' has 64 connections declared, but only 59 given [/home/oldak/Binary-CNN-Accelerator/vivado_project/vivado_project.gen/sources_1/bd/cnn_accel/synth/cnn_accel.v:226]
INFO: [Synth 8-6157] synthesizing module 'cnn_accel_axi_smc_0' [/home/oldak/Binary-CNN-Accelerator/vivado_project/vivado_project.runs/synth_1/.Xil/Vivado-62559-oldak-ZenBook-UX325EA-UX325EA/realtime/cnn_accel_axi_smc_0_stub.v:6]
INFO: [Synth 8-6155] done synthesizing module 'cnn_accel_axi_smc_0' (0#1) [/home/oldak/Binary-CNN-Accelerator/vivado_project/vivado_project.runs/synth_1/.Xil/Vivado-62559-oldak-ZenBook-UX325EA-UX325EA/realtime/cnn_accel_axi_smc_0_stub.v:6]
WARNING: [Synth 8-7071] port 'M00_AXI_awprot' of module 'cnn_accel_axi_smc_0' is unconnected for instance 'axi_smc' [/home/oldak/Binary-CNN-Accelerator/vivado_project/vivado_project.gen/sources_1/bd/cnn_accel/synth/cnn_accel.v:286]
WARNING: [Synth 8-7071] port 'M00_AXI_wstrb' of module 'cnn_accel_axi_smc_0' is unconnected for instance 'axi_smc' [/home/oldak/Binary-CNN-Accelerator/vivado_project/vivado_project.gen/sources_1/bd/cnn_accel/synth/cnn_accel.v:286]
WARNING: [Synth 8-7071] port 'M00_AXI_arprot' of module 'cnn_accel_axi_smc_0' is unconnected for instance 'axi_smc' [/home/oldak/Binary-CNN-Accelerator/vivado_project/vivado_project.gen/sources_1/bd/cnn_accel/synth/cnn_accel.v:286]
WARNING: [Synth 8-7071] port 'M01_AXI_awprot' of module 'cnn_accel_axi_smc_0' is unconnected for instance 'axi_smc' [/home/oldak/Binary-CNN-Accelerator/vivado_project/vivado_project.gen/sources_1/bd/cnn_accel/synth/cnn_accel.v:286]
WARNING: [Synth 8-7071] port 'M01_AXI_arprot' of module 'cnn_accel_axi_smc_0' is unconnected for instance 'axi_smc' [/home/oldak/Binary-CNN-Accelerator/vivado_project/vivado_project.gen/sources_1/bd/cnn_accel/synth/cnn_accel.v:286]
WARNING: [Synth 8-7023] instance 'axi_smc' of module 'cnn_accel_axi_smc_0' has 78 connections declared, but only 73 given [/home/oldak/Binary-CNN-Accelerator/vivado_project/vivado_project.gen/sources_1/bd/cnn_accel/synth/cnn_accel.v:286]
INFO: [Synth 8-6157] synthesizing module 'cnn_accel_axi_smc_1_0' [/home/oldak/Binary-CNN-Accelerator/vivado_project/vivado_project.runs/synth_1/.Xil/Vivado-62559-oldak-ZenBook-UX325EA-UX325EA/realtime/cnn_accel_axi_smc_1_0_stub.v:6]
INFO: [Synth 8-6155] done synthesizing module 'cnn_accel_axi_smc_1_0' (0#1) [/home/oldak/Binary-CNN-Accelerator/vivado_project/vivado_project.runs/synth_1/.Xil/Vivado-62559-oldak-ZenBook-UX325EA-UX325EA/realtime/cnn_accel_axi_smc_1_0_stub.v:6]
INFO: [Synth 8-6157] synthesizing module 'cnn_accel_axi_smc_2_0' [/home/oldak/Binary-CNN-Accelerator/vivado_project/vivado_project.runs/synth_1/.Xil/Vivado-62559-oldak-ZenBook-UX325EA-UX325EA/realtime/cnn_accel_axi_smc_2_0_stub.v:6]
INFO: [Synth 8-6155] done synthesizing module 'cnn_accel_axi_smc_2_0' (0#1) [/home/oldak/Binary-CNN-Accelerator/vivado_project/vivado_project.runs/synth_1/.Xil/Vivado-62559-oldak-ZenBook-UX325EA-UX325EA/realtime/cnn_accel_axi_smc_2_0_stub.v:6]
INFO: [Synth 8-6157] synthesizing module 'cnn_accel_kernel_0_0' [/home/oldak/Binary-CNN-Accelerator/vivado_project/vivado_project.runs/synth_1/.Xil/Vivado-62559-oldak-ZenBook-UX325EA-UX325EA/realtime/cnn_accel_kernel_0_0_stub.v:6]
INFO: [Synth 8-6155] done synthesizing module 'cnn_accel_kernel_0_0' (0#1) [/home/oldak/Binary-CNN-Accelerator/vivado_project/vivado_project.runs/synth_1/.Xil/Vivado-62559-oldak-ZenBook-UX325EA-UX325EA/realtime/cnn_accel_kernel_0_0_stub.v:6]
WARNING: [Synth 8-7071] port 'interrupt' of module 'cnn_accel_kernel_0_0' is unconnected for instance 'kernel_0' [/home/oldak/Binary-CNN-Accelerator/vivado_project/vivado_project.gen/sources_1/bd/cnn_accel/synth/cnn_accel.v:432]
WARNING: [Synth 8-7071] port 'B_TSTRB' of module 'cnn_accel_kernel_0_0' is unconnected for instance 'kernel_0' [/home/oldak/Binary-CNN-Accelerator/vivado_project/vivado_project.gen/sources_1/bd/cnn_accel/synth/cnn_accel.v:432]
WARNING: [Synth 8-7023] instance 'kernel_0' of module 'cnn_accel_kernel_0_0' has 32 connections declared, but only 30 given [/home/oldak/Binary-CNN-Accelerator/vivado_project/vivado_project.gen/sources_1/bd/cnn_accel/synth/cnn_accel.v:432]
INFO: [Synth 8-6157] synthesizing module 'cnn_accel_processing_system7_0_0' [/home/oldak/Binary-CNN-Accelerator/vivado_project/vivado_project.runs/synth_1/.Xil/Vivado-62559-oldak-ZenBook-UX325EA-UX325EA/realtime/cnn_accel_processing_system7_0_0_stub.v:6]
INFO: [Synth 8-6155] done synthesizing module 'cnn_accel_processing_system7_0_0' (0#1) [/home/oldak/Binary-CNN-Accelerator/vivado_project/vivado_project.runs/synth_1/.Xil/Vivado-62559-oldak-ZenBook-UX325EA-UX325EA/realtime/cnn_accel_processing_system7_0_0_stub.v:6]
WARNING: [Synth 8-7071] port 'USB0_PORT_INDCTL' of module 'cnn_accel_processing_system7_0_0' is unconnected for instance 'processing_system7_0' [/home/oldak/Binary-CNN-Accelerator/vivado_project/vivado_project.gen/sources_1/bd/cnn_accel/synth/cnn_accel.v:463]
WARNING: [Synth 8-7071] port 'USB0_VBUS_PWRSELECT' of module 'cnn_accel_processing_system7_0_0' is unconnected for instance 'processing_system7_0' [/home/oldak/Binary-CNN-Accelerator/vivado_project/vivado_project.gen/sources_1/bd/cnn_accel/synth/cnn_accel.v:463]
WARNING: [Synth 8-7071] port 'S_AXI_HP0_AWREADY' of module 'cnn_accel_processing_system7_0_0' is unconnected for instance 'processing_system7_0' [/home/oldak/Binary-CNN-Accelerator/vivado_project/vivado_project.gen/sources_1/bd/cnn_accel/synth/cnn_accel.v:463]
WARNING: [Synth 8-7071] port 'S_AXI_HP0_BVALID' of module 'cnn_accel_processing_system7_0_0' is unconnected for instance 'processing_system7_0' [/home/oldak/Binary-CNN-Accelerator/vivado_project/vivado_project.gen/sources_1/bd/cnn_accel/synth/cnn_accel.v:463]
WARNING: [Synth 8-7071] port 'S_AXI_HP0_WREADY' of module 'cnn_accel_processing_system7_0_0' is unconnected for instance 'processing_system7_0' [/home/oldak/Binary-CNN-Accelerator/vivado_project/vivado_project.gen/sources_1/bd/cnn_accel/synth/cnn_accel.v:463]
WARNING: [Synth 8-7071] port 'S_AXI_HP0_BRESP' of module 'cnn_accel_processing_system7_0_0' is unconnected for instance 'processing_system7_0' [/home/oldak/Binary-CNN-Accelerator/vivado_project/vivado_project.gen/sources_1/bd/cnn_accel/synth/cnn_accel.v:463]
WARNING: [Synth 8-7071] port 'S_AXI_HP0_BID' of module 'cnn_accel_processing_system7_0_0' is unconnected for instance 'processing_system7_0' [/home/oldak/Binary-CNN-Accelerator/vivado_project/vivado_project.gen/sources_1/bd/cnn_accel/synth/cnn_accel.v:463]
WARNING: [Synth 8-7071] port 'S_AXI_HP0_RID' of module 'cnn_accel_processing_system7_0_0' is unconnected for instance 'processing_system7_0' [/home/oldak/Binary-CNN-Accelerator/vivado_project/vivado_project.gen/sources_1/bd/cnn_accel/synth/cnn_accel.v:463]
WARNING: [Synth 8-7071] port 'S_AXI_HP0_RCOUNT' of module 'cnn_accel_processing_system7_0_0' is unconnected for instance 'processing_system7_0' [/home/oldak/Binary-CNN-Accelerator/vivado_project/vivado_project.gen/sources_1/bd/cnn_accel/synth/cnn_accel.v:463]
WARNING: [Synth 8-7071] port 'S_AXI_HP0_WCOUNT' of module 'cnn_accel_processing_system7_0_0' is unconnected for instance 'processing_system7_0' [/home/oldak/Binary-CNN-Accelerator/vivado_project/vivado_project.gen/sources_1/bd/cnn_accel/synth/cnn_accel.v:463]
WARNING: [Synth 8-7071] port 'S_AXI_HP0_RACOUNT' of module 'cnn_accel_processing_system7_0_0' is unconnected for instance 'processing_system7_0' [/home/oldak/Binary-CNN-Accelerator/vivado_project/vivado_project.gen/sources_1/bd/cnn_accel/synth/cnn_accel.v:463]
WARNING: [Synth 8-7071] port 'S_AXI_HP0_WACOUNT' of module 'cnn_accel_processing_system7_0_0' is unconnected for instance 'processing_system7_0' [/home/oldak/Binary-CNN-Accelerator/vivado_project/vivado_project.gen/sources_1/bd/cnn_accel/synth/cnn_accel.v:463]
WARNING: [Synth 8-7071] port 'S_AXI_HP1_ARREADY' of module 'cnn_accel_processing_system7_0_0' is unconnected for instance 'processing_system7_0' [/home/oldak/Binary-CNN-Accelerator/vivado_project/vivado_project.gen/sources_1/bd/cnn_accel/synth/cnn_accel.v:463]
WARNING: [Synth 8-7071] port 'S_AXI_HP1_RLAST' of module 'cnn_accel_processing_system7_0_0' is unconnected for instance 'processing_system7_0' [/home/oldak/Binary-CNN-Accelerator/vivado_project/vivado_project.gen/sources_1/bd/cnn_accel/synth/cnn_accel.v:463]
WARNING: [Synth 8-7071] port 'S_AXI_HP1_RVALID' of module 'cnn_accel_processing_system7_0_0' is unconnected for instance 'processing_system7_0' [/home/oldak/Binary-CNN-Accelerator/vivado_project/vivado_project.gen/sources_1/bd/cnn_accel/synth/cnn_accel.v:463]
WARNING: [Synth 8-7071] port 'S_AXI_HP1_RRESP' of module 'cnn_accel_processing_system7_0_0' is unconnected for instance 'processing_system7_0' [/home/oldak/Binary-CNN-Accelerator/vivado_project/vivado_project.gen/sources_1/bd/cnn_accel/synth/cnn_accel.v:463]
WARNING: [Synth 8-7071] port 'S_AXI_HP1_BID' of module 'cnn_accel_processing_system7_0_0' is unconnected for instance 'processing_system7_0' [/home/oldak/Binary-CNN-Accelerator/vivado_project/vivado_project.gen/sources_1/bd/cnn_accel/synth/cnn_accel.v:463]
WARNING: [Synth 8-7071] port 'S_AXI_HP1_RID' of module 'cnn_accel_processing_system7_0_0' is unconnected for instance 'processing_system7_0' [/home/oldak/Binary-CNN-Accelerator/vivado_project/vivado_project.gen/sources_1/bd/cnn_accel/synth/cnn_accel.v:463]
WARNING: [Synth 8-7071] port 'S_AXI_HP1_RDATA' of module 'cnn_accel_processing_system7_0_0' is unconnected for instance 'processing_system7_0' [/home/oldak/Binary-CNN-Accelerator/vivado_project/vivado_project.gen/sources_1/bd/cnn_accel/synth/cnn_accel.v:463]
WARNING: [Synth 8-7071] port 'S_AXI_HP1_RCOUNT' of module 'cnn_accel_processing_system7_0_0' is unconnected for instance 'processing_system7_0' [/home/oldak/Binary-CNN-Accelerator/vivado_project/vivado_project.gen/sources_1/bd/cnn_accel/synth/cnn_accel.v:463]
WARNING: [Synth 8-7071] port 'S_AXI_HP1_WCOUNT' of module 'cnn_accel_processing_system7_0_0' is unconnected for instance 'processing_system7_0' [/home/oldak/Binary-CNN-Accelerator/vivado_project/vivado_project.gen/sources_1/bd/cnn_accel/synth/cnn_accel.v:463]
WARNING: [Synth 8-7071] port 'S_AXI_HP1_RACOUNT' of module 'cnn_accel_processing_system7_0_0' is unconnected for instance 'processing_system7_0' [/home/oldak/Binary-CNN-Accelerator/vivado_project/vivado_project.gen/sources_1/bd/cnn_accel/synth/cnn_accel.v:463]
WARNING: [Synth 8-7071] port 'S_AXI_HP1_WACOUNT' of module 'cnn_accel_processing_system7_0_0' is unconnected for instance 'processing_system7_0' [/home/oldak/Binary-CNN-Accelerator/vivado_project/vivado_project.gen/sources_1/bd/cnn_accel/synth/cnn_accel.v:463]
WARNING: [Synth 8-7023] instance 'processing_system7_0' of module 'cnn_accel_processing_system7_0_0' has 155 connections declared, but only 132 given [/home/oldak/Binary-CNN-Accelerator/vivado_project/vivado_project.gen/sources_1/bd/cnn_accel/synth/cnn_accel.v:463]
INFO: [Synth 8-6157] synthesizing module 'cnn_accel_rst_ps7_0_76M_0' [/home/oldak/Binary-CNN-Accelerator/vivado_project/vivado_project.runs/synth_1/.Xil/Vivado-62559-oldak-ZenBook-UX325EA-UX325EA/realtime/cnn_accel_rst_ps7_0_76M_0_stub.v:6]
INFO: [Synth 8-6155] done synthesizing module 'cnn_accel_rst_ps7_0_76M_0' (0#1) [/home/oldak/Binary-CNN-Accelerator/vivado_project/vivado_project.runs/synth_1/.Xil/Vivado-62559-oldak-ZenBook-UX325EA-UX325EA/realtime/cnn_accel_rst_ps7_0_76M_0_stub.v:6]
WARNING: [Synth 8-7071] port 'mb_reset' of module 'cnn_accel_rst_ps7_0_76M_0' is unconnected for instance 'rst_ps7_0_76M' [/home/oldak/Binary-CNN-Accelerator/vivado_project/vivado_project.gen/sources_1/bd/cnn_accel/synth/cnn_accel.v:596]
WARNING: [Synth 8-7071] port 'bus_struct_reset' of module 'cnn_accel_rst_ps7_0_76M_0' is unconnected for instance 'rst_ps7_0_76M' [/home/oldak/Binary-CNN-Accelerator/vivado_project/vivado_project.gen/sources_1/bd/cnn_accel/synth/cnn_accel.v:596]
WARNING: [Synth 8-7071] port 'peripheral_reset' of module 'cnn_accel_rst_ps7_0_76M_0' is unconnected for instance 'rst_ps7_0_76M' [/home/oldak/Binary-CNN-Accelerator/vivado_project/vivado_project.gen/sources_1/bd/cnn_accel/synth/cnn_accel.v:596]
WARNING: [Synth 8-7071] port 'interconnect_aresetn' of module 'cnn_accel_rst_ps7_0_76M_0' is unconnected for instance 'rst_ps7_0_76M' [/home/oldak/Binary-CNN-Accelerator/vivado_project/vivado_project.gen/sources_1/bd/cnn_accel/synth/cnn_accel.v:596]
WARNING: [Synth 8-7023] instance 'rst_ps7_0_76M' of module 'cnn_accel_rst_ps7_0_76M_0' has 10 connections declared, but only 6 given [/home/oldak/Binary-CNN-Accelerator/vivado_project/vivado_project.gen/sources_1/bd/cnn_accel/synth/cnn_accel.v:596]
INFO: [Synth 8-6155] done synthesizing module 'cnn_accel' (0#1) [/home/oldak/Binary-CNN-Accelerator/vivado_project/vivado_project.gen/sources_1/bd/cnn_accel/synth/cnn_accel.v:13]
INFO: [Synth 8-6155] done synthesizing module 'cnn_accel_wrapper' (0#1) [/home/oldak/Binary-CNN-Accelerator/vivado_project/vivado_project.gen/sources_1/bd/cnn_accel/hdl/cnn_accel_wrapper.v:13]
---------------------------------------------------------------------------------
Finished RTL Elaboration : Time (s): cpu = 00:00:06 ; elapsed = 00:00:06 . Memory (MB): peak = 2439.117 ; gain = 582.812 ; free physical = 3613 ; free virtual = 6524
---------------------------------------------------------------------------------
---------------------------------------------------------------------------------
Start Handling Custom Attributes
---------------------------------------------------------------------------------
---------------------------------------------------------------------------------
Finished Handling Custom Attributes : Time (s): cpu = 00:00:06 ; elapsed = 00:00:06 . Memory (MB): peak = 2442.086 ; gain = 585.781 ; free physical = 3613 ; free virtual = 6524
---------------------------------------------------------------------------------
---------------------------------------------------------------------------------
Finished RTL Optimization Phase 1 : Time (s): cpu = 00:00:06 ; elapsed = 00:00:06 . Memory (MB): peak = 2442.086 ; gain = 585.781 ; free physical = 3613 ; free virtual = 6524
---------------------------------------------------------------------------------
Netlist sorting complete. Time (s): cpu = 00:00:00 ; elapsed = 00:00:00.01 . Memory (MB): peak = 2442.086 ; gain = 0.000 ; free physical = 3613 ; free virtual = 6524
INFO: [Project 1-570] Preparing netlist for logic optimization

Processing XDC Constraints
Initializing timing engine
Parsing XDC File [/home/oldak/Binary-CNN-Accelerator/vivado_project/vivado_project.gen/sources_1/bd/cnn_accel/ip/cnn_accel_processing_system7_0_0/cnn_accel_processing_system7_0_0/cnn_accel_processing_system7_0_0_in_context.xdc] for cell 'cnn_accel_i/processing_system7_0'
Finished Parsing XDC File [/home/oldak/Binary-CNN-Accelerator/vivado_project/vivado_project.gen/sources_1/bd/cnn_accel/ip/cnn_accel_processing_system7_0_0/cnn_accel_processing_system7_0_0/cnn_accel_processing_system7_0_0_in_context.xdc] for cell 'cnn_accel_i/processing_system7_0'
Parsing XDC File [/home/oldak/Binary-CNN-Accelerator/vivado_project/vivado_project.gen/sources_1/bd/cnn_accel/ip/cnn_accel_axi_dma_0_0/cnn_accel_axi_dma_0_0/cnn_accel_axi_dma_0_0_in_context.xdc] for cell 'cnn_accel_i/axi_dma_0'
Finished Parsing XDC File [/home/oldak/Binary-CNN-Accelerator/vivado_project/vivado_project.gen/sources_1/bd/cnn_accel/ip/cnn_accel_axi_dma_0_0/cnn_accel_axi_dma_0_0/cnn_accel_axi_dma_0_0_in_context.xdc] for cell 'cnn_accel_i/axi_dma_0'
Parsing XDC File [/home/oldak/Binary-CNN-Accelerator/vivado_project/vivado_project.gen/sources_1/bd/cnn_accel/ip/cnn_accel_axi_smc_0/cnn_accel_axi_smc_0/cnn_accel_axi_smc_0_in_context.xdc] for cell 'cnn_accel_i/axi_smc'
Finished Parsing XDC File [/home/oldak/Binary-CNN-Accelerator/vivado_project/vivado_project.gen/sources_1/bd/cnn_accel/ip/cnn_accel_axi_smc_0/cnn_accel_axi_smc_0/cnn_accel_axi_smc_0_in_context.xdc] for cell 'cnn_accel_i/axi_smc'
Parsing XDC File [/home/oldak/Binary-CNN-Accelerator/vivado_project/vivado_project.gen/sources_1/bd/cnn_accel/ip/cnn_accel_rst_ps7_0_76M_0/cnn_accel_rst_ps7_0_76M_0/cnn_accel_rst_ps7_0_76M_0_in_context.xdc] for cell 'cnn_accel_i/rst_ps7_0_76M'
Finished Parsing XDC File [/home/oldak/Binary-CNN-Accelerator/vivado_project/vivado_project.gen/sources_1/bd/cnn_accel/ip/cnn_accel_rst_ps7_0_76M_0/cnn_accel_rst_ps7_0_76M_0/cnn_accel_rst_ps7_0_76M_0_in_context.xdc] for cell 'cnn_accel_i/rst_ps7_0_76M'
Parsing XDC File [/home/oldak/Binary-CNN-Accelerator/vivado_project/vivado_project.gen/sources_1/bd/cnn_accel/ip/cnn_accel_axi_smc_1_0/cnn_accel_axi_smc_1_0/cnn_accel_axi_smc_1_0_in_context.xdc] for cell 'cnn_accel_i/axi_smc_1'
Finished Parsing XDC File [/home/oldak/Binary-CNN-Accelerator/vivado_project/vivado_project.gen/sources_1/bd/cnn_accel/ip/cnn_accel_axi_smc_1_0/cnn_accel_axi_smc_1_0/cnn_accel_axi_smc_1_0_in_context.xdc] for cell 'cnn_accel_i/axi_smc_1'
Parsing XDC File [/home/oldak/Binary-CNN-Accelerator/vivado_project/vivado_project.gen/sources_1/bd/cnn_accel/ip/cnn_accel_axi_smc_2_0/cnn_accel_axi_smc_2_0/cnn_accel_axi_smc_2_0_in_context.xdc] for cell 'cnn_accel_i/axi_smc_2'
Finished Parsing XDC File [/home/oldak/Binary-CNN-Accelerator/vivado_project/vivado_project.gen/sources_1/bd/cnn_accel/ip/cnn_accel_axi_smc_2_0/cnn_accel_axi_smc_2_0/cnn_accel_axi_smc_2_0_in_context.xdc] for cell 'cnn_accel_i/axi_smc_2'
Parsing XDC File [/home/oldak/Binary-CNN-Accelerator/vivado_project/vivado_project.gen/sources_1/bd/cnn_accel/ip/cnn_accel_kernel_0_0/cnn_accel_kernel_0_0/cnn_accel_kernel_0_0_in_context.xdc] for cell 'cnn_accel_i/kernel_0'
Finished Parsing XDC File [/home/oldak/Binary-CNN-Accelerator/vivado_project/vivado_project.gen/sources_1/bd/cnn_accel/ip/cnn_accel_kernel_0_0/cnn_accel_kernel_0_0/cnn_accel_kernel_0_0_in_context.xdc] for cell 'cnn_accel_i/kernel_0'
Parsing XDC File [/home/oldak/Binary-CNN-Accelerator/vivado_project/vivado_project.runs/synth_1/dont_touch.xdc]
Finished Parsing XDC File [/home/oldak/Binary-CNN-Accelerator/vivado_project/vivado_project.runs/synth_1/dont_touch.xdc]
Completed Processing XDC Constraints

Netlist sorting complete. Time (s): cpu = 00:00:00 ; elapsed = 00:00:00 . Memory (MB): peak = 2489.738 ; gain = 0.000 ; free physical = 3605 ; free virtual = 6516
INFO: [Project 1-111] Unisim Transformation Summary:
No Unisim elements were transformed.

Constraint Validation Runtime : Time (s): cpu = 00:00:00 ; elapsed = 00:00:00.01 . Memory (MB): peak = 2489.773 ; gain = 0.000 ; free physical = 3605 ; free virtual = 6516
INFO: [Designutils 20-5440] No compile time benefit to using incremental synthesis; A full resynthesis will be run
INFO: [Designutils 20-4379] Flow is switching to default flow due to incremental criteria not met. If you would like to alter this behaviour and have the flow terminate instead, please set the following parameter config_implementation {autoIncr.Synth.RejectBehavior Terminate}
---------------------------------------------------------------------------------
Finished Constraint Validation : Time (s): cpu = 00:00:12 ; elapsed = 00:00:12 . Memory (MB): peak = 2489.773 ; gain = 633.469 ; free physical = 3604 ; free virtual = 6516
---------------------------------------------------------------------------------
---------------------------------------------------------------------------------
Start Loading Part and Timing Information
---------------------------------------------------------------------------------
Loading part: xc7z020clg400-1
---------------------------------------------------------------------------------
Finished Loading Part and Timing Information : Time (s): cpu = 00:00:12 ; elapsed = 00:00:12 . Memory (MB): peak = 2497.742 ; gain = 641.438 ; free physical = 3604 ; free virtual = 6516
---------------------------------------------------------------------------------
---------------------------------------------------------------------------------
Start Applying 'set_property' XDC Constraints
---------------------------------------------------------------------------------
---------------------------------------------------------------------------------
Finished applying 'set_property' XDC Constraints : Time (s): cpu = 00:00:12 ; elapsed = 00:00:12 . Memory (MB): peak = 2497.742 ; gain = 641.438 ; free physical = 3604 ; free virtual = 6515
---------------------------------------------------------------------------------
---------------------------------------------------------------------------------
Finished RTL Optimization Phase 2 : Time (s): cpu = 00:00:12 ; elapsed = 00:00:12 . Memory (MB): peak = 2497.742 ; gain = 641.438 ; free physical = 3603 ; free virtual = 6515
---------------------------------------------------------------------------------
---------------------------------------------------------------------------------
Start RTL Component Statistics 
---------------------------------------------------------------------------------
Detailed RTL Component Info : 
---------------------------------------------------------------------------------
Finished RTL Component Statistics 
---------------------------------------------------------------------------------
---------------------------------------------------------------------------------
Start Part Resource Summary
---------------------------------------------------------------------------------
Part Resources:
DSPs: 220 (col length:60)
BRAMs: 280 (col length: RAMB18 60 RAMB36 30)
---------------------------------------------------------------------------------
Finished Part Resource Summary
---------------------------------------------------------------------------------
---------------------------------------------------------------------------------
Start Cross Boundary and Area Optimization
---------------------------------------------------------------------------------
---------------------------------------------------------------------------------
Finished Cross Boundary and Area Optimization : Time (s): cpu = 00:00:14 ; elapsed = 00:00:14 . Memory (MB): peak = 2497.742 ; gain = 641.438 ; free physical = 3601 ; free virtual = 6519
---------------------------------------------------------------------------------
---------------------------------------------------------------------------------
Start Applying XDC Timing Constraints
---------------------------------------------------------------------------------
---------------------------------------------------------------------------------
Finished Applying XDC Timing Constraints : Time (s): cpu = 00:00:18 ; elapsed = 00:00:19 . Memory (MB): peak = 2594.742 ; gain = 738.438 ; free physical = 3499 ; free virtual = 6417
---------------------------------------------------------------------------------
---------------------------------------------------------------------------------
Start Timing Optimization
---------------------------------------------------------------------------------
---------------------------------------------------------------------------------
Finished Timing Optimization : Time (s): cpu = 00:00:18 ; elapsed = 00:00:19 . Memory (MB): peak = 2595.742 ; gain = 739.438 ; free physical = 3499 ; free virtual = 6417
---------------------------------------------------------------------------------
---------------------------------------------------------------------------------
Start Technology Mapping
---------------------------------------------------------------------------------
---------------------------------------------------------------------------------
Finished Technology Mapping : Time (s): cpu = 00:00:18 ; elapsed = 00:00:19 . Memory (MB): peak = 2605.758 ; gain = 749.453 ; free physical = 3489 ; free virtual = 6407
---------------------------------------------------------------------------------
---------------------------------------------------------------------------------
Start IO Insertion
---------------------------------------------------------------------------------
---------------------------------------------------------------------------------
Start Flattening Before IO Insertion
---------------------------------------------------------------------------------
---------------------------------------------------------------------------------
Finished Flattening Before IO Insertion
---------------------------------------------------------------------------------
---------------------------------------------------------------------------------
Start Final Netlist Cleanup
---------------------------------------------------------------------------------
---------------------------------------------------------------------------------
Finished Final Netlist Cleanup
---------------------------------------------------------------------------------
---------------------------------------------------------------------------------
Finished IO Insertion : Time (s): cpu = 00:00:22 ; elapsed = 00:00:22 . Memory (MB): peak = 2792.570 ; gain = 936.266 ; free physical = 3323 ; free virtual = 6241
---------------------------------------------------------------------------------
---------------------------------------------------------------------------------
Start Renaming Generated Instances
---------------------------------------------------------------------------------
---------------------------------------------------------------------------------
Finished Renaming Generated Instances : Time (s): cpu = 00:00:22 ; elapsed = 00:00:22 . Memory (MB): peak = 2792.570 ; gain = 936.266 ; free physical = 3323 ; free virtual = 6241
---------------------------------------------------------------------------------
---------------------------------------------------------------------------------
Start Rebuilding User Hierarchy
---------------------------------------------------------------------------------
---------------------------------------------------------------------------------
Finished Rebuilding User Hierarchy : Time (s): cpu = 00:00:22 ; elapsed = 00:00:22 . Memory (MB): peak = 2792.570 ; gain = 936.266 ; free physical = 3323 ; free virtual = 6241
---------------------------------------------------------------------------------
---------------------------------------------------------------------------------
Start Renaming Generated Ports
---------------------------------------------------------------------------------
---------------------------------------------------------------------------------
Finished Renaming Generated Ports : Time (s): cpu = 00:00:22 ; elapsed = 00:00:22 . Memory (MB): peak = 2792.570 ; gain = 936.266 ; free physical = 3323 ; free virtual = 6241
---------------------------------------------------------------------------------
---------------------------------------------------------------------------------
Start Handling Custom Attributes
---------------------------------------------------------------------------------
---------------------------------------------------------------------------------
Finished Handling Custom Attributes : Time (s): cpu = 00:00:22 ; elapsed = 00:00:22 . Memory (MB): peak = 2792.570 ; gain = 936.266 ; free physical = 3323 ; free virtual = 6241
---------------------------------------------------------------------------------
---------------------------------------------------------------------------------
Start Renaming Generated Nets
---------------------------------------------------------------------------------
---------------------------------------------------------------------------------
Finished Renaming Generated Nets : Time (s): cpu = 00:00:22 ; elapsed = 00:00:22 . Memory (MB): peak = 2792.570 ; gain = 936.266 ; free physical = 3323 ; free virtual = 6241
---------------------------------------------------------------------------------
---------------------------------------------------------------------------------
Start Writing Synthesis Report
---------------------------------------------------------------------------------

Report BlackBoxes: 
+------+---------------------------------+----------+
|      |BlackBox name                    |Instances |
+------+---------------------------------+----------+
|1     |cnn_accel_axi_dma_0_0            |         1|
|2     |cnn_accel_axi_smc_0              |         1|
|3     |cnn_accel_axi_smc_1_0            |         1|
|4     |cnn_accel_axi_smc_2_0            |         1|
|5     |cnn_accel_kernel_0_0             |         1|
|6     |cnn_accel_processing_system7_0_0 |         1|
|7     |cnn_accel_rst_ps7_0_76M_0        |         1|
+------+---------------------------------+----------+

Report Cell Usage: 
+------+-------------------------------+------+
|      |Cell                           |Count |
+------+-------------------------------+------+
|1     |cnn_accel_axi_dma_0            |     1|
|2     |cnn_accel_axi_smc              |     1|
|3     |cnn_accel_axi_smc_1            |     1|
|4     |cnn_accel_axi_smc_2            |     1|
|5     |cnn_accel_kernel_0             |     1|
|6     |cnn_accel_processing_system7_0 |     1|
|7     |cnn_accel_rst_ps7_0_76M        |     1|
+------+-------------------------------+------+
---------------------------------------------------------------------------------
Finished Writing Synthesis Report : Time (s): cpu = 00:00:22 ; elapsed = 00:00:22 . Memory (MB): peak = 2792.570 ; gain = 936.266 ; free physical = 3323 ; free virtual = 6241
---------------------------------------------------------------------------------
Synthesis finished with 0 errors, 0 critical warnings and 0 warnings.
Synthesis Optimization Runtime : Time (s): cpu = 00:00:20 ; elapsed = 00:00:21 . Memory (MB): peak = 2792.570 ; gain = 888.578 ; free physical = 3323 ; free virtual = 6241
Synthesis Optimization Complete : Time (s): cpu = 00:00:22 ; elapsed = 00:00:22 . Memory (MB): peak = 2792.578 ; gain = 936.266 ; free physical = 3323 ; free virtual = 6241
INFO: [Project 1-571] Translating synthesized netlist
Netlist sorting complete. Time (s): cpu = 00:00:00.01 ; elapsed = 00:00:00.01 . Memory (MB): peak = 2792.578 ; gain = 0.000 ; free physical = 3323 ; free virtual = 6241
INFO: [Project 1-570] Preparing netlist for logic optimization
INFO: [Opt 31-138] Pushed 0 inverter(s) to 0 load pin(s).
Netlist sorting complete. Time (s): cpu = 00:00:00 ; elapsed = 00:00:00 . Memory (MB): peak = 2792.578 ; gain = 0.000 ; free physical = 3491 ; free virtual = 6408
INFO: [Project 1-111] Unisim Transformation Summary:
No Unisim elements were transformed.

Synth Design complete | Checksum: fd15b644
INFO: [Common 17-83] Releasing license: Synthesis
39 Infos, 44 Warnings, 0 Critical Warnings and 0 Errors encountered.
synth_design completed successfully
synth_design: Time (s): cpu = 00:00:32 ; elapsed = 00:00:29 . Memory (MB): peak = 2792.605 ; gain = 1141.082 ; free physical = 3490 ; free virtual = 6408
INFO: [Common 17-2834] synth_design peak Physical Memory [PSS] (MB): overall = 2213.661; main = 2108.114; forked = 330.183
INFO: [Common 17-2834] synth_design peak Virtual Memory [VSS] (MB): overall = 3674.785; main = 2792.574; forked = 994.023
INFO: [Common 17-1381] The checkpoint '/home/oldak/Binary-CNN-Accelerator/vivado_project/vivado_project.runs/synth_1/cnn_accel_wrapper.dcp' has been generated.
INFO: [Vivado 12-24828] Executing command : report_utilization -file cnn_accel_wrapper_utilization_synth.rpt -pb cnn_accel_wrapper_utilization_synth.pb
INFO: [Common 17-206] Exiting Vivado at Sat May  2 00:24:20 2026...
