

================================================================
== Vitis HLS Report for 'conv2d_l2'
================================================================
* Date:           Fri May  1 17:43:48 2026

* Version:        2025.2 (Build 6295257 on Nov 14 2025)
* Project:        hls_component
* Solution:       hls (Vivado IP Flow Target)
* Product family: zynq
* Target device:  xc7z020-clg400-1


================================================================
== Performance Estimates
================================================================
+ Timing: 
    * Summary: 
    +--------+----------+----------+------------+
    |  Clock |  Target  | Estimated| Uncertainty|
    +--------+----------+----------+------------+
    |ap_clk  |  13.00 ns|  9.471 ns|     3.51 ns|
    +--------+----------+----------+------------+

+ Latency: 
    * Summary: 
    +---------+---------+----------+----------+-----+-------+---------+
    |  Latency (cycles) |  Latency (absolute) |   Interval  | Pipeline|
    |   min   |   max   |    min   |    max   | min |  max  |   Type  |
    +---------+---------+----------+----------+-----+-------+---------+
    |      103|    65348|  1.339 us|  0.850 ms|  103|  65348|       no|
    +---------+---------+----------+----------+-----+-------+---------+

    + Detail: 
        * Instance: 
        N/A

        * Loop: 
        +-----------+---------+---------+------------+-----------+-----------+------+----------+
        |           |  Latency (cycles) |  Iteration |  Initiation Interval  | Trip |          |
        | Loop Name |   min   |   max   |   Latency  |  achieved |   target  | Count| Pipelined|
        +-----------+---------+---------+------------+-----------+-----------+------+----------+
        |- L2_H     |     2336|    65312|  146 ~ 4082|          -|          -|    16|        no|
        | + L2_W    |      144|     4080|     9 ~ 255|          -|          -|    16|        no|
        |  ++ L2_K  |        6|      252|      2 ~ 84|          -|          -|     3|        no|
        +-----------+---------+---------+------------+-----------+-----------+------+----------+

============================================================
+ Verbose Summary: Synthesis Manager
============================================================
InlineROM: 1
ExposeGlobal: 0
============================================================
+ Verbose Summary: CDFG Model
============================================================
IsTopModel: 0
ResetActiveHigh: 1
IsCombinational: 0
IsDatapathOnly: 0
HasWiredReturn: 1
HasMFsm: 0
HasVarLatency: 1
IsPipeline: 0
IsRtlPipelined: 0
IsInstanceOverlapped: 0
IsDontTouch: 0
HasImplIP: 0
IsGatedGlobalClock: 0


============================================================
+ Verbose Summary: Schedule
============================================================
* Number of FSM states : 110
* Pipeline : 0
* Dataflow Pipeline: 0

* FSM state transitions: 
1 --> 2 
2 --> 3 
3 --> 4 
4 --> 5 
5 --> 6 
6 --> 7 
7 --> 8 
8 --> 9 
9 --> 10 
10 --> 11 
11 --> 12 
12 --> 13 
13 --> 14 
14 --> 15 
15 --> 16 
16 --> 17 
17 --> 18 
18 --> 19 
19 --> 20 
20 --> 21 
21 --> 22 
22 --> 23 
23 --> 24 
24 --> 25 
25 --> 26 
26 --> 27 
27 --> 28 
28 --> 29 
29 --> 30 
30 --> 31 
31 --> 32 
32 --> 33 
33 --> 34 
34 --> 35 
35 --> 36 
36 --> 37 
37 --> 38 
38 --> 39 37 
39 --> 40 
40 --> 41 110 38 
41 --> 42 
42 --> 43 
43 --> 44 
44 --> 45 
45 --> 46 
46 --> 47 
47 --> 48 
48 --> 49 
49 --> 50 
50 --> 51 
51 --> 52 
52 --> 53 
53 --> 54 
54 --> 55 
55 --> 56 
56 --> 57 
57 --> 58 
58 --> 59 
59 --> 60 
60 --> 61 
61 --> 62 
62 --> 63 
63 --> 64 
64 --> 65 
65 --> 66 
66 --> 67 
67 --> 68 
68 --> 69 
69 --> 70 
70 --> 71 
71 --> 72 
72 --> 73 
73 --> 74 
74 --> 75 
75 --> 76 
76 --> 77 
77 --> 78 
78 --> 79 
79 --> 80 
80 --> 81 
81 --> 82 
82 --> 83 
83 --> 84 
84 --> 85 
85 --> 86 
86 --> 87 
87 --> 88 
88 --> 89 
89 --> 90 
90 --> 91 
91 --> 92 
92 --> 93 
93 --> 94 
94 --> 95 
95 --> 96 
96 --> 97 
97 --> 98 
98 --> 99 
99 --> 100 
100 --> 101 
101 --> 102 
102 --> 103 
103 --> 104 
104 --> 105 
105 --> 106 
106 --> 107 
107 --> 108 
108 --> 109 
109 --> 110 
110 --> 40 

* FSM state operations: 

State 1 <SV = 0> <Delay = 8.49>
ST_1 : Operation 111 [1/1] (0.00ns)   --->   "%out_ch_read = read i32 @_ssdm_op_Read.ap_auto.i32, i32 %out_ch"   --->   Operation 111 'read' 'out_ch_read' <Predicate = true> <Delay = 0.00>
ST_1 : Operation 112 [1/1] (0.00ns)   --->   "%loc_9_loc = alloca i64 1"   --->   Operation 112 'alloca' 'loc_9_loc' <Predicate = true> <Delay = 0.00>
ST_1 : Operation 113 [1/1] (0.00ns)   --->   "%zext_ln140 = zext i32 %out_ch_read" [kern.cpp:140]   --->   Operation 113 'zext' 'zext_ln140' <Predicate = true> <Delay = 0.00>
ST_1 : Operation 114 [1/1] (8.49ns)   --->   "%mul_ln140 = mul i65 %zext_ln140, i65 4908534053" [kern.cpp:140]   --->   Operation 114 'mul' 'mul_ln140' <Predicate = true> <Delay = 8.49> <CoreInst = "Multiplier">   --->   Core 3 'Multiplier' <Latency = 0> <II = 1> <Delay = 8.49> <FuncUnit> <Opcode : 'mul'> <InPorts = 2> <OutPorts = 1>
ST_1 : Operation 115 [1/1] (0.00ns)   --->   "%udiv_ln_cast = partselect i10 @_ssdm_op_PartSelect.i10.i65.i32.i32, i65 %mul_ln140, i32 36, i32 45" [kern.cpp:140]   --->   Operation 115 'partselect' 'udiv_ln_cast' <Predicate = true> <Delay = 0.00>
ST_1 : Operation 116 [1/1] (0.00ns)   --->   "%tmp_137 = bitselect i1 @_ssdm_op_BitSelect.i1.i32.i32, i32 %out_ch_read, i32 31" [kern.cpp:140]   --->   Operation 116 'bitselect' 'tmp_137' <Predicate = true> <Delay = 0.00>
ST_1 : Operation 117 [1/1] (0.00ns) (grouped into LUT with out node xor_ln140)   --->   "%select_ln140_1 = select i1 %tmp_137, i32 4294967295, i32 0" [kern.cpp:140]   --->   Operation 117 'select' 'select_ln140_1' <Predicate = true> <Delay = 0.00> <CoreInst = "Sel">   --->   Core 73 'Sel' <Latency = 0> <II = 1> <Delay = 0.99> <FuncUnit> <Opcode : 'select'> <InPorts = 3> <OutPorts = 1>
ST_1 : Operation 118 [1/1] (0.99ns) (out node of the LUT)   --->   "%xor_ln140 = xor i32 %select_ln140_1, i32 %out_ch_read" [kern.cpp:140]   --->   Operation 118 'xor' 'xor_ln140' <Predicate = true> <Delay = 0.99> <CoreInst = "LogicGate">   --->   Core 74 'LogicGate' <Latency = 0> <II = 1> <Delay = 0.99> <FuncUnit> <Opcode : 'and' 'or' 'xor'> <InPorts = 2> <OutPorts = 1>
ST_1 : Operation 119 [36/36] (4.13ns)   --->   "%urem_ln140 = urem i32 %xor_ln140, i32 14" [kern.cpp:140]   --->   Operation 119 'urem' 'urem_ln140' <Predicate = true> <Delay = 4.13> <CoreInst = "DivnS_SEQ">   --->   Core 7 'DivnS_SEQ' <Latency = 35> <II = 4> <Delay = 4.13> <FuncUnit> <Opcode : 'udiv' 'sdiv' 'urem' 'srem'> <InPorts = 2> <OutPorts = 1>

State 2 <SV = 1> <Delay = 4.13>
ST_2 : Operation 120 [35/36] (4.13ns)   --->   "%urem_ln140 = urem i32 %xor_ln140, i32 14" [kern.cpp:140]   --->   Operation 120 'urem' 'urem_ln140' <Predicate = true> <Delay = 4.13> <CoreInst = "DivnS_SEQ">   --->   Core 7 'DivnS_SEQ' <Latency = 35> <II = 4> <Delay = 4.13> <FuncUnit> <Opcode : 'udiv' 'sdiv' 'urem' 'srem'> <InPorts = 2> <OutPorts = 1>

State 3 <SV = 2> <Delay = 4.13>
ST_3 : Operation 121 [34/36] (4.13ns)   --->   "%urem_ln140 = urem i32 %xor_ln140, i32 14" [kern.cpp:140]   --->   Operation 121 'urem' 'urem_ln140' <Predicate = true> <Delay = 4.13> <CoreInst = "DivnS_SEQ">   --->   Core 7 'DivnS_SEQ' <Latency = 35> <II = 4> <Delay = 4.13> <FuncUnit> <Opcode : 'udiv' 'sdiv' 'urem' 'srem'> <InPorts = 2> <OutPorts = 1>

State 4 <SV = 3> <Delay = 4.13>
ST_4 : Operation 122 [33/36] (4.13ns)   --->   "%urem_ln140 = urem i32 %xor_ln140, i32 14" [kern.cpp:140]   --->   Operation 122 'urem' 'urem_ln140' <Predicate = true> <Delay = 4.13> <CoreInst = "DivnS_SEQ">   --->   Core 7 'DivnS_SEQ' <Latency = 35> <II = 4> <Delay = 4.13> <FuncUnit> <Opcode : 'udiv' 'sdiv' 'urem' 'srem'> <InPorts = 2> <OutPorts = 1>

State 5 <SV = 4> <Delay = 4.13>
ST_5 : Operation 123 [32/36] (4.13ns)   --->   "%urem_ln140 = urem i32 %xor_ln140, i32 14" [kern.cpp:140]   --->   Operation 123 'urem' 'urem_ln140' <Predicate = true> <Delay = 4.13> <CoreInst = "DivnS_SEQ">   --->   Core 7 'DivnS_SEQ' <Latency = 35> <II = 4> <Delay = 4.13> <FuncUnit> <Opcode : 'udiv' 'sdiv' 'urem' 'srem'> <InPorts = 2> <OutPorts = 1>

State 6 <SV = 5> <Delay = 4.13>
ST_6 : Operation 124 [31/36] (4.13ns)   --->   "%urem_ln140 = urem i32 %xor_ln140, i32 14" [kern.cpp:140]   --->   Operation 124 'urem' 'urem_ln140' <Predicate = true> <Delay = 4.13> <CoreInst = "DivnS_SEQ">   --->   Core 7 'DivnS_SEQ' <Latency = 35> <II = 4> <Delay = 4.13> <FuncUnit> <Opcode : 'udiv' 'sdiv' 'urem' 'srem'> <InPorts = 2> <OutPorts = 1>

State 7 <SV = 6> <Delay = 4.13>
ST_7 : Operation 125 [30/36] (4.13ns)   --->   "%urem_ln140 = urem i32 %xor_ln140, i32 14" [kern.cpp:140]   --->   Operation 125 'urem' 'urem_ln140' <Predicate = true> <Delay = 4.13> <CoreInst = "DivnS_SEQ">   --->   Core 7 'DivnS_SEQ' <Latency = 35> <II = 4> <Delay = 4.13> <FuncUnit> <Opcode : 'udiv' 'sdiv' 'urem' 'srem'> <InPorts = 2> <OutPorts = 1>

State 8 <SV = 7> <Delay = 4.13>
ST_8 : Operation 126 [29/36] (4.13ns)   --->   "%urem_ln140 = urem i32 %xor_ln140, i32 14" [kern.cpp:140]   --->   Operation 126 'urem' 'urem_ln140' <Predicate = true> <Delay = 4.13> <CoreInst = "DivnS_SEQ">   --->   Core 7 'DivnS_SEQ' <Latency = 35> <II = 4> <Delay = 4.13> <FuncUnit> <Opcode : 'udiv' 'sdiv' 'urem' 'srem'> <InPorts = 2> <OutPorts = 1>

State 9 <SV = 8> <Delay = 4.13>
ST_9 : Operation 127 [28/36] (4.13ns)   --->   "%urem_ln140 = urem i32 %xor_ln140, i32 14" [kern.cpp:140]   --->   Operation 127 'urem' 'urem_ln140' <Predicate = true> <Delay = 4.13> <CoreInst = "DivnS_SEQ">   --->   Core 7 'DivnS_SEQ' <Latency = 35> <II = 4> <Delay = 4.13> <FuncUnit> <Opcode : 'udiv' 'sdiv' 'urem' 'srem'> <InPorts = 2> <OutPorts = 1>

State 10 <SV = 9> <Delay = 4.13>
ST_10 : Operation 128 [27/36] (4.13ns)   --->   "%urem_ln140 = urem i32 %xor_ln140, i32 14" [kern.cpp:140]   --->   Operation 128 'urem' 'urem_ln140' <Predicate = true> <Delay = 4.13> <CoreInst = "DivnS_SEQ">   --->   Core 7 'DivnS_SEQ' <Latency = 35> <II = 4> <Delay = 4.13> <FuncUnit> <Opcode : 'udiv' 'sdiv' 'urem' 'srem'> <InPorts = 2> <OutPorts = 1>

State 11 <SV = 10> <Delay = 4.13>
ST_11 : Operation 129 [26/36] (4.13ns)   --->   "%urem_ln140 = urem i32 %xor_ln140, i32 14" [kern.cpp:140]   --->   Operation 129 'urem' 'urem_ln140' <Predicate = true> <Delay = 4.13> <CoreInst = "DivnS_SEQ">   --->   Core 7 'DivnS_SEQ' <Latency = 35> <II = 4> <Delay = 4.13> <FuncUnit> <Opcode : 'udiv' 'sdiv' 'urem' 'srem'> <InPorts = 2> <OutPorts = 1>

State 12 <SV = 11> <Delay = 4.13>
ST_12 : Operation 130 [25/36] (4.13ns)   --->   "%urem_ln140 = urem i32 %xor_ln140, i32 14" [kern.cpp:140]   --->   Operation 130 'urem' 'urem_ln140' <Predicate = true> <Delay = 4.13> <CoreInst = "DivnS_SEQ">   --->   Core 7 'DivnS_SEQ' <Latency = 35> <II = 4> <Delay = 4.13> <FuncUnit> <Opcode : 'udiv' 'sdiv' 'urem' 'srem'> <InPorts = 2> <OutPorts = 1>

State 13 <SV = 12> <Delay = 4.13>
ST_13 : Operation 131 [24/36] (4.13ns)   --->   "%urem_ln140 = urem i32 %xor_ln140, i32 14" [kern.cpp:140]   --->   Operation 131 'urem' 'urem_ln140' <Predicate = true> <Delay = 4.13> <CoreInst = "DivnS_SEQ">   --->   Core 7 'DivnS_SEQ' <Latency = 35> <II = 4> <Delay = 4.13> <FuncUnit> <Opcode : 'udiv' 'sdiv' 'urem' 'srem'> <InPorts = 2> <OutPorts = 1>

State 14 <SV = 13> <Delay = 4.13>
ST_14 : Operation 132 [23/36] (4.13ns)   --->   "%urem_ln140 = urem i32 %xor_ln140, i32 14" [kern.cpp:140]   --->   Operation 132 'urem' 'urem_ln140' <Predicate = true> <Delay = 4.13> <CoreInst = "DivnS_SEQ">   --->   Core 7 'DivnS_SEQ' <Latency = 35> <II = 4> <Delay = 4.13> <FuncUnit> <Opcode : 'udiv' 'sdiv' 'urem' 'srem'> <InPorts = 2> <OutPorts = 1>

State 15 <SV = 14> <Delay = 4.13>
ST_15 : Operation 133 [22/36] (4.13ns)   --->   "%urem_ln140 = urem i32 %xor_ln140, i32 14" [kern.cpp:140]   --->   Operation 133 'urem' 'urem_ln140' <Predicate = true> <Delay = 4.13> <CoreInst = "DivnS_SEQ">   --->   Core 7 'DivnS_SEQ' <Latency = 35> <II = 4> <Delay = 4.13> <FuncUnit> <Opcode : 'udiv' 'sdiv' 'urem' 'srem'> <InPorts = 2> <OutPorts = 1>

State 16 <SV = 15> <Delay = 4.13>
ST_16 : Operation 134 [21/36] (4.13ns)   --->   "%urem_ln140 = urem i32 %xor_ln140, i32 14" [kern.cpp:140]   --->   Operation 134 'urem' 'urem_ln140' <Predicate = true> <Delay = 4.13> <CoreInst = "DivnS_SEQ">   --->   Core 7 'DivnS_SEQ' <Latency = 35> <II = 4> <Delay = 4.13> <FuncUnit> <Opcode : 'udiv' 'sdiv' 'urem' 'srem'> <InPorts = 2> <OutPorts = 1>

State 17 <SV = 16> <Delay = 4.13>
ST_17 : Operation 135 [20/36] (4.13ns)   --->   "%urem_ln140 = urem i32 %xor_ln140, i32 14" [kern.cpp:140]   --->   Operation 135 'urem' 'urem_ln140' <Predicate = true> <Delay = 4.13> <CoreInst = "DivnS_SEQ">   --->   Core 7 'DivnS_SEQ' <Latency = 35> <II = 4> <Delay = 4.13> <FuncUnit> <Opcode : 'udiv' 'sdiv' 'urem' 'srem'> <InPorts = 2> <OutPorts = 1>

State 18 <SV = 17> <Delay = 4.13>
ST_18 : Operation 136 [19/36] (4.13ns)   --->   "%urem_ln140 = urem i32 %xor_ln140, i32 14" [kern.cpp:140]   --->   Operation 136 'urem' 'urem_ln140' <Predicate = true> <Delay = 4.13> <CoreInst = "DivnS_SEQ">   --->   Core 7 'DivnS_SEQ' <Latency = 35> <II = 4> <Delay = 4.13> <FuncUnit> <Opcode : 'udiv' 'sdiv' 'urem' 'srem'> <InPorts = 2> <OutPorts = 1>

State 19 <SV = 18> <Delay = 4.13>
ST_19 : Operation 137 [18/36] (4.13ns)   --->   "%urem_ln140 = urem i32 %xor_ln140, i32 14" [kern.cpp:140]   --->   Operation 137 'urem' 'urem_ln140' <Predicate = true> <Delay = 4.13> <CoreInst = "DivnS_SEQ">   --->   Core 7 'DivnS_SEQ' <Latency = 35> <II = 4> <Delay = 4.13> <FuncUnit> <Opcode : 'udiv' 'sdiv' 'urem' 'srem'> <InPorts = 2> <OutPorts = 1>

State 20 <SV = 19> <Delay = 4.13>
ST_20 : Operation 138 [17/36] (4.13ns)   --->   "%urem_ln140 = urem i32 %xor_ln140, i32 14" [kern.cpp:140]   --->   Operation 138 'urem' 'urem_ln140' <Predicate = true> <Delay = 4.13> <CoreInst = "DivnS_SEQ">   --->   Core 7 'DivnS_SEQ' <Latency = 35> <II = 4> <Delay = 4.13> <FuncUnit> <Opcode : 'udiv' 'sdiv' 'urem' 'srem'> <InPorts = 2> <OutPorts = 1>

State 21 <SV = 20> <Delay = 4.13>
ST_21 : Operation 139 [16/36] (4.13ns)   --->   "%urem_ln140 = urem i32 %xor_ln140, i32 14" [kern.cpp:140]   --->   Operation 139 'urem' 'urem_ln140' <Predicate = true> <Delay = 4.13> <CoreInst = "DivnS_SEQ">   --->   Core 7 'DivnS_SEQ' <Latency = 35> <II = 4> <Delay = 4.13> <FuncUnit> <Opcode : 'udiv' 'sdiv' 'urem' 'srem'> <InPorts = 2> <OutPorts = 1>

State 22 <SV = 21> <Delay = 4.13>
ST_22 : Operation 140 [15/36] (4.13ns)   --->   "%urem_ln140 = urem i32 %xor_ln140, i32 14" [kern.cpp:140]   --->   Operation 140 'urem' 'urem_ln140' <Predicate = true> <Delay = 4.13> <CoreInst = "DivnS_SEQ">   --->   Core 7 'DivnS_SEQ' <Latency = 35> <II = 4> <Delay = 4.13> <FuncUnit> <Opcode : 'udiv' 'sdiv' 'urem' 'srem'> <InPorts = 2> <OutPorts = 1>

State 23 <SV = 22> <Delay = 4.13>
ST_23 : Operation 141 [14/36] (4.13ns)   --->   "%urem_ln140 = urem i32 %xor_ln140, i32 14" [kern.cpp:140]   --->   Operation 141 'urem' 'urem_ln140' <Predicate = true> <Delay = 4.13> <CoreInst = "DivnS_SEQ">   --->   Core 7 'DivnS_SEQ' <Latency = 35> <II = 4> <Delay = 4.13> <FuncUnit> <Opcode : 'udiv' 'sdiv' 'urem' 'srem'> <InPorts = 2> <OutPorts = 1>

State 24 <SV = 23> <Delay = 4.13>
ST_24 : Operation 142 [13/36] (4.13ns)   --->   "%urem_ln140 = urem i32 %xor_ln140, i32 14" [kern.cpp:140]   --->   Operation 142 'urem' 'urem_ln140' <Predicate = true> <Delay = 4.13> <CoreInst = "DivnS_SEQ">   --->   Core 7 'DivnS_SEQ' <Latency = 35> <II = 4> <Delay = 4.13> <FuncUnit> <Opcode : 'udiv' 'sdiv' 'urem' 'srem'> <InPorts = 2> <OutPorts = 1>

State 25 <SV = 24> <Delay = 4.13>
ST_25 : Operation 143 [12/36] (4.13ns)   --->   "%urem_ln140 = urem i32 %xor_ln140, i32 14" [kern.cpp:140]   --->   Operation 143 'urem' 'urem_ln140' <Predicate = true> <Delay = 4.13> <CoreInst = "DivnS_SEQ">   --->   Core 7 'DivnS_SEQ' <Latency = 35> <II = 4> <Delay = 4.13> <FuncUnit> <Opcode : 'udiv' 'sdiv' 'urem' 'srem'> <InPorts = 2> <OutPorts = 1>

State 26 <SV = 25> <Delay = 4.13>
ST_26 : Operation 144 [11/36] (4.13ns)   --->   "%urem_ln140 = urem i32 %xor_ln140, i32 14" [kern.cpp:140]   --->   Operation 144 'urem' 'urem_ln140' <Predicate = true> <Delay = 4.13> <CoreInst = "DivnS_SEQ">   --->   Core 7 'DivnS_SEQ' <Latency = 35> <II = 4> <Delay = 4.13> <FuncUnit> <Opcode : 'udiv' 'sdiv' 'urem' 'srem'> <InPorts = 2> <OutPorts = 1>

State 27 <SV = 26> <Delay = 4.13>
ST_27 : Operation 145 [10/36] (4.13ns)   --->   "%urem_ln140 = urem i32 %xor_ln140, i32 14" [kern.cpp:140]   --->   Operation 145 'urem' 'urem_ln140' <Predicate = true> <Delay = 4.13> <CoreInst = "DivnS_SEQ">   --->   Core 7 'DivnS_SEQ' <Latency = 35> <II = 4> <Delay = 4.13> <FuncUnit> <Opcode : 'udiv' 'sdiv' 'urem' 'srem'> <InPorts = 2> <OutPorts = 1>

State 28 <SV = 27> <Delay = 4.13>
ST_28 : Operation 146 [9/36] (4.13ns)   --->   "%urem_ln140 = urem i32 %xor_ln140, i32 14" [kern.cpp:140]   --->   Operation 146 'urem' 'urem_ln140' <Predicate = true> <Delay = 4.13> <CoreInst = "DivnS_SEQ">   --->   Core 7 'DivnS_SEQ' <Latency = 35> <II = 4> <Delay = 4.13> <FuncUnit> <Opcode : 'udiv' 'sdiv' 'urem' 'srem'> <InPorts = 2> <OutPorts = 1>

State 29 <SV = 28> <Delay = 4.13>
ST_29 : Operation 147 [8/36] (4.13ns)   --->   "%urem_ln140 = urem i32 %xor_ln140, i32 14" [kern.cpp:140]   --->   Operation 147 'urem' 'urem_ln140' <Predicate = true> <Delay = 4.13> <CoreInst = "DivnS_SEQ">   --->   Core 7 'DivnS_SEQ' <Latency = 35> <II = 4> <Delay = 4.13> <FuncUnit> <Opcode : 'udiv' 'sdiv' 'urem' 'srem'> <InPorts = 2> <OutPorts = 1>

State 30 <SV = 29> <Delay = 4.13>
ST_30 : Operation 148 [7/36] (4.13ns)   --->   "%urem_ln140 = urem i32 %xor_ln140, i32 14" [kern.cpp:140]   --->   Operation 148 'urem' 'urem_ln140' <Predicate = true> <Delay = 4.13> <CoreInst = "DivnS_SEQ">   --->   Core 7 'DivnS_SEQ' <Latency = 35> <II = 4> <Delay = 4.13> <FuncUnit> <Opcode : 'udiv' 'sdiv' 'urem' 'srem'> <InPorts = 2> <OutPorts = 1>

State 31 <SV = 30> <Delay = 4.13>
ST_31 : Operation 149 [6/36] (4.13ns)   --->   "%urem_ln140 = urem i32 %xor_ln140, i32 14" [kern.cpp:140]   --->   Operation 149 'urem' 'urem_ln140' <Predicate = true> <Delay = 4.13> <CoreInst = "DivnS_SEQ">   --->   Core 7 'DivnS_SEQ' <Latency = 35> <II = 4> <Delay = 4.13> <FuncUnit> <Opcode : 'udiv' 'sdiv' 'urem' 'srem'> <InPorts = 2> <OutPorts = 1>

State 32 <SV = 31> <Delay = 4.13>
ST_32 : Operation 150 [5/36] (4.13ns)   --->   "%urem_ln140 = urem i32 %xor_ln140, i32 14" [kern.cpp:140]   --->   Operation 150 'urem' 'urem_ln140' <Predicate = true> <Delay = 4.13> <CoreInst = "DivnS_SEQ">   --->   Core 7 'DivnS_SEQ' <Latency = 35> <II = 4> <Delay = 4.13> <FuncUnit> <Opcode : 'udiv' 'sdiv' 'urem' 'srem'> <InPorts = 2> <OutPorts = 1>

State 33 <SV = 32> <Delay = 4.13>
ST_33 : Operation 151 [4/36] (4.13ns)   --->   "%urem_ln140 = urem i32 %xor_ln140, i32 14" [kern.cpp:140]   --->   Operation 151 'urem' 'urem_ln140' <Predicate = true> <Delay = 4.13> <CoreInst = "DivnS_SEQ">   --->   Core 7 'DivnS_SEQ' <Latency = 35> <II = 4> <Delay = 4.13> <FuncUnit> <Opcode : 'udiv' 'sdiv' 'urem' 'srem'> <InPorts = 2> <OutPorts = 1>

State 34 <SV = 33> <Delay = 4.13>
ST_34 : Operation 152 [3/36] (4.13ns)   --->   "%urem_ln140 = urem i32 %xor_ln140, i32 14" [kern.cpp:140]   --->   Operation 152 'urem' 'urem_ln140' <Predicate = true> <Delay = 4.13> <CoreInst = "DivnS_SEQ">   --->   Core 7 'DivnS_SEQ' <Latency = 35> <II = 4> <Delay = 4.13> <FuncUnit> <Opcode : 'udiv' 'sdiv' 'urem' 'srem'> <InPorts = 2> <OutPorts = 1>

State 35 <SV = 34> <Delay = 4.13>
ST_35 : Operation 153 [2/36] (4.13ns)   --->   "%urem_ln140 = urem i32 %xor_ln140, i32 14" [kern.cpp:140]   --->   Operation 153 'urem' 'urem_ln140' <Predicate = true> <Delay = 4.13> <CoreInst = "DivnS_SEQ">   --->   Core 7 'DivnS_SEQ' <Latency = 35> <II = 4> <Delay = 4.13> <FuncUnit> <Opcode : 'udiv' 'sdiv' 'urem' 'srem'> <InPorts = 2> <OutPorts = 1>

State 36 <SV = 35> <Delay = 8.62>
ST_36 : Operation 154 [1/1] (0.00ns)   --->   "%bias_read = read i16 @_ssdm_op_Read.ap_auto.i16, i16 %bias"   --->   Operation 154 'read' 'bias_read' <Predicate = true> <Delay = 0.00>
ST_36 : Operation 155 [1/1] (0.00ns)   --->   "%finalize_read = read i1 @_ssdm_op_Read.ap_auto.i1, i1 %finalize"   --->   Operation 155 'read' 'finalize_read' <Predicate = true> <Delay = 0.00>
ST_36 : Operation 156 [1/1] (0.00ns)   --->   "%in_ch_start_read = read i32 @_ssdm_op_Read.ap_auto.i32, i32 %in_ch_start"   --->   Operation 156 'read' 'in_ch_start_read' <Predicate = true> <Delay = 0.00>
ST_36 : Operation 157 [1/1] (0.00ns)   --->   "%num_kerns_val_read = read i2 @_ssdm_op_Read.ap_auto.i2, i2 %num_kerns_val"   --->   Operation 157 'read' 'num_kerns_val_read' <Predicate = true> <Delay = 0.00>
ST_36 : Operation 158 [1/1] (0.00ns)   --->   "%kern_2_8_val_read = read i1 @_ssdm_op_Read.ap_auto.i1, i1 %kern_2_8_val"   --->   Operation 158 'read' 'kern_2_8_val_read' <Predicate = true> <Delay = 0.00>
ST_36 : Operation 159 [1/1] (0.00ns)   --->   "%kern_2_7_val_read = read i1 @_ssdm_op_Read.ap_auto.i1, i1 %kern_2_7_val"   --->   Operation 159 'read' 'kern_2_7_val_read' <Predicate = true> <Delay = 0.00>
ST_36 : Operation 160 [1/1] (0.00ns)   --->   "%kern_2_6_val_read = read i1 @_ssdm_op_Read.ap_auto.i1, i1 %kern_2_6_val"   --->   Operation 160 'read' 'kern_2_6_val_read' <Predicate = true> <Delay = 0.00>
ST_36 : Operation 161 [1/1] (0.00ns)   --->   "%kern_2_5_val_read = read i1 @_ssdm_op_Read.ap_auto.i1, i1 %kern_2_5_val"   --->   Operation 161 'read' 'kern_2_5_val_read' <Predicate = true> <Delay = 0.00>
ST_36 : Operation 162 [1/1] (0.00ns)   --->   "%kern_2_4_val_read = read i1 @_ssdm_op_Read.ap_auto.i1, i1 %kern_2_4_val"   --->   Operation 162 'read' 'kern_2_4_val_read' <Predicate = true> <Delay = 0.00>
ST_36 : Operation 163 [1/1] (0.00ns)   --->   "%kern_2_3_val_read = read i1 @_ssdm_op_Read.ap_auto.i1, i1 %kern_2_3_val"   --->   Operation 163 'read' 'kern_2_3_val_read' <Predicate = true> <Delay = 0.00>
ST_36 : Operation 164 [1/1] (0.00ns)   --->   "%kern_2_2_val_read = read i1 @_ssdm_op_Read.ap_auto.i1, i1 %kern_2_2_val"   --->   Operation 164 'read' 'kern_2_2_val_read' <Predicate = true> <Delay = 0.00>
ST_36 : Operation 165 [1/1] (0.00ns)   --->   "%kern_2_1_val_read = read i1 @_ssdm_op_Read.ap_auto.i1, i1 %kern_2_1_val"   --->   Operation 165 'read' 'kern_2_1_val_read' <Predicate = true> <Delay = 0.00>
ST_36 : Operation 166 [1/1] (0.00ns)   --->   "%kern_2_0_val_read = read i1 @_ssdm_op_Read.ap_auto.i1, i1 %kern_2_0_val"   --->   Operation 166 'read' 'kern_2_0_val_read' <Predicate = true> <Delay = 0.00>
ST_36 : Operation 167 [1/1] (0.00ns)   --->   "%kern_1_8_val_read = read i1 @_ssdm_op_Read.ap_auto.i1, i1 %kern_1_8_val"   --->   Operation 167 'read' 'kern_1_8_val_read' <Predicate = true> <Delay = 0.00>
ST_36 : Operation 168 [1/1] (0.00ns)   --->   "%kern_1_7_val_read = read i1 @_ssdm_op_Read.ap_auto.i1, i1 %kern_1_7_val"   --->   Operation 168 'read' 'kern_1_7_val_read' <Predicate = true> <Delay = 0.00>
ST_36 : Operation 169 [1/1] (0.00ns)   --->   "%kern_1_6_val_read = read i1 @_ssdm_op_Read.ap_auto.i1, i1 %kern_1_6_val"   --->   Operation 169 'read' 'kern_1_6_val_read' <Predicate = true> <Delay = 0.00>
ST_36 : Operation 170 [1/1] (0.00ns)   --->   "%kern_1_5_val_read = read i1 @_ssdm_op_Read.ap_auto.i1, i1 %kern_1_5_val"   --->   Operation 170 'read' 'kern_1_5_val_read' <Predicate = true> <Delay = 0.00>
ST_36 : Operation 171 [1/1] (0.00ns)   --->   "%kern_1_4_val_read = read i1 @_ssdm_op_Read.ap_auto.i1, i1 %kern_1_4_val"   --->   Operation 171 'read' 'kern_1_4_val_read' <Predicate = true> <Delay = 0.00>
ST_36 : Operation 172 [1/1] (0.00ns)   --->   "%kern_1_3_val_read = read i1 @_ssdm_op_Read.ap_auto.i1, i1 %kern_1_3_val"   --->   Operation 172 'read' 'kern_1_3_val_read' <Predicate = true> <Delay = 0.00>
ST_36 : Operation 173 [1/1] (0.00ns)   --->   "%kern_1_2_val_read = read i1 @_ssdm_op_Read.ap_auto.i1, i1 %kern_1_2_val"   --->   Operation 173 'read' 'kern_1_2_val_read' <Predicate = true> <Delay = 0.00>
ST_36 : Operation 174 [1/1] (0.00ns)   --->   "%kern_1_1_val_read = read i1 @_ssdm_op_Read.ap_auto.i1, i1 %kern_1_1_val"   --->   Operation 174 'read' 'kern_1_1_val_read' <Predicate = true> <Delay = 0.00>
ST_36 : Operation 175 [1/1] (0.00ns)   --->   "%kern_1_0_val_read = read i1 @_ssdm_op_Read.ap_auto.i1, i1 %kern_1_0_val"   --->   Operation 175 'read' 'kern_1_0_val_read' <Predicate = true> <Delay = 0.00>
ST_36 : Operation 176 [1/1] (0.00ns)   --->   "%kern_0_8_val_read = read i1 @_ssdm_op_Read.ap_auto.i1, i1 %kern_0_8_val"   --->   Operation 176 'read' 'kern_0_8_val_read' <Predicate = true> <Delay = 0.00>
ST_36 : Operation 177 [1/1] (0.00ns)   --->   "%kern_0_7_val_read = read i1 @_ssdm_op_Read.ap_auto.i1, i1 %kern_0_7_val"   --->   Operation 177 'read' 'kern_0_7_val_read' <Predicate = true> <Delay = 0.00>
ST_36 : Operation 178 [1/1] (0.00ns)   --->   "%kern_0_6_val_read = read i1 @_ssdm_op_Read.ap_auto.i1, i1 %kern_0_6_val"   --->   Operation 178 'read' 'kern_0_6_val_read' <Predicate = true> <Delay = 0.00>
ST_36 : Operation 179 [1/1] (0.00ns)   --->   "%kern_0_5_val_read = read i1 @_ssdm_op_Read.ap_auto.i1, i1 %kern_0_5_val"   --->   Operation 179 'read' 'kern_0_5_val_read' <Predicate = true> <Delay = 0.00>
ST_36 : Operation 180 [1/1] (0.00ns)   --->   "%kern_0_4_val_read = read i1 @_ssdm_op_Read.ap_auto.i1, i1 %kern_0_4_val"   --->   Operation 180 'read' 'kern_0_4_val_read' <Predicate = true> <Delay = 0.00>
ST_36 : Operation 181 [1/1] (0.00ns)   --->   "%kern_0_3_val_read = read i1 @_ssdm_op_Read.ap_auto.i1, i1 %kern_0_3_val"   --->   Operation 181 'read' 'kern_0_3_val_read' <Predicate = true> <Delay = 0.00>
ST_36 : Operation 182 [1/1] (0.00ns)   --->   "%kern_0_2_val_read = read i1 @_ssdm_op_Read.ap_auto.i1, i1 %kern_0_2_val"   --->   Operation 182 'read' 'kern_0_2_val_read' <Predicate = true> <Delay = 0.00>
ST_36 : Operation 183 [1/1] (0.00ns)   --->   "%kern_0_1_val_read = read i1 @_ssdm_op_Read.ap_auto.i1, i1 %kern_0_1_val"   --->   Operation 183 'read' 'kern_0_1_val_read' <Predicate = true> <Delay = 0.00>
ST_36 : Operation 184 [1/1] (0.00ns)   --->   "%kern_0_0_val_read = read i1 @_ssdm_op_Read.ap_auto.i1, i1 %kern_0_0_val"   --->   Operation 184 'read' 'kern_0_0_val_read' <Predicate = true> <Delay = 0.00>
ST_36 : Operation 185 [1/36] (4.13ns)   --->   "%urem_ln140 = urem i32 %xor_ln140, i32 14" [kern.cpp:140]   --->   Operation 185 'urem' 'urem_ln140' <Predicate = true> <Delay = 4.13> <CoreInst = "DivnS_SEQ">   --->   Core 7 'DivnS_SEQ' <Latency = 35> <II = 4> <Delay = 4.13> <FuncUnit> <Opcode : 'udiv' 'sdiv' 'urem' 'srem'> <InPorts = 2> <OutPorts = 1>
ST_36 : Operation 186 [1/1] (0.00ns)   --->   "%trunc_ln140 = trunc i4 %urem_ln140" [kern.cpp:140]   --->   Operation 186 'trunc' 'trunc_ln140' <Predicate = true> <Delay = 0.00>
ST_36 : Operation 187 [1/1] (1.73ns)   --->   "%sub_ln140 = sub i4 13, i4 %trunc_ln140" [kern.cpp:140]   --->   Operation 187 'sub' 'sub_ln140' <Predicate = (tmp_137)> <Delay = 1.73> <CoreInst = "Adder">   --->   Core 1 'Adder' <Latency = 0> <II = 1> <Delay = 1.73> <FuncUnit> <Opcode : 'add' 'sub'> <InPorts = 2> <OutPorts = 1>
ST_36 : Operation 188 [1/1] (1.02ns)   --->   "%select_ln140 = select i1 %tmp_137, i4 %sub_ln140, i4 %trunc_ln140" [kern.cpp:140]   --->   Operation 188 'select' 'select_ln140' <Predicate = true> <Delay = 1.02> <CoreInst = "Sel">   --->   Core 73 'Sel' <Latency = 0> <II = 1> <Delay = 1.02> <FuncUnit> <Opcode : 'select'> <InPorts = 3> <OutPorts = 1>
ST_36 : Operation 189 [1/1] (0.00ns)   --->   "%br_ln153 = br i1 %finalize_read, void %L2_H, void %L2_FH" [kern.cpp:153]   --->   Operation 189 'br' 'br_ln153' <Predicate = true> <Delay = 0.00>
ST_36 : Operation 190 [1/1] (0.00ns)   --->   "%oh = alloca i32 1" [kern.cpp:154]   --->   Operation 190 'alloca' 'oh' <Predicate = (!finalize_read)> <Delay = 0.00>
ST_36 : Operation 191 [1/1] (0.00ns)   --->   "%sext_ln154 = sext i32 %in_ch_start_read" [kern.cpp:154]   --->   Operation 191 'sext' 'sext_ln154' <Predicate = (!finalize_read)> <Delay = 0.00>
ST_36 : Operation 192 [1/1] (1.58ns)   --->   "%store_ln154 = store i5 0, i5 %oh" [kern.cpp:154]   --->   Operation 192 'store' 'store_ln154' <Predicate = (!finalize_read)> <Delay = 1.58>
ST_36 : Operation 193 [1/1] (0.00ns)   --->   "%br_ln154 = br void %L2_W" [kern.cpp:154]   --->   Operation 193 'br' 'br_ln154' <Predicate = (!finalize_read)> <Delay = 0.00>
ST_36 : Operation 194 [2/2] (1.73ns)   --->   "%call_ln140 = call void @conv2d_l2_Pipeline_L2_FH_L2_FW, i10 %udiv_ln_cast, i1 %output_0, i1 %output_1, i1 %output_2, i1 %output_3, i1 %output_4, i1 %output_5, i1 %output_6, i1 %output_7, i1 %output_8, i1 %output_9, i1 %output_10, i1 %output_11, i1 %output_12, i1 %output_13, i32 %buffer_1, i32 %buffer_0, i16 %bias_read, i4 %select_ln140" [kern.cpp:140]   --->   Operation 194 'call' 'call_ln140' <Predicate = (finalize_read)> <Delay = 1.73> <CoreType = "Generic">   --->   Generic Core

State 37 <SV = 36> <Delay = 3.36>
ST_37 : Operation 195 [1/1] (0.00ns)   --->   "%oh_3 = load i5 %oh" [kern.cpp:154]   --->   Operation 195 'load' 'oh_3' <Predicate = (!finalize_read)> <Delay = 0.00>
ST_37 : Operation 196 [1/1] (1.78ns)   --->   "%icmp_ln154 = icmp_eq  i5 %oh_3, i5 16" [kern.cpp:154]   --->   Operation 196 'icmp' 'icmp_ln154' <Predicate = (!finalize_read)> <Delay = 1.78> <CoreInst = "Cmp">   --->   Core 9 'Cmp' <Latency = 0> <II = 1> <Delay = 1.78> <FuncUnit> <Opcode : 'seteq' 'setne' 'setle' 'setge' 'setlt' 'setgt'> <InPorts = 2> <OutPorts = 1>
ST_37 : Operation 197 [1/1] (1.78ns)   --->   "%add_ln154 = add i5 %oh_3, i5 1" [kern.cpp:154]   --->   Operation 197 'add' 'add_ln154' <Predicate = (!finalize_read)> <Delay = 1.78> <CoreInst = "Adder">   --->   Core 1 'Adder' <Latency = 0> <II = 1> <Delay = 1.78> <FuncUnit> <Opcode : 'add' 'sub'> <InPorts = 2> <OutPorts = 1>
ST_37 : Operation 198 [1/1] (0.00ns)   --->   "%br_ln154 = br i1 %icmp_ln154, void %L2_W.split, void %if.end148.loopexit" [kern.cpp:154]   --->   Operation 198 'br' 'br_ln154' <Predicate = (!finalize_read)> <Delay = 0.00>
ST_37 : Operation 199 [1/1] (0.00ns)   --->   "%trunc_ln154 = trunc i5 %oh_3" [kern.cpp:154]   --->   Operation 199 'trunc' 'trunc_ln154' <Predicate = (!finalize_read & !icmp_ln154)> <Delay = 0.00>
ST_37 : Operation 200 [1/1] (0.00ns)   --->   "%speclooptripcount_ln154 = speclooptripcount void @_ssdm_op_SpecLoopTripCount, i64 16, i64 16, i64 16" [kern.cpp:154]   --->   Operation 200 'speclooptripcount' 'speclooptripcount_ln154' <Predicate = (!finalize_read & !icmp_ln154)> <Delay = 0.00>
ST_37 : Operation 201 [1/1] (0.00ns)   --->   "%specloopname_ln154 = specloopname void @_ssdm_op_SpecLoopName, void @empty_16" [kern.cpp:154]   --->   Operation 201 'specloopname' 'specloopname_ln154' <Predicate = (!finalize_read & !icmp_ln154)> <Delay = 0.00>
ST_37 : Operation 202 [1/1] (1.58ns)   --->   "%br_ln155 = br void %L2_K" [kern.cpp:155]   --->   Operation 202 'br' 'br_ln155' <Predicate = (!finalize_read & !icmp_ln154)> <Delay = 1.58>
ST_37 : Operation 203 [1/1] (0.00ns)   --->   "%br_ln0 = br void %if.end148"   --->   Operation 203 'br' 'br_ln0' <Predicate = (!finalize_read & icmp_ln154)> <Delay = 0.00>
ST_37 : Operation 204 [1/2] (0.00ns)   --->   "%call_ln140 = call void @conv2d_l2_Pipeline_L2_FH_L2_FW, i10 %udiv_ln_cast, i1 %output_0, i1 %output_1, i1 %output_2, i1 %output_3, i1 %output_4, i1 %output_5, i1 %output_6, i1 %output_7, i1 %output_8, i1 %output_9, i1 %output_10, i1 %output_11, i1 %output_12, i1 %output_13, i32 %buffer_1, i32 %buffer_0, i16 %bias_read, i4 %select_ln140" [kern.cpp:140]   --->   Operation 204 'call' 'call_ln140' <Predicate = (finalize_read)> <Delay = 0.00> <CoreType = "Generic">   --->   Generic Core
ST_37 : Operation 205 [1/1] (0.00ns)   --->   "%br_ln0 = br void %if.end148"   --->   Operation 205 'br' 'br_ln0' <Predicate = (finalize_read)> <Delay = 0.00>
ST_37 : Operation 206 [1/1] (0.00ns)   --->   "%ret_ln192 = ret" [kern.cpp:192]   --->   Operation 206 'ret' 'ret_ln192' <Predicate = (icmp_ln154) | (finalize_read)> <Delay = 0.00>

State 38 <SV = 37> <Delay = 3.36>
ST_38 : Operation 207 [1/1] (0.00ns)   --->   "%ow = phi i5 0, void %L2_W.split, i5 %add_ln155, void %arrayidx4.exit" [kern.cpp:155]   --->   Operation 207 'phi' 'ow' <Predicate = true> <Delay = 0.00>
ST_38 : Operation 208 [1/1] (1.78ns)   --->   "%icmp_ln155 = icmp_eq  i5 %ow, i5 16" [kern.cpp:155]   --->   Operation 208 'icmp' 'icmp_ln155' <Predicate = true> <Delay = 1.78> <CoreInst = "Cmp">   --->   Core 9 'Cmp' <Latency = 0> <II = 1> <Delay = 1.78> <FuncUnit> <Opcode : 'seteq' 'setne' 'setle' 'setge' 'setlt' 'setgt'> <InPorts = 2> <OutPorts = 1>
ST_38 : Operation 209 [1/1] (1.78ns)   --->   "%add_ln155 = add i5 %ow, i5 1" [kern.cpp:155]   --->   Operation 209 'add' 'add_ln155' <Predicate = true> <Delay = 1.78> <CoreInst = "Adder">   --->   Core 1 'Adder' <Latency = 0> <II = 1> <Delay = 1.78> <FuncUnit> <Opcode : 'add' 'sub'> <InPorts = 2> <OutPorts = 1>
ST_38 : Operation 210 [1/1] (0.00ns)   --->   "%br_ln155 = br i1 %icmp_ln155, void %L2_K.split, void %for.inc58" [kern.cpp:155]   --->   Operation 210 'br' 'br_ln155' <Predicate = true> <Delay = 0.00>
ST_38 : Operation 211 [1/1] (0.00ns)   --->   "%lshr_ln = partselect i3 @_ssdm_op_PartSelect.i3.i5.i32.i32, i5 %ow, i32 1, i32 3" [kern.cpp:156]   --->   Operation 211 'partselect' 'lshr_ln' <Predicate = (!icmp_ln155)> <Delay = 0.00>
ST_38 : Operation 212 [1/1] (0.00ns)   --->   "%add_ln2 = bitconcatenate i7 @_ssdm_op_BitConcatenate.i7.i4.i3, i4 %trunc_ln154, i3 %lshr_ln" [kern.cpp:156]   --->   Operation 212 'bitconcatenate' 'add_ln2' <Predicate = (!icmp_ln155)> <Delay = 0.00>
ST_38 : Operation 213 [1/1] (0.00ns)   --->   "%zext_ln156 = zext i7 %add_ln2" [kern.cpp:156]   --->   Operation 213 'zext' 'zext_ln156' <Predicate = (!icmp_ln155)> <Delay = 0.00>
ST_38 : Operation 214 [1/1] (0.00ns)   --->   "%buffer_0_addr = getelementptr i32 %buffer_0, i64 0, i64 %zext_ln156" [kern.cpp:156]   --->   Operation 214 'getelementptr' 'buffer_0_addr' <Predicate = (!icmp_ln155)> <Delay = 0.00>
ST_38 : Operation 215 [1/1] (0.00ns)   --->   "%buffer_1_addr = getelementptr i32 %buffer_1, i64 0, i64 %zext_ln156" [kern.cpp:156]   --->   Operation 215 'getelementptr' 'buffer_1_addr' <Predicate = (!icmp_ln155)> <Delay = 0.00>
ST_38 : Operation 216 [2/2] (3.25ns)   --->   "%buffer_0_load = load i9 %buffer_0_addr" [kern.cpp:156]   --->   Operation 216 'load' 'buffer_0_load' <Predicate = (!icmp_ln155)> <Delay = 3.25> <CoreInst = "RAM">   --->   Core 81 'RAM' <Latency = 1> <II = 1> <Delay = 3.25> <Storage> <Opcode : 'load' 'store'> <Ports = 2> <Width = 32> <Depth = 512> <RAM>
ST_38 : Operation 217 [2/2] (3.25ns)   --->   "%buffer_1_load = load i9 %buffer_1_addr" [kern.cpp:156]   --->   Operation 217 'load' 'buffer_1_load' <Predicate = (!icmp_ln155)> <Delay = 3.25> <CoreInst = "RAM">   --->   Core 81 'RAM' <Latency = 1> <II = 1> <Delay = 3.25> <Storage> <Opcode : 'load' 'store'> <Ports = 2> <Width = 32> <Depth = 512> <RAM>
ST_38 : Operation 218 [1/1] (1.58ns)   --->   "%store_ln154 = store i5 %add_ln154, i5 %oh" [kern.cpp:154]   --->   Operation 218 'store' 'store_ln154' <Predicate = (icmp_ln155)> <Delay = 1.58>
ST_38 : Operation 219 [1/1] (0.00ns)   --->   "%br_ln154 = br void %L2_W" [kern.cpp:154]   --->   Operation 219 'br' 'br_ln154' <Predicate = (icmp_ln155)> <Delay = 0.00>

State 39 <SV = 38> <Delay = 3.95>
ST_39 : Operation 220 [1/1] (0.00ns)   --->   "%trunc_ln155 = trunc i5 %ow" [kern.cpp:155]   --->   Operation 220 'trunc' 'trunc_ln155' <Predicate = true> <Delay = 0.00>
ST_39 : Operation 221 [1/1] (0.00ns)   --->   "%trunc_ln155_1 = trunc i5 %ow" [kern.cpp:155]   --->   Operation 221 'trunc' 'trunc_ln155_1' <Predicate = true> <Delay = 0.00>
ST_39 : Operation 222 [1/1] (0.00ns)   --->   "%speclooptripcount_ln155 = speclooptripcount void @_ssdm_op_SpecLoopTripCount, i64 16, i64 16, i64 16" [kern.cpp:155]   --->   Operation 222 'speclooptripcount' 'speclooptripcount_ln155' <Predicate = true> <Delay = 0.00>
ST_39 : Operation 223 [1/1] (0.00ns)   --->   "%specloopname_ln155 = specloopname void @_ssdm_op_SpecLoopName, void @empty_8" [kern.cpp:155]   --->   Operation 223 'specloopname' 'specloopname_ln155' <Predicate = true> <Delay = 0.00>
ST_39 : Operation 224 [1/2] ( I:3.25ns O:3.25ns )   --->   "%buffer_0_load = load i9 %buffer_0_addr" [kern.cpp:156]   --->   Operation 224 'load' 'buffer_0_load' <Predicate = true> <Delay = 3.25> <CoreInst = "RAM">   --->   Core 81 'RAM' <Latency = 1> <II = 1> <Delay = 3.25> <Storage> <Opcode : 'load' 'store'> <Ports = 2> <Width = 32> <Depth = 512> <RAM>
ST_39 : Operation 225 [1/2] ( I:3.25ns O:3.25ns )   --->   "%buffer_1_load = load i9 %buffer_1_addr" [kern.cpp:156]   --->   Operation 225 'load' 'buffer_1_load' <Predicate = true> <Delay = 3.25> <CoreInst = "RAM">   --->   Core 81 'RAM' <Latency = 1> <II = 1> <Delay = 3.25> <Storage> <Opcode : 'load' 'store'> <Ports = 2> <Width = 32> <Depth = 512> <RAM>
ST_39 : Operation 226 [1/1] (0.69ns)   --->   "%loc = select i1 %trunc_ln155_1, i32 %buffer_1_load, i32 %buffer_0_load" [kern.cpp:156]   --->   Operation 226 'select' 'loc' <Predicate = true> <Delay = 0.69> <CoreInst = "Sel">   --->   Core 73 'Sel' <Latency = 0> <II = 1> <Delay = 0.69> <FuncUnit> <Opcode : 'select'> <InPorts = 3> <OutPorts = 1>
ST_39 : Operation 227 [1/1] (1.58ns)   --->   "%br_ln157 = br void %for.body8" [kern.cpp:157]   --->   Operation 227 'br' 'br_ln157' <Predicate = true> <Delay = 1.58>

State 40 <SV = 39> <Delay = 8.61>
ST_40 : Operation 228 [1/1] (0.00ns)   --->   "%k = phi i2 0, void %L2_K.split, i2 %add_ln157, void %for.inc48" [kern.cpp:157]   --->   Operation 228 'phi' 'k' <Predicate = true> <Delay = 0.00>
ST_40 : Operation 229 [1/1] (0.00ns)   --->   "%loc_8 = phi i32 %loc, void %L2_K.split, i32 %loc_4, void %for.inc48"   --->   Operation 229 'phi' 'loc_8' <Predicate = true> <Delay = 0.00>
ST_40 : Operation 230 [1/1] (1.56ns)   --->   "%icmp_ln157 = icmp_eq  i2 %k, i2 3" [kern.cpp:157]   --->   Operation 230 'icmp' 'icmp_ln157' <Predicate = true> <Delay = 1.56> <CoreInst = "Cmp">   --->   Core 9 'Cmp' <Latency = 0> <II = 1> <Delay = 1.56> <FuncUnit> <Opcode : 'seteq' 'setne' 'setle' 'setge' 'setlt' 'setgt'> <InPorts = 2> <OutPorts = 1>
ST_40 : Operation 231 [1/1] (1.56ns)   --->   "%add_ln157 = add i2 %k, i2 1" [kern.cpp:157]   --->   Operation 231 'add' 'add_ln157' <Predicate = true> <Delay = 1.56> <CoreInst = "Adder">   --->   Core 1 'Adder' <Latency = 0> <II = 1> <Delay = 1.56> <FuncUnit> <Opcode : 'add' 'sub'> <InPorts = 2> <OutPorts = 1>
ST_40 : Operation 232 [1/1] (0.00ns)   --->   "%br_ln157 = br i1 %icmp_ln157, void %for.body8.split, void %for.inc55" [kern.cpp:157]   --->   Operation 232 'br' 'br_ln157' <Predicate = true> <Delay = 0.00>
ST_40 : Operation 233 [1/1] (0.00ns)   --->   "%zext_ln157 = zext i2 %k" [kern.cpp:157]   --->   Operation 233 'zext' 'zext_ln157' <Predicate = (!icmp_ln157)> <Delay = 0.00>
ST_40 : Operation 234 [1/1] (0.00ns)   --->   "%speclooptripcount_ln156 = speclooptripcount void @_ssdm_op_SpecLoopTripCount, i64 3, i64 3, i64 3" [kern.cpp:156]   --->   Operation 234 'speclooptripcount' 'speclooptripcount_ln156' <Predicate = (!icmp_ln157)> <Delay = 0.00>
ST_40 : Operation 235 [1/1] (0.00ns)   --->   "%specloopname_ln157 = specloopname void @_ssdm_op_SpecLoopName, void @empty_18" [kern.cpp:157]   --->   Operation 235 'specloopname' 'specloopname_ln157' <Predicate = (!icmp_ln157)> <Delay = 0.00>
ST_40 : Operation 236 [1/1] (1.56ns)   --->   "%icmp_ln158 = icmp_ult  i2 %k, i2 %num_kerns_val_read" [kern.cpp:158]   --->   Operation 236 'icmp' 'icmp_ln158' <Predicate = (!icmp_ln157)> <Delay = 1.56> <CoreInst = "Cmp">   --->   Core 9 'Cmp' <Latency = 0> <II = 1> <Delay = 1.56> <FuncUnit> <Opcode : 'seteq' 'setne' 'setle' 'setge' 'setlt' 'setgt'> <InPorts = 2> <OutPorts = 1>
ST_40 : Operation 237 [1/1] (1.58ns)   --->   "%br_ln158 = br i1 %icmp_ln158, void %for.inc48, void %L2_KH" [kern.cpp:158]   --->   Operation 237 'br' 'br_ln158' <Predicate = (!icmp_ln157)> <Delay = 1.58>
ST_40 : Operation 238 [1/1] (2.55ns)   --->   "%add_ln164 = add i33 %zext_ln157, i33 %sext_ln154" [kern.cpp:164]   --->   Operation 238 'add' 'add_ln164' <Predicate = (!icmp_ln157 & icmp_ln158)> <Delay = 2.55> <CoreInst = "Adder">   --->   Core 1 'Adder' <Latency = 0> <II = 1> <Delay = 2.55> <FuncUnit> <Opcode : 'add' 'sub'> <InPorts = 2> <OutPorts = 1>
ST_40 : Operation 239 [1/1] (0.00ns)   --->   "%tmp_138 = bitselect i1 @_ssdm_op_BitSelect.i1.i33.i32, i33 %add_ln164, i32 32" [kern.cpp:156]   --->   Operation 239 'bitselect' 'tmp_138' <Predicate = (!icmp_ln157 & icmp_ln158)> <Delay = 0.00>
ST_40 : Operation 240 [1/1] (0.00ns) (grouped into LUT with out node xor_ln156)   --->   "%select_ln156_3 = select i1 %tmp_138, i33 8589934591, i33 0" [kern.cpp:156]   --->   Operation 240 'select' 'select_ln156_3' <Predicate = (!icmp_ln157 & icmp_ln158)> <Delay = 0.00> <CoreInst = "Sel">   --->   Core 73 'Sel' <Latency = 0> <II = 1> <Delay = 0.99> <FuncUnit> <Opcode : 'select'> <InPorts = 3> <OutPorts = 1>
ST_40 : Operation 241 [1/1] (0.99ns) (out node of the LUT)   --->   "%xor_ln156 = xor i33 %add_ln164, i33 %select_ln156_3" [kern.cpp:156]   --->   Operation 241 'xor' 'xor_ln156' <Predicate = (!icmp_ln157 & icmp_ln158)> <Delay = 0.99> <CoreInst = "LogicGate">   --->   Core 74 'LogicGate' <Latency = 0> <II = 1> <Delay = 0.99> <FuncUnit> <Opcode : 'and' 'or' 'xor'> <InPorts = 2> <OutPorts = 1>
ST_40 : Operation 242 [1/1] (0.00ns)   --->   "%sext_ln156_1 = sext i33 %xor_ln156" [kern.cpp:156]   --->   Operation 242 'sext' 'sext_ln156_1' <Predicate = (!icmp_ln157 & icmp_ln158)> <Delay = 0.00>
ST_40 : Operation 243 [68/68] (5.07ns)   --->   "%urem_ln156 = urem i64 %sext_ln156_1, i64 14" [kern.cpp:156]   --->   Operation 243 'urem' 'urem_ln156' <Predicate = (!icmp_ln157 & icmp_ln158)> <Delay = 5.07> <CoreInst = "DivnS_SEQ">   --->   Core 7 'DivnS_SEQ' <Latency = 67> <II = 4> <Delay = 5.07> <FuncUnit> <Opcode : 'udiv' 'sdiv' 'urem' 'srem'> <InPorts = 2> <OutPorts = 1>
ST_40 : Operation 244 [1/1] (0.00ns)   --->   "%br_ln171 = br i1 %trunc_ln155_1, void %arrayidx4.case.0, void %arrayidx4.case.1" [kern.cpp:171]   --->   Operation 244 'br' 'br_ln171' <Predicate = (icmp_ln157)> <Delay = 0.00>
ST_40 : Operation 245 [1/1] ( I:3.25ns O:3.25ns )   --->   "%store_ln171 = store i32 %loc_8, i9 %buffer_0_addr" [kern.cpp:171]   --->   Operation 245 'store' 'store_ln171' <Predicate = (icmp_ln157 & !trunc_ln155_1)> <Delay = 3.25> <CoreInst = "RAM">   --->   Core 81 'RAM' <Latency = 1> <II = 1> <Delay = 3.25> <Storage> <Opcode : 'load' 'store'> <Ports = 2> <Width = 32> <Depth = 512> <RAM>
ST_40 : Operation 246 [1/1] (0.00ns)   --->   "%br_ln171 = br void %arrayidx4.exit" [kern.cpp:171]   --->   Operation 246 'br' 'br_ln171' <Predicate = (icmp_ln157 & !trunc_ln155_1)> <Delay = 0.00>
ST_40 : Operation 247 [1/1] ( I:3.25ns O:3.25ns )   --->   "%store_ln171 = store i32 %loc_8, i9 %buffer_1_addr" [kern.cpp:171]   --->   Operation 247 'store' 'store_ln171' <Predicate = (icmp_ln157 & trunc_ln155_1)> <Delay = 3.25> <CoreInst = "RAM">   --->   Core 81 'RAM' <Latency = 1> <II = 1> <Delay = 3.25> <Storage> <Opcode : 'load' 'store'> <Ports = 2> <Width = 32> <Depth = 512> <RAM>
ST_40 : Operation 248 [1/1] (0.00ns)   --->   "%br_ln171 = br void %arrayidx4.exit" [kern.cpp:171]   --->   Operation 248 'br' 'br_ln171' <Predicate = (icmp_ln157 & trunc_ln155_1)> <Delay = 0.00>
ST_40 : Operation 249 [1/1] (0.00ns)   --->   "%br_ln155 = br void %L2_K" [kern.cpp:155]   --->   Operation 249 'br' 'br_ln155' <Predicate = (icmp_ln157)> <Delay = 0.00>

State 41 <SV = 40> <Delay = 9.17>
ST_41 : Operation 250 [1/1] (0.00ns)   --->   "%sext_ln156 = sext i33 %add_ln164" [kern.cpp:156]   --->   Operation 250 'sext' 'sext_ln156' <Predicate = true> <Delay = 0.00>
ST_41 : Operation 251 [1/1] (0.00ns)   --->   "%zext_ln156_1 = zext i64 %sext_ln156" [kern.cpp:156]   --->   Operation 251 'zext' 'zext_ln156_1' <Predicate = true> <Delay = 0.00>
ST_41 : Operation 252 [3/3] (9.17ns)   --->   "%mul_ln156 = mul i129 %zext_ln156_1, i129 21081993227096630419" [kern.cpp:156]   --->   Operation 252 'mul' 'mul_ln156' <Predicate = true> <Delay = 9.17> <CoreInst = "Multiplier">   --->   Core 3 'Multiplier' <Latency = 2> <II = 1> <Delay = 9.17> <FuncUnit> <Opcode : 'mul'> <InPorts = 2> <OutPorts = 1>
ST_41 : Operation 253 [67/68] (5.07ns)   --->   "%urem_ln156 = urem i64 %sext_ln156_1, i64 14" [kern.cpp:156]   --->   Operation 253 'urem' 'urem_ln156' <Predicate = true> <Delay = 5.07> <CoreInst = "DivnS_SEQ">   --->   Core 7 'DivnS_SEQ' <Latency = 67> <II = 4> <Delay = 5.07> <FuncUnit> <Opcode : 'udiv' 'sdiv' 'urem' 'srem'> <InPorts = 2> <OutPorts = 1>

State 42 <SV = 41> <Delay = 9.17>
ST_42 : Operation 254 [2/3] (9.17ns)   --->   "%mul_ln156 = mul i129 %zext_ln156_1, i129 21081993227096630419" [kern.cpp:156]   --->   Operation 254 'mul' 'mul_ln156' <Predicate = true> <Delay = 9.17> <CoreInst = "Multiplier">   --->   Core 3 'Multiplier' <Latency = 2> <II = 1> <Delay = 9.17> <FuncUnit> <Opcode : 'mul'> <InPorts = 2> <OutPorts = 1>
ST_42 : Operation 255 [66/68] (5.07ns)   --->   "%urem_ln156 = urem i64 %sext_ln156_1, i64 14" [kern.cpp:156]   --->   Operation 255 'urem' 'urem_ln156' <Predicate = true> <Delay = 5.07> <CoreInst = "DivnS_SEQ">   --->   Core 7 'DivnS_SEQ' <Latency = 67> <II = 4> <Delay = 5.07> <FuncUnit> <Opcode : 'udiv' 'sdiv' 'urem' 'srem'> <InPorts = 2> <OutPorts = 1>

State 43 <SV = 42> <Delay = 9.17>
ST_43 : Operation 256 [1/3] (9.17ns)   --->   "%mul_ln156 = mul i129 %zext_ln156_1, i129 21081993227096630419" [kern.cpp:156]   --->   Operation 256 'mul' 'mul_ln156' <Predicate = true> <Delay = 9.17> <CoreInst = "Multiplier">   --->   Core 3 'Multiplier' <Latency = 2> <II = 1> <Delay = 9.17> <FuncUnit> <Opcode : 'mul'> <InPorts = 2> <OutPorts = 1>
ST_43 : Operation 257 [1/1] (0.00ns)   --->   "%udiv_ln4_cast = partselect i11 @_ssdm_op_PartSelect.i11.i129.i32.i32, i129 %mul_ln156, i32 68, i32 78" [kern.cpp:156]   --->   Operation 257 'partselect' 'udiv_ln4_cast' <Predicate = true> <Delay = 0.00>
ST_43 : Operation 258 [65/68] (5.07ns)   --->   "%urem_ln156 = urem i64 %sext_ln156_1, i64 14" [kern.cpp:156]   --->   Operation 258 'urem' 'urem_ln156' <Predicate = true> <Delay = 5.07> <CoreInst = "DivnS_SEQ">   --->   Core 7 'DivnS_SEQ' <Latency = 67> <II = 4> <Delay = 5.07> <FuncUnit> <Opcode : 'udiv' 'sdiv' 'urem' 'srem'> <InPorts = 2> <OutPorts = 1>

State 44 <SV = 43> <Delay = 5.07>
ST_44 : Operation 259 [64/68] (5.07ns)   --->   "%urem_ln156 = urem i64 %sext_ln156_1, i64 14" [kern.cpp:156]   --->   Operation 259 'urem' 'urem_ln156' <Predicate = true> <Delay = 5.07> <CoreInst = "DivnS_SEQ">   --->   Core 7 'DivnS_SEQ' <Latency = 67> <II = 4> <Delay = 5.07> <FuncUnit> <Opcode : 'udiv' 'sdiv' 'urem' 'srem'> <InPorts = 2> <OutPorts = 1>

State 45 <SV = 44> <Delay = 5.07>
ST_45 : Operation 260 [63/68] (5.07ns)   --->   "%urem_ln156 = urem i64 %sext_ln156_1, i64 14" [kern.cpp:156]   --->   Operation 260 'urem' 'urem_ln156' <Predicate = true> <Delay = 5.07> <CoreInst = "DivnS_SEQ">   --->   Core 7 'DivnS_SEQ' <Latency = 67> <II = 4> <Delay = 5.07> <FuncUnit> <Opcode : 'udiv' 'sdiv' 'urem' 'srem'> <InPorts = 2> <OutPorts = 1>

State 46 <SV = 45> <Delay = 5.07>
ST_46 : Operation 261 [62/68] (5.07ns)   --->   "%urem_ln156 = urem i64 %sext_ln156_1, i64 14" [kern.cpp:156]   --->   Operation 261 'urem' 'urem_ln156' <Predicate = true> <Delay = 5.07> <CoreInst = "DivnS_SEQ">   --->   Core 7 'DivnS_SEQ' <Latency = 67> <II = 4> <Delay = 5.07> <FuncUnit> <Opcode : 'udiv' 'sdiv' 'urem' 'srem'> <InPorts = 2> <OutPorts = 1>

State 47 <SV = 46> <Delay = 5.07>
ST_47 : Operation 262 [61/68] (5.07ns)   --->   "%urem_ln156 = urem i64 %sext_ln156_1, i64 14" [kern.cpp:156]   --->   Operation 262 'urem' 'urem_ln156' <Predicate = true> <Delay = 5.07> <CoreInst = "DivnS_SEQ">   --->   Core 7 'DivnS_SEQ' <Latency = 67> <II = 4> <Delay = 5.07> <FuncUnit> <Opcode : 'udiv' 'sdiv' 'urem' 'srem'> <InPorts = 2> <OutPorts = 1>

State 48 <SV = 47> <Delay = 5.07>
ST_48 : Operation 263 [60/68] (5.07ns)   --->   "%urem_ln156 = urem i64 %sext_ln156_1, i64 14" [kern.cpp:156]   --->   Operation 263 'urem' 'urem_ln156' <Predicate = true> <Delay = 5.07> <CoreInst = "DivnS_SEQ">   --->   Core 7 'DivnS_SEQ' <Latency = 67> <II = 4> <Delay = 5.07> <FuncUnit> <Opcode : 'udiv' 'sdiv' 'urem' 'srem'> <InPorts = 2> <OutPorts = 1>

State 49 <SV = 48> <Delay = 5.07>
ST_49 : Operation 264 [59/68] (5.07ns)   --->   "%urem_ln156 = urem i64 %sext_ln156_1, i64 14" [kern.cpp:156]   --->   Operation 264 'urem' 'urem_ln156' <Predicate = true> <Delay = 5.07> <CoreInst = "DivnS_SEQ">   --->   Core 7 'DivnS_SEQ' <Latency = 67> <II = 4> <Delay = 5.07> <FuncUnit> <Opcode : 'udiv' 'sdiv' 'urem' 'srem'> <InPorts = 2> <OutPorts = 1>

State 50 <SV = 49> <Delay = 5.07>
ST_50 : Operation 265 [58/68] (5.07ns)   --->   "%urem_ln156 = urem i64 %sext_ln156_1, i64 14" [kern.cpp:156]   --->   Operation 265 'urem' 'urem_ln156' <Predicate = true> <Delay = 5.07> <CoreInst = "DivnS_SEQ">   --->   Core 7 'DivnS_SEQ' <Latency = 67> <II = 4> <Delay = 5.07> <FuncUnit> <Opcode : 'udiv' 'sdiv' 'urem' 'srem'> <InPorts = 2> <OutPorts = 1>

State 51 <SV = 50> <Delay = 5.07>
ST_51 : Operation 266 [57/68] (5.07ns)   --->   "%urem_ln156 = urem i64 %sext_ln156_1, i64 14" [kern.cpp:156]   --->   Operation 266 'urem' 'urem_ln156' <Predicate = true> <Delay = 5.07> <CoreInst = "DivnS_SEQ">   --->   Core 7 'DivnS_SEQ' <Latency = 67> <II = 4> <Delay = 5.07> <FuncUnit> <Opcode : 'udiv' 'sdiv' 'urem' 'srem'> <InPorts = 2> <OutPorts = 1>

State 52 <SV = 51> <Delay = 5.07>
ST_52 : Operation 267 [56/68] (5.07ns)   --->   "%urem_ln156 = urem i64 %sext_ln156_1, i64 14" [kern.cpp:156]   --->   Operation 267 'urem' 'urem_ln156' <Predicate = true> <Delay = 5.07> <CoreInst = "DivnS_SEQ">   --->   Core 7 'DivnS_SEQ' <Latency = 67> <II = 4> <Delay = 5.07> <FuncUnit> <Opcode : 'udiv' 'sdiv' 'urem' 'srem'> <InPorts = 2> <OutPorts = 1>

State 53 <SV = 52> <Delay = 5.07>
ST_53 : Operation 268 [55/68] (5.07ns)   --->   "%urem_ln156 = urem i64 %sext_ln156_1, i64 14" [kern.cpp:156]   --->   Operation 268 'urem' 'urem_ln156' <Predicate = true> <Delay = 5.07> <CoreInst = "DivnS_SEQ">   --->   Core 7 'DivnS_SEQ' <Latency = 67> <II = 4> <Delay = 5.07> <FuncUnit> <Opcode : 'udiv' 'sdiv' 'urem' 'srem'> <InPorts = 2> <OutPorts = 1>

State 54 <SV = 53> <Delay = 5.07>
ST_54 : Operation 269 [54/68] (5.07ns)   --->   "%urem_ln156 = urem i64 %sext_ln156_1, i64 14" [kern.cpp:156]   --->   Operation 269 'urem' 'urem_ln156' <Predicate = true> <Delay = 5.07> <CoreInst = "DivnS_SEQ">   --->   Core 7 'DivnS_SEQ' <Latency = 67> <II = 4> <Delay = 5.07> <FuncUnit> <Opcode : 'udiv' 'sdiv' 'urem' 'srem'> <InPorts = 2> <OutPorts = 1>

State 55 <SV = 54> <Delay = 5.07>
ST_55 : Operation 270 [53/68] (5.07ns)   --->   "%urem_ln156 = urem i64 %sext_ln156_1, i64 14" [kern.cpp:156]   --->   Operation 270 'urem' 'urem_ln156' <Predicate = true> <Delay = 5.07> <CoreInst = "DivnS_SEQ">   --->   Core 7 'DivnS_SEQ' <Latency = 67> <II = 4> <Delay = 5.07> <FuncUnit> <Opcode : 'udiv' 'sdiv' 'urem' 'srem'> <InPorts = 2> <OutPorts = 1>

State 56 <SV = 55> <Delay = 5.07>
ST_56 : Operation 271 [52/68] (5.07ns)   --->   "%urem_ln156 = urem i64 %sext_ln156_1, i64 14" [kern.cpp:156]   --->   Operation 271 'urem' 'urem_ln156' <Predicate = true> <Delay = 5.07> <CoreInst = "DivnS_SEQ">   --->   Core 7 'DivnS_SEQ' <Latency = 67> <II = 4> <Delay = 5.07> <FuncUnit> <Opcode : 'udiv' 'sdiv' 'urem' 'srem'> <InPorts = 2> <OutPorts = 1>

State 57 <SV = 56> <Delay = 5.07>
ST_57 : Operation 272 [51/68] (5.07ns)   --->   "%urem_ln156 = urem i64 %sext_ln156_1, i64 14" [kern.cpp:156]   --->   Operation 272 'urem' 'urem_ln156' <Predicate = true> <Delay = 5.07> <CoreInst = "DivnS_SEQ">   --->   Core 7 'DivnS_SEQ' <Latency = 67> <II = 4> <Delay = 5.07> <FuncUnit> <Opcode : 'udiv' 'sdiv' 'urem' 'srem'> <InPorts = 2> <OutPorts = 1>

State 58 <SV = 57> <Delay = 5.07>
ST_58 : Operation 273 [50/68] (5.07ns)   --->   "%urem_ln156 = urem i64 %sext_ln156_1, i64 14" [kern.cpp:156]   --->   Operation 273 'urem' 'urem_ln156' <Predicate = true> <Delay = 5.07> <CoreInst = "DivnS_SEQ">   --->   Core 7 'DivnS_SEQ' <Latency = 67> <II = 4> <Delay = 5.07> <FuncUnit> <Opcode : 'udiv' 'sdiv' 'urem' 'srem'> <InPorts = 2> <OutPorts = 1>

State 59 <SV = 58> <Delay = 5.07>
ST_59 : Operation 274 [49/68] (5.07ns)   --->   "%urem_ln156 = urem i64 %sext_ln156_1, i64 14" [kern.cpp:156]   --->   Operation 274 'urem' 'urem_ln156' <Predicate = true> <Delay = 5.07> <CoreInst = "DivnS_SEQ">   --->   Core 7 'DivnS_SEQ' <Latency = 67> <II = 4> <Delay = 5.07> <FuncUnit> <Opcode : 'udiv' 'sdiv' 'urem' 'srem'> <InPorts = 2> <OutPorts = 1>

State 60 <SV = 59> <Delay = 5.07>
ST_60 : Operation 275 [48/68] (5.07ns)   --->   "%urem_ln156 = urem i64 %sext_ln156_1, i64 14" [kern.cpp:156]   --->   Operation 275 'urem' 'urem_ln156' <Predicate = true> <Delay = 5.07> <CoreInst = "DivnS_SEQ">   --->   Core 7 'DivnS_SEQ' <Latency = 67> <II = 4> <Delay = 5.07> <FuncUnit> <Opcode : 'udiv' 'sdiv' 'urem' 'srem'> <InPorts = 2> <OutPorts = 1>

State 61 <SV = 60> <Delay = 5.07>
ST_61 : Operation 276 [47/68] (5.07ns)   --->   "%urem_ln156 = urem i64 %sext_ln156_1, i64 14" [kern.cpp:156]   --->   Operation 276 'urem' 'urem_ln156' <Predicate = true> <Delay = 5.07> <CoreInst = "DivnS_SEQ">   --->   Core 7 'DivnS_SEQ' <Latency = 67> <II = 4> <Delay = 5.07> <FuncUnit> <Opcode : 'udiv' 'sdiv' 'urem' 'srem'> <InPorts = 2> <OutPorts = 1>

State 62 <SV = 61> <Delay = 5.07>
ST_62 : Operation 277 [46/68] (5.07ns)   --->   "%urem_ln156 = urem i64 %sext_ln156_1, i64 14" [kern.cpp:156]   --->   Operation 277 'urem' 'urem_ln156' <Predicate = true> <Delay = 5.07> <CoreInst = "DivnS_SEQ">   --->   Core 7 'DivnS_SEQ' <Latency = 67> <II = 4> <Delay = 5.07> <FuncUnit> <Opcode : 'udiv' 'sdiv' 'urem' 'srem'> <InPorts = 2> <OutPorts = 1>

State 63 <SV = 62> <Delay = 5.07>
ST_63 : Operation 278 [45/68] (5.07ns)   --->   "%urem_ln156 = urem i64 %sext_ln156_1, i64 14" [kern.cpp:156]   --->   Operation 278 'urem' 'urem_ln156' <Predicate = true> <Delay = 5.07> <CoreInst = "DivnS_SEQ">   --->   Core 7 'DivnS_SEQ' <Latency = 67> <II = 4> <Delay = 5.07> <FuncUnit> <Opcode : 'udiv' 'sdiv' 'urem' 'srem'> <InPorts = 2> <OutPorts = 1>

State 64 <SV = 63> <Delay = 5.07>
ST_64 : Operation 279 [44/68] (5.07ns)   --->   "%urem_ln156 = urem i64 %sext_ln156_1, i64 14" [kern.cpp:156]   --->   Operation 279 'urem' 'urem_ln156' <Predicate = true> <Delay = 5.07> <CoreInst = "DivnS_SEQ">   --->   Core 7 'DivnS_SEQ' <Latency = 67> <II = 4> <Delay = 5.07> <FuncUnit> <Opcode : 'udiv' 'sdiv' 'urem' 'srem'> <InPorts = 2> <OutPorts = 1>

State 65 <SV = 64> <Delay = 5.07>
ST_65 : Operation 280 [43/68] (5.07ns)   --->   "%urem_ln156 = urem i64 %sext_ln156_1, i64 14" [kern.cpp:156]   --->   Operation 280 'urem' 'urem_ln156' <Predicate = true> <Delay = 5.07> <CoreInst = "DivnS_SEQ">   --->   Core 7 'DivnS_SEQ' <Latency = 67> <II = 4> <Delay = 5.07> <FuncUnit> <Opcode : 'udiv' 'sdiv' 'urem' 'srem'> <InPorts = 2> <OutPorts = 1>

State 66 <SV = 65> <Delay = 5.07>
ST_66 : Operation 281 [42/68] (5.07ns)   --->   "%urem_ln156 = urem i64 %sext_ln156_1, i64 14" [kern.cpp:156]   --->   Operation 281 'urem' 'urem_ln156' <Predicate = true> <Delay = 5.07> <CoreInst = "DivnS_SEQ">   --->   Core 7 'DivnS_SEQ' <Latency = 67> <II = 4> <Delay = 5.07> <FuncUnit> <Opcode : 'udiv' 'sdiv' 'urem' 'srem'> <InPorts = 2> <OutPorts = 1>

State 67 <SV = 66> <Delay = 5.07>
ST_67 : Operation 282 [41/68] (5.07ns)   --->   "%urem_ln156 = urem i64 %sext_ln156_1, i64 14" [kern.cpp:156]   --->   Operation 282 'urem' 'urem_ln156' <Predicate = true> <Delay = 5.07> <CoreInst = "DivnS_SEQ">   --->   Core 7 'DivnS_SEQ' <Latency = 67> <II = 4> <Delay = 5.07> <FuncUnit> <Opcode : 'udiv' 'sdiv' 'urem' 'srem'> <InPorts = 2> <OutPorts = 1>

State 68 <SV = 67> <Delay = 5.07>
ST_68 : Operation 283 [40/68] (5.07ns)   --->   "%urem_ln156 = urem i64 %sext_ln156_1, i64 14" [kern.cpp:156]   --->   Operation 283 'urem' 'urem_ln156' <Predicate = true> <Delay = 5.07> <CoreInst = "DivnS_SEQ">   --->   Core 7 'DivnS_SEQ' <Latency = 67> <II = 4> <Delay = 5.07> <FuncUnit> <Opcode : 'udiv' 'sdiv' 'urem' 'srem'> <InPorts = 2> <OutPorts = 1>

State 69 <SV = 68> <Delay = 5.07>
ST_69 : Operation 284 [39/68] (5.07ns)   --->   "%urem_ln156 = urem i64 %sext_ln156_1, i64 14" [kern.cpp:156]   --->   Operation 284 'urem' 'urem_ln156' <Predicate = true> <Delay = 5.07> <CoreInst = "DivnS_SEQ">   --->   Core 7 'DivnS_SEQ' <Latency = 67> <II = 4> <Delay = 5.07> <FuncUnit> <Opcode : 'udiv' 'sdiv' 'urem' 'srem'> <InPorts = 2> <OutPorts = 1>

State 70 <SV = 69> <Delay = 5.07>
ST_70 : Operation 285 [38/68] (5.07ns)   --->   "%urem_ln156 = urem i64 %sext_ln156_1, i64 14" [kern.cpp:156]   --->   Operation 285 'urem' 'urem_ln156' <Predicate = true> <Delay = 5.07> <CoreInst = "DivnS_SEQ">   --->   Core 7 'DivnS_SEQ' <Latency = 67> <II = 4> <Delay = 5.07> <FuncUnit> <Opcode : 'udiv' 'sdiv' 'urem' 'srem'> <InPorts = 2> <OutPorts = 1>

State 71 <SV = 70> <Delay = 5.07>
ST_71 : Operation 286 [37/68] (5.07ns)   --->   "%urem_ln156 = urem i64 %sext_ln156_1, i64 14" [kern.cpp:156]   --->   Operation 286 'urem' 'urem_ln156' <Predicate = true> <Delay = 5.07> <CoreInst = "DivnS_SEQ">   --->   Core 7 'DivnS_SEQ' <Latency = 67> <II = 4> <Delay = 5.07> <FuncUnit> <Opcode : 'udiv' 'sdiv' 'urem' 'srem'> <InPorts = 2> <OutPorts = 1>

State 72 <SV = 71> <Delay = 5.07>
ST_72 : Operation 287 [36/68] (5.07ns)   --->   "%urem_ln156 = urem i64 %sext_ln156_1, i64 14" [kern.cpp:156]   --->   Operation 287 'urem' 'urem_ln156' <Predicate = true> <Delay = 5.07> <CoreInst = "DivnS_SEQ">   --->   Core 7 'DivnS_SEQ' <Latency = 67> <II = 4> <Delay = 5.07> <FuncUnit> <Opcode : 'udiv' 'sdiv' 'urem' 'srem'> <InPorts = 2> <OutPorts = 1>

State 73 <SV = 72> <Delay = 5.07>
ST_73 : Operation 288 [35/68] (5.07ns)   --->   "%urem_ln156 = urem i64 %sext_ln156_1, i64 14" [kern.cpp:156]   --->   Operation 288 'urem' 'urem_ln156' <Predicate = true> <Delay = 5.07> <CoreInst = "DivnS_SEQ">   --->   Core 7 'DivnS_SEQ' <Latency = 67> <II = 4> <Delay = 5.07> <FuncUnit> <Opcode : 'udiv' 'sdiv' 'urem' 'srem'> <InPorts = 2> <OutPorts = 1>

State 74 <SV = 73> <Delay = 5.07>
ST_74 : Operation 289 [34/68] (5.07ns)   --->   "%urem_ln156 = urem i64 %sext_ln156_1, i64 14" [kern.cpp:156]   --->   Operation 289 'urem' 'urem_ln156' <Predicate = true> <Delay = 5.07> <CoreInst = "DivnS_SEQ">   --->   Core 7 'DivnS_SEQ' <Latency = 67> <II = 4> <Delay = 5.07> <FuncUnit> <Opcode : 'udiv' 'sdiv' 'urem' 'srem'> <InPorts = 2> <OutPorts = 1>

State 75 <SV = 74> <Delay = 5.07>
ST_75 : Operation 290 [33/68] (5.07ns)   --->   "%urem_ln156 = urem i64 %sext_ln156_1, i64 14" [kern.cpp:156]   --->   Operation 290 'urem' 'urem_ln156' <Predicate = true> <Delay = 5.07> <CoreInst = "DivnS_SEQ">   --->   Core 7 'DivnS_SEQ' <Latency = 67> <II = 4> <Delay = 5.07> <FuncUnit> <Opcode : 'udiv' 'sdiv' 'urem' 'srem'> <InPorts = 2> <OutPorts = 1>

State 76 <SV = 75> <Delay = 5.07>
ST_76 : Operation 291 [32/68] (5.07ns)   --->   "%urem_ln156 = urem i64 %sext_ln156_1, i64 14" [kern.cpp:156]   --->   Operation 291 'urem' 'urem_ln156' <Predicate = true> <Delay = 5.07> <CoreInst = "DivnS_SEQ">   --->   Core 7 'DivnS_SEQ' <Latency = 67> <II = 4> <Delay = 5.07> <FuncUnit> <Opcode : 'udiv' 'sdiv' 'urem' 'srem'> <InPorts = 2> <OutPorts = 1>

State 77 <SV = 76> <Delay = 5.07>
ST_77 : Operation 292 [31/68] (5.07ns)   --->   "%urem_ln156 = urem i64 %sext_ln156_1, i64 14" [kern.cpp:156]   --->   Operation 292 'urem' 'urem_ln156' <Predicate = true> <Delay = 5.07> <CoreInst = "DivnS_SEQ">   --->   Core 7 'DivnS_SEQ' <Latency = 67> <II = 4> <Delay = 5.07> <FuncUnit> <Opcode : 'udiv' 'sdiv' 'urem' 'srem'> <InPorts = 2> <OutPorts = 1>

State 78 <SV = 77> <Delay = 5.07>
ST_78 : Operation 293 [30/68] (5.07ns)   --->   "%urem_ln156 = urem i64 %sext_ln156_1, i64 14" [kern.cpp:156]   --->   Operation 293 'urem' 'urem_ln156' <Predicate = true> <Delay = 5.07> <CoreInst = "DivnS_SEQ">   --->   Core 7 'DivnS_SEQ' <Latency = 67> <II = 4> <Delay = 5.07> <FuncUnit> <Opcode : 'udiv' 'sdiv' 'urem' 'srem'> <InPorts = 2> <OutPorts = 1>

State 79 <SV = 78> <Delay = 5.07>
ST_79 : Operation 294 [29/68] (5.07ns)   --->   "%urem_ln156 = urem i64 %sext_ln156_1, i64 14" [kern.cpp:156]   --->   Operation 294 'urem' 'urem_ln156' <Predicate = true> <Delay = 5.07> <CoreInst = "DivnS_SEQ">   --->   Core 7 'DivnS_SEQ' <Latency = 67> <II = 4> <Delay = 5.07> <FuncUnit> <Opcode : 'udiv' 'sdiv' 'urem' 'srem'> <InPorts = 2> <OutPorts = 1>

State 80 <SV = 79> <Delay = 5.07>
ST_80 : Operation 295 [28/68] (5.07ns)   --->   "%urem_ln156 = urem i64 %sext_ln156_1, i64 14" [kern.cpp:156]   --->   Operation 295 'urem' 'urem_ln156' <Predicate = true> <Delay = 5.07> <CoreInst = "DivnS_SEQ">   --->   Core 7 'DivnS_SEQ' <Latency = 67> <II = 4> <Delay = 5.07> <FuncUnit> <Opcode : 'udiv' 'sdiv' 'urem' 'srem'> <InPorts = 2> <OutPorts = 1>

State 81 <SV = 80> <Delay = 5.07>
ST_81 : Operation 296 [27/68] (5.07ns)   --->   "%urem_ln156 = urem i64 %sext_ln156_1, i64 14" [kern.cpp:156]   --->   Operation 296 'urem' 'urem_ln156' <Predicate = true> <Delay = 5.07> <CoreInst = "DivnS_SEQ">   --->   Core 7 'DivnS_SEQ' <Latency = 67> <II = 4> <Delay = 5.07> <FuncUnit> <Opcode : 'udiv' 'sdiv' 'urem' 'srem'> <InPorts = 2> <OutPorts = 1>

State 82 <SV = 81> <Delay = 5.07>
ST_82 : Operation 297 [26/68] (5.07ns)   --->   "%urem_ln156 = urem i64 %sext_ln156_1, i64 14" [kern.cpp:156]   --->   Operation 297 'urem' 'urem_ln156' <Predicate = true> <Delay = 5.07> <CoreInst = "DivnS_SEQ">   --->   Core 7 'DivnS_SEQ' <Latency = 67> <II = 4> <Delay = 5.07> <FuncUnit> <Opcode : 'udiv' 'sdiv' 'urem' 'srem'> <InPorts = 2> <OutPorts = 1>

State 83 <SV = 82> <Delay = 5.07>
ST_83 : Operation 298 [25/68] (5.07ns)   --->   "%urem_ln156 = urem i64 %sext_ln156_1, i64 14" [kern.cpp:156]   --->   Operation 298 'urem' 'urem_ln156' <Predicate = true> <Delay = 5.07> <CoreInst = "DivnS_SEQ">   --->   Core 7 'DivnS_SEQ' <Latency = 67> <II = 4> <Delay = 5.07> <FuncUnit> <Opcode : 'udiv' 'sdiv' 'urem' 'srem'> <InPorts = 2> <OutPorts = 1>

State 84 <SV = 83> <Delay = 5.07>
ST_84 : Operation 299 [24/68] (5.07ns)   --->   "%urem_ln156 = urem i64 %sext_ln156_1, i64 14" [kern.cpp:156]   --->   Operation 299 'urem' 'urem_ln156' <Predicate = true> <Delay = 5.07> <CoreInst = "DivnS_SEQ">   --->   Core 7 'DivnS_SEQ' <Latency = 67> <II = 4> <Delay = 5.07> <FuncUnit> <Opcode : 'udiv' 'sdiv' 'urem' 'srem'> <InPorts = 2> <OutPorts = 1>

State 85 <SV = 84> <Delay = 5.07>
ST_85 : Operation 300 [23/68] (5.07ns)   --->   "%urem_ln156 = urem i64 %sext_ln156_1, i64 14" [kern.cpp:156]   --->   Operation 300 'urem' 'urem_ln156' <Predicate = true> <Delay = 5.07> <CoreInst = "DivnS_SEQ">   --->   Core 7 'DivnS_SEQ' <Latency = 67> <II = 4> <Delay = 5.07> <FuncUnit> <Opcode : 'udiv' 'sdiv' 'urem' 'srem'> <InPorts = 2> <OutPorts = 1>

State 86 <SV = 85> <Delay = 5.07>
ST_86 : Operation 301 [22/68] (5.07ns)   --->   "%urem_ln156 = urem i64 %sext_ln156_1, i64 14" [kern.cpp:156]   --->   Operation 301 'urem' 'urem_ln156' <Predicate = true> <Delay = 5.07> <CoreInst = "DivnS_SEQ">   --->   Core 7 'DivnS_SEQ' <Latency = 67> <II = 4> <Delay = 5.07> <FuncUnit> <Opcode : 'udiv' 'sdiv' 'urem' 'srem'> <InPorts = 2> <OutPorts = 1>

State 87 <SV = 86> <Delay = 5.07>
ST_87 : Operation 302 [21/68] (5.07ns)   --->   "%urem_ln156 = urem i64 %sext_ln156_1, i64 14" [kern.cpp:156]   --->   Operation 302 'urem' 'urem_ln156' <Predicate = true> <Delay = 5.07> <CoreInst = "DivnS_SEQ">   --->   Core 7 'DivnS_SEQ' <Latency = 67> <II = 4> <Delay = 5.07> <FuncUnit> <Opcode : 'udiv' 'sdiv' 'urem' 'srem'> <InPorts = 2> <OutPorts = 1>

State 88 <SV = 87> <Delay = 5.07>
ST_88 : Operation 303 [20/68] (5.07ns)   --->   "%urem_ln156 = urem i64 %sext_ln156_1, i64 14" [kern.cpp:156]   --->   Operation 303 'urem' 'urem_ln156' <Predicate = true> <Delay = 5.07> <CoreInst = "DivnS_SEQ">   --->   Core 7 'DivnS_SEQ' <Latency = 67> <II = 4> <Delay = 5.07> <FuncUnit> <Opcode : 'udiv' 'sdiv' 'urem' 'srem'> <InPorts = 2> <OutPorts = 1>

State 89 <SV = 88> <Delay = 5.07>
ST_89 : Operation 304 [19/68] (5.07ns)   --->   "%urem_ln156 = urem i64 %sext_ln156_1, i64 14" [kern.cpp:156]   --->   Operation 304 'urem' 'urem_ln156' <Predicate = true> <Delay = 5.07> <CoreInst = "DivnS_SEQ">   --->   Core 7 'DivnS_SEQ' <Latency = 67> <II = 4> <Delay = 5.07> <FuncUnit> <Opcode : 'udiv' 'sdiv' 'urem' 'srem'> <InPorts = 2> <OutPorts = 1>

State 90 <SV = 89> <Delay = 5.07>
ST_90 : Operation 305 [18/68] (5.07ns)   --->   "%urem_ln156 = urem i64 %sext_ln156_1, i64 14" [kern.cpp:156]   --->   Operation 305 'urem' 'urem_ln156' <Predicate = true> <Delay = 5.07> <CoreInst = "DivnS_SEQ">   --->   Core 7 'DivnS_SEQ' <Latency = 67> <II = 4> <Delay = 5.07> <FuncUnit> <Opcode : 'udiv' 'sdiv' 'urem' 'srem'> <InPorts = 2> <OutPorts = 1>

State 91 <SV = 90> <Delay = 5.07>
ST_91 : Operation 306 [17/68] (5.07ns)   --->   "%urem_ln156 = urem i64 %sext_ln156_1, i64 14" [kern.cpp:156]   --->   Operation 306 'urem' 'urem_ln156' <Predicate = true> <Delay = 5.07> <CoreInst = "DivnS_SEQ">   --->   Core 7 'DivnS_SEQ' <Latency = 67> <II = 4> <Delay = 5.07> <FuncUnit> <Opcode : 'udiv' 'sdiv' 'urem' 'srem'> <InPorts = 2> <OutPorts = 1>

State 92 <SV = 91> <Delay = 5.07>
ST_92 : Operation 307 [16/68] (5.07ns)   --->   "%urem_ln156 = urem i64 %sext_ln156_1, i64 14" [kern.cpp:156]   --->   Operation 307 'urem' 'urem_ln156' <Predicate = true> <Delay = 5.07> <CoreInst = "DivnS_SEQ">   --->   Core 7 'DivnS_SEQ' <Latency = 67> <II = 4> <Delay = 5.07> <FuncUnit> <Opcode : 'udiv' 'sdiv' 'urem' 'srem'> <InPorts = 2> <OutPorts = 1>

State 93 <SV = 92> <Delay = 5.07>
ST_93 : Operation 308 [15/68] (5.07ns)   --->   "%urem_ln156 = urem i64 %sext_ln156_1, i64 14" [kern.cpp:156]   --->   Operation 308 'urem' 'urem_ln156' <Predicate = true> <Delay = 5.07> <CoreInst = "DivnS_SEQ">   --->   Core 7 'DivnS_SEQ' <Latency = 67> <II = 4> <Delay = 5.07> <FuncUnit> <Opcode : 'udiv' 'sdiv' 'urem' 'srem'> <InPorts = 2> <OutPorts = 1>

State 94 <SV = 93> <Delay = 5.07>
ST_94 : Operation 309 [14/68] (5.07ns)   --->   "%urem_ln156 = urem i64 %sext_ln156_1, i64 14" [kern.cpp:156]   --->   Operation 309 'urem' 'urem_ln156' <Predicate = true> <Delay = 5.07> <CoreInst = "DivnS_SEQ">   --->   Core 7 'DivnS_SEQ' <Latency = 67> <II = 4> <Delay = 5.07> <FuncUnit> <Opcode : 'udiv' 'sdiv' 'urem' 'srem'> <InPorts = 2> <OutPorts = 1>

State 95 <SV = 94> <Delay = 5.07>
ST_95 : Operation 310 [13/68] (5.07ns)   --->   "%urem_ln156 = urem i64 %sext_ln156_1, i64 14" [kern.cpp:156]   --->   Operation 310 'urem' 'urem_ln156' <Predicate = true> <Delay = 5.07> <CoreInst = "DivnS_SEQ">   --->   Core 7 'DivnS_SEQ' <Latency = 67> <II = 4> <Delay = 5.07> <FuncUnit> <Opcode : 'udiv' 'sdiv' 'urem' 'srem'> <InPorts = 2> <OutPorts = 1>

State 96 <SV = 95> <Delay = 5.07>
ST_96 : Operation 311 [12/68] (5.07ns)   --->   "%urem_ln156 = urem i64 %sext_ln156_1, i64 14" [kern.cpp:156]   --->   Operation 311 'urem' 'urem_ln156' <Predicate = true> <Delay = 5.07> <CoreInst = "DivnS_SEQ">   --->   Core 7 'DivnS_SEQ' <Latency = 67> <II = 4> <Delay = 5.07> <FuncUnit> <Opcode : 'udiv' 'sdiv' 'urem' 'srem'> <InPorts = 2> <OutPorts = 1>

State 97 <SV = 96> <Delay = 5.07>
ST_97 : Operation 312 [11/68] (5.07ns)   --->   "%urem_ln156 = urem i64 %sext_ln156_1, i64 14" [kern.cpp:156]   --->   Operation 312 'urem' 'urem_ln156' <Predicate = true> <Delay = 5.07> <CoreInst = "DivnS_SEQ">   --->   Core 7 'DivnS_SEQ' <Latency = 67> <II = 4> <Delay = 5.07> <FuncUnit> <Opcode : 'udiv' 'sdiv' 'urem' 'srem'> <InPorts = 2> <OutPorts = 1>

State 98 <SV = 97> <Delay = 5.07>
ST_98 : Operation 313 [10/68] (5.07ns)   --->   "%urem_ln156 = urem i64 %sext_ln156_1, i64 14" [kern.cpp:156]   --->   Operation 313 'urem' 'urem_ln156' <Predicate = true> <Delay = 5.07> <CoreInst = "DivnS_SEQ">   --->   Core 7 'DivnS_SEQ' <Latency = 67> <II = 4> <Delay = 5.07> <FuncUnit> <Opcode : 'udiv' 'sdiv' 'urem' 'srem'> <InPorts = 2> <OutPorts = 1>

State 99 <SV = 98> <Delay = 5.07>
ST_99 : Operation 314 [9/68] (5.07ns)   --->   "%urem_ln156 = urem i64 %sext_ln156_1, i64 14" [kern.cpp:156]   --->   Operation 314 'urem' 'urem_ln156' <Predicate = true> <Delay = 5.07> <CoreInst = "DivnS_SEQ">   --->   Core 7 'DivnS_SEQ' <Latency = 67> <II = 4> <Delay = 5.07> <FuncUnit> <Opcode : 'udiv' 'sdiv' 'urem' 'srem'> <InPorts = 2> <OutPorts = 1>

State 100 <SV = 99> <Delay = 5.07>
ST_100 : Operation 315 [8/68] (5.07ns)   --->   "%urem_ln156 = urem i64 %sext_ln156_1, i64 14" [kern.cpp:156]   --->   Operation 315 'urem' 'urem_ln156' <Predicate = true> <Delay = 5.07> <CoreInst = "DivnS_SEQ">   --->   Core 7 'DivnS_SEQ' <Latency = 67> <II = 4> <Delay = 5.07> <FuncUnit> <Opcode : 'udiv' 'sdiv' 'urem' 'srem'> <InPorts = 2> <OutPorts = 1>

State 101 <SV = 100> <Delay = 5.07>
ST_101 : Operation 316 [7/68] (5.07ns)   --->   "%urem_ln156 = urem i64 %sext_ln156_1, i64 14" [kern.cpp:156]   --->   Operation 316 'urem' 'urem_ln156' <Predicate = true> <Delay = 5.07> <CoreInst = "DivnS_SEQ">   --->   Core 7 'DivnS_SEQ' <Latency = 67> <II = 4> <Delay = 5.07> <FuncUnit> <Opcode : 'udiv' 'sdiv' 'urem' 'srem'> <InPorts = 2> <OutPorts = 1>

State 102 <SV = 101> <Delay = 5.07>
ST_102 : Operation 317 [6/68] (5.07ns)   --->   "%urem_ln156 = urem i64 %sext_ln156_1, i64 14" [kern.cpp:156]   --->   Operation 317 'urem' 'urem_ln156' <Predicate = true> <Delay = 5.07> <CoreInst = "DivnS_SEQ">   --->   Core 7 'DivnS_SEQ' <Latency = 67> <II = 4> <Delay = 5.07> <FuncUnit> <Opcode : 'udiv' 'sdiv' 'urem' 'srem'> <InPorts = 2> <OutPorts = 1>

State 103 <SV = 102> <Delay = 5.07>
ST_103 : Operation 318 [5/68] (5.07ns)   --->   "%urem_ln156 = urem i64 %sext_ln156_1, i64 14" [kern.cpp:156]   --->   Operation 318 'urem' 'urem_ln156' <Predicate = true> <Delay = 5.07> <CoreInst = "DivnS_SEQ">   --->   Core 7 'DivnS_SEQ' <Latency = 67> <II = 4> <Delay = 5.07> <FuncUnit> <Opcode : 'udiv' 'sdiv' 'urem' 'srem'> <InPorts = 2> <OutPorts = 1>

State 104 <SV = 103> <Delay = 5.07>
ST_104 : Operation 319 [4/68] (5.07ns)   --->   "%urem_ln156 = urem i64 %sext_ln156_1, i64 14" [kern.cpp:156]   --->   Operation 319 'urem' 'urem_ln156' <Predicate = true> <Delay = 5.07> <CoreInst = "DivnS_SEQ">   --->   Core 7 'DivnS_SEQ' <Latency = 67> <II = 4> <Delay = 5.07> <FuncUnit> <Opcode : 'udiv' 'sdiv' 'urem' 'srem'> <InPorts = 2> <OutPorts = 1>

State 105 <SV = 104> <Delay = 5.07>
ST_105 : Operation 320 [3/68] (5.07ns)   --->   "%urem_ln156 = urem i64 %sext_ln156_1, i64 14" [kern.cpp:156]   --->   Operation 320 'urem' 'urem_ln156' <Predicate = true> <Delay = 5.07> <CoreInst = "DivnS_SEQ">   --->   Core 7 'DivnS_SEQ' <Latency = 67> <II = 4> <Delay = 5.07> <FuncUnit> <Opcode : 'udiv' 'sdiv' 'urem' 'srem'> <InPorts = 2> <OutPorts = 1>

State 106 <SV = 105> <Delay = 5.07>
ST_106 : Operation 321 [2/68] (5.07ns)   --->   "%urem_ln156 = urem i64 %sext_ln156_1, i64 14" [kern.cpp:156]   --->   Operation 321 'urem' 'urem_ln156' <Predicate = true> <Delay = 5.07> <CoreInst = "DivnS_SEQ">   --->   Core 7 'DivnS_SEQ' <Latency = 67> <II = 4> <Delay = 5.07> <FuncUnit> <Opcode : 'udiv' 'sdiv' 'urem' 'srem'> <InPorts = 2> <OutPorts = 1>

State 107 <SV = 106> <Delay = 7.83>
ST_107 : Operation 322 [1/68] (5.07ns)   --->   "%urem_ln156 = urem i64 %sext_ln156_1, i64 14" [kern.cpp:156]   --->   Operation 322 'urem' 'urem_ln156' <Predicate = true> <Delay = 5.07> <CoreInst = "DivnS_SEQ">   --->   Core 7 'DivnS_SEQ' <Latency = 67> <II = 4> <Delay = 5.07> <FuncUnit> <Opcode : 'udiv' 'sdiv' 'urem' 'srem'> <InPorts = 2> <OutPorts = 1>
ST_107 : Operation 323 [1/1] (0.00ns)   --->   "%trunc_ln156 = trunc i4 %urem_ln156" [kern.cpp:156]   --->   Operation 323 'trunc' 'trunc_ln156' <Predicate = true> <Delay = 0.00>
ST_107 : Operation 324 [1/1] (1.73ns)   --->   "%sub_ln156 = sub i4 13, i4 %trunc_ln156" [kern.cpp:156]   --->   Operation 324 'sub' 'sub_ln156' <Predicate = (tmp_138)> <Delay = 1.73> <CoreInst = "Adder">   --->   Core 1 'Adder' <Latency = 0> <II = 1> <Delay = 1.73> <FuncUnit> <Opcode : 'add' 'sub'> <InPorts = 2> <OutPorts = 1>
ST_107 : Operation 325 [1/1] (1.02ns)   --->   "%select_ln156 = select i1 %tmp_138, i4 %sub_ln156, i4 %trunc_ln156" [kern.cpp:156]   --->   Operation 325 'select' 'select_ln156' <Predicate = true> <Delay = 1.02> <CoreInst = "Sel">   --->   Core 73 'Sel' <Latency = 0> <II = 1> <Delay = 1.02> <FuncUnit> <Opcode : 'select'> <InPorts = 3> <OutPorts = 1>

State 108 <SV = 107> <Delay = 1.73>
ST_108 : Operation 326 [2/2] (1.73ns)   --->   "%call_ln156 = call void @conv2d_l2_Pipeline_L2_KH_L2_KW, i32 %loc_8, i4 %trunc_ln154, i4 %trunc_ln155, i11 %udiv_ln4_cast, i1 %input_0, i1 %input_1, i1 %input_2, i1 %input_3, i1 %input_4, i1 %input_5, i1 %input_6, i1 %input_7, i1 %input_8, i1 %input_9, i1 %input_10, i1 %input_11, i1 %input_12, i1 %input_13, i4 %select_ln156, i1 %kern_0_0_val_read, i1 %kern_0_1_val_read, i1 %kern_0_2_val_read, i1 %kern_0_3_val_read, i1 %kern_0_4_val_read, i1 %kern_0_5_val_read, i1 %kern_0_6_val_read, i1 %kern_0_7_val_read, i1 %kern_0_8_val_read, i1 %kern_1_0_val_read, i1 %kern_1_1_val_read, i1 %kern_1_2_val_read, i1 %kern_1_3_val_read, i1 %kern_1_4_val_read, i1 %kern_1_5_val_read, i1 %kern_1_6_val_read, i1 %kern_1_7_val_read, i1 %kern_1_8_val_read, i1 %kern_2_0_val_read, i1 %kern_2_1_val_read, i1 %kern_2_2_val_read, i1 %kern_2_3_val_read, i1 %kern_2_4_val_read, i1 %kern_2_5_val_read, i1 %kern_2_6_val_read, i1 %kern_2_7_val_read, i1 %kern_2_8_val_read, i2 %k, i32 %loc_9_loc" [kern.cpp:156]   --->   Operation 326 'call' 'call_ln156' <Predicate = true> <Delay = 1.73> <CoreType = "Generic">   --->   Generic Core

State 109 <SV = 108> <Delay = 0.00>
ST_109 : Operation 327 [1/2] (0.00ns)   --->   "%call_ln156 = call void @conv2d_l2_Pipeline_L2_KH_L2_KW, i32 %loc_8, i4 %trunc_ln154, i4 %trunc_ln155, i11 %udiv_ln4_cast, i1 %input_0, i1 %input_1, i1 %input_2, i1 %input_3, i1 %input_4, i1 %input_5, i1 %input_6, i1 %input_7, i1 %input_8, i1 %input_9, i1 %input_10, i1 %input_11, i1 %input_12, i1 %input_13, i4 %select_ln156, i1 %kern_0_0_val_read, i1 %kern_0_1_val_read, i1 %kern_0_2_val_read, i1 %kern_0_3_val_read, i1 %kern_0_4_val_read, i1 %kern_0_5_val_read, i1 %kern_0_6_val_read, i1 %kern_0_7_val_read, i1 %kern_0_8_val_read, i1 %kern_1_0_val_read, i1 %kern_1_1_val_read, i1 %kern_1_2_val_read, i1 %kern_1_3_val_read, i1 %kern_1_4_val_read, i1 %kern_1_5_val_read, i1 %kern_1_6_val_read, i1 %kern_1_7_val_read, i1 %kern_1_8_val_read, i1 %kern_2_0_val_read, i1 %kern_2_1_val_read, i1 %kern_2_2_val_read, i1 %kern_2_3_val_read, i1 %kern_2_4_val_read, i1 %kern_2_5_val_read, i1 %kern_2_6_val_read, i1 %kern_2_7_val_read, i1 %kern_2_8_val_read, i2 %k, i32 %loc_9_loc" [kern.cpp:156]   --->   Operation 327 'call' 'call_ln156' <Predicate = true> <Delay = 0.00> <CoreType = "Generic">   --->   Generic Core

State 110 <SV = 109> <Delay = 1.58>
ST_110 : Operation 328 [1/1] (0.00ns)   --->   "%loc_9_loc_load = load i32 %loc_9_loc"   --->   Operation 328 'load' 'loc_9_loc_load' <Predicate = (icmp_ln158)> <Delay = 0.00>
ST_110 : Operation 329 [1/1] (1.58ns)   --->   "%br_ln0 = br void %for.inc48"   --->   Operation 329 'br' 'br_ln0' <Predicate = (icmp_ln158)> <Delay = 1.58>
ST_110 : Operation 330 [1/1] (0.00ns)   --->   "%loc_4 = phi i32 %loc_8, void %for.body8.split, i32 %loc_9_loc_load, void %L2_KH"   --->   Operation 330 'phi' 'loc_4' <Predicate = true> <Delay = 0.00>
ST_110 : Operation 331 [1/1] (0.00ns)   --->   "%br_ln157 = br void %for.body8" [kern.cpp:157]   --->   Operation 331 'br' 'br_ln157' <Predicate = true> <Delay = 0.00>


============================================================
+ Verbose Summary: Timing violations
============================================================
Target clock period: 13.000ns, clock uncertainty: 3.510ns.

 <State 1>: 8.495ns
The critical path consists of the following:
	wire read operation ('out_ch_read') on port 'out_ch' [63]  (0.000 ns)
	'mul' operation 65 bit ('mul_ln140', kern.cpp:140) [97]  (8.495 ns)

 <State 2>: 4.135ns
The critical path consists of the following:
	'urem' operation 4 bit ('urem_ln140', kern.cpp:140) [102]  (4.135 ns)

 <State 3>: 4.135ns
The critical path consists of the following:
	'urem' operation 4 bit ('urem_ln140', kern.cpp:140) [102]  (4.135 ns)

 <State 4>: 4.135ns
The critical path consists of the following:
	'urem' operation 4 bit ('urem_ln140', kern.cpp:140) [102]  (4.135 ns)

 <State 5>: 4.135ns
The critical path consists of the following:
	'urem' operation 4 bit ('urem_ln140', kern.cpp:140) [102]  (4.135 ns)

 <State 6>: 4.135ns
The critical path consists of the following:
	'urem' operation 4 bit ('urem_ln140', kern.cpp:140) [102]  (4.135 ns)

 <State 7>: 4.135ns
The critical path consists of the following:
	'urem' operation 4 bit ('urem_ln140', kern.cpp:140) [102]  (4.135 ns)

 <State 8>: 4.135ns
The critical path consists of the following:
	'urem' operation 4 bit ('urem_ln140', kern.cpp:140) [102]  (4.135 ns)

 <State 9>: 4.135ns
The critical path consists of the following:
	'urem' operation 4 bit ('urem_ln140', kern.cpp:140) [102]  (4.135 ns)

 <State 10>: 4.135ns
The critical path consists of the following:
	'urem' operation 4 bit ('urem_ln140', kern.cpp:140) [102]  (4.135 ns)

 <State 11>: 4.135ns
The critical path consists of the following:
	'urem' operation 4 bit ('urem_ln140', kern.cpp:140) [102]  (4.135 ns)

 <State 12>: 4.135ns
The critical path consists of the following:
	'urem' operation 4 bit ('urem_ln140', kern.cpp:140) [102]  (4.135 ns)

 <State 13>: 4.135ns
The critical path consists of the following:
	'urem' operation 4 bit ('urem_ln140', kern.cpp:140) [102]  (4.135 ns)

 <State 14>: 4.135ns
The critical path consists of the following:
	'urem' operation 4 bit ('urem_ln140', kern.cpp:140) [102]  (4.135 ns)

 <State 15>: 4.135ns
The critical path consists of the following:
	'urem' operation 4 bit ('urem_ln140', kern.cpp:140) [102]  (4.135 ns)

 <State 16>: 4.135ns
The critical path consists of the following:
	'urem' operation 4 bit ('urem_ln140', kern.cpp:140) [102]  (4.135 ns)

 <State 17>: 4.135ns
The critical path consists of the following:
	'urem' operation 4 bit ('urem_ln140', kern.cpp:140) [102]  (4.135 ns)

 <State 18>: 4.135ns
The critical path consists of the following:
	'urem' operation 4 bit ('urem_ln140', kern.cpp:140) [102]  (4.135 ns)

 <State 19>: 4.135ns
The critical path consists of the following:
	'urem' operation 4 bit ('urem_ln140', kern.cpp:140) [102]  (4.135 ns)

 <State 20>: 4.135ns
The critical path consists of the following:
	'urem' operation 4 bit ('urem_ln140', kern.cpp:140) [102]  (4.135 ns)

 <State 21>: 4.135ns
The critical path consists of the following:
	'urem' operation 4 bit ('urem_ln140', kern.cpp:140) [102]  (4.135 ns)

 <State 22>: 4.135ns
The critical path consists of the following:
	'urem' operation 4 bit ('urem_ln140', kern.cpp:140) [102]  (4.135 ns)

 <State 23>: 4.135ns
The critical path consists of the following:
	'urem' operation 4 bit ('urem_ln140', kern.cpp:140) [102]  (4.135 ns)

 <State 24>: 4.135ns
The critical path consists of the following:
	'urem' operation 4 bit ('urem_ln140', kern.cpp:140) [102]  (4.135 ns)

 <State 25>: 4.135ns
The critical path consists of the following:
	'urem' operation 4 bit ('urem_ln140', kern.cpp:140) [102]  (4.135 ns)

 <State 26>: 4.135ns
The critical path consists of the following:
	'urem' operation 4 bit ('urem_ln140', kern.cpp:140) [102]  (4.135 ns)

 <State 27>: 4.135ns
The critical path consists of the following:
	'urem' operation 4 bit ('urem_ln140', kern.cpp:140) [102]  (4.135 ns)

 <State 28>: 4.135ns
The critical path consists of the following:
	'urem' operation 4 bit ('urem_ln140', kern.cpp:140) [102]  (4.135 ns)

 <State 29>: 4.135ns
The critical path consists of the following:
	'urem' operation 4 bit ('urem_ln140', kern.cpp:140) [102]  (4.135 ns)

 <State 30>: 4.135ns
The critical path consists of the following:
	'urem' operation 4 bit ('urem_ln140', kern.cpp:140) [102]  (4.135 ns)

 <State 31>: 4.135ns
The critical path consists of the following:
	'urem' operation 4 bit ('urem_ln140', kern.cpp:140) [102]  (4.135 ns)

 <State 32>: 4.135ns
The critical path consists of the following:
	'urem' operation 4 bit ('urem_ln140', kern.cpp:140) [102]  (4.135 ns)

 <State 33>: 4.135ns
The critical path consists of the following:
	'urem' operation 4 bit ('urem_ln140', kern.cpp:140) [102]  (4.135 ns)

 <State 34>: 4.135ns
The critical path consists of the following:
	'urem' operation 4 bit ('urem_ln140', kern.cpp:140) [102]  (4.135 ns)

 <State 35>: 4.135ns
The critical path consists of the following:
	'urem' operation 4 bit ('urem_ln140', kern.cpp:140) [102]  (4.135 ns)

 <State 36>: 8.629ns
The critical path consists of the following:
	'urem' operation 4 bit ('urem_ln140', kern.cpp:140) [102]  (4.135 ns)
	'sub' operation 4 bit ('sub_ln140', kern.cpp:140) [104]  (1.735 ns)
	'select' operation 4 bit ('select_ln140', kern.cpp:140) [105]  (1.024 ns)
	'call' operation ('call_ln140', kern.cpp:140) to 'conv2d_l2_Pipeline_L2_FH_L2_FW' [189]  (1.735 ns)

 <State 37>: 3.368ns
The critical path consists of the following:
	'load' operation 5 bit ('oh', kern.cpp:154) on local variable 'oh', kern.cpp:154 [113]  (0.000 ns)
	'icmp' operation 1 bit ('icmp_ln154', kern.cpp:154) [114]  (1.780 ns)
	blocking operation 1.588 ns on control path)

 <State 38>: 3.368ns
The critical path consists of the following:
	'phi' operation 5 bit ('ow', kern.cpp:155) with incoming values : ('add_ln155', kern.cpp:155) [123]  (0.000 ns)
	'getelementptr' operation 9 bit ('buffer_0_addr', kern.cpp:156) [135]  (0.000 ns)
	'load' operation 32 bit ('buffer_0_load', kern.cpp:156) on array 'buffer_0' [137]  (3.254 ns)
	blocking operation 0.114 ns on control path)

 <State 39>: 3.952ns
The critical path consists of the following:
	'load' operation 32 bit ('buffer_0_load', kern.cpp:156) on array 'buffer_0' [137]  (3.254 ns)
	'select' operation 32 bit ('loc', kern.cpp:156) [139]  (0.698 ns)

 <State 40>: 8.616ns
The critical path consists of the following:
	'phi' operation 2 bit ('k', kern.cpp:157) with incoming values : ('add_ln157', kern.cpp:157) [142]  (0.000 ns)
	'add' operation 33 bit ('add_ln164', kern.cpp:164) [154]  (2.552 ns)
	'xor' operation 33 bit ('xor_ln156', kern.cpp:156) [161]  (0.993 ns)
	'urem' operation 4 bit ('urem_ln156', kern.cpp:156) [163]  (5.071 ns)

 <State 41>: 9.171ns
The critical path consists of the following:
	'mul' operation 129 bit ('mul_ln156', kern.cpp:156) [157]  (9.171 ns)

 <State 42>: 9.171ns
The critical path consists of the following:
	'mul' operation 129 bit ('mul_ln156', kern.cpp:156) [157]  (9.171 ns)

 <State 43>: 9.171ns
The critical path consists of the following:
	'mul' operation 129 bit ('mul_ln156', kern.cpp:156) [157]  (9.171 ns)

 <State 44>: 5.071ns
The critical path consists of the following:
	'urem' operation 4 bit ('urem_ln156', kern.cpp:156) [163]  (5.071 ns)

 <State 45>: 5.071ns
The critical path consists of the following:
	'urem' operation 4 bit ('urem_ln156', kern.cpp:156) [163]  (5.071 ns)

 <State 46>: 5.071ns
The critical path consists of the following:
	'urem' operation 4 bit ('urem_ln156', kern.cpp:156) [163]  (5.071 ns)

 <State 47>: 5.071ns
The critical path consists of the following:
	'urem' operation 4 bit ('urem_ln156', kern.cpp:156) [163]  (5.071 ns)

 <State 48>: 5.071ns
The critical path consists of the following:
	'urem' operation 4 bit ('urem_ln156', kern.cpp:156) [163]  (5.071 ns)

 <State 49>: 5.071ns
The critical path consists of the following:
	'urem' operation 4 bit ('urem_ln156', kern.cpp:156) [163]  (5.071 ns)

 <State 50>: 5.071ns
The critical path consists of the following:
	'urem' operation 4 bit ('urem_ln156', kern.cpp:156) [163]  (5.071 ns)

 <State 51>: 5.071ns
The critical path consists of the following:
	'urem' operation 4 bit ('urem_ln156', kern.cpp:156) [163]  (5.071 ns)

 <State 52>: 5.071ns
The critical path consists of the following:
	'urem' operation 4 bit ('urem_ln156', kern.cpp:156) [163]  (5.071 ns)

 <State 53>: 5.071ns
The critical path consists of the following:
	'urem' operation 4 bit ('urem_ln156', kern.cpp:156) [163]  (5.071 ns)

 <State 54>: 5.071ns
The critical path consists of the following:
	'urem' operation 4 bit ('urem_ln156', kern.cpp:156) [163]  (5.071 ns)

 <State 55>: 5.071ns
The critical path consists of the following:
	'urem' operation 4 bit ('urem_ln156', kern.cpp:156) [163]  (5.071 ns)

 <State 56>: 5.071ns
The critical path consists of the following:
	'urem' operation 4 bit ('urem_ln156', kern.cpp:156) [163]  (5.071 ns)

 <State 57>: 5.071ns
The critical path consists of the following:
	'urem' operation 4 bit ('urem_ln156', kern.cpp:156) [163]  (5.071 ns)

 <State 58>: 5.071ns
The critical path consists of the following:
	'urem' operation 4 bit ('urem_ln156', kern.cpp:156) [163]  (5.071 ns)

 <State 59>: 5.071ns
The critical path consists of the following:
	'urem' operation 4 bit ('urem_ln156', kern.cpp:156) [163]  (5.071 ns)

 <State 60>: 5.071ns
The critical path consists of the following:
	'urem' operation 4 bit ('urem_ln156', kern.cpp:156) [163]  (5.071 ns)

 <State 61>: 5.071ns
The critical path consists of the following:
	'urem' operation 4 bit ('urem_ln156', kern.cpp:156) [163]  (5.071 ns)

 <State 62>: 5.071ns
The critical path consists of the following:
	'urem' operation 4 bit ('urem_ln156', kern.cpp:156) [163]  (5.071 ns)

 <State 63>: 5.071ns
The critical path consists of the following:
	'urem' operation 4 bit ('urem_ln156', kern.cpp:156) [163]  (5.071 ns)

 <State 64>: 5.071ns
The critical path consists of the following:
	'urem' operation 4 bit ('urem_ln156', kern.cpp:156) [163]  (5.071 ns)

 <State 65>: 5.071ns
The critical path consists of the following:
	'urem' operation 4 bit ('urem_ln156', kern.cpp:156) [163]  (5.071 ns)

 <State 66>: 5.071ns
The critical path consists of the following:
	'urem' operation 4 bit ('urem_ln156', kern.cpp:156) [163]  (5.071 ns)

 <State 67>: 5.071ns
The critical path consists of the following:
	'urem' operation 4 bit ('urem_ln156', kern.cpp:156) [163]  (5.071 ns)

 <State 68>: 5.071ns
The critical path consists of the following:
	'urem' operation 4 bit ('urem_ln156', kern.cpp:156) [163]  (5.071 ns)

 <State 69>: 5.071ns
The critical path consists of the following:
	'urem' operation 4 bit ('urem_ln156', kern.cpp:156) [163]  (5.071 ns)

 <State 70>: 5.071ns
The critical path consists of the following:
	'urem' operation 4 bit ('urem_ln156', kern.cpp:156) [163]  (5.071 ns)

 <State 71>: 5.071ns
The critical path consists of the following:
	'urem' operation 4 bit ('urem_ln156', kern.cpp:156) [163]  (5.071 ns)

 <State 72>: 5.071ns
The critical path consists of the following:
	'urem' operation 4 bit ('urem_ln156', kern.cpp:156) [163]  (5.071 ns)

 <State 73>: 5.071ns
The critical path consists of the following:
	'urem' operation 4 bit ('urem_ln156', kern.cpp:156) [163]  (5.071 ns)

 <State 74>: 5.071ns
The critical path consists of the following:
	'urem' operation 4 bit ('urem_ln156', kern.cpp:156) [163]  (5.071 ns)

 <State 75>: 5.071ns
The critical path consists of the following:
	'urem' operation 4 bit ('urem_ln156', kern.cpp:156) [163]  (5.071 ns)

 <State 76>: 5.071ns
The critical path consists of the following:
	'urem' operation 4 bit ('urem_ln156', kern.cpp:156) [163]  (5.071 ns)

 <State 77>: 5.071ns
The critical path consists of the following:
	'urem' operation 4 bit ('urem_ln156', kern.cpp:156) [163]  (5.071 ns)

 <State 78>: 5.071ns
The critical path consists of the following:
	'urem' operation 4 bit ('urem_ln156', kern.cpp:156) [163]  (5.071 ns)

 <State 79>: 5.071ns
The critical path consists of the following:
	'urem' operation 4 bit ('urem_ln156', kern.cpp:156) [163]  (5.071 ns)

 <State 80>: 5.071ns
The critical path consists of the following:
	'urem' operation 4 bit ('urem_ln156', kern.cpp:156) [163]  (5.071 ns)

 <State 81>: 5.071ns
The critical path consists of the following:
	'urem' operation 4 bit ('urem_ln156', kern.cpp:156) [163]  (5.071 ns)

 <State 82>: 5.071ns
The critical path consists of the following:
	'urem' operation 4 bit ('urem_ln156', kern.cpp:156) [163]  (5.071 ns)

 <State 83>: 5.071ns
The critical path consists of the following:
	'urem' operation 4 bit ('urem_ln156', kern.cpp:156) [163]  (5.071 ns)

 <State 84>: 5.071ns
The critical path consists of the following:
	'urem' operation 4 bit ('urem_ln156', kern.cpp:156) [163]  (5.071 ns)

 <State 85>: 5.071ns
The critical path consists of the following:
	'urem' operation 4 bit ('urem_ln156', kern.cpp:156) [163]  (5.071 ns)

 <State 86>: 5.071ns
The critical path consists of the following:
	'urem' operation 4 bit ('urem_ln156', kern.cpp:156) [163]  (5.071 ns)

 <State 87>: 5.071ns
The critical path consists of the following:
	'urem' operation 4 bit ('urem_ln156', kern.cpp:156) [163]  (5.071 ns)

 <State 88>: 5.071ns
The critical path consists of the following:
	'urem' operation 4 bit ('urem_ln156', kern.cpp:156) [163]  (5.071 ns)

 <State 89>: 5.071ns
The critical path consists of the following:
	'urem' operation 4 bit ('urem_ln156', kern.cpp:156) [163]  (5.071 ns)

 <State 90>: 5.071ns
The critical path consists of the following:
	'urem' operation 4 bit ('urem_ln156', kern.cpp:156) [163]  (5.071 ns)

 <State 91>: 5.071ns
The critical path consists of the following:
	'urem' operation 4 bit ('urem_ln156', kern.cpp:156) [163]  (5.071 ns)

 <State 92>: 5.071ns
The critical path consists of the following:
	'urem' operation 4 bit ('urem_ln156', kern.cpp:156) [163]  (5.071 ns)

 <State 93>: 5.071ns
The critical path consists of the following:
	'urem' operation 4 bit ('urem_ln156', kern.cpp:156) [163]  (5.071 ns)

 <State 94>: 5.071ns
The critical path consists of the following:
	'urem' operation 4 bit ('urem_ln156', kern.cpp:156) [163]  (5.071 ns)

 <State 95>: 5.071ns
The critical path consists of the following:
	'urem' operation 4 bit ('urem_ln156', kern.cpp:156) [163]  (5.071 ns)

 <State 96>: 5.071ns
The critical path consists of the following:
	'urem' operation 4 bit ('urem_ln156', kern.cpp:156) [163]  (5.071 ns)

 <State 97>: 5.071ns
The critical path consists of the following:
	'urem' operation 4 bit ('urem_ln156', kern.cpp:156) [163]  (5.071 ns)

 <State 98>: 5.071ns
The critical path consists of the following:
	'urem' operation 4 bit ('urem_ln156', kern.cpp:156) [163]  (5.071 ns)

 <State 99>: 5.071ns
The critical path consists of the following:
	'urem' operation 4 bit ('urem_ln156', kern.cpp:156) [163]  (5.071 ns)

 <State 100>: 5.071ns
The critical path consists of the following:
	'urem' operation 4 bit ('urem_ln156', kern.cpp:156) [163]  (5.071 ns)

 <State 101>: 5.071ns
The critical path consists of the following:
	'urem' operation 4 bit ('urem_ln156', kern.cpp:156) [163]  (5.071 ns)

 <State 102>: 5.071ns
The critical path consists of the following:
	'urem' operation 4 bit ('urem_ln156', kern.cpp:156) [163]  (5.071 ns)

 <State 103>: 5.071ns
The critical path consists of the following:
	'urem' operation 4 bit ('urem_ln156', kern.cpp:156) [163]  (5.071 ns)

 <State 104>: 5.071ns
The critical path consists of the following:
	'urem' operation 4 bit ('urem_ln156', kern.cpp:156) [163]  (5.071 ns)

 <State 105>: 5.071ns
The critical path consists of the following:
	'urem' operation 4 bit ('urem_ln156', kern.cpp:156) [163]  (5.071 ns)

 <State 106>: 5.071ns
The critical path consists of the following:
	'urem' operation 4 bit ('urem_ln156', kern.cpp:156) [163]  (5.071 ns)

 <State 107>: 7.830ns
The critical path consists of the following:
	'urem' operation 4 bit ('urem_ln156', kern.cpp:156) [163]  (5.071 ns)
	'sub' operation 4 bit ('sub_ln156', kern.cpp:156) [165]  (1.735 ns)
	'select' operation 4 bit ('select_ln156', kern.cpp:156) [166]  (1.024 ns)

 <State 108>: 1.735ns
The critical path consists of the following:
	'call' operation ('call_ln156', kern.cpp:156) to 'conv2d_l2_Pipeline_L2_KH_L2_KW' [167]  (1.735 ns)

 <State 109>: 0.000ns
The critical path consists of the following:

 <State 110>: 1.588ns
The critical path consists of the following:
	'load' operation 32 bit ('loc_9_loc_load') on local variable 'loc_9_loc' [168]  (0.000 ns)
	multiplexor before 'phi' operation 32 bit ('loc') with incoming values : ('loc', kern.cpp:156) ('loc_9_loc_load') [171]  (1.588 ns)
	'phi' operation 32 bit ('loc') with incoming values : ('loc', kern.cpp:156) ('loc_9_loc_load') [171]  (0.000 ns)


============================================================
+ Verbose Summary: Binding
============================================================
N/A
* FSMD analyzer results:
  - Output states:
 - Input state : 
  - Chain level:
	State 1
	State 2
	State 3
	State 4
	State 5
	State 6
	State 7
	State 8
	State 9
	State 10
	State 11
	State 12
	State 13
	State 14
	State 15
	State 16
	State 17
	State 18
	State 19
	State 20
	State 21
	State 22
	State 23
	State 24
	State 25
	State 26
	State 27
	State 28
	State 29
	State 30
	State 31
	State 32
	State 33
	State 34
	State 35
	State 36
	State 37
	State 38
	State 39
	State 40
	State 41
	State 42
	State 43
	State 44
	State 45
	State 46
	State 47
	State 48
	State 49
	State 50
	State 51
	State 52
	State 53
	State 54
	State 55
	State 56
	State 57
	State 58
	State 59
	State 60
	State 61
	State 62
	State 63
	State 64
	State 65
	State 66
	State 67
	State 68
	State 69
	State 70
	State 71
	State 72
	State 73
	State 74
	State 75
	State 76
	State 77
	State 78
	State 79
	State 80
	State 81
	State 82
	State 83
	State 84
	State 85
	State 86
	State 87
	State 88
	State 89
	State 90
	State 91
	State 92
	State 93
	State 94
	State 95
	State 96
	State 97
	State 98
	State 99
	State 100
	State 101
	State 102
	State 103
	State 104
	State 105
	State 106
	State 107
	State 108
	State 109
	State 110


============================================================
+ Verbose Summary: Datapath Resource usage 
============================================================
N/A
