

================================================================
== Vitis HLS Report for 'conv2d_l2_Pipeline_L2_KH_L2_KW'
================================================================
* Date:           Fri May  1 23:52:22 2026

* Version:        2025.2 (Build 6295257 on Nov 14 2025)
* Project:        hls_component
* Solution:       hls (Vivado IP Flow Target)
* Product family: zynq
* Target device:  xc7z020-clg400-1


================================================================
== Performance Estimates
================================================================
+ Timing: 
    * Summary: 
    +--------+----------+----------+------------+
    |  Clock |  Target  | Estimated| Uncertainty|
    +--------+----------+----------+------------+
    |ap_clk  |  13.00 ns|  8.742 ns|     3.51 ns|
    +--------+----------+----------+------------+

+ Latency: 
    * Summary: 
    +---------+---------+----------+----------+-----+-----+-------------------+
    |  Latency (cycles) |  Latency (absolute) |  Interval |      Pipeline     |
    |   min   |   max   |    min   |    max   | min | max |        Type       |
    +---------+---------+----------+----------+-----+-----+-------------------+
    |       13|       13|  0.169 us|  0.169 us|    0|    0|  loop pipeline stp|
    +---------+---------+----------+----------+-----+-----+-------------------+

    + Detail: 
        * Instance: 
        N/A

        * Loop: 
        +---------------+---------+---------+----------+-----------+-----------+------+----------+
        |               |  Latency (cycles) | Iteration|  Initiation Interval  | Trip |          |
        |   Loop Name   |   min   |   max   |  Latency |  achieved |   target  | Count| Pipelined|
        +---------------+---------+---------+----------+-----------+-----------+------+----------+
        |- L2_KH_L2_KW  |       11|       11|         4|          1|          1|     9|       yes|
        +---------------+---------+---------+----------+-----------+-----------+------+----------+

============================================================
+ Verbose Summary: Synthesis Manager
============================================================
InlineROM: 1
ExposeGlobal: 0
============================================================
+ Verbose Summary: CDFG Model
============================================================
IsTopModel: 0
ResetActiveHigh: 1
IsCombinational: 0
IsDatapathOnly: 0
HasWiredReturn: 1
HasMFsm: 2
HasVarLatency: 1
IsPipeline: 0
IsRtlPipelined: 0
IsInstanceOverlapped: 0
IsDontTouch: 0
HasImplIP: 0
IsGatedGlobalClock: 0

+ Individual pipeline summary: 
  * Pipeline-0: initiation interval (II) = 1, depth = 4


============================================================
+ Verbose Summary: Schedule
============================================================
* Number of FSM states : 4
* Pipeline : 1
  Pipeline-0 : II = 1, D = 4, States = { 1 2 3 4 }
* Dataflow Pipeline: 0

* FSM state transitions: 
1 --> 2 
2 --> 3 
3 --> 4 
4 --> 

* FSM state operations: 

State 1 <SV = 0> <Delay = 7.44>
ST_1 : Operation 7 [1/1] (0.00ns)   --->   "%loc = alloca i32 1" [kern.cpp:100]   --->   Operation 7 'alloca' 'loc' <Predicate = true> <Delay = 0.00>
ST_1 : Operation 8 [1/1] (0.00ns)   --->   "%kw = alloca i32 1" [kern.cpp:104]   --->   Operation 8 'alloca' 'kw' <Predicate = true> <Delay = 0.00>
ST_1 : Operation 9 [1/1] (0.00ns)   --->   "%kh = alloca i32 1" [kern.cpp:103]   --->   Operation 9 'alloca' 'kh' <Predicate = true> <Delay = 0.00>
ST_1 : Operation 10 [1/1] (0.00ns)   --->   "%indvar_flatten = alloca i32 1"   --->   Operation 10 'alloca' 'indvar_flatten' <Predicate = true> <Delay = 0.00>
ST_1 : Operation 11 [1/1] (0.00ns)   --->   "%k_read = read i2 @_ssdm_op_Read.ap_auto.i2, i2 %k"   --->   Operation 11 'read' 'k_read' <Predicate = true> <Delay = 0.00>
ST_1 : Operation 12 [1/1] (0.00ns)   --->   "%kern_2_8_val_read = read i1 @_ssdm_op_Read.ap_auto.i1, i1 %kern_2_8_val"   --->   Operation 12 'read' 'kern_2_8_val_read' <Predicate = true> <Delay = 0.00>
ST_1 : Operation 13 [1/1] (0.00ns)   --->   "%kern_2_7_val_read = read i1 @_ssdm_op_Read.ap_auto.i1, i1 %kern_2_7_val"   --->   Operation 13 'read' 'kern_2_7_val_read' <Predicate = true> <Delay = 0.00>
ST_1 : Operation 14 [1/1] (0.00ns)   --->   "%kern_2_6_val_read = read i1 @_ssdm_op_Read.ap_auto.i1, i1 %kern_2_6_val"   --->   Operation 14 'read' 'kern_2_6_val_read' <Predicate = true> <Delay = 0.00>
ST_1 : Operation 15 [1/1] (0.00ns)   --->   "%kern_2_5_val_read = read i1 @_ssdm_op_Read.ap_auto.i1, i1 %kern_2_5_val"   --->   Operation 15 'read' 'kern_2_5_val_read' <Predicate = true> <Delay = 0.00>
ST_1 : Operation 16 [1/1] (0.00ns)   --->   "%kern_2_4_val_read = read i1 @_ssdm_op_Read.ap_auto.i1, i1 %kern_2_4_val"   --->   Operation 16 'read' 'kern_2_4_val_read' <Predicate = true> <Delay = 0.00>
ST_1 : Operation 17 [1/1] (0.00ns)   --->   "%kern_2_3_val_read = read i1 @_ssdm_op_Read.ap_auto.i1, i1 %kern_2_3_val"   --->   Operation 17 'read' 'kern_2_3_val_read' <Predicate = true> <Delay = 0.00>
ST_1 : Operation 18 [1/1] (0.00ns)   --->   "%kern_2_2_val_read = read i1 @_ssdm_op_Read.ap_auto.i1, i1 %kern_2_2_val"   --->   Operation 18 'read' 'kern_2_2_val_read' <Predicate = true> <Delay = 0.00>
ST_1 : Operation 19 [1/1] (0.00ns)   --->   "%kern_2_1_val_read = read i1 @_ssdm_op_Read.ap_auto.i1, i1 %kern_2_1_val"   --->   Operation 19 'read' 'kern_2_1_val_read' <Predicate = true> <Delay = 0.00>
ST_1 : Operation 20 [1/1] (0.00ns)   --->   "%kern_2_0_val_read = read i1 @_ssdm_op_Read.ap_auto.i1, i1 %kern_2_0_val"   --->   Operation 20 'read' 'kern_2_0_val_read' <Predicate = true> <Delay = 0.00>
ST_1 : Operation 21 [1/1] (0.00ns)   --->   "%kern_1_8_val_read = read i1 @_ssdm_op_Read.ap_auto.i1, i1 %kern_1_8_val"   --->   Operation 21 'read' 'kern_1_8_val_read' <Predicate = true> <Delay = 0.00>
ST_1 : Operation 22 [1/1] (0.00ns)   --->   "%kern_1_7_val_read = read i1 @_ssdm_op_Read.ap_auto.i1, i1 %kern_1_7_val"   --->   Operation 22 'read' 'kern_1_7_val_read' <Predicate = true> <Delay = 0.00>
ST_1 : Operation 23 [1/1] (0.00ns)   --->   "%kern_1_6_val_read = read i1 @_ssdm_op_Read.ap_auto.i1, i1 %kern_1_6_val"   --->   Operation 23 'read' 'kern_1_6_val_read' <Predicate = true> <Delay = 0.00>
ST_1 : Operation 24 [1/1] (0.00ns)   --->   "%kern_1_5_val_read = read i1 @_ssdm_op_Read.ap_auto.i1, i1 %kern_1_5_val"   --->   Operation 24 'read' 'kern_1_5_val_read' <Predicate = true> <Delay = 0.00>
ST_1 : Operation 25 [1/1] (0.00ns)   --->   "%kern_1_4_val_read = read i1 @_ssdm_op_Read.ap_auto.i1, i1 %kern_1_4_val"   --->   Operation 25 'read' 'kern_1_4_val_read' <Predicate = true> <Delay = 0.00>
ST_1 : Operation 26 [1/1] (0.00ns)   --->   "%kern_1_3_val_read = read i1 @_ssdm_op_Read.ap_auto.i1, i1 %kern_1_3_val"   --->   Operation 26 'read' 'kern_1_3_val_read' <Predicate = true> <Delay = 0.00>
ST_1 : Operation 27 [1/1] (0.00ns)   --->   "%kern_1_2_val_read = read i1 @_ssdm_op_Read.ap_auto.i1, i1 %kern_1_2_val"   --->   Operation 27 'read' 'kern_1_2_val_read' <Predicate = true> <Delay = 0.00>
ST_1 : Operation 28 [1/1] (0.00ns)   --->   "%kern_1_1_val_read = read i1 @_ssdm_op_Read.ap_auto.i1, i1 %kern_1_1_val"   --->   Operation 28 'read' 'kern_1_1_val_read' <Predicate = true> <Delay = 0.00>
ST_1 : Operation 29 [1/1] (0.00ns)   --->   "%kern_1_0_val_read = read i1 @_ssdm_op_Read.ap_auto.i1, i1 %kern_1_0_val"   --->   Operation 29 'read' 'kern_1_0_val_read' <Predicate = true> <Delay = 0.00>
ST_1 : Operation 30 [1/1] (0.00ns)   --->   "%kern_0_8_val_read = read i1 @_ssdm_op_Read.ap_auto.i1, i1 %kern_0_8_val"   --->   Operation 30 'read' 'kern_0_8_val_read' <Predicate = true> <Delay = 0.00>
ST_1 : Operation 31 [1/1] (0.00ns)   --->   "%kern_0_7_val_read = read i1 @_ssdm_op_Read.ap_auto.i1, i1 %kern_0_7_val"   --->   Operation 31 'read' 'kern_0_7_val_read' <Predicate = true> <Delay = 0.00>
ST_1 : Operation 32 [1/1] (0.00ns)   --->   "%kern_0_6_val_read = read i1 @_ssdm_op_Read.ap_auto.i1, i1 %kern_0_6_val"   --->   Operation 32 'read' 'kern_0_6_val_read' <Predicate = true> <Delay = 0.00>
ST_1 : Operation 33 [1/1] (0.00ns)   --->   "%kern_0_5_val_read = read i1 @_ssdm_op_Read.ap_auto.i1, i1 %kern_0_5_val"   --->   Operation 33 'read' 'kern_0_5_val_read' <Predicate = true> <Delay = 0.00>
ST_1 : Operation 34 [1/1] (0.00ns)   --->   "%kern_0_4_val_read = read i1 @_ssdm_op_Read.ap_auto.i1, i1 %kern_0_4_val"   --->   Operation 34 'read' 'kern_0_4_val_read' <Predicate = true> <Delay = 0.00>
ST_1 : Operation 35 [1/1] (0.00ns)   --->   "%kern_0_3_val_read = read i1 @_ssdm_op_Read.ap_auto.i1, i1 %kern_0_3_val"   --->   Operation 35 'read' 'kern_0_3_val_read' <Predicate = true> <Delay = 0.00>
ST_1 : Operation 36 [1/1] (0.00ns)   --->   "%kern_0_2_val_read = read i1 @_ssdm_op_Read.ap_auto.i1, i1 %kern_0_2_val"   --->   Operation 36 'read' 'kern_0_2_val_read' <Predicate = true> <Delay = 0.00>
ST_1 : Operation 37 [1/1] (0.00ns)   --->   "%kern_0_1_val_read = read i1 @_ssdm_op_Read.ap_auto.i1, i1 %kern_0_1_val"   --->   Operation 37 'read' 'kern_0_1_val_read' <Predicate = true> <Delay = 0.00>
ST_1 : Operation 38 [1/1] (0.00ns)   --->   "%kern_0_0_val_read = read i1 @_ssdm_op_Read.ap_auto.i1, i1 %kern_0_0_val"   --->   Operation 38 'read' 'kern_0_0_val_read' <Predicate = true> <Delay = 0.00>
ST_1 : Operation 39 [1/1] (0.00ns)   --->   "%select_ln100_read = read i4 @_ssdm_op_Read.ap_auto.i4, i4 %select_ln100"   --->   Operation 39 'read' 'select_ln100_read' <Predicate = true> <Delay = 0.00>
ST_1 : Operation 40 [1/1] (0.00ns)   --->   "%udiv_ln4_read = read i11 @_ssdm_op_Read.ap_auto.i11, i11 %udiv_ln4"   --->   Operation 40 'read' 'udiv_ln4_read' <Predicate = true> <Delay = 0.00>
ST_1 : Operation 41 [1/1] (0.00ns)   --->   "%zext_ln99_read = read i4 @_ssdm_op_Read.ap_auto.i4, i4 %zext_ln99"   --->   Operation 41 'read' 'zext_ln99_read' <Predicate = true> <Delay = 0.00>
ST_1 : Operation 42 [1/1] (0.00ns)   --->   "%zext_ln98_read = read i4 @_ssdm_op_Read.ap_auto.i4, i4 %zext_ln98"   --->   Operation 42 'read' 'zext_ln98_read' <Predicate = true> <Delay = 0.00>
ST_1 : Operation 43 [1/1] (0.00ns)   --->   "%loc_08_read = read i32 @_ssdm_op_Read.ap_auto.i32, i32 %loc_08"   --->   Operation 43 'read' 'loc_08_read' <Predicate = true> <Delay = 0.00>
ST_1 : Operation 44 [1/1] (0.00ns)   --->   "%zext_ln99_cast = zext i4 %zext_ln99_read"   --->   Operation 44 'zext' 'zext_ln99_cast' <Predicate = true> <Delay = 0.00>
ST_1 : Operation 45 [1/1] (0.00ns)   --->   "%zext_ln98_cast = zext i4 %zext_ln98_read"   --->   Operation 45 'zext' 'zext_ln98_cast' <Predicate = true> <Delay = 0.00>
ST_1 : Operation 46 [1/1] (1.58ns)   --->   "%store_ln0 = store i4 0, i4 %indvar_flatten"   --->   Operation 46 'store' 'store_ln0' <Predicate = true> <Delay = 1.58>
ST_1 : Operation 47 [1/1] (1.58ns)   --->   "%store_ln103 = store i2 0, i2 %kh" [kern.cpp:103]   --->   Operation 47 'store' 'store_ln103' <Predicate = true> <Delay = 1.58>
ST_1 : Operation 48 [1/1] (1.58ns)   --->   "%store_ln104 = store i2 0, i2 %kw" [kern.cpp:104]   --->   Operation 48 'store' 'store_ln104' <Predicate = true> <Delay = 1.58>
ST_1 : Operation 49 [1/1] (1.58ns)   --->   "%store_ln100 = store i32 %loc_08_read, i32 %loc" [kern.cpp:100]   --->   Operation 49 'store' 'store_ln100' <Predicate = true> <Delay = 1.58>
ST_1 : Operation 50 [1/1] (0.00ns)   --->   "%br_ln0 = br void %for.body18"   --->   Operation 50 'br' 'br_ln0' <Predicate = true> <Delay = 0.00>
ST_1 : Operation 51 [1/1] (0.00ns)   --->   "%indvar_flatten_load = load i4 %indvar_flatten" [kern.cpp:103]   --->   Operation 51 'load' 'indvar_flatten_load' <Predicate = true> <Delay = 0.00>
ST_1 : Operation 52 [1/1] (1.73ns)   --->   "%icmp_ln103 = icmp_eq  i4 %indvar_flatten_load, i4 9" [kern.cpp:103]   --->   Operation 52 'icmp' 'icmp_ln103' <Predicate = true> <Delay = 1.73> <CoreInst = "Cmp">   --->   Core 9 'Cmp' <Latency = 0> <II = 1> <Delay = 1.73> <FuncUnit> <Opcode : 'seteq' 'setne' 'setle' 'setge' 'setlt' 'setgt'> <InPorts = 2> <OutPorts = 1>
ST_1 : Operation 53 [1/1] (1.73ns)   --->   "%add_ln103_1 = add i4 %indvar_flatten_load, i4 1" [kern.cpp:103]   --->   Operation 53 'add' 'add_ln103_1' <Predicate = true> <Delay = 1.73> <CoreInst = "Adder">   --->   Core 1 'Adder' <Latency = 0> <II = 1> <Delay = 1.73> <FuncUnit> <Opcode : 'add' 'sub'> <InPorts = 2> <OutPorts = 1>
ST_1 : Operation 54 [1/1] (0.00ns)   --->   "%br_ln103 = br i1 %icmp_ln103, void %for.inc44, void %for.inc48.loopexit.exitStub" [kern.cpp:103]   --->   Operation 54 'br' 'br_ln103' <Predicate = true> <Delay = 0.00>
ST_1 : Operation 55 [1/1] (0.00ns)   --->   "%kw_load = load i2 %kw" [kern.cpp:104]   --->   Operation 55 'load' 'kw_load' <Predicate = (!icmp_ln103)> <Delay = 0.00>
ST_1 : Operation 56 [1/1] (0.00ns)   --->   "%kh_load = load i2 %kh" [kern.cpp:103]   --->   Operation 56 'load' 'kh_load' <Predicate = (!icmp_ln103)> <Delay = 0.00>
ST_1 : Operation 57 [1/1] (1.56ns)   --->   "%add_ln103 = add i2 %kh_load, i2 1" [kern.cpp:103]   --->   Operation 57 'add' 'add_ln103' <Predicate = (!icmp_ln103)> <Delay = 1.56> <CoreInst = "Adder">   --->   Core 1 'Adder' <Latency = 0> <II = 1> <Delay = 1.56> <FuncUnit> <Opcode : 'add' 'sub'> <InPorts = 2> <OutPorts = 1>
ST_1 : Operation 58 [1/1] (1.56ns)   --->   "%icmp_ln104 = icmp_eq  i2 %kw_load, i2 3" [kern.cpp:104]   --->   Operation 58 'icmp' 'icmp_ln104' <Predicate = (!icmp_ln103)> <Delay = 1.56> <CoreInst = "Cmp">   --->   Core 9 'Cmp' <Latency = 0> <II = 1> <Delay = 1.56> <FuncUnit> <Opcode : 'seteq' 'setne' 'setle' 'setge' 'setlt' 'setgt'> <InPorts = 2> <OutPorts = 1>
ST_1 : Operation 59 [1/1] (0.99ns)   --->   "%select_ln100_1 = select i1 %icmp_ln104, i2 0, i2 %kw_load" [kern.cpp:100]   --->   Operation 59 'select' 'select_ln100_1' <Predicate = (!icmp_ln103)> <Delay = 0.99> <CoreInst = "Sel">   --->   Core 73 'Sel' <Latency = 0> <II = 1> <Delay = 0.99> <FuncUnit> <Opcode : 'select'> <InPorts = 3> <OutPorts = 1>
ST_1 : Operation 60 [1/1] (0.99ns)   --->   "%select_ln103 = select i1 %icmp_ln104, i2 %add_ln103, i2 %kh_load" [kern.cpp:103]   --->   Operation 60 'select' 'select_ln103' <Predicate = (!icmp_ln103)> <Delay = 0.99> <CoreInst = "Sel">   --->   Core 73 'Sel' <Latency = 0> <II = 1> <Delay = 0.99> <FuncUnit> <Opcode : 'select'> <InPorts = 3> <OutPorts = 1>
ST_1 : Operation 61 [1/1] (1.56ns)   --->   "%add_ln106 = add i2 %select_ln103, i2 3" [kern.cpp:106]   --->   Operation 61 'add' 'add_ln106' <Predicate = (!icmp_ln103)> <Delay = 1.56> <CoreInst = "Adder">   --->   Core 1 'Adder' <Latency = 0> <II = 1> <Delay = 1.56> <FuncUnit> <Opcode : 'add' 'sub'> <InPorts = 2> <OutPorts = 1>
ST_1 : Operation 62 [1/1] (0.00ns)   --->   "%sext_ln106 = sext i2 %add_ln106" [kern.cpp:106]   --->   Operation 62 'sext' 'sext_ln106' <Predicate = (!icmp_ln103)> <Delay = 0.00>
ST_1 : Operation 63 [1/1] (1.73ns)   --->   "%add_ln106_1 = add i6 %sext_ln106, i6 %zext_ln98_cast" [kern.cpp:106]   --->   Operation 63 'add' 'add_ln106_1' <Predicate = (!icmp_ln103)> <Delay = 1.73> <CoreInst = "Adder">   --->   Core 1 'Adder' <Latency = 0> <II = 1> <Delay = 1.73> <FuncUnit> <Opcode : 'add' 'sub'> <InPorts = 2> <OutPorts = 1>
ST_1 : Operation 64 [1/1] (1.56ns)   --->   "%add_ln106_2 = add i2 %select_ln100_1, i2 3" [kern.cpp:106]   --->   Operation 64 'add' 'add_ln106_2' <Predicate = (!icmp_ln103)> <Delay = 1.56> <CoreInst = "Adder">   --->   Core 1 'Adder' <Latency = 0> <II = 1> <Delay = 1.56> <FuncUnit> <Opcode : 'add' 'sub'> <InPorts = 2> <OutPorts = 1>
ST_1 : Operation 65 [1/1] (0.00ns)   --->   "%sext_ln106_1 = sext i2 %add_ln106_2" [kern.cpp:106]   --->   Operation 65 'sext' 'sext_ln106_1' <Predicate = (!icmp_ln103)> <Delay = 0.00>
ST_1 : Operation 66 [1/1] (1.73ns)   --->   "%add_ln106_3 = add i6 %sext_ln106_1, i6 %zext_ln99_cast" [kern.cpp:106]   --->   Operation 66 'add' 'add_ln106_3' <Predicate = (!icmp_ln103)> <Delay = 1.73> <CoreInst = "Adder">   --->   Core 1 'Adder' <Latency = 0> <II = 1> <Delay = 1.73> <FuncUnit> <Opcode : 'add' 'sub'> <InPorts = 2> <OutPorts = 1>
ST_1 : Operation 67 [1/1] (1.56ns)   --->   "%add_ln104 = add i2 %select_ln100_1, i2 1" [kern.cpp:104]   --->   Operation 67 'add' 'add_ln104' <Predicate = (!icmp_ln103)> <Delay = 1.56> <CoreInst = "Adder">   --->   Core 1 'Adder' <Latency = 0> <II = 1> <Delay = 1.56> <FuncUnit> <Opcode : 'add' 'sub'> <InPorts = 2> <OutPorts = 1>
ST_1 : Operation 68 [1/1] (1.58ns)   --->   "%store_ln103 = store i4 %add_ln103_1, i4 %indvar_flatten" [kern.cpp:103]   --->   Operation 68 'store' 'store_ln103' <Predicate = (!icmp_ln103)> <Delay = 1.58>
ST_1 : Operation 69 [1/1] (1.58ns)   --->   "%store_ln103 = store i2 %select_ln103, i2 %kh" [kern.cpp:103]   --->   Operation 69 'store' 'store_ln103' <Predicate = (!icmp_ln103)> <Delay = 1.58>
ST_1 : Operation 70 [1/1] (1.58ns)   --->   "%store_ln104 = store i2 %add_ln104, i2 %kw" [kern.cpp:104]   --->   Operation 70 'store' 'store_ln104' <Predicate = (!icmp_ln103)> <Delay = 1.58>

State 2 <SV = 1> <Delay = 8.74>
ST_2 : Operation 71 [1/1] (0.00ns)   --->   "%zext_ln103 = zext i2 %select_ln103" [kern.cpp:103]   --->   Operation 71 'zext' 'zext_ln103' <Predicate = true> <Delay = 0.00>
ST_2 : Operation 72 [1/1] (0.00ns)   --->   "%tmp_5 = bitconcatenate i10 @_ssdm_op_BitConcatenate.i10.i6.i4, i6 %add_ln106_1, i4 0" [kern.cpp:108]   --->   Operation 72 'bitconcatenate' 'tmp_5' <Predicate = true> <Delay = 0.00>
ST_2 : Operation 73 [1/1] (0.00ns)   --->   "%zext_ln109 = zext i10 %tmp_5" [kern.cpp:109]   --->   Operation 73 'zext' 'zext_ln109' <Predicate = true> <Delay = 0.00>
ST_2 : Operation 74 [1/1] (0.00ns)   --->   "%p_shl = bitconcatenate i4 @_ssdm_op_BitConcatenate.i4.i2.i2, i2 %select_ln103, i2 0" [kern.cpp:109]   --->   Operation 74 'bitconcatenate' 'p_shl' <Predicate = true> <Delay = 0.00>
ST_2 : Operation 75 [1/1] (0.00ns) (grouped into TernaryAdder)   --->   "%sub_ln109 = sub i4 %p_shl, i4 %zext_ln103" [kern.cpp:109]   --->   Operation 75 'sub' 'sub_ln109' <Predicate = true> <Delay = 0.00> <CoreInst = "TAddSub">   --->   Core 10 'TAddSub' <Latency = 0> <II = 1> <Delay = 1.65> <IPBlock> <Opcode : 'add' 'sub'> <InPorts = 3> <OutPorts = 1> <Sync> <CReg>
ST_2 : Operation 76 [1/1] (0.00ns)   --->   "%zext_ln104 = zext i2 %select_ln100_1" [kern.cpp:104]   --->   Operation 76 'zext' 'zext_ln104' <Predicate = true> <Delay = 0.00>
ST_2 : Operation 77 [1/1] (0.00ns)   --->   "%sext_ln108 = sext i6 %add_ln106_3" [kern.cpp:108]   --->   Operation 77 'sext' 'sext_ln108' <Predicate = true> <Delay = 0.00>
ST_2 : Operation 78 [1/1] (1.73ns)   --->   "%add_ln108 = add i11 %zext_ln109, i11 %sext_ln108" [kern.cpp:108]   --->   Operation 78 'add' 'add_ln108' <Predicate = true> <Delay = 1.73> <CoreInst = "Adder">   --->   Core 1 'Adder' <Latency = 0> <II = 1> <Delay = 1.73> <FuncUnit> <Opcode : 'add' 'sub'> <InPorts = 2> <OutPorts = 1>
ST_2 : Operation 79 [1/1] (0.00ns)   --->   "%shl_ln108 = shl i11 %add_ln108, i11 2" [kern.cpp:108]   --->   Operation 79 'shl' 'shl_ln108' <Predicate = true> <Delay = 0.00>
ST_2 : Operation 80 [1/1] (0.00ns) (grouped into TernaryAdder)   --->   "%add_ln108_1 = add i11 %shl_ln108, i11 %add_ln108" [kern.cpp:108]   --->   Operation 80 'add' 'add_ln108_1' <Predicate = true> <Delay = 0.00> <CoreInst = "TAddSub">   --->   Core 10 'TAddSub' <Latency = 0> <II = 1> <Delay = 1.65> <IPBlock> <Opcode : 'add' 'sub'> <InPorts = 3> <OutPorts = 1> <Sync> <CReg>
ST_2 : Operation 81 [1/1] (3.75ns) (root node of TernaryAdder)   --->   "%add_ln108_2 = add i11 %add_ln108_1, i11 %udiv_ln4_read" [kern.cpp:108]   --->   Operation 81 'add' 'add_ln108_2' <Predicate = true> <Delay = 3.75> <CoreInst = "TAddSub">   --->   Core 10 'TAddSub' <Latency = 0> <II = 1> <Delay = 1.65> <IPBlock> <Opcode : 'add' 'sub'> <InPorts = 3> <OutPorts = 1> <Sync> <CReg>
ST_2 : Operation 82 [1/1] (0.00ns)   --->   "%zext_ln108 = zext i11 %add_ln108_2" [kern.cpp:108]   --->   Operation 82 'zext' 'zext_ln108' <Predicate = true> <Delay = 0.00>
ST_2 : Operation 83 [1/1] (0.00ns)   --->   "%input_0_addr = getelementptr i1 %input_0, i64 0, i64 %zext_ln108" [kern.cpp:108]   --->   Operation 83 'getelementptr' 'input_0_addr' <Predicate = (select_ln100_read == 0)> <Delay = 0.00>
ST_2 : Operation 84 [1/1] (0.00ns)   --->   "%input_1_addr = getelementptr i1 %input_1, i64 0, i64 %zext_ln108" [kern.cpp:108]   --->   Operation 84 'getelementptr' 'input_1_addr' <Predicate = (select_ln100_read == 1)> <Delay = 0.00>
ST_2 : Operation 85 [1/1] (0.00ns)   --->   "%input_2_addr = getelementptr i1 %input_2, i64 0, i64 %zext_ln108" [kern.cpp:108]   --->   Operation 85 'getelementptr' 'input_2_addr' <Predicate = (select_ln100_read == 2)> <Delay = 0.00>
ST_2 : Operation 86 [1/1] (0.00ns)   --->   "%input_3_addr = getelementptr i1 %input_3, i64 0, i64 %zext_ln108" [kern.cpp:108]   --->   Operation 86 'getelementptr' 'input_3_addr' <Predicate = (select_ln100_read == 3)> <Delay = 0.00>
ST_2 : Operation 87 [1/1] (0.00ns)   --->   "%input_4_addr = getelementptr i1 %input_4, i64 0, i64 %zext_ln108" [kern.cpp:108]   --->   Operation 87 'getelementptr' 'input_4_addr' <Predicate = (select_ln100_read == 4)> <Delay = 0.00>
ST_2 : Operation 88 [1/1] (0.00ns)   --->   "%input_5_addr = getelementptr i1 %input_5, i64 0, i64 %zext_ln108" [kern.cpp:108]   --->   Operation 88 'getelementptr' 'input_5_addr' <Predicate = (select_ln100_read == 5)> <Delay = 0.00>
ST_2 : Operation 89 [1/1] (0.00ns)   --->   "%input_6_addr = getelementptr i1 %input_6, i64 0, i64 %zext_ln108" [kern.cpp:108]   --->   Operation 89 'getelementptr' 'input_6_addr' <Predicate = (select_ln100_read == 6)> <Delay = 0.00>
ST_2 : Operation 90 [1/1] (0.00ns)   --->   "%input_7_addr = getelementptr i1 %input_7, i64 0, i64 %zext_ln108" [kern.cpp:108]   --->   Operation 90 'getelementptr' 'input_7_addr' <Predicate = (select_ln100_read == 7)> <Delay = 0.00>
ST_2 : Operation 91 [1/1] (0.00ns)   --->   "%input_8_addr = getelementptr i1 %input_8, i64 0, i64 %zext_ln108" [kern.cpp:108]   --->   Operation 91 'getelementptr' 'input_8_addr' <Predicate = (select_ln100_read == 8)> <Delay = 0.00>
ST_2 : Operation 92 [1/1] (0.00ns)   --->   "%input_9_addr = getelementptr i1 %input_9, i64 0, i64 %zext_ln108" [kern.cpp:108]   --->   Operation 92 'getelementptr' 'input_9_addr' <Predicate = (select_ln100_read == 9)> <Delay = 0.00>
ST_2 : Operation 93 [1/1] (0.00ns)   --->   "%input_10_addr = getelementptr i1 %input_10, i64 0, i64 %zext_ln108" [kern.cpp:108]   --->   Operation 93 'getelementptr' 'input_10_addr' <Predicate = (select_ln100_read == 10)> <Delay = 0.00>
ST_2 : Operation 94 [1/1] (0.00ns)   --->   "%input_11_addr = getelementptr i1 %input_11, i64 0, i64 %zext_ln108" [kern.cpp:108]   --->   Operation 94 'getelementptr' 'input_11_addr' <Predicate = (select_ln100_read == 11)> <Delay = 0.00>
ST_2 : Operation 95 [1/1] (0.00ns)   --->   "%input_12_addr = getelementptr i1 %input_12, i64 0, i64 %zext_ln108" [kern.cpp:108]   --->   Operation 95 'getelementptr' 'input_12_addr' <Predicate = (select_ln100_read == 12)> <Delay = 0.00>
ST_2 : Operation 96 [1/1] (0.00ns)   --->   "%input_13_addr = getelementptr i1 %input_13, i64 0, i64 %zext_ln108" [kern.cpp:108]   --->   Operation 96 'getelementptr' 'input_13_addr' <Predicate = (select_ln100_read == 13)> <Delay = 0.00>
ST_2 : Operation 97 [1/1] (0.00ns) (grouped into LUT with out node icmp_ln107)   --->   "%or_ln107 = or i6 %add_ln106_3, i6 %add_ln106_1" [kern.cpp:107]   --->   Operation 97 'or' 'or_ln107' <Predicate = true> <Delay = 0.00> <CoreInst = "LogicGate">   --->   Core 74 'LogicGate' <Latency = 0> <II = 1> <Delay = 0.97> <FuncUnit> <Opcode : 'and' 'or' 'xor'> <InPorts = 2> <OutPorts = 1>
ST_2 : Operation 98 [1/1] (0.00ns) (grouped into LUT with out node icmp_ln107)   --->   "%tmp_135 = partselect i2 @_ssdm_op_PartSelect.i2.i6.i32.i32, i6 %or_ln107, i32 4, i32 5" [kern.cpp:107]   --->   Operation 98 'partselect' 'tmp_135' <Predicate = true> <Delay = 0.00>
ST_2 : Operation 99 [1/1] (1.56ns) (out node of the LUT)   --->   "%icmp_ln107 = icmp_eq  i2 %tmp_135, i2 0" [kern.cpp:107]   --->   Operation 99 'icmp' 'icmp_ln107' <Predicate = true> <Delay = 1.56> <CoreInst = "Cmp">   --->   Core 9 'Cmp' <Latency = 0> <II = 1> <Delay = 1.56> <FuncUnit> <Opcode : 'seteq' 'setne' 'setle' 'setge' 'setlt' 'setgt'> <InPorts = 2> <OutPorts = 1>
ST_2 : Operation 100 [2/2] (3.25ns)   --->   "%input_0_load = load i11 %input_0_addr" [kern.cpp:108]   --->   Operation 100 'load' 'input_0_load' <Predicate = (select_ln100_read == 0)> <Delay = 3.25> <CoreInst = "RAM">   --->   Core 81 'RAM' <Latency = 1> <II = 1> <Delay = 3.25> <Storage> <Opcode : 'load' 'store'> <Ports = 2> <Width = 1> <Depth = 1280> <RAM>
ST_2 : Operation 101 [2/2] (3.25ns)   --->   "%input_1_load = load i11 %input_1_addr" [kern.cpp:108]   --->   Operation 101 'load' 'input_1_load' <Predicate = (select_ln100_read == 1)> <Delay = 3.25> <CoreInst = "RAM">   --->   Core 81 'RAM' <Latency = 1> <II = 1> <Delay = 3.25> <Storage> <Opcode : 'load' 'store'> <Ports = 2> <Width = 1> <Depth = 1280> <RAM>
ST_2 : Operation 102 [2/2] (3.25ns)   --->   "%input_2_load = load i11 %input_2_addr" [kern.cpp:108]   --->   Operation 102 'load' 'input_2_load' <Predicate = (select_ln100_read == 2)> <Delay = 3.25> <CoreInst = "RAM">   --->   Core 81 'RAM' <Latency = 1> <II = 1> <Delay = 3.25> <Storage> <Opcode : 'load' 'store'> <Ports = 2> <Width = 1> <Depth = 1280> <RAM>
ST_2 : Operation 103 [2/2] (3.25ns)   --->   "%input_3_load = load i11 %input_3_addr" [kern.cpp:108]   --->   Operation 103 'load' 'input_3_load' <Predicate = (select_ln100_read == 3)> <Delay = 3.25> <CoreInst = "RAM">   --->   Core 81 'RAM' <Latency = 1> <II = 1> <Delay = 3.25> <Storage> <Opcode : 'load' 'store'> <Ports = 2> <Width = 1> <Depth = 1280> <RAM>
ST_2 : Operation 104 [2/2] (3.25ns)   --->   "%input_4_load = load i11 %input_4_addr" [kern.cpp:108]   --->   Operation 104 'load' 'input_4_load' <Predicate = (select_ln100_read == 4)> <Delay = 3.25> <CoreInst = "RAM">   --->   Core 81 'RAM' <Latency = 1> <II = 1> <Delay = 3.25> <Storage> <Opcode : 'load' 'store'> <Ports = 2> <Width = 1> <Depth = 1280> <RAM>
ST_2 : Operation 105 [2/2] (3.25ns)   --->   "%input_5_load = load i11 %input_5_addr" [kern.cpp:108]   --->   Operation 105 'load' 'input_5_load' <Predicate = (select_ln100_read == 5)> <Delay = 3.25> <CoreInst = "RAM">   --->   Core 81 'RAM' <Latency = 1> <II = 1> <Delay = 3.25> <Storage> <Opcode : 'load' 'store'> <Ports = 2> <Width = 1> <Depth = 1280> <RAM>
ST_2 : Operation 106 [2/2] (3.25ns)   --->   "%input_6_load = load i11 %input_6_addr" [kern.cpp:108]   --->   Operation 106 'load' 'input_6_load' <Predicate = (select_ln100_read == 6)> <Delay = 3.25> <CoreInst = "RAM">   --->   Core 81 'RAM' <Latency = 1> <II = 1> <Delay = 3.25> <Storage> <Opcode : 'load' 'store'> <Ports = 2> <Width = 1> <Depth = 1280> <RAM>
ST_2 : Operation 107 [2/2] (3.25ns)   --->   "%input_7_load = load i11 %input_7_addr" [kern.cpp:108]   --->   Operation 107 'load' 'input_7_load' <Predicate = (select_ln100_read == 7)> <Delay = 3.25> <CoreInst = "RAM">   --->   Core 81 'RAM' <Latency = 1> <II = 1> <Delay = 3.25> <Storage> <Opcode : 'load' 'store'> <Ports = 2> <Width = 1> <Depth = 1280> <RAM>
ST_2 : Operation 108 [2/2] (3.25ns)   --->   "%input_8_load = load i11 %input_8_addr" [kern.cpp:108]   --->   Operation 108 'load' 'input_8_load' <Predicate = (select_ln100_read == 8)> <Delay = 3.25> <CoreInst = "RAM">   --->   Core 81 'RAM' <Latency = 1> <II = 1> <Delay = 3.25> <Storage> <Opcode : 'load' 'store'> <Ports = 2> <Width = 1> <Depth = 1280> <RAM>
ST_2 : Operation 109 [2/2] (3.25ns)   --->   "%input_9_load = load i11 %input_9_addr" [kern.cpp:108]   --->   Operation 109 'load' 'input_9_load' <Predicate = (select_ln100_read == 9)> <Delay = 3.25> <CoreInst = "RAM">   --->   Core 81 'RAM' <Latency = 1> <II = 1> <Delay = 3.25> <Storage> <Opcode : 'load' 'store'> <Ports = 2> <Width = 1> <Depth = 1280> <RAM>
ST_2 : Operation 110 [2/2] (3.25ns)   --->   "%input_10_load = load i11 %input_10_addr" [kern.cpp:108]   --->   Operation 110 'load' 'input_10_load' <Predicate = (select_ln100_read == 10)> <Delay = 3.25> <CoreInst = "RAM">   --->   Core 81 'RAM' <Latency = 1> <II = 1> <Delay = 3.25> <Storage> <Opcode : 'load' 'store'> <Ports = 2> <Width = 1> <Depth = 1280> <RAM>
ST_2 : Operation 111 [2/2] (3.25ns)   --->   "%input_11_load = load i11 %input_11_addr" [kern.cpp:108]   --->   Operation 111 'load' 'input_11_load' <Predicate = (select_ln100_read == 11)> <Delay = 3.25> <CoreInst = "RAM">   --->   Core 81 'RAM' <Latency = 1> <II = 1> <Delay = 3.25> <Storage> <Opcode : 'load' 'store'> <Ports = 2> <Width = 1> <Depth = 1280> <RAM>
ST_2 : Operation 112 [2/2] (3.25ns)   --->   "%input_12_load = load i11 %input_12_addr" [kern.cpp:108]   --->   Operation 112 'load' 'input_12_load' <Predicate = (select_ln100_read == 12)> <Delay = 3.25> <CoreInst = "RAM">   --->   Core 81 'RAM' <Latency = 1> <II = 1> <Delay = 3.25> <Storage> <Opcode : 'load' 'store'> <Ports = 2> <Width = 1> <Depth = 1280> <RAM>
ST_2 : Operation 113 [2/2] (3.25ns)   --->   "%input_13_load = load i11 %input_13_addr" [kern.cpp:108]   --->   Operation 113 'load' 'input_13_load' <Predicate = (select_ln100_read == 13)> <Delay = 3.25> <CoreInst = "RAM">   --->   Core 81 'RAM' <Latency = 1> <II = 1> <Delay = 3.25> <Storage> <Opcode : 'load' 'store'> <Ports = 2> <Width = 1> <Depth = 1280> <RAM>
ST_2 : Operation 114 [1/1] (3.31ns) (root node of TernaryAdder)   --->   "%add_ln109 = add i4 %zext_ln104, i4 %sub_ln109" [kern.cpp:109]   --->   Operation 114 'add' 'add_ln109' <Predicate = true> <Delay = 3.31> <CoreInst = "TAddSub">   --->   Core 10 'TAddSub' <Latency = 0> <II = 1> <Delay = 1.65> <IPBlock> <Opcode : 'add' 'sub'> <InPorts = 3> <OutPorts = 1> <Sync> <CReg>
ST_2 : Operation 115 [1/1] (2.42ns)   --->   "%tmp = sparsemux i1 @_ssdm_op_SparseMux.ap_auto.9i1.i1.i4, i4 0, i1 %kern_0_0_val_read, i4 1, i1 %kern_0_1_val_read, i4 2, i1 %kern_0_2_val_read, i4 3, i1 %kern_0_3_val_read, i4 4, i1 %kern_0_4_val_read, i4 5, i1 %kern_0_5_val_read, i4 6, i1 %kern_0_6_val_read, i4 7, i1 %kern_0_7_val_read, i4 8, i1 %kern_0_8_val_read, i1 0, i4 %add_ln109" [kern.cpp:109]   --->   Operation 115 'sparsemux' 'tmp' <Predicate = (k_read == 0)> <Delay = 2.42> <CoreInst = "BinarySparseMux_DontCare">   --->   Core 137 'BinarySparseMux_DontCare' <Latency = 0> <II = 1> <Delay = 2.42> <FuncUnit> <Opcode : 'sparsemux'> <InPorts = 2> <OutPorts = 1>
ST_2 : Operation 116 [1/1] (2.42ns)   --->   "%tmp_s = sparsemux i1 @_ssdm_op_SparseMux.ap_auto.9i1.i1.i4, i4 0, i1 %kern_1_0_val_read, i4 1, i1 %kern_1_1_val_read, i4 2, i1 %kern_1_2_val_read, i4 3, i1 %kern_1_3_val_read, i4 4, i1 %kern_1_4_val_read, i4 5, i1 %kern_1_5_val_read, i4 6, i1 %kern_1_6_val_read, i4 7, i1 %kern_1_7_val_read, i4 8, i1 %kern_1_8_val_read, i1 0, i4 %add_ln109" [kern.cpp:109]   --->   Operation 116 'sparsemux' 'tmp_s' <Predicate = (k_read == 1)> <Delay = 2.42> <CoreInst = "BinarySparseMux_DontCare">   --->   Core 137 'BinarySparseMux_DontCare' <Latency = 0> <II = 1> <Delay = 2.42> <FuncUnit> <Opcode : 'sparsemux'> <InPorts = 2> <OutPorts = 1>
ST_2 : Operation 117 [1/1] (2.42ns)   --->   "%tmp_6 = sparsemux i1 @_ssdm_op_SparseMux.ap_auto.9i1.i1.i4, i4 0, i1 %kern_2_0_val_read, i4 1, i1 %kern_2_1_val_read, i4 2, i1 %kern_2_2_val_read, i4 3, i1 %kern_2_3_val_read, i4 4, i1 %kern_2_4_val_read, i4 5, i1 %kern_2_5_val_read, i4 6, i1 %kern_2_6_val_read, i4 7, i1 %kern_2_7_val_read, i4 8, i1 %kern_2_8_val_read, i1 0, i4 %add_ln109" [kern.cpp:109]   --->   Operation 117 'sparsemux' 'tmp_6' <Predicate = (k_read == 2)> <Delay = 2.42> <CoreInst = "BinarySparseMux_DontCare">   --->   Core 137 'BinarySparseMux_DontCare' <Latency = 0> <II = 1> <Delay = 2.42> <FuncUnit> <Opcode : 'sparsemux'> <InPorts = 2> <OutPorts = 1>
ST_2 : Operation 118 [1/1] (1.58ns)   --->   "%w = sparsemux i1 @_ssdm_op_SparseMux.ap_auto.3i1.i1.i2, i2 0, i1 %tmp, i2 1, i1 %tmp_s, i2 2, i1 %tmp_6, i1 0, i2 %k_read" [kern.cpp:109]   --->   Operation 118 'sparsemux' 'w' <Predicate = true> <Delay = 1.58> <CoreInst = "OneHotSparseMux_HasDef">   --->   Core 140 'OneHotSparseMux_HasDef' <Latency = 0> <II = 1> <Delay = 1.58> <FuncUnit> <Opcode : 'sparsemux'> <InPorts = 2> <OutPorts = 1>

State 3 <SV = 2> <Delay = 5.67>
ST_3 : Operation 119 [1/2] ( I:3.25ns O:3.25ns )   --->   "%input_0_load = load i11 %input_0_addr" [kern.cpp:108]   --->   Operation 119 'load' 'input_0_load' <Predicate = (select_ln100_read == 0)> <Delay = 3.25> <CoreInst = "RAM">   --->   Core 81 'RAM' <Latency = 1> <II = 1> <Delay = 3.25> <Storage> <Opcode : 'load' 'store'> <Ports = 2> <Width = 1> <Depth = 1280> <RAM>
ST_3 : Operation 120 [1/2] ( I:3.25ns O:3.25ns )   --->   "%input_1_load = load i11 %input_1_addr" [kern.cpp:108]   --->   Operation 120 'load' 'input_1_load' <Predicate = (select_ln100_read == 1)> <Delay = 3.25> <CoreInst = "RAM">   --->   Core 81 'RAM' <Latency = 1> <II = 1> <Delay = 3.25> <Storage> <Opcode : 'load' 'store'> <Ports = 2> <Width = 1> <Depth = 1280> <RAM>
ST_3 : Operation 121 [1/2] ( I:3.25ns O:3.25ns )   --->   "%input_2_load = load i11 %input_2_addr" [kern.cpp:108]   --->   Operation 121 'load' 'input_2_load' <Predicate = (select_ln100_read == 2)> <Delay = 3.25> <CoreInst = "RAM">   --->   Core 81 'RAM' <Latency = 1> <II = 1> <Delay = 3.25> <Storage> <Opcode : 'load' 'store'> <Ports = 2> <Width = 1> <Depth = 1280> <RAM>
ST_3 : Operation 122 [1/2] ( I:3.25ns O:3.25ns )   --->   "%input_3_load = load i11 %input_3_addr" [kern.cpp:108]   --->   Operation 122 'load' 'input_3_load' <Predicate = (select_ln100_read == 3)> <Delay = 3.25> <CoreInst = "RAM">   --->   Core 81 'RAM' <Latency = 1> <II = 1> <Delay = 3.25> <Storage> <Opcode : 'load' 'store'> <Ports = 2> <Width = 1> <Depth = 1280> <RAM>
ST_3 : Operation 123 [1/2] ( I:3.25ns O:3.25ns )   --->   "%input_4_load = load i11 %input_4_addr" [kern.cpp:108]   --->   Operation 123 'load' 'input_4_load' <Predicate = (select_ln100_read == 4)> <Delay = 3.25> <CoreInst = "RAM">   --->   Core 81 'RAM' <Latency = 1> <II = 1> <Delay = 3.25> <Storage> <Opcode : 'load' 'store'> <Ports = 2> <Width = 1> <Depth = 1280> <RAM>
ST_3 : Operation 124 [1/2] ( I:3.25ns O:3.25ns )   --->   "%input_5_load = load i11 %input_5_addr" [kern.cpp:108]   --->   Operation 124 'load' 'input_5_load' <Predicate = (select_ln100_read == 5)> <Delay = 3.25> <CoreInst = "RAM">   --->   Core 81 'RAM' <Latency = 1> <II = 1> <Delay = 3.25> <Storage> <Opcode : 'load' 'store'> <Ports = 2> <Width = 1> <Depth = 1280> <RAM>
ST_3 : Operation 125 [1/2] ( I:3.25ns O:3.25ns )   --->   "%input_6_load = load i11 %input_6_addr" [kern.cpp:108]   --->   Operation 125 'load' 'input_6_load' <Predicate = (select_ln100_read == 6)> <Delay = 3.25> <CoreInst = "RAM">   --->   Core 81 'RAM' <Latency = 1> <II = 1> <Delay = 3.25> <Storage> <Opcode : 'load' 'store'> <Ports = 2> <Width = 1> <Depth = 1280> <RAM>
ST_3 : Operation 126 [1/2] ( I:3.25ns O:3.25ns )   --->   "%input_7_load = load i11 %input_7_addr" [kern.cpp:108]   --->   Operation 126 'load' 'input_7_load' <Predicate = (select_ln100_read == 7)> <Delay = 3.25> <CoreInst = "RAM">   --->   Core 81 'RAM' <Latency = 1> <II = 1> <Delay = 3.25> <Storage> <Opcode : 'load' 'store'> <Ports = 2> <Width = 1> <Depth = 1280> <RAM>
ST_3 : Operation 127 [1/2] ( I:3.25ns O:3.25ns )   --->   "%input_8_load = load i11 %input_8_addr" [kern.cpp:108]   --->   Operation 127 'load' 'input_8_load' <Predicate = (select_ln100_read == 8)> <Delay = 3.25> <CoreInst = "RAM">   --->   Core 81 'RAM' <Latency = 1> <II = 1> <Delay = 3.25> <Storage> <Opcode : 'load' 'store'> <Ports = 2> <Width = 1> <Depth = 1280> <RAM>
ST_3 : Operation 128 [1/2] ( I:3.25ns O:3.25ns )   --->   "%input_9_load = load i11 %input_9_addr" [kern.cpp:108]   --->   Operation 128 'load' 'input_9_load' <Predicate = (select_ln100_read == 9)> <Delay = 3.25> <CoreInst = "RAM">   --->   Core 81 'RAM' <Latency = 1> <II = 1> <Delay = 3.25> <Storage> <Opcode : 'load' 'store'> <Ports = 2> <Width = 1> <Depth = 1280> <RAM>
ST_3 : Operation 129 [1/2] ( I:3.25ns O:3.25ns )   --->   "%input_10_load = load i11 %input_10_addr" [kern.cpp:108]   --->   Operation 129 'load' 'input_10_load' <Predicate = (select_ln100_read == 10)> <Delay = 3.25> <CoreInst = "RAM">   --->   Core 81 'RAM' <Latency = 1> <II = 1> <Delay = 3.25> <Storage> <Opcode : 'load' 'store'> <Ports = 2> <Width = 1> <Depth = 1280> <RAM>
ST_3 : Operation 130 [1/2] ( I:3.25ns O:3.25ns )   --->   "%input_11_load = load i11 %input_11_addr" [kern.cpp:108]   --->   Operation 130 'load' 'input_11_load' <Predicate = (select_ln100_read == 11)> <Delay = 3.25> <CoreInst = "RAM">   --->   Core 81 'RAM' <Latency = 1> <II = 1> <Delay = 3.25> <Storage> <Opcode : 'load' 'store'> <Ports = 2> <Width = 1> <Depth = 1280> <RAM>
ST_3 : Operation 131 [1/2] ( I:3.25ns O:3.25ns )   --->   "%input_12_load = load i11 %input_12_addr" [kern.cpp:108]   --->   Operation 131 'load' 'input_12_load' <Predicate = (select_ln100_read == 12)> <Delay = 3.25> <CoreInst = "RAM">   --->   Core 81 'RAM' <Latency = 1> <II = 1> <Delay = 3.25> <Storage> <Opcode : 'load' 'store'> <Ports = 2> <Width = 1> <Depth = 1280> <RAM>
ST_3 : Operation 132 [1/2] ( I:3.25ns O:3.25ns )   --->   "%input_13_load = load i11 %input_13_addr" [kern.cpp:108]   --->   Operation 132 'load' 'input_13_load' <Predicate = (select_ln100_read == 13)> <Delay = 3.25> <CoreInst = "RAM">   --->   Core 81 'RAM' <Latency = 1> <II = 1> <Delay = 3.25> <Storage> <Opcode : 'load' 'store'> <Ports = 2> <Width = 1> <Depth = 1280> <RAM>
ST_3 : Operation 133 [1/1] (2.42ns)   --->   "%a = sparsemux i1 @_ssdm_op_SparseMux.ap_auto.14i1.i1.i4, i4 0, i1 %input_0_load, i4 1, i1 %input_1_load, i4 2, i1 %input_2_load, i4 3, i1 %input_3_load, i4 4, i1 %input_4_load, i4 5, i1 %input_5_load, i4 6, i1 %input_6_load, i4 7, i1 %input_7_load, i4 8, i1 %input_8_load, i4 9, i1 %input_9_load, i4 10, i1 %input_10_load, i4 11, i1 %input_11_load, i4 12, i1 %input_12_load, i4 13, i1 %input_13_load, i1 0, i4 %select_ln100_read" [kern.cpp:108]   --->   Operation 133 'sparsemux' 'a' <Predicate = (icmp_ln107)> <Delay = 2.42> <CoreInst = "BinarySparseMux_DontCare">   --->   Core 137 'BinarySparseMux_DontCare' <Latency = 0> <II = 1> <Delay = 2.42> <FuncUnit> <Opcode : 'sparsemux'> <InPorts = 2> <OutPorts = 1>
ST_3 : Operation 144 [1/1] (0.00ns)   --->   "%loc_load = load i32 %loc"   --->   Operation 144 'load' 'loc_load' <Predicate = (icmp_ln103)> <Delay = 0.00>
ST_3 : Operation 145 [1/1] (0.00ns)   --->   "%write_ln0 = write void @_ssdm_op_Write.ap_auto.i32P0A, i32 %loc_9_out, i32 %loc_load"   --->   Operation 145 'write' 'write_ln0' <Predicate = (icmp_ln103)> <Delay = 0.00>
ST_3 : Operation 146 [1/1] (1.58ns)   --->   "%ret_ln0 = ret"   --->   Operation 146 'ret' 'ret_ln0' <Predicate = (icmp_ln103)> <Delay = 1.58>

State 4 <SV = 3> <Delay = 4.83>
ST_4 : Operation 134 [1/1] (0.00ns)   --->   "%loc_load_3 = load i32 %loc" [kern.cpp:110]   --->   Operation 134 'load' 'loc_load_3' <Predicate = true> <Delay = 0.00>
ST_4 : Operation 135 [1/1] (0.00ns)   --->   "%specloopname_ln0 = specloopname void @_ssdm_op_SpecLoopName, void @L2_KH_L2_KW_str"   --->   Operation 135 'specloopname' 'specloopname_ln0' <Predicate = true> <Delay = 0.00>
ST_4 : Operation 136 [1/1] (0.00ns)   --->   "%speclooptripcount_ln0 = speclooptripcount void @_ssdm_op_SpecLoopTripCount, i64 9, i64 9, i64 9"   --->   Operation 136 'speclooptripcount' 'speclooptripcount_ln0' <Predicate = true> <Delay = 0.00>
ST_4 : Operation 137 [1/1] (0.00ns)   --->   "%specpipeline_ln105 = specpipeline void @_ssdm_op_SpecPipeline, i32 1, i32 0, i32 0, i32 0, i32 4294967295, void @empty_5" [kern.cpp:105]   --->   Operation 137 'specpipeline' 'specpipeline_ln105' <Predicate = true> <Delay = 0.00>
ST_4 : Operation 138 [1/1] (0.00ns) (grouped into LUT with out node loc_7)   --->   "%xor_ln110 = xor i1 %a, i1 %w" [kern.cpp:110]   --->   Operation 138 'xor' 'xor_ln110' <Predicate = (icmp_ln107)> <Delay = 0.00> <CoreInst = "LogicGate">   --->   Core 74 'LogicGate' <Latency = 0> <II = 1> <Delay = 0.97> <FuncUnit> <Opcode : 'and' 'or' 'xor'> <InPorts = 2> <OutPorts = 1>
ST_4 : Operation 139 [1/1] (0.00ns) (grouped into LUT with out node loc_7)   --->   "%select_ln110 = select i1 %xor_ln110, i32 4294967295, i32 1" [kern.cpp:110]   --->   Operation 139 'select' 'select_ln110' <Predicate = (icmp_ln107)> <Delay = 0.00> <CoreInst = "Sel">   --->   Core 73 'Sel' <Latency = 0> <II = 1> <Delay = 0.99> <FuncUnit> <Opcode : 'select'> <InPorts = 3> <OutPorts = 1>
ST_4 : Operation 140 [1/1] (2.55ns) (out node of the LUT)   --->   "%loc_7 = add i32 %select_ln110, i32 %loc_load_3" [kern.cpp:110]   --->   Operation 140 'add' 'loc_7' <Predicate = (icmp_ln107)> <Delay = 2.55> <CoreInst = "Adder">   --->   Core 1 'Adder' <Latency = 0> <II = 1> <Delay = 2.55> <FuncUnit> <Opcode : 'add' 'sub'> <InPorts = 2> <OutPorts = 1>
ST_4 : Operation 141 [1/1] (0.69ns)   --->   "%loc_3 = select i1 %icmp_ln107, i32 %loc_7, i32 %loc_load_3" [kern.cpp:107]   --->   Operation 141 'select' 'loc_3' <Predicate = true> <Delay = 0.69> <CoreInst = "Sel">   --->   Core 73 'Sel' <Latency = 0> <II = 1> <Delay = 0.69> <FuncUnit> <Opcode : 'select'> <InPorts = 3> <OutPorts = 1>
ST_4 : Operation 142 [1/1] (1.58ns)   --->   "%store_ln100 = store i32 %loc_3, i32 %loc" [kern.cpp:100]   --->   Operation 142 'store' 'store_ln100' <Predicate = true> <Delay = 1.58>
ST_4 : Operation 143 [1/1] (0.00ns)   --->   "%br_ln104 = br void %for.body18" [kern.cpp:104]   --->   Operation 143 'br' 'br_ln104' <Predicate = true> <Delay = 0.00>


============================================================
+ Verbose Summary: Timing violations
============================================================
Target clock period: 13.000ns, clock uncertainty: 3.510ns.

 <State 1>: 7.446ns
The critical path consists of the following:
	'store' operation ('store_ln103', kern.cpp:103) of constant 0 2 bit on local variable 'kh', kern.cpp:103 [89]  (1.588 ns)
	'load' operation 2 bit ('kh_load', kern.cpp:103) on local variable 'kh', kern.cpp:103 [101]  (0.000 ns)
	'add' operation 2 bit ('add_ln103', kern.cpp:103) [102]  (1.565 ns)
	'select' operation 2 bit ('select_ln103', kern.cpp:103) [107]  (0.993 ns)
	'add' operation 2 bit ('add_ln106', kern.cpp:106) [109]  (1.565 ns)
	'add' operation 6 bit ('add_ln106_1', kern.cpp:106) [111]  (1.735 ns)

 <State 2>: 8.742ns
The critical path consists of the following:
	'add' operation 11 bit ('add_ln108', kern.cpp:108) [122]  (1.731 ns)
	'add' operation 11 bit ('add_ln108_1', kern.cpp:108) [124]  (0.000 ns)
	'add' operation 11 bit ('add_ln108_2', kern.cpp:108) [125]  (3.757 ns)
	'getelementptr' operation 11 bit ('input_0_addr', kern.cpp:108) [127]  (0.000 ns)
	'load' operation 1 bit ('input_0_load', kern.cpp:108) on array 'input_0' [144]  (3.254 ns)

 <State 3>: 5.677ns
The critical path consists of the following:
	'load' operation 1 bit ('input_0_load', kern.cpp:108) on array 'input_0' [144]  (3.254 ns)
	'sparsemux' operation 1 bit ('a', kern.cpp:108) [158]  (2.423 ns)

 <State 4>: 4.838ns
The critical path consists of the following:
	'load' operation 32 bit ('loc_load_3', kern.cpp:110) on local variable 'loc', kern.cpp:100 [99]  (0.000 ns)
	'add' operation 32 bit ('loc', kern.cpp:110) [166]  (2.552 ns)
	'select' operation 32 bit ('loc_3', kern.cpp:107) [167]  (0.698 ns)
	'store' operation ('store_ln100', kern.cpp:100) of variable 'loc_3', kern.cpp:107 32 bit on local variable 'loc', kern.cpp:100 [172]  (1.588 ns)


============================================================
+ Verbose Summary: Binding
============================================================
N/A
* FSMD analyzer results:
  - Output states:
 - Input state : 
  - Chain level:
	State 1
	State 2
	State 3
	State 4


============================================================
+ Verbose Summary: Datapath Resource usage 
============================================================
N/A
