

================================================================
== Vitis HLS Report for 'conv2d_l1'
================================================================
* Date:           Fri May  1 21:41:12 2026

* Version:        2025.2 (Build 6295257 on Nov 14 2025)
* Project:        hls_component
* Solution:       hls (Vivado IP Flow Target)
* Product family: zynq
* Target device:  xc7z020-clg400-1


================================================================
== Performance Estimates
================================================================
+ Timing: 
    * Summary: 
    +--------+----------+----------+------------+
    |  Clock |  Target  | Estimated| Uncertainty|
    +--------+----------+----------+------------+
    |ap_clk  |  10.00 ns|  7.299 ns|     2.70 ns|
    +--------+----------+----------+------------+

+ Latency: 
    * Summary: 
    +---------+---------+----------+----------+-----+--------+---------+
    |  Latency (cycles) |  Latency (absolute) |   Interval   | Pipeline|
    |   min   |   max   |    min   |    max   | min |   max  |   Type  |
    +---------+---------+----------+----------+-----+--------+---------+
    |      299|   261221|  2.990 us|  2.612 ms|  299|  261221|       no|
    +---------+---------+----------+----------+-----+--------+---------+

    + Detail: 
        * Instance: 
        N/A

        * Loop: 
        +-------------+---------+---------+------------+-----------+-----------+------+----------+
        |             |  Latency (cycles) |  Iteration |  Initiation Interval  | Trip |          |
        |  Loop Name  |   min   |   max   |   Latency  |  achieved |   target  | Count| Pipelined|
        +-------------+---------+---------+------------+-----------+-----------+------+----------+
        |- INIT_H     |     9280|   261184|  290 ~ 8162|          -|          -|    32|        no|
        | + INIT_W    |      288|     8160|     9 ~ 255|          -|          -|    32|        no|
        |  ++ INIT_K  |        6|      252|      2 ~ 84|          -|          -|     3|        no|
        +-------------+---------+---------+------------+-----------+-----------+------+----------+

============================================================
+ Verbose Summary: Synthesis Manager
============================================================
InlineROM: 1
ExposeGlobal: 0
============================================================
+ Verbose Summary: CDFG Model
============================================================
IsTopModel: 0
ResetActiveHigh: 1
IsCombinational: 0
IsDatapathOnly: 0
HasWiredReturn: 1
HasMFsm: 0
HasVarLatency: 1
IsPipeline: 0
IsRtlPipelined: 0
IsInstanceOverlapped: 0
IsDontTouch: 0
HasImplIP: 0
IsGatedGlobalClock: 0


============================================================
+ Verbose Summary: Schedule
============================================================
* Number of FSM states : 44
* Pipeline : 0
* Dataflow Pipeline: 0

* FSM state transitions: 
1 --> 2 
2 --> 3 
3 --> 4 
4 --> 5 
5 --> 6 
6 --> 7 
7 --> 8 
8 --> 9 
9 --> 10 
10 --> 11 
11 --> 12 
12 --> 13 
13 --> 14 
14 --> 15 
15 --> 16 
16 --> 17 
17 --> 18 
18 --> 19 
19 --> 20 
20 --> 21 
21 --> 22 
22 --> 23 
23 --> 24 
24 --> 25 
25 --> 26 
26 --> 27 
27 --> 28 
28 --> 29 
29 --> 30 
30 --> 31 
31 --> 32 
32 --> 33 
33 --> 34 
34 --> 35 
35 --> 36 
36 --> 43 37 
37 --> 38 44 
38 --> 39 37 
39 --> 40 
40 --> 41 42 38 
41 --> 42 
42 --> 40 
43 --> 44 
44 --> 

* FSM state operations: 

State 1 <SV = 0> <Delay = 6.91>
ST_1 : Operation 45 [1/1] (0.00ns)   --->   "%out_ch_read = read i32 @_ssdm_op_Read.ap_auto.i32, i32 %out_ch"   --->   Operation 45 'read' 'out_ch_read' <Predicate = true> <Delay = 0.00>
ST_1 : Operation 46 [1/1] (0.00ns)   --->   "%loc_11_loc = alloca i64 1"   --->   Operation 46 'alloca' 'loc_11_loc' <Predicate = true> <Delay = 0.00>
ST_1 : Operation 47 [1/1] (0.00ns)   --->   "%zext_ln29 = zext i32 %out_ch_read" [kern.cpp:29]   --->   Operation 47 'zext' 'zext_ln29' <Predicate = true> <Delay = 0.00>
ST_1 : Operation 48 [2/2] (6.91ns)   --->   "%mul_ln29 = mul i65 %zext_ln29, i65 4908534053" [kern.cpp:29]   --->   Operation 48 'mul' 'mul_ln29' <Predicate = true> <Delay = 6.91> <CoreInst = "Multiplier">   --->   Core 3 'Multiplier' <Latency = 1> <II = 1> <Delay = 6.91> <FuncUnit> <Opcode : 'mul'> <InPorts = 2> <OutPorts = 1>
ST_1 : Operation 49 [1/1] (0.00ns)   --->   "%tmp_143 = bitselect i1 @_ssdm_op_BitSelect.i1.i32.i32, i32 %out_ch_read, i32 31" [kern.cpp:29]   --->   Operation 49 'bitselect' 'tmp_143' <Predicate = true> <Delay = 0.00>
ST_1 : Operation 50 [1/1] (0.00ns) (grouped into LUT with out node xor_ln29)   --->   "%select_ln29_1 = select i1 %tmp_143, i32 4294967295, i32 0" [kern.cpp:29]   --->   Operation 50 'select' 'select_ln29_1' <Predicate = true> <Delay = 0.00> <CoreInst = "Sel">   --->   Core 73 'Sel' <Latency = 0> <II = 1> <Delay = 0.99> <FuncUnit> <Opcode : 'select'> <InPorts = 3> <OutPorts = 1>
ST_1 : Operation 51 [1/1] (0.99ns) (out node of the LUT)   --->   "%xor_ln29 = xor i32 %select_ln29_1, i32 %out_ch_read" [kern.cpp:29]   --->   Operation 51 'xor' 'xor_ln29' <Predicate = true> <Delay = 0.99> <CoreInst = "LogicGate">   --->   Core 74 'LogicGate' <Latency = 0> <II = 1> <Delay = 0.99> <FuncUnit> <Opcode : 'and' 'or' 'xor'> <InPorts = 2> <OutPorts = 1>
ST_1 : Operation 52 [36/36] (4.13ns)   --->   "%urem_ln29 = urem i32 %xor_ln29, i32 14" [kern.cpp:29]   --->   Operation 52 'urem' 'urem_ln29' <Predicate = true> <Delay = 4.13> <CoreInst = "DivnS_SEQ">   --->   Core 7 'DivnS_SEQ' <Latency = 35> <II = 4> <Delay = 4.13> <FuncUnit> <Opcode : 'udiv' 'sdiv' 'urem' 'srem'> <InPorts = 2> <OutPorts = 1>

State 2 <SV = 1> <Delay = 6.91>
ST_2 : Operation 53 [1/2] (6.91ns)   --->   "%mul_ln29 = mul i65 %zext_ln29, i65 4908534053" [kern.cpp:29]   --->   Operation 53 'mul' 'mul_ln29' <Predicate = true> <Delay = 6.91> <CoreInst = "Multiplier">   --->   Core 3 'Multiplier' <Latency = 1> <II = 1> <Delay = 6.91> <FuncUnit> <Opcode : 'mul'> <InPorts = 2> <OutPorts = 1>
ST_2 : Operation 54 [1/1] (0.00ns)   --->   "%udiv_ln_cast = partselect i11 @_ssdm_op_PartSelect.i11.i65.i32.i32, i65 %mul_ln29, i32 36, i32 46" [kern.cpp:29]   --->   Operation 54 'partselect' 'udiv_ln_cast' <Predicate = true> <Delay = 0.00>
ST_2 : Operation 55 [35/36] (4.13ns)   --->   "%urem_ln29 = urem i32 %xor_ln29, i32 14" [kern.cpp:29]   --->   Operation 55 'urem' 'urem_ln29' <Predicate = true> <Delay = 4.13> <CoreInst = "DivnS_SEQ">   --->   Core 7 'DivnS_SEQ' <Latency = 35> <II = 4> <Delay = 4.13> <FuncUnit> <Opcode : 'udiv' 'sdiv' 'urem' 'srem'> <InPorts = 2> <OutPorts = 1>

State 3 <SV = 2> <Delay = 4.13>
ST_3 : Operation 56 [34/36] (4.13ns)   --->   "%urem_ln29 = urem i32 %xor_ln29, i32 14" [kern.cpp:29]   --->   Operation 56 'urem' 'urem_ln29' <Predicate = true> <Delay = 4.13> <CoreInst = "DivnS_SEQ">   --->   Core 7 'DivnS_SEQ' <Latency = 35> <II = 4> <Delay = 4.13> <FuncUnit> <Opcode : 'udiv' 'sdiv' 'urem' 'srem'> <InPorts = 2> <OutPorts = 1>

State 4 <SV = 3> <Delay = 4.13>
ST_4 : Operation 57 [33/36] (4.13ns)   --->   "%urem_ln29 = urem i32 %xor_ln29, i32 14" [kern.cpp:29]   --->   Operation 57 'urem' 'urem_ln29' <Predicate = true> <Delay = 4.13> <CoreInst = "DivnS_SEQ">   --->   Core 7 'DivnS_SEQ' <Latency = 35> <II = 4> <Delay = 4.13> <FuncUnit> <Opcode : 'udiv' 'sdiv' 'urem' 'srem'> <InPorts = 2> <OutPorts = 1>

State 5 <SV = 4> <Delay = 4.13>
ST_5 : Operation 58 [32/36] (4.13ns)   --->   "%urem_ln29 = urem i32 %xor_ln29, i32 14" [kern.cpp:29]   --->   Operation 58 'urem' 'urem_ln29' <Predicate = true> <Delay = 4.13> <CoreInst = "DivnS_SEQ">   --->   Core 7 'DivnS_SEQ' <Latency = 35> <II = 4> <Delay = 4.13> <FuncUnit> <Opcode : 'udiv' 'sdiv' 'urem' 'srem'> <InPorts = 2> <OutPorts = 1>

State 6 <SV = 5> <Delay = 4.13>
ST_6 : Operation 59 [31/36] (4.13ns)   --->   "%urem_ln29 = urem i32 %xor_ln29, i32 14" [kern.cpp:29]   --->   Operation 59 'urem' 'urem_ln29' <Predicate = true> <Delay = 4.13> <CoreInst = "DivnS_SEQ">   --->   Core 7 'DivnS_SEQ' <Latency = 35> <II = 4> <Delay = 4.13> <FuncUnit> <Opcode : 'udiv' 'sdiv' 'urem' 'srem'> <InPorts = 2> <OutPorts = 1>

State 7 <SV = 6> <Delay = 4.13>
ST_7 : Operation 60 [30/36] (4.13ns)   --->   "%urem_ln29 = urem i32 %xor_ln29, i32 14" [kern.cpp:29]   --->   Operation 60 'urem' 'urem_ln29' <Predicate = true> <Delay = 4.13> <CoreInst = "DivnS_SEQ">   --->   Core 7 'DivnS_SEQ' <Latency = 35> <II = 4> <Delay = 4.13> <FuncUnit> <Opcode : 'udiv' 'sdiv' 'urem' 'srem'> <InPorts = 2> <OutPorts = 1>

State 8 <SV = 7> <Delay = 4.13>
ST_8 : Operation 61 [29/36] (4.13ns)   --->   "%urem_ln29 = urem i32 %xor_ln29, i32 14" [kern.cpp:29]   --->   Operation 61 'urem' 'urem_ln29' <Predicate = true> <Delay = 4.13> <CoreInst = "DivnS_SEQ">   --->   Core 7 'DivnS_SEQ' <Latency = 35> <II = 4> <Delay = 4.13> <FuncUnit> <Opcode : 'udiv' 'sdiv' 'urem' 'srem'> <InPorts = 2> <OutPorts = 1>

State 9 <SV = 8> <Delay = 4.13>
ST_9 : Operation 62 [28/36] (4.13ns)   --->   "%urem_ln29 = urem i32 %xor_ln29, i32 14" [kern.cpp:29]   --->   Operation 62 'urem' 'urem_ln29' <Predicate = true> <Delay = 4.13> <CoreInst = "DivnS_SEQ">   --->   Core 7 'DivnS_SEQ' <Latency = 35> <II = 4> <Delay = 4.13> <FuncUnit> <Opcode : 'udiv' 'sdiv' 'urem' 'srem'> <InPorts = 2> <OutPorts = 1>

State 10 <SV = 9> <Delay = 4.13>
ST_10 : Operation 63 [27/36] (4.13ns)   --->   "%urem_ln29 = urem i32 %xor_ln29, i32 14" [kern.cpp:29]   --->   Operation 63 'urem' 'urem_ln29' <Predicate = true> <Delay = 4.13> <CoreInst = "DivnS_SEQ">   --->   Core 7 'DivnS_SEQ' <Latency = 35> <II = 4> <Delay = 4.13> <FuncUnit> <Opcode : 'udiv' 'sdiv' 'urem' 'srem'> <InPorts = 2> <OutPorts = 1>

State 11 <SV = 10> <Delay = 4.13>
ST_11 : Operation 64 [26/36] (4.13ns)   --->   "%urem_ln29 = urem i32 %xor_ln29, i32 14" [kern.cpp:29]   --->   Operation 64 'urem' 'urem_ln29' <Predicate = true> <Delay = 4.13> <CoreInst = "DivnS_SEQ">   --->   Core 7 'DivnS_SEQ' <Latency = 35> <II = 4> <Delay = 4.13> <FuncUnit> <Opcode : 'udiv' 'sdiv' 'urem' 'srem'> <InPorts = 2> <OutPorts = 1>

State 12 <SV = 11> <Delay = 4.13>
ST_12 : Operation 65 [25/36] (4.13ns)   --->   "%urem_ln29 = urem i32 %xor_ln29, i32 14" [kern.cpp:29]   --->   Operation 65 'urem' 'urem_ln29' <Predicate = true> <Delay = 4.13> <CoreInst = "DivnS_SEQ">   --->   Core 7 'DivnS_SEQ' <Latency = 35> <II = 4> <Delay = 4.13> <FuncUnit> <Opcode : 'udiv' 'sdiv' 'urem' 'srem'> <InPorts = 2> <OutPorts = 1>

State 13 <SV = 12> <Delay = 4.13>
ST_13 : Operation 66 [24/36] (4.13ns)   --->   "%urem_ln29 = urem i32 %xor_ln29, i32 14" [kern.cpp:29]   --->   Operation 66 'urem' 'urem_ln29' <Predicate = true> <Delay = 4.13> <CoreInst = "DivnS_SEQ">   --->   Core 7 'DivnS_SEQ' <Latency = 35> <II = 4> <Delay = 4.13> <FuncUnit> <Opcode : 'udiv' 'sdiv' 'urem' 'srem'> <InPorts = 2> <OutPorts = 1>

State 14 <SV = 13> <Delay = 4.13>
ST_14 : Operation 67 [23/36] (4.13ns)   --->   "%urem_ln29 = urem i32 %xor_ln29, i32 14" [kern.cpp:29]   --->   Operation 67 'urem' 'urem_ln29' <Predicate = true> <Delay = 4.13> <CoreInst = "DivnS_SEQ">   --->   Core 7 'DivnS_SEQ' <Latency = 35> <II = 4> <Delay = 4.13> <FuncUnit> <Opcode : 'udiv' 'sdiv' 'urem' 'srem'> <InPorts = 2> <OutPorts = 1>

State 15 <SV = 14> <Delay = 4.13>
ST_15 : Operation 68 [22/36] (4.13ns)   --->   "%urem_ln29 = urem i32 %xor_ln29, i32 14" [kern.cpp:29]   --->   Operation 68 'urem' 'urem_ln29' <Predicate = true> <Delay = 4.13> <CoreInst = "DivnS_SEQ">   --->   Core 7 'DivnS_SEQ' <Latency = 35> <II = 4> <Delay = 4.13> <FuncUnit> <Opcode : 'udiv' 'sdiv' 'urem' 'srem'> <InPorts = 2> <OutPorts = 1>

State 16 <SV = 15> <Delay = 4.13>
ST_16 : Operation 69 [21/36] (4.13ns)   --->   "%urem_ln29 = urem i32 %xor_ln29, i32 14" [kern.cpp:29]   --->   Operation 69 'urem' 'urem_ln29' <Predicate = true> <Delay = 4.13> <CoreInst = "DivnS_SEQ">   --->   Core 7 'DivnS_SEQ' <Latency = 35> <II = 4> <Delay = 4.13> <FuncUnit> <Opcode : 'udiv' 'sdiv' 'urem' 'srem'> <InPorts = 2> <OutPorts = 1>

State 17 <SV = 16> <Delay = 4.13>
ST_17 : Operation 70 [20/36] (4.13ns)   --->   "%urem_ln29 = urem i32 %xor_ln29, i32 14" [kern.cpp:29]   --->   Operation 70 'urem' 'urem_ln29' <Predicate = true> <Delay = 4.13> <CoreInst = "DivnS_SEQ">   --->   Core 7 'DivnS_SEQ' <Latency = 35> <II = 4> <Delay = 4.13> <FuncUnit> <Opcode : 'udiv' 'sdiv' 'urem' 'srem'> <InPorts = 2> <OutPorts = 1>

State 18 <SV = 17> <Delay = 4.13>
ST_18 : Operation 71 [19/36] (4.13ns)   --->   "%urem_ln29 = urem i32 %xor_ln29, i32 14" [kern.cpp:29]   --->   Operation 71 'urem' 'urem_ln29' <Predicate = true> <Delay = 4.13> <CoreInst = "DivnS_SEQ">   --->   Core 7 'DivnS_SEQ' <Latency = 35> <II = 4> <Delay = 4.13> <FuncUnit> <Opcode : 'udiv' 'sdiv' 'urem' 'srem'> <InPorts = 2> <OutPorts = 1>

State 19 <SV = 18> <Delay = 4.13>
ST_19 : Operation 72 [18/36] (4.13ns)   --->   "%urem_ln29 = urem i32 %xor_ln29, i32 14" [kern.cpp:29]   --->   Operation 72 'urem' 'urem_ln29' <Predicate = true> <Delay = 4.13> <CoreInst = "DivnS_SEQ">   --->   Core 7 'DivnS_SEQ' <Latency = 35> <II = 4> <Delay = 4.13> <FuncUnit> <Opcode : 'udiv' 'sdiv' 'urem' 'srem'> <InPorts = 2> <OutPorts = 1>

State 20 <SV = 19> <Delay = 4.13>
ST_20 : Operation 73 [17/36] (4.13ns)   --->   "%urem_ln29 = urem i32 %xor_ln29, i32 14" [kern.cpp:29]   --->   Operation 73 'urem' 'urem_ln29' <Predicate = true> <Delay = 4.13> <CoreInst = "DivnS_SEQ">   --->   Core 7 'DivnS_SEQ' <Latency = 35> <II = 4> <Delay = 4.13> <FuncUnit> <Opcode : 'udiv' 'sdiv' 'urem' 'srem'> <InPorts = 2> <OutPorts = 1>

State 21 <SV = 20> <Delay = 4.13>
ST_21 : Operation 74 [16/36] (4.13ns)   --->   "%urem_ln29 = urem i32 %xor_ln29, i32 14" [kern.cpp:29]   --->   Operation 74 'urem' 'urem_ln29' <Predicate = true> <Delay = 4.13> <CoreInst = "DivnS_SEQ">   --->   Core 7 'DivnS_SEQ' <Latency = 35> <II = 4> <Delay = 4.13> <FuncUnit> <Opcode : 'udiv' 'sdiv' 'urem' 'srem'> <InPorts = 2> <OutPorts = 1>

State 22 <SV = 21> <Delay = 4.13>
ST_22 : Operation 75 [15/36] (4.13ns)   --->   "%urem_ln29 = urem i32 %xor_ln29, i32 14" [kern.cpp:29]   --->   Operation 75 'urem' 'urem_ln29' <Predicate = true> <Delay = 4.13> <CoreInst = "DivnS_SEQ">   --->   Core 7 'DivnS_SEQ' <Latency = 35> <II = 4> <Delay = 4.13> <FuncUnit> <Opcode : 'udiv' 'sdiv' 'urem' 'srem'> <InPorts = 2> <OutPorts = 1>

State 23 <SV = 22> <Delay = 4.13>
ST_23 : Operation 76 [14/36] (4.13ns)   --->   "%urem_ln29 = urem i32 %xor_ln29, i32 14" [kern.cpp:29]   --->   Operation 76 'urem' 'urem_ln29' <Predicate = true> <Delay = 4.13> <CoreInst = "DivnS_SEQ">   --->   Core 7 'DivnS_SEQ' <Latency = 35> <II = 4> <Delay = 4.13> <FuncUnit> <Opcode : 'udiv' 'sdiv' 'urem' 'srem'> <InPorts = 2> <OutPorts = 1>

State 24 <SV = 23> <Delay = 4.13>
ST_24 : Operation 77 [13/36] (4.13ns)   --->   "%urem_ln29 = urem i32 %xor_ln29, i32 14" [kern.cpp:29]   --->   Operation 77 'urem' 'urem_ln29' <Predicate = true> <Delay = 4.13> <CoreInst = "DivnS_SEQ">   --->   Core 7 'DivnS_SEQ' <Latency = 35> <II = 4> <Delay = 4.13> <FuncUnit> <Opcode : 'udiv' 'sdiv' 'urem' 'srem'> <InPorts = 2> <OutPorts = 1>

State 25 <SV = 24> <Delay = 4.13>
ST_25 : Operation 78 [12/36] (4.13ns)   --->   "%urem_ln29 = urem i32 %xor_ln29, i32 14" [kern.cpp:29]   --->   Operation 78 'urem' 'urem_ln29' <Predicate = true> <Delay = 4.13> <CoreInst = "DivnS_SEQ">   --->   Core 7 'DivnS_SEQ' <Latency = 35> <II = 4> <Delay = 4.13> <FuncUnit> <Opcode : 'udiv' 'sdiv' 'urem' 'srem'> <InPorts = 2> <OutPorts = 1>

State 26 <SV = 25> <Delay = 4.13>
ST_26 : Operation 79 [11/36] (4.13ns)   --->   "%urem_ln29 = urem i32 %xor_ln29, i32 14" [kern.cpp:29]   --->   Operation 79 'urem' 'urem_ln29' <Predicate = true> <Delay = 4.13> <CoreInst = "DivnS_SEQ">   --->   Core 7 'DivnS_SEQ' <Latency = 35> <II = 4> <Delay = 4.13> <FuncUnit> <Opcode : 'udiv' 'sdiv' 'urem' 'srem'> <InPorts = 2> <OutPorts = 1>

State 27 <SV = 26> <Delay = 4.13>
ST_27 : Operation 80 [10/36] (4.13ns)   --->   "%urem_ln29 = urem i32 %xor_ln29, i32 14" [kern.cpp:29]   --->   Operation 80 'urem' 'urem_ln29' <Predicate = true> <Delay = 4.13> <CoreInst = "DivnS_SEQ">   --->   Core 7 'DivnS_SEQ' <Latency = 35> <II = 4> <Delay = 4.13> <FuncUnit> <Opcode : 'udiv' 'sdiv' 'urem' 'srem'> <InPorts = 2> <OutPorts = 1>

State 28 <SV = 27> <Delay = 4.13>
ST_28 : Operation 81 [9/36] (4.13ns)   --->   "%urem_ln29 = urem i32 %xor_ln29, i32 14" [kern.cpp:29]   --->   Operation 81 'urem' 'urem_ln29' <Predicate = true> <Delay = 4.13> <CoreInst = "DivnS_SEQ">   --->   Core 7 'DivnS_SEQ' <Latency = 35> <II = 4> <Delay = 4.13> <FuncUnit> <Opcode : 'udiv' 'sdiv' 'urem' 'srem'> <InPorts = 2> <OutPorts = 1>

State 29 <SV = 28> <Delay = 4.13>
ST_29 : Operation 82 [8/36] (4.13ns)   --->   "%urem_ln29 = urem i32 %xor_ln29, i32 14" [kern.cpp:29]   --->   Operation 82 'urem' 'urem_ln29' <Predicate = true> <Delay = 4.13> <CoreInst = "DivnS_SEQ">   --->   Core 7 'DivnS_SEQ' <Latency = 35> <II = 4> <Delay = 4.13> <FuncUnit> <Opcode : 'udiv' 'sdiv' 'urem' 'srem'> <InPorts = 2> <OutPorts = 1>

State 30 <SV = 29> <Delay = 4.13>
ST_30 : Operation 83 [7/36] (4.13ns)   --->   "%urem_ln29 = urem i32 %xor_ln29, i32 14" [kern.cpp:29]   --->   Operation 83 'urem' 'urem_ln29' <Predicate = true> <Delay = 4.13> <CoreInst = "DivnS_SEQ">   --->   Core 7 'DivnS_SEQ' <Latency = 35> <II = 4> <Delay = 4.13> <FuncUnit> <Opcode : 'udiv' 'sdiv' 'urem' 'srem'> <InPorts = 2> <OutPorts = 1>

State 31 <SV = 30> <Delay = 4.13>
ST_31 : Operation 84 [6/36] (4.13ns)   --->   "%urem_ln29 = urem i32 %xor_ln29, i32 14" [kern.cpp:29]   --->   Operation 84 'urem' 'urem_ln29' <Predicate = true> <Delay = 4.13> <CoreInst = "DivnS_SEQ">   --->   Core 7 'DivnS_SEQ' <Latency = 35> <II = 4> <Delay = 4.13> <FuncUnit> <Opcode : 'udiv' 'sdiv' 'urem' 'srem'> <InPorts = 2> <OutPorts = 1>

State 32 <SV = 31> <Delay = 4.13>
ST_32 : Operation 85 [5/36] (4.13ns)   --->   "%urem_ln29 = urem i32 %xor_ln29, i32 14" [kern.cpp:29]   --->   Operation 85 'urem' 'urem_ln29' <Predicate = true> <Delay = 4.13> <CoreInst = "DivnS_SEQ">   --->   Core 7 'DivnS_SEQ' <Latency = 35> <II = 4> <Delay = 4.13> <FuncUnit> <Opcode : 'udiv' 'sdiv' 'urem' 'srem'> <InPorts = 2> <OutPorts = 1>

State 33 <SV = 32> <Delay = 4.13>
ST_33 : Operation 86 [4/36] (4.13ns)   --->   "%urem_ln29 = urem i32 %xor_ln29, i32 14" [kern.cpp:29]   --->   Operation 86 'urem' 'urem_ln29' <Predicate = true> <Delay = 4.13> <CoreInst = "DivnS_SEQ">   --->   Core 7 'DivnS_SEQ' <Latency = 35> <II = 4> <Delay = 4.13> <FuncUnit> <Opcode : 'udiv' 'sdiv' 'urem' 'srem'> <InPorts = 2> <OutPorts = 1>

State 34 <SV = 33> <Delay = 4.13>
ST_34 : Operation 87 [3/36] (4.13ns)   --->   "%urem_ln29 = urem i32 %xor_ln29, i32 14" [kern.cpp:29]   --->   Operation 87 'urem' 'urem_ln29' <Predicate = true> <Delay = 4.13> <CoreInst = "DivnS_SEQ">   --->   Core 7 'DivnS_SEQ' <Latency = 35> <II = 4> <Delay = 4.13> <FuncUnit> <Opcode : 'udiv' 'sdiv' 'urem' 'srem'> <InPorts = 2> <OutPorts = 1>

State 35 <SV = 34> <Delay = 4.13>
ST_35 : Operation 88 [2/36] (4.13ns)   --->   "%urem_ln29 = urem i32 %xor_ln29, i32 14" [kern.cpp:29]   --->   Operation 88 'urem' 'urem_ln29' <Predicate = true> <Delay = 4.13> <CoreInst = "DivnS_SEQ">   --->   Core 7 'DivnS_SEQ' <Latency = 35> <II = 4> <Delay = 4.13> <FuncUnit> <Opcode : 'udiv' 'sdiv' 'urem' 'srem'> <InPorts = 2> <OutPorts = 1>

State 36 <SV = 35> <Delay = 6.89>
ST_36 : Operation 89 [1/1] (0.00ns)   --->   "%bias_read = read i16 @_ssdm_op_Read.ap_auto.i16, i16 %bias"   --->   Operation 89 'read' 'bias_read' <Predicate = true> <Delay = 0.00>
ST_36 : Operation 90 [1/1] (0.00ns)   --->   "%finalize_read = read i1 @_ssdm_op_Read.ap_auto.i1, i1 %finalize"   --->   Operation 90 'read' 'finalize_read' <Predicate = true> <Delay = 0.00>
ST_36 : Operation 91 [1/1] (0.00ns)   --->   "%in_ch_start_read = read i32 @_ssdm_op_Read.ap_auto.i32, i32 %in_ch_start"   --->   Operation 91 'read' 'in_ch_start_read' <Predicate = true> <Delay = 0.00>
ST_36 : Operation 92 [1/1] (0.00ns)   --->   "%num_kerns_val_read = read i2 @_ssdm_op_Read.ap_auto.i2, i2 %num_kerns_val"   --->   Operation 92 'read' 'num_kerns_val_read' <Predicate = true> <Delay = 0.00>
ST_36 : Operation 93 [1/1] (0.00ns)   --->   "%kern_2_8_val_read = read i1 @_ssdm_op_Read.ap_auto.i1, i1 %kern_2_8_val"   --->   Operation 93 'read' 'kern_2_8_val_read' <Predicate = true> <Delay = 0.00>
ST_36 : Operation 94 [1/1] (0.00ns)   --->   "%kern_2_7_val_read = read i1 @_ssdm_op_Read.ap_auto.i1, i1 %kern_2_7_val"   --->   Operation 94 'read' 'kern_2_7_val_read' <Predicate = true> <Delay = 0.00>
ST_36 : Operation 95 [1/1] (0.00ns)   --->   "%kern_2_6_val_read = read i1 @_ssdm_op_Read.ap_auto.i1, i1 %kern_2_6_val"   --->   Operation 95 'read' 'kern_2_6_val_read' <Predicate = true> <Delay = 0.00>
ST_36 : Operation 96 [1/1] (0.00ns)   --->   "%kern_2_5_val_read = read i1 @_ssdm_op_Read.ap_auto.i1, i1 %kern_2_5_val"   --->   Operation 96 'read' 'kern_2_5_val_read' <Predicate = true> <Delay = 0.00>
ST_36 : Operation 97 [1/1] (0.00ns)   --->   "%kern_2_4_val_read = read i1 @_ssdm_op_Read.ap_auto.i1, i1 %kern_2_4_val"   --->   Operation 97 'read' 'kern_2_4_val_read' <Predicate = true> <Delay = 0.00>
ST_36 : Operation 98 [1/1] (0.00ns)   --->   "%kern_2_3_val_read = read i1 @_ssdm_op_Read.ap_auto.i1, i1 %kern_2_3_val"   --->   Operation 98 'read' 'kern_2_3_val_read' <Predicate = true> <Delay = 0.00>
ST_36 : Operation 99 [1/1] (0.00ns)   --->   "%kern_2_2_val_read = read i1 @_ssdm_op_Read.ap_auto.i1, i1 %kern_2_2_val"   --->   Operation 99 'read' 'kern_2_2_val_read' <Predicate = true> <Delay = 0.00>
ST_36 : Operation 100 [1/1] (0.00ns)   --->   "%kern_2_1_val_read = read i1 @_ssdm_op_Read.ap_auto.i1, i1 %kern_2_1_val"   --->   Operation 100 'read' 'kern_2_1_val_read' <Predicate = true> <Delay = 0.00>
ST_36 : Operation 101 [1/1] (0.00ns)   --->   "%kern_2_0_val_read = read i1 @_ssdm_op_Read.ap_auto.i1, i1 %kern_2_0_val"   --->   Operation 101 'read' 'kern_2_0_val_read' <Predicate = true> <Delay = 0.00>
ST_36 : Operation 102 [1/1] (0.00ns)   --->   "%kern_1_8_val_read = read i1 @_ssdm_op_Read.ap_auto.i1, i1 %kern_1_8_val"   --->   Operation 102 'read' 'kern_1_8_val_read' <Predicate = true> <Delay = 0.00>
ST_36 : Operation 103 [1/1] (0.00ns)   --->   "%kern_1_7_val_read = read i1 @_ssdm_op_Read.ap_auto.i1, i1 %kern_1_7_val"   --->   Operation 103 'read' 'kern_1_7_val_read' <Predicate = true> <Delay = 0.00>
ST_36 : Operation 104 [1/1] (0.00ns)   --->   "%kern_1_6_val_read = read i1 @_ssdm_op_Read.ap_auto.i1, i1 %kern_1_6_val"   --->   Operation 104 'read' 'kern_1_6_val_read' <Predicate = true> <Delay = 0.00>
ST_36 : Operation 105 [1/1] (0.00ns)   --->   "%kern_1_5_val_read = read i1 @_ssdm_op_Read.ap_auto.i1, i1 %kern_1_5_val"   --->   Operation 105 'read' 'kern_1_5_val_read' <Predicate = true> <Delay = 0.00>
ST_36 : Operation 106 [1/1] (0.00ns)   --->   "%kern_1_4_val_read = read i1 @_ssdm_op_Read.ap_auto.i1, i1 %kern_1_4_val"   --->   Operation 106 'read' 'kern_1_4_val_read' <Predicate = true> <Delay = 0.00>
ST_36 : Operation 107 [1/1] (0.00ns)   --->   "%kern_1_3_val_read = read i1 @_ssdm_op_Read.ap_auto.i1, i1 %kern_1_3_val"   --->   Operation 107 'read' 'kern_1_3_val_read' <Predicate = true> <Delay = 0.00>
ST_36 : Operation 108 [1/1] (0.00ns)   --->   "%kern_1_2_val_read = read i1 @_ssdm_op_Read.ap_auto.i1, i1 %kern_1_2_val"   --->   Operation 108 'read' 'kern_1_2_val_read' <Predicate = true> <Delay = 0.00>
ST_36 : Operation 109 [1/1] (0.00ns)   --->   "%kern_1_1_val_read = read i1 @_ssdm_op_Read.ap_auto.i1, i1 %kern_1_1_val"   --->   Operation 109 'read' 'kern_1_1_val_read' <Predicate = true> <Delay = 0.00>
ST_36 : Operation 110 [1/1] (0.00ns)   --->   "%kern_1_0_val_read = read i1 @_ssdm_op_Read.ap_auto.i1, i1 %kern_1_0_val"   --->   Operation 110 'read' 'kern_1_0_val_read' <Predicate = true> <Delay = 0.00>
ST_36 : Operation 111 [1/1] (0.00ns)   --->   "%kern_0_8_val_read = read i1 @_ssdm_op_Read.ap_auto.i1, i1 %kern_0_8_val"   --->   Operation 111 'read' 'kern_0_8_val_read' <Predicate = true> <Delay = 0.00>
ST_36 : Operation 112 [1/1] (0.00ns)   --->   "%kern_0_7_val_read = read i1 @_ssdm_op_Read.ap_auto.i1, i1 %kern_0_7_val"   --->   Operation 112 'read' 'kern_0_7_val_read' <Predicate = true> <Delay = 0.00>
ST_36 : Operation 113 [1/1] (0.00ns)   --->   "%kern_0_6_val_read = read i1 @_ssdm_op_Read.ap_auto.i1, i1 %kern_0_6_val"   --->   Operation 113 'read' 'kern_0_6_val_read' <Predicate = true> <Delay = 0.00>
ST_36 : Operation 114 [1/1] (0.00ns)   --->   "%kern_0_5_val_read = read i1 @_ssdm_op_Read.ap_auto.i1, i1 %kern_0_5_val"   --->   Operation 114 'read' 'kern_0_5_val_read' <Predicate = true> <Delay = 0.00>
ST_36 : Operation 115 [1/1] (0.00ns)   --->   "%kern_0_4_val_read = read i1 @_ssdm_op_Read.ap_auto.i1, i1 %kern_0_4_val"   --->   Operation 115 'read' 'kern_0_4_val_read' <Predicate = true> <Delay = 0.00>
ST_36 : Operation 116 [1/1] (0.00ns)   --->   "%kern_0_3_val_read = read i1 @_ssdm_op_Read.ap_auto.i1, i1 %kern_0_3_val"   --->   Operation 116 'read' 'kern_0_3_val_read' <Predicate = true> <Delay = 0.00>
ST_36 : Operation 117 [1/1] (0.00ns)   --->   "%kern_0_2_val_read = read i1 @_ssdm_op_Read.ap_auto.i1, i1 %kern_0_2_val"   --->   Operation 117 'read' 'kern_0_2_val_read' <Predicate = true> <Delay = 0.00>
ST_36 : Operation 118 [1/1] (0.00ns)   --->   "%kern_0_1_val_read = read i1 @_ssdm_op_Read.ap_auto.i1, i1 %kern_0_1_val"   --->   Operation 118 'read' 'kern_0_1_val_read' <Predicate = true> <Delay = 0.00>
ST_36 : Operation 119 [1/1] (0.00ns)   --->   "%kern_0_0_val_read = read i1 @_ssdm_op_Read.ap_auto.i1, i1 %kern_0_0_val"   --->   Operation 119 'read' 'kern_0_0_val_read' <Predicate = true> <Delay = 0.00>
ST_36 : Operation 120 [1/36] (4.13ns)   --->   "%urem_ln29 = urem i32 %xor_ln29, i32 14" [kern.cpp:29]   --->   Operation 120 'urem' 'urem_ln29' <Predicate = true> <Delay = 4.13> <CoreInst = "DivnS_SEQ">   --->   Core 7 'DivnS_SEQ' <Latency = 35> <II = 4> <Delay = 4.13> <FuncUnit> <Opcode : 'udiv' 'sdiv' 'urem' 'srem'> <InPorts = 2> <OutPorts = 1>
ST_36 : Operation 121 [1/1] (0.00ns)   --->   "%trunc_ln29 = trunc i4 %urem_ln29" [kern.cpp:29]   --->   Operation 121 'trunc' 'trunc_ln29' <Predicate = true> <Delay = 0.00>
ST_36 : Operation 122 [1/1] (1.73ns)   --->   "%sub_ln29 = sub i4 13, i4 %trunc_ln29" [kern.cpp:29]   --->   Operation 122 'sub' 'sub_ln29' <Predicate = (tmp_143)> <Delay = 1.73> <CoreInst = "Adder">   --->   Core 1 'Adder' <Latency = 0> <II = 1> <Delay = 1.73> <FuncUnit> <Opcode : 'add' 'sub'> <InPorts = 2> <OutPorts = 1>
ST_36 : Operation 123 [1/1] (1.02ns)   --->   "%select_ln29 = select i1 %tmp_143, i4 %sub_ln29, i4 %trunc_ln29" [kern.cpp:29]   --->   Operation 123 'select' 'select_ln29' <Predicate = true> <Delay = 1.02> <CoreInst = "Sel">   --->   Core 73 'Sel' <Latency = 0> <II = 1> <Delay = 1.02> <FuncUnit> <Opcode : 'select'> <InPorts = 3> <OutPorts = 1>
ST_36 : Operation 124 [1/1] (0.00ns)   --->   "%br_ln42 = br i1 %finalize_read, void %INIT_H, void %INIT_FH" [kern.cpp:42]   --->   Operation 124 'br' 'br_ln42' <Predicate = true> <Delay = 0.00>
ST_36 : Operation 125 [1/1] (0.00ns)   --->   "%oh = alloca i32 1" [kern.cpp:43]   --->   Operation 125 'alloca' 'oh' <Predicate = (!finalize_read)> <Delay = 0.00>
ST_36 : Operation 126 [1/1] (0.00ns)   --->   "%sext_ln43 = sext i32 %in_ch_start_read" [kern.cpp:43]   --->   Operation 126 'sext' 'sext_ln43' <Predicate = (!finalize_read)> <Delay = 0.00>
ST_36 : Operation 127 [1/1] (1.58ns)   --->   "%store_ln43 = store i6 0, i6 %oh" [kern.cpp:43]   --->   Operation 127 'store' 'store_ln43' <Predicate = (!finalize_read)> <Delay = 1.58>
ST_36 : Operation 128 [1/1] (0.00ns)   --->   "%br_ln43 = br void %INIT_W" [kern.cpp:43]   --->   Operation 128 'br' 'br_ln43' <Predicate = (!finalize_read)> <Delay = 0.00>

State 37 <SV = 36> <Delay = 3.41>
ST_37 : Operation 129 [1/1] (0.00ns)   --->   "%oh_4 = load i6 %oh" [kern.cpp:43]   --->   Operation 129 'load' 'oh_4' <Predicate = true> <Delay = 0.00>
ST_37 : Operation 130 [1/1] (1.82ns)   --->   "%icmp_ln43 = icmp_eq  i6 %oh_4, i6 32" [kern.cpp:43]   --->   Operation 130 'icmp' 'icmp_ln43' <Predicate = true> <Delay = 1.82> <CoreInst = "Cmp">   --->   Core 9 'Cmp' <Latency = 0> <II = 1> <Delay = 1.82> <FuncUnit> <Opcode : 'seteq' 'setne' 'setle' 'setge' 'setlt' 'setgt'> <InPorts = 2> <OutPorts = 1>
ST_37 : Operation 131 [1/1] (1.82ns)   --->   "%add_ln43 = add i6 %oh_4, i6 1" [kern.cpp:43]   --->   Operation 131 'add' 'add_ln43' <Predicate = true> <Delay = 1.82> <CoreInst = "Adder">   --->   Core 1 'Adder' <Latency = 0> <II = 1> <Delay = 1.82> <FuncUnit> <Opcode : 'add' 'sub'> <InPorts = 2> <OutPorts = 1>
ST_37 : Operation 132 [1/1] (0.00ns)   --->   "%br_ln43 = br i1 %icmp_ln43, void %INIT_W.split, void %if.end154.loopexit" [kern.cpp:43]   --->   Operation 132 'br' 'br_ln43' <Predicate = true> <Delay = 0.00>
ST_37 : Operation 133 [1/1] (0.00ns)   --->   "%trunc_ln43 = trunc i6 %oh_4" [kern.cpp:43]   --->   Operation 133 'trunc' 'trunc_ln43' <Predicate = (!icmp_ln43)> <Delay = 0.00>
ST_37 : Operation 134 [1/1] (0.00ns)   --->   "%speclooptripcount_ln43 = speclooptripcount void @_ssdm_op_SpecLoopTripCount, i64 32, i64 32, i64 32" [kern.cpp:43]   --->   Operation 134 'speclooptripcount' 'speclooptripcount_ln43' <Predicate = (!icmp_ln43)> <Delay = 0.00>
ST_37 : Operation 135 [1/1] (0.00ns)   --->   "%specloopname_ln43 = specloopname void @_ssdm_op_SpecLoopName, void @empty_3" [kern.cpp:43]   --->   Operation 135 'specloopname' 'specloopname_ln43' <Predicate = (!icmp_ln43)> <Delay = 0.00>
ST_37 : Operation 136 [1/1] (1.58ns)   --->   "%br_ln44 = br void %INIT_K" [kern.cpp:44]   --->   Operation 136 'br' 'br_ln44' <Predicate = (!icmp_ln43)> <Delay = 1.58>
ST_37 : Operation 137 [1/1] (0.00ns)   --->   "%br_ln0 = br void %if.end154"   --->   Operation 137 'br' 'br_ln0' <Predicate = (icmp_ln43)> <Delay = 0.00>

State 38 <SV = 37> <Delay = 3.41>
ST_38 : Operation 138 [1/1] (0.00ns)   --->   "%ow = phi i6 0, void %INIT_W.split, i6 %add_ln44, void %arrayidx4.exit" [kern.cpp:44]   --->   Operation 138 'phi' 'ow' <Predicate = true> <Delay = 0.00>
ST_38 : Operation 139 [1/1] (1.82ns)   --->   "%icmp_ln44 = icmp_eq  i6 %ow, i6 32" [kern.cpp:44]   --->   Operation 139 'icmp' 'icmp_ln44' <Predicate = true> <Delay = 1.82> <CoreInst = "Cmp">   --->   Core 9 'Cmp' <Latency = 0> <II = 1> <Delay = 1.82> <FuncUnit> <Opcode : 'seteq' 'setne' 'setle' 'setge' 'setlt' 'setgt'> <InPorts = 2> <OutPorts = 1>
ST_38 : Operation 140 [1/1] (1.82ns)   --->   "%add_ln44 = add i6 %ow, i6 1" [kern.cpp:44]   --->   Operation 140 'add' 'add_ln44' <Predicate = true> <Delay = 1.82> <CoreInst = "Adder">   --->   Core 1 'Adder' <Latency = 0> <II = 1> <Delay = 1.82> <FuncUnit> <Opcode : 'add' 'sub'> <InPorts = 2> <OutPorts = 1>
ST_38 : Operation 141 [1/1] (0.00ns)   --->   "%br_ln44 = br i1 %icmp_ln44, void %INIT_K.split, void %for.inc61" [kern.cpp:44]   --->   Operation 141 'br' 'br_ln44' <Predicate = true> <Delay = 0.00>
ST_38 : Operation 142 [1/1] (0.00ns)   --->   "%lshr_ln = partselect i4 @_ssdm_op_PartSelect.i4.i6.i32.i32, i6 %ow, i32 1, i32 4" [kern.cpp:45]   --->   Operation 142 'partselect' 'lshr_ln' <Predicate = (!icmp_ln44)> <Delay = 0.00>
ST_38 : Operation 143 [1/1] (0.00ns)   --->   "%add_ln3 = bitconcatenate i9 @_ssdm_op_BitConcatenate.i9.i5.i4, i5 %trunc_ln43, i4 %lshr_ln" [kern.cpp:45]   --->   Operation 143 'bitconcatenate' 'add_ln3' <Predicate = (!icmp_ln44)> <Delay = 0.00>
ST_38 : Operation 144 [1/1] (0.00ns)   --->   "%zext_ln45 = zext i9 %add_ln3" [kern.cpp:45]   --->   Operation 144 'zext' 'zext_ln45' <Predicate = (!icmp_ln44)> <Delay = 0.00>
ST_38 : Operation 145 [1/1] (0.00ns)   --->   "%buffer_0_addr = getelementptr i32 %buffer_0, i64 0, i64 %zext_ln45" [kern.cpp:45]   --->   Operation 145 'getelementptr' 'buffer_0_addr' <Predicate = (!icmp_ln44)> <Delay = 0.00>
ST_38 : Operation 146 [1/1] (0.00ns)   --->   "%buffer_1_addr = getelementptr i32 %buffer_1, i64 0, i64 %zext_ln45" [kern.cpp:45]   --->   Operation 146 'getelementptr' 'buffer_1_addr' <Predicate = (!icmp_ln44)> <Delay = 0.00>
ST_38 : Operation 147 [2/2] (3.25ns)   --->   "%buffer_0_load = load i9 %buffer_0_addr" [kern.cpp:45]   --->   Operation 147 'load' 'buffer_0_load' <Predicate = (!icmp_ln44)> <Delay = 3.25> <CoreInst = "RAM">   --->   Core 81 'RAM' <Latency = 1> <II = 1> <Delay = 3.25> <Storage> <Opcode : 'load' 'store'> <Ports = 2> <Width = 32> <Depth = 512> <RAM>
ST_38 : Operation 148 [2/2] (3.25ns)   --->   "%buffer_1_load = load i9 %buffer_1_addr" [kern.cpp:45]   --->   Operation 148 'load' 'buffer_1_load' <Predicate = (!icmp_ln44)> <Delay = 3.25> <CoreInst = "RAM">   --->   Core 81 'RAM' <Latency = 1> <II = 1> <Delay = 3.25> <Storage> <Opcode : 'load' 'store'> <Ports = 2> <Width = 32> <Depth = 512> <RAM>
ST_38 : Operation 149 [1/1] (1.58ns)   --->   "%store_ln43 = store i6 %add_ln43, i6 %oh" [kern.cpp:43]   --->   Operation 149 'store' 'store_ln43' <Predicate = (icmp_ln44)> <Delay = 1.58>
ST_38 : Operation 150 [1/1] (0.00ns)   --->   "%br_ln43 = br void %INIT_W" [kern.cpp:43]   --->   Operation 150 'br' 'br_ln43' <Predicate = (icmp_ln44)> <Delay = 0.00>

State 39 <SV = 38> <Delay = 3.95>
ST_39 : Operation 151 [1/1] (0.00ns)   --->   "%trunc_ln44 = trunc i6 %ow" [kern.cpp:44]   --->   Operation 151 'trunc' 'trunc_ln44' <Predicate = true> <Delay = 0.00>
ST_39 : Operation 152 [1/1] (0.00ns)   --->   "%trunc_ln44_1 = trunc i6 %ow" [kern.cpp:44]   --->   Operation 152 'trunc' 'trunc_ln44_1' <Predicate = true> <Delay = 0.00>
ST_39 : Operation 153 [1/1] (0.00ns)   --->   "%speclooptripcount_ln44 = speclooptripcount void @_ssdm_op_SpecLoopTripCount, i64 32, i64 32, i64 32" [kern.cpp:44]   --->   Operation 153 'speclooptripcount' 'speclooptripcount_ln44' <Predicate = true> <Delay = 0.00>
ST_39 : Operation 154 [1/1] (0.00ns)   --->   "%specloopname_ln44 = specloopname void @_ssdm_op_SpecLoopName, void @empty_1" [kern.cpp:44]   --->   Operation 154 'specloopname' 'specloopname_ln44' <Predicate = true> <Delay = 0.00>
ST_39 : Operation 155 [1/2] ( I:3.25ns O:3.25ns )   --->   "%buffer_0_load = load i9 %buffer_0_addr" [kern.cpp:45]   --->   Operation 155 'load' 'buffer_0_load' <Predicate = true> <Delay = 3.25> <CoreInst = "RAM">   --->   Core 81 'RAM' <Latency = 1> <II = 1> <Delay = 3.25> <Storage> <Opcode : 'load' 'store'> <Ports = 2> <Width = 32> <Depth = 512> <RAM>
ST_39 : Operation 156 [1/2] ( I:3.25ns O:3.25ns )   --->   "%buffer_1_load = load i9 %buffer_1_addr" [kern.cpp:45]   --->   Operation 156 'load' 'buffer_1_load' <Predicate = true> <Delay = 3.25> <CoreInst = "RAM">   --->   Core 81 'RAM' <Latency = 1> <II = 1> <Delay = 3.25> <Storage> <Opcode : 'load' 'store'> <Ports = 2> <Width = 32> <Depth = 512> <RAM>
ST_39 : Operation 157 [1/1] (0.69ns)   --->   "%loc = select i1 %trunc_ln44_1, i32 %buffer_1_load, i32 %buffer_0_load" [kern.cpp:45]   --->   Operation 157 'select' 'loc' <Predicate = true> <Delay = 0.69> <CoreInst = "Sel">   --->   Core 73 'Sel' <Latency = 0> <II = 1> <Delay = 0.69> <FuncUnit> <Opcode : 'select'> <InPorts = 3> <OutPorts = 1>
ST_39 : Operation 158 [1/1] (1.58ns)   --->   "%br_ln46 = br void %for.body8" [kern.cpp:46]   --->   Operation 158 'br' 'br_ln46' <Predicate = true> <Delay = 1.58>

State 40 <SV = 39> <Delay = 4.81>
ST_40 : Operation 159 [1/1] (0.00ns)   --->   "%k = phi i2 0, void %INIT_K.split, i2 %add_ln46, void %for.inc51" [kern.cpp:46]   --->   Operation 159 'phi' 'k' <Predicate = true> <Delay = 0.00>
ST_40 : Operation 160 [1/1] (0.00ns)   --->   "%loc_08 = phi i32 %loc, void %INIT_K.split, i32 %loc_4, void %for.inc51"   --->   Operation 160 'phi' 'loc_08' <Predicate = true> <Delay = 0.00>
ST_40 : Operation 161 [1/1] (1.56ns)   --->   "%icmp_ln46 = icmp_eq  i2 %k, i2 3" [kern.cpp:46]   --->   Operation 161 'icmp' 'icmp_ln46' <Predicate = true> <Delay = 1.56> <CoreInst = "Cmp">   --->   Core 9 'Cmp' <Latency = 0> <II = 1> <Delay = 1.56> <FuncUnit> <Opcode : 'seteq' 'setne' 'setle' 'setge' 'setlt' 'setgt'> <InPorts = 2> <OutPorts = 1>
ST_40 : Operation 162 [1/1] (1.56ns)   --->   "%add_ln46 = add i2 %k, i2 1" [kern.cpp:46]   --->   Operation 162 'add' 'add_ln46' <Predicate = true> <Delay = 1.56> <CoreInst = "Adder">   --->   Core 1 'Adder' <Latency = 0> <II = 1> <Delay = 1.56> <FuncUnit> <Opcode : 'add' 'sub'> <InPorts = 2> <OutPorts = 1>
ST_40 : Operation 163 [1/1] (0.00ns)   --->   "%br_ln46 = br i1 %icmp_ln46, void %for.body8.split, void %for.inc58" [kern.cpp:46]   --->   Operation 163 'br' 'br_ln46' <Predicate = true> <Delay = 0.00>
ST_40 : Operation 164 [1/1] (0.00ns)   --->   "%zext_ln46 = zext i2 %k" [kern.cpp:46]   --->   Operation 164 'zext' 'zext_ln46' <Predicate = (!icmp_ln46)> <Delay = 0.00>
ST_40 : Operation 165 [1/1] (0.00ns)   --->   "%speclooptripcount_ln45 = speclooptripcount void @_ssdm_op_SpecLoopTripCount, i64 3, i64 3, i64 3" [kern.cpp:45]   --->   Operation 165 'speclooptripcount' 'speclooptripcount_ln45' <Predicate = (!icmp_ln46)> <Delay = 0.00>
ST_40 : Operation 166 [1/1] (0.00ns)   --->   "%specloopname_ln46 = specloopname void @_ssdm_op_SpecLoopName, void @empty_6" [kern.cpp:46]   --->   Operation 166 'specloopname' 'specloopname_ln46' <Predicate = (!icmp_ln46)> <Delay = 0.00>
ST_40 : Operation 167 [1/1] (1.56ns)   --->   "%icmp_ln47 = icmp_ult  i2 %k, i2 %num_kerns_val_read" [kern.cpp:47]   --->   Operation 167 'icmp' 'icmp_ln47' <Predicate = (!icmp_ln46)> <Delay = 1.56> <CoreInst = "Cmp">   --->   Core 9 'Cmp' <Latency = 0> <II = 1> <Delay = 1.56> <FuncUnit> <Opcode : 'seteq' 'setne' 'setle' 'setge' 'setlt' 'setgt'> <InPorts = 2> <OutPorts = 1>
ST_40 : Operation 168 [1/1] (1.58ns)   --->   "%br_ln47 = br i1 %icmp_ln47, void %for.inc51, void %INIT_KH" [kern.cpp:47]   --->   Operation 168 'br' 'br_ln47' <Predicate = (!icmp_ln46)> <Delay = 1.58>
ST_40 : Operation 169 [1/1] (2.55ns)   --->   "%add_ln53 = add i33 %zext_ln46, i33 %sext_ln43" [kern.cpp:53]   --->   Operation 169 'add' 'add_ln53' <Predicate = (!icmp_ln46 & icmp_ln47)> <Delay = 2.55> <CoreInst = "Adder">   --->   Core 1 'Adder' <Latency = 0> <II = 1> <Delay = 2.55> <FuncUnit> <Opcode : 'add' 'sub'> <InPorts = 2> <OutPorts = 1>
ST_40 : Operation 170 [2/2] (1.78ns)   --->   "%call_ln45 = call void @conv2d_l1_Pipeline_INIT_KH_INIT_KW, i32 %loc_08, i5 %trunc_ln43, i5 %trunc_ln44, i33 %add_ln53, i16 %input_0, i16 %input_1, i16 %input_2, i16 %input_3, i16 %input_4, i16 %input_5, i16 %input_6, i16 %input_7, i16 %input_8, i16 %input_9, i16 %input_10, i16 %input_11, i16 %input_12, i16 %input_13, i1 %kern_0_0_val_read, i1 %kern_0_1_val_read, i1 %kern_0_2_val_read, i1 %kern_0_3_val_read, i1 %kern_0_4_val_read, i1 %kern_0_5_val_read, i1 %kern_0_6_val_read, i1 %kern_0_7_val_read, i1 %kern_0_8_val_read, i1 %kern_1_0_val_read, i1 %kern_1_1_val_read, i1 %kern_1_2_val_read, i1 %kern_1_3_val_read, i1 %kern_1_4_val_read, i1 %kern_1_5_val_read, i1 %kern_1_6_val_read, i1 %kern_1_7_val_read, i1 %kern_1_8_val_read, i1 %kern_2_0_val_read, i1 %kern_2_1_val_read, i1 %kern_2_2_val_read, i1 %kern_2_3_val_read, i1 %kern_2_4_val_read, i1 %kern_2_5_val_read, i1 %kern_2_6_val_read, i1 %kern_2_7_val_read, i1 %kern_2_8_val_read, i2 %k, i32 %loc_11_loc" [kern.cpp:45]   --->   Operation 170 'call' 'call_ln45' <Predicate = (!icmp_ln46 & icmp_ln47)> <Delay = 1.78> <CoreType = "Generic">   --->   Generic Core
ST_40 : Operation 171 [1/1] (0.00ns)   --->   "%br_ln60 = br i1 %trunc_ln44_1, void %arrayidx4.case.0, void %arrayidx4.case.1" [kern.cpp:60]   --->   Operation 171 'br' 'br_ln60' <Predicate = (icmp_ln46)> <Delay = 0.00>
ST_40 : Operation 172 [1/1] ( I:3.25ns O:3.25ns )   --->   "%store_ln60 = store i32 %loc_08, i9 %buffer_0_addr" [kern.cpp:60]   --->   Operation 172 'store' 'store_ln60' <Predicate = (icmp_ln46 & !trunc_ln44_1)> <Delay = 3.25> <CoreInst = "RAM">   --->   Core 81 'RAM' <Latency = 1> <II = 1> <Delay = 3.25> <Storage> <Opcode : 'load' 'store'> <Ports = 2> <Width = 32> <Depth = 512> <RAM>
ST_40 : Operation 173 [1/1] (0.00ns)   --->   "%br_ln60 = br void %arrayidx4.exit" [kern.cpp:60]   --->   Operation 173 'br' 'br_ln60' <Predicate = (icmp_ln46 & !trunc_ln44_1)> <Delay = 0.00>
ST_40 : Operation 174 [1/1] ( I:3.25ns O:3.25ns )   --->   "%store_ln60 = store i32 %loc_08, i9 %buffer_1_addr" [kern.cpp:60]   --->   Operation 174 'store' 'store_ln60' <Predicate = (icmp_ln46 & trunc_ln44_1)> <Delay = 3.25> <CoreInst = "RAM">   --->   Core 81 'RAM' <Latency = 1> <II = 1> <Delay = 3.25> <Storage> <Opcode : 'load' 'store'> <Ports = 2> <Width = 32> <Depth = 512> <RAM>
ST_40 : Operation 175 [1/1] (0.00ns)   --->   "%br_ln60 = br void %arrayidx4.exit" [kern.cpp:60]   --->   Operation 175 'br' 'br_ln60' <Predicate = (icmp_ln46 & trunc_ln44_1)> <Delay = 0.00>
ST_40 : Operation 176 [1/1] (0.00ns)   --->   "%br_ln44 = br void %INIT_K" [kern.cpp:44]   --->   Operation 176 'br' 'br_ln44' <Predicate = (icmp_ln46)> <Delay = 0.00>

State 41 <SV = 40> <Delay = 0.00>
ST_41 : Operation 177 [1/2] (0.00ns)   --->   "%call_ln45 = call void @conv2d_l1_Pipeline_INIT_KH_INIT_KW, i32 %loc_08, i5 %trunc_ln43, i5 %trunc_ln44, i33 %add_ln53, i16 %input_0, i16 %input_1, i16 %input_2, i16 %input_3, i16 %input_4, i16 %input_5, i16 %input_6, i16 %input_7, i16 %input_8, i16 %input_9, i16 %input_10, i16 %input_11, i16 %input_12, i16 %input_13, i1 %kern_0_0_val_read, i1 %kern_0_1_val_read, i1 %kern_0_2_val_read, i1 %kern_0_3_val_read, i1 %kern_0_4_val_read, i1 %kern_0_5_val_read, i1 %kern_0_6_val_read, i1 %kern_0_7_val_read, i1 %kern_0_8_val_read, i1 %kern_1_0_val_read, i1 %kern_1_1_val_read, i1 %kern_1_2_val_read, i1 %kern_1_3_val_read, i1 %kern_1_4_val_read, i1 %kern_1_5_val_read, i1 %kern_1_6_val_read, i1 %kern_1_7_val_read, i1 %kern_1_8_val_read, i1 %kern_2_0_val_read, i1 %kern_2_1_val_read, i1 %kern_2_2_val_read, i1 %kern_2_3_val_read, i1 %kern_2_4_val_read, i1 %kern_2_5_val_read, i1 %kern_2_6_val_read, i1 %kern_2_7_val_read, i1 %kern_2_8_val_read, i2 %k, i32 %loc_11_loc" [kern.cpp:45]   --->   Operation 177 'call' 'call_ln45' <Predicate = true> <Delay = 0.00> <CoreType = "Generic">   --->   Generic Core

State 42 <SV = 41> <Delay = 1.58>
ST_42 : Operation 178 [1/1] (0.00ns)   --->   "%loc_11_loc_load = load i32 %loc_11_loc"   --->   Operation 178 'load' 'loc_11_loc_load' <Predicate = (icmp_ln47)> <Delay = 0.00>
ST_42 : Operation 179 [1/1] (1.58ns)   --->   "%br_ln0 = br void %for.inc51"   --->   Operation 179 'br' 'br_ln0' <Predicate = (icmp_ln47)> <Delay = 1.58>
ST_42 : Operation 180 [1/1] (0.00ns)   --->   "%loc_4 = phi i32 %loc_08, void %for.body8.split, i32 %loc_11_loc_load, void %INIT_KH"   --->   Operation 180 'phi' 'loc_4' <Predicate = true> <Delay = 0.00>
ST_42 : Operation 181 [1/1] (0.00ns)   --->   "%br_ln46 = br void %for.body8" [kern.cpp:46]   --->   Operation 181 'br' 'br_ln46' <Predicate = true> <Delay = 0.00>

State 43 <SV = 36> <Delay = 1.73>
ST_43 : Operation 182 [2/2] (1.73ns)   --->   "%call_ln29 = call void @conv2d_l1_Pipeline_INIT_FH_INIT_FW, i11 %udiv_ln_cast, i1 %output_0, i1 %output_1, i1 %output_2, i1 %output_3, i1 %output_4, i1 %output_5, i1 %output_6, i1 %output_7, i1 %output_8, i1 %output_9, i1 %output_10, i1 %output_11, i1 %output_12, i1 %output_13, i32 %buffer_1, i32 %buffer_0, i16 %bias_read, i4 %select_ln29" [kern.cpp:29]   --->   Operation 182 'call' 'call_ln29' <Predicate = true> <Delay = 1.73> <CoreType = "Generic">   --->   Generic Core

State 44 <SV = 37> <Delay = 0.00>
ST_44 : Operation 183 [1/2] (0.00ns)   --->   "%call_ln29 = call void @conv2d_l1_Pipeline_INIT_FH_INIT_FW, i11 %udiv_ln_cast, i1 %output_0, i1 %output_1, i1 %output_2, i1 %output_3, i1 %output_4, i1 %output_5, i1 %output_6, i1 %output_7, i1 %output_8, i1 %output_9, i1 %output_10, i1 %output_11, i1 %output_12, i1 %output_13, i32 %buffer_1, i32 %buffer_0, i16 %bias_read, i4 %select_ln29" [kern.cpp:29]   --->   Operation 183 'call' 'call_ln29' <Predicate = (finalize_read)> <Delay = 0.00> <CoreType = "Generic">   --->   Generic Core
ST_44 : Operation 184 [1/1] (0.00ns)   --->   "%br_ln0 = br void %if.end154"   --->   Operation 184 'br' 'br_ln0' <Predicate = (finalize_read)> <Delay = 0.00>
ST_44 : Operation 185 [1/1] (0.00ns)   --->   "%ret_ln81 = ret" [kern.cpp:81]   --->   Operation 185 'ret' 'ret_ln81' <Predicate = true> <Delay = 0.00>


============================================================
+ Verbose Summary: Timing violations
============================================================
Target clock period: 10.000ns, clock uncertainty: 2.700ns.

 <State 1>: 6.912ns
The critical path consists of the following:
	wire read operation ('out_ch_read') on port 'out_ch' [63]  (0.000 ns)
	'mul' operation 65 bit ('mul_ln29', kern.cpp:29) [97]  (6.912 ns)

 <State 2>: 6.912ns
The critical path consists of the following:
	'mul' operation 65 bit ('mul_ln29', kern.cpp:29) [97]  (6.912 ns)

 <State 3>: 4.135ns
The critical path consists of the following:
	'urem' operation 4 bit ('urem_ln29', kern.cpp:29) [102]  (4.135 ns)

 <State 4>: 4.135ns
The critical path consists of the following:
	'urem' operation 4 bit ('urem_ln29', kern.cpp:29) [102]  (4.135 ns)

 <State 5>: 4.135ns
The critical path consists of the following:
	'urem' operation 4 bit ('urem_ln29', kern.cpp:29) [102]  (4.135 ns)

 <State 6>: 4.135ns
The critical path consists of the following:
	'urem' operation 4 bit ('urem_ln29', kern.cpp:29) [102]  (4.135 ns)

 <State 7>: 4.135ns
The critical path consists of the following:
	'urem' operation 4 bit ('urem_ln29', kern.cpp:29) [102]  (4.135 ns)

 <State 8>: 4.135ns
The critical path consists of the following:
	'urem' operation 4 bit ('urem_ln29', kern.cpp:29) [102]  (4.135 ns)

 <State 9>: 4.135ns
The critical path consists of the following:
	'urem' operation 4 bit ('urem_ln29', kern.cpp:29) [102]  (4.135 ns)

 <State 10>: 4.135ns
The critical path consists of the following:
	'urem' operation 4 bit ('urem_ln29', kern.cpp:29) [102]  (4.135 ns)

 <State 11>: 4.135ns
The critical path consists of the following:
	'urem' operation 4 bit ('urem_ln29', kern.cpp:29) [102]  (4.135 ns)

 <State 12>: 4.135ns
The critical path consists of the following:
	'urem' operation 4 bit ('urem_ln29', kern.cpp:29) [102]  (4.135 ns)

 <State 13>: 4.135ns
The critical path consists of the following:
	'urem' operation 4 bit ('urem_ln29', kern.cpp:29) [102]  (4.135 ns)

 <State 14>: 4.135ns
The critical path consists of the following:
	'urem' operation 4 bit ('urem_ln29', kern.cpp:29) [102]  (4.135 ns)

 <State 15>: 4.135ns
The critical path consists of the following:
	'urem' operation 4 bit ('urem_ln29', kern.cpp:29) [102]  (4.135 ns)

 <State 16>: 4.135ns
The critical path consists of the following:
	'urem' operation 4 bit ('urem_ln29', kern.cpp:29) [102]  (4.135 ns)

 <State 17>: 4.135ns
The critical path consists of the following:
	'urem' operation 4 bit ('urem_ln29', kern.cpp:29) [102]  (4.135 ns)

 <State 18>: 4.135ns
The critical path consists of the following:
	'urem' operation 4 bit ('urem_ln29', kern.cpp:29) [102]  (4.135 ns)

 <State 19>: 4.135ns
The critical path consists of the following:
	'urem' operation 4 bit ('urem_ln29', kern.cpp:29) [102]  (4.135 ns)

 <State 20>: 4.135ns
The critical path consists of the following:
	'urem' operation 4 bit ('urem_ln29', kern.cpp:29) [102]  (4.135 ns)

 <State 21>: 4.135ns
The critical path consists of the following:
	'urem' operation 4 bit ('urem_ln29', kern.cpp:29) [102]  (4.135 ns)

 <State 22>: 4.135ns
The critical path consists of the following:
	'urem' operation 4 bit ('urem_ln29', kern.cpp:29) [102]  (4.135 ns)

 <State 23>: 4.135ns
The critical path consists of the following:
	'urem' operation 4 bit ('urem_ln29', kern.cpp:29) [102]  (4.135 ns)

 <State 24>: 4.135ns
The critical path consists of the following:
	'urem' operation 4 bit ('urem_ln29', kern.cpp:29) [102]  (4.135 ns)

 <State 25>: 4.135ns
The critical path consists of the following:
	'urem' operation 4 bit ('urem_ln29', kern.cpp:29) [102]  (4.135 ns)

 <State 26>: 4.135ns
The critical path consists of the following:
	'urem' operation 4 bit ('urem_ln29', kern.cpp:29) [102]  (4.135 ns)

 <State 27>: 4.135ns
The critical path consists of the following:
	'urem' operation 4 bit ('urem_ln29', kern.cpp:29) [102]  (4.135 ns)

 <State 28>: 4.135ns
The critical path consists of the following:
	'urem' operation 4 bit ('urem_ln29', kern.cpp:29) [102]  (4.135 ns)

 <State 29>: 4.135ns
The critical path consists of the following:
	'urem' operation 4 bit ('urem_ln29', kern.cpp:29) [102]  (4.135 ns)

 <State 30>: 4.135ns
The critical path consists of the following:
	'urem' operation 4 bit ('urem_ln29', kern.cpp:29) [102]  (4.135 ns)

 <State 31>: 4.135ns
The critical path consists of the following:
	'urem' operation 4 bit ('urem_ln29', kern.cpp:29) [102]  (4.135 ns)

 <State 32>: 4.135ns
The critical path consists of the following:
	'urem' operation 4 bit ('urem_ln29', kern.cpp:29) [102]  (4.135 ns)

 <State 33>: 4.135ns
The critical path consists of the following:
	'urem' operation 4 bit ('urem_ln29', kern.cpp:29) [102]  (4.135 ns)

 <State 34>: 4.135ns
The critical path consists of the following:
	'urem' operation 4 bit ('urem_ln29', kern.cpp:29) [102]  (4.135 ns)

 <State 35>: 4.135ns
The critical path consists of the following:
	'urem' operation 4 bit ('urem_ln29', kern.cpp:29) [102]  (4.135 ns)

 <State 36>: 6.894ns
The critical path consists of the following:
	'urem' operation 4 bit ('urem_ln29', kern.cpp:29) [102]  (4.135 ns)
	'sub' operation 4 bit ('sub_ln29', kern.cpp:29) [104]  (1.735 ns)
	'select' operation 4 bit ('select_ln29', kern.cpp:29) [105]  (1.024 ns)

 <State 37>: 3.413ns
The critical path consists of the following:
	'load' operation 6 bit ('oh', kern.cpp:43) on local variable 'oh', kern.cpp:43 [113]  (0.000 ns)
	'icmp' operation 1 bit ('icmp_ln43', kern.cpp:43) [114]  (1.825 ns)
	blocking operation 1.588 ns on control path)

 <State 38>: 3.413ns
The critical path consists of the following:
	'phi' operation 6 bit ('ow', kern.cpp:44) with incoming values : ('add_ln44', kern.cpp:44) [123]  (0.000 ns)
	'getelementptr' operation 9 bit ('buffer_0_addr', kern.cpp:45) [135]  (0.000 ns)
	'load' operation 32 bit ('buffer_0_load', kern.cpp:45) on array 'buffer_0' [137]  (3.254 ns)
	blocking operation 0.159 ns on control path)

 <State 39>: 3.952ns
The critical path consists of the following:
	'load' operation 32 bit ('buffer_0_load', kern.cpp:45) on array 'buffer_0' [137]  (3.254 ns)
	'select' operation 32 bit ('loc', kern.cpp:45) [139]  (0.698 ns)

 <State 40>: 4.819ns
The critical path consists of the following:
	'phi' operation 2 bit ('k', kern.cpp:46) with incoming values : ('add_ln46', kern.cpp:46) [142]  (0.000 ns)
	'icmp' operation 1 bit ('icmp_ln46', kern.cpp:46) [144]  (1.565 ns)
	'store' operation ('store_ln60', kern.cpp:60) of variable 'loc' 32 bit on array 'buffer_0' [164]  (3.254 ns)

 <State 41>: 0.000ns
The critical path consists of the following:

 <State 42>: 1.588ns
The critical path consists of the following:
	'load' operation 32 bit ('loc_11_loc_load') on local variable 'loc_11_loc' [156]  (0.000 ns)
	multiplexor before 'phi' operation 32 bit ('loc') with incoming values : ('loc', kern.cpp:45) ('loc_11_loc_load') [159]  (1.588 ns)
	'phi' operation 32 bit ('loc') with incoming values : ('loc', kern.cpp:45) ('loc_11_loc_load') [159]  (0.000 ns)

 <State 43>: 1.735ns
The critical path consists of the following:
	'call' operation ('call_ln29', kern.cpp:29) to 'conv2d_l1_Pipeline_INIT_FH_INIT_FW' [177]  (1.735 ns)

 <State 44>: 0.000ns
The critical path consists of the following:


============================================================
+ Verbose Summary: Binding
============================================================
N/A
* FSMD analyzer results:
  - Output states:
 - Input state : 
  - Chain level:
	State 1
	State 2
	State 3
	State 4
	State 5
	State 6
	State 7
	State 8
	State 9
	State 10
	State 11
	State 12
	State 13
	State 14
	State 15
	State 16
	State 17
	State 18
	State 19
	State 20
	State 21
	State 22
	State 23
	State 24
	State 25
	State 26
	State 27
	State 28
	State 29
	State 30
	State 31
	State 32
	State 33
	State 34
	State 35
	State 36
	State 37
	State 38
	State 39
	State 40
	State 41
	State 42
	State 43
	State 44


============================================================
+ Verbose Summary: Datapath Resource usage 
============================================================
N/A
