

================================================================
== Vitis HLS Report for 'conv2d_l4_Pipeline_L4_KH_L4_KW'
================================================================
* Date:           Fri May  1 17:43:47 2026

* Version:        2025.2 (Build 6295257 on Nov 14 2025)
* Project:        hls_component
* Solution:       hls (Vivado IP Flow Target)
* Product family: zynq
* Target device:  xc7z020-clg400-1


================================================================
== Performance Estimates
================================================================
+ Timing: 
    * Summary: 
    +--------+----------+----------+------------+
    |  Clock |  Target  | Estimated| Uncertainty|
    +--------+----------+----------+------------+
    |ap_clk  |  13.00 ns|  8.841 ns|     3.51 ns|
    +--------+----------+----------+------------+

+ Latency: 
    * Summary: 
    +---------+---------+----------+----------+-----+-----+-------------------+
    |  Latency (cycles) |  Latency (absolute) |  Interval |      Pipeline     |
    |   min   |   max   |    min   |    max   | min | max |        Type       |
    +---------+---------+----------+----------+-----+-----+-------------------+
    |       16|       16|  0.208 us|  0.208 us|    0|    0|  loop pipeline stp|
    +---------+---------+----------+----------+-----+-----+-------------------+

    + Detail: 
        * Instance: 
        N/A

        * Loop: 
        +---------------+---------+---------+----------+-----------+-----------+------+----------+
        |               |  Latency (cycles) | Iteration|  Initiation Interval  | Trip |          |
        |   Loop Name   |   min   |   max   |  Latency |  achieved |   target  | Count| Pipelined|
        +---------------+---------+---------+----------+-----------+-----------+------+----------+
        |- L4_KH_L4_KW  |       14|       14|         7|          1|          1|     9|       yes|
        +---------------+---------+---------+----------+-----------+-----------+------+----------+

============================================================
+ Verbose Summary: Synthesis Manager
============================================================
InlineROM: 1
ExposeGlobal: 0
============================================================
+ Verbose Summary: CDFG Model
============================================================
IsTopModel: 0
ResetActiveHigh: 1
IsCombinational: 0
IsDatapathOnly: 0
HasWiredReturn: 1
HasMFsm: 2
HasVarLatency: 1
IsPipeline: 0
IsRtlPipelined: 0
IsInstanceOverlapped: 0
IsDontTouch: 0
HasImplIP: 0
IsGatedGlobalClock: 0

+ Individual pipeline summary: 
  * Pipeline-0: initiation interval (II) = 1, depth = 7


============================================================
+ Verbose Summary: Schedule
============================================================
* Number of FSM states : 7
* Pipeline : 1
  Pipeline-0 : II = 1, D = 7, States = { 1 2 3 4 5 6 7 }
* Dataflow Pipeline: 0

* FSM state transitions: 
1 --> 2 
2 --> 3 
3 --> 4 
4 --> 5 
5 --> 6 
6 --> 7 
7 --> 

* FSM state operations: 

State 1 <SV = 0> <Delay = 8.84>
ST_1 : Operation 10 [1/1] (0.00ns)   --->   "%loc = alloca i32 1" [kern.cpp:275]   --->   Operation 10 'alloca' 'loc' <Predicate = true> <Delay = 0.00>
ST_1 : Operation 11 [1/1] (0.00ns)   --->   "%kw = alloca i32 1" [kern.cpp:279]   --->   Operation 11 'alloca' 'kw' <Predicate = true> <Delay = 0.00>
ST_1 : Operation 12 [1/1] (0.00ns)   --->   "%kh = alloca i32 1" [kern.cpp:278]   --->   Operation 12 'alloca' 'kh' <Predicate = true> <Delay = 0.00>
ST_1 : Operation 13 [1/1] (0.00ns)   --->   "%indvar_flatten = alloca i32 1"   --->   Operation 13 'alloca' 'indvar_flatten' <Predicate = true> <Delay = 0.00>
ST_1 : Operation 14 [1/1] (0.00ns)   --->   "%k_read = read i2 @_ssdm_op_Read.ap_auto.i2, i2 %k"   --->   Operation 14 'read' 'k_read' <Predicate = true> <Delay = 0.00>
ST_1 : Operation 15 [1/1] (0.00ns)   --->   "%kern_2_8_val_read = read i1 @_ssdm_op_Read.ap_auto.i1, i1 %kern_2_8_val"   --->   Operation 15 'read' 'kern_2_8_val_read' <Predicate = true> <Delay = 0.00>
ST_1 : Operation 16 [1/1] (0.00ns)   --->   "%kern_2_7_val_read = read i1 @_ssdm_op_Read.ap_auto.i1, i1 %kern_2_7_val"   --->   Operation 16 'read' 'kern_2_7_val_read' <Predicate = true> <Delay = 0.00>
ST_1 : Operation 17 [1/1] (0.00ns)   --->   "%kern_2_6_val_read = read i1 @_ssdm_op_Read.ap_auto.i1, i1 %kern_2_6_val"   --->   Operation 17 'read' 'kern_2_6_val_read' <Predicate = true> <Delay = 0.00>
ST_1 : Operation 18 [1/1] (0.00ns)   --->   "%kern_2_5_val_read = read i1 @_ssdm_op_Read.ap_auto.i1, i1 %kern_2_5_val"   --->   Operation 18 'read' 'kern_2_5_val_read' <Predicate = true> <Delay = 0.00>
ST_1 : Operation 19 [1/1] (0.00ns)   --->   "%kern_2_4_val_read = read i1 @_ssdm_op_Read.ap_auto.i1, i1 %kern_2_4_val"   --->   Operation 19 'read' 'kern_2_4_val_read' <Predicate = true> <Delay = 0.00>
ST_1 : Operation 20 [1/1] (0.00ns)   --->   "%kern_2_3_val_read = read i1 @_ssdm_op_Read.ap_auto.i1, i1 %kern_2_3_val"   --->   Operation 20 'read' 'kern_2_3_val_read' <Predicate = true> <Delay = 0.00>
ST_1 : Operation 21 [1/1] (0.00ns)   --->   "%kern_2_2_val_read = read i1 @_ssdm_op_Read.ap_auto.i1, i1 %kern_2_2_val"   --->   Operation 21 'read' 'kern_2_2_val_read' <Predicate = true> <Delay = 0.00>
ST_1 : Operation 22 [1/1] (0.00ns)   --->   "%kern_2_1_val_read = read i1 @_ssdm_op_Read.ap_auto.i1, i1 %kern_2_1_val"   --->   Operation 22 'read' 'kern_2_1_val_read' <Predicate = true> <Delay = 0.00>
ST_1 : Operation 23 [1/1] (0.00ns)   --->   "%kern_2_0_val_read = read i1 @_ssdm_op_Read.ap_auto.i1, i1 %kern_2_0_val"   --->   Operation 23 'read' 'kern_2_0_val_read' <Predicate = true> <Delay = 0.00>
ST_1 : Operation 24 [1/1] (0.00ns)   --->   "%kern_1_8_val_read = read i1 @_ssdm_op_Read.ap_auto.i1, i1 %kern_1_8_val"   --->   Operation 24 'read' 'kern_1_8_val_read' <Predicate = true> <Delay = 0.00>
ST_1 : Operation 25 [1/1] (0.00ns)   --->   "%kern_1_7_val_read = read i1 @_ssdm_op_Read.ap_auto.i1, i1 %kern_1_7_val"   --->   Operation 25 'read' 'kern_1_7_val_read' <Predicate = true> <Delay = 0.00>
ST_1 : Operation 26 [1/1] (0.00ns)   --->   "%kern_1_6_val_read = read i1 @_ssdm_op_Read.ap_auto.i1, i1 %kern_1_6_val"   --->   Operation 26 'read' 'kern_1_6_val_read' <Predicate = true> <Delay = 0.00>
ST_1 : Operation 27 [1/1] (0.00ns)   --->   "%kern_1_5_val_read = read i1 @_ssdm_op_Read.ap_auto.i1, i1 %kern_1_5_val"   --->   Operation 27 'read' 'kern_1_5_val_read' <Predicate = true> <Delay = 0.00>
ST_1 : Operation 28 [1/1] (0.00ns)   --->   "%kern_1_4_val_read = read i1 @_ssdm_op_Read.ap_auto.i1, i1 %kern_1_4_val"   --->   Operation 28 'read' 'kern_1_4_val_read' <Predicate = true> <Delay = 0.00>
ST_1 : Operation 29 [1/1] (0.00ns)   --->   "%kern_1_3_val_read = read i1 @_ssdm_op_Read.ap_auto.i1, i1 %kern_1_3_val"   --->   Operation 29 'read' 'kern_1_3_val_read' <Predicate = true> <Delay = 0.00>
ST_1 : Operation 30 [1/1] (0.00ns)   --->   "%kern_1_2_val_read = read i1 @_ssdm_op_Read.ap_auto.i1, i1 %kern_1_2_val"   --->   Operation 30 'read' 'kern_1_2_val_read' <Predicate = true> <Delay = 0.00>
ST_1 : Operation 31 [1/1] (0.00ns)   --->   "%kern_1_1_val_read = read i1 @_ssdm_op_Read.ap_auto.i1, i1 %kern_1_1_val"   --->   Operation 31 'read' 'kern_1_1_val_read' <Predicate = true> <Delay = 0.00>
ST_1 : Operation 32 [1/1] (0.00ns)   --->   "%kern_1_0_val_read = read i1 @_ssdm_op_Read.ap_auto.i1, i1 %kern_1_0_val"   --->   Operation 32 'read' 'kern_1_0_val_read' <Predicate = true> <Delay = 0.00>
ST_1 : Operation 33 [1/1] (0.00ns)   --->   "%kern_0_8_val_read = read i1 @_ssdm_op_Read.ap_auto.i1, i1 %kern_0_8_val"   --->   Operation 33 'read' 'kern_0_8_val_read' <Predicate = true> <Delay = 0.00>
ST_1 : Operation 34 [1/1] (0.00ns)   --->   "%kern_0_7_val_read = read i1 @_ssdm_op_Read.ap_auto.i1, i1 %kern_0_7_val"   --->   Operation 34 'read' 'kern_0_7_val_read' <Predicate = true> <Delay = 0.00>
ST_1 : Operation 35 [1/1] (0.00ns)   --->   "%kern_0_6_val_read = read i1 @_ssdm_op_Read.ap_auto.i1, i1 %kern_0_6_val"   --->   Operation 35 'read' 'kern_0_6_val_read' <Predicate = true> <Delay = 0.00>
ST_1 : Operation 36 [1/1] (0.00ns)   --->   "%kern_0_5_val_read = read i1 @_ssdm_op_Read.ap_auto.i1, i1 %kern_0_5_val"   --->   Operation 36 'read' 'kern_0_5_val_read' <Predicate = true> <Delay = 0.00>
ST_1 : Operation 37 [1/1] (0.00ns)   --->   "%kern_0_4_val_read = read i1 @_ssdm_op_Read.ap_auto.i1, i1 %kern_0_4_val"   --->   Operation 37 'read' 'kern_0_4_val_read' <Predicate = true> <Delay = 0.00>
ST_1 : Operation 38 [1/1] (0.00ns)   --->   "%kern_0_3_val_read = read i1 @_ssdm_op_Read.ap_auto.i1, i1 %kern_0_3_val"   --->   Operation 38 'read' 'kern_0_3_val_read' <Predicate = true> <Delay = 0.00>
ST_1 : Operation 39 [1/1] (0.00ns)   --->   "%kern_0_2_val_read = read i1 @_ssdm_op_Read.ap_auto.i1, i1 %kern_0_2_val"   --->   Operation 39 'read' 'kern_0_2_val_read' <Predicate = true> <Delay = 0.00>
ST_1 : Operation 40 [1/1] (0.00ns)   --->   "%kern_0_1_val_read = read i1 @_ssdm_op_Read.ap_auto.i1, i1 %kern_0_1_val"   --->   Operation 40 'read' 'kern_0_1_val_read' <Predicate = true> <Delay = 0.00>
ST_1 : Operation 41 [1/1] (0.00ns)   --->   "%kern_0_0_val_read = read i1 @_ssdm_op_Read.ap_auto.i1, i1 %kern_0_0_val"   --->   Operation 41 'read' 'kern_0_0_val_read' <Predicate = true> <Delay = 0.00>
ST_1 : Operation 42 [1/1] (0.00ns)   --->   "%select_ln275_read = read i4 @_ssdm_op_Read.ap_auto.i4, i4 %select_ln275"   --->   Operation 42 'read' 'select_ln275_read' <Predicate = true> <Delay = 0.00>
ST_1 : Operation 43 [1/1] (0.00ns)   --->   "%udiv_ln2_read = read i9 @_ssdm_op_Read.ap_auto.i9, i9 %udiv_ln2"   --->   Operation 43 'read' 'udiv_ln2_read' <Predicate = true> <Delay = 0.00>
ST_1 : Operation 44 [1/1] (0.00ns)   --->   "%zext_ln274_read = read i2 @_ssdm_op_Read.ap_auto.i2, i2 %zext_ln274"   --->   Operation 44 'read' 'zext_ln274_read' <Predicate = true> <Delay = 0.00>
ST_1 : Operation 45 [1/1] (0.00ns)   --->   "%zext_ln273_read = read i2 @_ssdm_op_Read.ap_auto.i2, i2 %zext_ln273"   --->   Operation 45 'read' 'zext_ln273_read' <Predicate = true> <Delay = 0.00>
ST_1 : Operation 46 [1/1] (0.00ns)   --->   "%loc_1_read = read i32 @_ssdm_op_Read.ap_auto.i32, i32 %loc_1"   --->   Operation 46 'read' 'loc_1_read' <Predicate = true> <Delay = 0.00>
ST_1 : Operation 47 [1/1] (0.00ns)   --->   "%zext_ln274_cast = zext i2 %zext_ln274_read"   --->   Operation 47 'zext' 'zext_ln274_cast' <Predicate = true> <Delay = 0.00>
ST_1 : Operation 48 [1/1] (0.00ns)   --->   "%zext_ln273_cast = zext i2 %zext_ln273_read"   --->   Operation 48 'zext' 'zext_ln273_cast' <Predicate = true> <Delay = 0.00>
ST_1 : Operation 49 [1/1] (1.58ns)   --->   "%store_ln0 = store i4 0, i4 %indvar_flatten"   --->   Operation 49 'store' 'store_ln0' <Predicate = true> <Delay = 1.58>
ST_1 : Operation 50 [1/1] (1.58ns)   --->   "%store_ln278 = store i2 0, i2 %kh" [kern.cpp:278]   --->   Operation 50 'store' 'store_ln278' <Predicate = true> <Delay = 1.58>
ST_1 : Operation 51 [1/1] (1.58ns)   --->   "%store_ln279 = store i2 0, i2 %kw" [kern.cpp:279]   --->   Operation 51 'store' 'store_ln279' <Predicate = true> <Delay = 1.58>
ST_1 : Operation 52 [1/1] (1.58ns)   --->   "%store_ln275 = store i32 %loc_1_read, i32 %loc" [kern.cpp:275]   --->   Operation 52 'store' 'store_ln275' <Predicate = true> <Delay = 1.58>
ST_1 : Operation 53 [1/1] (0.00ns)   --->   "%br_ln0 = br void %for.body18"   --->   Operation 53 'br' 'br_ln0' <Predicate = true> <Delay = 0.00>
ST_1 : Operation 54 [1/1] (0.00ns)   --->   "%indvar_flatten_load = load i4 %indvar_flatten" [kern.cpp:278]   --->   Operation 54 'load' 'indvar_flatten_load' <Predicate = true> <Delay = 0.00>
ST_1 : Operation 55 [1/1] (1.73ns)   --->   "%icmp_ln278 = icmp_eq  i4 %indvar_flatten_load, i4 9" [kern.cpp:278]   --->   Operation 55 'icmp' 'icmp_ln278' <Predicate = true> <Delay = 1.73> <CoreInst = "Cmp">   --->   Core 9 'Cmp' <Latency = 0> <II = 1> <Delay = 1.73> <FuncUnit> <Opcode : 'seteq' 'setne' 'setle' 'setge' 'setlt' 'setgt'> <InPorts = 2> <OutPorts = 1>
ST_1 : Operation 56 [1/1] (1.73ns)   --->   "%add_ln278_1 = add i4 %indvar_flatten_load, i4 1" [kern.cpp:278]   --->   Operation 56 'add' 'add_ln278_1' <Predicate = true> <Delay = 1.73> <CoreInst = "Adder">   --->   Core 1 'Adder' <Latency = 0> <II = 1> <Delay = 1.73> <FuncUnit> <Opcode : 'add' 'sub'> <InPorts = 2> <OutPorts = 1>
ST_1 : Operation 57 [1/1] (0.00ns)   --->   "%br_ln278 = br i1 %icmp_ln278, void %for.inc44, void %for.inc48.loopexit.exitStub" [kern.cpp:278]   --->   Operation 57 'br' 'br_ln278' <Predicate = true> <Delay = 0.00>
ST_1 : Operation 58 [1/1] (0.00ns)   --->   "%kw_load = load i2 %kw" [kern.cpp:279]   --->   Operation 58 'load' 'kw_load' <Predicate = (!icmp_ln278)> <Delay = 0.00>
ST_1 : Operation 59 [1/1] (0.00ns)   --->   "%kh_load = load i2 %kh" [kern.cpp:278]   --->   Operation 59 'load' 'kh_load' <Predicate = (!icmp_ln278)> <Delay = 0.00>
ST_1 : Operation 60 [1/1] (1.56ns)   --->   "%add_ln278 = add i2 %kh_load, i2 1" [kern.cpp:278]   --->   Operation 60 'add' 'add_ln278' <Predicate = (!icmp_ln278)> <Delay = 1.56> <CoreInst = "Adder">   --->   Core 1 'Adder' <Latency = 0> <II = 1> <Delay = 1.56> <FuncUnit> <Opcode : 'add' 'sub'> <InPorts = 2> <OutPorts = 1>
ST_1 : Operation 61 [1/1] (1.56ns)   --->   "%icmp_ln279 = icmp_eq  i2 %kw_load, i2 3" [kern.cpp:279]   --->   Operation 61 'icmp' 'icmp_ln279' <Predicate = (!icmp_ln278)> <Delay = 1.56> <CoreInst = "Cmp">   --->   Core 9 'Cmp' <Latency = 0> <II = 1> <Delay = 1.56> <FuncUnit> <Opcode : 'seteq' 'setne' 'setle' 'setge' 'setlt' 'setgt'> <InPorts = 2> <OutPorts = 1>
ST_1 : Operation 62 [1/1] (0.99ns)   --->   "%select_ln275_1 = select i1 %icmp_ln279, i2 0, i2 %kw_load" [kern.cpp:275]   --->   Operation 62 'select' 'select_ln275_1' <Predicate = (!icmp_ln278)> <Delay = 0.99> <CoreInst = "Sel">   --->   Core 73 'Sel' <Latency = 0> <II = 1> <Delay = 0.99> <FuncUnit> <Opcode : 'select'> <InPorts = 3> <OutPorts = 1>
ST_1 : Operation 63 [1/1] (0.99ns)   --->   "%select_ln278 = select i1 %icmp_ln279, i2 %add_ln278, i2 %kh_load" [kern.cpp:278]   --->   Operation 63 'select' 'select_ln278' <Predicate = (!icmp_ln278)> <Delay = 0.99> <CoreInst = "Sel">   --->   Core 73 'Sel' <Latency = 0> <II = 1> <Delay = 0.99> <FuncUnit> <Opcode : 'select'> <InPorts = 3> <OutPorts = 1>
ST_1 : Operation 64 [1/1] (1.56ns)   --->   "%add_ln281 = add i2 %select_ln278, i2 3" [kern.cpp:281]   --->   Operation 64 'add' 'add_ln281' <Predicate = (!icmp_ln278)> <Delay = 1.56> <CoreInst = "Adder">   --->   Core 1 'Adder' <Latency = 0> <II = 1> <Delay = 1.56> <FuncUnit> <Opcode : 'add' 'sub'> <InPorts = 2> <OutPorts = 1>
ST_1 : Operation 65 [1/1] (0.00ns)   --->   "%sext_ln281 = sext i2 %add_ln281" [kern.cpp:281]   --->   Operation 65 'sext' 'sext_ln281' <Predicate = (!icmp_ln278)> <Delay = 0.00>
ST_1 : Operation 66 [1/1] (1.56ns)   --->   "%add_ln281_1 = add i4 %sext_ln281, i4 %zext_ln273_cast" [kern.cpp:281]   --->   Operation 66 'add' 'add_ln281_1' <Predicate = (!icmp_ln278)> <Delay = 1.56> <CoreInst = "Adder">   --->   Core 1 'Adder' <Latency = 0> <II = 1> <Delay = 1.56> <FuncUnit> <Opcode : 'add' 'sub'> <InPorts = 2> <OutPorts = 1>
ST_1 : Operation 67 [1/1] (1.56ns)   --->   "%add_ln281_2 = add i2 %select_ln275_1, i2 3" [kern.cpp:281]   --->   Operation 67 'add' 'add_ln281_2' <Predicate = (!icmp_ln278)> <Delay = 1.56> <CoreInst = "Adder">   --->   Core 1 'Adder' <Latency = 0> <II = 1> <Delay = 1.56> <FuncUnit> <Opcode : 'add' 'sub'> <InPorts = 2> <OutPorts = 1>
ST_1 : Operation 68 [1/1] (0.00ns)   --->   "%sext_ln281_1 = sext i2 %add_ln281_2" [kern.cpp:281]   --->   Operation 68 'sext' 'sext_ln281_1' <Predicate = (!icmp_ln278)> <Delay = 0.00>
ST_1 : Operation 69 [1/1] (1.56ns)   --->   "%add_ln281_3 = add i4 %sext_ln281_1, i4 %zext_ln274_cast" [kern.cpp:281]   --->   Operation 69 'add' 'add_ln281_3' <Predicate = (!icmp_ln278)> <Delay = 1.56> <CoreInst = "Adder">   --->   Core 1 'Adder' <Latency = 0> <II = 1> <Delay = 1.56> <FuncUnit> <Opcode : 'add' 'sub'> <InPorts = 2> <OutPorts = 1>
ST_1 : Operation 70 [1/1] (0.00ns) (grouped into LUT with out node icmp_ln282)   --->   "%or_ln282 = or i4 %add_ln281_3, i4 %add_ln281_1" [kern.cpp:282]   --->   Operation 70 'or' 'or_ln282' <Predicate = (!icmp_ln278)> <Delay = 0.00> <CoreInst = "LogicGate">   --->   Core 74 'LogicGate' <Latency = 0> <II = 1> <Delay = 0.97> <FuncUnit> <Opcode : 'and' 'or' 'xor'> <InPorts = 2> <OutPorts = 1>
ST_1 : Operation 71 [1/1] (0.00ns) (grouped into LUT with out node icmp_ln282)   --->   "%tmp_129 = partselect i2 @_ssdm_op_PartSelect.i2.i4.i32.i32, i4 %or_ln282, i32 2, i32 3" [kern.cpp:282]   --->   Operation 71 'partselect' 'tmp_129' <Predicate = (!icmp_ln278)> <Delay = 0.00>
ST_1 : Operation 72 [1/1] (1.56ns) (out node of the LUT)   --->   "%icmp_ln282 = icmp_eq  i2 %tmp_129, i2 0" [kern.cpp:282]   --->   Operation 72 'icmp' 'icmp_ln282' <Predicate = (!icmp_ln278)> <Delay = 1.56> <CoreInst = "Cmp">   --->   Core 9 'Cmp' <Latency = 0> <II = 1> <Delay = 1.56> <FuncUnit> <Opcode : 'seteq' 'setne' 'setle' 'setge' 'setlt' 'setgt'> <InPorts = 2> <OutPorts = 1>
ST_1 : Operation 73 [1/1] (1.56ns)   --->   "%add_ln279 = add i2 %select_ln275_1, i2 1" [kern.cpp:279]   --->   Operation 73 'add' 'add_ln279' <Predicate = (!icmp_ln278)> <Delay = 1.56> <CoreInst = "Adder">   --->   Core 1 'Adder' <Latency = 0> <II = 1> <Delay = 1.56> <FuncUnit> <Opcode : 'add' 'sub'> <InPorts = 2> <OutPorts = 1>
ST_1 : Operation 74 [1/1] (1.58ns)   --->   "%store_ln278 = store i4 %add_ln278_1, i4 %indvar_flatten" [kern.cpp:278]   --->   Operation 74 'store' 'store_ln278' <Predicate = (!icmp_ln278)> <Delay = 1.58>
ST_1 : Operation 75 [1/1] (1.58ns)   --->   "%store_ln278 = store i2 %select_ln278, i2 %kh" [kern.cpp:278]   --->   Operation 75 'store' 'store_ln278' <Predicate = (!icmp_ln278)> <Delay = 1.58>
ST_1 : Operation 76 [1/1] (1.58ns)   --->   "%store_ln279 = store i2 %add_ln279, i2 %kw" [kern.cpp:279]   --->   Operation 76 'store' 'store_ln279' <Predicate = (!icmp_ln278)> <Delay = 1.58>

State 2 <SV = 1> <Delay = 7.32>
ST_2 : Operation 77 [1/1] (0.00ns)   --->   "%zext_ln278 = zext i2 %select_ln278" [kern.cpp:278]   --->   Operation 77 'zext' 'zext_ln278' <Predicate = (icmp_ln282)> <Delay = 0.00>
ST_2 : Operation 78 [1/1] (0.00ns)   --->   "%tmp_3 = bitconcatenate i6 @_ssdm_op_BitConcatenate.i6.i4.i2, i4 %add_ln281_1, i2 0" [kern.cpp:283]   --->   Operation 78 'bitconcatenate' 'tmp_3' <Predicate = (icmp_ln282)> <Delay = 0.00>
ST_2 : Operation 79 [1/1] (0.00ns)   --->   "%zext_ln284 = zext i6 %tmp_3" [kern.cpp:284]   --->   Operation 79 'zext' 'zext_ln284' <Predicate = (icmp_ln282)> <Delay = 0.00>
ST_2 : Operation 80 [1/1] (0.00ns)   --->   "%p_shl = bitconcatenate i4 @_ssdm_op_BitConcatenate.i4.i2.i2, i2 %select_ln278, i2 0" [kern.cpp:284]   --->   Operation 80 'bitconcatenate' 'p_shl' <Predicate = (icmp_ln282)> <Delay = 0.00>
ST_2 : Operation 81 [1/1] (0.00ns) (grouped into TernaryAdder)   --->   "%sub_ln284 = sub i4 %p_shl, i4 %zext_ln278" [kern.cpp:284]   --->   Operation 81 'sub' 'sub_ln284' <Predicate = (icmp_ln282)> <Delay = 0.00> <CoreInst = "TAddSub">   --->   Core 10 'TAddSub' <Latency = 0> <II = 1> <Delay = 1.65> <IPBlock> <Opcode : 'add' 'sub'> <InPorts = 3> <OutPorts = 1> <Sync> <CReg>
ST_2 : Operation 82 [1/1] (0.00ns)   --->   "%zext_ln279 = zext i2 %select_ln275_1" [kern.cpp:279]   --->   Operation 82 'zext' 'zext_ln279' <Predicate = (icmp_ln282)> <Delay = 0.00>
ST_2 : Operation 83 [1/1] (0.00ns)   --->   "%sext_ln283 = sext i4 %add_ln281_3" [kern.cpp:283]   --->   Operation 83 'sext' 'sext_ln283' <Predicate = (icmp_ln282)> <Delay = 0.00>
ST_2 : Operation 84 [1/1] (1.82ns)   --->   "%add_ln283 = add i8 %zext_ln284, i8 %sext_ln283" [kern.cpp:283]   --->   Operation 84 'add' 'add_ln283' <Predicate = (icmp_ln282)> <Delay = 1.82> <CoreInst = "Adder">   --->   Core 1 'Adder' <Latency = 0> <II = 1> <Delay = 1.82> <FuncUnit> <Opcode : 'add' 'sub'> <InPorts = 2> <OutPorts = 1>
ST_2 : Operation 85 [1/1] (0.00ns)   --->   "%sext_ln283_1 = sext i8 %add_ln283" [kern.cpp:283]   --->   Operation 85 'sext' 'sext_ln283_1' <Predicate = (icmp_ln282)> <Delay = 0.00>
ST_2 : Operation 86 [3/3] (1.05ns) (grouped into DSP with root node add_ln283_1)   --->   "%mul_ln283 = mul i9 %sext_ln283_1, i9 19" [kern.cpp:283]   --->   Operation 86 'mul' 'mul_ln283' <Predicate = (icmp_ln282)> <Delay = 1.05> <CoreInst = "DSP48">   --->   Core 116 'DSP48' <Latency = 3> <II = 1> <Delay = 2.15> <IPBlock> <Opcode : 'add' 'sub' 'mul' 'select'> <InPorts = 0> <OutPorts = 1> <Sync> <CReg>
ST_2 : Operation 87 [1/1] (3.31ns) (root node of TernaryAdder)   --->   "%add_ln284 = add i4 %zext_ln279, i4 %sub_ln284" [kern.cpp:284]   --->   Operation 87 'add' 'add_ln284' <Predicate = (icmp_ln282)> <Delay = 3.31> <CoreInst = "TAddSub">   --->   Core 10 'TAddSub' <Latency = 0> <II = 1> <Delay = 1.65> <IPBlock> <Opcode : 'add' 'sub'> <InPorts = 3> <OutPorts = 1> <Sync> <CReg>
ST_2 : Operation 88 [1/1] (2.42ns)   --->   "%tmp = sparsemux i1 @_ssdm_op_SparseMux.ap_auto.9i1.i1.i4, i4 0, i1 %kern_0_0_val_read, i4 1, i1 %kern_0_1_val_read, i4 2, i1 %kern_0_2_val_read, i4 3, i1 %kern_0_3_val_read, i4 4, i1 %kern_0_4_val_read, i4 5, i1 %kern_0_5_val_read, i4 6, i1 %kern_0_6_val_read, i4 7, i1 %kern_0_7_val_read, i4 8, i1 %kern_0_8_val_read, i1 0, i4 %add_ln284" [kern.cpp:284]   --->   Operation 88 'sparsemux' 'tmp' <Predicate = (icmp_ln282 & k_read == 0)> <Delay = 2.42> <CoreInst = "BinarySparseMux_DontCare">   --->   Core 137 'BinarySparseMux_DontCare' <Latency = 0> <II = 1> <Delay = 2.42> <FuncUnit> <Opcode : 'sparsemux'> <InPorts = 2> <OutPorts = 1>
ST_2 : Operation 89 [1/1] (2.42ns)   --->   "%tmp_s = sparsemux i1 @_ssdm_op_SparseMux.ap_auto.9i1.i1.i4, i4 0, i1 %kern_1_0_val_read, i4 1, i1 %kern_1_1_val_read, i4 2, i1 %kern_1_2_val_read, i4 3, i1 %kern_1_3_val_read, i4 4, i1 %kern_1_4_val_read, i4 5, i1 %kern_1_5_val_read, i4 6, i1 %kern_1_6_val_read, i4 7, i1 %kern_1_7_val_read, i4 8, i1 %kern_1_8_val_read, i1 0, i4 %add_ln284" [kern.cpp:284]   --->   Operation 89 'sparsemux' 'tmp_s' <Predicate = (icmp_ln282 & k_read == 1)> <Delay = 2.42> <CoreInst = "BinarySparseMux_DontCare">   --->   Core 137 'BinarySparseMux_DontCare' <Latency = 0> <II = 1> <Delay = 2.42> <FuncUnit> <Opcode : 'sparsemux'> <InPorts = 2> <OutPorts = 1>
ST_2 : Operation 90 [1/1] (2.42ns)   --->   "%tmp_4 = sparsemux i1 @_ssdm_op_SparseMux.ap_auto.9i1.i1.i4, i4 0, i1 %kern_2_0_val_read, i4 1, i1 %kern_2_1_val_read, i4 2, i1 %kern_2_2_val_read, i4 3, i1 %kern_2_3_val_read, i4 4, i1 %kern_2_4_val_read, i4 5, i1 %kern_2_5_val_read, i4 6, i1 %kern_2_6_val_read, i4 7, i1 %kern_2_7_val_read, i4 8, i1 %kern_2_8_val_read, i1 0, i4 %add_ln284" [kern.cpp:284]   --->   Operation 90 'sparsemux' 'tmp_4' <Predicate = (icmp_ln282 & k_read == 2)> <Delay = 2.42> <CoreInst = "BinarySparseMux_DontCare">   --->   Core 137 'BinarySparseMux_DontCare' <Latency = 0> <II = 1> <Delay = 2.42> <FuncUnit> <Opcode : 'sparsemux'> <InPorts = 2> <OutPorts = 1>
ST_2 : Operation 91 [1/1] (1.58ns)   --->   "%w = sparsemux i1 @_ssdm_op_SparseMux.ap_auto.3i1.i1.i2, i2 0, i1 %tmp, i2 1, i1 %tmp_s, i2 2, i1 %tmp_4, i1 0, i2 %k_read" [kern.cpp:284]   --->   Operation 91 'sparsemux' 'w' <Predicate = (icmp_ln282)> <Delay = 1.58> <CoreInst = "OneHotSparseMux_HasDef">   --->   Core 140 'OneHotSparseMux_HasDef' <Latency = 0> <II = 1> <Delay = 1.58> <FuncUnit> <Opcode : 'sparsemux'> <InPorts = 2> <OutPorts = 1>

State 3 <SV = 2> <Delay = 1.05>
ST_3 : Operation 92 [2/3] (1.05ns) (grouped into DSP with root node add_ln283_1)   --->   "%mul_ln283 = mul i9 %sext_ln283_1, i9 19" [kern.cpp:283]   --->   Operation 92 'mul' 'mul_ln283' <Predicate = (icmp_ln282)> <Delay = 1.05> <CoreInst = "DSP48">   --->   Core 116 'DSP48' <Latency = 3> <II = 1> <Delay = 2.15> <IPBlock> <Opcode : 'add' 'sub' 'mul' 'select'> <InPorts = 0> <OutPorts = 1> <Sync> <CReg>

State 4 <SV = 3> <Delay = 2.10>
ST_4 : Operation 93 [1/3] (0.00ns) (grouped into DSP with root node add_ln283_1)   --->   "%mul_ln283 = mul i9 %sext_ln283_1, i9 19" [kern.cpp:283]   --->   Operation 93 'mul' 'mul_ln283' <Predicate = (icmp_ln282)> <Delay = 0.00> <CoreInst = "DSP48">   --->   Core 116 'DSP48' <Latency = 3> <II = 1> <Delay = 2.15> <IPBlock> <Opcode : 'add' 'sub' 'mul' 'select'> <InPorts = 0> <OutPorts = 1> <Sync> <CReg>
ST_4 : Operation 94 [2/2] (2.10ns) (root node of the DSP)   --->   "%add_ln283_1 = add i9 %mul_ln283, i9 %udiv_ln2_read" [kern.cpp:283]   --->   Operation 94 'add' 'add_ln283_1' <Predicate = (icmp_ln282)> <Delay = 2.10> <CoreInst = "DSP48">   --->   Core 116 'DSP48' <Latency = 3> <II = 1> <Delay = 2.15> <IPBlock> <Opcode : 'add' 'sub' 'mul' 'select'> <InPorts = 0> <OutPorts = 1> <Sync> <CReg>

State 5 <SV = 4> <Delay = 4.42>
ST_5 : Operation 95 [1/2] (2.10ns) (root node of the DSP)   --->   "%add_ln283_1 = add i9 %mul_ln283, i9 %udiv_ln2_read" [kern.cpp:283]   --->   Operation 95 'add' 'add_ln283_1' <Predicate = (icmp_ln282)> <Delay = 2.10> <CoreInst = "DSP48">   --->   Core 116 'DSP48' <Latency = 3> <II = 1> <Delay = 2.15> <IPBlock> <Opcode : 'add' 'sub' 'mul' 'select'> <InPorts = 0> <OutPorts = 1> <Sync> <CReg>
ST_5 : Operation 96 [1/1] (0.00ns)   --->   "%zext_ln283 = zext i9 %add_ln283_1" [kern.cpp:283]   --->   Operation 96 'zext' 'zext_ln283' <Predicate = (icmp_ln282)> <Delay = 0.00>
ST_5 : Operation 97 [1/1] (0.00ns)   --->   "%input_0_addr = getelementptr i1 %input_0, i64 0, i64 %zext_ln283" [kern.cpp:283]   --->   Operation 97 'getelementptr' 'input_0_addr' <Predicate = (icmp_ln282 & select_ln275_read == 0)> <Delay = 0.00>
ST_5 : Operation 98 [1/1] (0.00ns)   --->   "%input_1_addr = getelementptr i1 %input_1, i64 0, i64 %zext_ln283" [kern.cpp:283]   --->   Operation 98 'getelementptr' 'input_1_addr' <Predicate = (icmp_ln282 & select_ln275_read == 1)> <Delay = 0.00>
ST_5 : Operation 99 [1/1] (0.00ns)   --->   "%input_2_addr = getelementptr i1 %input_2, i64 0, i64 %zext_ln283" [kern.cpp:283]   --->   Operation 99 'getelementptr' 'input_2_addr' <Predicate = (icmp_ln282 & select_ln275_read == 2)> <Delay = 0.00>
ST_5 : Operation 100 [1/1] (0.00ns)   --->   "%input_3_addr = getelementptr i1 %input_3, i64 0, i64 %zext_ln283" [kern.cpp:283]   --->   Operation 100 'getelementptr' 'input_3_addr' <Predicate = (icmp_ln282 & select_ln275_read == 3)> <Delay = 0.00>
ST_5 : Operation 101 [1/1] (0.00ns)   --->   "%input_4_addr = getelementptr i1 %input_4, i64 0, i64 %zext_ln283" [kern.cpp:283]   --->   Operation 101 'getelementptr' 'input_4_addr' <Predicate = (icmp_ln282 & select_ln275_read == 4)> <Delay = 0.00>
ST_5 : Operation 102 [1/1] (0.00ns)   --->   "%input_5_addr = getelementptr i1 %input_5, i64 0, i64 %zext_ln283" [kern.cpp:283]   --->   Operation 102 'getelementptr' 'input_5_addr' <Predicate = (icmp_ln282 & select_ln275_read == 5)> <Delay = 0.00>
ST_5 : Operation 103 [1/1] (0.00ns)   --->   "%input_6_addr = getelementptr i1 %input_6, i64 0, i64 %zext_ln283" [kern.cpp:283]   --->   Operation 103 'getelementptr' 'input_6_addr' <Predicate = (icmp_ln282 & select_ln275_read == 6)> <Delay = 0.00>
ST_5 : Operation 104 [1/1] (0.00ns)   --->   "%input_7_addr = getelementptr i1 %input_7, i64 0, i64 %zext_ln283" [kern.cpp:283]   --->   Operation 104 'getelementptr' 'input_7_addr' <Predicate = (icmp_ln282 & select_ln275_read == 7)> <Delay = 0.00>
ST_5 : Operation 105 [1/1] (0.00ns)   --->   "%input_8_addr = getelementptr i1 %input_8, i64 0, i64 %zext_ln283" [kern.cpp:283]   --->   Operation 105 'getelementptr' 'input_8_addr' <Predicate = (icmp_ln282 & select_ln275_read == 8)> <Delay = 0.00>
ST_5 : Operation 106 [1/1] (0.00ns)   --->   "%input_9_addr = getelementptr i1 %input_9, i64 0, i64 %zext_ln283" [kern.cpp:283]   --->   Operation 106 'getelementptr' 'input_9_addr' <Predicate = (icmp_ln282 & select_ln275_read == 9)> <Delay = 0.00>
ST_5 : Operation 107 [1/1] (0.00ns)   --->   "%input_10_addr = getelementptr i1 %input_10, i64 0, i64 %zext_ln283" [kern.cpp:283]   --->   Operation 107 'getelementptr' 'input_10_addr' <Predicate = (icmp_ln282 & select_ln275_read == 10)> <Delay = 0.00>
ST_5 : Operation 108 [1/1] (0.00ns)   --->   "%input_11_addr = getelementptr i1 %input_11, i64 0, i64 %zext_ln283" [kern.cpp:283]   --->   Operation 108 'getelementptr' 'input_11_addr' <Predicate = (icmp_ln282 & select_ln275_read == 11)> <Delay = 0.00>
ST_5 : Operation 109 [1/1] (0.00ns)   --->   "%input_12_addr = getelementptr i1 %input_12, i64 0, i64 %zext_ln283" [kern.cpp:283]   --->   Operation 109 'getelementptr' 'input_12_addr' <Predicate = (icmp_ln282 & select_ln275_read == 12)> <Delay = 0.00>
ST_5 : Operation 110 [1/1] (0.00ns)   --->   "%input_13_addr = getelementptr i1 %input_13, i64 0, i64 %zext_ln283" [kern.cpp:283]   --->   Operation 110 'getelementptr' 'input_13_addr' <Predicate = (icmp_ln282 & select_ln275_read == 13)> <Delay = 0.00>
ST_5 : Operation 111 [2/2] (2.32ns)   --->   "%input_0_load = load i9 %input_0_addr" [kern.cpp:283]   --->   Operation 111 'load' 'input_0_load' <Predicate = (icmp_ln282 & select_ln275_read == 0)> <Delay = 2.32> <CoreInst = "RAM">   --->   Core 81 'RAM' <Latency = 1> <II = 1> <Delay = 2.32> <Storage> <Opcode : 'load' 'store'> <Ports = 2> <Width = 1> <Depth = 304> <RAM>
ST_5 : Operation 112 [2/2] (2.32ns)   --->   "%input_1_load = load i9 %input_1_addr" [kern.cpp:283]   --->   Operation 112 'load' 'input_1_load' <Predicate = (icmp_ln282 & select_ln275_read == 1)> <Delay = 2.32> <CoreInst = "RAM">   --->   Core 81 'RAM' <Latency = 1> <II = 1> <Delay = 2.32> <Storage> <Opcode : 'load' 'store'> <Ports = 2> <Width = 1> <Depth = 304> <RAM>
ST_5 : Operation 113 [2/2] (2.32ns)   --->   "%input_2_load = load i9 %input_2_addr" [kern.cpp:283]   --->   Operation 113 'load' 'input_2_load' <Predicate = (icmp_ln282 & select_ln275_read == 2)> <Delay = 2.32> <CoreInst = "RAM">   --->   Core 81 'RAM' <Latency = 1> <II = 1> <Delay = 2.32> <Storage> <Opcode : 'load' 'store'> <Ports = 2> <Width = 1> <Depth = 304> <RAM>
ST_5 : Operation 114 [2/2] (2.32ns)   --->   "%input_3_load = load i9 %input_3_addr" [kern.cpp:283]   --->   Operation 114 'load' 'input_3_load' <Predicate = (icmp_ln282 & select_ln275_read == 3)> <Delay = 2.32> <CoreInst = "RAM">   --->   Core 81 'RAM' <Latency = 1> <II = 1> <Delay = 2.32> <Storage> <Opcode : 'load' 'store'> <Ports = 2> <Width = 1> <Depth = 304> <RAM>
ST_5 : Operation 115 [2/2] (2.32ns)   --->   "%input_4_load = load i9 %input_4_addr" [kern.cpp:283]   --->   Operation 115 'load' 'input_4_load' <Predicate = (icmp_ln282 & select_ln275_read == 4)> <Delay = 2.32> <CoreInst = "RAM">   --->   Core 81 'RAM' <Latency = 1> <II = 1> <Delay = 2.32> <Storage> <Opcode : 'load' 'store'> <Ports = 2> <Width = 1> <Depth = 304> <RAM>
ST_5 : Operation 116 [2/2] (2.32ns)   --->   "%input_5_load = load i9 %input_5_addr" [kern.cpp:283]   --->   Operation 116 'load' 'input_5_load' <Predicate = (icmp_ln282 & select_ln275_read == 5)> <Delay = 2.32> <CoreInst = "RAM">   --->   Core 81 'RAM' <Latency = 1> <II = 1> <Delay = 2.32> <Storage> <Opcode : 'load' 'store'> <Ports = 2> <Width = 1> <Depth = 304> <RAM>
ST_5 : Operation 117 [2/2] (2.32ns)   --->   "%input_6_load = load i9 %input_6_addr" [kern.cpp:283]   --->   Operation 117 'load' 'input_6_load' <Predicate = (icmp_ln282 & select_ln275_read == 6)> <Delay = 2.32> <CoreInst = "RAM">   --->   Core 81 'RAM' <Latency = 1> <II = 1> <Delay = 2.32> <Storage> <Opcode : 'load' 'store'> <Ports = 2> <Width = 1> <Depth = 304> <RAM>
ST_5 : Operation 118 [2/2] (2.32ns)   --->   "%input_7_load = load i9 %input_7_addr" [kern.cpp:283]   --->   Operation 118 'load' 'input_7_load' <Predicate = (icmp_ln282 & select_ln275_read == 7)> <Delay = 2.32> <CoreInst = "RAM">   --->   Core 81 'RAM' <Latency = 1> <II = 1> <Delay = 2.32> <Storage> <Opcode : 'load' 'store'> <Ports = 2> <Width = 1> <Depth = 304> <RAM>
ST_5 : Operation 119 [2/2] (2.32ns)   --->   "%input_8_load = load i9 %input_8_addr" [kern.cpp:283]   --->   Operation 119 'load' 'input_8_load' <Predicate = (icmp_ln282 & select_ln275_read == 8)> <Delay = 2.32> <CoreInst = "RAM">   --->   Core 81 'RAM' <Latency = 1> <II = 1> <Delay = 2.32> <Storage> <Opcode : 'load' 'store'> <Ports = 2> <Width = 1> <Depth = 304> <RAM>
ST_5 : Operation 120 [2/2] (2.32ns)   --->   "%input_9_load = load i9 %input_9_addr" [kern.cpp:283]   --->   Operation 120 'load' 'input_9_load' <Predicate = (icmp_ln282 & select_ln275_read == 9)> <Delay = 2.32> <CoreInst = "RAM">   --->   Core 81 'RAM' <Latency = 1> <II = 1> <Delay = 2.32> <Storage> <Opcode : 'load' 'store'> <Ports = 2> <Width = 1> <Depth = 304> <RAM>
ST_5 : Operation 121 [2/2] (2.32ns)   --->   "%input_10_load = load i9 %input_10_addr" [kern.cpp:283]   --->   Operation 121 'load' 'input_10_load' <Predicate = (icmp_ln282 & select_ln275_read == 10)> <Delay = 2.32> <CoreInst = "RAM">   --->   Core 81 'RAM' <Latency = 1> <II = 1> <Delay = 2.32> <Storage> <Opcode : 'load' 'store'> <Ports = 2> <Width = 1> <Depth = 304> <RAM>
ST_5 : Operation 122 [2/2] (2.32ns)   --->   "%input_11_load = load i9 %input_11_addr" [kern.cpp:283]   --->   Operation 122 'load' 'input_11_load' <Predicate = (icmp_ln282 & select_ln275_read == 11)> <Delay = 2.32> <CoreInst = "RAM">   --->   Core 81 'RAM' <Latency = 1> <II = 1> <Delay = 2.32> <Storage> <Opcode : 'load' 'store'> <Ports = 2> <Width = 1> <Depth = 304> <RAM>
ST_5 : Operation 123 [2/2] (2.32ns)   --->   "%input_12_load = load i9 %input_12_addr" [kern.cpp:283]   --->   Operation 123 'load' 'input_12_load' <Predicate = (icmp_ln282 & select_ln275_read == 12)> <Delay = 2.32> <CoreInst = "RAM">   --->   Core 81 'RAM' <Latency = 1> <II = 1> <Delay = 2.32> <Storage> <Opcode : 'load' 'store'> <Ports = 2> <Width = 1> <Depth = 304> <RAM>
ST_5 : Operation 124 [2/2] (2.32ns)   --->   "%input_13_load = load i9 %input_13_addr" [kern.cpp:283]   --->   Operation 124 'load' 'input_13_load' <Predicate = (icmp_ln282 & select_ln275_read == 13)> <Delay = 2.32> <CoreInst = "RAM">   --->   Core 81 'RAM' <Latency = 1> <II = 1> <Delay = 2.32> <Storage> <Opcode : 'load' 'store'> <Ports = 2> <Width = 1> <Depth = 304> <RAM>

State 6 <SV = 5> <Delay = 4.74>
ST_6 : Operation 125 [1/2] ( I:2.32ns O:2.32ns )   --->   "%input_0_load = load i9 %input_0_addr" [kern.cpp:283]   --->   Operation 125 'load' 'input_0_load' <Predicate = (icmp_ln282 & select_ln275_read == 0)> <Delay = 2.32> <CoreInst = "RAM">   --->   Core 81 'RAM' <Latency = 1> <II = 1> <Delay = 2.32> <Storage> <Opcode : 'load' 'store'> <Ports = 2> <Width = 1> <Depth = 304> <RAM>
ST_6 : Operation 126 [1/2] ( I:2.32ns O:2.32ns )   --->   "%input_1_load = load i9 %input_1_addr" [kern.cpp:283]   --->   Operation 126 'load' 'input_1_load' <Predicate = (icmp_ln282 & select_ln275_read == 1)> <Delay = 2.32> <CoreInst = "RAM">   --->   Core 81 'RAM' <Latency = 1> <II = 1> <Delay = 2.32> <Storage> <Opcode : 'load' 'store'> <Ports = 2> <Width = 1> <Depth = 304> <RAM>
ST_6 : Operation 127 [1/2] ( I:2.32ns O:2.32ns )   --->   "%input_2_load = load i9 %input_2_addr" [kern.cpp:283]   --->   Operation 127 'load' 'input_2_load' <Predicate = (icmp_ln282 & select_ln275_read == 2)> <Delay = 2.32> <CoreInst = "RAM">   --->   Core 81 'RAM' <Latency = 1> <II = 1> <Delay = 2.32> <Storage> <Opcode : 'load' 'store'> <Ports = 2> <Width = 1> <Depth = 304> <RAM>
ST_6 : Operation 128 [1/2] ( I:2.32ns O:2.32ns )   --->   "%input_3_load = load i9 %input_3_addr" [kern.cpp:283]   --->   Operation 128 'load' 'input_3_load' <Predicate = (icmp_ln282 & select_ln275_read == 3)> <Delay = 2.32> <CoreInst = "RAM">   --->   Core 81 'RAM' <Latency = 1> <II = 1> <Delay = 2.32> <Storage> <Opcode : 'load' 'store'> <Ports = 2> <Width = 1> <Depth = 304> <RAM>
ST_6 : Operation 129 [1/2] ( I:2.32ns O:2.32ns )   --->   "%input_4_load = load i9 %input_4_addr" [kern.cpp:283]   --->   Operation 129 'load' 'input_4_load' <Predicate = (icmp_ln282 & select_ln275_read == 4)> <Delay = 2.32> <CoreInst = "RAM">   --->   Core 81 'RAM' <Latency = 1> <II = 1> <Delay = 2.32> <Storage> <Opcode : 'load' 'store'> <Ports = 2> <Width = 1> <Depth = 304> <RAM>
ST_6 : Operation 130 [1/2] ( I:2.32ns O:2.32ns )   --->   "%input_5_load = load i9 %input_5_addr" [kern.cpp:283]   --->   Operation 130 'load' 'input_5_load' <Predicate = (icmp_ln282 & select_ln275_read == 5)> <Delay = 2.32> <CoreInst = "RAM">   --->   Core 81 'RAM' <Latency = 1> <II = 1> <Delay = 2.32> <Storage> <Opcode : 'load' 'store'> <Ports = 2> <Width = 1> <Depth = 304> <RAM>
ST_6 : Operation 131 [1/2] ( I:2.32ns O:2.32ns )   --->   "%input_6_load = load i9 %input_6_addr" [kern.cpp:283]   --->   Operation 131 'load' 'input_6_load' <Predicate = (icmp_ln282 & select_ln275_read == 6)> <Delay = 2.32> <CoreInst = "RAM">   --->   Core 81 'RAM' <Latency = 1> <II = 1> <Delay = 2.32> <Storage> <Opcode : 'load' 'store'> <Ports = 2> <Width = 1> <Depth = 304> <RAM>
ST_6 : Operation 132 [1/2] ( I:2.32ns O:2.32ns )   --->   "%input_7_load = load i9 %input_7_addr" [kern.cpp:283]   --->   Operation 132 'load' 'input_7_load' <Predicate = (icmp_ln282 & select_ln275_read == 7)> <Delay = 2.32> <CoreInst = "RAM">   --->   Core 81 'RAM' <Latency = 1> <II = 1> <Delay = 2.32> <Storage> <Opcode : 'load' 'store'> <Ports = 2> <Width = 1> <Depth = 304> <RAM>
ST_6 : Operation 133 [1/2] ( I:2.32ns O:2.32ns )   --->   "%input_8_load = load i9 %input_8_addr" [kern.cpp:283]   --->   Operation 133 'load' 'input_8_load' <Predicate = (icmp_ln282 & select_ln275_read == 8)> <Delay = 2.32> <CoreInst = "RAM">   --->   Core 81 'RAM' <Latency = 1> <II = 1> <Delay = 2.32> <Storage> <Opcode : 'load' 'store'> <Ports = 2> <Width = 1> <Depth = 304> <RAM>
ST_6 : Operation 134 [1/2] ( I:2.32ns O:2.32ns )   --->   "%input_9_load = load i9 %input_9_addr" [kern.cpp:283]   --->   Operation 134 'load' 'input_9_load' <Predicate = (icmp_ln282 & select_ln275_read == 9)> <Delay = 2.32> <CoreInst = "RAM">   --->   Core 81 'RAM' <Latency = 1> <II = 1> <Delay = 2.32> <Storage> <Opcode : 'load' 'store'> <Ports = 2> <Width = 1> <Depth = 304> <RAM>
ST_6 : Operation 135 [1/2] ( I:2.32ns O:2.32ns )   --->   "%input_10_load = load i9 %input_10_addr" [kern.cpp:283]   --->   Operation 135 'load' 'input_10_load' <Predicate = (icmp_ln282 & select_ln275_read == 10)> <Delay = 2.32> <CoreInst = "RAM">   --->   Core 81 'RAM' <Latency = 1> <II = 1> <Delay = 2.32> <Storage> <Opcode : 'load' 'store'> <Ports = 2> <Width = 1> <Depth = 304> <RAM>
ST_6 : Operation 136 [1/2] ( I:2.32ns O:2.32ns )   --->   "%input_11_load = load i9 %input_11_addr" [kern.cpp:283]   --->   Operation 136 'load' 'input_11_load' <Predicate = (icmp_ln282 & select_ln275_read == 11)> <Delay = 2.32> <CoreInst = "RAM">   --->   Core 81 'RAM' <Latency = 1> <II = 1> <Delay = 2.32> <Storage> <Opcode : 'load' 'store'> <Ports = 2> <Width = 1> <Depth = 304> <RAM>
ST_6 : Operation 137 [1/2] ( I:2.32ns O:2.32ns )   --->   "%input_12_load = load i9 %input_12_addr" [kern.cpp:283]   --->   Operation 137 'load' 'input_12_load' <Predicate = (icmp_ln282 & select_ln275_read == 12)> <Delay = 2.32> <CoreInst = "RAM">   --->   Core 81 'RAM' <Latency = 1> <II = 1> <Delay = 2.32> <Storage> <Opcode : 'load' 'store'> <Ports = 2> <Width = 1> <Depth = 304> <RAM>
ST_6 : Operation 138 [1/2] ( I:2.32ns O:2.32ns )   --->   "%input_13_load = load i9 %input_13_addr" [kern.cpp:283]   --->   Operation 138 'load' 'input_13_load' <Predicate = (icmp_ln282 & select_ln275_read == 13)> <Delay = 2.32> <CoreInst = "RAM">   --->   Core 81 'RAM' <Latency = 1> <II = 1> <Delay = 2.32> <Storage> <Opcode : 'load' 'store'> <Ports = 2> <Width = 1> <Depth = 304> <RAM>
ST_6 : Operation 139 [1/1] (2.42ns)   --->   "%a = sparsemux i1 @_ssdm_op_SparseMux.ap_auto.14i1.i1.i4, i4 0, i1 %input_0_load, i4 1, i1 %input_1_load, i4 2, i1 %input_2_load, i4 3, i1 %input_3_load, i4 4, i1 %input_4_load, i4 5, i1 %input_5_load, i4 6, i1 %input_6_load, i4 7, i1 %input_7_load, i4 8, i1 %input_8_load, i4 9, i1 %input_9_load, i4 10, i1 %input_10_load, i4 11, i1 %input_11_load, i4 12, i1 %input_12_load, i4 13, i1 %input_13_load, i1 0, i4 %select_ln275_read" [kern.cpp:283]   --->   Operation 139 'sparsemux' 'a' <Predicate = (icmp_ln282)> <Delay = 2.42> <CoreInst = "BinarySparseMux_DontCare">   --->   Core 137 'BinarySparseMux_DontCare' <Latency = 0> <II = 1> <Delay = 2.42> <FuncUnit> <Opcode : 'sparsemux'> <InPorts = 2> <OutPorts = 1>
ST_6 : Operation 150 [1/1] (0.00ns)   --->   "%loc_load = load i32 %loc"   --->   Operation 150 'load' 'loc_load' <Predicate = (icmp_ln278)> <Delay = 0.00>
ST_6 : Operation 151 [1/1] (0.00ns)   --->   "%write_ln0 = write void @_ssdm_op_Write.ap_auto.i32P0A, i32 %loc_3_out, i32 %loc_load"   --->   Operation 151 'write' 'write_ln0' <Predicate = (icmp_ln278)> <Delay = 0.00>
ST_6 : Operation 152 [1/1] (1.58ns)   --->   "%ret_ln0 = ret"   --->   Operation 152 'ret' 'ret_ln0' <Predicate = (icmp_ln278)> <Delay = 1.58>

State 7 <SV = 6> <Delay = 4.83>
ST_7 : Operation 140 [1/1] (0.00ns)   --->   "%loc_load_1 = load i32 %loc" [kern.cpp:285]   --->   Operation 140 'load' 'loc_load_1' <Predicate = true> <Delay = 0.00>
ST_7 : Operation 141 [1/1] (0.00ns)   --->   "%specloopname_ln0 = specloopname void @_ssdm_op_SpecLoopName, void @L4_KH_L4_KW_str"   --->   Operation 141 'specloopname' 'specloopname_ln0' <Predicate = true> <Delay = 0.00>
ST_7 : Operation 142 [1/1] (0.00ns)   --->   "%speclooptripcount_ln0 = speclooptripcount void @_ssdm_op_SpecLoopTripCount, i64 9, i64 9, i64 9"   --->   Operation 142 'speclooptripcount' 'speclooptripcount_ln0' <Predicate = true> <Delay = 0.00>
ST_7 : Operation 143 [1/1] (0.00ns)   --->   "%specpipeline_ln280 = specpipeline void @_ssdm_op_SpecPipeline, i32 1, i32 0, i32 0, i32 0, i32 4294967295, void @empty_5" [kern.cpp:280]   --->   Operation 143 'specpipeline' 'specpipeline_ln280' <Predicate = true> <Delay = 0.00>
ST_7 : Operation 144 [1/1] (0.00ns) (grouped into LUT with out node loc_3)   --->   "%xor_ln285 = xor i1 %a, i1 %w" [kern.cpp:285]   --->   Operation 144 'xor' 'xor_ln285' <Predicate = (icmp_ln282)> <Delay = 0.00> <CoreInst = "LogicGate">   --->   Core 74 'LogicGate' <Latency = 0> <II = 1> <Delay = 0.97> <FuncUnit> <Opcode : 'and' 'or' 'xor'> <InPorts = 2> <OutPorts = 1>
ST_7 : Operation 145 [1/1] (0.00ns) (grouped into LUT with out node loc_3)   --->   "%select_ln285 = select i1 %xor_ln285, i32 4294967295, i32 1" [kern.cpp:285]   --->   Operation 145 'select' 'select_ln285' <Predicate = (icmp_ln282)> <Delay = 0.00> <CoreInst = "Sel">   --->   Core 73 'Sel' <Latency = 0> <II = 1> <Delay = 0.99> <FuncUnit> <Opcode : 'select'> <InPorts = 3> <OutPorts = 1>
ST_7 : Operation 146 [1/1] (2.55ns) (out node of the LUT)   --->   "%loc_3 = add i32 %select_ln285, i32 %loc_load_1" [kern.cpp:285]   --->   Operation 146 'add' 'loc_3' <Predicate = (icmp_ln282)> <Delay = 2.55> <CoreInst = "Adder">   --->   Core 1 'Adder' <Latency = 0> <II = 1> <Delay = 2.55> <FuncUnit> <Opcode : 'add' 'sub'> <InPorts = 2> <OutPorts = 1>
ST_7 : Operation 147 [1/1] (0.69ns)   --->   "%loc_2 = select i1 %icmp_ln282, i32 %loc_3, i32 %loc_load_1" [kern.cpp:282]   --->   Operation 147 'select' 'loc_2' <Predicate = true> <Delay = 0.69> <CoreInst = "Sel">   --->   Core 73 'Sel' <Latency = 0> <II = 1> <Delay = 0.69> <FuncUnit> <Opcode : 'select'> <InPorts = 3> <OutPorts = 1>
ST_7 : Operation 148 [1/1] (1.58ns)   --->   "%store_ln275 = store i32 %loc_2, i32 %loc" [kern.cpp:275]   --->   Operation 148 'store' 'store_ln275' <Predicate = true> <Delay = 1.58>
ST_7 : Operation 149 [1/1] (0.00ns)   --->   "%br_ln279 = br void %for.body18" [kern.cpp:279]   --->   Operation 149 'br' 'br_ln279' <Predicate = true> <Delay = 0.00>


============================================================
+ Verbose Summary: Timing violations
============================================================
Target clock period: 13.000ns, clock uncertainty: 3.510ns.

 <State 1>: 8.841ns
The critical path consists of the following:
	'store' operation ('store_ln278', kern.cpp:278) of constant 0 2 bit on local variable 'kh', kern.cpp:278 [89]  (1.588 ns)
	'load' operation 2 bit ('kh_load', kern.cpp:278) on local variable 'kh', kern.cpp:278 [101]  (0.000 ns)
	'add' operation 2 bit ('add_ln278', kern.cpp:278) [102]  (1.565 ns)
	'select' operation 2 bit ('select_ln278', kern.cpp:278) [107]  (0.993 ns)
	'add' operation 2 bit ('add_ln281', kern.cpp:281) [109]  (1.565 ns)
	'add' operation 4 bit ('add_ln281_1', kern.cpp:281) [111]  (1.565 ns)
	'or' operation 4 bit ('or_ln282', kern.cpp:282) [141]  (0.000 ns)
	'icmp' operation 1 bit ('icmp_ln282', kern.cpp:282) [143]  (1.565 ns)

 <State 2>: 7.327ns
The critical path consists of the following:
	'sub' operation 4 bit ('sub_ln284', kern.cpp:284) [115]  (0.000 ns)
	'add' operation 4 bit ('add_ln284', kern.cpp:284) [159]  (3.316 ns)
	'sparsemux' operation 1 bit ('tmp', kern.cpp:284) [160]  (2.423 ns)
	'sparsemux' operation 1 bit ('w', kern.cpp:284) [163]  (1.588 ns)

 <State 3>: 1.050ns
The critical path consists of the following:
	'mul' operation 9 bit of DSP[125] ('mul_ln283', kern.cpp:283) [124]  (1.050 ns)

 <State 4>: 2.100ns
The critical path consists of the following:
	'mul' operation 9 bit of DSP[125] ('mul_ln283', kern.cpp:283) [124]  (0.000 ns)
	'add' operation 9 bit of DSP[125] ('add_ln283_1', kern.cpp:283) [125]  (2.100 ns)

 <State 5>: 4.422ns
The critical path consists of the following:
	'add' operation 9 bit of DSP[125] ('add_ln283_1', kern.cpp:283) [125]  (2.100 ns)
	'getelementptr' operation 9 bit ('input_0_addr', kern.cpp:283) [127]  (0.000 ns)
	'load' operation 1 bit ('input_0_load', kern.cpp:283) on array 'input_0' [144]  (2.322 ns)

 <State 6>: 4.745ns
The critical path consists of the following:
	'load' operation 1 bit ('input_0_load', kern.cpp:283) on array 'input_0' [144]  (2.322 ns)
	'sparsemux' operation 1 bit ('a', kern.cpp:283) [158]  (2.423 ns)

 <State 7>: 4.838ns
The critical path consists of the following:
	'load' operation 32 bit ('loc_load_1', kern.cpp:285) on local variable 'loc', kern.cpp:275 [99]  (0.000 ns)
	'add' operation 32 bit ('loc', kern.cpp:285) [166]  (2.552 ns)
	'select' operation 32 bit ('loc_2', kern.cpp:282) [167]  (0.698 ns)
	'store' operation ('store_ln275', kern.cpp:275) of variable 'loc_2', kern.cpp:282 32 bit on local variable 'loc', kern.cpp:275 [172]  (1.588 ns)


============================================================
+ Verbose Summary: Binding
============================================================
N/A
* FSMD analyzer results:
  - Output states:
 - Input state : 
  - Chain level:
	State 1
	State 2
	State 3
	State 4
	State 5
	State 6
	State 7


============================================================
+ Verbose Summary: Datapath Resource usage 
============================================================
N/A
