

================================================================
== Vitis HLS Report for 'conv2d_l2_Pipeline_L2_FH_L2_FW'
================================================================
* Date:           Fri May  1 21:41:12 2026

* Version:        2025.2 (Build 6295257 on Nov 14 2025)
* Project:        hls_component
* Solution:       hls (Vivado IP Flow Target)
* Product family: zynq
* Target device:  xc7z020-clg400-1


================================================================
== Performance Estimates
================================================================
+ Timing: 
    * Summary: 
    +--------+----------+----------+------------+
    |  Clock |  Target  | Estimated| Uncertainty|
    +--------+----------+----------+------------+
    |ap_clk  |  10.00 ns|  6.504 ns|     2.70 ns|
    +--------+----------+----------+------------+

+ Latency: 
    * Summary: 
    +---------+---------+----------+----------+-----+-----+-------------------+
    |  Latency (cycles) |  Latency (absolute) |  Interval |      Pipeline     |
    |   min   |   max   |    min   |    max   | min | max |        Type       |
    +---------+---------+----------+----------+-----+-----+-------------------+
    |       70|       70|  0.700 us|  0.700 us|    0|    0|  loop pipeline stp|
    +---------+---------+----------+----------+-----+-----+-------------------+

    + Detail: 
        * Instance: 
        N/A

        * Loop: 
        +---------------+---------+---------+----------+-----------+-----------+------+----------+
        |               |  Latency (cycles) | Iteration|  Initiation Interval  | Trip |          |
        |   Loop Name   |   min   |   max   |  Latency |  achieved |   target  | Count| Pipelined|
        +---------------+---------+---------+----------+-----------+-----------+------+----------+
        |- L2_FH_L2_FW  |       68|       68|         6|          1|          1|    64|       yes|
        +---------------+---------+---------+----------+-----------+-----------+------+----------+

============================================================
+ Verbose Summary: Synthesis Manager
============================================================
InlineROM: 1
ExposeGlobal: 0
============================================================
+ Verbose Summary: CDFG Model
============================================================
IsTopModel: 0
ResetActiveHigh: 1
IsCombinational: 0
IsDatapathOnly: 0
HasWiredReturn: 1
HasMFsm: 2
HasVarLatency: 1
IsPipeline: 0
IsRtlPipelined: 0
IsInstanceOverlapped: 0
IsDontTouch: 0
HasImplIP: 0
IsGatedGlobalClock: 0

+ Individual pipeline summary: 
  * Pipeline-0: initiation interval (II) = 1, depth = 6


============================================================
+ Verbose Summary: Schedule
============================================================
* Number of FSM states : 6
* Pipeline : 1
  Pipeline-0 : II = 1, D = 6, States = { 1 2 3 4 5 6 }
* Dataflow Pipeline: 0

* FSM state transitions: 
1 --> 2 
2 --> 3 
3 --> 4 
4 --> 5 
5 --> 6 
6 --> 

* FSM state operations: 

State 1 <SV = 0> <Delay = 5.04>
ST_1 : Operation 9 [1/1] (0.00ns)   --->   "%ow = alloca i32 1" [kern.cpp:120]   --->   Operation 9 'alloca' 'ow' <Predicate = true> <Delay = 0.00>
ST_1 : Operation 10 [1/1] (0.00ns)   --->   "%oh = alloca i32 1" [kern.cpp:119]   --->   Operation 10 'alloca' 'oh' <Predicate = true> <Delay = 0.00>
ST_1 : Operation 11 [1/1] (0.00ns)   --->   "%indvar_flatten6 = alloca i32 1"   --->   Operation 11 'alloca' 'indvar_flatten6' <Predicate = true> <Delay = 0.00>
ST_1 : Operation 12 [1/1] (0.00ns)   --->   "%select_ln84_read = read i4 @_ssdm_op_Read.ap_auto.i4, i4 %select_ln84"   --->   Operation 12 'read' 'select_ln84_read' <Predicate = true> <Delay = 0.00>
ST_1 : Operation 13 [1/1] (0.00ns)   --->   "%sext_ln94_read = read i16 @_ssdm_op_Read.ap_auto.i16, i16 %sext_ln94"   --->   Operation 13 'read' 'sext_ln94_read' <Predicate = true> <Delay = 0.00>
ST_1 : Operation 14 [1/1] (0.00ns)   --->   "%zext_ln84_read = read i10 @_ssdm_op_Read.ap_auto.i10, i10 %zext_ln84"   --->   Operation 14 'read' 'zext_ln84_read' <Predicate = true> <Delay = 0.00>
ST_1 : Operation 15 [1/1] (0.00ns)   --->   "%sext_ln94_cast = sext i16 %sext_ln94_read"   --->   Operation 15 'sext' 'sext_ln94_cast' <Predicate = true> <Delay = 0.00>
ST_1 : Operation 16 [1/1] (1.58ns)   --->   "%store_ln0 = store i7 0, i7 %indvar_flatten6"   --->   Operation 16 'store' 'store_ln0' <Predicate = true> <Delay = 1.58>
ST_1 : Operation 17 [1/1] (1.58ns)   --->   "%store_ln119 = store i4 0, i4 %oh" [kern.cpp:119]   --->   Operation 17 'store' 'store_ln119' <Predicate = true> <Delay = 1.58>
ST_1 : Operation 18 [1/1] (1.58ns)   --->   "%store_ln120 = store i4 0, i4 %ow" [kern.cpp:120]   --->   Operation 18 'store' 'store_ln120' <Predicate = true> <Delay = 1.58>
ST_1 : Operation 19 [1/1] (0.00ns)   --->   "%br_ln0 = br void %for.body70"   --->   Operation 19 'br' 'br_ln0' <Predicate = true> <Delay = 0.00>
ST_1 : Operation 20 [1/1] (0.00ns)   --->   "%indvar_flatten6_load = load i7 %indvar_flatten6" [kern.cpp:119]   --->   Operation 20 'load' 'indvar_flatten6_load' <Predicate = true> <Delay = 0.00>
ST_1 : Operation 21 [1/1] (1.87ns)   --->   "%icmp_ln119 = icmp_eq  i7 %indvar_flatten6_load, i7 64" [kern.cpp:119]   --->   Operation 21 'icmp' 'icmp_ln119' <Predicate = true> <Delay = 1.87> <CoreInst = "Cmp">   --->   Core 9 'Cmp' <Latency = 0> <II = 1> <Delay = 1.87> <FuncUnit> <Opcode : 'seteq' 'setne' 'setle' 'setge' 'setlt' 'setgt'> <InPorts = 2> <OutPorts = 1>
ST_1 : Operation 22 [1/1] (1.87ns)   --->   "%add_ln119_1 = add i7 %indvar_flatten6_load, i7 1" [kern.cpp:119]   --->   Operation 22 'add' 'add_ln119_1' <Predicate = true> <Delay = 1.87> <CoreInst = "Adder">   --->   Core 1 'Adder' <Latency = 0> <II = 1> <Delay = 1.87> <FuncUnit> <Opcode : 'add' 'sub'> <InPorts = 2> <OutPorts = 1>
ST_1 : Operation 23 [1/1] (0.00ns)   --->   "%br_ln119 = br i1 %icmp_ln119, void %for.inc145, void %if.end148.loopexit.exitStub" [kern.cpp:119]   --->   Operation 23 'br' 'br_ln119' <Predicate = true> <Delay = 0.00>
ST_1 : Operation 24 [1/1] (1.73ns)   --->   "%switch_ln129 = switch i4 %select_ln84_read, void %arrayidx121518.case.13, i4 0, void %arrayidx121518.case.0, i4 1, void %arrayidx121518.case.1, i4 2, void %arrayidx121518.case.2, i4 3, void %arrayidx121518.case.3, i4 4, void %arrayidx121518.case.4, i4 5, void %arrayidx121518.case.5, i4 6, void %arrayidx121518.case.6, i4 7, void %arrayidx121518.case.7, i4 8, void %arrayidx121518.case.8, i4 9, void %arrayidx121518.case.9, i4 10, void %arrayidx121518.case.10, i4 11, void %arrayidx121518.case.11, i4 12, void %arrayidx121518.case.12" [kern.cpp:129]   --->   Operation 24 'switch' 'switch_ln129' <Predicate = (!icmp_ln119)> <Delay = 1.73>
ST_1 : Operation 25 [1/1] (1.58ns)   --->   "%store_ln119 = store i7 %add_ln119_1, i7 %indvar_flatten6" [kern.cpp:119]   --->   Operation 25 'store' 'store_ln119' <Predicate = (!icmp_ln119)> <Delay = 1.58>

State 2 <SV = 1> <Delay = 6.08>
ST_2 : Operation 26 [1/1] (0.00ns)   --->   "%ow_load = load i4 %ow" [kern.cpp:120]   --->   Operation 26 'load' 'ow_load' <Predicate = true> <Delay = 0.00>
ST_2 : Operation 27 [1/1] (0.00ns)   --->   "%oh_load = load i4 %oh" [kern.cpp:119]   --->   Operation 27 'load' 'oh_load' <Predicate = true> <Delay = 0.00>
ST_2 : Operation 28 [1/1] (1.73ns)   --->   "%add_ln119 = add i4 %oh_load, i4 1" [kern.cpp:119]   --->   Operation 28 'add' 'add_ln119' <Predicate = true> <Delay = 1.73> <CoreInst = "Adder">   --->   Core 1 'Adder' <Latency = 0> <II = 1> <Delay = 1.73> <FuncUnit> <Opcode : 'add' 'sub'> <InPorts = 2> <OutPorts = 1>
ST_2 : Operation 29 [1/1] (1.73ns)   --->   "%icmp_ln120 = icmp_eq  i4 %ow_load, i4 8" [kern.cpp:120]   --->   Operation 29 'icmp' 'icmp_ln120' <Predicate = true> <Delay = 1.73> <CoreInst = "Cmp">   --->   Core 9 'Cmp' <Latency = 0> <II = 1> <Delay = 1.73> <FuncUnit> <Opcode : 'seteq' 'setne' 'setle' 'setge' 'setlt' 'setgt'> <InPorts = 2> <OutPorts = 1>
ST_2 : Operation 30 [1/1] (1.02ns)   --->   "%select_ln119 = select i1 %icmp_ln120, i4 0, i4 %ow_load" [kern.cpp:119]   --->   Operation 30 'select' 'select_ln119' <Predicate = true> <Delay = 1.02> <CoreInst = "Sel">   --->   Core 73 'Sel' <Latency = 0> <II = 1> <Delay = 1.02> <FuncUnit> <Opcode : 'select'> <InPorts = 3> <OutPorts = 1>
ST_2 : Operation 31 [1/1] (1.02ns)   --->   "%select_ln119_1 = select i1 %icmp_ln120, i4 %add_ln119, i4 %oh_load" [kern.cpp:119]   --->   Operation 31 'select' 'select_ln119_1' <Predicate = true> <Delay = 1.02> <CoreInst = "Sel">   --->   Core 73 'Sel' <Latency = 0> <II = 1> <Delay = 1.02> <FuncUnit> <Opcode : 'select'> <InPorts = 3> <OutPorts = 1>
ST_2 : Operation 32 [1/1] (0.00ns)   --->   "%trunc_ln123 = trunc i4 %select_ln119_1" [kern.cpp:123]   --->   Operation 32 'trunc' 'trunc_ln123' <Predicate = true> <Delay = 0.00>
ST_2 : Operation 33 [1/1] (0.00ns)   --->   "%add_ln = bitconcatenate i7 @_ssdm_op_BitConcatenate.i7.i3.i4, i3 %trunc_ln123, i4 %select_ln119" [kern.cpp:123]   --->   Operation 33 'bitconcatenate' 'add_ln' <Predicate = true> <Delay = 0.00>
ST_2 : Operation 34 [1/1] (0.00ns)   --->   "%zext_ln123 = zext i7 %add_ln" [kern.cpp:123]   --->   Operation 34 'zext' 'zext_ln123' <Predicate = true> <Delay = 0.00>
ST_2 : Operation 35 [1/1] (0.00ns)   --->   "%buffer_0_addr = getelementptr i32 %buffer_0, i64 0, i64 %zext_ln123" [kern.cpp:123]   --->   Operation 35 'getelementptr' 'buffer_0_addr' <Predicate = true> <Delay = 0.00>
ST_2 : Operation 36 [2/2] (3.25ns)   --->   "%a00 = load i9 %buffer_0_addr" [kern.cpp:123]   --->   Operation 36 'load' 'a00' <Predicate = true> <Delay = 3.25> <CoreInst = "RAM">   --->   Core 81 'RAM' <Latency = 1> <II = 1> <Delay = 3.25> <Storage> <Opcode : 'load' 'store'> <Ports = 2> <Width = 32> <Depth = 512> <RAM>
ST_2 : Operation 37 [1/1] (0.00ns)   --->   "%buffer_1_addr = getelementptr i32 %buffer_1, i64 0, i64 %zext_ln123" [kern.cpp:124]   --->   Operation 37 'getelementptr' 'buffer_1_addr' <Predicate = true> <Delay = 0.00>
ST_2 : Operation 38 [2/2] (3.25ns)   --->   "%a01 = load i9 %buffer_1_addr" [kern.cpp:124]   --->   Operation 38 'load' 'a01' <Predicate = true> <Delay = 3.25> <CoreInst = "RAM">   --->   Core 81 'RAM' <Latency = 1> <II = 1> <Delay = 3.25> <Storage> <Opcode : 'load' 'store'> <Ports = 2> <Width = 32> <Depth = 512> <RAM>
ST_2 : Operation 39 [1/1] ( I:3.25ns O:3.25ns )   --->   "%store_ln130 = store i32 0, i9 %buffer_0_addr" [kern.cpp:130]   --->   Operation 39 'store' 'store_ln130' <Predicate = true> <Delay = 3.25> <CoreInst = "RAM">   --->   Core 81 'RAM' <Latency = 1> <II = 1> <Delay = 3.25> <Storage> <Opcode : 'load' 'store'> <Ports = 2> <Width = 32> <Depth = 512> <RAM>
ST_2 : Operation 40 [1/1] ( I:3.25ns O:3.25ns )   --->   "%store_ln131 = store i32 0, i9 %buffer_1_addr" [kern.cpp:131]   --->   Operation 40 'store' 'store_ln131' <Predicate = true> <Delay = 3.25> <CoreInst = "RAM">   --->   Core 81 'RAM' <Latency = 1> <II = 1> <Delay = 3.25> <Storage> <Opcode : 'load' 'store'> <Ports = 2> <Width = 32> <Depth = 512> <RAM>
ST_2 : Operation 41 [1/1] (1.73ns)   --->   "%add_ln120 = add i4 %select_ln119, i4 1" [kern.cpp:120]   --->   Operation 41 'add' 'add_ln120' <Predicate = true> <Delay = 1.73> <CoreInst = "Adder">   --->   Core 1 'Adder' <Latency = 0> <II = 1> <Delay = 1.73> <FuncUnit> <Opcode : 'add' 'sub'> <InPorts = 2> <OutPorts = 1>
ST_2 : Operation 42 [1/1] (1.58ns)   --->   "%store_ln119 = store i4 %select_ln119_1, i4 %oh" [kern.cpp:119]   --->   Operation 42 'store' 'store_ln119' <Predicate = true> <Delay = 1.58>
ST_2 : Operation 43 [1/1] (1.58ns)   --->   "%store_ln120 = store i4 %add_ln120, i4 %ow" [kern.cpp:120]   --->   Operation 43 'store' 'store_ln120' <Predicate = true> <Delay = 1.58>

State 3 <SV = 2> <Delay = 6.50>
ST_3 : Operation 44 [1/1] (0.00ns)   --->   "%or_ln = bitconcatenate i7 @_ssdm_op_BitConcatenate.i7.i3.i4, i3 %trunc_ln123, i4 8" [kern.cpp:125]   --->   Operation 44 'bitconcatenate' 'or_ln' <Predicate = true> <Delay = 0.00>
ST_3 : Operation 45 [1/1] (0.00ns)   --->   "%zext_ln120 = zext i4 %select_ln119" [kern.cpp:120]   --->   Operation 45 'zext' 'zext_ln120' <Predicate = true> <Delay = 0.00>
ST_3 : Operation 46 [1/2] ( I:3.25ns O:3.25ns )   --->   "%a00 = load i9 %buffer_0_addr" [kern.cpp:123]   --->   Operation 46 'load' 'a00' <Predicate = true> <Delay = 3.25> <CoreInst = "RAM">   --->   Core 81 'RAM' <Latency = 1> <II = 1> <Delay = 3.25> <Storage> <Opcode : 'load' 'store'> <Ports = 2> <Width = 32> <Depth = 512> <RAM>
ST_3 : Operation 47 [1/2] ( I:3.25ns O:3.25ns )   --->   "%a01 = load i9 %buffer_1_addr" [kern.cpp:124]   --->   Operation 47 'load' 'a01' <Predicate = true> <Delay = 3.25> <CoreInst = "RAM">   --->   Core 81 'RAM' <Latency = 1> <II = 1> <Delay = 3.25> <Storage> <Opcode : 'load' 'store'> <Ports = 2> <Width = 32> <Depth = 512> <RAM>
ST_3 : Operation 48 [1/1] (1.87ns)   --->   "%add_ln125 = add i7 %zext_ln120, i7 %or_ln" [kern.cpp:125]   --->   Operation 48 'add' 'add_ln125' <Predicate = true> <Delay = 1.87> <CoreInst = "Adder">   --->   Core 1 'Adder' <Latency = 0> <II = 1> <Delay = 1.87> <FuncUnit> <Opcode : 'add' 'sub'> <InPorts = 2> <OutPorts = 1>
ST_3 : Operation 49 [1/1] (0.00ns)   --->   "%zext_ln125 = zext i7 %add_ln125" [kern.cpp:125]   --->   Operation 49 'zext' 'zext_ln125' <Predicate = true> <Delay = 0.00>
ST_3 : Operation 50 [1/1] (0.00ns)   --->   "%buffer_0_addr_3 = getelementptr i32 %buffer_0, i64 0, i64 %zext_ln125" [kern.cpp:125]   --->   Operation 50 'getelementptr' 'buffer_0_addr_3' <Predicate = true> <Delay = 0.00>
ST_3 : Operation 51 [2/2] (3.25ns)   --->   "%a10 = load i9 %buffer_0_addr_3" [kern.cpp:125]   --->   Operation 51 'load' 'a10' <Predicate = true> <Delay = 3.25> <CoreInst = "RAM">   --->   Core 81 'RAM' <Latency = 1> <II = 1> <Delay = 3.25> <Storage> <Opcode : 'load' 'store'> <Ports = 2> <Width = 32> <Depth = 512> <RAM>
ST_3 : Operation 52 [1/1] (0.00ns)   --->   "%buffer_1_addr_3 = getelementptr i32 %buffer_1, i64 0, i64 %zext_ln125" [kern.cpp:126]   --->   Operation 52 'getelementptr' 'buffer_1_addr_3' <Predicate = true> <Delay = 0.00>
ST_3 : Operation 53 [2/2] (3.25ns)   --->   "%a11 = load i9 %buffer_1_addr_3" [kern.cpp:126]   --->   Operation 53 'load' 'a11' <Predicate = true> <Delay = 3.25> <CoreInst = "RAM">   --->   Core 81 'RAM' <Latency = 1> <II = 1> <Delay = 3.25> <Storage> <Opcode : 'load' 'store'> <Ports = 2> <Width = 32> <Depth = 512> <RAM>
ST_3 : Operation 54 [1/1] (2.55ns)   --->   "%icmp_ln127 = icmp_sgt  i32 %a00, i32 %a01" [kern.cpp:127]   --->   Operation 54 'icmp' 'icmp_ln127' <Predicate = true> <Delay = 2.55> <CoreInst = "Cmp">   --->   Core 9 'Cmp' <Latency = 0> <II = 1> <Delay = 2.55> <FuncUnit> <Opcode : 'seteq' 'setne' 'setle' 'setge' 'setlt' 'setgt'> <InPorts = 2> <OutPorts = 1>
ST_3 : Operation 55 [1/1] (0.69ns)   --->   "%select_ln127 = select i1 %icmp_ln127, i32 %a00, i32 %a01" [kern.cpp:127]   --->   Operation 55 'select' 'select_ln127' <Predicate = true> <Delay = 0.69> <CoreInst = "Sel">   --->   Core 73 'Sel' <Latency = 0> <II = 1> <Delay = 0.69> <FuncUnit> <Opcode : 'select'> <InPorts = 3> <OutPorts = 1>
ST_3 : Operation 56 [1/1] ( I:3.25ns O:3.25ns )   --->   "%store_ln132 = store i32 0, i9 %buffer_0_addr_3" [kern.cpp:132]   --->   Operation 56 'store' 'store_ln132' <Predicate = true> <Delay = 3.25> <CoreInst = "RAM">   --->   Core 81 'RAM' <Latency = 1> <II = 1> <Delay = 3.25> <Storage> <Opcode : 'load' 'store'> <Ports = 2> <Width = 32> <Depth = 512> <RAM>
ST_3 : Operation 57 [1/1] ( I:3.25ns O:3.25ns )   --->   "%store_ln133 = store i32 0, i9 %buffer_1_addr_3" [kern.cpp:133]   --->   Operation 57 'store' 'store_ln133' <Predicate = true> <Delay = 3.25> <CoreInst = "RAM">   --->   Core 81 'RAM' <Latency = 1> <II = 1> <Delay = 3.25> <Storage> <Opcode : 'load' 'store'> <Ports = 2> <Width = 32> <Depth = 512> <RAM>
ST_3 : Operation 58 [1/1] (0.00ns)   --->   "%br_ln120 = br void %for.body70" [kern.cpp:120]   --->   Operation 58 'br' 'br_ln120' <Predicate = true> <Delay = 0.00>

State 4 <SV = 3> <Delay = 6.50>
ST_4 : Operation 59 [1/2] ( I:3.25ns O:3.25ns )   --->   "%a10 = load i9 %buffer_0_addr_3" [kern.cpp:125]   --->   Operation 59 'load' 'a10' <Predicate = true> <Delay = 3.25> <CoreInst = "RAM">   --->   Core 81 'RAM' <Latency = 1> <II = 1> <Delay = 3.25> <Storage> <Opcode : 'load' 'store'> <Ports = 2> <Width = 32> <Depth = 512> <RAM>
ST_4 : Operation 60 [1/2] ( I:3.25ns O:3.25ns )   --->   "%a11 = load i9 %buffer_1_addr_3" [kern.cpp:126]   --->   Operation 60 'load' 'a11' <Predicate = true> <Delay = 3.25> <CoreInst = "RAM">   --->   Core 81 'RAM' <Latency = 1> <II = 1> <Delay = 3.25> <Storage> <Opcode : 'load' 'store'> <Ports = 2> <Width = 32> <Depth = 512> <RAM>
ST_4 : Operation 61 [1/1] (2.55ns)   --->   "%icmp_ln127_1 = icmp_sgt  i32 %a10, i32 %a11" [kern.cpp:127]   --->   Operation 61 'icmp' 'icmp_ln127_1' <Predicate = true> <Delay = 2.55> <CoreInst = "Cmp">   --->   Core 9 'Cmp' <Latency = 0> <II = 1> <Delay = 2.55> <FuncUnit> <Opcode : 'seteq' 'setne' 'setle' 'setge' 'setlt' 'setgt'> <InPorts = 2> <OutPorts = 1>
ST_4 : Operation 62 [1/1] (0.69ns)   --->   "%select_ln127_1 = select i1 %icmp_ln127_1, i32 %a10, i32 %a11" [kern.cpp:127]   --->   Operation 62 'select' 'select_ln127_1' <Predicate = true> <Delay = 0.69> <CoreInst = "Sel">   --->   Core 73 'Sel' <Latency = 0> <II = 1> <Delay = 0.69> <FuncUnit> <Opcode : 'select'> <InPorts = 3> <OutPorts = 1>

State 5 <SV = 4> <Delay = 5.59>
ST_5 : Operation 63 [1/1] (0.00ns)   --->   "%tmp_s = bitconcatenate i7 @_ssdm_op_BitConcatenate.i7.i4.i3, i4 %select_ln119_1, i3 0" [kern.cpp:129]   --->   Operation 63 'bitconcatenate' 'tmp_s' <Predicate = true> <Delay = 0.00>
ST_5 : Operation 64 [1/1] (0.00ns)   --->   "%zext_ln123_1 = zext i7 %tmp_s" [kern.cpp:123]   --->   Operation 64 'zext' 'zext_ln123_1' <Predicate = true> <Delay = 0.00>
ST_5 : Operation 65 [1/1] (0.00ns)   --->   "%zext_ln129 = zext i4 %select_ln119" [kern.cpp:129]   --->   Operation 65 'zext' 'zext_ln129' <Predicate = true> <Delay = 0.00>
ST_5 : Operation 66 [1/1] (1.87ns)   --->   "%add_ln129 = add i8 %zext_ln123_1, i8 %zext_ln129" [kern.cpp:129]   --->   Operation 66 'add' 'add_ln129' <Predicate = true> <Delay = 1.87> <CoreInst = "Adder">   --->   Core 1 'Adder' <Latency = 0> <II = 1> <Delay = 1.87> <FuncUnit> <Opcode : 'add' 'sub'> <InPorts = 2> <OutPorts = 1>
ST_5 : Operation 67 [1/1] (0.00ns)   --->   "%trunc_ln129 = trunc i8 %add_ln129" [kern.cpp:129]   --->   Operation 67 'trunc' 'trunc_ln129' <Predicate = true> <Delay = 0.00>
ST_5 : Operation 68 [1/1] (0.00ns)   --->   "%p_shl = bitconcatenate i10 @_ssdm_op_BitConcatenate.i10.i7.i3, i7 %trunc_ln129, i3 0" [kern.cpp:129]   --->   Operation 68 'bitconcatenate' 'p_shl' <Predicate = true> <Delay = 0.00>
ST_5 : Operation 69 [1/1] (0.00ns)   --->   "%tmp = bitconcatenate i9 @_ssdm_op_BitConcatenate.i9.i8.i1, i8 %add_ln129, i1 0" [kern.cpp:129]   --->   Operation 69 'bitconcatenate' 'tmp' <Predicate = true> <Delay = 0.00>
ST_5 : Operation 70 [1/1] (0.00ns)   --->   "%zext_ln129_1 = zext i9 %tmp" [kern.cpp:129]   --->   Operation 70 'zext' 'zext_ln129_1' <Predicate = true> <Delay = 0.00>
ST_5 : Operation 71 [1/1] (0.00ns) (grouped into TernaryAdder)   --->   "%add_ln129_2 = add i10 %p_shl, i10 %zext_ln129_1" [kern.cpp:129]   --->   Operation 71 'add' 'add_ln129_2' <Predicate = true> <Delay = 0.00> <CoreInst = "TAddSub">   --->   Core 10 'TAddSub' <Latency = 0> <II = 1> <Delay = 1.86> <IPBlock> <Opcode : 'add' 'sub'> <InPorts = 3> <OutPorts = 1> <Sync> <CReg>
ST_5 : Operation 72 [1/1] (3.72ns) (root node of TernaryAdder)   --->   "%add_ln129_1 = add i10 %add_ln129_2, i10 %zext_ln84_read" [kern.cpp:129]   --->   Operation 72 'add' 'add_ln129_1' <Predicate = true> <Delay = 3.72> <CoreInst = "TAddSub">   --->   Core 10 'TAddSub' <Latency = 0> <II = 1> <Delay = 1.86> <IPBlock> <Opcode : 'add' 'sub'> <InPorts = 3> <OutPorts = 1> <Sync> <CReg>
ST_5 : Operation 73 [1/1] (2.55ns)   --->   "%icmp_ln127_2 = icmp_sgt  i32 %select_ln127, i32 %select_ln127_1" [kern.cpp:127]   --->   Operation 73 'icmp' 'icmp_ln127_2' <Predicate = true> <Delay = 2.55> <CoreInst = "Cmp">   --->   Core 9 'Cmp' <Latency = 0> <II = 1> <Delay = 2.55> <FuncUnit> <Opcode : 'seteq' 'setne' 'setle' 'setge' 'setlt' 'setgt'> <InPorts = 2> <OutPorts = 1>
ST_5 : Operation 74 [1/1] (0.00ns) (grouped into LUT with out node val)   --->   "%mx = select i1 %icmp_ln127_2, i32 %select_ln127, i32 %select_ln127_1" [kern.cpp:127]   --->   Operation 74 'select' 'mx' <Predicate = true> <Delay = 0.00> <CoreInst = "Sel">   --->   Core 73 'Sel' <Latency = 0> <II = 1> <Delay = 0.69> <FuncUnit> <Opcode : 'select'> <InPorts = 3> <OutPorts = 1>
ST_5 : Operation 75 [1/1] (2.55ns) (out node of the LUT)   --->   "%val = add i32 %mx, i32 %sext_ln94_cast" [kern.cpp:129]   --->   Operation 75 'add' 'val' <Predicate = true> <Delay = 2.55> <CoreInst = "Adder">   --->   Core 1 'Adder' <Latency = 0> <II = 1> <Delay = 2.55> <FuncUnit> <Opcode : 'add' 'sub'> <InPorts = 2> <OutPorts = 1>
ST_5 : Operation 76 [1/1] (0.00ns)   --->   "%tmp_136 = bitselect i1 @_ssdm_op_BitSelect.i1.i32.i32, i32 %val, i32 31" [kern.cpp:25->kern.cpp:129]   --->   Operation 76 'bitselect' 'tmp_136' <Predicate = true> <Delay = 0.00>
ST_5 : Operation 124 [1/1] (1.58ns)   --->   "%ret_ln0 = ret"   --->   Operation 124 'ret' 'ret_ln0' <Predicate = (icmp_ln119)> <Delay = 1.58>

State 6 <SV = 5> <Delay = 3.30>
ST_6 : Operation 77 [1/1] (0.00ns)   --->   "%specloopname_ln0 = specloopname void @_ssdm_op_SpecLoopName, void @L2_FH_L2_FW_str"   --->   Operation 77 'specloopname' 'specloopname_ln0' <Predicate = true> <Delay = 0.00>
ST_6 : Operation 78 [1/1] (0.00ns)   --->   "%speclooptripcount_ln0 = speclooptripcount void @_ssdm_op_SpecLoopTripCount, i64 64, i64 64, i64 64"   --->   Operation 78 'speclooptripcount' 'speclooptripcount_ln0' <Predicate = true> <Delay = 0.00>
ST_6 : Operation 79 [1/1] (0.00ns)   --->   "%zext_ln129_2 = zext i10 %add_ln129_1" [kern.cpp:129]   --->   Operation 79 'zext' 'zext_ln129_2' <Predicate = true> <Delay = 0.00>
ST_6 : Operation 80 [1/1] (0.00ns)   --->   "%output_0_addr = getelementptr i1 %output_0, i64 0, i64 %zext_ln129_2" [kern.cpp:129]   --->   Operation 80 'getelementptr' 'output_0_addr' <Predicate = true> <Delay = 0.00>
ST_6 : Operation 81 [1/1] (0.00ns)   --->   "%output_1_addr = getelementptr i1 %output_1, i64 0, i64 %zext_ln129_2" [kern.cpp:129]   --->   Operation 81 'getelementptr' 'output_1_addr' <Predicate = true> <Delay = 0.00>
ST_6 : Operation 82 [1/1] (0.00ns)   --->   "%output_2_addr = getelementptr i1 %output_2, i64 0, i64 %zext_ln129_2" [kern.cpp:129]   --->   Operation 82 'getelementptr' 'output_2_addr' <Predicate = true> <Delay = 0.00>
ST_6 : Operation 83 [1/1] (0.00ns)   --->   "%output_3_addr = getelementptr i1 %output_3, i64 0, i64 %zext_ln129_2" [kern.cpp:129]   --->   Operation 83 'getelementptr' 'output_3_addr' <Predicate = true> <Delay = 0.00>
ST_6 : Operation 84 [1/1] (0.00ns)   --->   "%output_4_addr = getelementptr i1 %output_4, i64 0, i64 %zext_ln129_2" [kern.cpp:129]   --->   Operation 84 'getelementptr' 'output_4_addr' <Predicate = true> <Delay = 0.00>
ST_6 : Operation 85 [1/1] (0.00ns)   --->   "%output_5_addr = getelementptr i1 %output_5, i64 0, i64 %zext_ln129_2" [kern.cpp:129]   --->   Operation 85 'getelementptr' 'output_5_addr' <Predicate = true> <Delay = 0.00>
ST_6 : Operation 86 [1/1] (0.00ns)   --->   "%output_6_addr = getelementptr i1 %output_6, i64 0, i64 %zext_ln129_2" [kern.cpp:129]   --->   Operation 86 'getelementptr' 'output_6_addr' <Predicate = true> <Delay = 0.00>
ST_6 : Operation 87 [1/1] (0.00ns)   --->   "%output_7_addr = getelementptr i1 %output_7, i64 0, i64 %zext_ln129_2" [kern.cpp:129]   --->   Operation 87 'getelementptr' 'output_7_addr' <Predicate = true> <Delay = 0.00>
ST_6 : Operation 88 [1/1] (0.00ns)   --->   "%output_8_addr = getelementptr i1 %output_8, i64 0, i64 %zext_ln129_2" [kern.cpp:129]   --->   Operation 88 'getelementptr' 'output_8_addr' <Predicate = true> <Delay = 0.00>
ST_6 : Operation 89 [1/1] (0.00ns)   --->   "%output_9_addr = getelementptr i1 %output_9, i64 0, i64 %zext_ln129_2" [kern.cpp:129]   --->   Operation 89 'getelementptr' 'output_9_addr' <Predicate = true> <Delay = 0.00>
ST_6 : Operation 90 [1/1] (0.00ns)   --->   "%output_10_addr = getelementptr i1 %output_10, i64 0, i64 %zext_ln129_2" [kern.cpp:129]   --->   Operation 90 'getelementptr' 'output_10_addr' <Predicate = true> <Delay = 0.00>
ST_6 : Operation 91 [1/1] (0.00ns)   --->   "%output_11_addr = getelementptr i1 %output_11, i64 0, i64 %zext_ln129_2" [kern.cpp:129]   --->   Operation 91 'getelementptr' 'output_11_addr' <Predicate = true> <Delay = 0.00>
ST_6 : Operation 92 [1/1] (0.00ns)   --->   "%output_12_addr = getelementptr i1 %output_12, i64 0, i64 %zext_ln129_2" [kern.cpp:129]   --->   Operation 92 'getelementptr' 'output_12_addr' <Predicate = true> <Delay = 0.00>
ST_6 : Operation 93 [1/1] (0.00ns)   --->   "%output_13_addr = getelementptr i1 %output_13, i64 0, i64 %zext_ln129_2" [kern.cpp:129]   --->   Operation 93 'getelementptr' 'output_13_addr' <Predicate = true> <Delay = 0.00>
ST_6 : Operation 94 [1/1] (0.00ns)   --->   "%specpipeline_ln121 = specpipeline void @_ssdm_op_SpecPipeline, i32 1, i32 0, i32 0, i32 0, i32 4294967295, void @empty_5" [kern.cpp:121]   --->   Operation 94 'specpipeline' 'specpipeline_ln121' <Predicate = true> <Delay = 0.00>
ST_6 : Operation 95 [1/1] (0.97ns)   --->   "%xor_ln25 = xor i1 %tmp_136, i1 1" [kern.cpp:25->kern.cpp:129]   --->   Operation 95 'xor' 'xor_ln25' <Predicate = true> <Delay = 0.97> <CoreInst = "LogicGate">   --->   Core 74 'LogicGate' <Latency = 0> <II = 1> <Delay = 0.97> <FuncUnit> <Opcode : 'and' 'or' 'xor'> <InPorts = 2> <OutPorts = 1>
ST_6 : Operation 96 [1/1] ( I:2.32ns O:2.32ns )   --->   "%store_ln129 = store i1 %xor_ln25, i10 %output_12_addr" [kern.cpp:129]   --->   Operation 96 'store' 'store_ln129' <Predicate = (select_ln84_read == 12)> <Delay = 2.32> <CoreInst = "RAM">   --->   Core 81 'RAM' <Latency = 1> <II = 1> <Delay = 2.32> <Storage> <Opcode : 'load' 'store'> <Ports = 2> <Width = 1> <Depth = 640> <RAM>
ST_6 : Operation 97 [1/1] (0.00ns)   --->   "%br_ln129 = br void %arrayidx121518.exit" [kern.cpp:129]   --->   Operation 97 'br' 'br_ln129' <Predicate = (select_ln84_read == 12)> <Delay = 0.00>
ST_6 : Operation 98 [1/1] ( I:2.32ns O:2.32ns )   --->   "%store_ln129 = store i1 %xor_ln25, i10 %output_11_addr" [kern.cpp:129]   --->   Operation 98 'store' 'store_ln129' <Predicate = (select_ln84_read == 11)> <Delay = 2.32> <CoreInst = "RAM">   --->   Core 81 'RAM' <Latency = 1> <II = 1> <Delay = 2.32> <Storage> <Opcode : 'load' 'store'> <Ports = 2> <Width = 1> <Depth = 640> <RAM>
ST_6 : Operation 99 [1/1] (0.00ns)   --->   "%br_ln129 = br void %arrayidx121518.exit" [kern.cpp:129]   --->   Operation 99 'br' 'br_ln129' <Predicate = (select_ln84_read == 11)> <Delay = 0.00>
ST_6 : Operation 100 [1/1] ( I:2.32ns O:2.32ns )   --->   "%store_ln129 = store i1 %xor_ln25, i10 %output_10_addr" [kern.cpp:129]   --->   Operation 100 'store' 'store_ln129' <Predicate = (select_ln84_read == 10)> <Delay = 2.32> <CoreInst = "RAM">   --->   Core 81 'RAM' <Latency = 1> <II = 1> <Delay = 2.32> <Storage> <Opcode : 'load' 'store'> <Ports = 2> <Width = 1> <Depth = 640> <RAM>
ST_6 : Operation 101 [1/1] (0.00ns)   --->   "%br_ln129 = br void %arrayidx121518.exit" [kern.cpp:129]   --->   Operation 101 'br' 'br_ln129' <Predicate = (select_ln84_read == 10)> <Delay = 0.00>
ST_6 : Operation 102 [1/1] ( I:2.32ns O:2.32ns )   --->   "%store_ln129 = store i1 %xor_ln25, i10 %output_9_addr" [kern.cpp:129]   --->   Operation 102 'store' 'store_ln129' <Predicate = (select_ln84_read == 9)> <Delay = 2.32> <CoreInst = "RAM">   --->   Core 81 'RAM' <Latency = 1> <II = 1> <Delay = 2.32> <Storage> <Opcode : 'load' 'store'> <Ports = 2> <Width = 1> <Depth = 640> <RAM>
ST_6 : Operation 103 [1/1] (0.00ns)   --->   "%br_ln129 = br void %arrayidx121518.exit" [kern.cpp:129]   --->   Operation 103 'br' 'br_ln129' <Predicate = (select_ln84_read == 9)> <Delay = 0.00>
ST_6 : Operation 104 [1/1] ( I:2.32ns O:2.32ns )   --->   "%store_ln129 = store i1 %xor_ln25, i10 %output_8_addr" [kern.cpp:129]   --->   Operation 104 'store' 'store_ln129' <Predicate = (select_ln84_read == 8)> <Delay = 2.32> <CoreInst = "RAM">   --->   Core 81 'RAM' <Latency = 1> <II = 1> <Delay = 2.32> <Storage> <Opcode : 'load' 'store'> <Ports = 2> <Width = 1> <Depth = 640> <RAM>
ST_6 : Operation 105 [1/1] (0.00ns)   --->   "%br_ln129 = br void %arrayidx121518.exit" [kern.cpp:129]   --->   Operation 105 'br' 'br_ln129' <Predicate = (select_ln84_read == 8)> <Delay = 0.00>
ST_6 : Operation 106 [1/1] ( I:2.32ns O:2.32ns )   --->   "%store_ln129 = store i1 %xor_ln25, i10 %output_7_addr" [kern.cpp:129]   --->   Operation 106 'store' 'store_ln129' <Predicate = (select_ln84_read == 7)> <Delay = 2.32> <CoreInst = "RAM">   --->   Core 81 'RAM' <Latency = 1> <II = 1> <Delay = 2.32> <Storage> <Opcode : 'load' 'store'> <Ports = 2> <Width = 1> <Depth = 640> <RAM>
ST_6 : Operation 107 [1/1] (0.00ns)   --->   "%br_ln129 = br void %arrayidx121518.exit" [kern.cpp:129]   --->   Operation 107 'br' 'br_ln129' <Predicate = (select_ln84_read == 7)> <Delay = 0.00>
ST_6 : Operation 108 [1/1] ( I:2.32ns O:2.32ns )   --->   "%store_ln129 = store i1 %xor_ln25, i10 %output_6_addr" [kern.cpp:129]   --->   Operation 108 'store' 'store_ln129' <Predicate = (select_ln84_read == 6)> <Delay = 2.32> <CoreInst = "RAM">   --->   Core 81 'RAM' <Latency = 1> <II = 1> <Delay = 2.32> <Storage> <Opcode : 'load' 'store'> <Ports = 2> <Width = 1> <Depth = 640> <RAM>
ST_6 : Operation 109 [1/1] (0.00ns)   --->   "%br_ln129 = br void %arrayidx121518.exit" [kern.cpp:129]   --->   Operation 109 'br' 'br_ln129' <Predicate = (select_ln84_read == 6)> <Delay = 0.00>
ST_6 : Operation 110 [1/1] ( I:2.32ns O:2.32ns )   --->   "%store_ln129 = store i1 %xor_ln25, i10 %output_5_addr" [kern.cpp:129]   --->   Operation 110 'store' 'store_ln129' <Predicate = (select_ln84_read == 5)> <Delay = 2.32> <CoreInst = "RAM">   --->   Core 81 'RAM' <Latency = 1> <II = 1> <Delay = 2.32> <Storage> <Opcode : 'load' 'store'> <Ports = 2> <Width = 1> <Depth = 640> <RAM>
ST_6 : Operation 111 [1/1] (0.00ns)   --->   "%br_ln129 = br void %arrayidx121518.exit" [kern.cpp:129]   --->   Operation 111 'br' 'br_ln129' <Predicate = (select_ln84_read == 5)> <Delay = 0.00>
ST_6 : Operation 112 [1/1] ( I:2.32ns O:2.32ns )   --->   "%store_ln129 = store i1 %xor_ln25, i10 %output_4_addr" [kern.cpp:129]   --->   Operation 112 'store' 'store_ln129' <Predicate = (select_ln84_read == 4)> <Delay = 2.32> <CoreInst = "RAM">   --->   Core 81 'RAM' <Latency = 1> <II = 1> <Delay = 2.32> <Storage> <Opcode : 'load' 'store'> <Ports = 2> <Width = 1> <Depth = 640> <RAM>
ST_6 : Operation 113 [1/1] (0.00ns)   --->   "%br_ln129 = br void %arrayidx121518.exit" [kern.cpp:129]   --->   Operation 113 'br' 'br_ln129' <Predicate = (select_ln84_read == 4)> <Delay = 0.00>
ST_6 : Operation 114 [1/1] ( I:2.32ns O:2.32ns )   --->   "%store_ln129 = store i1 %xor_ln25, i10 %output_3_addr" [kern.cpp:129]   --->   Operation 114 'store' 'store_ln129' <Predicate = (select_ln84_read == 3)> <Delay = 2.32> <CoreInst = "RAM">   --->   Core 81 'RAM' <Latency = 1> <II = 1> <Delay = 2.32> <Storage> <Opcode : 'load' 'store'> <Ports = 2> <Width = 1> <Depth = 640> <RAM>
ST_6 : Operation 115 [1/1] (0.00ns)   --->   "%br_ln129 = br void %arrayidx121518.exit" [kern.cpp:129]   --->   Operation 115 'br' 'br_ln129' <Predicate = (select_ln84_read == 3)> <Delay = 0.00>
ST_6 : Operation 116 [1/1] ( I:2.32ns O:2.32ns )   --->   "%store_ln129 = store i1 %xor_ln25, i10 %output_2_addr" [kern.cpp:129]   --->   Operation 116 'store' 'store_ln129' <Predicate = (select_ln84_read == 2)> <Delay = 2.32> <CoreInst = "RAM">   --->   Core 81 'RAM' <Latency = 1> <II = 1> <Delay = 2.32> <Storage> <Opcode : 'load' 'store'> <Ports = 2> <Width = 1> <Depth = 640> <RAM>
ST_6 : Operation 117 [1/1] (0.00ns)   --->   "%br_ln129 = br void %arrayidx121518.exit" [kern.cpp:129]   --->   Operation 117 'br' 'br_ln129' <Predicate = (select_ln84_read == 2)> <Delay = 0.00>
ST_6 : Operation 118 [1/1] ( I:2.32ns O:2.32ns )   --->   "%store_ln129 = store i1 %xor_ln25, i10 %output_1_addr" [kern.cpp:129]   --->   Operation 118 'store' 'store_ln129' <Predicate = (select_ln84_read == 1)> <Delay = 2.32> <CoreInst = "RAM">   --->   Core 81 'RAM' <Latency = 1> <II = 1> <Delay = 2.32> <Storage> <Opcode : 'load' 'store'> <Ports = 2> <Width = 1> <Depth = 640> <RAM>
ST_6 : Operation 119 [1/1] (0.00ns)   --->   "%br_ln129 = br void %arrayidx121518.exit" [kern.cpp:129]   --->   Operation 119 'br' 'br_ln129' <Predicate = (select_ln84_read == 1)> <Delay = 0.00>
ST_6 : Operation 120 [1/1] ( I:2.32ns O:2.32ns )   --->   "%store_ln129 = store i1 %xor_ln25, i10 %output_0_addr" [kern.cpp:129]   --->   Operation 120 'store' 'store_ln129' <Predicate = (select_ln84_read == 0)> <Delay = 2.32> <CoreInst = "RAM">   --->   Core 81 'RAM' <Latency = 1> <II = 1> <Delay = 2.32> <Storage> <Opcode : 'load' 'store'> <Ports = 2> <Width = 1> <Depth = 640> <RAM>
ST_6 : Operation 121 [1/1] (0.00ns)   --->   "%br_ln129 = br void %arrayidx121518.exit" [kern.cpp:129]   --->   Operation 121 'br' 'br_ln129' <Predicate = (select_ln84_read == 0)> <Delay = 0.00>
ST_6 : Operation 122 [1/1] ( I:2.32ns O:2.32ns )   --->   "%store_ln129 = store i1 %xor_ln25, i10 %output_13_addr" [kern.cpp:129]   --->   Operation 122 'store' 'store_ln129' <Predicate = (select_ln84_read == 15) | (select_ln84_read == 14) | (select_ln84_read == 13)> <Delay = 2.32> <CoreInst = "RAM">   --->   Core 81 'RAM' <Latency = 1> <II = 1> <Delay = 2.32> <Storage> <Opcode : 'load' 'store'> <Ports = 2> <Width = 1> <Depth = 640> <RAM>
ST_6 : Operation 123 [1/1] (0.00ns)   --->   "%br_ln129 = br void %arrayidx121518.exit" [kern.cpp:129]   --->   Operation 123 'br' 'br_ln129' <Predicate = (select_ln84_read == 15) | (select_ln84_read == 14) | (select_ln84_read == 13)> <Delay = 0.00>


============================================================
+ Verbose Summary: Timing violations
============================================================
Target clock period: 10.000ns, clock uncertainty: 2.700ns.

 <State 1>: 5.046ns
The critical path consists of the following:
	'store' operation ('store_ln0') of constant 0 7 bit on local variable 'indvar_flatten6' [27]  (1.588 ns)
	'load' operation 7 bit ('indvar_flatten6_load', kern.cpp:119) on local variable 'indvar_flatten6' [32]  (0.000 ns)
	'add' operation 7 bit ('add_ln119_1', kern.cpp:119) [34]  (1.870 ns)
	'store' operation ('store_ln119', kern.cpp:119) of variable 'add_ln119_1', kern.cpp:119 7 bit on local variable 'indvar_flatten6' [144]  (1.588 ns)

 <State 2>: 6.082ns
The critical path consists of the following:
	'load' operation 4 bit ('ow_load', kern.cpp:120) on local variable 'ow', kern.cpp:120 [37]  (0.000 ns)
	'icmp' operation 1 bit ('icmp_ln120', kern.cpp:120) [42]  (1.735 ns)
	'select' operation 4 bit ('select_ln119', kern.cpp:119) [43]  (1.024 ns)
	'add' operation 4 bit ('add_ln120', kern.cpp:120) [143]  (1.735 ns)
	'store' operation ('store_ln120', kern.cpp:120) of variable 'add_ln120', kern.cpp:120 4 bit on local variable 'ow', kern.cpp:120 [146]  (1.588 ns)

 <State 3>: 6.504ns
The critical path consists of the following:
	'load' operation 32 bit ('a00', kern.cpp:123) on array 'buffer_0' [77]  (3.254 ns)
	'icmp' operation 1 bit ('icmp_ln127', kern.cpp:127) [86]  (2.552 ns)
	'select' operation 32 bit ('select_ln127', kern.cpp:127) [87]  (0.698 ns)

 <State 4>: 6.504ns
The critical path consists of the following:
	'load' operation 32 bit ('a10', kern.cpp:125) on array 'buffer_0' [83]  (3.254 ns)
	'icmp' operation 1 bit ('icmp_ln127_1', kern.cpp:127) [88]  (2.552 ns)
	'select' operation 32 bit ('select_ln127_1', kern.cpp:127) [89]  (0.698 ns)

 <State 5>: 5.598ns
The critical path consists of the following:
	'add' operation 8 bit ('add_ln129', kern.cpp:129) [50]  (1.870 ns)
	'add' operation 10 bit ('add_ln129_2', kern.cpp:129) [55]  (0.000 ns)
	'add' operation 10 bit ('add_ln129_1', kern.cpp:129) [56]  (3.728 ns)

 <State 6>: 3.300ns
The critical path consists of the following:
	'xor' operation 1 bit ('xor_ln25', kern.cpp:25->kern.cpp:129) [94]  (0.978 ns)
	'store' operation ('store_ln129', kern.cpp:129) of variable 'xor_ln25', kern.cpp:25->kern.cpp:129 1 bit on array 'output_12' [97]  (2.322 ns)


============================================================
+ Verbose Summary: Binding
============================================================
N/A
* FSMD analyzer results:
  - Output states:
 - Input state : 
  - Chain level:
	State 1
	State 2
	State 3
	State 4
	State 5
	State 6


============================================================
+ Verbose Summary: Datapath Resource usage 
============================================================
N/A
