

================================================================
== Vitis HLS Report for 'conv2d_l1_Pipeline_INIT_KH_INIT_KW'
================================================================
* Date:           Fri May  1 17:43:48 2026

* Version:        2025.2 (Build 6295257 on Nov 14 2025)
* Project:        hls_component
* Solution:       hls (Vivado IP Flow Target)
* Product family: zynq
* Target device:  xc7z020-clg400-1


================================================================
== Performance Estimates
================================================================
+ Timing: 
    * Summary: 
    +--------+----------+----------+------------+
    |  Clock |  Target  | Estimated| Uncertainty|
    +--------+----------+----------+------------+
    |ap_clk  |  13.00 ns|  9.338 ns|     3.51 ns|
    +--------+----------+----------+------------+

+ Latency: 
    * Summary: 
    +---------+---------+----------+----------+-----+-----+-------------------+
    |  Latency (cycles) |  Latency (absolute) |  Interval |      Pipeline     |
    |   min   |   max   |    min   |    max   | min | max |        Type       |
    +---------+---------+----------+----------+-----+-----+-------------------+
    |       80|       80|  1.040 us|  1.040 us|    0|    0|  loop pipeline stp|
    +---------+---------+----------+----------+-----+-----+-------------------+

    + Detail: 
        * Instance: 
        N/A

        * Loop: 
        +-------------------+---------+---------+----------+-----------+-----------+------+----------+
        |                   |  Latency (cycles) | Iteration|  Initiation Interval  | Trip |          |
        |     Loop Name     |   min   |   max   |  Latency |  achieved |   target  | Count| Pipelined|
        +-------------------+---------+---------+----------+-----------+-----------+------+----------+
        |- INIT_KH_INIT_KW  |       78|       78|        71|          1|          1|     9|       yes|
        +-------------------+---------+---------+----------+-----------+-----------+------+----------+

============================================================
+ Verbose Summary: Synthesis Manager
============================================================
InlineROM: 1
ExposeGlobal: 0
============================================================
+ Verbose Summary: CDFG Model
============================================================
IsTopModel: 0
ResetActiveHigh: 1
IsCombinational: 0
IsDatapathOnly: 0
HasWiredReturn: 1
HasMFsm: 2
HasVarLatency: 1
IsPipeline: 0
IsRtlPipelined: 0
IsInstanceOverlapped: 0
IsDontTouch: 0
HasImplIP: 0
IsGatedGlobalClock: 0

+ Individual pipeline summary: 
  * Pipeline-0: initiation interval (II) = 1, depth = 71


============================================================
+ Verbose Summary: Schedule
============================================================
* Number of FSM states : 71
* Pipeline : 1
  Pipeline-0 : II = 1, D = 71, States = { 1 2 3 4 5 6 7 8 9 10 11 12 13 14 15 16 17 18 19 20 21 22 23 24 25 26 27 28 29 30 31 32 33 34 35 36 37 38 39 40 41 42 43 44 45 46 47 48 49 50 51 52 53 54 55 56 57 58 59 60 61 62 63 64 65 66 67 68 69 70 71 }
* Dataflow Pipeline: 0

* FSM state transitions: 
1 --> 2 
2 --> 3 
3 --> 4 
4 --> 5 
5 --> 6 
6 --> 7 
7 --> 8 
8 --> 9 
9 --> 10 
10 --> 11 
11 --> 12 
12 --> 13 
13 --> 14 
14 --> 15 
15 --> 16 
16 --> 17 
17 --> 18 
18 --> 19 
19 --> 20 
20 --> 21 
21 --> 22 
22 --> 23 
23 --> 24 
24 --> 25 
25 --> 26 
26 --> 27 
27 --> 28 
28 --> 29 
29 --> 30 
30 --> 31 
31 --> 32 
32 --> 33 
33 --> 34 
34 --> 35 
35 --> 36 
36 --> 37 
37 --> 38 
38 --> 39 
39 --> 40 
40 --> 41 
41 --> 42 
42 --> 43 
43 --> 44 
44 --> 45 
45 --> 46 
46 --> 47 
47 --> 48 
48 --> 49 
49 --> 50 
50 --> 51 
51 --> 52 
52 --> 53 
53 --> 54 
54 --> 55 
55 --> 56 
56 --> 57 
57 --> 58 
58 --> 59 
59 --> 60 
60 --> 61 
61 --> 62 
62 --> 63 
63 --> 64 
64 --> 65 
65 --> 66 
66 --> 67 
67 --> 68 
68 --> 69 
69 --> 70 
70 --> 71 
71 --> 

* FSM state operations: 

State 1 <SV = 0> <Delay = 4.91>
ST_1 : Operation 74 [1/1] (0.00ns)   --->   "%loc = alloca i32 1" [kern.cpp:95]   --->   Operation 74 'alloca' 'loc' <Predicate = true> <Delay = 0.00>
ST_1 : Operation 75 [1/1] (0.00ns)   --->   "%kw = alloca i32 1" [kern.cpp:99]   --->   Operation 75 'alloca' 'kw' <Predicate = true> <Delay = 0.00>
ST_1 : Operation 76 [1/1] (0.00ns)   --->   "%kh = alloca i32 1" [kern.cpp:98]   --->   Operation 76 'alloca' 'kh' <Predicate = true> <Delay = 0.00>
ST_1 : Operation 77 [1/1] (0.00ns)   --->   "%indvar_flatten = alloca i32 1"   --->   Operation 77 'alloca' 'indvar_flatten' <Predicate = true> <Delay = 0.00>
ST_1 : Operation 78 [1/1] (0.00ns)   --->   "%k_read = read i2 @_ssdm_op_Read.ap_auto.i2, i2 %k"   --->   Operation 78 'read' 'k_read' <Predicate = true> <Delay = 0.00>
ST_1 : Operation 79 [1/1] (0.00ns)   --->   "%kern_2_8_val_read = read i1 @_ssdm_op_Read.ap_auto.i1, i1 %kern_2_8_val"   --->   Operation 79 'read' 'kern_2_8_val_read' <Predicate = true> <Delay = 0.00>
ST_1 : Operation 80 [1/1] (0.00ns)   --->   "%kern_2_7_val_read = read i1 @_ssdm_op_Read.ap_auto.i1, i1 %kern_2_7_val"   --->   Operation 80 'read' 'kern_2_7_val_read' <Predicate = true> <Delay = 0.00>
ST_1 : Operation 81 [1/1] (0.00ns)   --->   "%kern_2_6_val_read = read i1 @_ssdm_op_Read.ap_auto.i1, i1 %kern_2_6_val"   --->   Operation 81 'read' 'kern_2_6_val_read' <Predicate = true> <Delay = 0.00>
ST_1 : Operation 82 [1/1] (0.00ns)   --->   "%kern_2_5_val_read = read i1 @_ssdm_op_Read.ap_auto.i1, i1 %kern_2_5_val"   --->   Operation 82 'read' 'kern_2_5_val_read' <Predicate = true> <Delay = 0.00>
ST_1 : Operation 83 [1/1] (0.00ns)   --->   "%kern_2_4_val_read = read i1 @_ssdm_op_Read.ap_auto.i1, i1 %kern_2_4_val"   --->   Operation 83 'read' 'kern_2_4_val_read' <Predicate = true> <Delay = 0.00>
ST_1 : Operation 84 [1/1] (0.00ns)   --->   "%kern_2_3_val_read = read i1 @_ssdm_op_Read.ap_auto.i1, i1 %kern_2_3_val"   --->   Operation 84 'read' 'kern_2_3_val_read' <Predicate = true> <Delay = 0.00>
ST_1 : Operation 85 [1/1] (0.00ns)   --->   "%kern_2_2_val_read = read i1 @_ssdm_op_Read.ap_auto.i1, i1 %kern_2_2_val"   --->   Operation 85 'read' 'kern_2_2_val_read' <Predicate = true> <Delay = 0.00>
ST_1 : Operation 86 [1/1] (0.00ns)   --->   "%kern_2_1_val_read = read i1 @_ssdm_op_Read.ap_auto.i1, i1 %kern_2_1_val"   --->   Operation 86 'read' 'kern_2_1_val_read' <Predicate = true> <Delay = 0.00>
ST_1 : Operation 87 [1/1] (0.00ns)   --->   "%kern_2_0_val_read = read i1 @_ssdm_op_Read.ap_auto.i1, i1 %kern_2_0_val"   --->   Operation 87 'read' 'kern_2_0_val_read' <Predicate = true> <Delay = 0.00>
ST_1 : Operation 88 [1/1] (0.00ns)   --->   "%kern_1_8_val_read = read i1 @_ssdm_op_Read.ap_auto.i1, i1 %kern_1_8_val"   --->   Operation 88 'read' 'kern_1_8_val_read' <Predicate = true> <Delay = 0.00>
ST_1 : Operation 89 [1/1] (0.00ns)   --->   "%kern_1_7_val_read = read i1 @_ssdm_op_Read.ap_auto.i1, i1 %kern_1_7_val"   --->   Operation 89 'read' 'kern_1_7_val_read' <Predicate = true> <Delay = 0.00>
ST_1 : Operation 90 [1/1] (0.00ns)   --->   "%kern_1_6_val_read = read i1 @_ssdm_op_Read.ap_auto.i1, i1 %kern_1_6_val"   --->   Operation 90 'read' 'kern_1_6_val_read' <Predicate = true> <Delay = 0.00>
ST_1 : Operation 91 [1/1] (0.00ns)   --->   "%kern_1_5_val_read = read i1 @_ssdm_op_Read.ap_auto.i1, i1 %kern_1_5_val"   --->   Operation 91 'read' 'kern_1_5_val_read' <Predicate = true> <Delay = 0.00>
ST_1 : Operation 92 [1/1] (0.00ns)   --->   "%kern_1_4_val_read = read i1 @_ssdm_op_Read.ap_auto.i1, i1 %kern_1_4_val"   --->   Operation 92 'read' 'kern_1_4_val_read' <Predicate = true> <Delay = 0.00>
ST_1 : Operation 93 [1/1] (0.00ns)   --->   "%kern_1_3_val_read = read i1 @_ssdm_op_Read.ap_auto.i1, i1 %kern_1_3_val"   --->   Operation 93 'read' 'kern_1_3_val_read' <Predicate = true> <Delay = 0.00>
ST_1 : Operation 94 [1/1] (0.00ns)   --->   "%kern_1_2_val_read = read i1 @_ssdm_op_Read.ap_auto.i1, i1 %kern_1_2_val"   --->   Operation 94 'read' 'kern_1_2_val_read' <Predicate = true> <Delay = 0.00>
ST_1 : Operation 95 [1/1] (0.00ns)   --->   "%kern_1_1_val_read = read i1 @_ssdm_op_Read.ap_auto.i1, i1 %kern_1_1_val"   --->   Operation 95 'read' 'kern_1_1_val_read' <Predicate = true> <Delay = 0.00>
ST_1 : Operation 96 [1/1] (0.00ns)   --->   "%kern_1_0_val_read = read i1 @_ssdm_op_Read.ap_auto.i1, i1 %kern_1_0_val"   --->   Operation 96 'read' 'kern_1_0_val_read' <Predicate = true> <Delay = 0.00>
ST_1 : Operation 97 [1/1] (0.00ns)   --->   "%kern_0_8_val_read = read i1 @_ssdm_op_Read.ap_auto.i1, i1 %kern_0_8_val"   --->   Operation 97 'read' 'kern_0_8_val_read' <Predicate = true> <Delay = 0.00>
ST_1 : Operation 98 [1/1] (0.00ns)   --->   "%kern_0_7_val_read = read i1 @_ssdm_op_Read.ap_auto.i1, i1 %kern_0_7_val"   --->   Operation 98 'read' 'kern_0_7_val_read' <Predicate = true> <Delay = 0.00>
ST_1 : Operation 99 [1/1] (0.00ns)   --->   "%kern_0_6_val_read = read i1 @_ssdm_op_Read.ap_auto.i1, i1 %kern_0_6_val"   --->   Operation 99 'read' 'kern_0_6_val_read' <Predicate = true> <Delay = 0.00>
ST_1 : Operation 100 [1/1] (0.00ns)   --->   "%kern_0_5_val_read = read i1 @_ssdm_op_Read.ap_auto.i1, i1 %kern_0_5_val"   --->   Operation 100 'read' 'kern_0_5_val_read' <Predicate = true> <Delay = 0.00>
ST_1 : Operation 101 [1/1] (0.00ns)   --->   "%kern_0_4_val_read = read i1 @_ssdm_op_Read.ap_auto.i1, i1 %kern_0_4_val"   --->   Operation 101 'read' 'kern_0_4_val_read' <Predicate = true> <Delay = 0.00>
ST_1 : Operation 102 [1/1] (0.00ns)   --->   "%kern_0_3_val_read = read i1 @_ssdm_op_Read.ap_auto.i1, i1 %kern_0_3_val"   --->   Operation 102 'read' 'kern_0_3_val_read' <Predicate = true> <Delay = 0.00>
ST_1 : Operation 103 [1/1] (0.00ns)   --->   "%kern_0_2_val_read = read i1 @_ssdm_op_Read.ap_auto.i1, i1 %kern_0_2_val"   --->   Operation 103 'read' 'kern_0_2_val_read' <Predicate = true> <Delay = 0.00>
ST_1 : Operation 104 [1/1] (0.00ns)   --->   "%kern_0_1_val_read = read i1 @_ssdm_op_Read.ap_auto.i1, i1 %kern_0_1_val"   --->   Operation 104 'read' 'kern_0_1_val_read' <Predicate = true> <Delay = 0.00>
ST_1 : Operation 105 [1/1] (0.00ns)   --->   "%kern_0_0_val_read = read i1 @_ssdm_op_Read.ap_auto.i1, i1 %kern_0_0_val"   --->   Operation 105 'read' 'kern_0_0_val_read' <Predicate = true> <Delay = 0.00>
ST_1 : Operation 106 [1/1] (0.00ns)   --->   "%add_ln103_read = read i33 @_ssdm_op_Read.ap_auto.i33, i33 %add_ln103"   --->   Operation 106 'read' 'add_ln103_read' <Predicate = true> <Delay = 0.00>
ST_1 : Operation 107 [1/1] (0.00ns)   --->   "%ow_4_read = read i5 @_ssdm_op_Read.ap_auto.i5, i5 %ow_4"   --->   Operation 107 'read' 'ow_4_read' <Predicate = true> <Delay = 0.00>
ST_1 : Operation 108 [1/1] (0.00ns)   --->   "%oh_4_read = read i5 @_ssdm_op_Read.ap_auto.i5, i5 %oh_4"   --->   Operation 108 'read' 'oh_4_read' <Predicate = true> <Delay = 0.00>
ST_1 : Operation 109 [1/1] (0.00ns)   --->   "%loc_08_read = read i32 @_ssdm_op_Read.ap_auto.i32, i32 %loc_08"   --->   Operation 109 'read' 'loc_08_read' <Predicate = true> <Delay = 0.00>
ST_1 : Operation 110 [1/1] (0.00ns)   --->   "%ow_4_cast = zext i5 %ow_4_read"   --->   Operation 110 'zext' 'ow_4_cast' <Predicate = true> <Delay = 0.00>
ST_1 : Operation 111 [1/1] (0.00ns)   --->   "%oh_4_cast = zext i5 %oh_4_read"   --->   Operation 111 'zext' 'oh_4_cast' <Predicate = true> <Delay = 0.00>
ST_1 : Operation 112 [1/1] (1.58ns)   --->   "%store_ln0 = store i4 0, i4 %indvar_flatten"   --->   Operation 112 'store' 'store_ln0' <Predicate = true> <Delay = 1.58>
ST_1 : Operation 113 [1/1] (1.58ns)   --->   "%store_ln98 = store i2 0, i2 %kh" [kern.cpp:98]   --->   Operation 113 'store' 'store_ln98' <Predicate = true> <Delay = 1.58>
ST_1 : Operation 114 [1/1] (1.58ns)   --->   "%store_ln99 = store i2 0, i2 %kw" [kern.cpp:99]   --->   Operation 114 'store' 'store_ln99' <Predicate = true> <Delay = 1.58>
ST_1 : Operation 115 [1/1] (1.58ns)   --->   "%store_ln95 = store i32 %loc_08_read, i32 %loc" [kern.cpp:95]   --->   Operation 115 'store' 'store_ln95' <Predicate = true> <Delay = 1.58>
ST_1 : Operation 116 [1/1] (0.00ns)   --->   "%br_ln0 = br void %for.body18"   --->   Operation 116 'br' 'br_ln0' <Predicate = true> <Delay = 0.00>
ST_1 : Operation 117 [1/1] (0.00ns)   --->   "%indvar_flatten_load = load i4 %indvar_flatten" [kern.cpp:98]   --->   Operation 117 'load' 'indvar_flatten_load' <Predicate = true> <Delay = 0.00>
ST_1 : Operation 118 [1/1] (1.73ns)   --->   "%icmp_ln98 = icmp_eq  i4 %indvar_flatten_load, i4 9" [kern.cpp:98]   --->   Operation 118 'icmp' 'icmp_ln98' <Predicate = true> <Delay = 1.73> <CoreInst = "Cmp">   --->   Core 9 'Cmp' <Latency = 0> <II = 1> <Delay = 1.73> <FuncUnit> <Opcode : 'seteq' 'setne' 'setle' 'setge' 'setlt' 'setgt'> <InPorts = 2> <OutPorts = 1>
ST_1 : Operation 119 [1/1] (1.73ns)   --->   "%add_ln98_1 = add i4 %indvar_flatten_load, i4 1" [kern.cpp:98]   --->   Operation 119 'add' 'add_ln98_1' <Predicate = true> <Delay = 1.73> <CoreInst = "Adder">   --->   Core 1 'Adder' <Latency = 0> <II = 1> <Delay = 1.73> <FuncUnit> <Opcode : 'add' 'sub'> <InPorts = 2> <OutPorts = 1>
ST_1 : Operation 120 [1/1] (0.00ns)   --->   "%br_ln98 = br i1 %icmp_ln98, void %for.inc47, void %for.inc51.loopexit.exitStub" [kern.cpp:98]   --->   Operation 120 'br' 'br_ln98' <Predicate = true> <Delay = 0.00>
ST_1 : Operation 121 [1/1] (1.58ns)   --->   "%store_ln98 = store i4 %add_ln98_1, i4 %indvar_flatten" [kern.cpp:98]   --->   Operation 121 'store' 'store_ln98' <Predicate = (!icmp_ln98)> <Delay = 1.58>

State 2 <SV = 1> <Delay = 8.29>
ST_2 : Operation 122 [1/1] (0.00ns)   --->   "%kw_load = load i2 %kw" [kern.cpp:99]   --->   Operation 122 'load' 'kw_load' <Predicate = true> <Delay = 0.00>
ST_2 : Operation 123 [1/1] (0.00ns)   --->   "%kh_load = load i2 %kh" [kern.cpp:98]   --->   Operation 123 'load' 'kh_load' <Predicate = true> <Delay = 0.00>
ST_2 : Operation 124 [1/1] (1.56ns)   --->   "%add_ln98 = add i2 %kh_load, i2 1" [kern.cpp:98]   --->   Operation 124 'add' 'add_ln98' <Predicate = true> <Delay = 1.56> <CoreInst = "Adder">   --->   Core 1 'Adder' <Latency = 0> <II = 1> <Delay = 1.56> <FuncUnit> <Opcode : 'add' 'sub'> <InPorts = 2> <OutPorts = 1>
ST_2 : Operation 125 [1/1] (1.56ns)   --->   "%icmp_ln99 = icmp_eq  i2 %kw_load, i2 3" [kern.cpp:99]   --->   Operation 125 'icmp' 'icmp_ln99' <Predicate = true> <Delay = 1.56> <CoreInst = "Cmp">   --->   Core 9 'Cmp' <Latency = 0> <II = 1> <Delay = 1.56> <FuncUnit> <Opcode : 'seteq' 'setne' 'setle' 'setge' 'setlt' 'setgt'> <InPorts = 2> <OutPorts = 1>
ST_2 : Operation 126 [1/1] (0.99ns)   --->   "%select_ln95 = select i1 %icmp_ln99, i2 0, i2 %kw_load" [kern.cpp:95]   --->   Operation 126 'select' 'select_ln95' <Predicate = true> <Delay = 0.99> <CoreInst = "Sel">   --->   Core 73 'Sel' <Latency = 0> <II = 1> <Delay = 0.99> <FuncUnit> <Opcode : 'select'> <InPorts = 3> <OutPorts = 1>
ST_2 : Operation 127 [1/1] (0.99ns)   --->   "%select_ln98 = select i1 %icmp_ln99, i2 %add_ln98, i2 %kh_load" [kern.cpp:98]   --->   Operation 127 'select' 'select_ln98' <Predicate = true> <Delay = 0.99> <CoreInst = "Sel">   --->   Core 73 'Sel' <Latency = 0> <II = 1> <Delay = 0.99> <FuncUnit> <Opcode : 'select'> <InPorts = 3> <OutPorts = 1>
ST_2 : Operation 128 [1/1] (0.00ns)   --->   "%zext_ln98 = zext i2 %select_ln98" [kern.cpp:98]   --->   Operation 128 'zext' 'zext_ln98' <Predicate = true> <Delay = 0.00>
ST_2 : Operation 129 [1/1] (0.00ns)   --->   "%zext_ln98_1 = zext i2 %select_ln98" [kern.cpp:98]   --->   Operation 129 'zext' 'zext_ln98_1' <Predicate = true> <Delay = 0.00>
ST_2 : Operation 130 [1/1] (1.78ns)   --->   "%add_ln101 = add i6 %zext_ln98_1, i6 %oh_4_cast" [kern.cpp:101]   --->   Operation 130 'add' 'add_ln101' <Predicate = true> <Delay = 1.78> <CoreInst = "Adder">   --->   Core 1 'Adder' <Latency = 0> <II = 1> <Delay = 1.78> <FuncUnit> <Opcode : 'add' 'sub'> <InPorts = 2> <OutPorts = 1>
ST_2 : Operation 131 [1/1] (0.00ns)   --->   "%shl_ln = bitconcatenate i8 @_ssdm_op_BitConcatenate.i8.i6.i2, i6 %add_ln101, i2 0" [kern.cpp:103]   --->   Operation 131 'bitconcatenate' 'shl_ln' <Predicate = true> <Delay = 0.00>
ST_2 : Operation 132 [1/1] (0.00ns)   --->   "%p_shl1 = bitconcatenate i4 @_ssdm_op_BitConcatenate.i4.i2.i2, i2 %select_ln98, i2 0" [kern.cpp:104]   --->   Operation 132 'bitconcatenate' 'p_shl1' <Predicate = true> <Delay = 0.00>
ST_2 : Operation 133 [1/1] (0.00ns) (grouped into TernaryAdder)   --->   "%sub_ln104 = sub i4 %p_shl1, i4 %zext_ln98" [kern.cpp:104]   --->   Operation 133 'sub' 'sub_ln104' <Predicate = true> <Delay = 0.00> <CoreInst = "TAddSub">   --->   Core 10 'TAddSub' <Latency = 0> <II = 1> <Delay = 1.65> <IPBlock> <Opcode : 'add' 'sub'> <InPorts = 3> <OutPorts = 1> <Sync> <CReg>
ST_2 : Operation 134 [1/1] (0.00ns)   --->   "%zext_ln99 = zext i2 %select_ln95" [kern.cpp:99]   --->   Operation 134 'zext' 'zext_ln99' <Predicate = true> <Delay = 0.00>
ST_2 : Operation 135 [1/1] (0.00ns)   --->   "%zext_ln99_1 = zext i2 %select_ln95" [kern.cpp:99]   --->   Operation 135 'zext' 'zext_ln99_1' <Predicate = true> <Delay = 0.00>
ST_2 : Operation 136 [1/1] (1.78ns)   --->   "%add_ln101_2 = add i6 %zext_ln99_1, i6 %ow_4_cast" [kern.cpp:101]   --->   Operation 136 'add' 'add_ln101_2' <Predicate = true> <Delay = 1.78> <CoreInst = "Adder">   --->   Core 1 'Adder' <Latency = 0> <II = 1> <Delay = 1.78> <FuncUnit> <Opcode : 'add' 'sub'> <InPorts = 2> <OutPorts = 1>
ST_2 : Operation 137 [1/1] (0.00ns)   --->   "%zext_ln101_1 = zext i6 %add_ln101_2" [kern.cpp:101]   --->   Operation 137 'zext' 'zext_ln101_1' <Predicate = true> <Delay = 0.00>
ST_2 : Operation 138 [1/1] (1.91ns)   --->   "%add_ln103_1 = add i8 %zext_ln101_1, i8 %shl_ln" [kern.cpp:103]   --->   Operation 138 'add' 'add_ln103_1' <Predicate = true> <Delay = 1.91> <CoreInst = "Adder">   --->   Core 1 'Adder' <Latency = 0> <II = 1> <Delay = 1.91> <FuncUnit> <Opcode : 'add' 'sub'> <InPorts = 2> <OutPorts = 1>
ST_2 : Operation 139 [1/1] (0.00ns)   --->   "%zext_ln103 = zext i8 %add_ln103_1" [kern.cpp:103]   --->   Operation 139 'zext' 'zext_ln103' <Predicate = true> <Delay = 0.00>
ST_2 : Operation 140 [1/1] (0.00ns)   --->   "%p_shl2 = bitconcatenate i10 @_ssdm_op_BitConcatenate.i10.i8.i2, i8 %add_ln103_1, i2 0" [kern.cpp:103]   --->   Operation 140 'bitconcatenate' 'p_shl2' <Predicate = true> <Delay = 0.00>
ST_2 : Operation 141 [1/1] (1.73ns)   --->   "%sub_ln103_1 = sub i10 %p_shl2, i10 %zext_ln103" [kern.cpp:103]   --->   Operation 141 'sub' 'sub_ln103_1' <Predicate = true> <Delay = 1.73> <CoreInst = "Adder">   --->   Core 1 'Adder' <Latency = 0> <II = 1> <Delay = 1.73> <FuncUnit> <Opcode : 'add' 'sub'> <InPorts = 2> <OutPorts = 1>
ST_2 : Operation 142 [1/1] (3.31ns) (root node of TernaryAdder)   --->   "%add_ln104 = add i4 %zext_ln99, i4 %sub_ln104" [kern.cpp:104]   --->   Operation 142 'add' 'add_ln104' <Predicate = true> <Delay = 3.31> <CoreInst = "TAddSub">   --->   Core 10 'TAddSub' <Latency = 0> <II = 1> <Delay = 1.65> <IPBlock> <Opcode : 'add' 'sub'> <InPorts = 3> <OutPorts = 1> <Sync> <CReg>
ST_2 : Operation 143 [1/1] (2.42ns)   --->   "%tmp = sparsemux i1 @_ssdm_op_SparseMux.ap_auto.9i1.i1.i4, i4 0, i1 %kern_0_0_val_read, i4 1, i1 %kern_0_1_val_read, i4 2, i1 %kern_0_2_val_read, i4 3, i1 %kern_0_3_val_read, i4 4, i1 %kern_0_4_val_read, i4 5, i1 %kern_0_5_val_read, i4 6, i1 %kern_0_6_val_read, i4 7, i1 %kern_0_7_val_read, i4 8, i1 %kern_0_8_val_read, i1 0, i4 %add_ln104" [kern.cpp:104]   --->   Operation 143 'sparsemux' 'tmp' <Predicate = (k_read == 0)> <Delay = 2.42> <CoreInst = "BinarySparseMux_DontCare">   --->   Core 137 'BinarySparseMux_DontCare' <Latency = 0> <II = 1> <Delay = 2.42> <FuncUnit> <Opcode : 'sparsemux'> <InPorts = 2> <OutPorts = 1>
ST_2 : Operation 144 [1/1] (2.42ns)   --->   "%tmp_s = sparsemux i1 @_ssdm_op_SparseMux.ap_auto.9i1.i1.i4, i4 0, i1 %kern_1_0_val_read, i4 1, i1 %kern_1_1_val_read, i4 2, i1 %kern_1_2_val_read, i4 3, i1 %kern_1_3_val_read, i4 4, i1 %kern_1_4_val_read, i4 5, i1 %kern_1_5_val_read, i4 6, i1 %kern_1_6_val_read, i4 7, i1 %kern_1_7_val_read, i4 8, i1 %kern_1_8_val_read, i1 0, i4 %add_ln104" [kern.cpp:104]   --->   Operation 144 'sparsemux' 'tmp_s' <Predicate = (k_read == 1)> <Delay = 2.42> <CoreInst = "BinarySparseMux_DontCare">   --->   Core 137 'BinarySparseMux_DontCare' <Latency = 0> <II = 1> <Delay = 2.42> <FuncUnit> <Opcode : 'sparsemux'> <InPorts = 2> <OutPorts = 1>
ST_2 : Operation 145 [1/1] (2.42ns)   --->   "%tmp_7 = sparsemux i1 @_ssdm_op_SparseMux.ap_auto.9i1.i1.i4, i4 0, i1 %kern_2_0_val_read, i4 1, i1 %kern_2_1_val_read, i4 2, i1 %kern_2_2_val_read, i4 3, i1 %kern_2_3_val_read, i4 4, i1 %kern_2_4_val_read, i4 5, i1 %kern_2_5_val_read, i4 6, i1 %kern_2_6_val_read, i4 7, i1 %kern_2_7_val_read, i4 8, i1 %kern_2_8_val_read, i1 0, i4 %add_ln104" [kern.cpp:104]   --->   Operation 145 'sparsemux' 'tmp_7' <Predicate = (k_read == 2)> <Delay = 2.42> <CoreInst = "BinarySparseMux_DontCare">   --->   Core 137 'BinarySparseMux_DontCare' <Latency = 0> <II = 1> <Delay = 2.42> <FuncUnit> <Opcode : 'sparsemux'> <InPorts = 2> <OutPorts = 1>
ST_2 : Operation 146 [1/1] (1.56ns)   --->   "%add_ln99 = add i2 %select_ln95, i2 1" [kern.cpp:99]   --->   Operation 146 'add' 'add_ln99' <Predicate = true> <Delay = 1.56> <CoreInst = "Adder">   --->   Core 1 'Adder' <Latency = 0> <II = 1> <Delay = 1.56> <FuncUnit> <Opcode : 'add' 'sub'> <InPorts = 2> <OutPorts = 1>
ST_2 : Operation 147 [1/1] (1.58ns)   --->   "%store_ln98 = store i2 %select_ln98, i2 %kh" [kern.cpp:98]   --->   Operation 147 'store' 'store_ln98' <Predicate = true> <Delay = 1.58>
ST_2 : Operation 148 [1/1] (1.58ns)   --->   "%store_ln99 = store i2 %add_ln99, i2 %kw" [kern.cpp:99]   --->   Operation 148 'store' 'store_ln99' <Predicate = true> <Delay = 1.58>

State 3 <SV = 2> <Delay = 8.85>
ST_3 : Operation 149 [1/1] (0.00ns)   --->   "%zext_ln103_1 = zext i10 %sub_ln103_1" [kern.cpp:103]   --->   Operation 149 'zext' 'zext_ln103_1' <Predicate = true> <Delay = 0.00>
ST_3 : Operation 150 [1/1] (2.59ns)   --->   "%add_ln103_2 = add i33 %zext_ln103_1, i33 %add_ln103_read" [kern.cpp:103]   --->   Operation 150 'add' 'add_ln103_2' <Predicate = true> <Delay = 2.59> <CoreInst = "Adder">   --->   Core 1 'Adder' <Latency = 0> <II = 1> <Delay = 2.59> <FuncUnit> <Opcode : 'add' 'sub'> <InPorts = 2> <OutPorts = 1>
ST_3 : Operation 151 [1/1] (0.00ns)   --->   "%tmp_142 = bitselect i1 @_ssdm_op_BitSelect.i1.i33.i32, i33 %add_ln103_2, i32 32" [kern.cpp:103]   --->   Operation 151 'bitselect' 'tmp_142' <Predicate = true> <Delay = 0.00>
ST_3 : Operation 152 [1/1] (0.00ns) (grouped into LUT with out node xor_ln103)   --->   "%select_ln103_1 = select i1 %tmp_142, i33 8589934591, i33 0" [kern.cpp:103]   --->   Operation 152 'select' 'select_ln103_1' <Predicate = true> <Delay = 0.00> <CoreInst = "Sel">   --->   Core 73 'Sel' <Latency = 0> <II = 1> <Delay = 0.99> <FuncUnit> <Opcode : 'select'> <InPorts = 3> <OutPorts = 1>
ST_3 : Operation 153 [1/1] (0.99ns) (out node of the LUT)   --->   "%xor_ln103 = xor i33 %add_ln103_2, i33 %select_ln103_1" [kern.cpp:103]   --->   Operation 153 'xor' 'xor_ln103' <Predicate = true> <Delay = 0.99> <CoreInst = "LogicGate">   --->   Core 74 'LogicGate' <Latency = 0> <II = 1> <Delay = 0.99> <FuncUnit> <Opcode : 'and' 'or' 'xor'> <InPorts = 2> <OutPorts = 1>
ST_3 : Operation 154 [1/1] (0.00ns)   --->   "%sext_ln103_4 = sext i33 %xor_ln103" [kern.cpp:103]   --->   Operation 154 'sext' 'sext_ln103_4' <Predicate = true> <Delay = 0.00>
ST_3 : Operation 155 [68/68] (5.27ns)   --->   "%urem_ln103 = urem i64 %sext_ln103_4, i64 14" [kern.cpp:103]   --->   Operation 155 'urem' 'urem_ln103' <Predicate = true> <Delay = 5.27> <CoreInst = "Divider">   --->   Core 6 'Divider' <Latency = 67> <II = 1> <Delay = 5.27> <FuncUnit> <Opcode : 'udiv' 'sdiv' 'urem' 'srem'> <InPorts = 2> <OutPorts = 1>
ST_3 : Operation 156 [1/1] (1.58ns)   --->   "%w = sparsemux i1 @_ssdm_op_SparseMux.ap_auto.3i1.i1.i2, i2 0, i1 %tmp, i2 1, i1 %tmp_s, i2 2, i1 %tmp_7, i1 0, i2 %k_read" [kern.cpp:104]   --->   Operation 156 'sparsemux' 'w' <Predicate = true> <Delay = 1.58> <CoreInst = "OneHotSparseMux_HasDef">   --->   Core 140 'OneHotSparseMux_HasDef' <Latency = 0> <II = 1> <Delay = 1.58> <FuncUnit> <Opcode : 'sparsemux'> <InPorts = 2> <OutPorts = 1>

State 4 <SV = 3> <Delay = 5.27>
ST_4 : Operation 157 [67/68] (5.27ns)   --->   "%urem_ln103 = urem i64 %sext_ln103_4, i64 14" [kern.cpp:103]   --->   Operation 157 'urem' 'urem_ln103' <Predicate = true> <Delay = 5.27> <CoreInst = "Divider">   --->   Core 6 'Divider' <Latency = 67> <II = 1> <Delay = 5.27> <FuncUnit> <Opcode : 'udiv' 'sdiv' 'urem' 'srem'> <InPorts = 2> <OutPorts = 1>

State 5 <SV = 4> <Delay = 5.27>
ST_5 : Operation 158 [66/68] (5.27ns)   --->   "%urem_ln103 = urem i64 %sext_ln103_4, i64 14" [kern.cpp:103]   --->   Operation 158 'urem' 'urem_ln103' <Predicate = true> <Delay = 5.27> <CoreInst = "Divider">   --->   Core 6 'Divider' <Latency = 67> <II = 1> <Delay = 5.27> <FuncUnit> <Opcode : 'udiv' 'sdiv' 'urem' 'srem'> <InPorts = 2> <OutPorts = 1>

State 6 <SV = 5> <Delay = 5.27>
ST_6 : Operation 159 [65/68] (5.27ns)   --->   "%urem_ln103 = urem i64 %sext_ln103_4, i64 14" [kern.cpp:103]   --->   Operation 159 'urem' 'urem_ln103' <Predicate = true> <Delay = 5.27> <CoreInst = "Divider">   --->   Core 6 'Divider' <Latency = 67> <II = 1> <Delay = 5.27> <FuncUnit> <Opcode : 'udiv' 'sdiv' 'urem' 'srem'> <InPorts = 2> <OutPorts = 1>

State 7 <SV = 6> <Delay = 5.27>
ST_7 : Operation 160 [64/68] (5.27ns)   --->   "%urem_ln103 = urem i64 %sext_ln103_4, i64 14" [kern.cpp:103]   --->   Operation 160 'urem' 'urem_ln103' <Predicate = true> <Delay = 5.27> <CoreInst = "Divider">   --->   Core 6 'Divider' <Latency = 67> <II = 1> <Delay = 5.27> <FuncUnit> <Opcode : 'udiv' 'sdiv' 'urem' 'srem'> <InPorts = 2> <OutPorts = 1>

State 8 <SV = 7> <Delay = 5.27>
ST_8 : Operation 161 [63/68] (5.27ns)   --->   "%urem_ln103 = urem i64 %sext_ln103_4, i64 14" [kern.cpp:103]   --->   Operation 161 'urem' 'urem_ln103' <Predicate = true> <Delay = 5.27> <CoreInst = "Divider">   --->   Core 6 'Divider' <Latency = 67> <II = 1> <Delay = 5.27> <FuncUnit> <Opcode : 'udiv' 'sdiv' 'urem' 'srem'> <InPorts = 2> <OutPorts = 1>

State 9 <SV = 8> <Delay = 5.27>
ST_9 : Operation 162 [62/68] (5.27ns)   --->   "%urem_ln103 = urem i64 %sext_ln103_4, i64 14" [kern.cpp:103]   --->   Operation 162 'urem' 'urem_ln103' <Predicate = true> <Delay = 5.27> <CoreInst = "Divider">   --->   Core 6 'Divider' <Latency = 67> <II = 1> <Delay = 5.27> <FuncUnit> <Opcode : 'udiv' 'sdiv' 'urem' 'srem'> <InPorts = 2> <OutPorts = 1>

State 10 <SV = 9> <Delay = 5.27>
ST_10 : Operation 163 [61/68] (5.27ns)   --->   "%urem_ln103 = urem i64 %sext_ln103_4, i64 14" [kern.cpp:103]   --->   Operation 163 'urem' 'urem_ln103' <Predicate = true> <Delay = 5.27> <CoreInst = "Divider">   --->   Core 6 'Divider' <Latency = 67> <II = 1> <Delay = 5.27> <FuncUnit> <Opcode : 'udiv' 'sdiv' 'urem' 'srem'> <InPorts = 2> <OutPorts = 1>

State 11 <SV = 10> <Delay = 5.27>
ST_11 : Operation 164 [60/68] (5.27ns)   --->   "%urem_ln103 = urem i64 %sext_ln103_4, i64 14" [kern.cpp:103]   --->   Operation 164 'urem' 'urem_ln103' <Predicate = true> <Delay = 5.27> <CoreInst = "Divider">   --->   Core 6 'Divider' <Latency = 67> <II = 1> <Delay = 5.27> <FuncUnit> <Opcode : 'udiv' 'sdiv' 'urem' 'srem'> <InPorts = 2> <OutPorts = 1>

State 12 <SV = 11> <Delay = 5.27>
ST_12 : Operation 165 [59/68] (5.27ns)   --->   "%urem_ln103 = urem i64 %sext_ln103_4, i64 14" [kern.cpp:103]   --->   Operation 165 'urem' 'urem_ln103' <Predicate = true> <Delay = 5.27> <CoreInst = "Divider">   --->   Core 6 'Divider' <Latency = 67> <II = 1> <Delay = 5.27> <FuncUnit> <Opcode : 'udiv' 'sdiv' 'urem' 'srem'> <InPorts = 2> <OutPorts = 1>

State 13 <SV = 12> <Delay = 5.27>
ST_13 : Operation 166 [58/68] (5.27ns)   --->   "%urem_ln103 = urem i64 %sext_ln103_4, i64 14" [kern.cpp:103]   --->   Operation 166 'urem' 'urem_ln103' <Predicate = true> <Delay = 5.27> <CoreInst = "Divider">   --->   Core 6 'Divider' <Latency = 67> <II = 1> <Delay = 5.27> <FuncUnit> <Opcode : 'udiv' 'sdiv' 'urem' 'srem'> <InPorts = 2> <OutPorts = 1>

State 14 <SV = 13> <Delay = 5.27>
ST_14 : Operation 167 [57/68] (5.27ns)   --->   "%urem_ln103 = urem i64 %sext_ln103_4, i64 14" [kern.cpp:103]   --->   Operation 167 'urem' 'urem_ln103' <Predicate = true> <Delay = 5.27> <CoreInst = "Divider">   --->   Core 6 'Divider' <Latency = 67> <II = 1> <Delay = 5.27> <FuncUnit> <Opcode : 'udiv' 'sdiv' 'urem' 'srem'> <InPorts = 2> <OutPorts = 1>

State 15 <SV = 14> <Delay = 5.27>
ST_15 : Operation 168 [56/68] (5.27ns)   --->   "%urem_ln103 = urem i64 %sext_ln103_4, i64 14" [kern.cpp:103]   --->   Operation 168 'urem' 'urem_ln103' <Predicate = true> <Delay = 5.27> <CoreInst = "Divider">   --->   Core 6 'Divider' <Latency = 67> <II = 1> <Delay = 5.27> <FuncUnit> <Opcode : 'udiv' 'sdiv' 'urem' 'srem'> <InPorts = 2> <OutPorts = 1>

State 16 <SV = 15> <Delay = 5.27>
ST_16 : Operation 169 [55/68] (5.27ns)   --->   "%urem_ln103 = urem i64 %sext_ln103_4, i64 14" [kern.cpp:103]   --->   Operation 169 'urem' 'urem_ln103' <Predicate = true> <Delay = 5.27> <CoreInst = "Divider">   --->   Core 6 'Divider' <Latency = 67> <II = 1> <Delay = 5.27> <FuncUnit> <Opcode : 'udiv' 'sdiv' 'urem' 'srem'> <InPorts = 2> <OutPorts = 1>

State 17 <SV = 16> <Delay = 5.27>
ST_17 : Operation 170 [54/68] (5.27ns)   --->   "%urem_ln103 = urem i64 %sext_ln103_4, i64 14" [kern.cpp:103]   --->   Operation 170 'urem' 'urem_ln103' <Predicate = true> <Delay = 5.27> <CoreInst = "Divider">   --->   Core 6 'Divider' <Latency = 67> <II = 1> <Delay = 5.27> <FuncUnit> <Opcode : 'udiv' 'sdiv' 'urem' 'srem'> <InPorts = 2> <OutPorts = 1>

State 18 <SV = 17> <Delay = 5.27>
ST_18 : Operation 171 [53/68] (5.27ns)   --->   "%urem_ln103 = urem i64 %sext_ln103_4, i64 14" [kern.cpp:103]   --->   Operation 171 'urem' 'urem_ln103' <Predicate = true> <Delay = 5.27> <CoreInst = "Divider">   --->   Core 6 'Divider' <Latency = 67> <II = 1> <Delay = 5.27> <FuncUnit> <Opcode : 'udiv' 'sdiv' 'urem' 'srem'> <InPorts = 2> <OutPorts = 1>

State 19 <SV = 18> <Delay = 5.27>
ST_19 : Operation 172 [52/68] (5.27ns)   --->   "%urem_ln103 = urem i64 %sext_ln103_4, i64 14" [kern.cpp:103]   --->   Operation 172 'urem' 'urem_ln103' <Predicate = true> <Delay = 5.27> <CoreInst = "Divider">   --->   Core 6 'Divider' <Latency = 67> <II = 1> <Delay = 5.27> <FuncUnit> <Opcode : 'udiv' 'sdiv' 'urem' 'srem'> <InPorts = 2> <OutPorts = 1>

State 20 <SV = 19> <Delay = 5.27>
ST_20 : Operation 173 [51/68] (5.27ns)   --->   "%urem_ln103 = urem i64 %sext_ln103_4, i64 14" [kern.cpp:103]   --->   Operation 173 'urem' 'urem_ln103' <Predicate = true> <Delay = 5.27> <CoreInst = "Divider">   --->   Core 6 'Divider' <Latency = 67> <II = 1> <Delay = 5.27> <FuncUnit> <Opcode : 'udiv' 'sdiv' 'urem' 'srem'> <InPorts = 2> <OutPorts = 1>

State 21 <SV = 20> <Delay = 5.27>
ST_21 : Operation 174 [50/68] (5.27ns)   --->   "%urem_ln103 = urem i64 %sext_ln103_4, i64 14" [kern.cpp:103]   --->   Operation 174 'urem' 'urem_ln103' <Predicate = true> <Delay = 5.27> <CoreInst = "Divider">   --->   Core 6 'Divider' <Latency = 67> <II = 1> <Delay = 5.27> <FuncUnit> <Opcode : 'udiv' 'sdiv' 'urem' 'srem'> <InPorts = 2> <OutPorts = 1>

State 22 <SV = 21> <Delay = 5.27>
ST_22 : Operation 175 [49/68] (5.27ns)   --->   "%urem_ln103 = urem i64 %sext_ln103_4, i64 14" [kern.cpp:103]   --->   Operation 175 'urem' 'urem_ln103' <Predicate = true> <Delay = 5.27> <CoreInst = "Divider">   --->   Core 6 'Divider' <Latency = 67> <II = 1> <Delay = 5.27> <FuncUnit> <Opcode : 'udiv' 'sdiv' 'urem' 'srem'> <InPorts = 2> <OutPorts = 1>

State 23 <SV = 22> <Delay = 5.27>
ST_23 : Operation 176 [48/68] (5.27ns)   --->   "%urem_ln103 = urem i64 %sext_ln103_4, i64 14" [kern.cpp:103]   --->   Operation 176 'urem' 'urem_ln103' <Predicate = true> <Delay = 5.27> <CoreInst = "Divider">   --->   Core 6 'Divider' <Latency = 67> <II = 1> <Delay = 5.27> <FuncUnit> <Opcode : 'udiv' 'sdiv' 'urem' 'srem'> <InPorts = 2> <OutPorts = 1>

State 24 <SV = 23> <Delay = 5.27>
ST_24 : Operation 177 [47/68] (5.27ns)   --->   "%urem_ln103 = urem i64 %sext_ln103_4, i64 14" [kern.cpp:103]   --->   Operation 177 'urem' 'urem_ln103' <Predicate = true> <Delay = 5.27> <CoreInst = "Divider">   --->   Core 6 'Divider' <Latency = 67> <II = 1> <Delay = 5.27> <FuncUnit> <Opcode : 'udiv' 'sdiv' 'urem' 'srem'> <InPorts = 2> <OutPorts = 1>

State 25 <SV = 24> <Delay = 5.27>
ST_25 : Operation 178 [46/68] (5.27ns)   --->   "%urem_ln103 = urem i64 %sext_ln103_4, i64 14" [kern.cpp:103]   --->   Operation 178 'urem' 'urem_ln103' <Predicate = true> <Delay = 5.27> <CoreInst = "Divider">   --->   Core 6 'Divider' <Latency = 67> <II = 1> <Delay = 5.27> <FuncUnit> <Opcode : 'udiv' 'sdiv' 'urem' 'srem'> <InPorts = 2> <OutPorts = 1>

State 26 <SV = 25> <Delay = 5.27>
ST_26 : Operation 179 [45/68] (5.27ns)   --->   "%urem_ln103 = urem i64 %sext_ln103_4, i64 14" [kern.cpp:103]   --->   Operation 179 'urem' 'urem_ln103' <Predicate = true> <Delay = 5.27> <CoreInst = "Divider">   --->   Core 6 'Divider' <Latency = 67> <II = 1> <Delay = 5.27> <FuncUnit> <Opcode : 'udiv' 'sdiv' 'urem' 'srem'> <InPorts = 2> <OutPorts = 1>

State 27 <SV = 26> <Delay = 5.27>
ST_27 : Operation 180 [44/68] (5.27ns)   --->   "%urem_ln103 = urem i64 %sext_ln103_4, i64 14" [kern.cpp:103]   --->   Operation 180 'urem' 'urem_ln103' <Predicate = true> <Delay = 5.27> <CoreInst = "Divider">   --->   Core 6 'Divider' <Latency = 67> <II = 1> <Delay = 5.27> <FuncUnit> <Opcode : 'udiv' 'sdiv' 'urem' 'srem'> <InPorts = 2> <OutPorts = 1>

State 28 <SV = 27> <Delay = 5.27>
ST_28 : Operation 181 [43/68] (5.27ns)   --->   "%urem_ln103 = urem i64 %sext_ln103_4, i64 14" [kern.cpp:103]   --->   Operation 181 'urem' 'urem_ln103' <Predicate = true> <Delay = 5.27> <CoreInst = "Divider">   --->   Core 6 'Divider' <Latency = 67> <II = 1> <Delay = 5.27> <FuncUnit> <Opcode : 'udiv' 'sdiv' 'urem' 'srem'> <InPorts = 2> <OutPorts = 1>

State 29 <SV = 28> <Delay = 5.27>
ST_29 : Operation 182 [42/68] (5.27ns)   --->   "%urem_ln103 = urem i64 %sext_ln103_4, i64 14" [kern.cpp:103]   --->   Operation 182 'urem' 'urem_ln103' <Predicate = true> <Delay = 5.27> <CoreInst = "Divider">   --->   Core 6 'Divider' <Latency = 67> <II = 1> <Delay = 5.27> <FuncUnit> <Opcode : 'udiv' 'sdiv' 'urem' 'srem'> <InPorts = 2> <OutPorts = 1>

State 30 <SV = 29> <Delay = 5.27>
ST_30 : Operation 183 [41/68] (5.27ns)   --->   "%urem_ln103 = urem i64 %sext_ln103_4, i64 14" [kern.cpp:103]   --->   Operation 183 'urem' 'urem_ln103' <Predicate = true> <Delay = 5.27> <CoreInst = "Divider">   --->   Core 6 'Divider' <Latency = 67> <II = 1> <Delay = 5.27> <FuncUnit> <Opcode : 'udiv' 'sdiv' 'urem' 'srem'> <InPorts = 2> <OutPorts = 1>

State 31 <SV = 30> <Delay = 5.27>
ST_31 : Operation 184 [40/68] (5.27ns)   --->   "%urem_ln103 = urem i64 %sext_ln103_4, i64 14" [kern.cpp:103]   --->   Operation 184 'urem' 'urem_ln103' <Predicate = true> <Delay = 5.27> <CoreInst = "Divider">   --->   Core 6 'Divider' <Latency = 67> <II = 1> <Delay = 5.27> <FuncUnit> <Opcode : 'udiv' 'sdiv' 'urem' 'srem'> <InPorts = 2> <OutPorts = 1>

State 32 <SV = 31> <Delay = 5.27>
ST_32 : Operation 185 [39/68] (5.27ns)   --->   "%urem_ln103 = urem i64 %sext_ln103_4, i64 14" [kern.cpp:103]   --->   Operation 185 'urem' 'urem_ln103' <Predicate = true> <Delay = 5.27> <CoreInst = "Divider">   --->   Core 6 'Divider' <Latency = 67> <II = 1> <Delay = 5.27> <FuncUnit> <Opcode : 'udiv' 'sdiv' 'urem' 'srem'> <InPorts = 2> <OutPorts = 1>

State 33 <SV = 32> <Delay = 5.27>
ST_33 : Operation 186 [38/68] (5.27ns)   --->   "%urem_ln103 = urem i64 %sext_ln103_4, i64 14" [kern.cpp:103]   --->   Operation 186 'urem' 'urem_ln103' <Predicate = true> <Delay = 5.27> <CoreInst = "Divider">   --->   Core 6 'Divider' <Latency = 67> <II = 1> <Delay = 5.27> <FuncUnit> <Opcode : 'udiv' 'sdiv' 'urem' 'srem'> <InPorts = 2> <OutPorts = 1>

State 34 <SV = 33> <Delay = 5.27>
ST_34 : Operation 187 [37/68] (5.27ns)   --->   "%urem_ln103 = urem i64 %sext_ln103_4, i64 14" [kern.cpp:103]   --->   Operation 187 'urem' 'urem_ln103' <Predicate = true> <Delay = 5.27> <CoreInst = "Divider">   --->   Core 6 'Divider' <Latency = 67> <II = 1> <Delay = 5.27> <FuncUnit> <Opcode : 'udiv' 'sdiv' 'urem' 'srem'> <InPorts = 2> <OutPorts = 1>

State 35 <SV = 34> <Delay = 5.27>
ST_35 : Operation 188 [36/68] (5.27ns)   --->   "%urem_ln103 = urem i64 %sext_ln103_4, i64 14" [kern.cpp:103]   --->   Operation 188 'urem' 'urem_ln103' <Predicate = true> <Delay = 5.27> <CoreInst = "Divider">   --->   Core 6 'Divider' <Latency = 67> <II = 1> <Delay = 5.27> <FuncUnit> <Opcode : 'udiv' 'sdiv' 'urem' 'srem'> <InPorts = 2> <OutPorts = 1>

State 36 <SV = 35> <Delay = 5.27>
ST_36 : Operation 189 [35/68] (5.27ns)   --->   "%urem_ln103 = urem i64 %sext_ln103_4, i64 14" [kern.cpp:103]   --->   Operation 189 'urem' 'urem_ln103' <Predicate = true> <Delay = 5.27> <CoreInst = "Divider">   --->   Core 6 'Divider' <Latency = 67> <II = 1> <Delay = 5.27> <FuncUnit> <Opcode : 'udiv' 'sdiv' 'urem' 'srem'> <InPorts = 2> <OutPorts = 1>

State 37 <SV = 36> <Delay = 5.27>
ST_37 : Operation 190 [34/68] (5.27ns)   --->   "%urem_ln103 = urem i64 %sext_ln103_4, i64 14" [kern.cpp:103]   --->   Operation 190 'urem' 'urem_ln103' <Predicate = true> <Delay = 5.27> <CoreInst = "Divider">   --->   Core 6 'Divider' <Latency = 67> <II = 1> <Delay = 5.27> <FuncUnit> <Opcode : 'udiv' 'sdiv' 'urem' 'srem'> <InPorts = 2> <OutPorts = 1>

State 38 <SV = 37> <Delay = 5.27>
ST_38 : Operation 191 [33/68] (5.27ns)   --->   "%urem_ln103 = urem i64 %sext_ln103_4, i64 14" [kern.cpp:103]   --->   Operation 191 'urem' 'urem_ln103' <Predicate = true> <Delay = 5.27> <CoreInst = "Divider">   --->   Core 6 'Divider' <Latency = 67> <II = 1> <Delay = 5.27> <FuncUnit> <Opcode : 'udiv' 'sdiv' 'urem' 'srem'> <InPorts = 2> <OutPorts = 1>

State 39 <SV = 38> <Delay = 5.27>
ST_39 : Operation 192 [32/68] (5.27ns)   --->   "%urem_ln103 = urem i64 %sext_ln103_4, i64 14" [kern.cpp:103]   --->   Operation 192 'urem' 'urem_ln103' <Predicate = true> <Delay = 5.27> <CoreInst = "Divider">   --->   Core 6 'Divider' <Latency = 67> <II = 1> <Delay = 5.27> <FuncUnit> <Opcode : 'udiv' 'sdiv' 'urem' 'srem'> <InPorts = 2> <OutPorts = 1>

State 40 <SV = 39> <Delay = 5.27>
ST_40 : Operation 193 [31/68] (5.27ns)   --->   "%urem_ln103 = urem i64 %sext_ln103_4, i64 14" [kern.cpp:103]   --->   Operation 193 'urem' 'urem_ln103' <Predicate = true> <Delay = 5.27> <CoreInst = "Divider">   --->   Core 6 'Divider' <Latency = 67> <II = 1> <Delay = 5.27> <FuncUnit> <Opcode : 'udiv' 'sdiv' 'urem' 'srem'> <InPorts = 2> <OutPorts = 1>

State 41 <SV = 40> <Delay = 5.27>
ST_41 : Operation 194 [30/68] (5.27ns)   --->   "%urem_ln103 = urem i64 %sext_ln103_4, i64 14" [kern.cpp:103]   --->   Operation 194 'urem' 'urem_ln103' <Predicate = true> <Delay = 5.27> <CoreInst = "Divider">   --->   Core 6 'Divider' <Latency = 67> <II = 1> <Delay = 5.27> <FuncUnit> <Opcode : 'udiv' 'sdiv' 'urem' 'srem'> <InPorts = 2> <OutPorts = 1>

State 42 <SV = 41> <Delay = 5.27>
ST_42 : Operation 195 [29/68] (5.27ns)   --->   "%urem_ln103 = urem i64 %sext_ln103_4, i64 14" [kern.cpp:103]   --->   Operation 195 'urem' 'urem_ln103' <Predicate = true> <Delay = 5.27> <CoreInst = "Divider">   --->   Core 6 'Divider' <Latency = 67> <II = 1> <Delay = 5.27> <FuncUnit> <Opcode : 'udiv' 'sdiv' 'urem' 'srem'> <InPorts = 2> <OutPorts = 1>

State 43 <SV = 42> <Delay = 5.27>
ST_43 : Operation 196 [28/68] (5.27ns)   --->   "%urem_ln103 = urem i64 %sext_ln103_4, i64 14" [kern.cpp:103]   --->   Operation 196 'urem' 'urem_ln103' <Predicate = true> <Delay = 5.27> <CoreInst = "Divider">   --->   Core 6 'Divider' <Latency = 67> <II = 1> <Delay = 5.27> <FuncUnit> <Opcode : 'udiv' 'sdiv' 'urem' 'srem'> <InPorts = 2> <OutPorts = 1>

State 44 <SV = 43> <Delay = 5.27>
ST_44 : Operation 197 [27/68] (5.27ns)   --->   "%urem_ln103 = urem i64 %sext_ln103_4, i64 14" [kern.cpp:103]   --->   Operation 197 'urem' 'urem_ln103' <Predicate = true> <Delay = 5.27> <CoreInst = "Divider">   --->   Core 6 'Divider' <Latency = 67> <II = 1> <Delay = 5.27> <FuncUnit> <Opcode : 'udiv' 'sdiv' 'urem' 'srem'> <InPorts = 2> <OutPorts = 1>

State 45 <SV = 44> <Delay = 5.27>
ST_45 : Operation 198 [26/68] (5.27ns)   --->   "%urem_ln103 = urem i64 %sext_ln103_4, i64 14" [kern.cpp:103]   --->   Operation 198 'urem' 'urem_ln103' <Predicate = true> <Delay = 5.27> <CoreInst = "Divider">   --->   Core 6 'Divider' <Latency = 67> <II = 1> <Delay = 5.27> <FuncUnit> <Opcode : 'udiv' 'sdiv' 'urem' 'srem'> <InPorts = 2> <OutPorts = 1>

State 46 <SV = 45> <Delay = 5.27>
ST_46 : Operation 199 [25/68] (5.27ns)   --->   "%urem_ln103 = urem i64 %sext_ln103_4, i64 14" [kern.cpp:103]   --->   Operation 199 'urem' 'urem_ln103' <Predicate = true> <Delay = 5.27> <CoreInst = "Divider">   --->   Core 6 'Divider' <Latency = 67> <II = 1> <Delay = 5.27> <FuncUnit> <Opcode : 'udiv' 'sdiv' 'urem' 'srem'> <InPorts = 2> <OutPorts = 1>

State 47 <SV = 46> <Delay = 5.27>
ST_47 : Operation 200 [24/68] (5.27ns)   --->   "%urem_ln103 = urem i64 %sext_ln103_4, i64 14" [kern.cpp:103]   --->   Operation 200 'urem' 'urem_ln103' <Predicate = true> <Delay = 5.27> <CoreInst = "Divider">   --->   Core 6 'Divider' <Latency = 67> <II = 1> <Delay = 5.27> <FuncUnit> <Opcode : 'udiv' 'sdiv' 'urem' 'srem'> <InPorts = 2> <OutPorts = 1>

State 48 <SV = 47> <Delay = 5.27>
ST_48 : Operation 201 [23/68] (5.27ns)   --->   "%urem_ln103 = urem i64 %sext_ln103_4, i64 14" [kern.cpp:103]   --->   Operation 201 'urem' 'urem_ln103' <Predicate = true> <Delay = 5.27> <CoreInst = "Divider">   --->   Core 6 'Divider' <Latency = 67> <II = 1> <Delay = 5.27> <FuncUnit> <Opcode : 'udiv' 'sdiv' 'urem' 'srem'> <InPorts = 2> <OutPorts = 1>

State 49 <SV = 48> <Delay = 5.27>
ST_49 : Operation 202 [22/68] (5.27ns)   --->   "%urem_ln103 = urem i64 %sext_ln103_4, i64 14" [kern.cpp:103]   --->   Operation 202 'urem' 'urem_ln103' <Predicate = true> <Delay = 5.27> <CoreInst = "Divider">   --->   Core 6 'Divider' <Latency = 67> <II = 1> <Delay = 5.27> <FuncUnit> <Opcode : 'udiv' 'sdiv' 'urem' 'srem'> <InPorts = 2> <OutPorts = 1>

State 50 <SV = 49> <Delay = 5.27>
ST_50 : Operation 203 [21/68] (5.27ns)   --->   "%urem_ln103 = urem i64 %sext_ln103_4, i64 14" [kern.cpp:103]   --->   Operation 203 'urem' 'urem_ln103' <Predicate = true> <Delay = 5.27> <CoreInst = "Divider">   --->   Core 6 'Divider' <Latency = 67> <II = 1> <Delay = 5.27> <FuncUnit> <Opcode : 'udiv' 'sdiv' 'urem' 'srem'> <InPorts = 2> <OutPorts = 1>

State 51 <SV = 50> <Delay = 5.27>
ST_51 : Operation 204 [20/68] (5.27ns)   --->   "%urem_ln103 = urem i64 %sext_ln103_4, i64 14" [kern.cpp:103]   --->   Operation 204 'urem' 'urem_ln103' <Predicate = true> <Delay = 5.27> <CoreInst = "Divider">   --->   Core 6 'Divider' <Latency = 67> <II = 1> <Delay = 5.27> <FuncUnit> <Opcode : 'udiv' 'sdiv' 'urem' 'srem'> <InPorts = 2> <OutPorts = 1>

State 52 <SV = 51> <Delay = 5.27>
ST_52 : Operation 205 [19/68] (5.27ns)   --->   "%urem_ln103 = urem i64 %sext_ln103_4, i64 14" [kern.cpp:103]   --->   Operation 205 'urem' 'urem_ln103' <Predicate = true> <Delay = 5.27> <CoreInst = "Divider">   --->   Core 6 'Divider' <Latency = 67> <II = 1> <Delay = 5.27> <FuncUnit> <Opcode : 'udiv' 'sdiv' 'urem' 'srem'> <InPorts = 2> <OutPorts = 1>

State 53 <SV = 52> <Delay = 5.27>
ST_53 : Operation 206 [18/68] (5.27ns)   --->   "%urem_ln103 = urem i64 %sext_ln103_4, i64 14" [kern.cpp:103]   --->   Operation 206 'urem' 'urem_ln103' <Predicate = true> <Delay = 5.27> <CoreInst = "Divider">   --->   Core 6 'Divider' <Latency = 67> <II = 1> <Delay = 5.27> <FuncUnit> <Opcode : 'udiv' 'sdiv' 'urem' 'srem'> <InPorts = 2> <OutPorts = 1>

State 54 <SV = 53> <Delay = 5.27>
ST_54 : Operation 207 [17/68] (5.27ns)   --->   "%urem_ln103 = urem i64 %sext_ln103_4, i64 14" [kern.cpp:103]   --->   Operation 207 'urem' 'urem_ln103' <Predicate = true> <Delay = 5.27> <CoreInst = "Divider">   --->   Core 6 'Divider' <Latency = 67> <II = 1> <Delay = 5.27> <FuncUnit> <Opcode : 'udiv' 'sdiv' 'urem' 'srem'> <InPorts = 2> <OutPorts = 1>

State 55 <SV = 54> <Delay = 5.27>
ST_55 : Operation 208 [16/68] (5.27ns)   --->   "%urem_ln103 = urem i64 %sext_ln103_4, i64 14" [kern.cpp:103]   --->   Operation 208 'urem' 'urem_ln103' <Predicate = true> <Delay = 5.27> <CoreInst = "Divider">   --->   Core 6 'Divider' <Latency = 67> <II = 1> <Delay = 5.27> <FuncUnit> <Opcode : 'udiv' 'sdiv' 'urem' 'srem'> <InPorts = 2> <OutPorts = 1>

State 56 <SV = 55> <Delay = 5.27>
ST_56 : Operation 209 [15/68] (5.27ns)   --->   "%urem_ln103 = urem i64 %sext_ln103_4, i64 14" [kern.cpp:103]   --->   Operation 209 'urem' 'urem_ln103' <Predicate = true> <Delay = 5.27> <CoreInst = "Divider">   --->   Core 6 'Divider' <Latency = 67> <II = 1> <Delay = 5.27> <FuncUnit> <Opcode : 'udiv' 'sdiv' 'urem' 'srem'> <InPorts = 2> <OutPorts = 1>

State 57 <SV = 56> <Delay = 5.27>
ST_57 : Operation 210 [14/68] (5.27ns)   --->   "%urem_ln103 = urem i64 %sext_ln103_4, i64 14" [kern.cpp:103]   --->   Operation 210 'urem' 'urem_ln103' <Predicate = true> <Delay = 5.27> <CoreInst = "Divider">   --->   Core 6 'Divider' <Latency = 67> <II = 1> <Delay = 5.27> <FuncUnit> <Opcode : 'udiv' 'sdiv' 'urem' 'srem'> <InPorts = 2> <OutPorts = 1>

State 58 <SV = 57> <Delay = 5.27>
ST_58 : Operation 211 [13/68] (5.27ns)   --->   "%urem_ln103 = urem i64 %sext_ln103_4, i64 14" [kern.cpp:103]   --->   Operation 211 'urem' 'urem_ln103' <Predicate = true> <Delay = 5.27> <CoreInst = "Divider">   --->   Core 6 'Divider' <Latency = 67> <II = 1> <Delay = 5.27> <FuncUnit> <Opcode : 'udiv' 'sdiv' 'urem' 'srem'> <InPorts = 2> <OutPorts = 1>

State 59 <SV = 58> <Delay = 5.27>
ST_59 : Operation 212 [12/68] (5.27ns)   --->   "%urem_ln103 = urem i64 %sext_ln103_4, i64 14" [kern.cpp:103]   --->   Operation 212 'urem' 'urem_ln103' <Predicate = true> <Delay = 5.27> <CoreInst = "Divider">   --->   Core 6 'Divider' <Latency = 67> <II = 1> <Delay = 5.27> <FuncUnit> <Opcode : 'udiv' 'sdiv' 'urem' 'srem'> <InPorts = 2> <OutPorts = 1>

State 60 <SV = 59> <Delay = 5.27>
ST_60 : Operation 213 [11/68] (5.27ns)   --->   "%urem_ln103 = urem i64 %sext_ln103_4, i64 14" [kern.cpp:103]   --->   Operation 213 'urem' 'urem_ln103' <Predicate = true> <Delay = 5.27> <CoreInst = "Divider">   --->   Core 6 'Divider' <Latency = 67> <II = 1> <Delay = 5.27> <FuncUnit> <Opcode : 'udiv' 'sdiv' 'urem' 'srem'> <InPorts = 2> <OutPorts = 1>

State 61 <SV = 60> <Delay = 5.27>
ST_61 : Operation 214 [10/68] (5.27ns)   --->   "%urem_ln103 = urem i64 %sext_ln103_4, i64 14" [kern.cpp:103]   --->   Operation 214 'urem' 'urem_ln103' <Predicate = true> <Delay = 5.27> <CoreInst = "Divider">   --->   Core 6 'Divider' <Latency = 67> <II = 1> <Delay = 5.27> <FuncUnit> <Opcode : 'udiv' 'sdiv' 'urem' 'srem'> <InPorts = 2> <OutPorts = 1>

State 62 <SV = 61> <Delay = 5.27>
ST_62 : Operation 215 [9/68] (5.27ns)   --->   "%urem_ln103 = urem i64 %sext_ln103_4, i64 14" [kern.cpp:103]   --->   Operation 215 'urem' 'urem_ln103' <Predicate = true> <Delay = 5.27> <CoreInst = "Divider">   --->   Core 6 'Divider' <Latency = 67> <II = 1> <Delay = 5.27> <FuncUnit> <Opcode : 'udiv' 'sdiv' 'urem' 'srem'> <InPorts = 2> <OutPorts = 1>

State 63 <SV = 62> <Delay = 5.27>
ST_63 : Operation 216 [8/68] (5.27ns)   --->   "%urem_ln103 = urem i64 %sext_ln103_4, i64 14" [kern.cpp:103]   --->   Operation 216 'urem' 'urem_ln103' <Predicate = true> <Delay = 5.27> <CoreInst = "Divider">   --->   Core 6 'Divider' <Latency = 67> <II = 1> <Delay = 5.27> <FuncUnit> <Opcode : 'udiv' 'sdiv' 'urem' 'srem'> <InPorts = 2> <OutPorts = 1>

State 64 <SV = 63> <Delay = 5.27>
ST_64 : Operation 217 [7/68] (5.27ns)   --->   "%urem_ln103 = urem i64 %sext_ln103_4, i64 14" [kern.cpp:103]   --->   Operation 217 'urem' 'urem_ln103' <Predicate = true> <Delay = 5.27> <CoreInst = "Divider">   --->   Core 6 'Divider' <Latency = 67> <II = 1> <Delay = 5.27> <FuncUnit> <Opcode : 'udiv' 'sdiv' 'urem' 'srem'> <InPorts = 2> <OutPorts = 1>

State 65 <SV = 64> <Delay = 7.77>
ST_65 : Operation 218 [1/1] (0.00ns)   --->   "%zext_ln101 = zext i6 %add_ln101" [kern.cpp:101]   --->   Operation 218 'zext' 'zext_ln101' <Predicate = true> <Delay = 0.00>
ST_65 : Operation 219 [1/1] (1.82ns)   --->   "%add_ln101_1 = add i7 %zext_ln101, i7 127" [kern.cpp:101]   --->   Operation 219 'add' 'add_ln101_1' <Predicate = true> <Delay = 1.82> <CoreInst = "Adder">   --->   Core 1 'Adder' <Latency = 0> <II = 1> <Delay = 1.82> <FuncUnit> <Opcode : 'add' 'sub'> <InPorts = 2> <OutPorts = 1>
ST_65 : Operation 220 [1/1] (0.00ns)   --->   "%shl_ln103_1 = bitconcatenate i12 @_ssdm_op_BitConcatenate.i12.i7.i5, i7 %add_ln101_1, i5 0" [kern.cpp:103]   --->   Operation 220 'bitconcatenate' 'shl_ln103_1' <Predicate = true> <Delay = 0.00>
ST_65 : Operation 221 [1/1] (0.00ns)   --->   "%zext_ln101_2 = zext i6 %add_ln101_2" [kern.cpp:101]   --->   Operation 221 'zext' 'zext_ln101_2' <Predicate = true> <Delay = 0.00>
ST_65 : Operation 222 [1/1] (1.82ns)   --->   "%add_ln101_3 = add i7 %zext_ln101_2, i7 127" [kern.cpp:101]   --->   Operation 222 'add' 'add_ln101_3' <Predicate = true> <Delay = 1.82> <CoreInst = "Adder">   --->   Core 1 'Adder' <Latency = 0> <II = 1> <Delay = 1.82> <FuncUnit> <Opcode : 'add' 'sub'> <InPorts = 2> <OutPorts = 1>
ST_65 : Operation 223 [1/1] (0.00ns)   --->   "%sext_ln102 = sext i7 %add_ln101_3" [kern.cpp:102]   --->   Operation 223 'sext' 'sext_ln102' <Predicate = true> <Delay = 0.00>
ST_65 : Operation 224 [1/1] (0.00ns) (grouped into LUT with out node icmp_ln102)   --->   "%or_ln102 = or i7 %add_ln101_3, i7 %add_ln101_1" [kern.cpp:102]   --->   Operation 224 'or' 'or_ln102' <Predicate = true> <Delay = 0.00> <CoreInst = "LogicGate">   --->   Core 74 'LogicGate' <Latency = 0> <II = 1> <Delay = 0.99> <FuncUnit> <Opcode : 'and' 'or' 'xor'> <InPorts = 2> <OutPorts = 1>
ST_65 : Operation 225 [1/1] (0.00ns) (grouped into LUT with out node icmp_ln102)   --->   "%tmp_139 = partselect i2 @_ssdm_op_PartSelect.i2.i7.i32.i32, i7 %or_ln102, i32 5, i32 6" [kern.cpp:102]   --->   Operation 225 'partselect' 'tmp_139' <Predicate = true> <Delay = 0.00>
ST_65 : Operation 226 [1/1] (1.56ns) (out node of the LUT)   --->   "%icmp_ln102 = icmp_eq  i2 %tmp_139, i2 0" [kern.cpp:102]   --->   Operation 226 'icmp' 'icmp_ln102' <Predicate = true> <Delay = 1.56> <CoreInst = "Cmp">   --->   Core 9 'Cmp' <Latency = 0> <II = 1> <Delay = 1.56> <FuncUnit> <Opcode : 'seteq' 'setne' 'setle' 'setge' 'setlt' 'setgt'> <InPorts = 2> <OutPorts = 1>
ST_65 : Operation 227 [1/1] (1.54ns)   --->   "%add_ln103_3 = add i12 %sext_ln102, i12 %shl_ln103_1" [kern.cpp:103]   --->   Operation 227 'add' 'add_ln103_3' <Predicate = true> <Delay = 1.54> <CoreInst = "Adder">   --->   Core 1 'Adder' <Latency = 0> <II = 1> <Delay = 1.54> <FuncUnit> <Opcode : 'add' 'sub'> <InPorts = 2> <OutPorts = 1>
ST_65 : Operation 228 [1/1] (0.00ns)   --->   "%sext_ln103 = sext i12 %add_ln103_3" [kern.cpp:103]   --->   Operation 228 'sext' 'sext_ln103' <Predicate = true> <Delay = 0.00>
ST_65 : Operation 229 [1/1] (0.00ns)   --->   "%tmp_140 = bitconcatenate i14 @_ssdm_op_BitConcatenate.i14.i12.i2, i12 %add_ln103_3, i2 0" [kern.cpp:103]   --->   Operation 229 'bitconcatenate' 'tmp_140' <Predicate = true> <Delay = 0.00>
ST_65 : Operation 230 [1/1] (0.00ns)   --->   "%sext_ln103_2 = sext i14 %tmp_140" [kern.cpp:103]   --->   Operation 230 'sext' 'sext_ln103_2' <Predicate = true> <Delay = 0.00>
ST_65 : Operation 231 [1/1] (1.81ns)   --->   "%sub_ln103_2 = sub i15 %sext_ln103_2, i15 %sext_ln103" [kern.cpp:103]   --->   Operation 231 'sub' 'sub_ln103_2' <Predicate = true> <Delay = 1.81> <CoreInst = "Adder">   --->   Core 1 'Adder' <Latency = 0> <II = 1> <Delay = 1.81> <FuncUnit> <Opcode : 'add' 'sub'> <InPorts = 2> <OutPorts = 1>
ST_65 : Operation 232 [1/1] (0.00ns)   --->   "%sext_ln103_1 = sext i15 %sub_ln103_2" [kern.cpp:103]   --->   Operation 232 'sext' 'sext_ln103_1' <Predicate = true> <Delay = 0.00>
ST_65 : Operation 233 [1/1] (2.59ns)   --->   "%add_ln103_4 = add i33 %sext_ln103_1, i33 %add_ln103_read" [kern.cpp:103]   --->   Operation 233 'add' 'add_ln103_4' <Predicate = true> <Delay = 2.59> <CoreInst = "Adder">   --->   Core 1 'Adder' <Latency = 0> <II = 1> <Delay = 2.59> <FuncUnit> <Opcode : 'add' 'sub'> <InPorts = 2> <OutPorts = 1>
ST_65 : Operation 234 [6/68] (5.27ns)   --->   "%urem_ln103 = urem i64 %sext_ln103_4, i64 14" [kern.cpp:103]   --->   Operation 234 'urem' 'urem_ln103' <Predicate = true> <Delay = 5.27> <CoreInst = "Divider">   --->   Core 6 'Divider' <Latency = 67> <II = 1> <Delay = 5.27> <FuncUnit> <Opcode : 'udiv' 'sdiv' 'urem' 'srem'> <InPorts = 2> <OutPorts = 1>

State 66 <SV = 65> <Delay = 9.17>
ST_66 : Operation 235 [1/1] (0.00ns)   --->   "%sext_ln103_5 = sext i33 %add_ln103_4" [kern.cpp:103]   --->   Operation 235 'sext' 'sext_ln103_5' <Predicate = (icmp_ln102)> <Delay = 0.00>
ST_66 : Operation 236 [1/1] (0.00ns)   --->   "%zext_ln103_2 = zext i64 %sext_ln103_5" [kern.cpp:103]   --->   Operation 236 'zext' 'zext_ln103_2' <Predicate = (icmp_ln102)> <Delay = 0.00>
ST_66 : Operation 237 [3/3] (9.17ns)   --->   "%mul_ln103 = mul i129 %zext_ln103_2, i129 21081993227096630419" [kern.cpp:103]   --->   Operation 237 'mul' 'mul_ln103' <Predicate = (icmp_ln102)> <Delay = 9.17> <CoreInst = "Multiplier">   --->   Core 3 'Multiplier' <Latency = 2> <II = 1> <Delay = 9.17> <FuncUnit> <Opcode : 'mul'> <InPorts = 2> <OutPorts = 1>
ST_66 : Operation 238 [5/68] (5.27ns)   --->   "%urem_ln103 = urem i64 %sext_ln103_4, i64 14" [kern.cpp:103]   --->   Operation 238 'urem' 'urem_ln103' <Predicate = true> <Delay = 5.27> <CoreInst = "Divider">   --->   Core 6 'Divider' <Latency = 67> <II = 1> <Delay = 5.27> <FuncUnit> <Opcode : 'udiv' 'sdiv' 'urem' 'srem'> <InPorts = 2> <OutPorts = 1>

State 67 <SV = 66> <Delay = 9.17>
ST_67 : Operation 239 [2/3] (9.17ns)   --->   "%mul_ln103 = mul i129 %zext_ln103_2, i129 21081993227096630419" [kern.cpp:103]   --->   Operation 239 'mul' 'mul_ln103' <Predicate = (icmp_ln102)> <Delay = 9.17> <CoreInst = "Multiplier">   --->   Core 3 'Multiplier' <Latency = 2> <II = 1> <Delay = 9.17> <FuncUnit> <Opcode : 'mul'> <InPorts = 2> <OutPorts = 1>
ST_67 : Operation 240 [4/68] (5.27ns)   --->   "%urem_ln103 = urem i64 %sext_ln103_4, i64 14" [kern.cpp:103]   --->   Operation 240 'urem' 'urem_ln103' <Predicate = true> <Delay = 5.27> <CoreInst = "Divider">   --->   Core 6 'Divider' <Latency = 67> <II = 1> <Delay = 5.27> <FuncUnit> <Opcode : 'udiv' 'sdiv' 'urem' 'srem'> <InPorts = 2> <OutPorts = 1>

State 68 <SV = 67> <Delay = 9.17>
ST_68 : Operation 241 [1/3] (9.17ns)   --->   "%mul_ln103 = mul i129 %zext_ln103_2, i129 21081993227096630419" [kern.cpp:103]   --->   Operation 241 'mul' 'mul_ln103' <Predicate = (icmp_ln102)> <Delay = 9.17> <CoreInst = "Multiplier">   --->   Core 3 'Multiplier' <Latency = 2> <II = 1> <Delay = 9.17> <FuncUnit> <Opcode : 'mul'> <InPorts = 2> <OutPorts = 1>
ST_68 : Operation 242 [1/1] (0.00ns)   --->   "%tmp_141 = partselect i61 @_ssdm_op_PartSelect.i61.i129.i32.i32, i129 %mul_ln103, i32 68, i32 128" [kern.cpp:103]   --->   Operation 242 'partselect' 'tmp_141' <Predicate = (icmp_ln102)> <Delay = 0.00>
ST_68 : Operation 243 [3/68] (5.27ns)   --->   "%urem_ln103 = urem i64 %sext_ln103_4, i64 14" [kern.cpp:103]   --->   Operation 243 'urem' 'urem_ln103' <Predicate = true> <Delay = 5.27> <CoreInst = "Divider">   --->   Core 6 'Divider' <Latency = 67> <II = 1> <Delay = 5.27> <FuncUnit> <Opcode : 'udiv' 'sdiv' 'urem' 'srem'> <InPorts = 2> <OutPorts = 1>

State 69 <SV = 68> <Delay = 5.27>
ST_69 : Operation 244 [1/1] (0.00ns)   --->   "%zext_ln103_3 = zext i61 %tmp_141" [kern.cpp:103]   --->   Operation 244 'zext' 'zext_ln103_3' <Predicate = (icmp_ln102)> <Delay = 0.00>
ST_69 : Operation 245 [2/68] (5.27ns)   --->   "%urem_ln103 = urem i64 %sext_ln103_4, i64 14" [kern.cpp:103]   --->   Operation 245 'urem' 'urem_ln103' <Predicate = true> <Delay = 5.27> <CoreInst = "Divider">   --->   Core 6 'Divider' <Latency = 67> <II = 1> <Delay = 5.27> <FuncUnit> <Opcode : 'udiv' 'sdiv' 'urem' 'srem'> <InPorts = 2> <OutPorts = 1>
ST_69 : Operation 246 [1/1] (0.00ns)   --->   "%input_0_addr = getelementptr i16 %input_0, i64 0, i64 %zext_ln103_3" [kern.cpp:103]   --->   Operation 246 'getelementptr' 'input_0_addr' <Predicate = (icmp_ln102)> <Delay = 0.00>
ST_69 : Operation 247 [1/1] (0.00ns)   --->   "%input_1_addr = getelementptr i16 %input_1, i64 0, i64 %zext_ln103_3" [kern.cpp:103]   --->   Operation 247 'getelementptr' 'input_1_addr' <Predicate = (icmp_ln102)> <Delay = 0.00>
ST_69 : Operation 248 [1/1] (0.00ns)   --->   "%input_2_addr = getelementptr i16 %input_2, i64 0, i64 %zext_ln103_3" [kern.cpp:103]   --->   Operation 248 'getelementptr' 'input_2_addr' <Predicate = (icmp_ln102)> <Delay = 0.00>
ST_69 : Operation 249 [1/1] (0.00ns)   --->   "%input_3_addr = getelementptr i16 %input_3, i64 0, i64 %zext_ln103_3" [kern.cpp:103]   --->   Operation 249 'getelementptr' 'input_3_addr' <Predicate = (icmp_ln102)> <Delay = 0.00>
ST_69 : Operation 250 [1/1] (0.00ns)   --->   "%input_4_addr = getelementptr i16 %input_4, i64 0, i64 %zext_ln103_3" [kern.cpp:103]   --->   Operation 250 'getelementptr' 'input_4_addr' <Predicate = (icmp_ln102)> <Delay = 0.00>
ST_69 : Operation 251 [1/1] (0.00ns)   --->   "%input_5_addr = getelementptr i16 %input_5, i64 0, i64 %zext_ln103_3" [kern.cpp:103]   --->   Operation 251 'getelementptr' 'input_5_addr' <Predicate = (icmp_ln102)> <Delay = 0.00>
ST_69 : Operation 252 [1/1] (0.00ns)   --->   "%input_6_addr = getelementptr i16 %input_6, i64 0, i64 %zext_ln103_3" [kern.cpp:103]   --->   Operation 252 'getelementptr' 'input_6_addr' <Predicate = (icmp_ln102)> <Delay = 0.00>
ST_69 : Operation 253 [1/1] (0.00ns)   --->   "%input_7_addr = getelementptr i16 %input_7, i64 0, i64 %zext_ln103_3" [kern.cpp:103]   --->   Operation 253 'getelementptr' 'input_7_addr' <Predicate = (icmp_ln102)> <Delay = 0.00>
ST_69 : Operation 254 [1/1] (0.00ns)   --->   "%input_8_addr = getelementptr i16 %input_8, i64 0, i64 %zext_ln103_3" [kern.cpp:103]   --->   Operation 254 'getelementptr' 'input_8_addr' <Predicate = (icmp_ln102)> <Delay = 0.00>
ST_69 : Operation 255 [1/1] (0.00ns)   --->   "%input_9_addr = getelementptr i16 %input_9, i64 0, i64 %zext_ln103_3" [kern.cpp:103]   --->   Operation 255 'getelementptr' 'input_9_addr' <Predicate = (icmp_ln102)> <Delay = 0.00>
ST_69 : Operation 256 [1/1] (0.00ns)   --->   "%input_10_addr = getelementptr i16 %input_10, i64 0, i64 %zext_ln103_3" [kern.cpp:103]   --->   Operation 256 'getelementptr' 'input_10_addr' <Predicate = (icmp_ln102)> <Delay = 0.00>
ST_69 : Operation 257 [1/1] (0.00ns)   --->   "%input_11_addr = getelementptr i16 %input_11, i64 0, i64 %zext_ln103_3" [kern.cpp:103]   --->   Operation 257 'getelementptr' 'input_11_addr' <Predicate = (icmp_ln102)> <Delay = 0.00>
ST_69 : Operation 258 [1/1] (0.00ns)   --->   "%input_12_addr = getelementptr i16 %input_12, i64 0, i64 %zext_ln103_3" [kern.cpp:103]   --->   Operation 258 'getelementptr' 'input_12_addr' <Predicate = (icmp_ln102)> <Delay = 0.00>
ST_69 : Operation 259 [1/1] (0.00ns)   --->   "%input_13_addr = getelementptr i16 %input_13, i64 0, i64 %zext_ln103_3" [kern.cpp:103]   --->   Operation 259 'getelementptr' 'input_13_addr' <Predicate = (icmp_ln102)> <Delay = 0.00>
ST_69 : Operation 260 [2/2] (3.25ns)   --->   "%input_0_load = load i8 %input_0_addr" [kern.cpp:103]   --->   Operation 260 'load' 'input_0_load' <Predicate = (icmp_ln102)> <Delay = 3.25> <CoreInst = "RAM">   --->   Core 81 'RAM' <Latency = 1> <II = 1> <Delay = 3.25> <Storage> <Opcode : 'load' 'store'> <Ports = 2> <Width = 16> <Depth = 220> <RAM>
ST_69 : Operation 261 [2/2] (3.25ns)   --->   "%input_1_load = load i8 %input_1_addr" [kern.cpp:103]   --->   Operation 261 'load' 'input_1_load' <Predicate = (icmp_ln102)> <Delay = 3.25> <CoreInst = "RAM">   --->   Core 81 'RAM' <Latency = 1> <II = 1> <Delay = 3.25> <Storage> <Opcode : 'load' 'store'> <Ports = 2> <Width = 16> <Depth = 220> <RAM>
ST_69 : Operation 262 [2/2] (3.25ns)   --->   "%input_2_load = load i8 %input_2_addr" [kern.cpp:103]   --->   Operation 262 'load' 'input_2_load' <Predicate = (icmp_ln102)> <Delay = 3.25> <CoreInst = "RAM">   --->   Core 81 'RAM' <Latency = 1> <II = 1> <Delay = 3.25> <Storage> <Opcode : 'load' 'store'> <Ports = 2> <Width = 16> <Depth = 220> <RAM>
ST_69 : Operation 263 [2/2] (3.25ns)   --->   "%input_3_load = load i8 %input_3_addr" [kern.cpp:103]   --->   Operation 263 'load' 'input_3_load' <Predicate = (icmp_ln102)> <Delay = 3.25> <CoreInst = "RAM">   --->   Core 81 'RAM' <Latency = 1> <II = 1> <Delay = 3.25> <Storage> <Opcode : 'load' 'store'> <Ports = 2> <Width = 16> <Depth = 220> <RAM>
ST_69 : Operation 264 [2/2] (3.25ns)   --->   "%input_4_load = load i8 %input_4_addr" [kern.cpp:103]   --->   Operation 264 'load' 'input_4_load' <Predicate = (icmp_ln102)> <Delay = 3.25> <CoreInst = "RAM">   --->   Core 81 'RAM' <Latency = 1> <II = 1> <Delay = 3.25> <Storage> <Opcode : 'load' 'store'> <Ports = 2> <Width = 16> <Depth = 220> <RAM>
ST_69 : Operation 265 [2/2] (3.25ns)   --->   "%input_5_load = load i8 %input_5_addr" [kern.cpp:103]   --->   Operation 265 'load' 'input_5_load' <Predicate = (icmp_ln102)> <Delay = 3.25> <CoreInst = "RAM">   --->   Core 81 'RAM' <Latency = 1> <II = 1> <Delay = 3.25> <Storage> <Opcode : 'load' 'store'> <Ports = 2> <Width = 16> <Depth = 220> <RAM>
ST_69 : Operation 266 [2/2] (3.25ns)   --->   "%input_6_load = load i8 %input_6_addr" [kern.cpp:103]   --->   Operation 266 'load' 'input_6_load' <Predicate = (icmp_ln102)> <Delay = 3.25> <CoreInst = "RAM">   --->   Core 81 'RAM' <Latency = 1> <II = 1> <Delay = 3.25> <Storage> <Opcode : 'load' 'store'> <Ports = 2> <Width = 16> <Depth = 220> <RAM>
ST_69 : Operation 267 [2/2] (3.25ns)   --->   "%input_7_load = load i8 %input_7_addr" [kern.cpp:103]   --->   Operation 267 'load' 'input_7_load' <Predicate = (icmp_ln102)> <Delay = 3.25> <CoreInst = "RAM">   --->   Core 81 'RAM' <Latency = 1> <II = 1> <Delay = 3.25> <Storage> <Opcode : 'load' 'store'> <Ports = 2> <Width = 16> <Depth = 220> <RAM>
ST_69 : Operation 268 [2/2] (3.25ns)   --->   "%input_8_load = load i8 %input_8_addr" [kern.cpp:103]   --->   Operation 268 'load' 'input_8_load' <Predicate = (icmp_ln102)> <Delay = 3.25> <CoreInst = "RAM">   --->   Core 81 'RAM' <Latency = 1> <II = 1> <Delay = 3.25> <Storage> <Opcode : 'load' 'store'> <Ports = 2> <Width = 16> <Depth = 220> <RAM>
ST_69 : Operation 269 [2/2] (3.25ns)   --->   "%input_9_load = load i8 %input_9_addr" [kern.cpp:103]   --->   Operation 269 'load' 'input_9_load' <Predicate = (icmp_ln102)> <Delay = 3.25> <CoreInst = "RAM">   --->   Core 81 'RAM' <Latency = 1> <II = 1> <Delay = 3.25> <Storage> <Opcode : 'load' 'store'> <Ports = 2> <Width = 16> <Depth = 220> <RAM>
ST_69 : Operation 270 [2/2] (3.25ns)   --->   "%input_10_load = load i8 %input_10_addr" [kern.cpp:103]   --->   Operation 270 'load' 'input_10_load' <Predicate = (icmp_ln102)> <Delay = 3.25> <CoreInst = "RAM">   --->   Core 81 'RAM' <Latency = 1> <II = 1> <Delay = 3.25> <Storage> <Opcode : 'load' 'store'> <Ports = 2> <Width = 16> <Depth = 220> <RAM>
ST_69 : Operation 271 [2/2] (3.25ns)   --->   "%input_11_load = load i8 %input_11_addr" [kern.cpp:103]   --->   Operation 271 'load' 'input_11_load' <Predicate = (icmp_ln102)> <Delay = 3.25> <CoreInst = "RAM">   --->   Core 81 'RAM' <Latency = 1> <II = 1> <Delay = 3.25> <Storage> <Opcode : 'load' 'store'> <Ports = 2> <Width = 16> <Depth = 220> <RAM>
ST_69 : Operation 272 [2/2] (3.25ns)   --->   "%input_12_load = load i8 %input_12_addr" [kern.cpp:103]   --->   Operation 272 'load' 'input_12_load' <Predicate = (icmp_ln102)> <Delay = 3.25> <CoreInst = "RAM">   --->   Core 81 'RAM' <Latency = 1> <II = 1> <Delay = 3.25> <Storage> <Opcode : 'load' 'store'> <Ports = 2> <Width = 16> <Depth = 220> <RAM>
ST_69 : Operation 273 [2/2] (3.25ns)   --->   "%input_13_load = load i8 %input_13_addr" [kern.cpp:103]   --->   Operation 273 'load' 'input_13_load' <Predicate = (icmp_ln102)> <Delay = 3.25> <CoreInst = "RAM">   --->   Core 81 'RAM' <Latency = 1> <II = 1> <Delay = 3.25> <Storage> <Opcode : 'load' 'store'> <Ports = 2> <Width = 16> <Depth = 220> <RAM>

State 70 <SV = 69> <Delay = 8.03>
ST_70 : Operation 274 [1/68] (5.27ns)   --->   "%urem_ln103 = urem i64 %sext_ln103_4, i64 14" [kern.cpp:103]   --->   Operation 274 'urem' 'urem_ln103' <Predicate = true> <Delay = 5.27> <CoreInst = "Divider">   --->   Core 6 'Divider' <Latency = 67> <II = 1> <Delay = 5.27> <FuncUnit> <Opcode : 'udiv' 'sdiv' 'urem' 'srem'> <InPorts = 2> <OutPorts = 1>
ST_70 : Operation 275 [1/1] (0.00ns)   --->   "%trunc_ln103 = trunc i4 %urem_ln103" [kern.cpp:103]   --->   Operation 275 'trunc' 'trunc_ln103' <Predicate = (icmp_ln102)> <Delay = 0.00>
ST_70 : Operation 276 [1/1] (1.73ns)   --->   "%sub_ln103 = sub i4 13, i4 %trunc_ln103" [kern.cpp:103]   --->   Operation 276 'sub' 'sub_ln103' <Predicate = (icmp_ln102 & tmp_142)> <Delay = 1.73> <CoreInst = "Adder">   --->   Core 1 'Adder' <Latency = 0> <II = 1> <Delay = 1.73> <FuncUnit> <Opcode : 'add' 'sub'> <InPorts = 2> <OutPorts = 1>
ST_70 : Operation 277 [1/1] (1.02ns)   --->   "%select_ln103 = select i1 %tmp_142, i4 %sub_ln103, i4 %trunc_ln103" [kern.cpp:103]   --->   Operation 277 'select' 'select_ln103' <Predicate = (icmp_ln102)> <Delay = 1.02> <CoreInst = "Sel">   --->   Core 73 'Sel' <Latency = 0> <II = 1> <Delay = 1.02> <FuncUnit> <Opcode : 'select'> <InPorts = 3> <OutPorts = 1>
ST_70 : Operation 278 [1/2] ( I:3.25ns O:3.25ns )   --->   "%input_0_load = load i8 %input_0_addr" [kern.cpp:103]   --->   Operation 278 'load' 'input_0_load' <Predicate = (icmp_ln102)> <Delay = 3.25> <CoreInst = "RAM">   --->   Core 81 'RAM' <Latency = 1> <II = 1> <Delay = 3.25> <Storage> <Opcode : 'load' 'store'> <Ports = 2> <Width = 16> <Depth = 220> <RAM>
ST_70 : Operation 279 [1/2] ( I:3.25ns O:3.25ns )   --->   "%input_1_load = load i8 %input_1_addr" [kern.cpp:103]   --->   Operation 279 'load' 'input_1_load' <Predicate = (icmp_ln102)> <Delay = 3.25> <CoreInst = "RAM">   --->   Core 81 'RAM' <Latency = 1> <II = 1> <Delay = 3.25> <Storage> <Opcode : 'load' 'store'> <Ports = 2> <Width = 16> <Depth = 220> <RAM>
ST_70 : Operation 280 [1/2] ( I:3.25ns O:3.25ns )   --->   "%input_2_load = load i8 %input_2_addr" [kern.cpp:103]   --->   Operation 280 'load' 'input_2_load' <Predicate = (icmp_ln102)> <Delay = 3.25> <CoreInst = "RAM">   --->   Core 81 'RAM' <Latency = 1> <II = 1> <Delay = 3.25> <Storage> <Opcode : 'load' 'store'> <Ports = 2> <Width = 16> <Depth = 220> <RAM>
ST_70 : Operation 281 [1/2] ( I:3.25ns O:3.25ns )   --->   "%input_3_load = load i8 %input_3_addr" [kern.cpp:103]   --->   Operation 281 'load' 'input_3_load' <Predicate = (icmp_ln102)> <Delay = 3.25> <CoreInst = "RAM">   --->   Core 81 'RAM' <Latency = 1> <II = 1> <Delay = 3.25> <Storage> <Opcode : 'load' 'store'> <Ports = 2> <Width = 16> <Depth = 220> <RAM>
ST_70 : Operation 282 [1/2] ( I:3.25ns O:3.25ns )   --->   "%input_4_load = load i8 %input_4_addr" [kern.cpp:103]   --->   Operation 282 'load' 'input_4_load' <Predicate = (icmp_ln102)> <Delay = 3.25> <CoreInst = "RAM">   --->   Core 81 'RAM' <Latency = 1> <II = 1> <Delay = 3.25> <Storage> <Opcode : 'load' 'store'> <Ports = 2> <Width = 16> <Depth = 220> <RAM>
ST_70 : Operation 283 [1/2] ( I:3.25ns O:3.25ns )   --->   "%input_5_load = load i8 %input_5_addr" [kern.cpp:103]   --->   Operation 283 'load' 'input_5_load' <Predicate = (icmp_ln102)> <Delay = 3.25> <CoreInst = "RAM">   --->   Core 81 'RAM' <Latency = 1> <II = 1> <Delay = 3.25> <Storage> <Opcode : 'load' 'store'> <Ports = 2> <Width = 16> <Depth = 220> <RAM>
ST_70 : Operation 284 [1/2] ( I:3.25ns O:3.25ns )   --->   "%input_6_load = load i8 %input_6_addr" [kern.cpp:103]   --->   Operation 284 'load' 'input_6_load' <Predicate = (icmp_ln102)> <Delay = 3.25> <CoreInst = "RAM">   --->   Core 81 'RAM' <Latency = 1> <II = 1> <Delay = 3.25> <Storage> <Opcode : 'load' 'store'> <Ports = 2> <Width = 16> <Depth = 220> <RAM>
ST_70 : Operation 285 [1/2] ( I:3.25ns O:3.25ns )   --->   "%input_7_load = load i8 %input_7_addr" [kern.cpp:103]   --->   Operation 285 'load' 'input_7_load' <Predicate = (icmp_ln102)> <Delay = 3.25> <CoreInst = "RAM">   --->   Core 81 'RAM' <Latency = 1> <II = 1> <Delay = 3.25> <Storage> <Opcode : 'load' 'store'> <Ports = 2> <Width = 16> <Depth = 220> <RAM>
ST_70 : Operation 286 [1/2] ( I:3.25ns O:3.25ns )   --->   "%input_8_load = load i8 %input_8_addr" [kern.cpp:103]   --->   Operation 286 'load' 'input_8_load' <Predicate = (icmp_ln102)> <Delay = 3.25> <CoreInst = "RAM">   --->   Core 81 'RAM' <Latency = 1> <II = 1> <Delay = 3.25> <Storage> <Opcode : 'load' 'store'> <Ports = 2> <Width = 16> <Depth = 220> <RAM>
ST_70 : Operation 287 [1/2] ( I:3.25ns O:3.25ns )   --->   "%input_9_load = load i8 %input_9_addr" [kern.cpp:103]   --->   Operation 287 'load' 'input_9_load' <Predicate = (icmp_ln102)> <Delay = 3.25> <CoreInst = "RAM">   --->   Core 81 'RAM' <Latency = 1> <II = 1> <Delay = 3.25> <Storage> <Opcode : 'load' 'store'> <Ports = 2> <Width = 16> <Depth = 220> <RAM>
ST_70 : Operation 288 [1/2] ( I:3.25ns O:3.25ns )   --->   "%input_10_load = load i8 %input_10_addr" [kern.cpp:103]   --->   Operation 288 'load' 'input_10_load' <Predicate = (icmp_ln102)> <Delay = 3.25> <CoreInst = "RAM">   --->   Core 81 'RAM' <Latency = 1> <II = 1> <Delay = 3.25> <Storage> <Opcode : 'load' 'store'> <Ports = 2> <Width = 16> <Depth = 220> <RAM>
ST_70 : Operation 289 [1/2] ( I:3.25ns O:3.25ns )   --->   "%input_11_load = load i8 %input_11_addr" [kern.cpp:103]   --->   Operation 289 'load' 'input_11_load' <Predicate = (icmp_ln102)> <Delay = 3.25> <CoreInst = "RAM">   --->   Core 81 'RAM' <Latency = 1> <II = 1> <Delay = 3.25> <Storage> <Opcode : 'load' 'store'> <Ports = 2> <Width = 16> <Depth = 220> <RAM>
ST_70 : Operation 290 [1/2] ( I:3.25ns O:3.25ns )   --->   "%input_12_load = load i8 %input_12_addr" [kern.cpp:103]   --->   Operation 290 'load' 'input_12_load' <Predicate = (icmp_ln102)> <Delay = 3.25> <CoreInst = "RAM">   --->   Core 81 'RAM' <Latency = 1> <II = 1> <Delay = 3.25> <Storage> <Opcode : 'load' 'store'> <Ports = 2> <Width = 16> <Depth = 220> <RAM>
ST_70 : Operation 291 [1/2] ( I:3.25ns O:3.25ns )   --->   "%input_13_load = load i8 %input_13_addr" [kern.cpp:103]   --->   Operation 291 'load' 'input_13_load' <Predicate = (icmp_ln102)> <Delay = 3.25> <CoreInst = "RAM">   --->   Core 81 'RAM' <Latency = 1> <II = 1> <Delay = 3.25> <Storage> <Opcode : 'load' 'store'> <Ports = 2> <Width = 16> <Depth = 220> <RAM>
ST_70 : Operation 305 [1/1] (0.00ns)   --->   "%loc_load = load i32 %loc"   --->   Operation 305 'load' 'loc_load' <Predicate = (icmp_ln98)> <Delay = 0.00>
ST_70 : Operation 306 [1/1] (0.00ns)   --->   "%write_ln0 = write void @_ssdm_op_Write.ap_auto.i32P0A, i32 %loc_11_out, i32 %loc_load"   --->   Operation 306 'write' 'write_ln0' <Predicate = (icmp_ln98)> <Delay = 0.00>
ST_70 : Operation 307 [1/1] (1.58ns)   --->   "%ret_ln0 = ret"   --->   Operation 307 'ret' 'ret_ln0' <Predicate = (icmp_ln98)> <Delay = 1.58>

State 71 <SV = 70> <Delay = 9.33>
ST_71 : Operation 292 [1/1] (0.00ns)   --->   "%loc_load_4 = load i32 %loc" [kern.cpp:105]   --->   Operation 292 'load' 'loc_load_4' <Predicate = true> <Delay = 0.00>
ST_71 : Operation 293 [1/1] (0.00ns)   --->   "%specloopname_ln0 = specloopname void @_ssdm_op_SpecLoopName, void @INIT_KH_INIT_KW_str"   --->   Operation 293 'specloopname' 'specloopname_ln0' <Predicate = true> <Delay = 0.00>
ST_71 : Operation 294 [1/1] (0.00ns)   --->   "%speclooptripcount_ln0 = speclooptripcount void @_ssdm_op_SpecLoopTripCount, i64 9, i64 9, i64 9"   --->   Operation 294 'speclooptripcount' 'speclooptripcount_ln0' <Predicate = true> <Delay = 0.00>
ST_71 : Operation 295 [1/1] (0.00ns)   --->   "%specpipeline_ln100 = specpipeline void @_ssdm_op_SpecPipeline, i32 1, i32 0, i32 0, i32 0, i32 4294967295, void @empty_5" [kern.cpp:100]   --->   Operation 295 'specpipeline' 'specpipeline_ln100' <Predicate = true> <Delay = 0.00>
ST_71 : Operation 296 [1/1] (2.42ns)   --->   "%px = sparsemux i16 @_ssdm_op_SparseMux.ap_auto.14i16.i16.i4, i4 1, i16 %input_0_load, i4 2, i16 %input_1_load, i4 3, i16 %input_2_load, i4 4, i16 %input_3_load, i4 5, i16 %input_4_load, i4 6, i16 %input_5_load, i4 7, i16 %input_6_load, i4 8, i16 %input_7_load, i4 9, i16 %input_8_load, i4 10, i16 %input_9_load, i4 11, i16 %input_10_load, i4 12, i16 %input_11_load, i4 13, i16 %input_12_load, i4 0, i16 %input_13_load, i16 0, i4 %select_ln103" [kern.cpp:103]   --->   Operation 296 'sparsemux' 'px' <Predicate = (icmp_ln102)> <Delay = 2.42> <CoreInst = "BinarySparseMux_DontCare">   --->   Core 137 'BinarySparseMux_DontCare' <Latency = 0> <II = 1> <Delay = 2.42> <FuncUnit> <Opcode : 'sparsemux'> <InPorts = 2> <OutPorts = 1>
ST_71 : Operation 297 [1/1] (0.00ns)   --->   "%zext_ln105 = zext i16 %px" [kern.cpp:105]   --->   Operation 297 'zext' 'zext_ln105' <Predicate = (icmp_ln102)> <Delay = 0.00>
ST_71 : Operation 298 [1/1] (2.07ns)   --->   "%sub_ln105 = sub i17 0, i17 %zext_ln105" [kern.cpp:105]   --->   Operation 298 'sub' 'sub_ln105' <Predicate = (icmp_ln102 & !w)> <Delay = 2.07> <CoreInst = "Adder">   --->   Core 1 'Adder' <Latency = 0> <II = 1> <Delay = 2.07> <FuncUnit> <Opcode : 'add' 'sub'> <InPorts = 2> <OutPorts = 1>
ST_71 : Operation 299 [1/1] (0.00ns) (grouped into LUT with out node loc_9)   --->   "%select_ln105 = select i1 %w, i17 %zext_ln105, i17 %sub_ln105" [kern.cpp:105]   --->   Operation 299 'select' 'select_ln105' <Predicate = (icmp_ln102)> <Delay = 0.00> <CoreInst = "Sel">   --->   Core 73 'Sel' <Latency = 0> <II = 1> <Delay = 0.78> <FuncUnit> <Opcode : 'select'> <InPorts = 3> <OutPorts = 1>
ST_71 : Operation 300 [1/1] (0.00ns) (grouped into LUT with out node loc_9)   --->   "%sext_ln105 = sext i17 %select_ln105" [kern.cpp:105]   --->   Operation 300 'sext' 'sext_ln105' <Predicate = (icmp_ln102)> <Delay = 0.00>
ST_71 : Operation 301 [1/1] (2.55ns) (out node of the LUT)   --->   "%loc_9 = add i32 %sext_ln105, i32 %loc_load_4" [kern.cpp:105]   --->   Operation 301 'add' 'loc_9' <Predicate = (icmp_ln102)> <Delay = 2.55> <CoreInst = "Adder">   --->   Core 1 'Adder' <Latency = 0> <II = 1> <Delay = 2.55> <FuncUnit> <Opcode : 'add' 'sub'> <InPorts = 2> <OutPorts = 1>
ST_71 : Operation 302 [1/1] (0.69ns)   --->   "%loc_3 = select i1 %icmp_ln102, i32 %loc_9, i32 %loc_load_4" [kern.cpp:102]   --->   Operation 302 'select' 'loc_3' <Predicate = true> <Delay = 0.69> <CoreInst = "Sel">   --->   Core 73 'Sel' <Latency = 0> <II = 1> <Delay = 0.69> <FuncUnit> <Opcode : 'select'> <InPorts = 3> <OutPorts = 1>
ST_71 : Operation 303 [1/1] (1.58ns)   --->   "%store_ln95 = store i32 %loc_3, i32 %loc" [kern.cpp:95]   --->   Operation 303 'store' 'store_ln95' <Predicate = true> <Delay = 1.58>
ST_71 : Operation 304 [1/1] (0.00ns)   --->   "%br_ln99 = br void %for.body18" [kern.cpp:99]   --->   Operation 304 'br' 'br_ln99' <Predicate = true> <Delay = 0.00>


============================================================
+ Verbose Summary: Timing violations
============================================================
Target clock period: 13.000ns, clock uncertainty: 3.510ns.

 <State 1>: 4.911ns
The critical path consists of the following:
	'store' operation ('store_ln0') of constant 0 4 bit on local variable 'indvar_flatten' [86]  (1.588 ns)
	'load' operation 4 bit ('indvar_flatten_load', kern.cpp:98) on local variable 'indvar_flatten' [92]  (0.000 ns)
	'icmp' operation 1 bit ('icmp_ln98', kern.cpp:98) [93]  (1.735 ns)
	'store' operation ('store_ln98', kern.cpp:98) of variable 'add_ln98_1', kern.cpp:98 4 bit on local variable 'indvar_flatten' [193]  (1.588 ns)

 <State 2>: 8.297ns
The critical path consists of the following:
	'load' operation 2 bit ('kw_load', kern.cpp:99) on local variable 'kw', kern.cpp:99 [98]  (0.000 ns)
	'icmp' operation 1 bit ('icmp_ln99', kern.cpp:99) [103]  (1.565 ns)
	'select' operation 2 bit ('select_ln98', kern.cpp:98) [105]  (0.993 ns)
	'sub' operation 4 bit ('sub_ln104', kern.cpp:104) [114]  (0.000 ns)
	'add' operation 4 bit ('add_ln104', kern.cpp:104) [181]  (3.316 ns)
	'sparsemux' operation 1 bit ('tmp', kern.cpp:104) [182]  (2.423 ns)

 <State 3>: 8.858ns
The critical path consists of the following:
	'add' operation 33 bit ('add_ln103_2', kern.cpp:103) [131]  (2.593 ns)
	'xor' operation 33 bit ('xor_ln103', kern.cpp:103) [146]  (0.993 ns)
	'urem' operation 4 bit ('urem_ln103', kern.cpp:103) [148]  (5.272 ns)

 <State 4>: 5.272ns
The critical path consists of the following:
	'urem' operation 4 bit ('urem_ln103', kern.cpp:103) [148]  (5.272 ns)

 <State 5>: 5.272ns
The critical path consists of the following:
	'urem' operation 4 bit ('urem_ln103', kern.cpp:103) [148]  (5.272 ns)

 <State 6>: 5.272ns
The critical path consists of the following:
	'urem' operation 4 bit ('urem_ln103', kern.cpp:103) [148]  (5.272 ns)

 <State 7>: 5.272ns
The critical path consists of the following:
	'urem' operation 4 bit ('urem_ln103', kern.cpp:103) [148]  (5.272 ns)

 <State 8>: 5.272ns
The critical path consists of the following:
	'urem' operation 4 bit ('urem_ln103', kern.cpp:103) [148]  (5.272 ns)

 <State 9>: 5.272ns
The critical path consists of the following:
	'urem' operation 4 bit ('urem_ln103', kern.cpp:103) [148]  (5.272 ns)

 <State 10>: 5.272ns
The critical path consists of the following:
	'urem' operation 4 bit ('urem_ln103', kern.cpp:103) [148]  (5.272 ns)

 <State 11>: 5.272ns
The critical path consists of the following:
	'urem' operation 4 bit ('urem_ln103', kern.cpp:103) [148]  (5.272 ns)

 <State 12>: 5.272ns
The critical path consists of the following:
	'urem' operation 4 bit ('urem_ln103', kern.cpp:103) [148]  (5.272 ns)

 <State 13>: 5.272ns
The critical path consists of the following:
	'urem' operation 4 bit ('urem_ln103', kern.cpp:103) [148]  (5.272 ns)

 <State 14>: 5.272ns
The critical path consists of the following:
	'urem' operation 4 bit ('urem_ln103', kern.cpp:103) [148]  (5.272 ns)

 <State 15>: 5.272ns
The critical path consists of the following:
	'urem' operation 4 bit ('urem_ln103', kern.cpp:103) [148]  (5.272 ns)

 <State 16>: 5.272ns
The critical path consists of the following:
	'urem' operation 4 bit ('urem_ln103', kern.cpp:103) [148]  (5.272 ns)

 <State 17>: 5.272ns
The critical path consists of the following:
	'urem' operation 4 bit ('urem_ln103', kern.cpp:103) [148]  (5.272 ns)

 <State 18>: 5.272ns
The critical path consists of the following:
	'urem' operation 4 bit ('urem_ln103', kern.cpp:103) [148]  (5.272 ns)

 <State 19>: 5.272ns
The critical path consists of the following:
	'urem' operation 4 bit ('urem_ln103', kern.cpp:103) [148]  (5.272 ns)

 <State 20>: 5.272ns
The critical path consists of the following:
	'urem' operation 4 bit ('urem_ln103', kern.cpp:103) [148]  (5.272 ns)

 <State 21>: 5.272ns
The critical path consists of the following:
	'urem' operation 4 bit ('urem_ln103', kern.cpp:103) [148]  (5.272 ns)

 <State 22>: 5.272ns
The critical path consists of the following:
	'urem' operation 4 bit ('urem_ln103', kern.cpp:103) [148]  (5.272 ns)

 <State 23>: 5.272ns
The critical path consists of the following:
	'urem' operation 4 bit ('urem_ln103', kern.cpp:103) [148]  (5.272 ns)

 <State 24>: 5.272ns
The critical path consists of the following:
	'urem' operation 4 bit ('urem_ln103', kern.cpp:103) [148]  (5.272 ns)

 <State 25>: 5.272ns
The critical path consists of the following:
	'urem' operation 4 bit ('urem_ln103', kern.cpp:103) [148]  (5.272 ns)

 <State 26>: 5.272ns
The critical path consists of the following:
	'urem' operation 4 bit ('urem_ln103', kern.cpp:103) [148]  (5.272 ns)

 <State 27>: 5.272ns
The critical path consists of the following:
	'urem' operation 4 bit ('urem_ln103', kern.cpp:103) [148]  (5.272 ns)

 <State 28>: 5.272ns
The critical path consists of the following:
	'urem' operation 4 bit ('urem_ln103', kern.cpp:103) [148]  (5.272 ns)

 <State 29>: 5.272ns
The critical path consists of the following:
	'urem' operation 4 bit ('urem_ln103', kern.cpp:103) [148]  (5.272 ns)

 <State 30>: 5.272ns
The critical path consists of the following:
	'urem' operation 4 bit ('urem_ln103', kern.cpp:103) [148]  (5.272 ns)

 <State 31>: 5.272ns
The critical path consists of the following:
	'urem' operation 4 bit ('urem_ln103', kern.cpp:103) [148]  (5.272 ns)

 <State 32>: 5.272ns
The critical path consists of the following:
	'urem' operation 4 bit ('urem_ln103', kern.cpp:103) [148]  (5.272 ns)

 <State 33>: 5.272ns
The critical path consists of the following:
	'urem' operation 4 bit ('urem_ln103', kern.cpp:103) [148]  (5.272 ns)

 <State 34>: 5.272ns
The critical path consists of the following:
	'urem' operation 4 bit ('urem_ln103', kern.cpp:103) [148]  (5.272 ns)

 <State 35>: 5.272ns
The critical path consists of the following:
	'urem' operation 4 bit ('urem_ln103', kern.cpp:103) [148]  (5.272 ns)

 <State 36>: 5.272ns
The critical path consists of the following:
	'urem' operation 4 bit ('urem_ln103', kern.cpp:103) [148]  (5.272 ns)

 <State 37>: 5.272ns
The critical path consists of the following:
	'urem' operation 4 bit ('urem_ln103', kern.cpp:103) [148]  (5.272 ns)

 <State 38>: 5.272ns
The critical path consists of the following:
	'urem' operation 4 bit ('urem_ln103', kern.cpp:103) [148]  (5.272 ns)

 <State 39>: 5.272ns
The critical path consists of the following:
	'urem' operation 4 bit ('urem_ln103', kern.cpp:103) [148]  (5.272 ns)

 <State 40>: 5.272ns
The critical path consists of the following:
	'urem' operation 4 bit ('urem_ln103', kern.cpp:103) [148]  (5.272 ns)

 <State 41>: 5.272ns
The critical path consists of the following:
	'urem' operation 4 bit ('urem_ln103', kern.cpp:103) [148]  (5.272 ns)

 <State 42>: 5.272ns
The critical path consists of the following:
	'urem' operation 4 bit ('urem_ln103', kern.cpp:103) [148]  (5.272 ns)

 <State 43>: 5.272ns
The critical path consists of the following:
	'urem' operation 4 bit ('urem_ln103', kern.cpp:103) [148]  (5.272 ns)

 <State 44>: 5.272ns
The critical path consists of the following:
	'urem' operation 4 bit ('urem_ln103', kern.cpp:103) [148]  (5.272 ns)

 <State 45>: 5.272ns
The critical path consists of the following:
	'urem' operation 4 bit ('urem_ln103', kern.cpp:103) [148]  (5.272 ns)

 <State 46>: 5.272ns
The critical path consists of the following:
	'urem' operation 4 bit ('urem_ln103', kern.cpp:103) [148]  (5.272 ns)

 <State 47>: 5.272ns
The critical path consists of the following:
	'urem' operation 4 bit ('urem_ln103', kern.cpp:103) [148]  (5.272 ns)

 <State 48>: 5.272ns
The critical path consists of the following:
	'urem' operation 4 bit ('urem_ln103', kern.cpp:103) [148]  (5.272 ns)

 <State 49>: 5.272ns
The critical path consists of the following:
	'urem' operation 4 bit ('urem_ln103', kern.cpp:103) [148]  (5.272 ns)

 <State 50>: 5.272ns
The critical path consists of the following:
	'urem' operation 4 bit ('urem_ln103', kern.cpp:103) [148]  (5.272 ns)

 <State 51>: 5.272ns
The critical path consists of the following:
	'urem' operation 4 bit ('urem_ln103', kern.cpp:103) [148]  (5.272 ns)

 <State 52>: 5.272ns
The critical path consists of the following:
	'urem' operation 4 bit ('urem_ln103', kern.cpp:103) [148]  (5.272 ns)

 <State 53>: 5.272ns
The critical path consists of the following:
	'urem' operation 4 bit ('urem_ln103', kern.cpp:103) [148]  (5.272 ns)

 <State 54>: 5.272ns
The critical path consists of the following:
	'urem' operation 4 bit ('urem_ln103', kern.cpp:103) [148]  (5.272 ns)

 <State 55>: 5.272ns
The critical path consists of the following:
	'urem' operation 4 bit ('urem_ln103', kern.cpp:103) [148]  (5.272 ns)

 <State 56>: 5.272ns
The critical path consists of the following:
	'urem' operation 4 bit ('urem_ln103', kern.cpp:103) [148]  (5.272 ns)

 <State 57>: 5.272ns
The critical path consists of the following:
	'urem' operation 4 bit ('urem_ln103', kern.cpp:103) [148]  (5.272 ns)

 <State 58>: 5.272ns
The critical path consists of the following:
	'urem' operation 4 bit ('urem_ln103', kern.cpp:103) [148]  (5.272 ns)

 <State 59>: 5.272ns
The critical path consists of the following:
	'urem' operation 4 bit ('urem_ln103', kern.cpp:103) [148]  (5.272 ns)

 <State 60>: 5.272ns
The critical path consists of the following:
	'urem' operation 4 bit ('urem_ln103', kern.cpp:103) [148]  (5.272 ns)

 <State 61>: 5.272ns
The critical path consists of the following:
	'urem' operation 4 bit ('urem_ln103', kern.cpp:103) [148]  (5.272 ns)

 <State 62>: 5.272ns
The critical path consists of the following:
	'urem' operation 4 bit ('urem_ln103', kern.cpp:103) [148]  (5.272 ns)

 <State 63>: 5.272ns
The critical path consists of the following:
	'urem' operation 4 bit ('urem_ln103', kern.cpp:103) [148]  (5.272 ns)

 <State 64>: 5.272ns
The critical path consists of the following:
	'urem' operation 4 bit ('urem_ln103', kern.cpp:103) [148]  (5.272 ns)

 <State 65>: 7.777ns
The critical path consists of the following:
	'add' operation 7 bit ('add_ln101_1', kern.cpp:101) [110]  (1.825 ns)
	'add' operation 12 bit ('add_ln103_3', kern.cpp:103) [132]  (1.547 ns)
	'sub' operation 15 bit ('sub_ln103_2', kern.cpp:103) [136]  (1.812 ns)
	'add' operation 33 bit ('add_ln103_4', kern.cpp:103) [138]  (2.593 ns)

 <State 66>: 9.171ns
The critical path consists of the following:
	'mul' operation 129 bit ('mul_ln103', kern.cpp:103) [141]  (9.171 ns)

 <State 67>: 9.171ns
The critical path consists of the following:
	'mul' operation 129 bit ('mul_ln103', kern.cpp:103) [141]  (9.171 ns)

 <State 68>: 9.171ns
The critical path consists of the following:
	'mul' operation 129 bit ('mul_ln103', kern.cpp:103) [141]  (9.171 ns)

 <State 69>: 5.272ns
The critical path consists of the following:
	'urem' operation 4 bit ('urem_ln103', kern.cpp:103) [148]  (5.272 ns)

 <State 70>: 8.031ns
The critical path consists of the following:
	'urem' operation 4 bit ('urem_ln103', kern.cpp:103) [148]  (5.272 ns)
	'sub' operation 4 bit ('sub_ln103', kern.cpp:103) [150]  (1.735 ns)
	'select' operation 4 bit ('select_ln103', kern.cpp:103) [151]  (1.024 ns)

 <State 71>: 9.338ns
The critical path consists of the following:
	'sparsemux' operation 16 bit ('px', kern.cpp:103) [180]  (2.423 ns)
	'sub' operation 17 bit ('sub_ln105', kern.cpp:105) [187]  (2.077 ns)
	'select' operation 17 bit ('select_ln105', kern.cpp:105) [188]  (0.000 ns)
	'add' operation 32 bit ('loc', kern.cpp:105) [190]  (2.552 ns)
	'select' operation 32 bit ('loc_3', kern.cpp:102) [191]  (0.698 ns)
	'store' operation ('store_ln95', kern.cpp:95) of variable 'loc_3', kern.cpp:102 32 bit on local variable 'loc', kern.cpp:95 [196]  (1.588 ns)


============================================================
+ Verbose Summary: Binding
============================================================
N/A
* FSMD analyzer results:
  - Output states:
 - Input state : 
  - Chain level:
	State 1
	State 2
	State 3
	State 4
	State 5
	State 6
	State 7
	State 8
	State 9
	State 10
	State 11
	State 12
	State 13
	State 14
	State 15
	State 16
	State 17
	State 18
	State 19
	State 20
	State 21
	State 22
	State 23
	State 24
	State 25
	State 26
	State 27
	State 28
	State 29
	State 30
	State 31
	State 32
	State 33
	State 34
	State 35
	State 36
	State 37
	State 38
	State 39
	State 40
	State 41
	State 42
	State 43
	State 44
	State 45
	State 46
	State 47
	State 48
	State 49
	State 50
	State 51
	State 52
	State 53
	State 54
	State 55
	State 56
	State 57
	State 58
	State 59
	State 60
	State 61
	State 62
	State 63
	State 64
	State 65
	State 66
	State 67
	State 68
	State 69
	State 70
	State 71


============================================================
+ Verbose Summary: Datapath Resource usage 
============================================================
N/A
