

================================================================
== Vitis HLS Report for 'kernel_Pipeline_MLP1_BITS'
================================================================
* Date:           Fri May  1 21:41:11 2026

* Version:        2025.2 (Build 6295257 on Nov 14 2025)
* Project:        hls_component
* Solution:       hls (Vivado IP Flow Target)
* Product family: zynq
* Target device:  xc7z020-clg400-1


================================================================
== Performance Estimates
================================================================
+ Timing: 
    * Summary: 
    +--------+----------+----------+------------+
    |  Clock |  Target  | Estimated| Uncertainty|
    +--------+----------+----------+------------+
    |ap_clk  |  10.00 ns|  7.343 ns|     2.70 ns|
    +--------+----------+----------+------------+

+ Latency: 
    * Summary: 
    +---------+---------+----------+----------+-----+-----+-------------------+
    |  Latency (cycles) |  Latency (absolute) |  Interval |      Pipeline     |
    |   min   |   max   |    min   |    max   | min | max |        Type       |
    +---------+---------+----------+----------+-----+-----+-------------------+
    |       40|       66|  0.400 us|  0.660 us|    0|    0|  loop pipeline stp|
    +---------+---------+----------+----------+-----+-----+-------------------+

    + Detail: 
        * Instance: 
        N/A

        * Loop: 
        +-------------+---------+---------+----------+-----------+-----------+--------+----------+
        |             |  Latency (cycles) | Iteration|  Initiation Interval  |  Trip  |          |
        |  Loop Name  |   min   |   max   |  Latency |  achieved |   target  |  Count | Pipelined|
        +-------------+---------+---------+----------+-----------+-----------+--------+----------+
        |- MLP1_BITS  |       38|       64|        39|          1|          1|  0 ~ 27|       yes|
        +-------------+---------+---------+----------+-----------+-----------+--------+----------+

============================================================
+ Verbose Summary: Synthesis Manager
============================================================
InlineROM: 1
ExposeGlobal: 0
============================================================
+ Verbose Summary: CDFG Model
============================================================
IsTopModel: 0
ResetActiveHigh: 1
IsCombinational: 0
IsDatapathOnly: 0
HasWiredReturn: 1
HasMFsm: 2
HasVarLatency: 1
IsPipeline: 0
IsRtlPipelined: 0
IsInstanceOverlapped: 0
IsDontTouch: 0
HasImplIP: 0
IsGatedGlobalClock: 0

+ Individual pipeline summary: 
  * Pipeline-0: initiation interval (II) = 1, depth = 39


============================================================
+ Verbose Summary: Schedule
============================================================
* Number of FSM states : 39
* Pipeline : 1
  Pipeline-0 : II = 1, D = 39, States = { 1 2 3 4 5 6 7 8 9 10 11 12 13 14 15 16 17 18 19 20 21 22 23 24 25 26 27 28 29 30 31 32 33 34 35 36 37 38 39 }
* Dataflow Pipeline: 0

* FSM state transitions: 
1 --> 2 
2 --> 3 
3 --> 4 
4 --> 5 
5 --> 6 
6 --> 7 
7 --> 8 
8 --> 9 
9 --> 10 
10 --> 11 
11 --> 12 
12 --> 13 
13 --> 14 
14 --> 15 
15 --> 16 
16 --> 17 
17 --> 18 
18 --> 19 
19 --> 20 
20 --> 21 
21 --> 22 
22 --> 23 
23 --> 24 
24 --> 25 
25 --> 26 
26 --> 27 
27 --> 28 
28 --> 29 
29 --> 30 
30 --> 31 
31 --> 32 
32 --> 33 
33 --> 34 
34 --> 35 
35 --> 36 
36 --> 37 
37 --> 38 
38 --> 39 
39 --> 

* FSM state operations: 

State 1 <SV = 0> <Delay = 7.34>
ST_1 : Operation 42 [1/1] (0.00ns)   --->   "%phi_urem = alloca i32 1"   --->   Operation 42 'alloca' 'phi_urem' <Predicate = true> <Delay = 0.00>
ST_1 : Operation 43 [1/1] (0.00ns)   --->   "%phi_mul = alloca i32 1"   --->   Operation 43 'alloca' 'phi_mul' <Predicate = true> <Delay = 0.00>
ST_1 : Operation 44 [1/1] (0.00ns)   --->   "%i_2 = alloca i32 1" [kern.cpp:434]   --->   Operation 44 'alloca' 'i_2' <Predicate = true> <Delay = 0.00>
ST_1 : Operation 45 [1/1] (0.00ns)   --->   "%mlp1_acc_1 = alloca i32 1" [kern.cpp:320]   --->   Operation 45 'alloca' 'mlp1_acc_1' <Predicate = true> <Delay = 0.00>
ST_1 : Operation 46 [1/1] (0.00ns)   --->   "%total_1_read = read i5 @_ssdm_op_Read.ap_auto.i5, i5 %total_1"   --->   Operation 46 'read' 'total_1_read' <Predicate = true> <Delay = 0.00>
ST_1 : Operation 47 [1/1] (0.00ns)   --->   "%tmp = read i1 @_ssdm_op_Read.ap_auto.i1, i1 %empty"   --->   Operation 47 'read' 'tmp' <Predicate = true> <Delay = 0.00>
ST_1 : Operation 48 [1/1] (0.00ns)   --->   "%tmp_60 = read i1 @_ssdm_op_Read.ap_auto.i1, i1 %empty_128"   --->   Operation 48 'read' 'tmp_60' <Predicate = true> <Delay = 0.00>
ST_1 : Operation 49 [1/1] (0.00ns)   --->   "%tmp_61 = read i1 @_ssdm_op_Read.ap_auto.i1, i1 %empty_127"   --->   Operation 49 'read' 'tmp_61' <Predicate = true> <Delay = 0.00>
ST_1 : Operation 50 [1/1] (0.00ns)   --->   "%tmp_62 = read i1 @_ssdm_op_Read.ap_auto.i1, i1 %empty_126"   --->   Operation 50 'read' 'tmp_62' <Predicate = true> <Delay = 0.00>
ST_1 : Operation 51 [1/1] (0.00ns)   --->   "%tmp_63 = read i1 @_ssdm_op_Read.ap_auto.i1, i1 %empty_125"   --->   Operation 51 'read' 'tmp_63' <Predicate = true> <Delay = 0.00>
ST_1 : Operation 52 [1/1] (0.00ns)   --->   "%tmp_64 = read i1 @_ssdm_op_Read.ap_auto.i1, i1 %empty_124"   --->   Operation 52 'read' 'tmp_64' <Predicate = true> <Delay = 0.00>
ST_1 : Operation 53 [1/1] (0.00ns)   --->   "%tmp_65 = read i1 @_ssdm_op_Read.ap_auto.i1, i1 %empty_123"   --->   Operation 53 'read' 'tmp_65' <Predicate = true> <Delay = 0.00>
ST_1 : Operation 54 [1/1] (0.00ns)   --->   "%tmp_66 = read i1 @_ssdm_op_Read.ap_auto.i1, i1 %empty_122"   --->   Operation 54 'read' 'tmp_66' <Predicate = true> <Delay = 0.00>
ST_1 : Operation 55 [1/1] (0.00ns)   --->   "%tmp_67 = read i1 @_ssdm_op_Read.ap_auto.i1, i1 %empty_121"   --->   Operation 55 'read' 'tmp_67' <Predicate = true> <Delay = 0.00>
ST_1 : Operation 56 [1/1] (0.00ns)   --->   "%tmp_68 = read i1 @_ssdm_op_Read.ap_auto.i1, i1 %empty_120"   --->   Operation 56 'read' 'tmp_68' <Predicate = true> <Delay = 0.00>
ST_1 : Operation 57 [1/1] (0.00ns)   --->   "%tmp_69 = read i1 @_ssdm_op_Read.ap_auto.i1, i1 %empty_119"   --->   Operation 57 'read' 'tmp_69' <Predicate = true> <Delay = 0.00>
ST_1 : Operation 58 [1/1] (0.00ns)   --->   "%tmp_70 = read i1 @_ssdm_op_Read.ap_auto.i1, i1 %empty_118"   --->   Operation 58 'read' 'tmp_70' <Predicate = true> <Delay = 0.00>
ST_1 : Operation 59 [1/1] (0.00ns)   --->   "%tmp_71 = read i1 @_ssdm_op_Read.ap_auto.i1, i1 %empty_117"   --->   Operation 59 'read' 'tmp_71' <Predicate = true> <Delay = 0.00>
ST_1 : Operation 60 [1/1] (0.00ns)   --->   "%tmp_72 = read i1 @_ssdm_op_Read.ap_auto.i1, i1 %empty_116"   --->   Operation 60 'read' 'tmp_72' <Predicate = true> <Delay = 0.00>
ST_1 : Operation 61 [1/1] (0.00ns)   --->   "%tmp_73 = read i1 @_ssdm_op_Read.ap_auto.i1, i1 %empty_115"   --->   Operation 61 'read' 'tmp_73' <Predicate = true> <Delay = 0.00>
ST_1 : Operation 62 [1/1] (0.00ns)   --->   "%tmp_74 = read i1 @_ssdm_op_Read.ap_auto.i1, i1 %empty_114"   --->   Operation 62 'read' 'tmp_74' <Predicate = true> <Delay = 0.00>
ST_1 : Operation 63 [1/1] (0.00ns)   --->   "%tmp_75 = read i1 @_ssdm_op_Read.ap_auto.i1, i1 %empty_113"   --->   Operation 63 'read' 'tmp_75' <Predicate = true> <Delay = 0.00>
ST_1 : Operation 64 [1/1] (0.00ns)   --->   "%tmp_76 = read i1 @_ssdm_op_Read.ap_auto.i1, i1 %empty_112"   --->   Operation 64 'read' 'tmp_76' <Predicate = true> <Delay = 0.00>
ST_1 : Operation 65 [1/1] (0.00ns)   --->   "%tmp_77 = read i1 @_ssdm_op_Read.ap_auto.i1, i1 %empty_111"   --->   Operation 65 'read' 'tmp_77' <Predicate = true> <Delay = 0.00>
ST_1 : Operation 66 [1/1] (0.00ns)   --->   "%tmp_78 = read i1 @_ssdm_op_Read.ap_auto.i1, i1 %empty_110"   --->   Operation 66 'read' 'tmp_78' <Predicate = true> <Delay = 0.00>
ST_1 : Operation 67 [1/1] (0.00ns)   --->   "%tmp_79 = read i1 @_ssdm_op_Read.ap_auto.i1, i1 %empty_109"   --->   Operation 67 'read' 'tmp_79' <Predicate = true> <Delay = 0.00>
ST_1 : Operation 68 [1/1] (0.00ns)   --->   "%tmp_80 = read i1 @_ssdm_op_Read.ap_auto.i1, i1 %empty_108"   --->   Operation 68 'read' 'tmp_80' <Predicate = true> <Delay = 0.00>
ST_1 : Operation 69 [1/1] (0.00ns)   --->   "%tmp_81 = read i1 @_ssdm_op_Read.ap_auto.i1, i1 %empty_107"   --->   Operation 69 'read' 'tmp_81' <Predicate = true> <Delay = 0.00>
ST_1 : Operation 70 [1/1] (0.00ns)   --->   "%tmp_82 = read i1 @_ssdm_op_Read.ap_auto.i1, i1 %empty_106"   --->   Operation 70 'read' 'tmp_82' <Predicate = true> <Delay = 0.00>
ST_1 : Operation 71 [1/1] (0.00ns)   --->   "%tmp_83 = read i1 @_ssdm_op_Read.ap_auto.i1, i1 %empty_105"   --->   Operation 71 'read' 'tmp_83' <Predicate = true> <Delay = 0.00>
ST_1 : Operation 72 [1/1] (0.00ns)   --->   "%tmp_84 = read i1 @_ssdm_op_Read.ap_auto.i1, i1 %empty_104"   --->   Operation 72 'read' 'tmp_84' <Predicate = true> <Delay = 0.00>
ST_1 : Operation 73 [1/1] (0.00ns)   --->   "%tmp_85 = read i1 @_ssdm_op_Read.ap_auto.i1, i1 %empty_103"   --->   Operation 73 'read' 'tmp_85' <Predicate = true> <Delay = 0.00>
ST_1 : Operation 74 [1/1] (0.00ns)   --->   "%mlp1_w_off_read = read i32 @_ssdm_op_Read.ap_auto.i32, i32 %mlp1_w_off"   --->   Operation 74 'read' 'mlp1_w_off_read' <Predicate = true> <Delay = 0.00>
ST_1 : Operation 75 [1/1] (0.00ns)   --->   "%mlp1_acc_read = read i32 @_ssdm_op_Read.ap_auto.i32, i32 %mlp1_acc"   --->   Operation 75 'read' 'mlp1_acc_read' <Predicate = true> <Delay = 0.00>
ST_1 : Operation 76 [1/1] (1.58ns)   --->   "%store_ln320 = store i32 %mlp1_acc_read, i32 %mlp1_acc_1" [kern.cpp:320]   --->   Operation 76 'store' 'store_ln320' <Predicate = true> <Delay = 1.58>
ST_1 : Operation 77 [1/1] (1.58ns)   --->   "%store_ln434 = store i5 0, i5 %i_2" [kern.cpp:434]   --->   Operation 77 'store' 'store_ln434' <Predicate = true> <Delay = 1.58>
ST_1 : Operation 78 [1/1] (1.58ns)   --->   "%store_ln0 = store i11 0, i11 %phi_mul"   --->   Operation 78 'store' 'store_ln0' <Predicate = true> <Delay = 1.58>
ST_1 : Operation 79 [1/1] (1.58ns)   --->   "%store_ln0 = store i5 0, i5 %phi_urem"   --->   Operation 79 'store' 'store_ln0' <Predicate = true> <Delay = 1.58>
ST_1 : Operation 80 [1/1] (0.00ns)   --->   "%br_ln0 = br void %for.body154_ifconv"   --->   Operation 80 'br' 'br_ln0' <Predicate = true> <Delay = 0.00>
ST_1 : Operation 81 [1/1] (0.00ns)   --->   "%i = load i5 %i_2" [kern.cpp:434]   --->   Operation 81 'load' 'i' <Predicate = true> <Delay = 0.00>
ST_1 : Operation 82 [1/1] (0.00ns)   --->   "%zext_ln435 = zext i5 %i" [kern.cpp:435]   --->   Operation 82 'zext' 'zext_ln435' <Predicate = true> <Delay = 0.00>
ST_1 : Operation 83 [1/1] (2.55ns)   --->   "%flat = add i32 %zext_ln435, i32 %mlp1_w_off_read" [kern.cpp:436]   --->   Operation 83 'add' 'flat' <Predicate = true> <Delay = 2.55> <CoreInst = "Adder">   --->   Core 1 'Adder' <Latency = 0> <II = 1> <Delay = 2.55> <FuncUnit> <Opcode : 'add' 'sub'> <InPorts = 2> <OutPorts = 1>
ST_1 : Operation 84 [1/1] (0.00ns)   --->   "%tmp_86 = partselect i21 @_ssdm_op_PartSelect.i21.i32.i32.i32, i32 %flat, i32 11, i32 31" [kern.cpp:437]   --->   Operation 84 'partselect' 'tmp_86' <Predicate = true> <Delay = 0.00>
ST_1 : Operation 85 [1/1] (2.22ns)   --->   "%icmp_ln437 = icmp_sgt  i21 %tmp_86, i21 0" [kern.cpp:437]   --->   Operation 85 'icmp' 'icmp_ln437' <Predicate = true> <Delay = 2.22> <CoreInst = "Cmp">   --->   Core 9 'Cmp' <Latency = 0> <II = 1> <Delay = 2.22> <FuncUnit> <Opcode : 'seteq' 'setne' 'setle' 'setge' 'setlt' 'setgt'> <InPorts = 2> <OutPorts = 1>
ST_1 : Operation 86 [1/1] (0.00ns)   --->   "%tmp_87 = bitselect i1 @_ssdm_op_BitSelect.i1.i32.i32, i32 %flat, i32 31" [kern.cpp:438]   --->   Operation 86 'bitselect' 'tmp_87' <Predicate = true> <Delay = 0.00>
ST_1 : Operation 87 [1/1] (0.00ns)   --->   "%trunc_ln438 = trunc i32 %flat" [kern.cpp:438]   --->   Operation 87 'trunc' 'trunc_ln438' <Predicate = true> <Delay = 0.00>
ST_1 : Operation 88 [1/1] (0.00ns)   --->   "%tmp_1 = partselect i23 @_ssdm_op_PartSelect.i23.i32.i32.i32, i32 %flat, i32 9, i32 31" [kern.cpp:439]   --->   Operation 88 'partselect' 'tmp_1' <Predicate = true> <Delay = 0.00>
ST_1 : Operation 89 [1/1] (0.00ns) (grouped into LUT with out node or_cond872)   --->   "%not_icmp_ln437 = xor i1 %icmp_ln437, i1 1" [kern.cpp:437]   --->   Operation 89 'xor' 'not_icmp_ln437' <Predicate = true> <Delay = 0.00> <CoreInst = "LogicGate">   --->   Core 74 'LogicGate' <Latency = 0> <II = 1> <Delay = 0.97> <FuncUnit> <Opcode : 'and' 'or' 'xor'> <InPorts = 2> <OutPorts = 1>
ST_1 : Operation 90 [1/1] (1.78ns)   --->   "%i_4 = add i5 %i, i5 1" [kern.cpp:434]   --->   Operation 90 'add' 'i_4' <Predicate = true> <Delay = 1.78> <CoreInst = "Adder">   --->   Core 1 'Adder' <Latency = 0> <II = 1> <Delay = 1.78> <FuncUnit> <Opcode : 'add' 'sub'> <InPorts = 2> <OutPorts = 1>
ST_1 : Operation 91 [1/1] (1.78ns)   --->   "%icmp_ln434 = icmp_ult  i5 %i_4, i5 %total_1_read" [kern.cpp:434]   --->   Operation 91 'icmp' 'icmp_ln434' <Predicate = true> <Delay = 1.78> <CoreInst = "Cmp">   --->   Core 9 'Cmp' <Latency = 0> <II = 1> <Delay = 1.78> <FuncUnit> <Opcode : 'seteq' 'setne' 'setle' 'setge' 'setlt' 'setgt'> <InPorts = 2> <OutPorts = 1>
ST_1 : Operation 92 [1/1] (0.97ns) (out node of the LUT)   --->   "%or_cond872 = and i1 %icmp_ln434, i1 %not_icmp_ln437" [kern.cpp:434]   --->   Operation 92 'and' 'or_cond872' <Predicate = true> <Delay = 0.97> <CoreInst = "LogicGate">   --->   Core 74 'LogicGate' <Latency = 0> <II = 1> <Delay = 0.97> <FuncUnit> <Opcode : 'and' 'or' 'xor'> <InPorts = 2> <OutPorts = 1>
ST_1 : Operation 93 [1/1] (1.58ns)   --->   "%store_ln434 = store i5 %i_4, i5 %i_2" [kern.cpp:434]   --->   Operation 93 'store' 'store_ln434' <Predicate = true> <Delay = 1.58>
ST_1 : Operation 94 [1/1] (0.00ns)   --->   "%br_ln434 = br i1 %or_cond872, void %for.end178.exitStub, void %for.body154_ifconv" [kern.cpp:434]   --->   Operation 94 'br' 'br_ln434' <Predicate = true> <Delay = 0.00>

State 2 <SV = 1> <Delay = 7.09>
ST_2 : Operation 95 [1/1] (0.00ns)   --->   "%zext_ln438 = zext i9 %trunc_ln438" [kern.cpp:438]   --->   Operation 95 'zext' 'zext_ln438' <Predicate = (!icmp_ln437 & !tmp_87)> <Delay = 0.00>
ST_2 : Operation 96 [1/1] (2.55ns)   --->   "%sub_ln438_1 = sub i32 0, i32 %flat" [kern.cpp:438]   --->   Operation 96 'sub' 'sub_ln438_1' <Predicate = (!icmp_ln437)> <Delay = 2.55> <CoreInst = "Adder">   --->   Core 1 'Adder' <Latency = 0> <II = 1> <Delay = 2.55> <FuncUnit> <Opcode : 'add' 'sub'> <InPorts = 2> <OutPorts = 1>
ST_2 : Operation 97 [1/1] (0.00ns)   --->   "%trunc_ln438_1 = trunc i32 %sub_ln438_1" [kern.cpp:438]   --->   Operation 97 'trunc' 'trunc_ln438_1' <Predicate = (!icmp_ln437 & tmp_87)> <Delay = 0.00>
ST_2 : Operation 98 [1/1] (0.00ns)   --->   "%zext_ln438_1 = zext i9 %trunc_ln438_1" [kern.cpp:438]   --->   Operation 98 'zext' 'zext_ln438_1' <Predicate = (!icmp_ln437 & tmp_87)> <Delay = 0.00>
ST_2 : Operation 99 [1/1] (1.82ns)   --->   "%sub_ln438_2 = sub i10 0, i10 %zext_ln438_1" [kern.cpp:438]   --->   Operation 99 'sub' 'sub_ln438_2' <Predicate = (!icmp_ln437 & tmp_87)> <Delay = 1.82> <CoreInst = "Adder">   --->   Core 1 'Adder' <Latency = 0> <II = 1> <Delay = 1.82> <FuncUnit> <Opcode : 'add' 'sub'> <InPorts = 2> <OutPorts = 1>
ST_2 : Operation 100 [1/1] (0.68ns)   --->   "%ch = select i1 %tmp_87, i10 %sub_ln438_2, i10 %zext_ln438" [kern.cpp:438]   --->   Operation 100 'select' 'ch' <Predicate = (!icmp_ln437)> <Delay = 0.68> <CoreInst = "Sel">   --->   Core 73 'Sel' <Latency = 0> <II = 1> <Delay = 0.68> <FuncUnit> <Opcode : 'select'> <InPorts = 3> <OutPorts = 1>
ST_2 : Operation 101 [1/1] (0.00ns)   --->   "%tmp_88 = bitselect i1 @_ssdm_op_BitSelect.i1.i10.i32, i10 %ch, i32 9" [kern.cpp:438]   --->   Operation 101 'bitselect' 'tmp_88' <Predicate = (!icmp_ln437)> <Delay = 0.00>
ST_2 : Operation 102 [1/1] (0.00ns)   --->   "%tmp_s = partselect i23 @_ssdm_op_PartSelect.i23.i32.i32.i32, i32 %sub_ln438_1, i32 9, i32 31" [kern.cpp:439]   --->   Operation 102 'partselect' 'tmp_s' <Predicate = (!icmp_ln437 & tmp_87)> <Delay = 0.00>
ST_2 : Operation 103 [1/1] (2.28ns)   --->   "%sub_ln439 = sub i23 0, i23 %tmp_s" [kern.cpp:439]   --->   Operation 103 'sub' 'sub_ln439' <Predicate = (!icmp_ln437 & tmp_87)> <Delay = 2.28> <CoreInst = "Adder">   --->   Core 1 'Adder' <Latency = 0> <II = 1> <Delay = 2.28> <FuncUnit> <Opcode : 'add' 'sub'> <InPorts = 2> <OutPorts = 1>
ST_2 : Operation 104 [1/1] (0.69ns)   --->   "%hw = select i1 %tmp_87, i23 %sub_ln439, i23 %tmp_1" [kern.cpp:439]   --->   Operation 104 'select' 'hw' <Predicate = (!icmp_ln437)> <Delay = 0.69> <CoreInst = "Sel">   --->   Core 73 'Sel' <Latency = 0> <II = 1> <Delay = 0.69> <FuncUnit> <Opcode : 'select'> <InPorts = 3> <OutPorts = 1>
ST_2 : Operation 105 [1/1] (0.00ns) (grouped into LUT with out node add_ln442)   --->   "%sext_ln439 = sext i23 %hw" [kern.cpp:439]   --->   Operation 105 'sext' 'sext_ln439' <Predicate = (!icmp_ln437)> <Delay = 0.00>
ST_2 : Operation 106 [1/1] (0.00ns) (grouped into LUT with out node add_ln442)   --->   "%tmp_90 = bitselect i1 @_ssdm_op_BitSelect.i1.i24.i32, i24 %sext_ln439, i32 23" [kern.cpp:440]   --->   Operation 106 'bitselect' 'tmp_90' <Predicate = (!icmp_ln437)> <Delay = 0.00>
ST_2 : Operation 107 [1/1] (0.00ns)   --->   "%trunc_ln440 = trunc i23 %hw" [kern.cpp:440]   --->   Operation 107 'trunc' 'trunc_ln440' <Predicate = (!icmp_ln437)> <Delay = 0.00>
ST_2 : Operation 108 [1/1] (0.00ns) (grouped into LUT with out node add_ln442)   --->   "%zext_ln440 = zext i1 %trunc_ln440" [kern.cpp:440]   --->   Operation 108 'zext' 'zext_ln440' <Predicate = (!icmp_ln437)> <Delay = 0.00>
ST_2 : Operation 109 [1/1] (0.00ns) (grouped into LUT with out node add_ln442)   --->   "%select_ln440 = select i1 %trunc_ln440, i2 3, i2 0" [kern.cpp:440]   --->   Operation 109 'select' 'select_ln440' <Predicate = (!icmp_ln437)> <Delay = 0.00> <CoreInst = "Sel">   --->   Core 73 'Sel' <Latency = 0> <II = 1> <Delay = 0.99> <FuncUnit> <Opcode : 'select'> <InPorts = 3> <OutPorts = 1>
ST_2 : Operation 110 [1/1] (0.00ns) (grouped into LUT with out node add_ln442)   --->   "%col = select i1 %tmp_90, i2 %select_ln440, i2 %zext_ln440" [kern.cpp:440]   --->   Operation 110 'select' 'col' <Predicate = (!icmp_ln437)> <Delay = 0.00> <CoreInst = "Sel">   --->   Core 73 'Sel' <Latency = 0> <II = 1> <Delay = 0.99> <FuncUnit> <Opcode : 'select'> <InPorts = 3> <OutPorts = 1>
ST_2 : Operation 111 [1/1] (0.00ns) (grouped into LUT with out node add_ln442)   --->   "%tmp_91 = bitselect i1 @_ssdm_op_BitSelect.i1.i32.i32, i32 %sub_ln438_1, i32 10" [kern.cpp:441]   --->   Operation 111 'bitselect' 'tmp_91' <Predicate = (!icmp_ln437)> <Delay = 0.00>
ST_2 : Operation 112 [1/1] (0.00ns) (grouped into LUT with out node add_ln442)   --->   "%tmp_92 = bitselect i1 @_ssdm_op_BitSelect.i1.i32.i32, i32 %flat, i32 10" [kern.cpp:441]   --->   Operation 112 'bitselect' 'tmp_92' <Predicate = (!icmp_ln437)> <Delay = 0.00>
ST_2 : Operation 113 [1/1] (0.00ns) (grouped into LUT with out node add_ln442)   --->   "%row = select i1 %tmp_87, i1 %tmp_91, i1 %tmp_92" [kern.cpp:441]   --->   Operation 113 'select' 'row' <Predicate = (!icmp_ln437)> <Delay = 0.00> <CoreInst = "Sel">   --->   Core 73 'Sel' <Latency = 0> <II = 1> <Delay = 0.99> <FuncUnit> <Opcode : 'select'> <InPorts = 3> <OutPorts = 1>
ST_2 : Operation 114 [1/1] (0.00ns) (grouped into LUT with out node add_ln442)   --->   "%tmp_2 = bitconcatenate i2 @_ssdm_op_BitConcatenate.i2.i1.i1, i1 %row, i1 0" [kern.cpp:442]   --->   Operation 114 'bitconcatenate' 'tmp_2' <Predicate = (!icmp_ln437)> <Delay = 0.00>
ST_2 : Operation 115 [1/1] (0.00ns) (grouped into LUT with out node add_ln442)   --->   "%zext_ln442 = zext i2 %tmp_2" [kern.cpp:442]   --->   Operation 115 'zext' 'zext_ln442' <Predicate = (!icmp_ln437)> <Delay = 0.00>
ST_2 : Operation 116 [1/1] (0.00ns) (grouped into LUT with out node add_ln442)   --->   "%sext_ln442 = sext i2 %col" [kern.cpp:442]   --->   Operation 116 'sext' 'sext_ln442' <Predicate = (!icmp_ln437)> <Delay = 0.00>
ST_2 : Operation 117 [1/1] (1.56ns) (out node of the LUT)   --->   "%add_ln442 = add i3 %zext_ln442, i3 %sext_ln442" [kern.cpp:442]   --->   Operation 117 'add' 'add_ln442' <Predicate = (!icmp_ln437)> <Delay = 1.56> <CoreInst = "Adder">   --->   Core 1 'Adder' <Latency = 0> <II = 1> <Delay = 1.56> <FuncUnit> <Opcode : 'add' 'sub'> <InPorts = 2> <OutPorts = 1>

State 3 <SV = 2> <Delay = 6.91>
ST_3 : Operation 118 [1/1] (0.00ns)   --->   "%sext_ln438_2 = sext i10 %ch" [kern.cpp:438]   --->   Operation 118 'sext' 'sext_ln438_2' <Predicate = (!icmp_ln437)> <Delay = 0.00>
ST_3 : Operation 119 [1/1] (0.00ns)   --->   "%zext_ln438_2 = zext i32 %sext_ln438_2" [kern.cpp:438]   --->   Operation 119 'zext' 'zext_ln438_2' <Predicate = (!icmp_ln437)> <Delay = 0.00>
ST_3 : Operation 120 [2/2] (6.91ns)   --->   "%mul_ln438 = mul i65 %zext_ln438_2, i65 4908534053" [kern.cpp:438]   --->   Operation 120 'mul' 'mul_ln438' <Predicate = (!icmp_ln437)> <Delay = 6.91> <CoreInst = "Multiplier">   --->   Core 3 'Multiplier' <Latency = 1> <II = 1> <Delay = 6.91> <FuncUnit> <Opcode : 'mul'> <InPorts = 2> <OutPorts = 1>
ST_3 : Operation 121 [1/1] (0.00ns) (grouped into LUT with out node xor_ln438)   --->   "%tmp_89 = bitselect i1 @_ssdm_op_BitSelect.i1.i32.i32, i32 %sext_ln438_2, i32 31" [kern.cpp:438]   --->   Operation 121 'bitselect' 'tmp_89' <Predicate = (!icmp_ln437)> <Delay = 0.00>
ST_3 : Operation 122 [1/1] (0.00ns) (grouped into LUT with out node xor_ln438)   --->   "%select_ln438_2 = select i1 %tmp_89, i10 1023, i10 0" [kern.cpp:438]   --->   Operation 122 'select' 'select_ln438_2' <Predicate = (!icmp_ln437)> <Delay = 0.00> <CoreInst = "Sel">   --->   Core 73 'Sel' <Latency = 0> <II = 1> <Delay = 0.99> <FuncUnit> <Opcode : 'select'> <InPorts = 3> <OutPorts = 1>
ST_3 : Operation 123 [1/1] (0.99ns) (out node of the LUT)   --->   "%xor_ln438 = xor i10 %ch, i10 %select_ln438_2" [kern.cpp:438]   --->   Operation 123 'xor' 'xor_ln438' <Predicate = (!icmp_ln437)> <Delay = 0.99> <CoreInst = "LogicGate">   --->   Core 74 'LogicGate' <Latency = 0> <II = 1> <Delay = 0.99> <FuncUnit> <Opcode : 'and' 'or' 'xor'> <InPorts = 2> <OutPorts = 1>
ST_3 : Operation 124 [1/1] (0.00ns)   --->   "%sext_ln438_1 = sext i10 %xor_ln438" [kern.cpp:438]   --->   Operation 124 'sext' 'sext_ln438_1' <Predicate = (!icmp_ln437)> <Delay = 0.00>
ST_3 : Operation 125 [36/36] (4.33ns)   --->   "%urem_ln438 = urem i32 %sext_ln438_1, i32 14" [kern.cpp:438]   --->   Operation 125 'urem' 'urem_ln438' <Predicate = (!icmp_ln437)> <Delay = 4.33> <CoreInst = "Divider">   --->   Core 6 'Divider' <Latency = 35> <II = 1> <Delay = 4.33> <FuncUnit> <Opcode : 'udiv' 'sdiv' 'urem' 'srem'> <InPorts = 2> <OutPorts = 1>
ST_3 : Operation 126 [1/1] (0.00ns)   --->   "%sext_ln442_1 = sext i3 %add_ln442" [kern.cpp:442]   --->   Operation 126 'sext' 'sext_ln442_1' <Predicate = (!icmp_ln437)> <Delay = 0.00>
ST_3 : Operation 127 [3/3] (1.05ns) (grouped into DSP with root node add_ln442_1)   --->   "%mul_ln442 = mul i8 %sext_ln442_1, i8 37" [kern.cpp:442]   --->   Operation 127 'mul' 'mul_ln442' <Predicate = (!icmp_ln437)> <Delay = 1.05> <CoreInst = "DSP48">   --->   Core 116 'DSP48' <Latency = 3> <II = 1> <Delay = 2.15> <IPBlock> <Opcode : 'add' 'sub' 'mul' 'select'> <InPorts = 0> <OutPorts = 1> <Sync> <CReg>

State 4 <SV = 3> <Delay = 6.91>
ST_4 : Operation 128 [1/2] (6.91ns)   --->   "%mul_ln438 = mul i65 %zext_ln438_2, i65 4908534053" [kern.cpp:438]   --->   Operation 128 'mul' 'mul_ln438' <Predicate = (!icmp_ln437)> <Delay = 6.91> <CoreInst = "Multiplier">   --->   Core 3 'Multiplier' <Latency = 1> <II = 1> <Delay = 6.91> <FuncUnit> <Opcode : 'mul'> <InPorts = 2> <OutPorts = 1>
ST_4 : Operation 129 [1/1] (0.00ns)   --->   "%udiv_ln1_cast = partselect i8 @_ssdm_op_PartSelect.i8.i65.i32.i32, i65 %mul_ln438, i32 36, i32 43" [kern.cpp:438]   --->   Operation 129 'partselect' 'udiv_ln1_cast' <Predicate = (!icmp_ln437)> <Delay = 0.00>
ST_4 : Operation 130 [35/36] (4.33ns)   --->   "%urem_ln438 = urem i32 %sext_ln438_1, i32 14" [kern.cpp:438]   --->   Operation 130 'urem' 'urem_ln438' <Predicate = (!icmp_ln437)> <Delay = 4.33> <CoreInst = "Divider">   --->   Core 6 'Divider' <Latency = 35> <II = 1> <Delay = 4.33> <FuncUnit> <Opcode : 'udiv' 'sdiv' 'urem' 'srem'> <InPorts = 2> <OutPorts = 1>
ST_4 : Operation 131 [2/3] (1.05ns) (grouped into DSP with root node add_ln442_1)   --->   "%mul_ln442 = mul i8 %sext_ln442_1, i8 37" [kern.cpp:442]   --->   Operation 131 'mul' 'mul_ln442' <Predicate = (!icmp_ln437)> <Delay = 1.05> <CoreInst = "DSP48">   --->   Core 116 'DSP48' <Latency = 3> <II = 1> <Delay = 2.15> <IPBlock> <Opcode : 'add' 'sub' 'mul' 'select'> <InPorts = 0> <OutPorts = 1> <Sync> <CReg>

State 5 <SV = 4> <Delay = 4.33>
ST_5 : Operation 132 [34/36] (4.33ns)   --->   "%urem_ln438 = urem i32 %sext_ln438_1, i32 14" [kern.cpp:438]   --->   Operation 132 'urem' 'urem_ln438' <Predicate = (!icmp_ln437)> <Delay = 4.33> <CoreInst = "Divider">   --->   Core 6 'Divider' <Latency = 35> <II = 1> <Delay = 4.33> <FuncUnit> <Opcode : 'udiv' 'sdiv' 'urem' 'srem'> <InPorts = 2> <OutPorts = 1>
ST_5 : Operation 133 [1/3] (0.00ns) (grouped into DSP with root node add_ln442_1)   --->   "%mul_ln442 = mul i8 %sext_ln442_1, i8 37" [kern.cpp:442]   --->   Operation 133 'mul' 'mul_ln442' <Predicate = (!icmp_ln437)> <Delay = 0.00> <CoreInst = "DSP48">   --->   Core 116 'DSP48' <Latency = 3> <II = 1> <Delay = 2.15> <IPBlock> <Opcode : 'add' 'sub' 'mul' 'select'> <InPorts = 0> <OutPorts = 1> <Sync> <CReg>
ST_5 : Operation 134 [2/2] (2.10ns) (root node of the DSP)   --->   "%add_ln442_1 = add i8 %mul_ln442, i8 %udiv_ln1_cast" [kern.cpp:442]   --->   Operation 134 'add' 'add_ln442_1' <Predicate = (!icmp_ln437)> <Delay = 2.10> <CoreInst = "DSP48">   --->   Core 116 'DSP48' <Latency = 3> <II = 1> <Delay = 2.15> <IPBlock> <Opcode : 'add' 'sub' 'mul' 'select'> <InPorts = 0> <OutPorts = 1> <Sync> <CReg>

State 6 <SV = 5> <Delay = 4.33>
ST_6 : Operation 135 [33/36] (4.33ns)   --->   "%urem_ln438 = urem i32 %sext_ln438_1, i32 14" [kern.cpp:438]   --->   Operation 135 'urem' 'urem_ln438' <Predicate = (!icmp_ln437)> <Delay = 4.33> <CoreInst = "Divider">   --->   Core 6 'Divider' <Latency = 35> <II = 1> <Delay = 4.33> <FuncUnit> <Opcode : 'udiv' 'sdiv' 'urem' 'srem'> <InPorts = 2> <OutPorts = 1>
ST_6 : Operation 136 [1/2] (2.10ns) (root node of the DSP)   --->   "%add_ln442_1 = add i8 %mul_ln442, i8 %udiv_ln1_cast" [kern.cpp:442]   --->   Operation 136 'add' 'add_ln442_1' <Predicate = (!icmp_ln437)> <Delay = 2.10> <CoreInst = "DSP48">   --->   Core 116 'DSP48' <Latency = 3> <II = 1> <Delay = 2.15> <IPBlock> <Opcode : 'add' 'sub' 'mul' 'select'> <InPorts = 0> <OutPorts = 1> <Sync> <CReg>

State 7 <SV = 6> <Delay = 4.33>
ST_7 : Operation 137 [32/36] (4.33ns)   --->   "%urem_ln438 = urem i32 %sext_ln438_1, i32 14" [kern.cpp:438]   --->   Operation 137 'urem' 'urem_ln438' <Predicate = (!icmp_ln437)> <Delay = 4.33> <CoreInst = "Divider">   --->   Core 6 'Divider' <Latency = 35> <II = 1> <Delay = 4.33> <FuncUnit> <Opcode : 'udiv' 'sdiv' 'urem' 'srem'> <InPorts = 2> <OutPorts = 1>

State 8 <SV = 7> <Delay = 4.33>
ST_8 : Operation 138 [31/36] (4.33ns)   --->   "%urem_ln438 = urem i32 %sext_ln438_1, i32 14" [kern.cpp:438]   --->   Operation 138 'urem' 'urem_ln438' <Predicate = (!icmp_ln437)> <Delay = 4.33> <CoreInst = "Divider">   --->   Core 6 'Divider' <Latency = 35> <II = 1> <Delay = 4.33> <FuncUnit> <Opcode : 'udiv' 'sdiv' 'urem' 'srem'> <InPorts = 2> <OutPorts = 1>

State 9 <SV = 8> <Delay = 4.33>
ST_9 : Operation 139 [30/36] (4.33ns)   --->   "%urem_ln438 = urem i32 %sext_ln438_1, i32 14" [kern.cpp:438]   --->   Operation 139 'urem' 'urem_ln438' <Predicate = (!icmp_ln437)> <Delay = 4.33> <CoreInst = "Divider">   --->   Core 6 'Divider' <Latency = 35> <II = 1> <Delay = 4.33> <FuncUnit> <Opcode : 'udiv' 'sdiv' 'urem' 'srem'> <InPorts = 2> <OutPorts = 1>

State 10 <SV = 9> <Delay = 4.33>
ST_10 : Operation 140 [29/36] (4.33ns)   --->   "%urem_ln438 = urem i32 %sext_ln438_1, i32 14" [kern.cpp:438]   --->   Operation 140 'urem' 'urem_ln438' <Predicate = (!icmp_ln437)> <Delay = 4.33> <CoreInst = "Divider">   --->   Core 6 'Divider' <Latency = 35> <II = 1> <Delay = 4.33> <FuncUnit> <Opcode : 'udiv' 'sdiv' 'urem' 'srem'> <InPorts = 2> <OutPorts = 1>

State 11 <SV = 10> <Delay = 4.33>
ST_11 : Operation 141 [28/36] (4.33ns)   --->   "%urem_ln438 = urem i32 %sext_ln438_1, i32 14" [kern.cpp:438]   --->   Operation 141 'urem' 'urem_ln438' <Predicate = (!icmp_ln437)> <Delay = 4.33> <CoreInst = "Divider">   --->   Core 6 'Divider' <Latency = 35> <II = 1> <Delay = 4.33> <FuncUnit> <Opcode : 'udiv' 'sdiv' 'urem' 'srem'> <InPorts = 2> <OutPorts = 1>

State 12 <SV = 11> <Delay = 4.33>
ST_12 : Operation 142 [27/36] (4.33ns)   --->   "%urem_ln438 = urem i32 %sext_ln438_1, i32 14" [kern.cpp:438]   --->   Operation 142 'urem' 'urem_ln438' <Predicate = (!icmp_ln437)> <Delay = 4.33> <CoreInst = "Divider">   --->   Core 6 'Divider' <Latency = 35> <II = 1> <Delay = 4.33> <FuncUnit> <Opcode : 'udiv' 'sdiv' 'urem' 'srem'> <InPorts = 2> <OutPorts = 1>

State 13 <SV = 12> <Delay = 4.33>
ST_13 : Operation 143 [26/36] (4.33ns)   --->   "%urem_ln438 = urem i32 %sext_ln438_1, i32 14" [kern.cpp:438]   --->   Operation 143 'urem' 'urem_ln438' <Predicate = (!icmp_ln437)> <Delay = 4.33> <CoreInst = "Divider">   --->   Core 6 'Divider' <Latency = 35> <II = 1> <Delay = 4.33> <FuncUnit> <Opcode : 'udiv' 'sdiv' 'urem' 'srem'> <InPorts = 2> <OutPorts = 1>

State 14 <SV = 13> <Delay = 4.33>
ST_14 : Operation 144 [25/36] (4.33ns)   --->   "%urem_ln438 = urem i32 %sext_ln438_1, i32 14" [kern.cpp:438]   --->   Operation 144 'urem' 'urem_ln438' <Predicate = (!icmp_ln437)> <Delay = 4.33> <CoreInst = "Divider">   --->   Core 6 'Divider' <Latency = 35> <II = 1> <Delay = 4.33> <FuncUnit> <Opcode : 'udiv' 'sdiv' 'urem' 'srem'> <InPorts = 2> <OutPorts = 1>

State 15 <SV = 14> <Delay = 4.33>
ST_15 : Operation 145 [24/36] (4.33ns)   --->   "%urem_ln438 = urem i32 %sext_ln438_1, i32 14" [kern.cpp:438]   --->   Operation 145 'urem' 'urem_ln438' <Predicate = (!icmp_ln437)> <Delay = 4.33> <CoreInst = "Divider">   --->   Core 6 'Divider' <Latency = 35> <II = 1> <Delay = 4.33> <FuncUnit> <Opcode : 'udiv' 'sdiv' 'urem' 'srem'> <InPorts = 2> <OutPorts = 1>

State 16 <SV = 15> <Delay = 4.33>
ST_16 : Operation 146 [23/36] (4.33ns)   --->   "%urem_ln438 = urem i32 %sext_ln438_1, i32 14" [kern.cpp:438]   --->   Operation 146 'urem' 'urem_ln438' <Predicate = (!icmp_ln437)> <Delay = 4.33> <CoreInst = "Divider">   --->   Core 6 'Divider' <Latency = 35> <II = 1> <Delay = 4.33> <FuncUnit> <Opcode : 'udiv' 'sdiv' 'urem' 'srem'> <InPorts = 2> <OutPorts = 1>

State 17 <SV = 16> <Delay = 4.33>
ST_17 : Operation 147 [22/36] (4.33ns)   --->   "%urem_ln438 = urem i32 %sext_ln438_1, i32 14" [kern.cpp:438]   --->   Operation 147 'urem' 'urem_ln438' <Predicate = (!icmp_ln437)> <Delay = 4.33> <CoreInst = "Divider">   --->   Core 6 'Divider' <Latency = 35> <II = 1> <Delay = 4.33> <FuncUnit> <Opcode : 'udiv' 'sdiv' 'urem' 'srem'> <InPorts = 2> <OutPorts = 1>

State 18 <SV = 17> <Delay = 4.33>
ST_18 : Operation 148 [21/36] (4.33ns)   --->   "%urem_ln438 = urem i32 %sext_ln438_1, i32 14" [kern.cpp:438]   --->   Operation 148 'urem' 'urem_ln438' <Predicate = (!icmp_ln437)> <Delay = 4.33> <CoreInst = "Divider">   --->   Core 6 'Divider' <Latency = 35> <II = 1> <Delay = 4.33> <FuncUnit> <Opcode : 'udiv' 'sdiv' 'urem' 'srem'> <InPorts = 2> <OutPorts = 1>

State 19 <SV = 18> <Delay = 4.33>
ST_19 : Operation 149 [20/36] (4.33ns)   --->   "%urem_ln438 = urem i32 %sext_ln438_1, i32 14" [kern.cpp:438]   --->   Operation 149 'urem' 'urem_ln438' <Predicate = (!icmp_ln437)> <Delay = 4.33> <CoreInst = "Divider">   --->   Core 6 'Divider' <Latency = 35> <II = 1> <Delay = 4.33> <FuncUnit> <Opcode : 'udiv' 'sdiv' 'urem' 'srem'> <InPorts = 2> <OutPorts = 1>

State 20 <SV = 19> <Delay = 4.33>
ST_20 : Operation 150 [19/36] (4.33ns)   --->   "%urem_ln438 = urem i32 %sext_ln438_1, i32 14" [kern.cpp:438]   --->   Operation 150 'urem' 'urem_ln438' <Predicate = (!icmp_ln437)> <Delay = 4.33> <CoreInst = "Divider">   --->   Core 6 'Divider' <Latency = 35> <II = 1> <Delay = 4.33> <FuncUnit> <Opcode : 'udiv' 'sdiv' 'urem' 'srem'> <InPorts = 2> <OutPorts = 1>

State 21 <SV = 20> <Delay = 4.33>
ST_21 : Operation 151 [18/36] (4.33ns)   --->   "%urem_ln438 = urem i32 %sext_ln438_1, i32 14" [kern.cpp:438]   --->   Operation 151 'urem' 'urem_ln438' <Predicate = (!icmp_ln437)> <Delay = 4.33> <CoreInst = "Divider">   --->   Core 6 'Divider' <Latency = 35> <II = 1> <Delay = 4.33> <FuncUnit> <Opcode : 'udiv' 'sdiv' 'urem' 'srem'> <InPorts = 2> <OutPorts = 1>

State 22 <SV = 21> <Delay = 4.33>
ST_22 : Operation 152 [17/36] (4.33ns)   --->   "%urem_ln438 = urem i32 %sext_ln438_1, i32 14" [kern.cpp:438]   --->   Operation 152 'urem' 'urem_ln438' <Predicate = (!icmp_ln437)> <Delay = 4.33> <CoreInst = "Divider">   --->   Core 6 'Divider' <Latency = 35> <II = 1> <Delay = 4.33> <FuncUnit> <Opcode : 'udiv' 'sdiv' 'urem' 'srem'> <InPorts = 2> <OutPorts = 1>

State 23 <SV = 22> <Delay = 4.33>
ST_23 : Operation 153 [16/36] (4.33ns)   --->   "%urem_ln438 = urem i32 %sext_ln438_1, i32 14" [kern.cpp:438]   --->   Operation 153 'urem' 'urem_ln438' <Predicate = (!icmp_ln437)> <Delay = 4.33> <CoreInst = "Divider">   --->   Core 6 'Divider' <Latency = 35> <II = 1> <Delay = 4.33> <FuncUnit> <Opcode : 'udiv' 'sdiv' 'urem' 'srem'> <InPorts = 2> <OutPorts = 1>

State 24 <SV = 23> <Delay = 4.33>
ST_24 : Operation 154 [15/36] (4.33ns)   --->   "%urem_ln438 = urem i32 %sext_ln438_1, i32 14" [kern.cpp:438]   --->   Operation 154 'urem' 'urem_ln438' <Predicate = (!icmp_ln437)> <Delay = 4.33> <CoreInst = "Divider">   --->   Core 6 'Divider' <Latency = 35> <II = 1> <Delay = 4.33> <FuncUnit> <Opcode : 'udiv' 'sdiv' 'urem' 'srem'> <InPorts = 2> <OutPorts = 1>

State 25 <SV = 24> <Delay = 4.33>
ST_25 : Operation 155 [14/36] (4.33ns)   --->   "%urem_ln438 = urem i32 %sext_ln438_1, i32 14" [kern.cpp:438]   --->   Operation 155 'urem' 'urem_ln438' <Predicate = (!icmp_ln437)> <Delay = 4.33> <CoreInst = "Divider">   --->   Core 6 'Divider' <Latency = 35> <II = 1> <Delay = 4.33> <FuncUnit> <Opcode : 'udiv' 'sdiv' 'urem' 'srem'> <InPorts = 2> <OutPorts = 1>

State 26 <SV = 25> <Delay = 4.33>
ST_26 : Operation 156 [13/36] (4.33ns)   --->   "%urem_ln438 = urem i32 %sext_ln438_1, i32 14" [kern.cpp:438]   --->   Operation 156 'urem' 'urem_ln438' <Predicate = (!icmp_ln437)> <Delay = 4.33> <CoreInst = "Divider">   --->   Core 6 'Divider' <Latency = 35> <II = 1> <Delay = 4.33> <FuncUnit> <Opcode : 'udiv' 'sdiv' 'urem' 'srem'> <InPorts = 2> <OutPorts = 1>

State 27 <SV = 26> <Delay = 4.33>
ST_27 : Operation 157 [12/36] (4.33ns)   --->   "%urem_ln438 = urem i32 %sext_ln438_1, i32 14" [kern.cpp:438]   --->   Operation 157 'urem' 'urem_ln438' <Predicate = (!icmp_ln437)> <Delay = 4.33> <CoreInst = "Divider">   --->   Core 6 'Divider' <Latency = 35> <II = 1> <Delay = 4.33> <FuncUnit> <Opcode : 'udiv' 'sdiv' 'urem' 'srem'> <InPorts = 2> <OutPorts = 1>

State 28 <SV = 27> <Delay = 4.33>
ST_28 : Operation 158 [11/36] (4.33ns)   --->   "%urem_ln438 = urem i32 %sext_ln438_1, i32 14" [kern.cpp:438]   --->   Operation 158 'urem' 'urem_ln438' <Predicate = (!icmp_ln437)> <Delay = 4.33> <CoreInst = "Divider">   --->   Core 6 'Divider' <Latency = 35> <II = 1> <Delay = 4.33> <FuncUnit> <Opcode : 'udiv' 'sdiv' 'urem' 'srem'> <InPorts = 2> <OutPorts = 1>

State 29 <SV = 28> <Delay = 4.33>
ST_29 : Operation 159 [10/36] (4.33ns)   --->   "%urem_ln438 = urem i32 %sext_ln438_1, i32 14" [kern.cpp:438]   --->   Operation 159 'urem' 'urem_ln438' <Predicate = (!icmp_ln437)> <Delay = 4.33> <CoreInst = "Divider">   --->   Core 6 'Divider' <Latency = 35> <II = 1> <Delay = 4.33> <FuncUnit> <Opcode : 'udiv' 'sdiv' 'urem' 'srem'> <InPorts = 2> <OutPorts = 1>

State 30 <SV = 29> <Delay = 4.33>
ST_30 : Operation 160 [9/36] (4.33ns)   --->   "%urem_ln438 = urem i32 %sext_ln438_1, i32 14" [kern.cpp:438]   --->   Operation 160 'urem' 'urem_ln438' <Predicate = (!icmp_ln437)> <Delay = 4.33> <CoreInst = "Divider">   --->   Core 6 'Divider' <Latency = 35> <II = 1> <Delay = 4.33> <FuncUnit> <Opcode : 'udiv' 'sdiv' 'urem' 'srem'> <InPorts = 2> <OutPorts = 1>

State 31 <SV = 30> <Delay = 4.33>
ST_31 : Operation 161 [8/36] (4.33ns)   --->   "%urem_ln438 = urem i32 %sext_ln438_1, i32 14" [kern.cpp:438]   --->   Operation 161 'urem' 'urem_ln438' <Predicate = (!icmp_ln437)> <Delay = 4.33> <CoreInst = "Divider">   --->   Core 6 'Divider' <Latency = 35> <II = 1> <Delay = 4.33> <FuncUnit> <Opcode : 'udiv' 'sdiv' 'urem' 'srem'> <InPorts = 2> <OutPorts = 1>

State 32 <SV = 31> <Delay = 4.33>
ST_32 : Operation 162 [7/36] (4.33ns)   --->   "%urem_ln438 = urem i32 %sext_ln438_1, i32 14" [kern.cpp:438]   --->   Operation 162 'urem' 'urem_ln438' <Predicate = (!icmp_ln437)> <Delay = 4.33> <CoreInst = "Divider">   --->   Core 6 'Divider' <Latency = 35> <II = 1> <Delay = 4.33> <FuncUnit> <Opcode : 'udiv' 'sdiv' 'urem' 'srem'> <InPorts = 2> <OutPorts = 1>

State 33 <SV = 32> <Delay = 4.33>
ST_33 : Operation 163 [6/36] (4.33ns)   --->   "%urem_ln438 = urem i32 %sext_ln438_1, i32 14" [kern.cpp:438]   --->   Operation 163 'urem' 'urem_ln438' <Predicate = (!icmp_ln437)> <Delay = 4.33> <CoreInst = "Divider">   --->   Core 6 'Divider' <Latency = 35> <II = 1> <Delay = 4.33> <FuncUnit> <Opcode : 'udiv' 'sdiv' 'urem' 'srem'> <InPorts = 2> <OutPorts = 1>

State 34 <SV = 33> <Delay = 4.33>
ST_34 : Operation 164 [5/36] (4.33ns)   --->   "%urem_ln438 = urem i32 %sext_ln438_1, i32 14" [kern.cpp:438]   --->   Operation 164 'urem' 'urem_ln438' <Predicate = (!icmp_ln437)> <Delay = 4.33> <CoreInst = "Divider">   --->   Core 6 'Divider' <Latency = 35> <II = 1> <Delay = 4.33> <FuncUnit> <Opcode : 'udiv' 'sdiv' 'urem' 'srem'> <InPorts = 2> <OutPorts = 1>

State 35 <SV = 34> <Delay = 4.33>
ST_35 : Operation 165 [4/36] (4.33ns)   --->   "%urem_ln438 = urem i32 %sext_ln438_1, i32 14" [kern.cpp:438]   --->   Operation 165 'urem' 'urem_ln438' <Predicate = (!icmp_ln437)> <Delay = 4.33> <CoreInst = "Divider">   --->   Core 6 'Divider' <Latency = 35> <II = 1> <Delay = 4.33> <FuncUnit> <Opcode : 'udiv' 'sdiv' 'urem' 'srem'> <InPorts = 2> <OutPorts = 1>

State 36 <SV = 35> <Delay = 4.33>
ST_36 : Operation 166 [3/36] (4.33ns)   --->   "%urem_ln438 = urem i32 %sext_ln438_1, i32 14" [kern.cpp:438]   --->   Operation 166 'urem' 'urem_ln438' <Predicate = (!icmp_ln437)> <Delay = 4.33> <CoreInst = "Divider">   --->   Core 6 'Divider' <Latency = 35> <II = 1> <Delay = 4.33> <FuncUnit> <Opcode : 'udiv' 'sdiv' 'urem' 'srem'> <InPorts = 2> <OutPorts = 1>

State 37 <SV = 36> <Delay = 4.33>
ST_37 : Operation 167 [2/36] (4.33ns)   --->   "%urem_ln438 = urem i32 %sext_ln438_1, i32 14" [kern.cpp:438]   --->   Operation 167 'urem' 'urem_ln438' <Predicate = (!icmp_ln437)> <Delay = 4.33> <CoreInst = "Divider">   --->   Core 6 'Divider' <Latency = 35> <II = 1> <Delay = 4.33> <FuncUnit> <Opcode : 'udiv' 'sdiv' 'urem' 'srem'> <InPorts = 2> <OutPorts = 1>
ST_37 : Operation 168 [1/1] (0.00ns)   --->   "%zext_ln442_1 = zext i8 %add_ln442_1" [kern.cpp:442]   --->   Operation 168 'zext' 'zext_ln442_1' <Predicate = (!icmp_ln437)> <Delay = 0.00>
ST_37 : Operation 169 [1/1] (0.00ns)   --->   "%packed_image_4_addr = getelementptr i1 %packed_image_4, i64 0, i64 %zext_ln442_1" [kern.cpp:442]   --->   Operation 169 'getelementptr' 'packed_image_4_addr' <Predicate = (!icmp_ln437)> <Delay = 0.00>
ST_37 : Operation 170 [1/1] (0.00ns)   --->   "%packed_image_4_1_addr = getelementptr i1 %packed_image_4_1, i64 0, i64 %zext_ln442_1" [kern.cpp:442]   --->   Operation 170 'getelementptr' 'packed_image_4_1_addr' <Predicate = (!icmp_ln437)> <Delay = 0.00>
ST_37 : Operation 171 [1/1] (0.00ns)   --->   "%packed_image_4_2_addr = getelementptr i1 %packed_image_4_2, i64 0, i64 %zext_ln442_1" [kern.cpp:442]   --->   Operation 171 'getelementptr' 'packed_image_4_2_addr' <Predicate = (!icmp_ln437)> <Delay = 0.00>
ST_37 : Operation 172 [1/1] (0.00ns)   --->   "%packed_image_4_3_addr = getelementptr i1 %packed_image_4_3, i64 0, i64 %zext_ln442_1" [kern.cpp:442]   --->   Operation 172 'getelementptr' 'packed_image_4_3_addr' <Predicate = (!icmp_ln437)> <Delay = 0.00>
ST_37 : Operation 173 [1/1] (0.00ns)   --->   "%packed_image_4_4_addr = getelementptr i1 %packed_image_4_4, i64 0, i64 %zext_ln442_1" [kern.cpp:442]   --->   Operation 173 'getelementptr' 'packed_image_4_4_addr' <Predicate = (!icmp_ln437)> <Delay = 0.00>
ST_37 : Operation 174 [1/1] (0.00ns)   --->   "%packed_image_4_5_addr = getelementptr i1 %packed_image_4_5, i64 0, i64 %zext_ln442_1" [kern.cpp:442]   --->   Operation 174 'getelementptr' 'packed_image_4_5_addr' <Predicate = (!icmp_ln437)> <Delay = 0.00>
ST_37 : Operation 175 [1/1] (0.00ns)   --->   "%packed_image_4_6_addr = getelementptr i1 %packed_image_4_6, i64 0, i64 %zext_ln442_1" [kern.cpp:442]   --->   Operation 175 'getelementptr' 'packed_image_4_6_addr' <Predicate = (!icmp_ln437)> <Delay = 0.00>
ST_37 : Operation 176 [1/1] (0.00ns)   --->   "%packed_image_4_7_addr = getelementptr i1 %packed_image_4_7, i64 0, i64 %zext_ln442_1" [kern.cpp:442]   --->   Operation 176 'getelementptr' 'packed_image_4_7_addr' <Predicate = (!icmp_ln437)> <Delay = 0.00>
ST_37 : Operation 177 [1/1] (0.00ns)   --->   "%packed_image_4_8_addr = getelementptr i1 %packed_image_4_8, i64 0, i64 %zext_ln442_1" [kern.cpp:442]   --->   Operation 177 'getelementptr' 'packed_image_4_8_addr' <Predicate = (!icmp_ln437)> <Delay = 0.00>
ST_37 : Operation 178 [1/1] (0.00ns)   --->   "%packed_image_4_9_addr = getelementptr i1 %packed_image_4_9, i64 0, i64 %zext_ln442_1" [kern.cpp:442]   --->   Operation 178 'getelementptr' 'packed_image_4_9_addr' <Predicate = (!icmp_ln437)> <Delay = 0.00>
ST_37 : Operation 179 [1/1] (0.00ns)   --->   "%packed_image_4_10_addr = getelementptr i1 %packed_image_4_10, i64 0, i64 %zext_ln442_1" [kern.cpp:442]   --->   Operation 179 'getelementptr' 'packed_image_4_10_addr' <Predicate = (!icmp_ln437)> <Delay = 0.00>
ST_37 : Operation 180 [1/1] (0.00ns)   --->   "%packed_image_4_11_addr = getelementptr i1 %packed_image_4_11, i64 0, i64 %zext_ln442_1" [kern.cpp:442]   --->   Operation 180 'getelementptr' 'packed_image_4_11_addr' <Predicate = (!icmp_ln437)> <Delay = 0.00>
ST_37 : Operation 181 [1/1] (0.00ns)   --->   "%packed_image_4_12_addr = getelementptr i1 %packed_image_4_12, i64 0, i64 %zext_ln442_1" [kern.cpp:442]   --->   Operation 181 'getelementptr' 'packed_image_4_12_addr' <Predicate = (!icmp_ln437)> <Delay = 0.00>
ST_37 : Operation 182 [1/1] (0.00ns)   --->   "%packed_image_4_13_addr = getelementptr i1 %packed_image_4_13, i64 0, i64 %zext_ln442_1" [kern.cpp:442]   --->   Operation 182 'getelementptr' 'packed_image_4_13_addr' <Predicate = (!icmp_ln437)> <Delay = 0.00>
ST_37 : Operation 183 [2/2] (2.32ns)   --->   "%packed_image_4_load = load i8 %packed_image_4_addr" [kern.cpp:442]   --->   Operation 183 'load' 'packed_image_4_load' <Predicate = (!icmp_ln437)> <Delay = 2.32> <CoreInst = "RAM">   --->   Core 81 'RAM' <Latency = 1> <II = 1> <Delay = 2.32> <Storage> <Opcode : 'load' 'store'> <Ports = 2> <Width = 1> <Depth = 148> <RAM>
ST_37 : Operation 184 [2/2] (2.32ns)   --->   "%packed_image_4_1_load = load i8 %packed_image_4_1_addr" [kern.cpp:442]   --->   Operation 184 'load' 'packed_image_4_1_load' <Predicate = (!icmp_ln437)> <Delay = 2.32> <CoreInst = "RAM">   --->   Core 81 'RAM' <Latency = 1> <II = 1> <Delay = 2.32> <Storage> <Opcode : 'load' 'store'> <Ports = 2> <Width = 1> <Depth = 148> <RAM>
ST_37 : Operation 185 [2/2] (2.32ns)   --->   "%packed_image_4_2_load = load i8 %packed_image_4_2_addr" [kern.cpp:442]   --->   Operation 185 'load' 'packed_image_4_2_load' <Predicate = (!icmp_ln437)> <Delay = 2.32> <CoreInst = "RAM">   --->   Core 81 'RAM' <Latency = 1> <II = 1> <Delay = 2.32> <Storage> <Opcode : 'load' 'store'> <Ports = 2> <Width = 1> <Depth = 148> <RAM>
ST_37 : Operation 186 [2/2] (2.32ns)   --->   "%packed_image_4_3_load = load i8 %packed_image_4_3_addr" [kern.cpp:442]   --->   Operation 186 'load' 'packed_image_4_3_load' <Predicate = (!icmp_ln437)> <Delay = 2.32> <CoreInst = "RAM">   --->   Core 81 'RAM' <Latency = 1> <II = 1> <Delay = 2.32> <Storage> <Opcode : 'load' 'store'> <Ports = 2> <Width = 1> <Depth = 148> <RAM>
ST_37 : Operation 187 [2/2] (2.32ns)   --->   "%packed_image_4_4_load = load i8 %packed_image_4_4_addr" [kern.cpp:442]   --->   Operation 187 'load' 'packed_image_4_4_load' <Predicate = (!icmp_ln437)> <Delay = 2.32> <CoreInst = "RAM">   --->   Core 81 'RAM' <Latency = 1> <II = 1> <Delay = 2.32> <Storage> <Opcode : 'load' 'store'> <Ports = 2> <Width = 1> <Depth = 148> <RAM>
ST_37 : Operation 188 [2/2] (2.32ns)   --->   "%packed_image_4_5_load = load i8 %packed_image_4_5_addr" [kern.cpp:442]   --->   Operation 188 'load' 'packed_image_4_5_load' <Predicate = (!icmp_ln437)> <Delay = 2.32> <CoreInst = "RAM">   --->   Core 81 'RAM' <Latency = 1> <II = 1> <Delay = 2.32> <Storage> <Opcode : 'load' 'store'> <Ports = 2> <Width = 1> <Depth = 148> <RAM>
ST_37 : Operation 189 [2/2] (2.32ns)   --->   "%packed_image_4_6_load = load i8 %packed_image_4_6_addr" [kern.cpp:442]   --->   Operation 189 'load' 'packed_image_4_6_load' <Predicate = (!icmp_ln437)> <Delay = 2.32> <CoreInst = "RAM">   --->   Core 81 'RAM' <Latency = 1> <II = 1> <Delay = 2.32> <Storage> <Opcode : 'load' 'store'> <Ports = 2> <Width = 1> <Depth = 148> <RAM>
ST_37 : Operation 190 [2/2] (2.32ns)   --->   "%packed_image_4_7_load = load i8 %packed_image_4_7_addr" [kern.cpp:442]   --->   Operation 190 'load' 'packed_image_4_7_load' <Predicate = (!icmp_ln437)> <Delay = 2.32> <CoreInst = "RAM">   --->   Core 81 'RAM' <Latency = 1> <II = 1> <Delay = 2.32> <Storage> <Opcode : 'load' 'store'> <Ports = 2> <Width = 1> <Depth = 148> <RAM>
ST_37 : Operation 191 [2/2] (2.32ns)   --->   "%packed_image_4_8_load = load i8 %packed_image_4_8_addr" [kern.cpp:442]   --->   Operation 191 'load' 'packed_image_4_8_load' <Predicate = (!icmp_ln437)> <Delay = 2.32> <CoreInst = "RAM">   --->   Core 81 'RAM' <Latency = 1> <II = 1> <Delay = 2.32> <Storage> <Opcode : 'load' 'store'> <Ports = 2> <Width = 1> <Depth = 148> <RAM>
ST_37 : Operation 192 [2/2] (2.32ns)   --->   "%packed_image_4_9_load = load i8 %packed_image_4_9_addr" [kern.cpp:442]   --->   Operation 192 'load' 'packed_image_4_9_load' <Predicate = (!icmp_ln437)> <Delay = 2.32> <CoreInst = "RAM">   --->   Core 81 'RAM' <Latency = 1> <II = 1> <Delay = 2.32> <Storage> <Opcode : 'load' 'store'> <Ports = 2> <Width = 1> <Depth = 148> <RAM>
ST_37 : Operation 193 [2/2] (2.32ns)   --->   "%packed_image_4_10_load = load i8 %packed_image_4_10_addr" [kern.cpp:442]   --->   Operation 193 'load' 'packed_image_4_10_load' <Predicate = (!icmp_ln437)> <Delay = 2.32> <CoreInst = "RAM">   --->   Core 81 'RAM' <Latency = 1> <II = 1> <Delay = 2.32> <Storage> <Opcode : 'load' 'store'> <Ports = 2> <Width = 1> <Depth = 148> <RAM>
ST_37 : Operation 194 [2/2] (2.32ns)   --->   "%packed_image_4_11_load = load i8 %packed_image_4_11_addr" [kern.cpp:442]   --->   Operation 194 'load' 'packed_image_4_11_load' <Predicate = (!icmp_ln437)> <Delay = 2.32> <CoreInst = "RAM">   --->   Core 81 'RAM' <Latency = 1> <II = 1> <Delay = 2.32> <Storage> <Opcode : 'load' 'store'> <Ports = 2> <Width = 1> <Depth = 148> <RAM>
ST_37 : Operation 195 [2/2] (2.32ns)   --->   "%packed_image_4_12_load = load i8 %packed_image_4_12_addr" [kern.cpp:442]   --->   Operation 195 'load' 'packed_image_4_12_load' <Predicate = (!icmp_ln437)> <Delay = 2.32> <CoreInst = "RAM">   --->   Core 81 'RAM' <Latency = 1> <II = 1> <Delay = 2.32> <Storage> <Opcode : 'load' 'store'> <Ports = 2> <Width = 1> <Depth = 148> <RAM>
ST_37 : Operation 196 [2/2] (2.32ns)   --->   "%packed_image_4_13_load = load i8 %packed_image_4_13_addr" [kern.cpp:442]   --->   Operation 196 'load' 'packed_image_4_13_load' <Predicate = (!icmp_ln437)> <Delay = 2.32> <CoreInst = "RAM">   --->   Core 81 'RAM' <Latency = 1> <II = 1> <Delay = 2.32> <Storage> <Opcode : 'load' 'store'> <Ports = 2> <Width = 1> <Depth = 148> <RAM>

State 38 <SV = 37> <Delay = 7.09>
ST_38 : Operation 197 [1/1] (0.00ns)   --->   "%phi_urem_load = load i5 %phi_urem" [kern.cpp:435]   --->   Operation 197 'load' 'phi_urem_load' <Predicate = true> <Delay = 0.00>
ST_38 : Operation 198 [1/1] (0.00ns)   --->   "%phi_mul_load = load i11 %phi_mul" [kern.cpp:443]   --->   Operation 198 'load' 'phi_mul_load' <Predicate = true> <Delay = 0.00>
ST_38 : Operation 199 [1/1] (1.78ns)   --->   "%add_ln435 = add i5 %phi_urem_load, i5 1" [kern.cpp:435]   --->   Operation 199 'add' 'add_ln435' <Predicate = true> <Delay = 1.78> <CoreInst = "Adder">   --->   Core 1 'Adder' <Latency = 0> <II = 1> <Delay = 1.78> <FuncUnit> <Opcode : 'add' 'sub'> <InPorts = 2> <OutPorts = 1>
ST_38 : Operation 200 [1/1] (1.78ns)   --->   "%icmp_ln435 = icmp_eq  i5 %phi_urem_load, i5 8" [kern.cpp:435]   --->   Operation 200 'icmp' 'icmp_ln435' <Predicate = true> <Delay = 1.78> <CoreInst = "Cmp">   --->   Core 9 'Cmp' <Latency = 0> <II = 1> <Delay = 1.78> <FuncUnit> <Opcode : 'seteq' 'setne' 'setle' 'setge' 'setlt' 'setgt'> <InPorts = 2> <OutPorts = 1>
ST_38 : Operation 201 [1/1] (1.21ns)   --->   "%select_ln435 = select i1 %icmp_ln435, i5 0, i5 %add_ln435" [kern.cpp:435]   --->   Operation 201 'select' 'select_ln435' <Predicate = true> <Delay = 1.21> <CoreInst = "Sel">   --->   Core 73 'Sel' <Latency = 0> <II = 1> <Delay = 1.21> <FuncUnit> <Opcode : 'select'> <InPorts = 3> <OutPorts = 1>
ST_38 : Operation 202 [1/36] (4.33ns)   --->   "%urem_ln438 = urem i32 %sext_ln438_1, i32 14" [kern.cpp:438]   --->   Operation 202 'urem' 'urem_ln438' <Predicate = (!icmp_ln437)> <Delay = 4.33> <CoreInst = "Divider">   --->   Core 6 'Divider' <Latency = 35> <II = 1> <Delay = 4.33> <FuncUnit> <Opcode : 'udiv' 'sdiv' 'urem' 'srem'> <InPorts = 2> <OutPorts = 1>
ST_38 : Operation 203 [1/1] (0.00ns)   --->   "%trunc_ln438_2 = trunc i4 %urem_ln438" [kern.cpp:438]   --->   Operation 203 'trunc' 'trunc_ln438_2' <Predicate = (!icmp_ln437)> <Delay = 0.00>
ST_38 : Operation 204 [1/1] (1.73ns)   --->   "%sub_ln438 = sub i4 13, i4 %trunc_ln438_2" [kern.cpp:438]   --->   Operation 204 'sub' 'sub_ln438' <Predicate = (!icmp_ln437 & tmp_88)> <Delay = 1.73> <CoreInst = "Adder">   --->   Core 1 'Adder' <Latency = 0> <II = 1> <Delay = 1.73> <FuncUnit> <Opcode : 'add' 'sub'> <InPorts = 2> <OutPorts = 1>
ST_38 : Operation 205 [1/1] (1.02ns)   --->   "%select_ln438 = select i1 %tmp_88, i4 %sub_ln438, i4 %trunc_ln438_2" [kern.cpp:438]   --->   Operation 205 'select' 'select_ln438' <Predicate = (!icmp_ln437)> <Delay = 1.02> <CoreInst = "Sel">   --->   Core 73 'Sel' <Latency = 0> <II = 1> <Delay = 1.02> <FuncUnit> <Opcode : 'select'> <InPorts = 3> <OutPorts = 1>
ST_38 : Operation 206 [1/2] ( I:2.32ns O:2.32ns )   --->   "%packed_image_4_load = load i8 %packed_image_4_addr" [kern.cpp:442]   --->   Operation 206 'load' 'packed_image_4_load' <Predicate = (!icmp_ln437)> <Delay = 2.32> <CoreInst = "RAM">   --->   Core 81 'RAM' <Latency = 1> <II = 1> <Delay = 2.32> <Storage> <Opcode : 'load' 'store'> <Ports = 2> <Width = 1> <Depth = 148> <RAM>
ST_38 : Operation 207 [1/2] ( I:2.32ns O:2.32ns )   --->   "%packed_image_4_1_load = load i8 %packed_image_4_1_addr" [kern.cpp:442]   --->   Operation 207 'load' 'packed_image_4_1_load' <Predicate = (!icmp_ln437)> <Delay = 2.32> <CoreInst = "RAM">   --->   Core 81 'RAM' <Latency = 1> <II = 1> <Delay = 2.32> <Storage> <Opcode : 'load' 'store'> <Ports = 2> <Width = 1> <Depth = 148> <RAM>
ST_38 : Operation 208 [1/2] ( I:2.32ns O:2.32ns )   --->   "%packed_image_4_2_load = load i8 %packed_image_4_2_addr" [kern.cpp:442]   --->   Operation 208 'load' 'packed_image_4_2_load' <Predicate = (!icmp_ln437)> <Delay = 2.32> <CoreInst = "RAM">   --->   Core 81 'RAM' <Latency = 1> <II = 1> <Delay = 2.32> <Storage> <Opcode : 'load' 'store'> <Ports = 2> <Width = 1> <Depth = 148> <RAM>
ST_38 : Operation 209 [1/2] ( I:2.32ns O:2.32ns )   --->   "%packed_image_4_3_load = load i8 %packed_image_4_3_addr" [kern.cpp:442]   --->   Operation 209 'load' 'packed_image_4_3_load' <Predicate = (!icmp_ln437)> <Delay = 2.32> <CoreInst = "RAM">   --->   Core 81 'RAM' <Latency = 1> <II = 1> <Delay = 2.32> <Storage> <Opcode : 'load' 'store'> <Ports = 2> <Width = 1> <Depth = 148> <RAM>
ST_38 : Operation 210 [1/2] ( I:2.32ns O:2.32ns )   --->   "%packed_image_4_4_load = load i8 %packed_image_4_4_addr" [kern.cpp:442]   --->   Operation 210 'load' 'packed_image_4_4_load' <Predicate = (!icmp_ln437)> <Delay = 2.32> <CoreInst = "RAM">   --->   Core 81 'RAM' <Latency = 1> <II = 1> <Delay = 2.32> <Storage> <Opcode : 'load' 'store'> <Ports = 2> <Width = 1> <Depth = 148> <RAM>
ST_38 : Operation 211 [1/2] ( I:2.32ns O:2.32ns )   --->   "%packed_image_4_5_load = load i8 %packed_image_4_5_addr" [kern.cpp:442]   --->   Operation 211 'load' 'packed_image_4_5_load' <Predicate = (!icmp_ln437)> <Delay = 2.32> <CoreInst = "RAM">   --->   Core 81 'RAM' <Latency = 1> <II = 1> <Delay = 2.32> <Storage> <Opcode : 'load' 'store'> <Ports = 2> <Width = 1> <Depth = 148> <RAM>
ST_38 : Operation 212 [1/2] ( I:2.32ns O:2.32ns )   --->   "%packed_image_4_6_load = load i8 %packed_image_4_6_addr" [kern.cpp:442]   --->   Operation 212 'load' 'packed_image_4_6_load' <Predicate = (!icmp_ln437)> <Delay = 2.32> <CoreInst = "RAM">   --->   Core 81 'RAM' <Latency = 1> <II = 1> <Delay = 2.32> <Storage> <Opcode : 'load' 'store'> <Ports = 2> <Width = 1> <Depth = 148> <RAM>
ST_38 : Operation 213 [1/2] ( I:2.32ns O:2.32ns )   --->   "%packed_image_4_7_load = load i8 %packed_image_4_7_addr" [kern.cpp:442]   --->   Operation 213 'load' 'packed_image_4_7_load' <Predicate = (!icmp_ln437)> <Delay = 2.32> <CoreInst = "RAM">   --->   Core 81 'RAM' <Latency = 1> <II = 1> <Delay = 2.32> <Storage> <Opcode : 'load' 'store'> <Ports = 2> <Width = 1> <Depth = 148> <RAM>
ST_38 : Operation 214 [1/2] ( I:2.32ns O:2.32ns )   --->   "%packed_image_4_8_load = load i8 %packed_image_4_8_addr" [kern.cpp:442]   --->   Operation 214 'load' 'packed_image_4_8_load' <Predicate = (!icmp_ln437)> <Delay = 2.32> <CoreInst = "RAM">   --->   Core 81 'RAM' <Latency = 1> <II = 1> <Delay = 2.32> <Storage> <Opcode : 'load' 'store'> <Ports = 2> <Width = 1> <Depth = 148> <RAM>
ST_38 : Operation 215 [1/2] ( I:2.32ns O:2.32ns )   --->   "%packed_image_4_9_load = load i8 %packed_image_4_9_addr" [kern.cpp:442]   --->   Operation 215 'load' 'packed_image_4_9_load' <Predicate = (!icmp_ln437)> <Delay = 2.32> <CoreInst = "RAM">   --->   Core 81 'RAM' <Latency = 1> <II = 1> <Delay = 2.32> <Storage> <Opcode : 'load' 'store'> <Ports = 2> <Width = 1> <Depth = 148> <RAM>
ST_38 : Operation 216 [1/2] ( I:2.32ns O:2.32ns )   --->   "%packed_image_4_10_load = load i8 %packed_image_4_10_addr" [kern.cpp:442]   --->   Operation 216 'load' 'packed_image_4_10_load' <Predicate = (!icmp_ln437)> <Delay = 2.32> <CoreInst = "RAM">   --->   Core 81 'RAM' <Latency = 1> <II = 1> <Delay = 2.32> <Storage> <Opcode : 'load' 'store'> <Ports = 2> <Width = 1> <Depth = 148> <RAM>
ST_38 : Operation 217 [1/2] ( I:2.32ns O:2.32ns )   --->   "%packed_image_4_11_load = load i8 %packed_image_4_11_addr" [kern.cpp:442]   --->   Operation 217 'load' 'packed_image_4_11_load' <Predicate = (!icmp_ln437)> <Delay = 2.32> <CoreInst = "RAM">   --->   Core 81 'RAM' <Latency = 1> <II = 1> <Delay = 2.32> <Storage> <Opcode : 'load' 'store'> <Ports = 2> <Width = 1> <Depth = 148> <RAM>
ST_38 : Operation 218 [1/2] ( I:2.32ns O:2.32ns )   --->   "%packed_image_4_12_load = load i8 %packed_image_4_12_addr" [kern.cpp:442]   --->   Operation 218 'load' 'packed_image_4_12_load' <Predicate = (!icmp_ln437)> <Delay = 2.32> <CoreInst = "RAM">   --->   Core 81 'RAM' <Latency = 1> <II = 1> <Delay = 2.32> <Storage> <Opcode : 'load' 'store'> <Ports = 2> <Width = 1> <Depth = 148> <RAM>
ST_38 : Operation 219 [1/2] ( I:2.32ns O:2.32ns )   --->   "%packed_image_4_13_load = load i8 %packed_image_4_13_addr" [kern.cpp:442]   --->   Operation 219 'load' 'packed_image_4_13_load' <Predicate = (!icmp_ln437)> <Delay = 2.32> <CoreInst = "RAM">   --->   Core 81 'RAM' <Latency = 1> <II = 1> <Delay = 2.32> <Storage> <Opcode : 'load' 'store'> <Ports = 2> <Width = 1> <Depth = 148> <RAM>
ST_38 : Operation 220 [1/1] (1.63ns)   --->   "%add_ln443 = add i11 %phi_mul_load, i11 57" [kern.cpp:443]   --->   Operation 220 'add' 'add_ln443' <Predicate = true> <Delay = 1.63> <CoreInst = "Adder">   --->   Core 1 'Adder' <Latency = 0> <II = 1> <Delay = 1.63> <FuncUnit> <Opcode : 'add' 'sub'> <InPorts = 2> <OutPorts = 1>
ST_38 : Operation 221 [1/1] (0.00ns)   --->   "%trunc_ln6 = partselect i2 @_ssdm_op_PartSelect.i2.i11.i32.i32, i11 %phi_mul_load, i32 9, i32 10" [kern.cpp:443]   --->   Operation 221 'partselect' 'trunc_ln6' <Predicate = (!icmp_ln437)> <Delay = 0.00>
ST_38 : Operation 222 [1/1] (0.00ns)   --->   "%trunc_ln443 = trunc i5 %phi_urem_load" [kern.cpp:443]   --->   Operation 222 'trunc' 'trunc_ln443' <Predicate = (!icmp_ln437)> <Delay = 0.00>
ST_38 : Operation 223 [1/1] (2.42ns)   --->   "%tmp_5 = sparsemux i1 @_ssdm_op_SparseMux.ap_auto.9i1.i1.i4, i4 0, i1 %tmp_85, i4 1, i1 %tmp_84, i4 2, i1 %tmp_83, i4 3, i1 %tmp_82, i4 4, i1 %tmp_81, i4 5, i1 %tmp_80, i4 6, i1 %tmp_79, i4 7, i1 %tmp_78, i4 8, i1 %tmp_77, i1 0, i4 %trunc_ln443" [kern.cpp:443]   --->   Operation 223 'sparsemux' 'tmp_5' <Predicate = (!icmp_ln437)> <Delay = 2.42> <CoreInst = "BinarySparseMux_DontCare">   --->   Core 137 'BinarySparseMux_DontCare' <Latency = 0> <II = 1> <Delay = 2.42> <FuncUnit> <Opcode : 'sparsemux'> <InPorts = 2> <OutPorts = 1>
ST_38 : Operation 224 [1/1] (2.42ns)   --->   "%tmp_6 = sparsemux i1 @_ssdm_op_SparseMux.ap_auto.9i1.i1.i4, i4 0, i1 %tmp_76, i4 1, i1 %tmp_75, i4 2, i1 %tmp_74, i4 3, i1 %tmp_73, i4 4, i1 %tmp_72, i4 5, i1 %tmp_71, i4 6, i1 %tmp_70, i4 7, i1 %tmp_69, i4 8, i1 %tmp_68, i1 0, i4 %trunc_ln443" [kern.cpp:443]   --->   Operation 224 'sparsemux' 'tmp_6' <Predicate = (!icmp_ln437)> <Delay = 2.42> <CoreInst = "BinarySparseMux_DontCare">   --->   Core 137 'BinarySparseMux_DontCare' <Latency = 0> <II = 1> <Delay = 2.42> <FuncUnit> <Opcode : 'sparsemux'> <InPorts = 2> <OutPorts = 1>
ST_38 : Operation 225 [1/1] (2.42ns)   --->   "%tmp_7 = sparsemux i1 @_ssdm_op_SparseMux.ap_auto.9i1.i1.i4, i4 0, i1 %tmp_67, i4 1, i1 %tmp_66, i4 2, i1 %tmp_65, i4 3, i1 %tmp_64, i4 4, i1 %tmp_63, i4 5, i1 %tmp_62, i4 6, i1 %tmp_61, i4 7, i1 %tmp_60, i4 8, i1 %tmp, i1 0, i4 %trunc_ln443" [kern.cpp:443]   --->   Operation 225 'sparsemux' 'tmp_7' <Predicate = (!icmp_ln437)> <Delay = 2.42> <CoreInst = "BinarySparseMux_DontCare">   --->   Core 137 'BinarySparseMux_DontCare' <Latency = 0> <II = 1> <Delay = 2.42> <FuncUnit> <Opcode : 'sparsemux'> <InPorts = 2> <OutPorts = 1>
ST_38 : Operation 226 [1/1] (1.58ns)   --->   "%w = sparsemux i1 @_ssdm_op_SparseMux.ap_auto.3i1.i1.i2, i2 0, i1 %tmp_5, i2 1, i1 %tmp_6, i2 2, i1 %tmp_7, i1 0, i2 %trunc_ln6" [kern.cpp:443]   --->   Operation 226 'sparsemux' 'w' <Predicate = (!icmp_ln437)> <Delay = 1.58> <CoreInst = "OneHotSparseMux_HasDef">   --->   Core 140 'OneHotSparseMux_HasDef' <Latency = 0> <II = 1> <Delay = 1.58> <FuncUnit> <Opcode : 'sparsemux'> <InPorts = 2> <OutPorts = 1>
ST_38 : Operation 227 [1/1] (1.58ns)   --->   "%store_ln443 = store i11 %add_ln443, i11 %phi_mul" [kern.cpp:443]   --->   Operation 227 'store' 'store_ln443' <Predicate = true> <Delay = 1.58>
ST_38 : Operation 228 [1/1] (1.58ns)   --->   "%store_ln435 = store i5 %select_ln435, i5 %phi_urem" [kern.cpp:435]   --->   Operation 228 'store' 'store_ln435' <Predicate = true> <Delay = 1.58>

State 39 <SV = 38> <Delay = 7.26>
ST_39 : Operation 229 [1/1] (0.00ns)   --->   "%mlp1_acc_4 = load i32 %mlp1_acc_1" [kern.cpp:444]   --->   Operation 229 'load' 'mlp1_acc_4' <Predicate = true> <Delay = 0.00>
ST_39 : Operation 230 [1/1] (0.00ns)   --->   "%specpipeline_ln435 = specpipeline void @_ssdm_op_SpecPipeline, i32 1, i32 0, i32 0, i32 0, i32 4294967295, void @empty_5" [kern.cpp:435]   --->   Operation 230 'specpipeline' 'specpipeline_ln435' <Predicate = true> <Delay = 0.00>
ST_39 : Operation 231 [1/1] (0.00ns)   --->   "%speclooptripcount_ln434 = speclooptripcount void @_ssdm_op_SpecLoopTripCount, i64 0, i64 27, i64 13" [kern.cpp:434]   --->   Operation 231 'speclooptripcount' 'speclooptripcount_ln434' <Predicate = true> <Delay = 0.00>
ST_39 : Operation 232 [1/1] (0.00ns)   --->   "%specloopname_ln434 = specloopname void @_ssdm_op_SpecLoopName, void @empty_15" [kern.cpp:434]   --->   Operation 232 'specloopname' 'specloopname_ln434' <Predicate = true> <Delay = 0.00>
ST_39 : Operation 233 [1/1] (2.42ns)   --->   "%a = sparsemux i1 @_ssdm_op_SparseMux.ap_auto.14i1.i1.i4, i4 0, i1 %packed_image_4_load, i4 1, i1 %packed_image_4_1_load, i4 2, i1 %packed_image_4_2_load, i4 3, i1 %packed_image_4_3_load, i4 4, i1 %packed_image_4_4_load, i4 5, i1 %packed_image_4_5_load, i4 6, i1 %packed_image_4_6_load, i4 7, i1 %packed_image_4_7_load, i4 8, i1 %packed_image_4_8_load, i4 9, i1 %packed_image_4_9_load, i4 10, i1 %packed_image_4_10_load, i4 11, i1 %packed_image_4_11_load, i4 12, i1 %packed_image_4_12_load, i4 13, i1 %packed_image_4_13_load, i1 0, i4 %select_ln438" [kern.cpp:442]   --->   Operation 233 'sparsemux' 'a' <Predicate = (!icmp_ln437)> <Delay = 2.42> <CoreInst = "BinarySparseMux_DontCare">   --->   Core 137 'BinarySparseMux_DontCare' <Latency = 0> <II = 1> <Delay = 2.42> <FuncUnit> <Opcode : 'sparsemux'> <InPorts = 2> <OutPorts = 1>
ST_39 : Operation 234 [1/1] (0.00ns) (grouped into LUT with out node mlp1_acc_5)   --->   "%xor_ln444 = xor i1 %a, i1 %w" [kern.cpp:444]   --->   Operation 234 'xor' 'xor_ln444' <Predicate = (!icmp_ln437)> <Delay = 0.00> <CoreInst = "LogicGate">   --->   Core 74 'LogicGate' <Latency = 0> <II = 1> <Delay = 0.97> <FuncUnit> <Opcode : 'and' 'or' 'xor'> <InPorts = 2> <OutPorts = 1>
ST_39 : Operation 235 [1/1] (0.00ns) (grouped into LUT with out node mlp1_acc_5)   --->   "%select_ln444 = select i1 %xor_ln444, i32 4294967295, i32 1" [kern.cpp:444]   --->   Operation 235 'select' 'select_ln444' <Predicate = (!icmp_ln437)> <Delay = 0.00> <CoreInst = "Sel">   --->   Core 73 'Sel' <Latency = 0> <II = 1> <Delay = 0.99> <FuncUnit> <Opcode : 'select'> <InPorts = 3> <OutPorts = 1>
ST_39 : Operation 236 [1/1] (2.55ns) (out node of the LUT)   --->   "%mlp1_acc_5 = add i32 %select_ln444, i32 %mlp1_acc_4" [kern.cpp:444]   --->   Operation 236 'add' 'mlp1_acc_5' <Predicate = (!icmp_ln437)> <Delay = 2.55> <CoreInst = "Adder">   --->   Core 1 'Adder' <Latency = 0> <II = 1> <Delay = 2.55> <FuncUnit> <Opcode : 'add' 'sub'> <InPorts = 2> <OutPorts = 1>
ST_39 : Operation 237 [1/1] (0.69ns)   --->   "%mlp1_acc_2 = select i1 %icmp_ln437, i32 %mlp1_acc_4, i32 %mlp1_acc_5" [kern.cpp:437]   --->   Operation 237 'select' 'mlp1_acc_2' <Predicate = true> <Delay = 0.69> <CoreInst = "Sel">   --->   Core 73 'Sel' <Latency = 0> <II = 1> <Delay = 0.69> <FuncUnit> <Opcode : 'select'> <InPorts = 3> <OutPorts = 1>
ST_39 : Operation 238 [1/1] (1.58ns)   --->   "%store_ln320 = store i32 %mlp1_acc_2, i32 %mlp1_acc_1" [kern.cpp:320]   --->   Operation 238 'store' 'store_ln320' <Predicate = true> <Delay = 1.58>
ST_39 : Operation 239 [1/1] (0.00ns)   --->   "%store_ln437 = store i32 %mlp1_acc_2, i32 %mlp1_acc_2_out" [kern.cpp:437]   --->   Operation 239 'store' 'store_ln437' <Predicate = (!or_cond872)> <Delay = 0.00>
ST_39 : Operation 240 [1/1] (1.58ns)   --->   "%ret_ln0 = ret"   --->   Operation 240 'ret' 'ret_ln0' <Predicate = (!or_cond872)> <Delay = 1.58>


============================================================
+ Verbose Summary: Timing violations
============================================================
Target clock period: 10.000ns, clock uncertainty: 2.700ns.

 <State 1>: 7.343ns
The critical path consists of the following:
	'store' operation ('store_ln434', kern.cpp:434) of constant 0 5 bit on local variable 'i', kern.cpp:434 [81]  (1.588 ns)
	'load' operation 5 bit ('i', kern.cpp:434) on local variable 'i', kern.cpp:434 [88]  (0.000 ns)
	'add' operation 32 bit ('flat', kern.cpp:436) [97]  (2.552 ns)
	'icmp' operation 1 bit ('icmp_ln437', kern.cpp:437) [99]  (2.225 ns)
	'xor' operation 1 bit ('not_icmp_ln437', kern.cpp:437) [181]  (0.000 ns)
	'and' operation 1 bit ('or_cond872', kern.cpp:434) [185]  (0.978 ns)

 <State 2>: 7.099ns
The critical path consists of the following:
	'sub' operation 32 bit ('sub_ln438_1', kern.cpp:438) [103]  (2.552 ns)
	'sub' operation 23 bit ('sub_ln439', kern.cpp:439) [122]  (2.285 ns)
	'select' operation 23 bit ('hw', kern.cpp:439) [124]  (0.698 ns)
	'select' operation 2 bit ('col', kern.cpp:440) [130]  (0.000 ns)
	'add' operation 3 bit ('add_ln442', kern.cpp:442) [137]  (1.565 ns)

 <State 3>: 6.912ns
The critical path consists of the following:
	'mul' operation 65 bit ('mul_ln438', kern.cpp:438) [110]  (6.912 ns)

 <State 4>: 6.912ns
The critical path consists of the following:
	'mul' operation 65 bit ('mul_ln438', kern.cpp:438) [110]  (6.912 ns)

 <State 5>: 4.336ns
The critical path consists of the following:
	'urem' operation 4 bit ('urem_ln438', kern.cpp:438) [117]  (4.336 ns)

 <State 6>: 4.336ns
The critical path consists of the following:
	'urem' operation 4 bit ('urem_ln438', kern.cpp:438) [117]  (4.336 ns)

 <State 7>: 4.336ns
The critical path consists of the following:
	'urem' operation 4 bit ('urem_ln438', kern.cpp:438) [117]  (4.336 ns)

 <State 8>: 4.336ns
The critical path consists of the following:
	'urem' operation 4 bit ('urem_ln438', kern.cpp:438) [117]  (4.336 ns)

 <State 9>: 4.336ns
The critical path consists of the following:
	'urem' operation 4 bit ('urem_ln438', kern.cpp:438) [117]  (4.336 ns)

 <State 10>: 4.336ns
The critical path consists of the following:
	'urem' operation 4 bit ('urem_ln438', kern.cpp:438) [117]  (4.336 ns)

 <State 11>: 4.336ns
The critical path consists of the following:
	'urem' operation 4 bit ('urem_ln438', kern.cpp:438) [117]  (4.336 ns)

 <State 12>: 4.336ns
The critical path consists of the following:
	'urem' operation 4 bit ('urem_ln438', kern.cpp:438) [117]  (4.336 ns)

 <State 13>: 4.336ns
The critical path consists of the following:
	'urem' operation 4 bit ('urem_ln438', kern.cpp:438) [117]  (4.336 ns)

 <State 14>: 4.336ns
The critical path consists of the following:
	'urem' operation 4 bit ('urem_ln438', kern.cpp:438) [117]  (4.336 ns)

 <State 15>: 4.336ns
The critical path consists of the following:
	'urem' operation 4 bit ('urem_ln438', kern.cpp:438) [117]  (4.336 ns)

 <State 16>: 4.336ns
The critical path consists of the following:
	'urem' operation 4 bit ('urem_ln438', kern.cpp:438) [117]  (4.336 ns)

 <State 17>: 4.336ns
The critical path consists of the following:
	'urem' operation 4 bit ('urem_ln438', kern.cpp:438) [117]  (4.336 ns)

 <State 18>: 4.336ns
The critical path consists of the following:
	'urem' operation 4 bit ('urem_ln438', kern.cpp:438) [117]  (4.336 ns)

 <State 19>: 4.336ns
The critical path consists of the following:
	'urem' operation 4 bit ('urem_ln438', kern.cpp:438) [117]  (4.336 ns)

 <State 20>: 4.336ns
The critical path consists of the following:
	'urem' operation 4 bit ('urem_ln438', kern.cpp:438) [117]  (4.336 ns)

 <State 21>: 4.336ns
The critical path consists of the following:
	'urem' operation 4 bit ('urem_ln438', kern.cpp:438) [117]  (4.336 ns)

 <State 22>: 4.336ns
The critical path consists of the following:
	'urem' operation 4 bit ('urem_ln438', kern.cpp:438) [117]  (4.336 ns)

 <State 23>: 4.336ns
The critical path consists of the following:
	'urem' operation 4 bit ('urem_ln438', kern.cpp:438) [117]  (4.336 ns)

 <State 24>: 4.336ns
The critical path consists of the following:
	'urem' operation 4 bit ('urem_ln438', kern.cpp:438) [117]  (4.336 ns)

 <State 25>: 4.336ns
The critical path consists of the following:
	'urem' operation 4 bit ('urem_ln438', kern.cpp:438) [117]  (4.336 ns)

 <State 26>: 4.336ns
The critical path consists of the following:
	'urem' operation 4 bit ('urem_ln438', kern.cpp:438) [117]  (4.336 ns)

 <State 27>: 4.336ns
The critical path consists of the following:
	'urem' operation 4 bit ('urem_ln438', kern.cpp:438) [117]  (4.336 ns)

 <State 28>: 4.336ns
The critical path consists of the following:
	'urem' operation 4 bit ('urem_ln438', kern.cpp:438) [117]  (4.336 ns)

 <State 29>: 4.336ns
The critical path consists of the following:
	'urem' operation 4 bit ('urem_ln438', kern.cpp:438) [117]  (4.336 ns)

 <State 30>: 4.336ns
The critical path consists of the following:
	'urem' operation 4 bit ('urem_ln438', kern.cpp:438) [117]  (4.336 ns)

 <State 31>: 4.336ns
The critical path consists of the following:
	'urem' operation 4 bit ('urem_ln438', kern.cpp:438) [117]  (4.336 ns)

 <State 32>: 4.336ns
The critical path consists of the following:
	'urem' operation 4 bit ('urem_ln438', kern.cpp:438) [117]  (4.336 ns)

 <State 33>: 4.336ns
The critical path consists of the following:
	'urem' operation 4 bit ('urem_ln438', kern.cpp:438) [117]  (4.336 ns)

 <State 34>: 4.336ns
The critical path consists of the following:
	'urem' operation 4 bit ('urem_ln438', kern.cpp:438) [117]  (4.336 ns)

 <State 35>: 4.336ns
The critical path consists of the following:
	'urem' operation 4 bit ('urem_ln438', kern.cpp:438) [117]  (4.336 ns)

 <State 36>: 4.336ns
The critical path consists of the following:
	'urem' operation 4 bit ('urem_ln438', kern.cpp:438) [117]  (4.336 ns)

 <State 37>: 4.336ns
The critical path consists of the following:
	'urem' operation 4 bit ('urem_ln438', kern.cpp:438) [117]  (4.336 ns)

 <State 38>: 7.095ns
The critical path consists of the following:
	'urem' operation 4 bit ('urem_ln438', kern.cpp:438) [117]  (4.336 ns)
	'sub' operation 4 bit ('sub_ln438', kern.cpp:438) [119]  (1.735 ns)
	'select' operation 4 bit ('select_ln438', kern.cpp:438) [120]  (1.024 ns)

 <State 39>: 7.261ns
The critical path consists of the following:
	'sparsemux' operation 1 bit ('a', kern.cpp:442) [170]  (2.423 ns)
	'xor' operation 1 bit ('xor_ln444', kern.cpp:444) [178]  (0.000 ns)
	'select' operation 32 bit ('select_ln444', kern.cpp:444) [179]  (0.000 ns)
	'add' operation 32 bit ('mlp1_acc', kern.cpp:444) [180]  (2.552 ns)
	'select' operation 32 bit ('mlp1_acc', kern.cpp:437) [182]  (0.698 ns)
	'store' operation ('store_ln320', kern.cpp:320) of variable 'mlp1_acc', kern.cpp:437 32 bit on local variable 'mlp1_acc', kern.cpp:320 [186]  (1.588 ns)


============================================================
+ Verbose Summary: Binding
============================================================
N/A
* FSMD analyzer results:
  - Output states:
 - Input state : 
  - Chain level:
	State 1
	State 2
	State 3
	State 4
	State 5
	State 6
	State 7
	State 8
	State 9
	State 10
	State 11
	State 12
	State 13
	State 14
	State 15
	State 16
	State 17
	State 18
	State 19
	State 20
	State 21
	State 22
	State 23
	State 24
	State 25
	State 26
	State 27
	State 28
	State 29
	State 30
	State 31
	State 32
	State 33
	State 34
	State 35
	State 36
	State 37
	State 38
	State 39


============================================================
+ Verbose Summary: Datapath Resource usage 
============================================================
N/A
