

================================================================
== Vitis HLS Report for 'kernel_Pipeline_MLPO_BITS'
================================================================
* Date:           Fri May  1 17:43:48 2026

* Version:        2025.2 (Build 6295257 on Nov 14 2025)
* Project:        hls_component
* Solution:       hls (Vivado IP Flow Target)
* Product family: zynq
* Target device:  xc7z020-clg400-1


================================================================
== Performance Estimates
================================================================
+ Timing: 
    * Summary: 
    +--------+----------+----------+------------+
    |  Clock |  Target  | Estimated| Uncertainty|
    +--------+----------+----------+------------+
    |ap_clk  |  13.00 ns|  7.433 ns|     3.51 ns|
    +--------+----------+----------+------------+

+ Latency: 
    * Summary: 
    +---------+---------+-----------+----------+-----+-----+-------------------+
    |  Latency (cycles) |  Latency (absolute)  |  Interval |      Pipeline     |
    |   min   |   max   |    min    |    max   | min | max |        Type       |
    +---------+---------+-----------+----------+-----+-----+-------------------+
    |        3|       29|  39.000 ns|  0.377 us|    0|    0|  loop pipeline stp|
    +---------+---------+-----------+----------+-----+-----+-------------------+

    + Detail: 
        * Instance: 
        N/A

        * Loop: 
        +-------------+---------+---------+----------+-----------+-----------+--------+----------+
        |             |  Latency (cycles) | Iteration|  Initiation Interval  |  Trip  |          |
        |  Loop Name  |   min   |   max   |  Latency |  achieved |   target  |  Count | Pipelined|
        +-------------+---------+---------+----------+-----------+-----------+--------+----------+
        |- MLPO_BITS  |        1|       27|         2|          1|          1|  0 ~ 27|       yes|
        +-------------+---------+---------+----------+-----------+-----------+--------+----------+

============================================================
+ Verbose Summary: Synthesis Manager
============================================================
InlineROM: 1
ExposeGlobal: 0
============================================================
+ Verbose Summary: CDFG Model
============================================================
IsTopModel: 0
ResetActiveHigh: 1
IsCombinational: 0
IsDatapathOnly: 0
HasWiredReturn: 1
HasMFsm: 2
HasVarLatency: 1
IsPipeline: 0
IsRtlPipelined: 0
IsInstanceOverlapped: 0
IsDontTouch: 0
HasImplIP: 0
IsGatedGlobalClock: 0

+ Individual pipeline summary: 
  * Pipeline-0: initiation interval (II) = 1, depth = 2


============================================================
+ Verbose Summary: Schedule
============================================================
* Number of FSM states : 2
* Pipeline : 1
  Pipeline-0 : II = 1, D = 2, States = { 1 2 }
* Dataflow Pipeline: 0

* FSM state transitions: 
1 --> 2 
2 --> 

* FSM state operations: 

State 1 <SV = 0> <Delay = 7.43>
ST_1 : Operation 5 [1/1] (0.00ns)   --->   "%phi_urem27 = alloca i32 1"   --->   Operation 5 'alloca' 'phi_urem27' <Predicate = true> <Delay = 0.00>
ST_1 : Operation 6 [1/1] (0.00ns)   --->   "%phi_mul25 = alloca i32 1"   --->   Operation 6 'alloca' 'phi_mul25' <Predicate = true> <Delay = 0.00>
ST_1 : Operation 7 [1/1] (0.00ns)   --->   "%mlpo_acc_1 = alloca i32 1" [kern.cpp:431]   --->   Operation 7 'alloca' 'mlpo_acc_1' <Predicate = true> <Delay = 0.00>
ST_1 : Operation 8 [1/1] (0.00ns)   --->   "%i_1 = alloca i32 1" [kern.cpp:620]   --->   Operation 8 'alloca' 'i_1' <Predicate = true> <Delay = 0.00>
ST_1 : Operation 9 [1/1] (0.00ns)   --->   "%tmp_3 = read i5 @_ssdm_op_Read.ap_auto.i5, i5 %empty"   --->   Operation 9 'read' 'tmp_3' <Predicate = true> <Delay = 0.00>
ST_1 : Operation 10 [1/1] (0.00ns)   --->   "%tmp_4 = read i1 @_ssdm_op_Read.ap_auto.i1, i1 %empty_75"   --->   Operation 10 'read' 'tmp_4' <Predicate = true> <Delay = 0.00>
ST_1 : Operation 11 [1/1] (0.00ns)   --->   "%tmp_5 = read i1 @_ssdm_op_Read.ap_auto.i1, i1 %empty_74"   --->   Operation 11 'read' 'tmp_5' <Predicate = true> <Delay = 0.00>
ST_1 : Operation 12 [1/1] (0.00ns)   --->   "%tmp_6 = read i1 @_ssdm_op_Read.ap_auto.i1, i1 %empty_73"   --->   Operation 12 'read' 'tmp_6' <Predicate = true> <Delay = 0.00>
ST_1 : Operation 13 [1/1] (0.00ns)   --->   "%tmp_7 = read i1 @_ssdm_op_Read.ap_auto.i1, i1 %empty_72"   --->   Operation 13 'read' 'tmp_7' <Predicate = true> <Delay = 0.00>
ST_1 : Operation 14 [1/1] (0.00ns)   --->   "%tmp_8 = read i1 @_ssdm_op_Read.ap_auto.i1, i1 %empty_71"   --->   Operation 14 'read' 'tmp_8' <Predicate = true> <Delay = 0.00>
ST_1 : Operation 15 [1/1] (0.00ns)   --->   "%tmp_9 = read i1 @_ssdm_op_Read.ap_auto.i1, i1 %empty_70"   --->   Operation 15 'read' 'tmp_9' <Predicate = true> <Delay = 0.00>
ST_1 : Operation 16 [1/1] (0.00ns)   --->   "%tmp_10 = read i1 @_ssdm_op_Read.ap_auto.i1, i1 %empty_69"   --->   Operation 16 'read' 'tmp_10' <Predicate = true> <Delay = 0.00>
ST_1 : Operation 17 [1/1] (0.00ns)   --->   "%tmp_11 = read i1 @_ssdm_op_Read.ap_auto.i1, i1 %empty_68"   --->   Operation 17 'read' 'tmp_11' <Predicate = true> <Delay = 0.00>
ST_1 : Operation 18 [1/1] (0.00ns)   --->   "%tmp_12 = read i1 @_ssdm_op_Read.ap_auto.i1, i1 %empty_67"   --->   Operation 18 'read' 'tmp_12' <Predicate = true> <Delay = 0.00>
ST_1 : Operation 19 [1/1] (0.00ns)   --->   "%tmp_13 = read i1 @_ssdm_op_Read.ap_auto.i1, i1 %empty_66"   --->   Operation 19 'read' 'tmp_13' <Predicate = true> <Delay = 0.00>
ST_1 : Operation 20 [1/1] (0.00ns)   --->   "%tmp_14 = read i1 @_ssdm_op_Read.ap_auto.i1, i1 %empty_65"   --->   Operation 20 'read' 'tmp_14' <Predicate = true> <Delay = 0.00>
ST_1 : Operation 21 [1/1] (0.00ns)   --->   "%tmp_15 = read i1 @_ssdm_op_Read.ap_auto.i1, i1 %empty_64"   --->   Operation 21 'read' 'tmp_15' <Predicate = true> <Delay = 0.00>
ST_1 : Operation 22 [1/1] (0.00ns)   --->   "%tmp_16 = read i1 @_ssdm_op_Read.ap_auto.i1, i1 %empty_63"   --->   Operation 22 'read' 'tmp_16' <Predicate = true> <Delay = 0.00>
ST_1 : Operation 23 [1/1] (0.00ns)   --->   "%tmp_17 = read i1 @_ssdm_op_Read.ap_auto.i1, i1 %empty_62"   --->   Operation 23 'read' 'tmp_17' <Predicate = true> <Delay = 0.00>
ST_1 : Operation 24 [1/1] (0.00ns)   --->   "%tmp_18 = read i1 @_ssdm_op_Read.ap_auto.i1, i1 %empty_61"   --->   Operation 24 'read' 'tmp_18' <Predicate = true> <Delay = 0.00>
ST_1 : Operation 25 [1/1] (0.00ns)   --->   "%tmp_19 = read i1 @_ssdm_op_Read.ap_auto.i1, i1 %empty_60"   --->   Operation 25 'read' 'tmp_19' <Predicate = true> <Delay = 0.00>
ST_1 : Operation 26 [1/1] (0.00ns)   --->   "%tmp_20 = read i1 @_ssdm_op_Read.ap_auto.i1, i1 %empty_59"   --->   Operation 26 'read' 'tmp_20' <Predicate = true> <Delay = 0.00>
ST_1 : Operation 27 [1/1] (0.00ns)   --->   "%tmp_21 = read i1 @_ssdm_op_Read.ap_auto.i1, i1 %empty_58"   --->   Operation 27 'read' 'tmp_21' <Predicate = true> <Delay = 0.00>
ST_1 : Operation 28 [1/1] (0.00ns)   --->   "%tmp_22 = read i1 @_ssdm_op_Read.ap_auto.i1, i1 %empty_57"   --->   Operation 28 'read' 'tmp_22' <Predicate = true> <Delay = 0.00>
ST_1 : Operation 29 [1/1] (0.00ns)   --->   "%tmp_23 = read i1 @_ssdm_op_Read.ap_auto.i1, i1 %empty_56"   --->   Operation 29 'read' 'tmp_23' <Predicate = true> <Delay = 0.00>
ST_1 : Operation 30 [1/1] (0.00ns)   --->   "%tmp_24 = read i1 @_ssdm_op_Read.ap_auto.i1, i1 %empty_55"   --->   Operation 30 'read' 'tmp_24' <Predicate = true> <Delay = 0.00>
ST_1 : Operation 31 [1/1] (0.00ns)   --->   "%tmp_25 = read i1 @_ssdm_op_Read.ap_auto.i1, i1 %empty_54"   --->   Operation 31 'read' 'tmp_25' <Predicate = true> <Delay = 0.00>
ST_1 : Operation 32 [1/1] (0.00ns)   --->   "%tmp_26 = read i1 @_ssdm_op_Read.ap_auto.i1, i1 %empty_53"   --->   Operation 32 'read' 'tmp_26' <Predicate = true> <Delay = 0.00>
ST_1 : Operation 33 [1/1] (0.00ns)   --->   "%tmp_27 = read i1 @_ssdm_op_Read.ap_auto.i1, i1 %empty_52"   --->   Operation 33 'read' 'tmp_27' <Predicate = true> <Delay = 0.00>
ST_1 : Operation 34 [1/1] (0.00ns)   --->   "%tmp_28 = read i1 @_ssdm_op_Read.ap_auto.i1, i1 %empty_51"   --->   Operation 34 'read' 'tmp_28' <Predicate = true> <Delay = 0.00>
ST_1 : Operation 35 [1/1] (0.00ns)   --->   "%tmp_29 = read i1 @_ssdm_op_Read.ap_auto.i1, i1 %empty_50"   --->   Operation 35 'read' 'tmp_29' <Predicate = true> <Delay = 0.00>
ST_1 : Operation 36 [1/1] (0.00ns)   --->   "%tmp_30 = read i1 @_ssdm_op_Read.ap_auto.i1, i1 %empty_49"   --->   Operation 36 'read' 'tmp_30' <Predicate = true> <Delay = 0.00>
ST_1 : Operation 37 [1/1] (0.00ns)   --->   "%sext_ln620_read = read i32 @_ssdm_op_Read.ap_auto.i32, i32 %sext_ln620"   --->   Operation 37 'read' 'sext_ln620_read' <Predicate = true> <Delay = 0.00>
ST_1 : Operation 38 [1/1] (0.00ns)   --->   "%mlpo_acc_read = read i32 @_ssdm_op_Read.ap_auto.i32, i32 %mlpo_acc"   --->   Operation 38 'read' 'mlpo_acc_read' <Predicate = true> <Delay = 0.00>
ST_1 : Operation 39 [1/1] (0.00ns)   --->   "%sext_ln620_cast = sext i32 %sext_ln620_read"   --->   Operation 39 'sext' 'sext_ln620_cast' <Predicate = true> <Delay = 0.00>
ST_1 : Operation 40 [1/1] (1.58ns)   --->   "%store_ln620 = store i5 0, i5 %i_1" [kern.cpp:620]   --->   Operation 40 'store' 'store_ln620' <Predicate = true> <Delay = 1.58>
ST_1 : Operation 41 [1/1] (1.58ns)   --->   "%store_ln431 = store i32 %mlpo_acc_read, i32 %mlpo_acc_1" [kern.cpp:431]   --->   Operation 41 'store' 'store_ln431' <Predicate = true> <Delay = 1.58>
ST_1 : Operation 42 [1/1] (1.58ns)   --->   "%store_ln0 = store i11 0, i11 %phi_mul25"   --->   Operation 42 'store' 'store_ln0' <Predicate = true> <Delay = 1.58>
ST_1 : Operation 43 [1/1] (1.58ns)   --->   "%store_ln0 = store i5 0, i5 %phi_urem27"   --->   Operation 43 'store' 'store_ln0' <Predicate = true> <Delay = 1.58>
ST_1 : Operation 44 [1/1] (0.00ns)   --->   "%br_ln0 = br void %for.body269_ifconv"   --->   Operation 44 'br' 'br_ln0' <Predicate = true> <Delay = 0.00>
ST_1 : Operation 45 [1/1] (0.00ns)   --->   "%phi_urem27_load = load i5 %phi_urem27" [kern.cpp:621]   --->   Operation 45 'load' 'phi_urem27_load' <Predicate = true> <Delay = 0.00>
ST_1 : Operation 46 [1/1] (0.00ns)   --->   "%phi_mul25_load = load i11 %phi_mul25" [kern.cpp:625]   --->   Operation 46 'load' 'phi_mul25_load' <Predicate = true> <Delay = 0.00>
ST_1 : Operation 47 [1/1] (0.00ns)   --->   "%i = load i5 %i_1" [kern.cpp:620]   --->   Operation 47 'load' 'i' <Predicate = true> <Delay = 0.00>
ST_1 : Operation 48 [1/1] (1.78ns)   --->   "%add_ln621 = add i5 %phi_urem27_load, i5 1" [kern.cpp:621]   --->   Operation 48 'add' 'add_ln621' <Predicate = true> <Delay = 1.78> <CoreInst = "Adder">   --->   Core 1 'Adder' <Latency = 0> <II = 1> <Delay = 1.78> <FuncUnit> <Opcode : 'add' 'sub'> <InPorts = 2> <OutPorts = 1>
ST_1 : Operation 49 [1/1] (1.78ns)   --->   "%icmp_ln621 = icmp_eq  i5 %phi_urem27_load, i5 8" [kern.cpp:621]   --->   Operation 49 'icmp' 'icmp_ln621' <Predicate = true> <Delay = 1.78> <CoreInst = "Cmp">   --->   Core 9 'Cmp' <Latency = 0> <II = 1> <Delay = 1.78> <FuncUnit> <Opcode : 'seteq' 'setne' 'setle' 'setge' 'setlt' 'setgt'> <InPorts = 2> <OutPorts = 1>
ST_1 : Operation 50 [1/1] (1.21ns)   --->   "%select_ln621 = select i1 %icmp_ln621, i5 0, i5 %add_ln621" [kern.cpp:621]   --->   Operation 50 'select' 'select_ln621' <Predicate = true> <Delay = 1.21> <CoreInst = "Sel">   --->   Core 73 'Sel' <Latency = 0> <II = 1> <Delay = 1.21> <FuncUnit> <Opcode : 'select'> <InPorts = 3> <OutPorts = 1>
ST_1 : Operation 51 [1/1] (0.00ns)   --->   "%zext_ln621 = zext i5 %i" [kern.cpp:621]   --->   Operation 51 'zext' 'zext_ln621' <Predicate = true> <Delay = 0.00>
ST_1 : Operation 52 [1/1] (2.55ns)   --->   "%add_ln622 = add i33 %zext_ln621, i33 %sext_ln620_cast" [kern.cpp:622]   --->   Operation 52 'add' 'add_ln622' <Predicate = true> <Delay = 2.55> <CoreInst = "Adder">   --->   Core 1 'Adder' <Latency = 0> <II = 1> <Delay = 2.55> <FuncUnit> <Opcode : 'add' 'sub'> <InPorts = 2> <OutPorts = 1>
ST_1 : Operation 53 [1/1] (0.00ns)   --->   "%zext_ln623 = zext i33 %add_ln622" [kern.cpp:623]   --->   Operation 53 'zext' 'zext_ln623' <Predicate = true> <Delay = 0.00>
ST_1 : Operation 54 [1/1] (0.00ns)   --->   "%tmp_31 = partselect i24 @_ssdm_op_PartSelect.i24.i33.i32.i32, i33 %add_ln622, i32 9, i32 32" [kern.cpp:623]   --->   Operation 54 'partselect' 'tmp_31' <Predicate = true> <Delay = 0.00>
ST_1 : Operation 55 [1/1] (2.31ns)   --->   "%icmp_ln623 = icmp_sgt  i24 %tmp_31, i24 0" [kern.cpp:623]   --->   Operation 55 'icmp' 'icmp_ln623' <Predicate = true> <Delay = 2.31> <CoreInst = "Cmp">   --->   Core 9 'Cmp' <Latency = 0> <II = 1> <Delay = 2.31> <FuncUnit> <Opcode : 'seteq' 'setne' 'setle' 'setge' 'setlt' 'setgt'> <InPorts = 2> <OutPorts = 1>
ST_1 : Operation 56 [1/1] (0.00ns)   --->   "%mlp_hidden_2_addr = getelementptr i1 %mlp_hidden_2, i64 0, i64 %zext_ln623" [kern.cpp:624]   --->   Operation 56 'getelementptr' 'mlp_hidden_2_addr' <Predicate = true> <Delay = 0.00>
ST_1 : Operation 57 [2/2] (2.32ns)   --->   "%a = load i9 %mlp_hidden_2_addr" [kern.cpp:624]   --->   Operation 57 'load' 'a' <Predicate = true> <Delay = 2.32> <CoreInst = "RAM">   --->   Core 81 'RAM' <Latency = 1> <II = 1> <Delay = 2.32> <Storage> <Opcode : 'load' 'store'> <Ports = 2> <Width = 1> <Depth = 512> <RAM>
ST_1 : Operation 58 [1/1] (1.63ns)   --->   "%add_ln625 = add i11 %phi_mul25_load, i11 57" [kern.cpp:625]   --->   Operation 58 'add' 'add_ln625' <Predicate = true> <Delay = 1.63> <CoreInst = "Adder">   --->   Core 1 'Adder' <Latency = 0> <II = 1> <Delay = 1.63> <FuncUnit> <Opcode : 'add' 'sub'> <InPorts = 2> <OutPorts = 1>
ST_1 : Operation 59 [1/1] (0.00ns)   --->   "%trunc_ln3 = partselect i2 @_ssdm_op_PartSelect.i2.i11.i32.i32, i11 %phi_mul25_load, i32 9, i32 10" [kern.cpp:625]   --->   Operation 59 'partselect' 'trunc_ln3' <Predicate = true> <Delay = 0.00>
ST_1 : Operation 60 [1/1] (0.00ns)   --->   "%trunc_ln625 = trunc i5 %phi_urem27_load" [kern.cpp:625]   --->   Operation 60 'trunc' 'trunc_ln625' <Predicate = true> <Delay = 0.00>
ST_1 : Operation 61 [1/1] (2.42ns)   --->   "%tmp = sparsemux i1 @_ssdm_op_SparseMux.ap_auto.9i1.i1.i4, i4 0, i1 %tmp_30, i4 1, i1 %tmp_29, i4 2, i1 %tmp_28, i4 3, i1 %tmp_27, i4 4, i1 %tmp_26, i4 5, i1 %tmp_25, i4 6, i1 %tmp_24, i4 7, i1 %tmp_23, i4 8, i1 %tmp_22, i1 0, i4 %trunc_ln625" [kern.cpp:625]   --->   Operation 61 'sparsemux' 'tmp' <Predicate = true> <Delay = 2.42> <CoreInst = "BinarySparseMux_DontCare">   --->   Core 137 'BinarySparseMux_DontCare' <Latency = 0> <II = 1> <Delay = 2.42> <FuncUnit> <Opcode : 'sparsemux'> <InPorts = 2> <OutPorts = 1>
ST_1 : Operation 62 [1/1] (2.42ns)   --->   "%tmp_1 = sparsemux i1 @_ssdm_op_SparseMux.ap_auto.9i1.i1.i4, i4 0, i1 %tmp_21, i4 1, i1 %tmp_20, i4 2, i1 %tmp_19, i4 3, i1 %tmp_18, i4 4, i1 %tmp_17, i4 5, i1 %tmp_16, i4 6, i1 %tmp_15, i4 7, i1 %tmp_14, i4 8, i1 %tmp_13, i1 0, i4 %trunc_ln625" [kern.cpp:625]   --->   Operation 62 'sparsemux' 'tmp_1' <Predicate = true> <Delay = 2.42> <CoreInst = "BinarySparseMux_DontCare">   --->   Core 137 'BinarySparseMux_DontCare' <Latency = 0> <II = 1> <Delay = 2.42> <FuncUnit> <Opcode : 'sparsemux'> <InPorts = 2> <OutPorts = 1>
ST_1 : Operation 63 [1/1] (2.42ns)   --->   "%tmp_2 = sparsemux i1 @_ssdm_op_SparseMux.ap_auto.9i1.i1.i4, i4 0, i1 %tmp_12, i4 1, i1 %tmp_11, i4 2, i1 %tmp_10, i4 3, i1 %tmp_9, i4 4, i1 %tmp_8, i4 5, i1 %tmp_7, i4 6, i1 %tmp_6, i4 7, i1 %tmp_5, i4 8, i1 %tmp_4, i1 0, i4 %trunc_ln625" [kern.cpp:625]   --->   Operation 63 'sparsemux' 'tmp_2' <Predicate = true> <Delay = 2.42> <CoreInst = "BinarySparseMux_DontCare">   --->   Core 137 'BinarySparseMux_DontCare' <Latency = 0> <II = 1> <Delay = 2.42> <FuncUnit> <Opcode : 'sparsemux'> <InPorts = 2> <OutPorts = 1>
ST_1 : Operation 64 [1/1] (1.58ns)   --->   "%w = sparsemux i1 @_ssdm_op_SparseMux.ap_auto.3i1.i1.i2, i2 0, i1 %tmp, i2 1, i1 %tmp_1, i2 2, i1 %tmp_2, i1 0, i2 %trunc_ln3" [kern.cpp:625]   --->   Operation 64 'sparsemux' 'w' <Predicate = true> <Delay = 1.58> <CoreInst = "OneHotSparseMux_HasDef">   --->   Core 140 'OneHotSparseMux_HasDef' <Latency = 0> <II = 1> <Delay = 1.58> <FuncUnit> <Opcode : 'sparsemux'> <InPorts = 2> <OutPorts = 1>
ST_1 : Operation 65 [1/1] (0.00ns) (grouped into LUT with out node or_cond)   --->   "%not_icmp_ln623 = xor i1 %icmp_ln623, i1 1" [kern.cpp:623]   --->   Operation 65 'xor' 'not_icmp_ln623' <Predicate = true> <Delay = 0.00> <CoreInst = "LogicGate">   --->   Core 74 'LogicGate' <Latency = 0> <II = 1> <Delay = 0.97> <FuncUnit> <Opcode : 'and' 'or' 'xor'> <InPorts = 2> <OutPorts = 1>
ST_1 : Operation 66 [1/1] (1.78ns)   --->   "%add_ln620 = add i5 %i, i5 1" [kern.cpp:620]   --->   Operation 66 'add' 'add_ln620' <Predicate = true> <Delay = 1.78> <CoreInst = "Adder">   --->   Core 1 'Adder' <Latency = 0> <II = 1> <Delay = 1.78> <FuncUnit> <Opcode : 'add' 'sub'> <InPorts = 2> <OutPorts = 1>
ST_1 : Operation 67 [1/1] (1.78ns)   --->   "%icmp_ln620 = icmp_ult  i5 %add_ln620, i5 %tmp_3" [kern.cpp:620]   --->   Operation 67 'icmp' 'icmp_ln620' <Predicate = true> <Delay = 1.78> <CoreInst = "Cmp">   --->   Core 9 'Cmp' <Latency = 0> <II = 1> <Delay = 1.78> <FuncUnit> <Opcode : 'seteq' 'setne' 'setle' 'setge' 'setlt' 'setgt'> <InPorts = 2> <OutPorts = 1>
ST_1 : Operation 68 [1/1] (0.97ns) (out node of the LUT)   --->   "%or_cond = and i1 %icmp_ln620, i1 %not_icmp_ln623" [kern.cpp:620]   --->   Operation 68 'and' 'or_cond' <Predicate = true> <Delay = 0.97> <CoreInst = "LogicGate">   --->   Core 74 'LogicGate' <Latency = 0> <II = 1> <Delay = 0.97> <FuncUnit> <Opcode : 'and' 'or' 'xor'> <InPorts = 2> <OutPorts = 1>
ST_1 : Operation 69 [1/1] (1.58ns)   --->   "%store_ln620 = store i5 %add_ln620, i5 %i_1" [kern.cpp:620]   --->   Operation 69 'store' 'store_ln620' <Predicate = true> <Delay = 1.58>
ST_1 : Operation 70 [1/1] (1.58ns)   --->   "%store_ln625 = store i11 %add_ln625, i11 %phi_mul25" [kern.cpp:625]   --->   Operation 70 'store' 'store_ln625' <Predicate = true> <Delay = 1.58>
ST_1 : Operation 71 [1/1] (1.58ns)   --->   "%store_ln621 = store i5 %select_ln621, i5 %phi_urem27" [kern.cpp:621]   --->   Operation 71 'store' 'store_ln621' <Predicate = true> <Delay = 1.58>
ST_1 : Operation 72 [1/1] (0.00ns)   --->   "%br_ln620 = br i1 %or_cond, void %for.end294.exitStub, void %for.body269_ifconv" [kern.cpp:620]   --->   Operation 72 'br' 'br_ln620' <Predicate = true> <Delay = 0.00>

State 2 <SV = 1> <Delay = 7.16>
ST_2 : Operation 73 [1/1] (0.00ns)   --->   "%mlpo_acc_4 = load i32 %mlpo_acc_1" [kern.cpp:626]   --->   Operation 73 'load' 'mlpo_acc_4' <Predicate = true> <Delay = 0.00>
ST_2 : Operation 74 [1/1] (0.00ns)   --->   "%specpipeline_ln621 = specpipeline void @_ssdm_op_SpecPipeline, i32 1, i32 0, i32 0, i32 0, i32 4294967295, void @empty_5" [kern.cpp:621]   --->   Operation 74 'specpipeline' 'specpipeline_ln621' <Predicate = true> <Delay = 0.00>
ST_2 : Operation 75 [1/1] (0.00ns)   --->   "%speclooptripcount_ln431 = speclooptripcount void @_ssdm_op_SpecLoopTripCount, i64 0, i64 27, i64 13" [kern.cpp:431]   --->   Operation 75 'speclooptripcount' 'speclooptripcount_ln431' <Predicate = true> <Delay = 0.00>
ST_2 : Operation 76 [1/1] (0.00ns)   --->   "%specloopname_ln620 = specloopname void @_ssdm_op_SpecLoopName, void @empty_21" [kern.cpp:620]   --->   Operation 76 'specloopname' 'specloopname_ln620' <Predicate = true> <Delay = 0.00>
ST_2 : Operation 77 [1/2] ( I:2.32ns O:2.32ns )   --->   "%a = load i9 %mlp_hidden_2_addr" [kern.cpp:624]   --->   Operation 77 'load' 'a' <Predicate = true> <Delay = 2.32> <CoreInst = "RAM">   --->   Core 81 'RAM' <Latency = 1> <II = 1> <Delay = 2.32> <Storage> <Opcode : 'load' 'store'> <Ports = 2> <Width = 1> <Depth = 512> <RAM>
ST_2 : Operation 78 [1/1] (0.00ns) (grouped into LUT with out node mlpo_acc_5)   --->   "%xor_ln626 = xor i1 %a, i1 %w" [kern.cpp:626]   --->   Operation 78 'xor' 'xor_ln626' <Predicate = (!icmp_ln623)> <Delay = 0.00> <CoreInst = "LogicGate">   --->   Core 74 'LogicGate' <Latency = 0> <II = 1> <Delay = 0.97> <FuncUnit> <Opcode : 'and' 'or' 'xor'> <InPorts = 2> <OutPorts = 1>
ST_2 : Operation 79 [1/1] (0.00ns) (grouped into LUT with out node mlpo_acc_5)   --->   "%select_ln626 = select i1 %xor_ln626, i32 4294967295, i32 1" [kern.cpp:626]   --->   Operation 79 'select' 'select_ln626' <Predicate = (!icmp_ln623)> <Delay = 0.00> <CoreInst = "Sel">   --->   Core 73 'Sel' <Latency = 0> <II = 1> <Delay = 0.99> <FuncUnit> <Opcode : 'select'> <InPorts = 3> <OutPorts = 1>
ST_2 : Operation 80 [1/1] (2.55ns) (out node of the LUT)   --->   "%mlpo_acc_5 = add i32 %select_ln626, i32 %mlpo_acc_4" [kern.cpp:626]   --->   Operation 80 'add' 'mlpo_acc_5' <Predicate = (!icmp_ln623)> <Delay = 2.55> <CoreInst = "Adder">   --->   Core 1 'Adder' <Latency = 0> <II = 1> <Delay = 2.55> <FuncUnit> <Opcode : 'add' 'sub'> <InPorts = 2> <OutPorts = 1>
ST_2 : Operation 81 [1/1] (0.69ns)   --->   "%mlpo_acc_2 = select i1 %icmp_ln623, i32 %mlpo_acc_4, i32 %mlpo_acc_5" [kern.cpp:623]   --->   Operation 81 'select' 'mlpo_acc_2' <Predicate = true> <Delay = 0.69> <CoreInst = "Sel">   --->   Core 73 'Sel' <Latency = 0> <II = 1> <Delay = 0.69> <FuncUnit> <Opcode : 'select'> <InPorts = 3> <OutPorts = 1>
ST_2 : Operation 82 [1/1] (1.58ns)   --->   "%store_ln431 = store i32 %mlpo_acc_2, i32 %mlpo_acc_1" [kern.cpp:431]   --->   Operation 82 'store' 'store_ln431' <Predicate = true> <Delay = 1.58>
ST_2 : Operation 83 [1/1] (0.00ns)   --->   "%store_ln623 = store i32 %mlpo_acc_2, i32 %mlpo_acc_2_out" [kern.cpp:623]   --->   Operation 83 'store' 'store_ln623' <Predicate = (!or_cond)> <Delay = 0.00>
ST_2 : Operation 84 [1/1] (1.58ns)   --->   "%ret_ln0 = ret"   --->   Operation 84 'ret' 'ret_ln0' <Predicate = (!or_cond)> <Delay = 1.58>


============================================================
+ Verbose Summary: Timing violations
============================================================
Target clock period: 13.000ns, clock uncertainty: 3.510ns.

 <State 1>: 7.433ns
The critical path consists of the following:
	'store' operation ('store_ln620', kern.cpp:620) of constant 0 5 bit on local variable 'i', kern.cpp:620 [68]  (1.588 ns)
	'load' operation 5 bit ('i', kern.cpp:620) on local variable 'i', kern.cpp:620 [77]  (0.000 ns)
	'add' operation 33 bit ('add_ln622', kern.cpp:622) [85]  (2.552 ns)
	'icmp' operation 1 bit ('icmp_ln623', kern.cpp:623) [88]  (2.314 ns)
	'xor' operation 1 bit ('not_icmp_ln623', kern.cpp:623) [101]  (0.000 ns)
	'and' operation 1 bit ('or_cond', kern.cpp:620) [105]  (0.978 ns)

 <State 2>: 7.160ns
The critical path consists of the following:
	'load' operation 1 bit ('a', kern.cpp:624) on array 'mlp_hidden_2' [90]  (2.322 ns)
	'xor' operation 1 bit ('xor_ln626', kern.cpp:626) [98]  (0.000 ns)
	'select' operation 32 bit ('select_ln626', kern.cpp:626) [99]  (0.000 ns)
	'add' operation 32 bit ('mlpo_acc', kern.cpp:626) [100]  (2.552 ns)
	'select' operation 32 bit ('mlpo_acc', kern.cpp:623) [102]  (0.698 ns)
	'store' operation ('store_ln431', kern.cpp:431) of variable 'mlpo_acc', kern.cpp:623 32 bit on local variable 'mlpo_acc', kern.cpp:431 [107]  (1.588 ns)


============================================================
+ Verbose Summary: Binding
============================================================
N/A
* FSMD analyzer results:
  - Output states:
 - Input state : 
  - Chain level:
	State 1
	State 2


============================================================
+ Verbose Summary: Datapath Resource usage 
============================================================
N/A
