

================================================================
== Vitis HLS Report for 'kernel_Pipeline_VITIS_LOOP_299_1'
================================================================
* Date:           Fri May  1 21:41:13 2026

* Version:        2025.2 (Build 6295257 on Nov 14 2025)
* Project:        hls_component
* Solution:       hls (Vivado IP Flow Target)
* Product family: zynq
* Target device:  xc7z020-clg400-1


================================================================
== Performance Estimates
================================================================
+ Timing: 
    * Summary: 
    +--------+----------+----------+------------+
    |  Clock |  Target  | Estimated| Uncertainty|
    +--------+----------+----------+------------+
    |ap_clk  |  10.00 ns|  6.481 ns|     2.70 ns|
    +--------+----------+----------+------------+

+ Latency: 
    * Summary: 
    +---------+---------+-----------+-----------+-----+-----+-------------------+
    |  Latency (cycles) |   Latency (absolute)  |  Interval |      Pipeline     |
    |   min   |   max   |    min    |    max    | min | max |        Type       |
    +---------+---------+-----------+-----------+-----+-----+-------------------+
    |     1026|     1026|  10.260 us|  10.260 us|    0|    0|  loop pipeline stp|
    +---------+---------+-----------+-----------+-----+-----+-------------------+

    + Detail: 
        * Instance: 
        N/A

        * Loop: 
        +--------------------+---------+---------+----------+-----------+-----------+------+----------+
        |                    |  Latency (cycles) | Iteration|  Initiation Interval  | Trip |          |
        |      Loop Name     |   min   |   max   |  Latency |  achieved |   target  | Count| Pipelined|
        +--------------------+---------+---------+----------+-----------+-----------+------+----------+
        |- VITIS_LOOP_299_1  |     1024|     1024|         1|          1|          1|  1024|       yes|
        +--------------------+---------+---------+----------+-----------+-----------+------+----------+



================================================================
== Utilization Estimates
================================================================
* Summary: 
+-----------------+---------+-----+--------+-------+-----+
|       Name      | BRAM_18K| DSP |   FF   |  LUT  | URAM|
+-----------------+---------+-----+--------+-------+-----+
|DSP              |        -|    -|       -|      -|    -|
|Expression       |        -|    -|       0|     24|    -|
|FIFO             |        -|    -|       -|      -|    -|
|Instance         |        -|    -|       -|      -|    -|
|Memory           |        -|    -|       -|      -|    -|
|Multiplexer      |        -|    -|       0|     27|    -|
|Register         |        -|    -|      13|      -|    -|
+-----------------+---------+-----+--------+-------+-----+
|Total            |        0|    0|      13|     51|    0|
+-----------------+---------+-----+--------+-------+-----+
|Available        |      280|  220|  106400|  53200|    0|
+-----------------+---------+-----+--------+-------+-----+
|Utilization (%)  |        0|    0|      ~0|     ~0|    0|
+-----------------+---------+-----+--------+-------+-----+

+ Detail: 
    * Instance: 
    N/A

    * DSP: 
    N/A

    * Memory: 
    N/A

    * FIFO: 
    N/A

    * Expression: 
    +---------------------+----------+----+---+----+------------+------------+
    |    Variable Name    | Operation| DSP| FF| LUT| Bitwidth P0| Bitwidth P1|
    +---------------------+----------+----+---+----+------------+------------+
    |add_ln299_fu_80_p2   |         +|   0|  0|  12|          11|           1|
    |icmp_ln299_fu_74_p2  |      icmp|   0|  0|  12|          11|          12|
    +---------------------+----------+----+---+----+------------+------------+
    |Total                |          |   0|  0|  24|          22|          13|
    +---------------------+----------+----+---+----+------------+------------+

    * Multiplexer: 
    +----------------------+----+-----------+-----+-----------+
    |         Name         | LUT| Input Size| Bits| Total Bits|
    +----------------------+----+-----------+-----+-----------+
    |ap_done_int           |   9|          2|    1|          2|
    |ap_sig_allocacmp_i_2  |   9|          2|   11|         22|
    |i_fu_34               |   9|          2|   11|         22|
    +----------------------+----+-----------+-----+-----------+
    |Total                 |  27|          6|   23|         46|
    +----------------------+----+-----------+-----+-----------+

    * Register: 
    +-------------+----+----+-----+-----------+
    |     Name    | FF | LUT| Bits| Const Bits|
    +-------------+----+----+-----+-----------+
    |ap_CS_fsm    |   1|   0|    1|          0|
    |ap_done_reg  |   1|   0|    1|          0|
    |i_fu_34      |  11|   0|   11|          0|
    +-------------+----+----+-----+-----------+
    |Total        |  13|   0|   13|          0|
    +-------------+----+----+-----+-----------+



================================================================
== Interface
================================================================
* Summary: 
+-------------------+-----+-----+------------+----------------------------------+--------------+
|     RTL Ports     | Dir | Bits|  Protocol  |           Source Object          |    C Type    |
+-------------------+-----+-----+------------+----------------------------------+--------------+
|ap_clk             |   in|    1|  ap_ctrl_hs|  kernel_Pipeline_VITIS_LOOP_299_1|  return value|
|ap_rst             |   in|    1|  ap_ctrl_hs|  kernel_Pipeline_VITIS_LOOP_299_1|  return value|
|ap_start           |   in|    1|  ap_ctrl_hs|  kernel_Pipeline_VITIS_LOOP_299_1|  return value|
|ap_done            |  out|    1|  ap_ctrl_hs|  kernel_Pipeline_VITIS_LOOP_299_1|  return value|
|ap_idle            |  out|    1|  ap_ctrl_hs|  kernel_Pipeline_VITIS_LOOP_299_1|  return value|
|ap_ready           |  out|    1|  ap_ctrl_hs|  kernel_Pipeline_VITIS_LOOP_299_1|  return value|
|buffer_1_address0  |  out|    9|   ap_memory|                          buffer_1|         array|
|buffer_1_ce0       |  out|    1|   ap_memory|                          buffer_1|         array|
|buffer_1_we0       |  out|    1|   ap_memory|                          buffer_1|         array|
|buffer_1_d0        |  out|   32|   ap_memory|                          buffer_1|         array|
|buffer_r_address0  |  out|    9|   ap_memory|                          buffer_r|         array|
|buffer_r_ce0       |  out|    1|   ap_memory|                          buffer_r|         array|
|buffer_r_we0       |  out|    1|   ap_memory|                          buffer_r|         array|
|buffer_r_d0        |  out|   32|   ap_memory|                          buffer_r|         array|
+-------------------+-----+-----+------------+----------------------------------+--------------+

============================================================
+ Verbose Summary: Synthesis Manager
============================================================
InlineROM: 1
ExposeGlobal: 0
============================================================
+ Verbose Summary: CDFG Model
============================================================
IsTopModel: 0
ResetActiveHigh: 1
IsCombinational: 2
IsDatapathOnly: 2
HasWiredReturn: 1
HasMFsm: 2
HasVarLatency: 1
IsPipeline: 0
IsRtlPipelined: 0
IsInstanceOverlapped: 0
IsDontTouch: 0
HasImplIP: 0
IsGatedGlobalClock: 0

+ Individual pipeline summary: 
  * Pipeline-0: initiation interval (II) = 1, depth = 1


============================================================
+ Verbose Summary: Schedule
============================================================
* Number of FSM states : 1
* Pipeline : 1
  Pipeline-0 : II = 1, D = 1, States = { 1 }
* Dataflow Pipeline: 0

* FSM state transitions: 
1 --> 

* FSM state operations: 

State 1 <SV = 0> <Delay = 6.48>
ST_1 : Operation 4 [1/1] (0.00ns)   --->   "%i = alloca i32 1" [kern.cpp:299]   --->   Operation 4 'alloca' 'i' <Predicate = true> <Delay = 0.00>
ST_1 : Operation 5 [1/1] (1.58ns)   --->   "%store_ln299 = store i11 0, i11 %i" [kern.cpp:299]   --->   Operation 5 'store' 'store_ln299' <Predicate = true> <Delay = 1.58>
ST_1 : Operation 6 [1/1] (0.00ns)   --->   "%br_ln0 = br void %for.inc"   --->   Operation 6 'br' 'br_ln0' <Predicate = true> <Delay = 0.00>
ST_1 : Operation 7 [1/1] (0.00ns)   --->   "%i_2 = load i11 %i" [kern.cpp:299]   --->   Operation 7 'load' 'i_2' <Predicate = true> <Delay = 0.00>
ST_1 : Operation 8 [1/1] (1.63ns)   --->   "%icmp_ln299 = icmp_eq  i11 %i_2, i11 1024" [kern.cpp:299]   --->   Operation 8 'icmp' 'icmp_ln299' <Predicate = true> <Delay = 1.63> <CoreInst = "Cmp">   --->   Core 9 'Cmp' <Latency = 0> <II = 1> <Delay = 1.54> <FuncUnit> <Opcode : 'seteq' 'setne' 'setle' 'setge' 'setlt' 'setgt'> <InPorts = 2> <OutPorts = 1>
ST_1 : Operation 9 [1/1] (1.63ns)   --->   "%add_ln299 = add i11 %i_2, i11 1" [kern.cpp:299]   --->   Operation 9 'add' 'add_ln299' <Predicate = true> <Delay = 1.63> <CoreInst = "Adder">   --->   Core 1 'Adder' <Latency = 0> <II = 1> <Delay = 1.63> <FuncUnit> <Opcode : 'add' 'sub'> <InPorts = 2> <OutPorts = 1>
ST_1 : Operation 10 [1/1] (0.00ns)   --->   "%br_ln299 = br i1 %icmp_ln299, void %for.inc.split, void %while.cond.preheader.exitStub" [kern.cpp:299]   --->   Operation 10 'br' 'br_ln299' <Predicate = true> <Delay = 0.00>
ST_1 : Operation 11 [1/1] (0.00ns)   --->   "%trunc_ln299 = trunc i11 %i_2" [kern.cpp:299]   --->   Operation 11 'trunc' 'trunc_ln299' <Predicate = (!icmp_ln299)> <Delay = 0.00>
ST_1 : Operation 12 [1/1] (0.00ns)   --->   "%specpipeline_ln299 = specpipeline void @_ssdm_op_SpecPipeline, i32 4294967295, i32 0, i32 0, i32 0, i32 4294967295, void @empty_5" [kern.cpp:299]   --->   Operation 12 'specpipeline' 'specpipeline_ln299' <Predicate = (!icmp_ln299)> <Delay = 0.00>
ST_1 : Operation 13 [1/1] (0.00ns)   --->   "%speclooptripcount_ln299 = speclooptripcount void @_ssdm_op_SpecLoopTripCount, i64 1024, i64 1024, i64 1024" [kern.cpp:299]   --->   Operation 13 'speclooptripcount' 'speclooptripcount_ln299' <Predicate = (!icmp_ln299)> <Delay = 0.00>
ST_1 : Operation 14 [1/1] (0.00ns)   --->   "%specloopname_ln299 = specloopname void @_ssdm_op_SpecLoopName, void @empty_23" [kern.cpp:299]   --->   Operation 14 'specloopname' 'specloopname_ln299' <Predicate = (!icmp_ln299)> <Delay = 0.00>
ST_1 : Operation 15 [1/1] (0.00ns)   --->   "%lshr_ln = partselect i9 @_ssdm_op_PartSelect.i9.i11.i32.i32, i11 %i_2, i32 1, i32 9" [kern.cpp:299]   --->   Operation 15 'partselect' 'lshr_ln' <Predicate = (!icmp_ln299)> <Delay = 0.00>
ST_1 : Operation 16 [1/1] (0.00ns)   --->   "%zext_ln299 = zext i9 %lshr_ln" [kern.cpp:299]   --->   Operation 16 'zext' 'zext_ln299' <Predicate = (!icmp_ln299)> <Delay = 0.00>
ST_1 : Operation 17 [1/1] (0.00ns)   --->   "%buffer_addr = getelementptr i32 %buffer_r, i64 0, i64 %zext_ln299" [kern.cpp:299]   --->   Operation 17 'getelementptr' 'buffer_addr' <Predicate = (!icmp_ln299)> <Delay = 0.00>
ST_1 : Operation 18 [1/1] (0.00ns)   --->   "%buffer_1_addr = getelementptr i32 %buffer_1, i64 0, i64 %zext_ln299" [kern.cpp:299]   --->   Operation 18 'getelementptr' 'buffer_1_addr' <Predicate = (!icmp_ln299)> <Delay = 0.00>
ST_1 : Operation 19 [1/1] (0.00ns)   --->   "%br_ln299 = br i1 %trunc_ln299, void %arrayidx.case.0, void %arrayidx.case.1" [kern.cpp:299]   --->   Operation 19 'br' 'br_ln299' <Predicate = (!icmp_ln299)> <Delay = 0.00>
ST_1 : Operation 20 [1/1] ( I:3.25ns O:3.25ns )   --->   "%store_ln299 = store i32 0, i9 %buffer_addr" [kern.cpp:299]   --->   Operation 20 'store' 'store_ln299' <Predicate = (!icmp_ln299 & !trunc_ln299)> <Delay = 3.25> <CoreInst = "RAM">   --->   Core 81 'RAM' <Latency = 1> <II = 1> <Delay = 3.25> <Storage> <Opcode : 'load' 'store'> <Ports = 2> <Width = 32> <Depth = 512> <RAM>
ST_1 : Operation 21 [1/1] (0.00ns)   --->   "%br_ln299 = br void %arrayidx.exit" [kern.cpp:299]   --->   Operation 21 'br' 'br_ln299' <Predicate = (!icmp_ln299 & !trunc_ln299)> <Delay = 0.00>
ST_1 : Operation 22 [1/1] ( I:3.25ns O:3.25ns )   --->   "%store_ln299 = store i32 0, i9 %buffer_1_addr" [kern.cpp:299]   --->   Operation 22 'store' 'store_ln299' <Predicate = (!icmp_ln299 & trunc_ln299)> <Delay = 3.25> <CoreInst = "RAM">   --->   Core 81 'RAM' <Latency = 1> <II = 1> <Delay = 3.25> <Storage> <Opcode : 'load' 'store'> <Ports = 2> <Width = 32> <Depth = 512> <RAM>
ST_1 : Operation 23 [1/1] (0.00ns)   --->   "%br_ln299 = br void %arrayidx.exit" [kern.cpp:299]   --->   Operation 23 'br' 'br_ln299' <Predicate = (!icmp_ln299 & trunc_ln299)> <Delay = 0.00>
ST_1 : Operation 24 [1/1] (1.58ns)   --->   "%store_ln299 = store i11 %add_ln299, i11 %i" [kern.cpp:299]   --->   Operation 24 'store' 'store_ln299' <Predicate = (!icmp_ln299)> <Delay = 1.58>
ST_1 : Operation 25 [1/1] (0.00ns)   --->   "%br_ln299 = br void %for.inc" [kern.cpp:299]   --->   Operation 25 'br' 'br_ln299' <Predicate = (!icmp_ln299)> <Delay = 0.00>
ST_1 : Operation 26 [1/1] (1.58ns)   --->   "%ret_ln0 = ret"   --->   Operation 26 'ret' 'ret_ln0' <Predicate = (icmp_ln299)> <Delay = 1.58>


============================================================
+ Verbose Summary: Binding
============================================================
STG Binding: 
---------------- STG Properties BEGIN ----------------
- Is combinational: 0
- Is one-state seq: 0
- Is datapath-only: 0
- Is pipelined: 0
- Is top level: 0
Port [ Return ] is wired: 1; IO mode=ap_ctrl_hs:ce=0
Port [ buffer_1]:  wired=1; compound=1; hidden=0; nouse=0; global=0; static=0; extern=0; dir=1; type=1; pingpong=0; private_global=0; MemPort=[03]; IO mode=ap_memory:ce=0
Port [ buffer_r]:  wired=1; compound=1; hidden=0; nouse=0; global=0; static=0; extern=0; dir=1; type=1; pingpong=0; private_global=0; MemPort=[03]; IO mode=ap_memory:ce=0
---------------- STG Properties END ------------------

---------------- Datapath Model BEGIN ----------------

<LifeTime>
<method=bitvector/>
i                       (alloca           ) [ 01]
store_ln299             (store            ) [ 00]
br_ln0                  (br               ) [ 00]
i_2                     (load             ) [ 00]
icmp_ln299              (icmp             ) [ 01]
add_ln299               (add              ) [ 00]
br_ln299                (br               ) [ 00]
trunc_ln299             (trunc            ) [ 01]
specpipeline_ln299      (specpipeline     ) [ 00]
speclooptripcount_ln299 (speclooptripcount) [ 00]
specloopname_ln299      (specloopname     ) [ 00]
lshr_ln                 (partselect       ) [ 00]
zext_ln299              (zext             ) [ 00]
buffer_addr             (getelementptr    ) [ 00]
buffer_1_addr           (getelementptr    ) [ 00]
br_ln299                (br               ) [ 00]
store_ln299             (store            ) [ 00]
br_ln299                (br               ) [ 00]
store_ln299             (store            ) [ 00]
br_ln299                (br               ) [ 00]
store_ln299             (store            ) [ 00]
br_ln299                (br               ) [ 00]
ret_ln0                 (ret              ) [ 00]
</LifeTime>

<model>

<comp_list>
<comp id="0" class="1000" name="buffer_1">
<pin_list>
<pin id="1" dir="1" index="0" bw="1" slack="0"/>
</pin_list>
<bind>
<StgValue><ssdm name="buffer_1"/><MemPortTyVec>0 3 </MemPortTyVec>
</StgValue>
</bind>
</comp>

<comp id="2" class="1000" name="buffer_r">
<pin_list>
<pin id="3" dir="1" index="0" bw="1" slack="0"/>
</pin_list>
<bind>
<StgValue><ssdm name="buffer_r"/><MemPortTyVec>0 3 </MemPortTyVec>
</StgValue>
</bind>
</comp>

<comp id="4" class="1001" name="const_4">
<pin_list>
<pin id="5" dir="1" index="0" bw="1" slack="0"/>
</pin_list>
<bind>
<StgValue><ssdm name=""/></StgValue>
</bind>
</comp>

<comp id="6" class="1001" name="const_6">
<pin_list>
<pin id="7" dir="1" index="0" bw="1" slack="0"/>
</pin_list>
<bind>
<StgValue><ssdm name=""/></StgValue>
</bind>
</comp>

<comp id="8" class="1001" name="const_8">
<pin_list>
<pin id="9" dir="1" index="0" bw="1" slack="0"/>
</pin_list>
<bind>
<StgValue><ssdm name=""/></StgValue>
</bind>
</comp>

<comp id="10" class="1001" name="const_10">
<pin_list>
<pin id="11" dir="1" index="0" bw="1" slack="0"/>
</pin_list>
<bind>
<StgValue><ssdm name=""/></StgValue>
</bind>
</comp>

<comp id="12" class="1001" name="const_12">
<pin_list>
<pin id="13" dir="1" index="0" bw="1" slack="2147483647"/>
</pin_list>
<bind>
<StgValue><ssdm name="_ssdm_op_SpecPipeline"/></StgValue>
</bind>
</comp>

<comp id="14" class="1001" name="const_14">
<pin_list>
<pin id="15" dir="1" index="0" bw="1" slack="2147483647"/>
</pin_list>
<bind>
<StgValue><ssdm name=""/></StgValue>
</bind>
</comp>

<comp id="16" class="1001" name="const_16">
<pin_list>
<pin id="17" dir="1" index="0" bw="1" slack="0"/>
</pin_list>
<bind>
<StgValue><ssdm name=""/></StgValue>
</bind>
</comp>

<comp id="18" class="1001" name="const_18">
<pin_list>
<pin id="19" dir="1" index="0" bw="1" slack="2147483647"/>
</pin_list>
<bind>
<StgValue><ssdm name="empty_5"/></StgValue>
</bind>
</comp>

<comp id="20" class="1001" name="const_20">
<pin_list>
<pin id="21" dir="1" index="0" bw="1" slack="2147483647"/>
</pin_list>
<bind>
<StgValue><ssdm name="_ssdm_op_SpecLoopTripCount"/></StgValue>
</bind>
</comp>

<comp id="22" class="1001" name="const_22">
<pin_list>
<pin id="23" dir="1" index="0" bw="1" slack="2147483647"/>
</pin_list>
<bind>
<StgValue><ssdm name=""/></StgValue>
</bind>
</comp>

<comp id="24" class="1001" name="const_24">
<pin_list>
<pin id="25" dir="1" index="0" bw="1" slack="2147483647"/>
</pin_list>
<bind>
<StgValue><ssdm name="_ssdm_op_SpecLoopName"/></StgValue>
</bind>
</comp>

<comp id="26" class="1001" name="const_26">
<pin_list>
<pin id="27" dir="1" index="0" bw="1" slack="2147483647"/>
</pin_list>
<bind>
<StgValue><ssdm name="empty_23"/></StgValue>
</bind>
</comp>

<comp id="28" class="1001" name="const_28">
<pin_list>
<pin id="29" dir="1" index="0" bw="1" slack="0"/>
</pin_list>
<bind>
<StgValue><ssdm name="_ssdm_op_PartSelect.i9.i11.i32.i32"/></StgValue>
</bind>
</comp>

<comp id="30" class="1001" name="const_30">
<pin_list>
<pin id="31" dir="1" index="0" bw="1" slack="0"/>
</pin_list>
<bind>
<StgValue><ssdm name=""/></StgValue>
</bind>
</comp>

<comp id="32" class="1001" name="const_32">
<pin_list>
<pin id="33" dir="1" index="0" bw="1" slack="0"/>
</pin_list>
<bind>
<StgValue><ssdm name=""/></StgValue>
</bind>
</comp>

<comp id="34" class="1004" name="i_fu_34">
<pin_list>
<pin id="35" dir="0" index="0" bw="1" slack="0"/>
<pin id="36" dir="1" index="1" bw="11" slack="0"/>
</pin_list>
<bind>
<opcode="alloca(26) " fcode="alloca"/>
<opset="i/1 "/>
</bind>
</comp>

<comp id="38" class="1004" name="buffer_addr_gep_fu_38">
<pin_list>
<pin id="39" dir="0" index="0" bw="32" slack="0"/>
<pin id="40" dir="0" index="1" bw="1" slack="0"/>
<pin id="41" dir="0" index="2" bw="9" slack="0"/>
<pin id="42" dir="1" index="3" bw="9" slack="0"/>
</pin_list>
<bind>
<opcode="getelementptr(29) " fcode="getelementptr"/>
<opset="buffer_addr/1 "/>
</bind>
</comp>

<comp id="45" class="1004" name="buffer_1_addr_gep_fu_45">
<pin_list>
<pin id="46" dir="0" index="0" bw="32" slack="0"/>
<pin id="47" dir="0" index="1" bw="1" slack="0"/>
<pin id="48" dir="0" index="2" bw="9" slack="0"/>
<pin id="49" dir="1" index="3" bw="9" slack="0"/>
</pin_list>
<bind>
<opcode="getelementptr(29) " fcode="getelementptr"/>
<opset="buffer_1_addr/1 "/>
</bind>
</comp>

<comp id="52" class="1004" name="store_ln299_access_fu_52">
<pin_list>
<pin id="53" dir="0" index="0" bw="9" slack="0"/>
<pin id="54" dir="0" index="1" bw="32" slack="0"/>
<pin id="55" dir="0" index="2" bw="0" slack="2147483647"/>
<pin id="56" dir="1" index="3" bw="32" slack="2147483647"/>
</pin_list>
<bind>
<opcode="store(28) " fcode="store"/>
<opset="store_ln299/1 "/>
</bind>
</comp>

<comp id="59" class="1004" name="store_ln299_access_fu_59">
<pin_list>
<pin id="60" dir="0" index="0" bw="9" slack="0"/>
<pin id="61" dir="0" index="1" bw="32" slack="0"/>
<pin id="62" dir="0" index="2" bw="0" slack="2147483647"/>
<pin id="63" dir="1" index="3" bw="32" slack="2147483647"/>
</pin_list>
<bind>
<opcode="store(28) " fcode="store"/>
<opset="store_ln299/1 "/>
</bind>
</comp>

<comp id="66" class="1004" name="store_ln299_store_fu_66">
<pin_list>
<pin id="67" dir="0" index="0" bw="1" slack="0"/>
<pin id="68" dir="0" index="1" bw="11" slack="0"/>
<pin id="69" dir="1" index="2" bw="0" slack="2147483647"/>
</pin_list>
<bind>
<opcode="store(28) " fcode="store"/>
<opset="store_ln299/1 "/>
</bind>
</comp>

<comp id="71" class="1004" name="i_2_load_fu_71">
<pin_list>
<pin id="72" dir="0" index="0" bw="11" slack="0"/>
<pin id="73" dir="1" index="1" bw="11" slack="0"/>
</pin_list>
<bind>
<opcode="load(27) " fcode="load"/>
<opset="i_2/1 "/>
</bind>
</comp>

<comp id="74" class="1004" name="icmp_ln299_fu_74">
<pin_list>
<pin id="75" dir="0" index="0" bw="11" slack="0"/>
<pin id="76" dir="0" index="1" bw="11" slack="0"/>
<pin id="77" dir="1" index="2" bw="1" slack="2147483647"/>
</pin_list>
<bind>
<opcode="icmp(45) " fcode="icmp"/>
<opset="icmp_ln299/1 "/>
</bind>
</comp>

<comp id="80" class="1004" name="add_ln299_fu_80">
<pin_list>
<pin id="81" dir="0" index="0" bw="11" slack="0"/>
<pin id="82" dir="0" index="1" bw="1" slack="0"/>
<pin id="83" dir="1" index="2" bw="11" slack="0"/>
</pin_list>
<bind>
<opcode="add(8) " fcode="add"/>
<opset="add_ln299/1 "/>
</bind>
</comp>

<comp id="86" class="1004" name="trunc_ln299_fu_86">
<pin_list>
<pin id="87" dir="0" index="0" bw="11" slack="0"/>
<pin id="88" dir="1" index="1" bw="1" slack="2147483647"/>
</pin_list>
<bind>
<opcode="trunc(33) " fcode="trunc"/>
<opset="trunc_ln299/1 "/>
</bind>
</comp>

<comp id="90" class="1004" name="lshr_ln_fu_90">
<pin_list>
<pin id="91" dir="0" index="0" bw="9" slack="0"/>
<pin id="92" dir="0" index="1" bw="11" slack="0"/>
<pin id="93" dir="0" index="2" bw="1" slack="0"/>
<pin id="94" dir="0" index="3" bw="5" slack="0"/>
<pin id="95" dir="1" index="4" bw="9" slack="0"/>
</pin_list>
<bind>
<opcode="partselect(1002) " fcode="partselect"/>
<opset="lshr_ln/1 "/>
</bind>
</comp>

<comp id="100" class="1004" name="zext_ln299_fu_100">
<pin_list>
<pin id="101" dir="0" index="0" bw="9" slack="0"/>
<pin id="102" dir="1" index="1" bw="64" slack="0"/>
</pin_list>
<bind>
<opcode="zext(34) " fcode="zext"/>
<opset="zext_ln299/1 "/>
</bind>
</comp>

<comp id="106" class="1004" name="store_ln299_store_fu_106">
<pin_list>
<pin id="107" dir="0" index="0" bw="11" slack="0"/>
<pin id="108" dir="0" index="1" bw="11" slack="0"/>
<pin id="109" dir="1" index="2" bw="0" slack="2147483647"/>
</pin_list>
<bind>
<opcode="store(28) " fcode="store"/>
<opset="store_ln299/1 "/>
</bind>
</comp>

<comp id="111" class="1005" name="i_reg_111">
<pin_list>
<pin id="112" dir="0" index="0" bw="11" slack="0"/>
<pin id="113" dir="1" index="1" bw="11" slack="0"/>
</pin_list>
<bind>
<opset="i "/>
</bind>
</comp>

</comp_list>

<net_list>
<net id="37"><net_src comp="4" pin="0"/><net_sink comp="34" pin=0"/></net>

<net id="43"><net_src comp="2" pin="0"/><net_sink comp="38" pin=0"/></net>

<net id="44"><net_src comp="32" pin="0"/><net_sink comp="38" pin=1"/></net>

<net id="50"><net_src comp="0" pin="0"/><net_sink comp="45" pin=0"/></net>

<net id="51"><net_src comp="32" pin="0"/><net_sink comp="45" pin=1"/></net>

<net id="57"><net_src comp="16" pin="0"/><net_sink comp="52" pin=1"/></net>

<net id="58"><net_src comp="38" pin="3"/><net_sink comp="52" pin=0"/></net>

<net id="64"><net_src comp="16" pin="0"/><net_sink comp="59" pin=1"/></net>

<net id="65"><net_src comp="45" pin="3"/><net_sink comp="59" pin=0"/></net>

<net id="70"><net_src comp="6" pin="0"/><net_sink comp="66" pin=0"/></net>

<net id="78"><net_src comp="71" pin="1"/><net_sink comp="74" pin=0"/></net>

<net id="79"><net_src comp="8" pin="0"/><net_sink comp="74" pin=1"/></net>

<net id="84"><net_src comp="71" pin="1"/><net_sink comp="80" pin=0"/></net>

<net id="85"><net_src comp="10" pin="0"/><net_sink comp="80" pin=1"/></net>

<net id="89"><net_src comp="71" pin="1"/><net_sink comp="86" pin=0"/></net>

<net id="96"><net_src comp="28" pin="0"/><net_sink comp="90" pin=0"/></net>

<net id="97"><net_src comp="71" pin="1"/><net_sink comp="90" pin=1"/></net>

<net id="98"><net_src comp="4" pin="0"/><net_sink comp="90" pin=2"/></net>

<net id="99"><net_src comp="30" pin="0"/><net_sink comp="90" pin=3"/></net>

<net id="103"><net_src comp="90" pin="4"/><net_sink comp="100" pin=0"/></net>

<net id="104"><net_src comp="100" pin="1"/><net_sink comp="38" pin=2"/></net>

<net id="105"><net_src comp="100" pin="1"/><net_sink comp="45" pin=2"/></net>

<net id="110"><net_src comp="80" pin="2"/><net_sink comp="106" pin=0"/></net>

<net id="114"><net_src comp="34" pin="1"/><net_sink comp="111" pin=0"/></net>

<net id="115"><net_src comp="111" pin="1"/><net_sink comp="66" pin=1"/></net>

<net id="116"><net_src comp="111" pin="1"/><net_sink comp="71" pin=0"/></net>

<net id="117"><net_src comp="111" pin="1"/><net_sink comp="106" pin=1"/></net>

</net_list>

</model> 
---------------- Datapath Model END ------------------

* FSMD analyzer results:
  - Output states:
	Port: buffer_1 | {1 }
	Port: buffer_r | {1 }
 - Input state : 
  - Chain level:
	State 1
		store_ln299 : 1
		i_2 : 1
		icmp_ln299 : 2
		add_ln299 : 2
		br_ln299 : 3
		trunc_ln299 : 2
		lshr_ln : 2
		zext_ln299 : 3
		buffer_addr : 4
		buffer_1_addr : 4
		br_ln299 : 3
		store_ln299 : 5
		store_ln299 : 5
		store_ln299 : 3


============================================================
+ Verbose Summary: Datapath Resource usage 
============================================================

* Functional unit list:
|----------|-------------------|---------|---------|
| Operation|  Functional Unit  |    FF   |   LUT   |
|----------|-------------------|---------|---------|
|   icmp   |  icmp_ln299_fu_74 |    0    |    12   |
|----------|-------------------|---------|---------|
|    add   |  add_ln299_fu_80  |    0    |    12   |
|----------|-------------------|---------|---------|
|   trunc  | trunc_ln299_fu_86 |    0    |    0    |
|----------|-------------------|---------|---------|
|partselect|   lshr_ln_fu_90   |    0    |    0    |
|----------|-------------------|---------|---------|
|   zext   | zext_ln299_fu_100 |    0    |    0    |
|----------|-------------------|---------|---------|
|   Total  |                   |    0    |    24   |
|----------|-------------------|---------|---------|

Memories:
N/A

* Register list:
+---------+--------+
|         |   FF   |
+---------+--------+
|i_reg_111|   11   |
+---------+--------+
|  Total  |   11   |
+---------+--------+

* Multiplexer (MUX) list: 
|--------|------|------|------|--------|
|  Comp  |  Pin | Size |  BW  | S x BW |
|--------|------|------|------|--------|
|  Total |      |      |      |    0   |
|--------|------|------|------|--------|



* Summary:
+-----------+--------+--------+
|           |   FF   |   LUT  |
+-----------+--------+--------+
|  Function |    0   |   24   |
|   Memory  |    -   |    -   |
|Multiplexer|    -   |    -   |
|  Register |   11   |    -   |
+-----------+--------+--------+
|   Total   |   11   |   24   |
+-----------+--------+--------+
