

================================================================
== Vitis HLS Report for 'kernel_Pipeline_OUT_STREAM'
================================================================
* Date:           Fri May  1 23:52:23 2026

* Version:        2025.2 (Build 6295257 on Nov 14 2025)
* Project:        hls_component
* Solution:       hls (Vivado IP Flow Target)
* Product family: zynq
* Target device:  xc7z020-clg400-1


================================================================
== Performance Estimates
================================================================
+ Timing: 
    * Summary: 
    +--------+----------+----------+------------+
    |  Clock |  Target  | Estimated| Uncertainty|
    +--------+----------+----------+------------+
    |ap_clk  |  13.00 ns|  5.058 ns|     3.51 ns|
    +--------+----------+----------+------------+

+ Latency: 
    * Summary: 
    +---------+---------+-----------+-----------+-----+-----+-------------------+
    |  Latency (cycles) |   Latency (absolute)  |  Interval |      Pipeline     |
    |   min   |   max   |    min    |    max    | min | max |        Type       |
    +---------+---------+-----------+-----------+-----+-----+-------------------+
    |        7|        7|  91.000 ns|  91.000 ns|    0|    0|  loop pipeline stp|
    +---------+---------+-----------+-----------+-----+-----+-------------------+

    + Detail: 
        * Instance: 
        N/A

        * Loop: 
        +--------------+---------+---------+----------+-----------+-----------+------+----------+
        |              |  Latency (cycles) | Iteration|  Initiation Interval  | Trip |          |
        |   Loop Name  |   min   |   max   |  Latency |  achieved |   target  | Count| Pipelined|
        +--------------+---------+---------+----------+-----------+-----------+------+----------+
        |- OUT_STREAM  |        5|        5|         2|          1|          1|     5|       yes|
        +--------------+---------+---------+----------+-----------+-----------+------+----------+

============================================================
+ Verbose Summary: Synthesis Manager
============================================================
InlineROM: 1
ExposeGlobal: 0
============================================================
+ Verbose Summary: CDFG Model
============================================================
IsTopModel: 0
ResetActiveHigh: 1
IsCombinational: 0
IsDatapathOnly: 0
HasWiredReturn: 1
HasMFsm: 2
HasVarLatency: 1
IsPipeline: 0
IsRtlPipelined: 0
IsInstanceOverlapped: 0
IsDontTouch: 0
HasImplIP: 0
IsGatedGlobalClock: 0

+ Individual pipeline summary: 
  * Pipeline-0: initiation interval (II) = 1, depth = 2


============================================================
+ Verbose Summary: Schedule
============================================================
* Number of FSM states : 2
* Pipeline : 1
  Pipeline-0 : II = 1, D = 2, States = { 1 2 }
* Dataflow Pipeline: 0

* FSM state transitions: 
1 --> 2 
2 --> 

* FSM state operations: 

State 1 <SV = 0> <Delay = 5.05>
ST_1 : Operation 5 [1/1] (0.00ns)   --->   "%c = alloca i32 1" [kern.cpp:504]   --->   Operation 5 'alloca' 'c' <Predicate = true> <Delay = 0.00>
ST_1 : Operation 6 [1/1] (0.00ns)   --->   "%specaxissidechannel_ln0 = specaxissidechannel void @_ssdm_op_SpecAXISSideChannel, i32 %B_V_data_V, i4 %B_V_keep_V, i4 %B_V_strb_V, i1 0, i1 %B_V_last_V, i1 0, i1 0, void @empty_25"   --->   Operation 6 'specaxissidechannel' 'specaxissidechannel_ln0' <Predicate = true> <Delay = 0.00>
ST_1 : Operation 7 [1/1] (0.00ns)   --->   "%specinterface_ln0 = specinterface void @_ssdm_op_SpecInterface, i1 %B_V_last_V, i4 %B_V_strb_V, i4 %B_V_keep_V, i32 %B_V_data_V, void @empty_20, i32 0, i32 0, void @empty_9, i32 0, i32 0, void @empty_5, void @empty_5, void @empty_5, i32 0, i32 0, i32 0, i32 0, void @empty_5, void @empty_5, i32 4294967295, i32 0, i32 0, i32 0"   --->   Operation 7 'specinterface' 'specinterface_ln0' <Predicate = true> <Delay = 0.00>
ST_1 : Operation 8 [1/1] (1.58ns)   --->   "%store_ln504 = store i4 0, i4 %c" [kern.cpp:504]   --->   Operation 8 'store' 'store_ln504' <Predicate = true> <Delay = 1.58>
ST_1 : Operation 9 [1/1] (0.00ns)   --->   "%br_ln0 = br void %for.inc332"   --->   Operation 9 'br' 'br_ln0' <Predicate = true> <Delay = 0.00>
ST_1 : Operation 10 [1/1] (0.00ns)   --->   "%c_1 = load i4 %c" [kern.cpp:508]   --->   Operation 10 'load' 'c_1' <Predicate = true> <Delay = 0.00>
ST_1 : Operation 11 [1/1] (1.73ns)   --->   "%icmp_ln504 = icmp_ult  i4 %c_1, i4 10" [kern.cpp:504]   --->   Operation 11 'icmp' 'icmp_ln504' <Predicate = true> <Delay = 1.73> <CoreInst = "Cmp">   --->   Core 9 'Cmp' <Latency = 0> <II = 1> <Delay = 1.73> <FuncUnit> <Opcode : 'seteq' 'setne' 'setle' 'setge' 'setlt' 'setgt'> <InPorts = 2> <OutPorts = 1>
ST_1 : Operation 12 [1/1] (0.00ns)   --->   "%br_ln504 = br i1 %icmp_ln504, void %if.end336.loopexit.exitStub, void %for.inc332.split" [kern.cpp:504]   --->   Operation 12 'br' 'br_ln504' <Predicate = true> <Delay = 0.00>
ST_1 : Operation 13 [1/1] (0.00ns)   --->   "%zext_ln504 = zext i4 %c_1" [kern.cpp:504]   --->   Operation 13 'zext' 'zext_ln504' <Predicate = (icmp_ln504)> <Delay = 0.00>
ST_1 : Operation 14 [1/1] (0.00ns)   --->   "%probs_addr = getelementptr i16 %probs, i64 0, i64 %zext_ln504" [kern.cpp:505]   --->   Operation 14 'getelementptr' 'probs_addr' <Predicate = (icmp_ln504)> <Delay = 0.00>
ST_1 : Operation 15 [2/2] (2.32ns)   --->   "%probs_load = load i4 %probs_addr" [kern.cpp:505]   --->   Operation 15 'load' 'probs_load' <Predicate = (icmp_ln504)> <Delay = 2.32> <CoreInst = "RAM">   --->   Core 81 'RAM' <Latency = 1> <II = 1> <Delay = 2.32> <Storage> <Opcode : 'load' 'store'> <Ports = 2> <Width = 16> <Depth = 10> <RAM>
ST_1 : Operation 16 [1/1] (0.00ns)   --->   "%tmp_s = partselect i3 @_ssdm_op_PartSelect.i3.i4.i32.i32, i4 %c_1, i32 1, i32 3" [kern.cpp:506]   --->   Operation 16 'partselect' 'tmp_s' <Predicate = (icmp_ln504)> <Delay = 0.00>
ST_1 : Operation 17 [1/1] (0.00ns)   --->   "%or_ln = bitconcatenate i4 @_ssdm_op_BitConcatenate.i4.i3.i1, i3 %tmp_s, i1 1" [kern.cpp:506]   --->   Operation 17 'bitconcatenate' 'or_ln' <Predicate = (icmp_ln504)> <Delay = 0.00>
ST_1 : Operation 18 [1/1] (0.00ns)   --->   "%zext_ln506 = zext i4 %or_ln" [kern.cpp:506]   --->   Operation 18 'zext' 'zext_ln506' <Predicate = (icmp_ln504)> <Delay = 0.00>
ST_1 : Operation 19 [1/1] (0.00ns)   --->   "%probs_addr_1 = getelementptr i16 %probs, i64 0, i64 %zext_ln506" [kern.cpp:506]   --->   Operation 19 'getelementptr' 'probs_addr_1' <Predicate = (icmp_ln504)> <Delay = 0.00>
ST_1 : Operation 20 [2/2] (2.32ns)   --->   "%probs_load_1 = load i4 %probs_addr_1" [kern.cpp:506]   --->   Operation 20 'load' 'probs_load_1' <Predicate = (icmp_ln504)> <Delay = 2.32> <CoreInst = "RAM">   --->   Core 81 'RAM' <Latency = 1> <II = 1> <Delay = 2.32> <Storage> <Opcode : 'load' 'store'> <Ports = 2> <Width = 16> <Depth = 10> <RAM>
ST_1 : Operation 21 [1/1] (1.73ns)   --->   "%add_ln508 = add i4 %c_1, i4 2" [kern.cpp:508]   --->   Operation 21 'add' 'add_ln508' <Predicate = (icmp_ln504)> <Delay = 1.73> <CoreInst = "Adder">   --->   Core 1 'Adder' <Latency = 0> <II = 1> <Delay = 1.73> <FuncUnit> <Opcode : 'add' 'sub'> <InPorts = 2> <OutPorts = 1>
ST_1 : Operation 22 [1/1] (1.73ns)   --->   "%icmp_ln508 = icmp_ugt  i4 %add_ln508, i4 9" [kern.cpp:508]   --->   Operation 22 'icmp' 'icmp_ln508' <Predicate = (icmp_ln504)> <Delay = 1.73> <CoreInst = "Cmp">   --->   Core 9 'Cmp' <Latency = 0> <II = 1> <Delay = 1.73> <FuncUnit> <Opcode : 'seteq' 'setne' 'setle' 'setge' 'setlt' 'setgt'> <InPorts = 2> <OutPorts = 1>
ST_1 : Operation 23 [1/1] (1.58ns)   --->   "%store_ln504 = store i4 %add_ln508, i4 %c" [kern.cpp:504]   --->   Operation 23 'store' 'store_ln504' <Predicate = (icmp_ln504)> <Delay = 1.58>
ST_1 : Operation 32 [1/1] (1.58ns)   --->   "%ret_ln0 = ret"   --->   Operation 32 'ret' 'ret_ln0' <Predicate = (!icmp_ln504)> <Delay = 1.58>

State 2 <SV = 1> <Delay = 3.61>
ST_2 : Operation 24 [1/1] (0.00ns)   --->   "%specpipeline_ln504 = specpipeline void @_ssdm_op_SpecPipeline, i32 4294967295, i32 0, i32 0, i32 0, i32 4294967295, void @empty_5" [kern.cpp:504]   --->   Operation 24 'specpipeline' 'specpipeline_ln504' <Predicate = true> <Delay = 0.00>
ST_2 : Operation 25 [1/1] (0.00ns)   --->   "%speclooptripcount_ln504 = speclooptripcount void @_ssdm_op_SpecLoopTripCount, i64 5, i64 5, i64 5" [kern.cpp:504]   --->   Operation 25 'speclooptripcount' 'speclooptripcount_ln504' <Predicate = true> <Delay = 0.00>
ST_2 : Operation 26 [1/1] (0.00ns)   --->   "%specloopname_ln504 = specloopname void @_ssdm_op_SpecLoopName, void @empty_2" [kern.cpp:504]   --->   Operation 26 'specloopname' 'specloopname_ln504' <Predicate = true> <Delay = 0.00>
ST_2 : Operation 27 [1/2] ( I:2.32ns O:2.32ns )   --->   "%probs_load = load i4 %probs_addr" [kern.cpp:505]   --->   Operation 27 'load' 'probs_load' <Predicate = true> <Delay = 2.32> <CoreInst = "RAM">   --->   Core 81 'RAM' <Latency = 1> <II = 1> <Delay = 2.32> <Storage> <Opcode : 'load' 'store'> <Ports = 2> <Width = 16> <Depth = 10> <RAM>
ST_2 : Operation 28 [1/2] ( I:2.32ns O:2.32ns )   --->   "%probs_load_1 = load i4 %probs_addr_1" [kern.cpp:506]   --->   Operation 28 'load' 'probs_load_1' <Predicate = true> <Delay = 2.32> <CoreInst = "RAM">   --->   Core 81 'RAM' <Latency = 1> <II = 1> <Delay = 2.32> <Storage> <Opcode : 'load' 'store'> <Ports = 2> <Width = 16> <Depth = 10> <RAM>
ST_2 : Operation 29 [1/1] (0.00ns)   --->   "%p_0 = bitconcatenate i32 @_ssdm_op_BitConcatenate.i32.i16.i16, i16 %probs_load, i16 %probs_load_1" [kern.cpp:506]   --->   Operation 29 'bitconcatenate' 'p_0' <Predicate = true> <Delay = 0.00>
ST_2 : Operation 30 [1/1] ( I:1.29ns O:1.29ns )   --->   "%write_ln510 = write void @_ssdm_op_Write.axis.volatile.i32P0A.i4P0A.i4P0A.i1P0A, i32 %B_V_data_V, i4 %B_V_keep_V, i4 %B_V_strb_V, i1 %B_V_last_V, i32 %p_0, i4 15, i4 15, i1 %icmp_ln508" [kern.cpp:510]   --->   Operation 30 'write' 'write_ln510' <Predicate = true> <Delay = 1.29> <CoreInst = "regslice">   --->   Core 135 'regslice' <Latency = 0> <II = 1> <Delay = 1.86> <Adapter> <Opcode : 'read' 'write'>
ST_2 : Operation 31 [1/1] (0.00ns)   --->   "%br_ln504 = br void %for.inc332" [kern.cpp:504]   --->   Operation 31 'br' 'br_ln504' <Predicate = true> <Delay = 0.00>


============================================================
+ Verbose Summary: Binding
============================================================
STG Binding: 
---------------- STG Properties BEGIN ----------------
- Is combinational: 0
- Is one-state seq: 0
- Is datapath-only: 0
- Is pipelined: 0
- Is top level: 0
Port [ Return ] is wired: 1; IO mode=ap_ctrl_hs:ce=0
Port [ probs]:  wired=1; compound=1; hidden=0; nouse=0; global=0; static=0; extern=0; dir=0; type=1; pingpong=0; private_global=0; MemPort=[11]; IO mode=ap_memory:ce=0
Port [ B_V_data_V]:  wired=1; compound=1; hidden=0; nouse=0; global=0; static=0; extern=0; dir=1; type=0; pingpong=0; private_global=0; IO mode=axis:ce=0
Port [ B_V_keep_V]:  wired=1; compound=1; hidden=0; nouse=0; global=0; static=0; extern=0; dir=1; type=0; pingpong=0; private_global=0; IO mode=axis:ce=0
Port [ B_V_strb_V]:  wired=1; compound=1; hidden=0; nouse=0; global=0; static=0; extern=0; dir=1; type=0; pingpong=0; private_global=0; IO mode=axis:ce=0
Port [ B_V_last_V]:  wired=1; compound=1; hidden=0; nouse=0; global=0; static=0; extern=0; dir=1; type=0; pingpong=0; private_global=0; IO mode=axis:ce=0
---------------- STG Properties END ------------------

---------------- Datapath Model BEGIN ----------------

<LifeTime>
<method=bitvector/>
c                       (alloca             ) [ 010]
specaxissidechannel_ln0 (specaxissidechannel) [ 000]
specinterface_ln0       (specinterface      ) [ 000]
store_ln504             (store              ) [ 000]
br_ln0                  (br                 ) [ 000]
c_1                     (load               ) [ 000]
icmp_ln504              (icmp               ) [ 010]
br_ln504                (br                 ) [ 000]
zext_ln504              (zext               ) [ 000]
probs_addr              (getelementptr      ) [ 011]
tmp_s                   (partselect         ) [ 000]
or_ln                   (bitconcatenate     ) [ 000]
zext_ln506              (zext               ) [ 000]
probs_addr_1            (getelementptr      ) [ 011]
add_ln508               (add                ) [ 000]
icmp_ln508              (icmp               ) [ 011]
store_ln504             (store              ) [ 000]
specpipeline_ln504      (specpipeline       ) [ 000]
speclooptripcount_ln504 (speclooptripcount  ) [ 000]
specloopname_ln504      (specloopname       ) [ 000]
probs_load              (load               ) [ 000]
probs_load_1            (load               ) [ 000]
p_0                     (bitconcatenate     ) [ 000]
write_ln510             (write              ) [ 000]
br_ln504                (br                 ) [ 000]
ret_ln0                 (ret                ) [ 000]
</LifeTime>

<model>

<comp_list>
<comp id="0" class="1000" name="probs">
<pin_list>
<pin id="1" dir="1" index="0" bw="1" slack="0"/>
</pin_list>
<bind>
<StgValue><ssdm name="probs"/><MemPortTyVec>1 1 </MemPortTyVec>
</StgValue>
</bind>
</comp>

<comp id="2" class="1000" name="B_V_data_V">
<pin_list>
<pin id="3" dir="1" index="0" bw="1" slack="0"/>
</pin_list>
<bind>
<StgValue><ssdm name="B_V_data_V"/></StgValue>
</bind>
</comp>

<comp id="4" class="1000" name="B_V_keep_V">
<pin_list>
<pin id="5" dir="1" index="0" bw="1" slack="0"/>
</pin_list>
<bind>
<StgValue><ssdm name="B_V_keep_V"/></StgValue>
</bind>
</comp>

<comp id="6" class="1000" name="B_V_strb_V">
<pin_list>
<pin id="7" dir="1" index="0" bw="1" slack="0"/>
</pin_list>
<bind>
<StgValue><ssdm name="B_V_strb_V"/></StgValue>
</bind>
</comp>

<comp id="8" class="1000" name="B_V_last_V">
<pin_list>
<pin id="9" dir="1" index="0" bw="1" slack="0"/>
</pin_list>
<bind>
<StgValue><ssdm name="B_V_last_V"/></StgValue>
</bind>
</comp>

<comp id="10" class="1001" name="const_10">
<pin_list>
<pin id="11" dir="1" index="0" bw="1" slack="0"/>
</pin_list>
<bind>
<StgValue><ssdm name=""/></StgValue>
</bind>
</comp>

<comp id="12" class="1001" name="const_12">
<pin_list>
<pin id="13" dir="1" index="0" bw="1" slack="2147483647"/>
</pin_list>
<bind>
<StgValue><ssdm name="_ssdm_op_SpecAXISSideChannel"/></StgValue>
</bind>
</comp>

<comp id="14" class="1001" name="const_14">
<pin_list>
<pin id="15" dir="1" index="0" bw="1" slack="2147483647"/>
</pin_list>
<bind>
<StgValue><ssdm name=""/></StgValue>
</bind>
</comp>

<comp id="16" class="1001" name="const_16">
<pin_list>
<pin id="17" dir="1" index="0" bw="1" slack="2147483647"/>
</pin_list>
<bind>
<StgValue><ssdm name="empty_25"/></StgValue>
</bind>
</comp>

<comp id="18" class="1001" name="const_18">
<pin_list>
<pin id="19" dir="1" index="0" bw="1" slack="2147483647"/>
</pin_list>
<bind>
<StgValue><ssdm name="_ssdm_op_SpecInterface"/></StgValue>
</bind>
</comp>

<comp id="20" class="1001" name="const_20">
<pin_list>
<pin id="21" dir="1" index="0" bw="1" slack="2147483647"/>
</pin_list>
<bind>
<StgValue><ssdm name="empty_20"/></StgValue>
</bind>
</comp>

<comp id="22" class="1001" name="const_22">
<pin_list>
<pin id="23" dir="1" index="0" bw="1" slack="2147483647"/>
</pin_list>
<bind>
<StgValue><ssdm name=""/></StgValue>
</bind>
</comp>

<comp id="24" class="1001" name="const_24">
<pin_list>
<pin id="25" dir="1" index="0" bw="1" slack="2147483647"/>
</pin_list>
<bind>
<StgValue><ssdm name="empty_9"/></StgValue>
</bind>
</comp>

<comp id="26" class="1001" name="const_26">
<pin_list>
<pin id="27" dir="1" index="0" bw="1" slack="2147483647"/>
</pin_list>
<bind>
<StgValue><ssdm name="empty_5"/></StgValue>
</bind>
</comp>

<comp id="28" class="1001" name="const_28">
<pin_list>
<pin id="29" dir="1" index="0" bw="1" slack="2147483647"/>
</pin_list>
<bind>
<StgValue><ssdm name=""/></StgValue>
</bind>
</comp>

<comp id="30" class="1001" name="const_30">
<pin_list>
<pin id="31" dir="1" index="0" bw="1" slack="0"/>
</pin_list>
<bind>
<StgValue><ssdm name=""/></StgValue>
</bind>
</comp>

<comp id="32" class="1001" name="const_32">
<pin_list>
<pin id="33" dir="1" index="0" bw="1" slack="0"/>
</pin_list>
<bind>
<StgValue><ssdm name=""/></StgValue>
</bind>
</comp>

<comp id="34" class="1001" name="const_34">
<pin_list>
<pin id="35" dir="1" index="0" bw="1" slack="0"/>
</pin_list>
<bind>
<StgValue><ssdm name=""/></StgValue>
</bind>
</comp>

<comp id="36" class="1001" name="const_36">
<pin_list>
<pin id="37" dir="1" index="0" bw="1" slack="0"/>
</pin_list>
<bind>
<StgValue><ssdm name="_ssdm_op_PartSelect.i3.i4.i32.i32"/></StgValue>
</bind>
</comp>

<comp id="38" class="1001" name="const_38">
<pin_list>
<pin id="39" dir="1" index="0" bw="1" slack="0"/>
</pin_list>
<bind>
<StgValue><ssdm name=""/></StgValue>
</bind>
</comp>

<comp id="40" class="1001" name="const_40">
<pin_list>
<pin id="41" dir="1" index="0" bw="1" slack="0"/>
</pin_list>
<bind>
<StgValue><ssdm name="_ssdm_op_BitConcatenate.i4.i3.i1"/></StgValue>
</bind>
</comp>

<comp id="42" class="1001" name="const_42">
<pin_list>
<pin id="43" dir="1" index="0" bw="1" slack="0"/>
</pin_list>
<bind>
<StgValue><ssdm name=""/></StgValue>
</bind>
</comp>

<comp id="44" class="1001" name="const_44">
<pin_list>
<pin id="45" dir="1" index="0" bw="1" slack="0"/>
</pin_list>
<bind>
<StgValue><ssdm name=""/></StgValue>
</bind>
</comp>

<comp id="46" class="1001" name="const_46">
<pin_list>
<pin id="47" dir="1" index="0" bw="1" slack="0"/>
</pin_list>
<bind>
<StgValue><ssdm name=""/></StgValue>
</bind>
</comp>

<comp id="48" class="1001" name="const_48">
<pin_list>
<pin id="49" dir="1" index="0" bw="1" slack="2147483647"/>
</pin_list>
<bind>
<StgValue><ssdm name="_ssdm_op_SpecPipeline"/></StgValue>
</bind>
</comp>

<comp id="50" class="1001" name="const_50">
<pin_list>
<pin id="51" dir="1" index="0" bw="1" slack="2147483647"/>
</pin_list>
<bind>
<StgValue><ssdm name="_ssdm_op_SpecLoopTripCount"/></StgValue>
</bind>
</comp>

<comp id="52" class="1001" name="const_52">
<pin_list>
<pin id="53" dir="1" index="0" bw="1" slack="2147483647"/>
</pin_list>
<bind>
<StgValue><ssdm name=""/></StgValue>
</bind>
</comp>

<comp id="54" class="1001" name="const_54">
<pin_list>
<pin id="55" dir="1" index="0" bw="1" slack="2147483647"/>
</pin_list>
<bind>
<StgValue><ssdm name="_ssdm_op_SpecLoopName"/></StgValue>
</bind>
</comp>

<comp id="56" class="1001" name="const_56">
<pin_list>
<pin id="57" dir="1" index="0" bw="1" slack="2147483647"/>
</pin_list>
<bind>
<StgValue><ssdm name="empty_2"/></StgValue>
</bind>
</comp>

<comp id="58" class="1001" name="const_58">
<pin_list>
<pin id="59" dir="1" index="0" bw="1" slack="0"/>
</pin_list>
<bind>
<StgValue><ssdm name="_ssdm_op_BitConcatenate.i32.i16.i16"/></StgValue>
</bind>
</comp>

<comp id="60" class="1001" name="const_60">
<pin_list>
<pin id="61" dir="1" index="0" bw="1" slack="0"/>
</pin_list>
<bind>
<StgValue><ssdm name="_ssdm_op_Write.axis.volatile.i32P0A.i4P0A.i4P0A.i1P0A"/></StgValue>
</bind>
</comp>

<comp id="62" class="1001" name="const_62">
<pin_list>
<pin id="63" dir="1" index="0" bw="1" slack="0"/>
</pin_list>
<bind>
<StgValue><ssdm name=""/></StgValue>
</bind>
</comp>

<comp id="64" class="1004" name="c_fu_64">
<pin_list>
<pin id="65" dir="0" index="0" bw="1" slack="0"/>
<pin id="66" dir="1" index="1" bw="4" slack="0"/>
</pin_list>
<bind>
<opcode="alloca(26) " fcode="alloca"/>
<opset="c/1 "/>
</bind>
</comp>

<comp id="68" class="1004" name="write_ln510_write_fu_68">
<pin_list>
<pin id="69" dir="0" index="0" bw="0" slack="0"/>
<pin id="70" dir="0" index="1" bw="32" slack="0"/>
<pin id="71" dir="0" index="2" bw="4" slack="0"/>
<pin id="72" dir="0" index="3" bw="4" slack="0"/>
<pin id="73" dir="0" index="4" bw="1" slack="0"/>
<pin id="74" dir="0" index="5" bw="32" slack="0"/>
<pin id="75" dir="0" index="6" bw="1" slack="0"/>
<pin id="76" dir="0" index="7" bw="1" slack="0"/>
<pin id="77" dir="0" index="8" bw="1" slack="1"/>
<pin id="78" dir="1" index="9" bw="0" slack="2147483647"/>
</pin_list>
<bind>
<opcode="write(1151) " fcode="write"/>
<opset="write_ln510/2 "/>
</bind>
</comp>

<comp id="86" class="1004" name="probs_addr_gep_fu_86">
<pin_list>
<pin id="87" dir="0" index="0" bw="16" slack="0"/>
<pin id="88" dir="0" index="1" bw="1" slack="0"/>
<pin id="89" dir="0" index="2" bw="4" slack="0"/>
<pin id="90" dir="1" index="3" bw="4" slack="0"/>
</pin_list>
<bind>
<opcode="getelementptr(29) " fcode="getelementptr"/>
<opset="probs_addr/1 "/>
</bind>
</comp>

<comp id="93" class="1004" name="grp_access_fu_93">
<pin_list>
<pin id="94" dir="0" index="0" bw="4" slack="0"/>
<pin id="95" dir="0" index="1" bw="16" slack="2147483647"/>
<pin id="96" dir="0" index="2" bw="0" slack="0"/>
<pin id="98" dir="0" index="4" bw="4" slack="2147483647"/>
<pin id="99" dir="0" index="5" bw="16" slack="2147483647"/>
<pin id="100" dir="0" index="6" bw="0" slack="2147483647"/>
<pin id="97" dir="1" index="3" bw="16" slack="0"/>
<pin id="101" dir="1" index="7" bw="16" slack="0"/>
</pin_list>
<bind>
<opcode="load(27) " fcode="load"/>
<opset="probs_load/1 probs_load_1/1 "/>
</bind>
</comp>

<comp id="103" class="1004" name="probs_addr_1_gep_fu_103">
<pin_list>
<pin id="104" dir="0" index="0" bw="16" slack="0"/>
<pin id="105" dir="0" index="1" bw="1" slack="0"/>
<pin id="106" dir="0" index="2" bw="4" slack="0"/>
<pin id="107" dir="1" index="3" bw="4" slack="0"/>
</pin_list>
<bind>
<opcode="getelementptr(29) " fcode="getelementptr"/>
<opset="probs_addr_1/1 "/>
</bind>
</comp>

<comp id="111" class="1004" name="store_ln504_store_fu_111">
<pin_list>
<pin id="112" dir="0" index="0" bw="1" slack="0"/>
<pin id="113" dir="0" index="1" bw="4" slack="0"/>
<pin id="114" dir="1" index="2" bw="0" slack="2147483647"/>
</pin_list>
<bind>
<opcode="store(28) " fcode="store"/>
<opset="store_ln504/1 "/>
</bind>
</comp>

<comp id="116" class="1004" name="c_1_load_fu_116">
<pin_list>
<pin id="117" dir="0" index="0" bw="4" slack="0"/>
<pin id="118" dir="1" index="1" bw="4" slack="0"/>
</pin_list>
<bind>
<opcode="load(27) " fcode="load"/>
<opset="c_1/1 "/>
</bind>
</comp>

<comp id="119" class="1004" name="icmp_ln504_fu_119">
<pin_list>
<pin id="120" dir="0" index="0" bw="4" slack="0"/>
<pin id="121" dir="0" index="1" bw="4" slack="0"/>
<pin id="122" dir="1" index="2" bw="1" slack="2147483647"/>
</pin_list>
<bind>
<opcode="icmp(45) " fcode="icmp"/>
<opset="icmp_ln504/1 "/>
</bind>
</comp>

<comp id="125" class="1004" name="zext_ln504_fu_125">
<pin_list>
<pin id="126" dir="0" index="0" bw="4" slack="0"/>
<pin id="127" dir="1" index="1" bw="64" slack="0"/>
</pin_list>
<bind>
<opcode="zext(34) " fcode="zext"/>
<opset="zext_ln504/1 "/>
</bind>
</comp>

<comp id="130" class="1004" name="tmp_s_fu_130">
<pin_list>
<pin id="131" dir="0" index="0" bw="3" slack="0"/>
<pin id="132" dir="0" index="1" bw="4" slack="0"/>
<pin id="133" dir="0" index="2" bw="1" slack="0"/>
<pin id="134" dir="0" index="3" bw="3" slack="0"/>
<pin id="135" dir="1" index="4" bw="3" slack="0"/>
</pin_list>
<bind>
<opcode="partselect(1002) " fcode="partselect"/>
<opset="tmp_s/1 "/>
</bind>
</comp>

<comp id="140" class="1004" name="or_ln_fu_140">
<pin_list>
<pin id="141" dir="0" index="0" bw="4" slack="0"/>
<pin id="142" dir="0" index="1" bw="3" slack="0"/>
<pin id="143" dir="0" index="2" bw="1" slack="0"/>
<pin id="144" dir="1" index="3" bw="4" slack="0"/>
</pin_list>
<bind>
<opcode="bitconcatenate(1004) " fcode="bitconcatenate"/>
<opset="or_ln/1 "/>
</bind>
</comp>

<comp id="148" class="1004" name="zext_ln506_fu_148">
<pin_list>
<pin id="149" dir="0" index="0" bw="4" slack="0"/>
<pin id="150" dir="1" index="1" bw="64" slack="0"/>
</pin_list>
<bind>
<opcode="zext(34) " fcode="zext"/>
<opset="zext_ln506/1 "/>
</bind>
</comp>

<comp id="153" class="1004" name="add_ln508_fu_153">
<pin_list>
<pin id="154" dir="0" index="0" bw="4" slack="0"/>
<pin id="155" dir="0" index="1" bw="3" slack="0"/>
<pin id="156" dir="1" index="2" bw="4" slack="0"/>
</pin_list>
<bind>
<opcode="add(8) " fcode="add"/>
<opset="add_ln508/1 "/>
</bind>
</comp>

<comp id="159" class="1004" name="icmp_ln508_fu_159">
<pin_list>
<pin id="160" dir="0" index="0" bw="4" slack="0"/>
<pin id="161" dir="0" index="1" bw="4" slack="0"/>
<pin id="162" dir="1" index="2" bw="1" slack="1"/>
</pin_list>
<bind>
<opcode="icmp(45) " fcode="icmp"/>
<opset="icmp_ln508/1 "/>
</bind>
</comp>

<comp id="165" class="1004" name="store_ln504_store_fu_165">
<pin_list>
<pin id="166" dir="0" index="0" bw="4" slack="0"/>
<pin id="167" dir="0" index="1" bw="4" slack="0"/>
<pin id="168" dir="1" index="2" bw="0" slack="2147483647"/>
</pin_list>
<bind>
<opcode="store(28) " fcode="store"/>
<opset="store_ln504/1 "/>
</bind>
</comp>

<comp id="170" class="1004" name="p_0_fu_170">
<pin_list>
<pin id="171" dir="0" index="0" bw="32" slack="0"/>
<pin id="172" dir="0" index="1" bw="16" slack="0"/>
<pin id="173" dir="0" index="2" bw="16" slack="0"/>
<pin id="174" dir="1" index="3" bw="32" slack="0"/>
</pin_list>
<bind>
<opcode="bitconcatenate(1004) " fcode="bitconcatenate"/>
<opset="p_0/2 "/>
</bind>
</comp>

<comp id="179" class="1005" name="c_reg_179">
<pin_list>
<pin id="180" dir="0" index="0" bw="4" slack="0"/>
<pin id="181" dir="1" index="1" bw="4" slack="0"/>
</pin_list>
<bind>
<opset="c "/>
</bind>
</comp>

<comp id="189" class="1005" name="probs_addr_reg_189">
<pin_list>
<pin id="190" dir="0" index="0" bw="4" slack="1"/>
<pin id="191" dir="1" index="1" bw="4" slack="1"/>
</pin_list>
<bind>
<opset="probs_addr "/>
</bind>
</comp>

<comp id="194" class="1005" name="probs_addr_1_reg_194">
<pin_list>
<pin id="195" dir="0" index="0" bw="4" slack="1"/>
<pin id="196" dir="1" index="1" bw="4" slack="1"/>
</pin_list>
<bind>
<opset="probs_addr_1 "/>
</bind>
</comp>

<comp id="199" class="1005" name="icmp_ln508_reg_199">
<pin_list>
<pin id="200" dir="0" index="0" bw="1" slack="1"/>
<pin id="201" dir="1" index="1" bw="1" slack="1"/>
</pin_list>
<bind>
<opset="icmp_ln508 "/>
</bind>
</comp>

</comp_list>

<net_list>
<net id="67"><net_src comp="10" pin="0"/><net_sink comp="64" pin=0"/></net>

<net id="79"><net_src comp="60" pin="0"/><net_sink comp="68" pin=0"/></net>

<net id="80"><net_src comp="2" pin="0"/><net_sink comp="68" pin=1"/></net>

<net id="81"><net_src comp="4" pin="0"/><net_sink comp="68" pin=2"/></net>

<net id="82"><net_src comp="6" pin="0"/><net_sink comp="68" pin=3"/></net>

<net id="83"><net_src comp="8" pin="0"/><net_sink comp="68" pin=4"/></net>

<net id="84"><net_src comp="62" pin="0"/><net_sink comp="68" pin=6"/></net>

<net id="85"><net_src comp="62" pin="0"/><net_sink comp="68" pin=7"/></net>

<net id="91"><net_src comp="0" pin="0"/><net_sink comp="86" pin=0"/></net>

<net id="92"><net_src comp="34" pin="0"/><net_sink comp="86" pin=1"/></net>

<net id="102"><net_src comp="86" pin="3"/><net_sink comp="93" pin=2"/></net>

<net id="108"><net_src comp="0" pin="0"/><net_sink comp="103" pin=0"/></net>

<net id="109"><net_src comp="34" pin="0"/><net_sink comp="103" pin=1"/></net>

<net id="110"><net_src comp="103" pin="3"/><net_sink comp="93" pin=0"/></net>

<net id="115"><net_src comp="30" pin="0"/><net_sink comp="111" pin=0"/></net>

<net id="123"><net_src comp="116" pin="1"/><net_sink comp="119" pin=0"/></net>

<net id="124"><net_src comp="32" pin="0"/><net_sink comp="119" pin=1"/></net>

<net id="128"><net_src comp="116" pin="1"/><net_sink comp="125" pin=0"/></net>

<net id="129"><net_src comp="125" pin="1"/><net_sink comp="86" pin=2"/></net>

<net id="136"><net_src comp="36" pin="0"/><net_sink comp="130" pin=0"/></net>

<net id="137"><net_src comp="116" pin="1"/><net_sink comp="130" pin=1"/></net>

<net id="138"><net_src comp="10" pin="0"/><net_sink comp="130" pin=2"/></net>

<net id="139"><net_src comp="38" pin="0"/><net_sink comp="130" pin=3"/></net>

<net id="145"><net_src comp="40" pin="0"/><net_sink comp="140" pin=0"/></net>

<net id="146"><net_src comp="130" pin="4"/><net_sink comp="140" pin=1"/></net>

<net id="147"><net_src comp="42" pin="0"/><net_sink comp="140" pin=2"/></net>

<net id="151"><net_src comp="140" pin="3"/><net_sink comp="148" pin=0"/></net>

<net id="152"><net_src comp="148" pin="1"/><net_sink comp="103" pin=2"/></net>

<net id="157"><net_src comp="116" pin="1"/><net_sink comp="153" pin=0"/></net>

<net id="158"><net_src comp="44" pin="0"/><net_sink comp="153" pin=1"/></net>

<net id="163"><net_src comp="153" pin="2"/><net_sink comp="159" pin=0"/></net>

<net id="164"><net_src comp="46" pin="0"/><net_sink comp="159" pin=1"/></net>

<net id="169"><net_src comp="153" pin="2"/><net_sink comp="165" pin=0"/></net>

<net id="175"><net_src comp="58" pin="0"/><net_sink comp="170" pin=0"/></net>

<net id="176"><net_src comp="93" pin="7"/><net_sink comp="170" pin=1"/></net>

<net id="177"><net_src comp="93" pin="3"/><net_sink comp="170" pin=2"/></net>

<net id="178"><net_src comp="170" pin="3"/><net_sink comp="68" pin=5"/></net>

<net id="182"><net_src comp="64" pin="1"/><net_sink comp="179" pin=0"/></net>

<net id="183"><net_src comp="179" pin="1"/><net_sink comp="111" pin=1"/></net>

<net id="184"><net_src comp="179" pin="1"/><net_sink comp="116" pin=0"/></net>

<net id="185"><net_src comp="179" pin="1"/><net_sink comp="165" pin=1"/></net>

<net id="192"><net_src comp="86" pin="3"/><net_sink comp="189" pin=0"/></net>

<net id="193"><net_src comp="189" pin="1"/><net_sink comp="93" pin=2"/></net>

<net id="197"><net_src comp="103" pin="3"/><net_sink comp="194" pin=0"/></net>

<net id="198"><net_src comp="194" pin="1"/><net_sink comp="93" pin=0"/></net>

<net id="202"><net_src comp="159" pin="2"/><net_sink comp="199" pin=0"/></net>

<net id="203"><net_src comp="199" pin="1"/><net_sink comp="68" pin=8"/></net>

</net_list>

</model> 
---------------- Datapath Model END ------------------

* FSMD analyzer results:
  - Output states:
	Port: B_V_data_V | {2 }
	Port: B_V_keep_V | {2 }
	Port: B_V_strb_V | {2 }
	Port: B_V_last_V | {2 }
 - Input state : 
	Port: kernel_Pipeline_OUT_STREAM : probs | {1 2 }
  - Chain level:
	State 1
		store_ln504 : 1
		c_1 : 1
		icmp_ln504 : 2
		br_ln504 : 3
		zext_ln504 : 2
		probs_addr : 3
		probs_load : 4
		tmp_s : 2
		or_ln : 3
		zext_ln506 : 4
		probs_addr_1 : 5
		probs_load_1 : 6
		add_ln508 : 2
		icmp_ln508 : 3
		store_ln504 : 3
	State 2
		p_0 : 1
		write_ln510 : 2


============================================================
+ Verbose Summary: Datapath Resource usage 
============================================================

* Functional unit list:
|----------|-------------------------|---------|---------|
| Operation|     Functional Unit     |    FF   |   LUT   |
|----------|-------------------------|---------|---------|
|   icmp   |    icmp_ln504_fu_119    |    0    |    13   |
|          |    icmp_ln508_fu_159    |    0    |    13   |
|----------|-------------------------|---------|---------|
|    add   |     add_ln508_fu_153    |    0    |    13   |
|----------|-------------------------|---------|---------|
|   write  | write_ln510_write_fu_68 |    0    |    0    |
|----------|-------------------------|---------|---------|
|   zext   |    zext_ln504_fu_125    |    0    |    0    |
|          |    zext_ln506_fu_148    |    0    |    0    |
|----------|-------------------------|---------|---------|
|partselect|       tmp_s_fu_130      |    0    |    0    |
|----------|-------------------------|---------|---------|
|bitconcatenate|       or_ln_fu_140      |    0    |    0    |
|          |        p_0_fu_170       |    0    |    0    |
|----------|-------------------------|---------|---------|
|   Total  |                         |    0    |    39   |
|----------|-------------------------|---------|---------|

Memories:
N/A

* Register list:
+--------------------+--------+
|                    |   FF   |
+--------------------+--------+
|      c_reg_179     |    4   |
| icmp_ln508_reg_199 |    1   |
|probs_addr_1_reg_194|    4   |
| probs_addr_reg_189 |    4   |
+--------------------+--------+
|        Total       |   13   |
+--------------------+--------+

* Multiplexer (MUX) list: 
|------------------|------|------|------|--------||---------||---------||---------|
|       Comp       |  Pin | Size |  BW  | S x BW ||  Delay  ||    FF   ||   LUT   |
|------------------|------|------|------|--------||---------||---------||---------|
| grp_access_fu_93 |  p0  |   2  |   4  |    8   ||    0    ||    9    |
| grp_access_fu_93 |  p2  |   2  |   0  |    0   ||    0    ||    9    |
|------------------|------|------|------|--------||---------||---------||---------|
|       Total      |      |      |      |    8   ||  3.176  ||    0    ||    18   |
|------------------|------|------|------|--------||---------||---------||---------|



* Summary:
+-----------+--------+--------+--------+
|           |  Delay |   FF   |   LUT  |
+-----------+--------+--------+--------+
|  Function |    -   |    0   |   39   |
|   Memory  |    -   |    -   |    -   |
|Multiplexer|    3   |    0   |   18   |
|  Register |    -   |   13   |    -   |
+-----------+--------+--------+--------+
|   Total   |    3   |   13   |   57   |
+-----------+--------+--------+--------+
