

================================================================
== Vitis HLS Report for 'kernel_Pipeline_MLP2_BITS'
================================================================
* Date:           Fri May  1 17:43:47 2026

* Version:        2025.2 (Build 6295257 on Nov 14 2025)
* Project:        hls_component
* Solution:       hls (Vivado IP Flow Target)
* Product family: zynq
* Target device:  xc7z020-clg400-1


================================================================
== Performance Estimates
================================================================
+ Timing: 
    * Summary: 
    +--------+----------+----------+------------+
    |  Clock |  Target  | Estimated| Uncertainty|
    +--------+----------+----------+------------+
    |ap_clk  |  13.00 ns|  7.433 ns|     3.51 ns|
    +--------+----------+----------+------------+

+ Latency: 
    * Summary: 
    +---------+---------+-----------+----------+-----+-----+-------------------+
    |  Latency (cycles) |  Latency (absolute)  |  Interval |      Pipeline     |
    |   min   |   max   |    min    |    max   | min | max |        Type       |
    +---------+---------+-----------+----------+-----+-----+-------------------+
    |        3|       29|  39.000 ns|  0.377 us|    0|    0|  loop pipeline stp|
    +---------+---------+-----------+----------+-----+-----+-------------------+

    + Detail: 
        * Instance: 
        N/A

        * Loop: 
        +-------------+---------+---------+----------+-----------+-----------+--------+----------+
        |             |  Latency (cycles) | Iteration|  Initiation Interval  |  Trip  |          |
        |  Loop Name  |   min   |   max   |  Latency |  achieved |   target  |  Count | Pipelined|
        +-------------+---------+---------+----------+-----------+-----------+--------+----------+
        |- MLP2_BITS  |        1|       27|         2|          1|          1|  0 ~ 27|       yes|
        +-------------+---------+---------+----------+-----------+-----------+--------+----------+

============================================================
+ Verbose Summary: Synthesis Manager
============================================================
InlineROM: 1
ExposeGlobal: 0
============================================================
+ Verbose Summary: CDFG Model
============================================================
IsTopModel: 0
ResetActiveHigh: 1
IsCombinational: 0
IsDatapathOnly: 0
HasWiredReturn: 1
HasMFsm: 2
HasVarLatency: 1
IsPipeline: 0
IsRtlPipelined: 0
IsInstanceOverlapped: 0
IsDontTouch: 0
HasImplIP: 0
IsGatedGlobalClock: 0

+ Individual pipeline summary: 
  * Pipeline-0: initiation interval (II) = 1, depth = 2


============================================================
+ Verbose Summary: Schedule
============================================================
* Number of FSM states : 2
* Pipeline : 1
  Pipeline-0 : II = 1, D = 2, States = { 1 2 }
* Dataflow Pipeline: 0

* FSM state transitions: 
1 --> 2 
2 --> 

* FSM state operations: 

State 1 <SV = 0> <Delay = 7.43>
ST_1 : Operation 5 [1/1] (0.00ns)   --->   "%phi_urem22 = alloca i32 1"   --->   Operation 5 'alloca' 'phi_urem22' <Predicate = true> <Delay = 0.00>
ST_1 : Operation 6 [1/1] (0.00ns)   --->   "%phi_mul20 = alloca i32 1"   --->   Operation 6 'alloca' 'phi_mul20' <Predicate = true> <Delay = 0.00>
ST_1 : Operation 7 [1/1] (0.00ns)   --->   "%mlp2_acc_1 = alloca i32 1" [kern.cpp:430]   --->   Operation 7 'alloca' 'mlp2_acc_1' <Predicate = true> <Delay = 0.00>
ST_1 : Operation 8 [1/1] (0.00ns)   --->   "%i = alloca i32 1" [kern.cpp:591]   --->   Operation 8 'alloca' 'i' <Predicate = true> <Delay = 0.00>
ST_1 : Operation 9 [1/1] (0.00ns)   --->   "%tmp = read i5 @_ssdm_op_Read.ap_auto.i5, i5 %empty"   --->   Operation 9 'read' 'tmp' <Predicate = true> <Delay = 0.00>
ST_1 : Operation 10 [1/1] (0.00ns)   --->   "%tmp_32 = read i1 @_ssdm_op_Read.ap_auto.i1, i1 %empty_102"   --->   Operation 10 'read' 'tmp_32' <Predicate = true> <Delay = 0.00>
ST_1 : Operation 11 [1/1] (0.00ns)   --->   "%tmp_33 = read i1 @_ssdm_op_Read.ap_auto.i1, i1 %empty_101"   --->   Operation 11 'read' 'tmp_33' <Predicate = true> <Delay = 0.00>
ST_1 : Operation 12 [1/1] (0.00ns)   --->   "%tmp_34 = read i1 @_ssdm_op_Read.ap_auto.i1, i1 %empty_100"   --->   Operation 12 'read' 'tmp_34' <Predicate = true> <Delay = 0.00>
ST_1 : Operation 13 [1/1] (0.00ns)   --->   "%tmp_35 = read i1 @_ssdm_op_Read.ap_auto.i1, i1 %empty_99"   --->   Operation 13 'read' 'tmp_35' <Predicate = true> <Delay = 0.00>
ST_1 : Operation 14 [1/1] (0.00ns)   --->   "%tmp_36 = read i1 @_ssdm_op_Read.ap_auto.i1, i1 %empty_98"   --->   Operation 14 'read' 'tmp_36' <Predicate = true> <Delay = 0.00>
ST_1 : Operation 15 [1/1] (0.00ns)   --->   "%tmp_37 = read i1 @_ssdm_op_Read.ap_auto.i1, i1 %empty_97"   --->   Operation 15 'read' 'tmp_37' <Predicate = true> <Delay = 0.00>
ST_1 : Operation 16 [1/1] (0.00ns)   --->   "%tmp_38 = read i1 @_ssdm_op_Read.ap_auto.i1, i1 %empty_96"   --->   Operation 16 'read' 'tmp_38' <Predicate = true> <Delay = 0.00>
ST_1 : Operation 17 [1/1] (0.00ns)   --->   "%tmp_39 = read i1 @_ssdm_op_Read.ap_auto.i1, i1 %empty_95"   --->   Operation 17 'read' 'tmp_39' <Predicate = true> <Delay = 0.00>
ST_1 : Operation 18 [1/1] (0.00ns)   --->   "%tmp_40 = read i1 @_ssdm_op_Read.ap_auto.i1, i1 %empty_94"   --->   Operation 18 'read' 'tmp_40' <Predicate = true> <Delay = 0.00>
ST_1 : Operation 19 [1/1] (0.00ns)   --->   "%tmp_41 = read i1 @_ssdm_op_Read.ap_auto.i1, i1 %empty_93"   --->   Operation 19 'read' 'tmp_41' <Predicate = true> <Delay = 0.00>
ST_1 : Operation 20 [1/1] (0.00ns)   --->   "%tmp_42 = read i1 @_ssdm_op_Read.ap_auto.i1, i1 %empty_92"   --->   Operation 20 'read' 'tmp_42' <Predicate = true> <Delay = 0.00>
ST_1 : Operation 21 [1/1] (0.00ns)   --->   "%tmp_43 = read i1 @_ssdm_op_Read.ap_auto.i1, i1 %empty_91"   --->   Operation 21 'read' 'tmp_43' <Predicate = true> <Delay = 0.00>
ST_1 : Operation 22 [1/1] (0.00ns)   --->   "%tmp_44 = read i1 @_ssdm_op_Read.ap_auto.i1, i1 %empty_90"   --->   Operation 22 'read' 'tmp_44' <Predicate = true> <Delay = 0.00>
ST_1 : Operation 23 [1/1] (0.00ns)   --->   "%tmp_45 = read i1 @_ssdm_op_Read.ap_auto.i1, i1 %empty_89"   --->   Operation 23 'read' 'tmp_45' <Predicate = true> <Delay = 0.00>
ST_1 : Operation 24 [1/1] (0.00ns)   --->   "%tmp_46 = read i1 @_ssdm_op_Read.ap_auto.i1, i1 %empty_88"   --->   Operation 24 'read' 'tmp_46' <Predicate = true> <Delay = 0.00>
ST_1 : Operation 25 [1/1] (0.00ns)   --->   "%tmp_47 = read i1 @_ssdm_op_Read.ap_auto.i1, i1 %empty_87"   --->   Operation 25 'read' 'tmp_47' <Predicate = true> <Delay = 0.00>
ST_1 : Operation 26 [1/1] (0.00ns)   --->   "%tmp_48 = read i1 @_ssdm_op_Read.ap_auto.i1, i1 %empty_86"   --->   Operation 26 'read' 'tmp_48' <Predicate = true> <Delay = 0.00>
ST_1 : Operation 27 [1/1] (0.00ns)   --->   "%tmp_49 = read i1 @_ssdm_op_Read.ap_auto.i1, i1 %empty_85"   --->   Operation 27 'read' 'tmp_49' <Predicate = true> <Delay = 0.00>
ST_1 : Operation 28 [1/1] (0.00ns)   --->   "%tmp_50 = read i1 @_ssdm_op_Read.ap_auto.i1, i1 %empty_84"   --->   Operation 28 'read' 'tmp_50' <Predicate = true> <Delay = 0.00>
ST_1 : Operation 29 [1/1] (0.00ns)   --->   "%tmp_51 = read i1 @_ssdm_op_Read.ap_auto.i1, i1 %empty_83"   --->   Operation 29 'read' 'tmp_51' <Predicate = true> <Delay = 0.00>
ST_1 : Operation 30 [1/1] (0.00ns)   --->   "%tmp_52 = read i1 @_ssdm_op_Read.ap_auto.i1, i1 %empty_82"   --->   Operation 30 'read' 'tmp_52' <Predicate = true> <Delay = 0.00>
ST_1 : Operation 31 [1/1] (0.00ns)   --->   "%tmp_53 = read i1 @_ssdm_op_Read.ap_auto.i1, i1 %empty_81"   --->   Operation 31 'read' 'tmp_53' <Predicate = true> <Delay = 0.00>
ST_1 : Operation 32 [1/1] (0.00ns)   --->   "%tmp_54 = read i1 @_ssdm_op_Read.ap_auto.i1, i1 %empty_80"   --->   Operation 32 'read' 'tmp_54' <Predicate = true> <Delay = 0.00>
ST_1 : Operation 33 [1/1] (0.00ns)   --->   "%tmp_55 = read i1 @_ssdm_op_Read.ap_auto.i1, i1 %empty_79"   --->   Operation 33 'read' 'tmp_55' <Predicate = true> <Delay = 0.00>
ST_1 : Operation 34 [1/1] (0.00ns)   --->   "%tmp_56 = read i1 @_ssdm_op_Read.ap_auto.i1, i1 %empty_78"   --->   Operation 34 'read' 'tmp_56' <Predicate = true> <Delay = 0.00>
ST_1 : Operation 35 [1/1] (0.00ns)   --->   "%tmp_57 = read i1 @_ssdm_op_Read.ap_auto.i1, i1 %empty_77"   --->   Operation 35 'read' 'tmp_57' <Predicate = true> <Delay = 0.00>
ST_1 : Operation 36 [1/1] (0.00ns)   --->   "%tmp_58 = read i1 @_ssdm_op_Read.ap_auto.i1, i1 %empty_76"   --->   Operation 36 'read' 'tmp_58' <Predicate = true> <Delay = 0.00>
ST_1 : Operation 37 [1/1] (0.00ns)   --->   "%sext_ln591_read = read i32 @_ssdm_op_Read.ap_auto.i32, i32 %sext_ln591"   --->   Operation 37 'read' 'sext_ln591_read' <Predicate = true> <Delay = 0.00>
ST_1 : Operation 38 [1/1] (0.00ns)   --->   "%mlp2_acc_read = read i32 @_ssdm_op_Read.ap_auto.i32, i32 %mlp2_acc"   --->   Operation 38 'read' 'mlp2_acc_read' <Predicate = true> <Delay = 0.00>
ST_1 : Operation 39 [1/1] (0.00ns)   --->   "%sext_ln591_cast = sext i32 %sext_ln591_read"   --->   Operation 39 'sext' 'sext_ln591_cast' <Predicate = true> <Delay = 0.00>
ST_1 : Operation 40 [1/1] (1.58ns)   --->   "%store_ln591 = store i5 0, i5 %i" [kern.cpp:591]   --->   Operation 40 'store' 'store_ln591' <Predicate = true> <Delay = 1.58>
ST_1 : Operation 41 [1/1] (1.58ns)   --->   "%store_ln430 = store i32 %mlp2_acc_read, i32 %mlp2_acc_1" [kern.cpp:430]   --->   Operation 41 'store' 'store_ln430' <Predicate = true> <Delay = 1.58>
ST_1 : Operation 42 [1/1] (1.58ns)   --->   "%store_ln0 = store i11 0, i11 %phi_mul20"   --->   Operation 42 'store' 'store_ln0' <Predicate = true> <Delay = 1.58>
ST_1 : Operation 43 [1/1] (1.58ns)   --->   "%store_ln0 = store i5 0, i5 %phi_urem22"   --->   Operation 43 'store' 'store_ln0' <Predicate = true> <Delay = 1.58>
ST_1 : Operation 44 [1/1] (0.00ns)   --->   "%br_ln0 = br void %for.body211_ifconv"   --->   Operation 44 'br' 'br_ln0' <Predicate = true> <Delay = 0.00>
ST_1 : Operation 45 [1/1] (0.00ns)   --->   "%phi_urem22_load = load i5 %phi_urem22" [kern.cpp:592]   --->   Operation 45 'load' 'phi_urem22_load' <Predicate = true> <Delay = 0.00>
ST_1 : Operation 46 [1/1] (0.00ns)   --->   "%phi_mul20_load = load i11 %phi_mul20" [kern.cpp:596]   --->   Operation 46 'load' 'phi_mul20_load' <Predicate = true> <Delay = 0.00>
ST_1 : Operation 47 [1/1] (0.00ns)   --->   "%i_3 = load i5 %i" [kern.cpp:591]   --->   Operation 47 'load' 'i_3' <Predicate = true> <Delay = 0.00>
ST_1 : Operation 48 [1/1] (1.78ns)   --->   "%add_ln592 = add i5 %phi_urem22_load, i5 1" [kern.cpp:592]   --->   Operation 48 'add' 'add_ln592' <Predicate = true> <Delay = 1.78> <CoreInst = "Adder">   --->   Core 1 'Adder' <Latency = 0> <II = 1> <Delay = 1.78> <FuncUnit> <Opcode : 'add' 'sub'> <InPorts = 2> <OutPorts = 1>
ST_1 : Operation 49 [1/1] (1.78ns)   --->   "%icmp_ln592 = icmp_eq  i5 %phi_urem22_load, i5 8" [kern.cpp:592]   --->   Operation 49 'icmp' 'icmp_ln592' <Predicate = true> <Delay = 1.78> <CoreInst = "Cmp">   --->   Core 9 'Cmp' <Latency = 0> <II = 1> <Delay = 1.78> <FuncUnit> <Opcode : 'seteq' 'setne' 'setle' 'setge' 'setlt' 'setgt'> <InPorts = 2> <OutPorts = 1>
ST_1 : Operation 50 [1/1] (1.21ns)   --->   "%select_ln592 = select i1 %icmp_ln592, i5 0, i5 %add_ln592" [kern.cpp:592]   --->   Operation 50 'select' 'select_ln592' <Predicate = true> <Delay = 1.21> <CoreInst = "Sel">   --->   Core 73 'Sel' <Latency = 0> <II = 1> <Delay = 1.21> <FuncUnit> <Opcode : 'select'> <InPorts = 3> <OutPorts = 1>
ST_1 : Operation 51 [1/1] (0.00ns)   --->   "%zext_ln592 = zext i5 %i_3" [kern.cpp:592]   --->   Operation 51 'zext' 'zext_ln592' <Predicate = true> <Delay = 0.00>
ST_1 : Operation 52 [1/1] (2.55ns)   --->   "%add_ln593 = add i33 %zext_ln592, i33 %sext_ln591_cast" [kern.cpp:593]   --->   Operation 52 'add' 'add_ln593' <Predicate = true> <Delay = 2.55> <CoreInst = "Adder">   --->   Core 1 'Adder' <Latency = 0> <II = 1> <Delay = 2.55> <FuncUnit> <Opcode : 'add' 'sub'> <InPorts = 2> <OutPorts = 1>
ST_1 : Operation 53 [1/1] (0.00ns)   --->   "%zext_ln594 = zext i33 %add_ln593" [kern.cpp:594]   --->   Operation 53 'zext' 'zext_ln594' <Predicate = true> <Delay = 0.00>
ST_1 : Operation 54 [1/1] (0.00ns)   --->   "%tmp_59 = partselect i24 @_ssdm_op_PartSelect.i24.i33.i32.i32, i33 %add_ln593, i32 9, i32 32" [kern.cpp:594]   --->   Operation 54 'partselect' 'tmp_59' <Predicate = true> <Delay = 0.00>
ST_1 : Operation 55 [1/1] (2.31ns)   --->   "%icmp_ln594 = icmp_sgt  i24 %tmp_59, i24 0" [kern.cpp:594]   --->   Operation 55 'icmp' 'icmp_ln594' <Predicate = true> <Delay = 2.31> <CoreInst = "Cmp">   --->   Core 9 'Cmp' <Latency = 0> <II = 1> <Delay = 2.31> <FuncUnit> <Opcode : 'seteq' 'setne' 'setle' 'setge' 'setlt' 'setgt'> <InPorts = 2> <OutPorts = 1>
ST_1 : Operation 56 [1/1] (0.00ns)   --->   "%mlp_hidden_1_addr = getelementptr i1 %mlp_hidden_1, i64 0, i64 %zext_ln594" [kern.cpp:595]   --->   Operation 56 'getelementptr' 'mlp_hidden_1_addr' <Predicate = true> <Delay = 0.00>
ST_1 : Operation 57 [2/2] (2.32ns)   --->   "%a = load i9 %mlp_hidden_1_addr" [kern.cpp:595]   --->   Operation 57 'load' 'a' <Predicate = true> <Delay = 2.32> <CoreInst = "RAM">   --->   Core 81 'RAM' <Latency = 1> <II = 1> <Delay = 2.32> <Storage> <Opcode : 'load' 'store'> <Ports = 2> <Width = 1> <Depth = 512> <RAM>
ST_1 : Operation 58 [1/1] (1.63ns)   --->   "%add_ln596 = add i11 %phi_mul20_load, i11 57" [kern.cpp:596]   --->   Operation 58 'add' 'add_ln596' <Predicate = true> <Delay = 1.63> <CoreInst = "Adder">   --->   Core 1 'Adder' <Latency = 0> <II = 1> <Delay = 1.63> <FuncUnit> <Opcode : 'add' 'sub'> <InPorts = 2> <OutPorts = 1>
ST_1 : Operation 59 [1/1] (0.00ns)   --->   "%trunc_ln7 = partselect i2 @_ssdm_op_PartSelect.i2.i11.i32.i32, i11 %phi_mul20_load, i32 9, i32 10" [kern.cpp:596]   --->   Operation 59 'partselect' 'trunc_ln7' <Predicate = true> <Delay = 0.00>
ST_1 : Operation 60 [1/1] (0.00ns)   --->   "%trunc_ln596 = trunc i5 %phi_urem22_load" [kern.cpp:596]   --->   Operation 60 'trunc' 'trunc_ln596' <Predicate = true> <Delay = 0.00>
ST_1 : Operation 61 [1/1] (2.42ns)   --->   "%tmp_9 = sparsemux i1 @_ssdm_op_SparseMux.ap_auto.9i1.i1.i4, i4 0, i1 %tmp_58, i4 1, i1 %tmp_57, i4 2, i1 %tmp_56, i4 3, i1 %tmp_55, i4 4, i1 %tmp_54, i4 5, i1 %tmp_53, i4 6, i1 %tmp_52, i4 7, i1 %tmp_51, i4 8, i1 %tmp_50, i1 0, i4 %trunc_ln596" [kern.cpp:596]   --->   Operation 61 'sparsemux' 'tmp_9' <Predicate = true> <Delay = 2.42> <CoreInst = "BinarySparseMux_DontCare">   --->   Core 137 'BinarySparseMux_DontCare' <Latency = 0> <II = 1> <Delay = 2.42> <FuncUnit> <Opcode : 'sparsemux'> <InPorts = 2> <OutPorts = 1>
ST_1 : Operation 62 [1/1] (2.42ns)   --->   "%tmp_s = sparsemux i1 @_ssdm_op_SparseMux.ap_auto.9i1.i1.i4, i4 0, i1 %tmp_49, i4 1, i1 %tmp_48, i4 2, i1 %tmp_47, i4 3, i1 %tmp_46, i4 4, i1 %tmp_45, i4 5, i1 %tmp_44, i4 6, i1 %tmp_43, i4 7, i1 %tmp_42, i4 8, i1 %tmp_41, i1 0, i4 %trunc_ln596" [kern.cpp:596]   --->   Operation 62 'sparsemux' 'tmp_s' <Predicate = true> <Delay = 2.42> <CoreInst = "BinarySparseMux_DontCare">   --->   Core 137 'BinarySparseMux_DontCare' <Latency = 0> <II = 1> <Delay = 2.42> <FuncUnit> <Opcode : 'sparsemux'> <InPorts = 2> <OutPorts = 1>
ST_1 : Operation 63 [1/1] (2.42ns)   --->   "%tmp_3 = sparsemux i1 @_ssdm_op_SparseMux.ap_auto.9i1.i1.i4, i4 0, i1 %tmp_40, i4 1, i1 %tmp_39, i4 2, i1 %tmp_38, i4 3, i1 %tmp_37, i4 4, i1 %tmp_36, i4 5, i1 %tmp_35, i4 6, i1 %tmp_34, i4 7, i1 %tmp_33, i4 8, i1 %tmp_32, i1 0, i4 %trunc_ln596" [kern.cpp:596]   --->   Operation 63 'sparsemux' 'tmp_3' <Predicate = true> <Delay = 2.42> <CoreInst = "BinarySparseMux_DontCare">   --->   Core 137 'BinarySparseMux_DontCare' <Latency = 0> <II = 1> <Delay = 2.42> <FuncUnit> <Opcode : 'sparsemux'> <InPorts = 2> <OutPorts = 1>
ST_1 : Operation 64 [1/1] (1.58ns)   --->   "%w = sparsemux i1 @_ssdm_op_SparseMux.ap_auto.3i1.i1.i2, i2 0, i1 %tmp_9, i2 1, i1 %tmp_s, i2 2, i1 %tmp_3, i1 0, i2 %trunc_ln7" [kern.cpp:596]   --->   Operation 64 'sparsemux' 'w' <Predicate = true> <Delay = 1.58> <CoreInst = "OneHotSparseMux_HasDef">   --->   Core 140 'OneHotSparseMux_HasDef' <Latency = 0> <II = 1> <Delay = 1.58> <FuncUnit> <Opcode : 'sparsemux'> <InPorts = 2> <OutPorts = 1>
ST_1 : Operation 65 [1/1] (0.00ns) (grouped into LUT with out node or_cond871)   --->   "%not_icmp_ln594 = xor i1 %icmp_ln594, i1 1" [kern.cpp:594]   --->   Operation 65 'xor' 'not_icmp_ln594' <Predicate = true> <Delay = 0.00> <CoreInst = "LogicGate">   --->   Core 74 'LogicGate' <Latency = 0> <II = 1> <Delay = 0.97> <FuncUnit> <Opcode : 'and' 'or' 'xor'> <InPorts = 2> <OutPorts = 1>
ST_1 : Operation 66 [1/1] (1.78ns)   --->   "%add_ln591 = add i5 %i_3, i5 1" [kern.cpp:591]   --->   Operation 66 'add' 'add_ln591' <Predicate = true> <Delay = 1.78> <CoreInst = "Adder">   --->   Core 1 'Adder' <Latency = 0> <II = 1> <Delay = 1.78> <FuncUnit> <Opcode : 'add' 'sub'> <InPorts = 2> <OutPorts = 1>
ST_1 : Operation 67 [1/1] (1.78ns)   --->   "%icmp_ln591 = icmp_ult  i5 %add_ln591, i5 %tmp" [kern.cpp:591]   --->   Operation 67 'icmp' 'icmp_ln591' <Predicate = true> <Delay = 1.78> <CoreInst = "Cmp">   --->   Core 9 'Cmp' <Latency = 0> <II = 1> <Delay = 1.78> <FuncUnit> <Opcode : 'seteq' 'setne' 'setle' 'setge' 'setlt' 'setgt'> <InPorts = 2> <OutPorts = 1>
ST_1 : Operation 68 [1/1] (0.97ns) (out node of the LUT)   --->   "%or_cond871 = and i1 %icmp_ln591, i1 %not_icmp_ln594" [kern.cpp:591]   --->   Operation 68 'and' 'or_cond871' <Predicate = true> <Delay = 0.97> <CoreInst = "LogicGate">   --->   Core 74 'LogicGate' <Latency = 0> <II = 1> <Delay = 0.97> <FuncUnit> <Opcode : 'and' 'or' 'xor'> <InPorts = 2> <OutPorts = 1>
ST_1 : Operation 69 [1/1] (1.58ns)   --->   "%store_ln591 = store i5 %add_ln591, i5 %i" [kern.cpp:591]   --->   Operation 69 'store' 'store_ln591' <Predicate = true> <Delay = 1.58>
ST_1 : Operation 70 [1/1] (1.58ns)   --->   "%store_ln596 = store i11 %add_ln596, i11 %phi_mul20" [kern.cpp:596]   --->   Operation 70 'store' 'store_ln596' <Predicate = true> <Delay = 1.58>
ST_1 : Operation 71 [1/1] (1.58ns)   --->   "%store_ln592 = store i5 %select_ln592, i5 %phi_urem22" [kern.cpp:592]   --->   Operation 71 'store' 'store_ln592' <Predicate = true> <Delay = 1.58>
ST_1 : Operation 72 [1/1] (0.00ns)   --->   "%br_ln591 = br i1 %or_cond871, void %for.end236.exitStub, void %for.body211_ifconv" [kern.cpp:591]   --->   Operation 72 'br' 'br_ln591' <Predicate = true> <Delay = 0.00>

State 2 <SV = 1> <Delay = 7.16>
ST_2 : Operation 73 [1/1] (0.00ns)   --->   "%mlp2_acc_4 = load i32 %mlp2_acc_1" [kern.cpp:597]   --->   Operation 73 'load' 'mlp2_acc_4' <Predicate = true> <Delay = 0.00>
ST_2 : Operation 74 [1/1] (0.00ns)   --->   "%specpipeline_ln592 = specpipeline void @_ssdm_op_SpecPipeline, i32 1, i32 0, i32 0, i32 0, i32 4294967295, void @empty_5" [kern.cpp:592]   --->   Operation 74 'specpipeline' 'specpipeline_ln592' <Predicate = true> <Delay = 0.00>
ST_2 : Operation 75 [1/1] (0.00ns)   --->   "%speclooptripcount_ln430 = speclooptripcount void @_ssdm_op_SpecLoopTripCount, i64 0, i64 27, i64 13" [kern.cpp:430]   --->   Operation 75 'speclooptripcount' 'speclooptripcount_ln430' <Predicate = true> <Delay = 0.00>
ST_2 : Operation 76 [1/1] (0.00ns)   --->   "%specloopname_ln591 = specloopname void @_ssdm_op_SpecLoopName, void @empty_0" [kern.cpp:591]   --->   Operation 76 'specloopname' 'specloopname_ln591' <Predicate = true> <Delay = 0.00>
ST_2 : Operation 77 [1/2] ( I:2.32ns O:2.32ns )   --->   "%a = load i9 %mlp_hidden_1_addr" [kern.cpp:595]   --->   Operation 77 'load' 'a' <Predicate = true> <Delay = 2.32> <CoreInst = "RAM">   --->   Core 81 'RAM' <Latency = 1> <II = 1> <Delay = 2.32> <Storage> <Opcode : 'load' 'store'> <Ports = 2> <Width = 1> <Depth = 512> <RAM>
ST_2 : Operation 78 [1/1] (0.00ns) (grouped into LUT with out node mlp2_acc_5)   --->   "%xor_ln597 = xor i1 %a, i1 %w" [kern.cpp:597]   --->   Operation 78 'xor' 'xor_ln597' <Predicate = (!icmp_ln594)> <Delay = 0.00> <CoreInst = "LogicGate">   --->   Core 74 'LogicGate' <Latency = 0> <II = 1> <Delay = 0.97> <FuncUnit> <Opcode : 'and' 'or' 'xor'> <InPorts = 2> <OutPorts = 1>
ST_2 : Operation 79 [1/1] (0.00ns) (grouped into LUT with out node mlp2_acc_5)   --->   "%select_ln597 = select i1 %xor_ln597, i32 4294967295, i32 1" [kern.cpp:597]   --->   Operation 79 'select' 'select_ln597' <Predicate = (!icmp_ln594)> <Delay = 0.00> <CoreInst = "Sel">   --->   Core 73 'Sel' <Latency = 0> <II = 1> <Delay = 0.99> <FuncUnit> <Opcode : 'select'> <InPorts = 3> <OutPorts = 1>
ST_2 : Operation 80 [1/1] (2.55ns) (out node of the LUT)   --->   "%mlp2_acc_5 = add i32 %select_ln597, i32 %mlp2_acc_4" [kern.cpp:597]   --->   Operation 80 'add' 'mlp2_acc_5' <Predicate = (!icmp_ln594)> <Delay = 2.55> <CoreInst = "Adder">   --->   Core 1 'Adder' <Latency = 0> <II = 1> <Delay = 2.55> <FuncUnit> <Opcode : 'add' 'sub'> <InPorts = 2> <OutPorts = 1>
ST_2 : Operation 81 [1/1] (0.69ns)   --->   "%mlp2_acc_2 = select i1 %icmp_ln594, i32 %mlp2_acc_4, i32 %mlp2_acc_5" [kern.cpp:594]   --->   Operation 81 'select' 'mlp2_acc_2' <Predicate = true> <Delay = 0.69> <CoreInst = "Sel">   --->   Core 73 'Sel' <Latency = 0> <II = 1> <Delay = 0.69> <FuncUnit> <Opcode : 'select'> <InPorts = 3> <OutPorts = 1>
ST_2 : Operation 82 [1/1] (1.58ns)   --->   "%store_ln430 = store i32 %mlp2_acc_2, i32 %mlp2_acc_1" [kern.cpp:430]   --->   Operation 82 'store' 'store_ln430' <Predicate = true> <Delay = 1.58>
ST_2 : Operation 83 [1/1] (0.00ns)   --->   "%store_ln594 = store i32 %mlp2_acc_2, i32 %mlp2_acc_2_out" [kern.cpp:594]   --->   Operation 83 'store' 'store_ln594' <Predicate = (!or_cond871)> <Delay = 0.00>
ST_2 : Operation 84 [1/1] (1.58ns)   --->   "%ret_ln0 = ret"   --->   Operation 84 'ret' 'ret_ln0' <Predicate = (!or_cond871)> <Delay = 1.58>


============================================================
+ Verbose Summary: Timing violations
============================================================
Target clock period: 13.000ns, clock uncertainty: 3.510ns.

 <State 1>: 7.433ns
The critical path consists of the following:
	'store' operation ('store_ln591', kern.cpp:591) of constant 0 5 bit on local variable 'i', kern.cpp:591 [68]  (1.588 ns)
	'load' operation 5 bit ('i', kern.cpp:591) on local variable 'i', kern.cpp:591 [77]  (0.000 ns)
	'add' operation 33 bit ('add_ln593', kern.cpp:593) [85]  (2.552 ns)
	'icmp' operation 1 bit ('icmp_ln594', kern.cpp:594) [88]  (2.314 ns)
	'xor' operation 1 bit ('not_icmp_ln594', kern.cpp:594) [101]  (0.000 ns)
	'and' operation 1 bit ('or_cond871', kern.cpp:591) [105]  (0.978 ns)

 <State 2>: 7.160ns
The critical path consists of the following:
	'load' operation 1 bit ('a', kern.cpp:595) on array 'mlp_hidden_1' [90]  (2.322 ns)
	'xor' operation 1 bit ('xor_ln597', kern.cpp:597) [98]  (0.000 ns)
	'select' operation 32 bit ('select_ln597', kern.cpp:597) [99]  (0.000 ns)
	'add' operation 32 bit ('mlp2_acc', kern.cpp:597) [100]  (2.552 ns)
	'select' operation 32 bit ('mlp2_acc', kern.cpp:594) [102]  (0.698 ns)
	'store' operation ('store_ln430', kern.cpp:430) of variable 'mlp2_acc', kern.cpp:594 32 bit on local variable 'mlp2_acc', kern.cpp:430 [107]  (1.588 ns)


============================================================
+ Verbose Summary: Binding
============================================================
N/A
* FSMD analyzer results:
  - Output states:
 - Input state : 
  - Chain level:
	State 1
	State 2


============================================================
+ Verbose Summary: Datapath Resource usage 
============================================================
N/A
