

================================================================
== Vitis HLS Report for 'kernel_Pipeline_OUT_STREAM'
================================================================
* Date:           Fri May  1 17:43:49 2026

* Version:        2025.2 (Build 6295257 on Nov 14 2025)
* Project:        hls_component
* Solution:       hls (Vivado IP Flow Target)
* Product family: zynq
* Target device:  xc7z020-clg400-1


================================================================
== Performance Estimates
================================================================
+ Timing: 
    * Summary: 
    +--------+----------+----------+------------+
    |  Clock |  Target  | Estimated| Uncertainty|
    +--------+----------+----------+------------+
    |ap_clk  |  13.00 ns|  5.058 ns|     3.51 ns|
    +--------+----------+----------+------------+

+ Latency: 
    * Summary: 
    +---------+---------+-----------+-----------+-----+-----+-------------------+
    |  Latency (cycles) |   Latency (absolute)  |  Interval |      Pipeline     |
    |   min   |   max   |    min    |    max    | min | max |        Type       |
    +---------+---------+-----------+-----------+-----+-----+-------------------+
    |        7|        7|  91.000 ns|  91.000 ns|    0|    0|  loop pipeline stp|
    +---------+---------+-----------+-----------+-----+-----+-------------------+

    + Detail: 
        * Instance: 
        N/A

        * Loop: 
        +--------------+---------+---------+----------+-----------+-----------+------+----------+
        |              |  Latency (cycles) | Iteration|  Initiation Interval  | Trip |          |
        |   Loop Name  |   min   |   max   |  Latency |  achieved |   target  | Count| Pipelined|
        +--------------+---------+---------+----------+-----------+-----------+------+----------+
        |- OUT_STREAM  |        5|        5|         2|          1|          1|     5|       yes|
        +--------------+---------+---------+----------+-----------+-----------+------+----------+

============================================================
+ Verbose Summary: Synthesis Manager
============================================================
InlineROM: 1
ExposeGlobal: 0
============================================================
+ Verbose Summary: CDFG Model
============================================================
IsTopModel: 0
ResetActiveHigh: 1
IsCombinational: 0
IsDatapathOnly: 0
HasWiredReturn: 1
HasMFsm: 2
HasVarLatency: 1
IsPipeline: 0
IsRtlPipelined: 0
IsInstanceOverlapped: 0
IsDontTouch: 0
HasImplIP: 0
IsGatedGlobalClock: 0

+ Individual pipeline summary: 
  * Pipeline-0: initiation interval (II) = 1, depth = 2


============================================================
+ Verbose Summary: Schedule
============================================================
* Number of FSM states : 2
* Pipeline : 1
  Pipeline-0 : II = 1, D = 2, States = { 1 2 }
* Dataflow Pipeline: 0

* FSM state transitions: 
1 --> 2 
2 --> 

* FSM state operations: 

State 1 <SV = 0> <Delay = 5.05>
ST_1 : Operation 5 [1/1] (0.00ns)   --->   "%c = alloca i32 1" [kern.cpp:638]   --->   Operation 5 'alloca' 'c' <Predicate = true> <Delay = 0.00>
ST_1 : Operation 6 [1/1] (0.00ns)   --->   "%specaxissidechannel_ln0 = specaxissidechannel void @_ssdm_op_SpecAXISSideChannel, i32 %B_V_data_V, i4 %B_V_keep_V, i4 %B_V_strb_V, i1 0, i1 %B_V_last_V, i1 0, i1 0, void @empty_25"   --->   Operation 6 'specaxissidechannel' 'specaxissidechannel_ln0' <Predicate = true> <Delay = 0.00>
ST_1 : Operation 7 [1/1] (0.00ns)   --->   "%specinterface_ln0 = specinterface void @_ssdm_op_SpecInterface, i1 %B_V_last_V, i4 %B_V_strb_V, i4 %B_V_keep_V, i32 %B_V_data_V, void @empty_20, i32 0, i32 0, void @empty_9, i32 0, i32 0, void @empty_5, void @empty_5, void @empty_5, i32 0, i32 0, i32 0, i32 0, void @empty_5, void @empty_5, i32 4294967295, i32 0, i32 0, i32 0"   --->   Operation 7 'specinterface' 'specinterface_ln0' <Predicate = true> <Delay = 0.00>
ST_1 : Operation 8 [1/1] (1.58ns)   --->   "%store_ln638 = store i4 0, i4 %c" [kern.cpp:638]   --->   Operation 8 'store' 'store_ln638' <Predicate = true> <Delay = 1.58>
ST_1 : Operation 9 [1/1] (0.00ns)   --->   "%br_ln0 = br void %for.inc332"   --->   Operation 9 'br' 'br_ln0' <Predicate = true> <Delay = 0.00>
ST_1 : Operation 10 [1/1] (0.00ns)   --->   "%c_1 = load i4 %c" [kern.cpp:642]   --->   Operation 10 'load' 'c_1' <Predicate = true> <Delay = 0.00>
ST_1 : Operation 11 [1/1] (1.73ns)   --->   "%icmp_ln638 = icmp_ult  i4 %c_1, i4 10" [kern.cpp:638]   --->   Operation 11 'icmp' 'icmp_ln638' <Predicate = true> <Delay = 1.73> <CoreInst = "Cmp">   --->   Core 9 'Cmp' <Latency = 0> <II = 1> <Delay = 1.73> <FuncUnit> <Opcode : 'seteq' 'setne' 'setle' 'setge' 'setlt' 'setgt'> <InPorts = 2> <OutPorts = 1>
ST_1 : Operation 12 [1/1] (0.00ns)   --->   "%br_ln638 = br i1 %icmp_ln638, void %if.end336.loopexit.exitStub, void %for.inc332.split" [kern.cpp:638]   --->   Operation 12 'br' 'br_ln638' <Predicate = true> <Delay = 0.00>
ST_1 : Operation 13 [1/1] (0.00ns)   --->   "%zext_ln638 = zext i4 %c_1" [kern.cpp:638]   --->   Operation 13 'zext' 'zext_ln638' <Predicate = (icmp_ln638)> <Delay = 0.00>
ST_1 : Operation 14 [1/1] (0.00ns)   --->   "%probs_addr = getelementptr i16 %probs, i64 0, i64 %zext_ln638" [kern.cpp:639]   --->   Operation 14 'getelementptr' 'probs_addr' <Predicate = (icmp_ln638)> <Delay = 0.00>
ST_1 : Operation 15 [2/2] (2.32ns)   --->   "%probs_load = load i4 %probs_addr" [kern.cpp:639]   --->   Operation 15 'load' 'probs_load' <Predicate = (icmp_ln638)> <Delay = 2.32> <CoreInst = "RAM">   --->   Core 81 'RAM' <Latency = 1> <II = 1> <Delay = 2.32> <Storage> <Opcode : 'load' 'store'> <Ports = 2> <Width = 16> <Depth = 10> <RAM>
ST_1 : Operation 16 [1/1] (0.00ns)   --->   "%tmp_s = partselect i3 @_ssdm_op_PartSelect.i3.i4.i32.i32, i4 %c_1, i32 1, i32 3" [kern.cpp:640]   --->   Operation 16 'partselect' 'tmp_s' <Predicate = (icmp_ln638)> <Delay = 0.00>
ST_1 : Operation 17 [1/1] (0.00ns)   --->   "%or_ln = bitconcatenate i4 @_ssdm_op_BitConcatenate.i4.i3.i1, i3 %tmp_s, i1 1" [kern.cpp:640]   --->   Operation 17 'bitconcatenate' 'or_ln' <Predicate = (icmp_ln638)> <Delay = 0.00>
ST_1 : Operation 18 [1/1] (0.00ns)   --->   "%zext_ln640 = zext i4 %or_ln" [kern.cpp:640]   --->   Operation 18 'zext' 'zext_ln640' <Predicate = (icmp_ln638)> <Delay = 0.00>
ST_1 : Operation 19 [1/1] (0.00ns)   --->   "%probs_addr_1 = getelementptr i16 %probs, i64 0, i64 %zext_ln640" [kern.cpp:640]   --->   Operation 19 'getelementptr' 'probs_addr_1' <Predicate = (icmp_ln638)> <Delay = 0.00>
ST_1 : Operation 20 [2/2] (2.32ns)   --->   "%probs_load_1 = load i4 %probs_addr_1" [kern.cpp:640]   --->   Operation 20 'load' 'probs_load_1' <Predicate = (icmp_ln638)> <Delay = 2.32> <CoreInst = "RAM">   --->   Core 81 'RAM' <Latency = 1> <II = 1> <Delay = 2.32> <Storage> <Opcode : 'load' 'store'> <Ports = 2> <Width = 16> <Depth = 10> <RAM>
ST_1 : Operation 21 [1/1] (1.73ns)   --->   "%add_ln642 = add i4 %c_1, i4 2" [kern.cpp:642]   --->   Operation 21 'add' 'add_ln642' <Predicate = (icmp_ln638)> <Delay = 1.73> <CoreInst = "Adder">   --->   Core 1 'Adder' <Latency = 0> <II = 1> <Delay = 1.73> <FuncUnit> <Opcode : 'add' 'sub'> <InPorts = 2> <OutPorts = 1>
ST_1 : Operation 22 [1/1] (1.73ns)   --->   "%icmp_ln642 = icmp_ugt  i4 %add_ln642, i4 9" [kern.cpp:642]   --->   Operation 22 'icmp' 'icmp_ln642' <Predicate = (icmp_ln638)> <Delay = 1.73> <CoreInst = "Cmp">   --->   Core 9 'Cmp' <Latency = 0> <II = 1> <Delay = 1.73> <FuncUnit> <Opcode : 'seteq' 'setne' 'setle' 'setge' 'setlt' 'setgt'> <InPorts = 2> <OutPorts = 1>
ST_1 : Operation 23 [1/1] (1.58ns)   --->   "%store_ln638 = store i4 %add_ln642, i4 %c" [kern.cpp:638]   --->   Operation 23 'store' 'store_ln638' <Predicate = (icmp_ln638)> <Delay = 1.58>
ST_1 : Operation 32 [1/1] (1.58ns)   --->   "%ret_ln0 = ret"   --->   Operation 32 'ret' 'ret_ln0' <Predicate = (!icmp_ln638)> <Delay = 1.58>

State 2 <SV = 1> <Delay = 3.61>
ST_2 : Operation 24 [1/1] (0.00ns)   --->   "%specpipeline_ln638 = specpipeline void @_ssdm_op_SpecPipeline, i32 4294967295, i32 0, i32 0, i32 0, i32 4294967295, void @empty_5" [kern.cpp:638]   --->   Operation 24 'specpipeline' 'specpipeline_ln638' <Predicate = true> <Delay = 0.00>
ST_2 : Operation 25 [1/1] (0.00ns)   --->   "%speclooptripcount_ln638 = speclooptripcount void @_ssdm_op_SpecLoopTripCount, i64 5, i64 5, i64 5" [kern.cpp:638]   --->   Operation 25 'speclooptripcount' 'speclooptripcount_ln638' <Predicate = true> <Delay = 0.00>
ST_2 : Operation 26 [1/1] (0.00ns)   --->   "%specloopname_ln638 = specloopname void @_ssdm_op_SpecLoopName, void @empty_2" [kern.cpp:638]   --->   Operation 26 'specloopname' 'specloopname_ln638' <Predicate = true> <Delay = 0.00>
ST_2 : Operation 27 [1/2] ( I:2.32ns O:2.32ns )   --->   "%probs_load = load i4 %probs_addr" [kern.cpp:639]   --->   Operation 27 'load' 'probs_load' <Predicate = true> <Delay = 2.32> <CoreInst = "RAM">   --->   Core 81 'RAM' <Latency = 1> <II = 1> <Delay = 2.32> <Storage> <Opcode : 'load' 'store'> <Ports = 2> <Width = 16> <Depth = 10> <RAM>
ST_2 : Operation 28 [1/2] ( I:2.32ns O:2.32ns )   --->   "%probs_load_1 = load i4 %probs_addr_1" [kern.cpp:640]   --->   Operation 28 'load' 'probs_load_1' <Predicate = true> <Delay = 2.32> <CoreInst = "RAM">   --->   Core 81 'RAM' <Latency = 1> <II = 1> <Delay = 2.32> <Storage> <Opcode : 'load' 'store'> <Ports = 2> <Width = 16> <Depth = 10> <RAM>
ST_2 : Operation 29 [1/1] (0.00ns)   --->   "%p_0 = bitconcatenate i32 @_ssdm_op_BitConcatenate.i32.i16.i16, i16 %probs_load, i16 %probs_load_1" [kern.cpp:640]   --->   Operation 29 'bitconcatenate' 'p_0' <Predicate = true> <Delay = 0.00>
ST_2 : Operation 30 [1/1] ( I:1.29ns O:1.29ns )   --->   "%write_ln644 = write void @_ssdm_op_Write.axis.volatile.i32P0A.i4P0A.i4P0A.i1P0A, i32 %B_V_data_V, i4 %B_V_keep_V, i4 %B_V_strb_V, i1 %B_V_last_V, i32 %p_0, i4 15, i4 15, i1 %icmp_ln642" [kern.cpp:644]   --->   Operation 30 'write' 'write_ln644' <Predicate = true> <Delay = 1.29> <CoreInst = "regslice">   --->   Core 135 'regslice' <Latency = 0> <II = 1> <Delay = 1.86> <Adapter> <Opcode : 'read' 'write'>
ST_2 : Operation 31 [1/1] (0.00ns)   --->   "%br_ln638 = br void %for.inc332" [kern.cpp:638]   --->   Operation 31 'br' 'br_ln638' <Predicate = true> <Delay = 0.00>


============================================================
+ Verbose Summary: Timing violations
============================================================
Target clock period: 13.000ns, clock uncertainty: 3.510ns.

 <State 1>: 5.058ns
The critical path consists of the following:
	'store' operation ('store_ln638', kern.cpp:638) of constant 0 4 bit on local variable 'c', kern.cpp:638 [9]  (1.588 ns)
	'load' operation 4 bit ('c', kern.cpp:642) on local variable 'c', kern.cpp:638 [12]  (0.000 ns)
	'add' operation 4 bit ('add_ln642', kern.cpp:642) [28]  (1.735 ns)
	'icmp' operation 1 bit ('icmp_ln642', kern.cpp:642) [29]  (1.735 ns)

 <State 2>: 3.612ns
The critical path consists of the following:
	'load' operation 16 bit ('probs_load', kern.cpp:639) on array 'probs' [21]  (2.322 ns)
	axis write operation ('write_ln644', kern.cpp:644) on port 'B_V_data_V' (kern.cpp:644) [30]  (1.290 ns)


============================================================
+ Verbose Summary: Binding
============================================================
N/A
* FSMD analyzer results:
  - Output states:
 - Input state : 
  - Chain level:
	State 1
	State 2


============================================================
+ Verbose Summary: Datapath Resource usage 
============================================================
N/A
