

================================================================
== Vitis HLS Report for 'softmax_Pipeline_SM_NORM'
================================================================
* Date:           Fri May  1 23:52:25 2026

* Version:        2025.2 (Build 6295257 on Nov 14 2025)
* Project:        hls_component
* Solution:       hls (Vivado IP Flow Target)
* Product family: zynq
* Target device:  xc7z020-clg400-1


================================================================
== Performance Estimates
================================================================
+ Timing: 
    * Summary: 
    +--------+----------+----------+------------+
    |  Clock |  Target  | Estimated| Uncertainty|
    +--------+----------+----------+------------+
    |ap_clk  |  13.00 ns|  9.210 ns|     3.51 ns|
    +--------+----------+----------+------------+

+ Latency: 
    * Summary: 
    +---------+---------+----------+----------+-----+-----+-------------------+
    |  Latency (cycles) |  Latency (absolute) |  Interval |      Pipeline     |
    |   min   |   max   |    min   |    max   | min | max |        Type       |
    +---------+---------+----------+----------+-----+-----+-------------------+
    |       47|       47|  0.611 us|  0.611 us|    0|    0|  loop pipeline stp|
    +---------+---------+----------+----------+-----+-----+-------------------+

    + Detail: 
        * Instance: 
        N/A

        * Loop: 
        +-----------+---------+---------+----------+-----------+-----------+------+----------+
        |           |  Latency (cycles) | Iteration|  Initiation Interval  | Trip |          |
        | Loop Name |   min   |   max   |  Latency |  achieved |   target  | Count| Pipelined|
        +-----------+---------+---------+----------+-----------+-----------+------+----------+
        |- SM_NORM  |       45|       45|        37|          1|          1|    10|       yes|
        +-----------+---------+---------+----------+-----------+-----------+------+----------+



================================================================
== Utilization Estimates
================================================================
* Summary: 
+-----------------+---------+-----+--------+-------+-----+
|       Name      | BRAM_18K| DSP |   FF   |  LUT  | URAM|
+-----------------+---------+-----+--------+-------+-----+
|DSP              |        -|    -|       -|      -|    -|
|Expression       |        -|    -|       0|    108|    -|
|FIFO             |        -|    -|       -|      -|    -|
|Instance         |        -|    -|    2283|   1738|    -|
|Memory           |        -|    -|       -|      -|    -|
|Multiplexer      |        -|    -|       0|     54|    -|
|Register         |        -|    -|     787|     64|    -|
+-----------------+---------+-----+--------+-------+-----+
|Total            |        0|    0|    3070|   1964|    0|
+-----------------+---------+-----+--------+-------+-----+
|Available        |      280|  220|  106400|  53200|    0|
+-----------------+---------+-----+--------+-------+-----+
|Utilization (%)  |        0|    0|       2|      3|    0|
+-----------------+---------+-----+--------+-------+-----+

+ Detail: 
    * Instance: 
    +-----------------------------+------------------------+---------+----+------+------+-----+
    |           Instance          |         Module         | BRAM_18K| DSP|  FF  |  LUT | URAM|
    +-----------------------------+------------------------+---------+----+------+------+-----+
    |sdiv_32ns_32ns_16_36_1_U696  |sdiv_32ns_32ns_16_36_1  |        0|   0|  2283|  1738|    0|
    +-----------------------------+------------------------+---------+----+------+------+-----+
    |Total                        |                        |        0|   0|  2283|  1738|    0|
    +-----------------------------+------------------------+---------+----+------+------+-----+

    * DSP: 
    N/A

    * Memory: 
    N/A

    * FIFO: 
    N/A

    * Expression: 
    +----------------------+----------+----+---+----+------------+------------+
    |     Variable Name    | Operation| DSP| FF| LUT| Bitwidth P0| Bitwidth P1|
    +----------------------+----------+----+---+----+------------+------------+
    |add_ln266_fu_106_p2   |         +|   0|  0|  13|           4|           1|
    |grp_fu_134_p0         |         -|   0|  0|  39|          32|          32|
    |ap_condition_376      |       and|   0|  0|   2|           1|           1|
    |icmp_ln266_fu_100_p2  |      icmp|   0|  0|  13|           4|           4|
    |icmp_ln268_fu_86_p2   |      icmp|   0|  0|  39|          32|           1|
    |ap_enable_pp0         |       xor|   0|  0|   2|           1|           2|
    +----------------------+----------+----+---+----+------------+------------+
    |Total                 |          |   0|  0| 108|          74|          41|
    +----------------------+----------+----+---+----+------------+------------+

    * Multiplexer: 
    +------------------------------------+----+-----------+-----+-----------+
    |                Name                | LUT| Input Size| Bits| Total Bits|
    +------------------------------------+----+-----------+-----+-----------+
    |ap_done_int                         |   9|          2|    1|          2|
    |ap_enable_reg_pp0_iter1             |   9|          2|    1|          2|
    |ap_phi_mux_cond33_phi_fu_78_p4      |   9|          2|   16|         32|
    |ap_phi_reg_pp0_iter1_cond33_reg_74  |   9|          2|   16|         32|
    |ap_sig_allocacmp_i_1                |   9|          2|    4|          8|
    |i_fu_38                             |   9|          2|    4|          8|
    +------------------------------------+----+-----------+-----+-----------+
    |Total                               |  54|         12|   42|         84|
    +------------------------------------+----+-----------+-----+-----------+

    * Register: 
    +-------------------------------------+----+----+-----+-----------+
    |                 Name                | FF | LUT| Bits| Const Bits|
    +-------------------------------------+----+----+-----+-----------+
    |ap_CS_fsm                            |   1|   0|    1|          0|
    |ap_done_reg                          |   1|   0|    1|          0|
    |ap_enable_reg_pp0_iter1              |   1|   0|    1|          0|
    |ap_enable_reg_pp0_iter10             |   1|   0|    1|          0|
    |ap_enable_reg_pp0_iter11             |   1|   0|    1|          0|
    |ap_enable_reg_pp0_iter12             |   1|   0|    1|          0|
    |ap_enable_reg_pp0_iter13             |   1|   0|    1|          0|
    |ap_enable_reg_pp0_iter14             |   1|   0|    1|          0|
    |ap_enable_reg_pp0_iter15             |   1|   0|    1|          0|
    |ap_enable_reg_pp0_iter16             |   1|   0|    1|          0|
    |ap_enable_reg_pp0_iter17             |   1|   0|    1|          0|
    |ap_enable_reg_pp0_iter18             |   1|   0|    1|          0|
    |ap_enable_reg_pp0_iter19             |   1|   0|    1|          0|
    |ap_enable_reg_pp0_iter2              |   1|   0|    1|          0|
    |ap_enable_reg_pp0_iter20             |   1|   0|    1|          0|
    |ap_enable_reg_pp0_iter21             |   1|   0|    1|          0|
    |ap_enable_reg_pp0_iter22             |   1|   0|    1|          0|
    |ap_enable_reg_pp0_iter23             |   1|   0|    1|          0|
    |ap_enable_reg_pp0_iter24             |   1|   0|    1|          0|
    |ap_enable_reg_pp0_iter25             |   1|   0|    1|          0|
    |ap_enable_reg_pp0_iter26             |   1|   0|    1|          0|
    |ap_enable_reg_pp0_iter27             |   1|   0|    1|          0|
    |ap_enable_reg_pp0_iter28             |   1|   0|    1|          0|
    |ap_enable_reg_pp0_iter29             |   1|   0|    1|          0|
    |ap_enable_reg_pp0_iter3              |   1|   0|    1|          0|
    |ap_enable_reg_pp0_iter30             |   1|   0|    1|          0|
    |ap_enable_reg_pp0_iter31             |   1|   0|    1|          0|
    |ap_enable_reg_pp0_iter32             |   1|   0|    1|          0|
    |ap_enable_reg_pp0_iter33             |   1|   0|    1|          0|
    |ap_enable_reg_pp0_iter34             |   1|   0|    1|          0|
    |ap_enable_reg_pp0_iter35             |   1|   0|    1|          0|
    |ap_enable_reg_pp0_iter36             |   1|   0|    1|          0|
    |ap_enable_reg_pp0_iter4              |   1|   0|    1|          0|
    |ap_enable_reg_pp0_iter5              |   1|   0|    1|          0|
    |ap_enable_reg_pp0_iter6              |   1|   0|    1|          0|
    |ap_enable_reg_pp0_iter7              |   1|   0|    1|          0|
    |ap_enable_reg_pp0_iter8              |   1|   0|    1|          0|
    |ap_enable_reg_pp0_iter9              |   1|   0|    1|          0|
    |ap_loop_exit_ready_pp0_iter10_reg    |   1|   0|    1|          0|
    |ap_loop_exit_ready_pp0_iter11_reg    |   1|   0|    1|          0|
    |ap_loop_exit_ready_pp0_iter12_reg    |   1|   0|    1|          0|
    |ap_loop_exit_ready_pp0_iter13_reg    |   1|   0|    1|          0|
    |ap_loop_exit_ready_pp0_iter14_reg    |   1|   0|    1|          0|
    |ap_loop_exit_ready_pp0_iter15_reg    |   1|   0|    1|          0|
    |ap_loop_exit_ready_pp0_iter16_reg    |   1|   0|    1|          0|
    |ap_loop_exit_ready_pp0_iter17_reg    |   1|   0|    1|          0|
    |ap_loop_exit_ready_pp0_iter18_reg    |   1|   0|    1|          0|
    |ap_loop_exit_ready_pp0_iter19_reg    |   1|   0|    1|          0|
    |ap_loop_exit_ready_pp0_iter1_reg     |   1|   0|    1|          0|
    |ap_loop_exit_ready_pp0_iter20_reg    |   1|   0|    1|          0|
    |ap_loop_exit_ready_pp0_iter21_reg    |   1|   0|    1|          0|
    |ap_loop_exit_ready_pp0_iter22_reg    |   1|   0|    1|          0|
    |ap_loop_exit_ready_pp0_iter23_reg    |   1|   0|    1|          0|
    |ap_loop_exit_ready_pp0_iter24_reg    |   1|   0|    1|          0|
    |ap_loop_exit_ready_pp0_iter25_reg    |   1|   0|    1|          0|
    |ap_loop_exit_ready_pp0_iter26_reg    |   1|   0|    1|          0|
    |ap_loop_exit_ready_pp0_iter27_reg    |   1|   0|    1|          0|
    |ap_loop_exit_ready_pp0_iter28_reg    |   1|   0|    1|          0|
    |ap_loop_exit_ready_pp0_iter29_reg    |   1|   0|    1|          0|
    |ap_loop_exit_ready_pp0_iter2_reg     |   1|   0|    1|          0|
    |ap_loop_exit_ready_pp0_iter30_reg    |   1|   0|    1|          0|
    |ap_loop_exit_ready_pp0_iter31_reg    |   1|   0|    1|          0|
    |ap_loop_exit_ready_pp0_iter32_reg    |   1|   0|    1|          0|
    |ap_loop_exit_ready_pp0_iter33_reg    |   1|   0|    1|          0|
    |ap_loop_exit_ready_pp0_iter34_reg    |   1|   0|    1|          0|
    |ap_loop_exit_ready_pp0_iter35_reg    |   1|   0|    1|          0|
    |ap_loop_exit_ready_pp0_iter3_reg     |   1|   0|    1|          0|
    |ap_loop_exit_ready_pp0_iter4_reg     |   1|   0|    1|          0|
    |ap_loop_exit_ready_pp0_iter5_reg     |   1|   0|    1|          0|
    |ap_loop_exit_ready_pp0_iter6_reg     |   1|   0|    1|          0|
    |ap_loop_exit_ready_pp0_iter7_reg     |   1|   0|    1|          0|
    |ap_loop_exit_ready_pp0_iter8_reg     |   1|   0|    1|          0|
    |ap_loop_exit_ready_pp0_iter9_reg     |   1|   0|    1|          0|
    |ap_phi_reg_pp0_iter10_cond33_reg_74  |  16|   0|   16|          0|
    |ap_phi_reg_pp0_iter11_cond33_reg_74  |  16|   0|   16|          0|
    |ap_phi_reg_pp0_iter12_cond33_reg_74  |  16|   0|   16|          0|
    |ap_phi_reg_pp0_iter13_cond33_reg_74  |  16|   0|   16|          0|
    |ap_phi_reg_pp0_iter14_cond33_reg_74  |  16|   0|   16|          0|
    |ap_phi_reg_pp0_iter15_cond33_reg_74  |  16|   0|   16|          0|
    |ap_phi_reg_pp0_iter16_cond33_reg_74  |  16|   0|   16|          0|
    |ap_phi_reg_pp0_iter17_cond33_reg_74  |  16|   0|   16|          0|
    |ap_phi_reg_pp0_iter18_cond33_reg_74  |  16|   0|   16|          0|
    |ap_phi_reg_pp0_iter19_cond33_reg_74  |  16|   0|   16|          0|
    |ap_phi_reg_pp0_iter1_cond33_reg_74   |  16|   0|   16|          0|
    |ap_phi_reg_pp0_iter20_cond33_reg_74  |  16|   0|   16|          0|
    |ap_phi_reg_pp0_iter21_cond33_reg_74  |  16|   0|   16|          0|
    |ap_phi_reg_pp0_iter22_cond33_reg_74  |  16|   0|   16|          0|
    |ap_phi_reg_pp0_iter23_cond33_reg_74  |  16|   0|   16|          0|
    |ap_phi_reg_pp0_iter24_cond33_reg_74  |  16|   0|   16|          0|
    |ap_phi_reg_pp0_iter25_cond33_reg_74  |  16|   0|   16|          0|
    |ap_phi_reg_pp0_iter26_cond33_reg_74  |  16|   0|   16|          0|
    |ap_phi_reg_pp0_iter27_cond33_reg_74  |  16|   0|   16|          0|
    |ap_phi_reg_pp0_iter28_cond33_reg_74  |  16|   0|   16|          0|
    |ap_phi_reg_pp0_iter29_cond33_reg_74  |  16|   0|   16|          0|
    |ap_phi_reg_pp0_iter2_cond33_reg_74   |  16|   0|   16|          0|
    |ap_phi_reg_pp0_iter30_cond33_reg_74  |  16|   0|   16|          0|
    |ap_phi_reg_pp0_iter31_cond33_reg_74  |  16|   0|   16|          0|
    |ap_phi_reg_pp0_iter32_cond33_reg_74  |  16|   0|   16|          0|
    |ap_phi_reg_pp0_iter33_cond33_reg_74  |  16|   0|   16|          0|
    |ap_phi_reg_pp0_iter34_cond33_reg_74  |  16|   0|   16|          0|
    |ap_phi_reg_pp0_iter35_cond33_reg_74  |  16|   0|   16|          0|
    |ap_phi_reg_pp0_iter36_cond33_reg_74  |  16|   0|   16|          0|
    |ap_phi_reg_pp0_iter3_cond33_reg_74   |  16|   0|   16|          0|
    |ap_phi_reg_pp0_iter4_cond33_reg_74   |  16|   0|   16|          0|
    |ap_phi_reg_pp0_iter5_cond33_reg_74   |  16|   0|   16|          0|
    |ap_phi_reg_pp0_iter6_cond33_reg_74   |  16|   0|   16|          0|
    |ap_phi_reg_pp0_iter7_cond33_reg_74   |  16|   0|   16|          0|
    |ap_phi_reg_pp0_iter8_cond33_reg_74   |  16|   0|   16|          0|
    |ap_phi_reg_pp0_iter9_cond33_reg_74   |  16|   0|   16|          0|
    |i_fu_38                              |   4|   0|    4|          0|
    |icmp_ln266_reg_160                   |   1|   0|    1|          0|
    |icmp_ln268_reg_156                   |   1|   0|    1|          0|
    |zext_ln266_reg_164                   |   4|   0|   64|         60|
    |icmp_ln266_reg_160                   |  64|  32|    1|          0|
    |zext_ln266_reg_164                   |  64|  32|   64|         60|
    +-------------------------------------+----+----+-----+-----------+
    |Total                                | 787|  64|  784|        120|
    +-------------------------------------+----+----+-----+-----------+



================================================================
== Interface
================================================================
* Summary: 
+----------------+-----+-----+------------+--------------------------+--------------+
|    RTL Ports   | Dir | Bits|  Protocol  |       Source Object      |    C Type    |
+----------------+-----+-----+------------+--------------------------+--------------+
|ap_clk          |   in|    1|  ap_ctrl_hs|  softmax_Pipeline_SM_NORM|  return value|
|ap_rst          |   in|    1|  ap_ctrl_hs|  softmax_Pipeline_SM_NORM|  return value|
|ap_start        |   in|    1|  ap_ctrl_hs|  softmax_Pipeline_SM_NORM|  return value|
|ap_done         |  out|    1|  ap_ctrl_hs|  softmax_Pipeline_SM_NORM|  return value|
|ap_idle         |  out|    1|  ap_ctrl_hs|  softmax_Pipeline_SM_NORM|  return value|
|ap_ready        |  out|    1|  ap_ctrl_hs|  softmax_Pipeline_SM_NORM|  return value|
|es_1            |   in|   32|     ap_none|                      es_1|        scalar|
|probs_address0  |  out|    4|   ap_memory|                     probs|         array|
|probs_ce0       |  out|    1|   ap_memory|                     probs|         array|
|probs_we0       |  out|    1|   ap_memory|                     probs|         array|
|probs_d0        |  out|   16|   ap_memory|                     probs|         array|
|ev_address0     |  out|    4|   ap_memory|                        ev|         array|
|ev_ce0          |  out|    1|   ap_memory|                        ev|         array|
|ev_q0           |   in|   32|   ap_memory|                        ev|         array|
+----------------+-----+-----+------------+--------------------------+--------------+

============================================================
+ Verbose Summary: Synthesis Manager
============================================================
InlineROM: 1
ExposeGlobal: 0
============================================================
+ Verbose Summary: CDFG Model
============================================================
IsTopModel: 0
ResetActiveHigh: 1
IsCombinational: 2
IsDatapathOnly: 2
HasWiredReturn: 1
HasMFsm: 2
HasVarLatency: 1
IsPipeline: 0
IsRtlPipelined: 0
IsInstanceOverlapped: 0
IsDontTouch: 0
HasImplIP: 0
IsGatedGlobalClock: 0

+ Individual pipeline summary: 
  * Pipeline-0: initiation interval (II) = 1, depth = 37


============================================================
+ Verbose Summary: Schedule
============================================================
* Number of FSM states : 37
* Pipeline : 1
  Pipeline-0 : II = 1, D = 37, States = { 1 2 3 4 5 6 7 8 9 10 11 12 13 14 15 16 17 18 19 20 21 22 23 24 25 26 27 28 29 30 31 32 33 34 35 36 37 }
* Dataflow Pipeline: 0

* FSM state transitions: 
1 --> 2 
2 --> 3 
3 --> 4 
4 --> 5 
5 --> 6 
6 --> 7 
7 --> 8 
8 --> 9 
9 --> 10 
10 --> 11 
11 --> 12 
12 --> 13 
13 --> 14 
14 --> 15 
15 --> 16 
16 --> 17 
17 --> 18 
18 --> 19 
19 --> 20 
20 --> 21 
21 --> 22 
22 --> 23 
23 --> 24 
24 --> 25 
25 --> 26 
26 --> 27 
27 --> 28 
28 --> 29 
29 --> 30 
30 --> 31 
31 --> 32 
32 --> 33 
33 --> 34 
34 --> 35 
35 --> 36 
36 --> 37 
37 --> 

* FSM state operations: 

State 1 <SV = 0> <Delay = 4.91>
ST_1 : Operation 40 [1/1] (0.00ns)   --->   "%i = alloca i32 1" [kern.cpp:266]   --->   Operation 40 'alloca' 'i' <Predicate = true> <Delay = 0.00>
ST_1 : Operation 41 [1/1] (0.00ns)   --->   "%es_1_read = read i32 @_ssdm_op_Read.ap_auto.i32, i32 %es_1" [kern.cpp:268]   --->   Operation 41 'read' 'es_1_read' <Predicate = true> <Delay = 0.00>
ST_1 : Operation 42 [1/1] (2.55ns)   --->   "%icmp_ln268 = icmp_sgt  i32 %es_1_read, i32 0" [kern.cpp:268]   --->   Operation 42 'icmp' 'icmp_ln268' <Predicate = true> <Delay = 2.55> <CoreInst = "Cmp">   --->   Core 9 'Cmp' <Latency = 0> <II = 1> <Delay = 2.55> <FuncUnit> <Opcode : 'seteq' 'setne' 'setle' 'setge' 'setlt' 'setgt'> <InPorts = 2> <OutPorts = 1>
ST_1 : Operation 43 [1/1] (1.58ns)   --->   "%store_ln266 = store i4 0, i4 %i" [kern.cpp:266]   --->   Operation 43 'store' 'store_ln266' <Predicate = true> <Delay = 1.58>
ST_1 : Operation 44 [1/1] (0.00ns)   --->   "%br_ln0 = br void %for.body25"   --->   Operation 44 'br' 'br_ln0' <Predicate = true> <Delay = 0.00>
ST_1 : Operation 45 [1/1] (0.00ns)   --->   "%i_1 = load i4 %i" [kern.cpp:266]   --->   Operation 45 'load' 'i_1' <Predicate = true> <Delay = 0.00>
ST_1 : Operation 46 [1/1] (1.73ns)   --->   "%icmp_ln266 = icmp_eq  i4 %i_1, i4 10" [kern.cpp:266]   --->   Operation 46 'icmp' 'icmp_ln266' <Predicate = true> <Delay = 1.73> <CoreInst = "Cmp">   --->   Core 9 'Cmp' <Latency = 0> <II = 1> <Delay = 1.73> <FuncUnit> <Opcode : 'seteq' 'setne' 'setle' 'setge' 'setlt' 'setgt'> <InPorts = 2> <OutPorts = 1>
ST_1 : Operation 47 [1/1] (1.73ns)   --->   "%add_ln266 = add i4 %i_1, i4 1" [kern.cpp:266]   --->   Operation 47 'add' 'add_ln266' <Predicate = true> <Delay = 1.73> <CoreInst = "Adder">   --->   Core 1 'Adder' <Latency = 0> <II = 1> <Delay = 1.73> <FuncUnit> <Opcode : 'add' 'sub'> <InPorts = 2> <OutPorts = 1>
ST_1 : Operation 48 [1/1] (0.00ns)   --->   "%br_ln266 = br i1 %icmp_ln266, void %for.body25.split, void %for.end39.exitStub" [kern.cpp:266]   --->   Operation 48 'br' 'br_ln266' <Predicate = true> <Delay = 0.00>
ST_1 : Operation 49 [1/1] (0.00ns)   --->   "%zext_ln266 = zext i4 %i_1" [kern.cpp:266]   --->   Operation 49 'zext' 'zext_ln266' <Predicate = (!icmp_ln266)> <Delay = 0.00>
ST_1 : Operation 50 [1/1] (0.00ns)   --->   "%specpipeline_ln267 = specpipeline void @_ssdm_op_SpecPipeline, i32 1, i32 0, i32 0, i32 0, i32 4294967295, void @empty_5" [kern.cpp:267]   --->   Operation 50 'specpipeline' 'specpipeline_ln267' <Predicate = (!icmp_ln266)> <Delay = 0.00>
ST_1 : Operation 51 [1/1] (0.00ns)   --->   "%speclooptripcount_ln266 = speclooptripcount void @_ssdm_op_SpecLoopTripCount, i64 10, i64 10, i64 10" [kern.cpp:266]   --->   Operation 51 'speclooptripcount' 'speclooptripcount_ln266' <Predicate = (!icmp_ln266)> <Delay = 0.00>
ST_1 : Operation 52 [1/1] (0.00ns)   --->   "%specloopname_ln266 = specloopname void @_ssdm_op_SpecLoopName, void @empty_22" [kern.cpp:266]   --->   Operation 52 'specloopname' 'specloopname_ln266' <Predicate = (!icmp_ln266)> <Delay = 0.00>
ST_1 : Operation 53 [1/1] (1.58ns)   --->   "%br_ln268 = br i1 %icmp_ln268, void %for.inc37, void %cond.true27" [kern.cpp:268]   --->   Operation 53 'br' 'br_ln268' <Predicate = (!icmp_ln266)> <Delay = 1.58>
ST_1 : Operation 54 [1/1] (0.00ns)   --->   "%ev_addr = getelementptr i32 %ev, i64 0, i64 %zext_ln266" [kern.cpp:268]   --->   Operation 54 'getelementptr' 'ev_addr' <Predicate = (!icmp_ln266 & icmp_ln268)> <Delay = 0.00>
ST_1 : Operation 55 [2/2] (2.32ns)   --->   "%ev_load = load i4 %ev_addr" [kern.cpp:268]   --->   Operation 55 'load' 'ev_load' <Predicate = (!icmp_ln266 & icmp_ln268)> <Delay = 2.32> <CoreInst = "RAM">   --->   Core 81 'RAM' <Latency = 1> <II = 1> <Delay = 2.32> <Storage> <Opcode : 'load' 'store'> <Ports = 2> <Width = 32> <Depth = 10> <RAM>
ST_1 : Operation 56 [1/1] (1.58ns)   --->   "%br_ln268 = br void %for.inc37" [kern.cpp:268]   --->   Operation 56 'br' 'br_ln268' <Predicate = (!icmp_ln266 & icmp_ln268)> <Delay = 1.58>
ST_1 : Operation 57 [1/1] (1.58ns)   --->   "%store_ln266 = store i4 %add_ln266, i4 %i" [kern.cpp:266]   --->   Operation 57 'store' 'store_ln266' <Predicate = (!icmp_ln266)> <Delay = 1.58>

State 2 <SV = 1> <Delay = 9.21>
ST_2 : Operation 58 [1/2] ( I:2.32ns O:2.32ns )   --->   "%ev_load = load i4 %ev_addr" [kern.cpp:268]   --->   Operation 58 'load' 'ev_load' <Predicate = (!icmp_ln266 & icmp_ln268)> <Delay = 2.32> <CoreInst = "RAM">   --->   Core 81 'RAM' <Latency = 1> <II = 1> <Delay = 2.32> <Storage> <Opcode : 'load' 'store'> <Ports = 2> <Width = 32> <Depth = 10> <RAM>
ST_2 : Operation 59 [1/1] (0.00ns) (grouped into LUT with out node sub_ln268)   --->   "%shl_ln268 = shl i32 %ev_load, i32 16" [kern.cpp:268]   --->   Operation 59 'shl' 'shl_ln268' <Predicate = (!icmp_ln266 & icmp_ln268)> <Delay = 0.00>
ST_2 : Operation 60 [1/1] (2.55ns) (out node of the LUT)   --->   "%sub_ln268 = sub i32 %shl_ln268, i32 %ev_load" [kern.cpp:268]   --->   Operation 60 'sub' 'sub_ln268' <Predicate = (!icmp_ln266 & icmp_ln268)> <Delay = 2.55> <CoreInst = "Adder">   --->   Core 1 'Adder' <Latency = 0> <II = 1> <Delay = 2.55> <FuncUnit> <Opcode : 'add' 'sub'> <InPorts = 2> <OutPorts = 1>
ST_2 : Operation 61 [36/36] (4.33ns)   --->   "%sdiv_ln268 = sdiv i32 %sub_ln268, i32 %es_1_read" [kern.cpp:268]   --->   Operation 61 'sdiv' 'sdiv_ln268' <Predicate = (!icmp_ln266 & icmp_ln268)> <Delay = 4.33> <CoreInst = "Divider">   --->   Core 6 'Divider' <Latency = 35> <II = 1> <Delay = 4.33> <FuncUnit> <Opcode : 'udiv' 'sdiv' 'urem' 'srem'> <InPorts = 2> <OutPorts = 1>

State 3 <SV = 2> <Delay = 4.33>
ST_3 : Operation 62 [35/36] (4.33ns)   --->   "%sdiv_ln268 = sdiv i32 %sub_ln268, i32 %es_1_read" [kern.cpp:268]   --->   Operation 62 'sdiv' 'sdiv_ln268' <Predicate = (!icmp_ln266 & icmp_ln268)> <Delay = 4.33> <CoreInst = "Divider">   --->   Core 6 'Divider' <Latency = 35> <II = 1> <Delay = 4.33> <FuncUnit> <Opcode : 'udiv' 'sdiv' 'urem' 'srem'> <InPorts = 2> <OutPorts = 1>

State 4 <SV = 3> <Delay = 4.33>
ST_4 : Operation 63 [34/36] (4.33ns)   --->   "%sdiv_ln268 = sdiv i32 %sub_ln268, i32 %es_1_read" [kern.cpp:268]   --->   Operation 63 'sdiv' 'sdiv_ln268' <Predicate = (!icmp_ln266 & icmp_ln268)> <Delay = 4.33> <CoreInst = "Divider">   --->   Core 6 'Divider' <Latency = 35> <II = 1> <Delay = 4.33> <FuncUnit> <Opcode : 'udiv' 'sdiv' 'urem' 'srem'> <InPorts = 2> <OutPorts = 1>

State 5 <SV = 4> <Delay = 4.33>
ST_5 : Operation 64 [33/36] (4.33ns)   --->   "%sdiv_ln268 = sdiv i32 %sub_ln268, i32 %es_1_read" [kern.cpp:268]   --->   Operation 64 'sdiv' 'sdiv_ln268' <Predicate = (!icmp_ln266 & icmp_ln268)> <Delay = 4.33> <CoreInst = "Divider">   --->   Core 6 'Divider' <Latency = 35> <II = 1> <Delay = 4.33> <FuncUnit> <Opcode : 'udiv' 'sdiv' 'urem' 'srem'> <InPorts = 2> <OutPorts = 1>

State 6 <SV = 5> <Delay = 4.33>
ST_6 : Operation 65 [32/36] (4.33ns)   --->   "%sdiv_ln268 = sdiv i32 %sub_ln268, i32 %es_1_read" [kern.cpp:268]   --->   Operation 65 'sdiv' 'sdiv_ln268' <Predicate = (!icmp_ln266 & icmp_ln268)> <Delay = 4.33> <CoreInst = "Divider">   --->   Core 6 'Divider' <Latency = 35> <II = 1> <Delay = 4.33> <FuncUnit> <Opcode : 'udiv' 'sdiv' 'urem' 'srem'> <InPorts = 2> <OutPorts = 1>

State 7 <SV = 6> <Delay = 4.33>
ST_7 : Operation 66 [31/36] (4.33ns)   --->   "%sdiv_ln268 = sdiv i32 %sub_ln268, i32 %es_1_read" [kern.cpp:268]   --->   Operation 66 'sdiv' 'sdiv_ln268' <Predicate = (!icmp_ln266 & icmp_ln268)> <Delay = 4.33> <CoreInst = "Divider">   --->   Core 6 'Divider' <Latency = 35> <II = 1> <Delay = 4.33> <FuncUnit> <Opcode : 'udiv' 'sdiv' 'urem' 'srem'> <InPorts = 2> <OutPorts = 1>

State 8 <SV = 7> <Delay = 4.33>
ST_8 : Operation 67 [30/36] (4.33ns)   --->   "%sdiv_ln268 = sdiv i32 %sub_ln268, i32 %es_1_read" [kern.cpp:268]   --->   Operation 67 'sdiv' 'sdiv_ln268' <Predicate = (!icmp_ln266 & icmp_ln268)> <Delay = 4.33> <CoreInst = "Divider">   --->   Core 6 'Divider' <Latency = 35> <II = 1> <Delay = 4.33> <FuncUnit> <Opcode : 'udiv' 'sdiv' 'urem' 'srem'> <InPorts = 2> <OutPorts = 1>

State 9 <SV = 8> <Delay = 4.33>
ST_9 : Operation 68 [29/36] (4.33ns)   --->   "%sdiv_ln268 = sdiv i32 %sub_ln268, i32 %es_1_read" [kern.cpp:268]   --->   Operation 68 'sdiv' 'sdiv_ln268' <Predicate = (!icmp_ln266 & icmp_ln268)> <Delay = 4.33> <CoreInst = "Divider">   --->   Core 6 'Divider' <Latency = 35> <II = 1> <Delay = 4.33> <FuncUnit> <Opcode : 'udiv' 'sdiv' 'urem' 'srem'> <InPorts = 2> <OutPorts = 1>

State 10 <SV = 9> <Delay = 4.33>
ST_10 : Operation 69 [28/36] (4.33ns)   --->   "%sdiv_ln268 = sdiv i32 %sub_ln268, i32 %es_1_read" [kern.cpp:268]   --->   Operation 69 'sdiv' 'sdiv_ln268' <Predicate = (!icmp_ln266 & icmp_ln268)> <Delay = 4.33> <CoreInst = "Divider">   --->   Core 6 'Divider' <Latency = 35> <II = 1> <Delay = 4.33> <FuncUnit> <Opcode : 'udiv' 'sdiv' 'urem' 'srem'> <InPorts = 2> <OutPorts = 1>

State 11 <SV = 10> <Delay = 4.33>
ST_11 : Operation 70 [27/36] (4.33ns)   --->   "%sdiv_ln268 = sdiv i32 %sub_ln268, i32 %es_1_read" [kern.cpp:268]   --->   Operation 70 'sdiv' 'sdiv_ln268' <Predicate = (!icmp_ln266 & icmp_ln268)> <Delay = 4.33> <CoreInst = "Divider">   --->   Core 6 'Divider' <Latency = 35> <II = 1> <Delay = 4.33> <FuncUnit> <Opcode : 'udiv' 'sdiv' 'urem' 'srem'> <InPorts = 2> <OutPorts = 1>

State 12 <SV = 11> <Delay = 4.33>
ST_12 : Operation 71 [26/36] (4.33ns)   --->   "%sdiv_ln268 = sdiv i32 %sub_ln268, i32 %es_1_read" [kern.cpp:268]   --->   Operation 71 'sdiv' 'sdiv_ln268' <Predicate = (!icmp_ln266 & icmp_ln268)> <Delay = 4.33> <CoreInst = "Divider">   --->   Core 6 'Divider' <Latency = 35> <II = 1> <Delay = 4.33> <FuncUnit> <Opcode : 'udiv' 'sdiv' 'urem' 'srem'> <InPorts = 2> <OutPorts = 1>

State 13 <SV = 12> <Delay = 4.33>
ST_13 : Operation 72 [25/36] (4.33ns)   --->   "%sdiv_ln268 = sdiv i32 %sub_ln268, i32 %es_1_read" [kern.cpp:268]   --->   Operation 72 'sdiv' 'sdiv_ln268' <Predicate = (!icmp_ln266 & icmp_ln268)> <Delay = 4.33> <CoreInst = "Divider">   --->   Core 6 'Divider' <Latency = 35> <II = 1> <Delay = 4.33> <FuncUnit> <Opcode : 'udiv' 'sdiv' 'urem' 'srem'> <InPorts = 2> <OutPorts = 1>

State 14 <SV = 13> <Delay = 4.33>
ST_14 : Operation 73 [24/36] (4.33ns)   --->   "%sdiv_ln268 = sdiv i32 %sub_ln268, i32 %es_1_read" [kern.cpp:268]   --->   Operation 73 'sdiv' 'sdiv_ln268' <Predicate = (!icmp_ln266 & icmp_ln268)> <Delay = 4.33> <CoreInst = "Divider">   --->   Core 6 'Divider' <Latency = 35> <II = 1> <Delay = 4.33> <FuncUnit> <Opcode : 'udiv' 'sdiv' 'urem' 'srem'> <InPorts = 2> <OutPorts = 1>

State 15 <SV = 14> <Delay = 4.33>
ST_15 : Operation 74 [23/36] (4.33ns)   --->   "%sdiv_ln268 = sdiv i32 %sub_ln268, i32 %es_1_read" [kern.cpp:268]   --->   Operation 74 'sdiv' 'sdiv_ln268' <Predicate = (!icmp_ln266 & icmp_ln268)> <Delay = 4.33> <CoreInst = "Divider">   --->   Core 6 'Divider' <Latency = 35> <II = 1> <Delay = 4.33> <FuncUnit> <Opcode : 'udiv' 'sdiv' 'urem' 'srem'> <InPorts = 2> <OutPorts = 1>

State 16 <SV = 15> <Delay = 4.33>
ST_16 : Operation 75 [22/36] (4.33ns)   --->   "%sdiv_ln268 = sdiv i32 %sub_ln268, i32 %es_1_read" [kern.cpp:268]   --->   Operation 75 'sdiv' 'sdiv_ln268' <Predicate = (!icmp_ln266 & icmp_ln268)> <Delay = 4.33> <CoreInst = "Divider">   --->   Core 6 'Divider' <Latency = 35> <II = 1> <Delay = 4.33> <FuncUnit> <Opcode : 'udiv' 'sdiv' 'urem' 'srem'> <InPorts = 2> <OutPorts = 1>

State 17 <SV = 16> <Delay = 4.33>
ST_17 : Operation 76 [21/36] (4.33ns)   --->   "%sdiv_ln268 = sdiv i32 %sub_ln268, i32 %es_1_read" [kern.cpp:268]   --->   Operation 76 'sdiv' 'sdiv_ln268' <Predicate = (!icmp_ln266 & icmp_ln268)> <Delay = 4.33> <CoreInst = "Divider">   --->   Core 6 'Divider' <Latency = 35> <II = 1> <Delay = 4.33> <FuncUnit> <Opcode : 'udiv' 'sdiv' 'urem' 'srem'> <InPorts = 2> <OutPorts = 1>

State 18 <SV = 17> <Delay = 4.33>
ST_18 : Operation 77 [20/36] (4.33ns)   --->   "%sdiv_ln268 = sdiv i32 %sub_ln268, i32 %es_1_read" [kern.cpp:268]   --->   Operation 77 'sdiv' 'sdiv_ln268' <Predicate = (!icmp_ln266 & icmp_ln268)> <Delay = 4.33> <CoreInst = "Divider">   --->   Core 6 'Divider' <Latency = 35> <II = 1> <Delay = 4.33> <FuncUnit> <Opcode : 'udiv' 'sdiv' 'urem' 'srem'> <InPorts = 2> <OutPorts = 1>

State 19 <SV = 18> <Delay = 4.33>
ST_19 : Operation 78 [19/36] (4.33ns)   --->   "%sdiv_ln268 = sdiv i32 %sub_ln268, i32 %es_1_read" [kern.cpp:268]   --->   Operation 78 'sdiv' 'sdiv_ln268' <Predicate = (!icmp_ln266 & icmp_ln268)> <Delay = 4.33> <CoreInst = "Divider">   --->   Core 6 'Divider' <Latency = 35> <II = 1> <Delay = 4.33> <FuncUnit> <Opcode : 'udiv' 'sdiv' 'urem' 'srem'> <InPorts = 2> <OutPorts = 1>

State 20 <SV = 19> <Delay = 4.33>
ST_20 : Operation 79 [18/36] (4.33ns)   --->   "%sdiv_ln268 = sdiv i32 %sub_ln268, i32 %es_1_read" [kern.cpp:268]   --->   Operation 79 'sdiv' 'sdiv_ln268' <Predicate = (!icmp_ln266 & icmp_ln268)> <Delay = 4.33> <CoreInst = "Divider">   --->   Core 6 'Divider' <Latency = 35> <II = 1> <Delay = 4.33> <FuncUnit> <Opcode : 'udiv' 'sdiv' 'urem' 'srem'> <InPorts = 2> <OutPorts = 1>

State 21 <SV = 20> <Delay = 4.33>
ST_21 : Operation 80 [17/36] (4.33ns)   --->   "%sdiv_ln268 = sdiv i32 %sub_ln268, i32 %es_1_read" [kern.cpp:268]   --->   Operation 80 'sdiv' 'sdiv_ln268' <Predicate = (!icmp_ln266 & icmp_ln268)> <Delay = 4.33> <CoreInst = "Divider">   --->   Core 6 'Divider' <Latency = 35> <II = 1> <Delay = 4.33> <FuncUnit> <Opcode : 'udiv' 'sdiv' 'urem' 'srem'> <InPorts = 2> <OutPorts = 1>

State 22 <SV = 21> <Delay = 4.33>
ST_22 : Operation 81 [16/36] (4.33ns)   --->   "%sdiv_ln268 = sdiv i32 %sub_ln268, i32 %es_1_read" [kern.cpp:268]   --->   Operation 81 'sdiv' 'sdiv_ln268' <Predicate = (!icmp_ln266 & icmp_ln268)> <Delay = 4.33> <CoreInst = "Divider">   --->   Core 6 'Divider' <Latency = 35> <II = 1> <Delay = 4.33> <FuncUnit> <Opcode : 'udiv' 'sdiv' 'urem' 'srem'> <InPorts = 2> <OutPorts = 1>

State 23 <SV = 22> <Delay = 4.33>
ST_23 : Operation 82 [15/36] (4.33ns)   --->   "%sdiv_ln268 = sdiv i32 %sub_ln268, i32 %es_1_read" [kern.cpp:268]   --->   Operation 82 'sdiv' 'sdiv_ln268' <Predicate = (!icmp_ln266 & icmp_ln268)> <Delay = 4.33> <CoreInst = "Divider">   --->   Core 6 'Divider' <Latency = 35> <II = 1> <Delay = 4.33> <FuncUnit> <Opcode : 'udiv' 'sdiv' 'urem' 'srem'> <InPorts = 2> <OutPorts = 1>

State 24 <SV = 23> <Delay = 4.33>
ST_24 : Operation 83 [14/36] (4.33ns)   --->   "%sdiv_ln268 = sdiv i32 %sub_ln268, i32 %es_1_read" [kern.cpp:268]   --->   Operation 83 'sdiv' 'sdiv_ln268' <Predicate = (!icmp_ln266 & icmp_ln268)> <Delay = 4.33> <CoreInst = "Divider">   --->   Core 6 'Divider' <Latency = 35> <II = 1> <Delay = 4.33> <FuncUnit> <Opcode : 'udiv' 'sdiv' 'urem' 'srem'> <InPorts = 2> <OutPorts = 1>

State 25 <SV = 24> <Delay = 4.33>
ST_25 : Operation 84 [13/36] (4.33ns)   --->   "%sdiv_ln268 = sdiv i32 %sub_ln268, i32 %es_1_read" [kern.cpp:268]   --->   Operation 84 'sdiv' 'sdiv_ln268' <Predicate = (!icmp_ln266 & icmp_ln268)> <Delay = 4.33> <CoreInst = "Divider">   --->   Core 6 'Divider' <Latency = 35> <II = 1> <Delay = 4.33> <FuncUnit> <Opcode : 'udiv' 'sdiv' 'urem' 'srem'> <InPorts = 2> <OutPorts = 1>

State 26 <SV = 25> <Delay = 4.33>
ST_26 : Operation 85 [12/36] (4.33ns)   --->   "%sdiv_ln268 = sdiv i32 %sub_ln268, i32 %es_1_read" [kern.cpp:268]   --->   Operation 85 'sdiv' 'sdiv_ln268' <Predicate = (!icmp_ln266 & icmp_ln268)> <Delay = 4.33> <CoreInst = "Divider">   --->   Core 6 'Divider' <Latency = 35> <II = 1> <Delay = 4.33> <FuncUnit> <Opcode : 'udiv' 'sdiv' 'urem' 'srem'> <InPorts = 2> <OutPorts = 1>

State 27 <SV = 26> <Delay = 4.33>
ST_27 : Operation 86 [11/36] (4.33ns)   --->   "%sdiv_ln268 = sdiv i32 %sub_ln268, i32 %es_1_read" [kern.cpp:268]   --->   Operation 86 'sdiv' 'sdiv_ln268' <Predicate = (!icmp_ln266 & icmp_ln268)> <Delay = 4.33> <CoreInst = "Divider">   --->   Core 6 'Divider' <Latency = 35> <II = 1> <Delay = 4.33> <FuncUnit> <Opcode : 'udiv' 'sdiv' 'urem' 'srem'> <InPorts = 2> <OutPorts = 1>

State 28 <SV = 27> <Delay = 4.33>
ST_28 : Operation 87 [10/36] (4.33ns)   --->   "%sdiv_ln268 = sdiv i32 %sub_ln268, i32 %es_1_read" [kern.cpp:268]   --->   Operation 87 'sdiv' 'sdiv_ln268' <Predicate = (!icmp_ln266 & icmp_ln268)> <Delay = 4.33> <CoreInst = "Divider">   --->   Core 6 'Divider' <Latency = 35> <II = 1> <Delay = 4.33> <FuncUnit> <Opcode : 'udiv' 'sdiv' 'urem' 'srem'> <InPorts = 2> <OutPorts = 1>

State 29 <SV = 28> <Delay = 4.33>
ST_29 : Operation 88 [9/36] (4.33ns)   --->   "%sdiv_ln268 = sdiv i32 %sub_ln268, i32 %es_1_read" [kern.cpp:268]   --->   Operation 88 'sdiv' 'sdiv_ln268' <Predicate = (!icmp_ln266 & icmp_ln268)> <Delay = 4.33> <CoreInst = "Divider">   --->   Core 6 'Divider' <Latency = 35> <II = 1> <Delay = 4.33> <FuncUnit> <Opcode : 'udiv' 'sdiv' 'urem' 'srem'> <InPorts = 2> <OutPorts = 1>

State 30 <SV = 29> <Delay = 4.33>
ST_30 : Operation 89 [8/36] (4.33ns)   --->   "%sdiv_ln268 = sdiv i32 %sub_ln268, i32 %es_1_read" [kern.cpp:268]   --->   Operation 89 'sdiv' 'sdiv_ln268' <Predicate = (!icmp_ln266 & icmp_ln268)> <Delay = 4.33> <CoreInst = "Divider">   --->   Core 6 'Divider' <Latency = 35> <II = 1> <Delay = 4.33> <FuncUnit> <Opcode : 'udiv' 'sdiv' 'urem' 'srem'> <InPorts = 2> <OutPorts = 1>

State 31 <SV = 30> <Delay = 4.33>
ST_31 : Operation 90 [7/36] (4.33ns)   --->   "%sdiv_ln268 = sdiv i32 %sub_ln268, i32 %es_1_read" [kern.cpp:268]   --->   Operation 90 'sdiv' 'sdiv_ln268' <Predicate = (!icmp_ln266 & icmp_ln268)> <Delay = 4.33> <CoreInst = "Divider">   --->   Core 6 'Divider' <Latency = 35> <II = 1> <Delay = 4.33> <FuncUnit> <Opcode : 'udiv' 'sdiv' 'urem' 'srem'> <InPorts = 2> <OutPorts = 1>

State 32 <SV = 31> <Delay = 4.33>
ST_32 : Operation 91 [6/36] (4.33ns)   --->   "%sdiv_ln268 = sdiv i32 %sub_ln268, i32 %es_1_read" [kern.cpp:268]   --->   Operation 91 'sdiv' 'sdiv_ln268' <Predicate = (!icmp_ln266 & icmp_ln268)> <Delay = 4.33> <CoreInst = "Divider">   --->   Core 6 'Divider' <Latency = 35> <II = 1> <Delay = 4.33> <FuncUnit> <Opcode : 'udiv' 'sdiv' 'urem' 'srem'> <InPorts = 2> <OutPorts = 1>

State 33 <SV = 32> <Delay = 4.33>
ST_33 : Operation 92 [5/36] (4.33ns)   --->   "%sdiv_ln268 = sdiv i32 %sub_ln268, i32 %es_1_read" [kern.cpp:268]   --->   Operation 92 'sdiv' 'sdiv_ln268' <Predicate = (!icmp_ln266 & icmp_ln268)> <Delay = 4.33> <CoreInst = "Divider">   --->   Core 6 'Divider' <Latency = 35> <II = 1> <Delay = 4.33> <FuncUnit> <Opcode : 'udiv' 'sdiv' 'urem' 'srem'> <InPorts = 2> <OutPorts = 1>

State 34 <SV = 33> <Delay = 4.33>
ST_34 : Operation 93 [4/36] (4.33ns)   --->   "%sdiv_ln268 = sdiv i32 %sub_ln268, i32 %es_1_read" [kern.cpp:268]   --->   Operation 93 'sdiv' 'sdiv_ln268' <Predicate = (!icmp_ln266 & icmp_ln268)> <Delay = 4.33> <CoreInst = "Divider">   --->   Core 6 'Divider' <Latency = 35> <II = 1> <Delay = 4.33> <FuncUnit> <Opcode : 'udiv' 'sdiv' 'urem' 'srem'> <InPorts = 2> <OutPorts = 1>

State 35 <SV = 34> <Delay = 4.33>
ST_35 : Operation 94 [3/36] (4.33ns)   --->   "%sdiv_ln268 = sdiv i32 %sub_ln268, i32 %es_1_read" [kern.cpp:268]   --->   Operation 94 'sdiv' 'sdiv_ln268' <Predicate = (!icmp_ln266 & icmp_ln268)> <Delay = 4.33> <CoreInst = "Divider">   --->   Core 6 'Divider' <Latency = 35> <II = 1> <Delay = 4.33> <FuncUnit> <Opcode : 'udiv' 'sdiv' 'urem' 'srem'> <InPorts = 2> <OutPorts = 1>

State 36 <SV = 35> <Delay = 4.33>
ST_36 : Operation 95 [2/36] (4.33ns)   --->   "%sdiv_ln268 = sdiv i32 %sub_ln268, i32 %es_1_read" [kern.cpp:268]   --->   Operation 95 'sdiv' 'sdiv_ln268' <Predicate = (!icmp_ln266 & icmp_ln268)> <Delay = 4.33> <CoreInst = "Divider">   --->   Core 6 'Divider' <Latency = 35> <II = 1> <Delay = 4.33> <FuncUnit> <Opcode : 'udiv' 'sdiv' 'urem' 'srem'> <InPorts = 2> <OutPorts = 1>
ST_36 : Operation 102 [1/1] (1.58ns)   --->   "%ret_ln0 = ret"   --->   Operation 102 'ret' 'ret_ln0' <Predicate = (icmp_ln266)> <Delay = 1.58>

State 37 <SV = 36> <Delay = 6.65>
ST_37 : Operation 96 [1/36] (4.33ns)   --->   "%sdiv_ln268 = sdiv i32 %sub_ln268, i32 %es_1_read" [kern.cpp:268]   --->   Operation 96 'sdiv' 'sdiv_ln268' <Predicate = (!icmp_ln266 & icmp_ln268)> <Delay = 4.33> <CoreInst = "Divider">   --->   Core 6 'Divider' <Latency = 35> <II = 1> <Delay = 4.33> <FuncUnit> <Opcode : 'udiv' 'sdiv' 'urem' 'srem'> <InPorts = 2> <OutPorts = 1>
ST_37 : Operation 97 [1/1] (0.00ns)   --->   "%trunc_ln268 = trunc i16 %sdiv_ln268" [kern.cpp:268]   --->   Operation 97 'trunc' 'trunc_ln268' <Predicate = (!icmp_ln266 & icmp_ln268)> <Delay = 0.00>
ST_37 : Operation 98 [1/1] (0.00ns)   --->   "%cond33 = phi i16 %trunc_ln268, void %cond.true27, i16 0, void %for.body25.split" [kern.cpp:268]   --->   Operation 98 'phi' 'cond33' <Predicate = true> <Delay = 0.00>
ST_37 : Operation 99 [1/1] (0.00ns)   --->   "%probs_addr = getelementptr i16 %probs, i64 0, i64 %zext_ln266" [kern.cpp:268]   --->   Operation 99 'getelementptr' 'probs_addr' <Predicate = true> <Delay = 0.00>
ST_37 : Operation 100 [1/1] ( I:2.32ns O:2.32ns )   --->   "%store_ln268 = store i16 %cond33, i4 %probs_addr" [kern.cpp:268]   --->   Operation 100 'store' 'store_ln268' <Predicate = true> <Delay = 2.32> <CoreInst = "RAM">   --->   Core 81 'RAM' <Latency = 1> <II = 1> <Delay = 2.32> <Storage> <Opcode : 'load' 'store'> <Ports = 2> <Width = 16> <Depth = 10> <RAM>
ST_37 : Operation 101 [1/1] (0.00ns)   --->   "%br_ln266 = br void %for.body25" [kern.cpp:266]   --->   Operation 101 'br' 'br_ln266' <Predicate = true> <Delay = 0.00>


============================================================
+ Verbose Summary: Binding
============================================================
STG Binding: 
---------------- STG Properties BEGIN ----------------
- Is combinational: 0
- Is one-state seq: 0
- Is datapath-only: 0
- Is pipelined: 0
- Is top level: 0
Port [ Return ] is wired: 1; IO mode=ap_ctrl_hs:ce=0
Port [ es_1]:  wired=1; compound=0; hidden=0; nouse=0; global=0; static=0; extern=0; dir=0; type=0; pingpong=0; private_global=0; IO mode=ap_none:ce=0
Port [ probs]:  wired=1; compound=1; hidden=0; nouse=0; global=0; static=0; extern=0; dir=1; type=1; pingpong=0; private_global=0; MemPort=[03]; IO mode=ap_memory:ce=0
Port [ ev]:  wired=1; compound=1; hidden=0; nouse=0; global=0; static=0; extern=0; dir=0; type=1; pingpong=0; private_global=0; MemPort=[13]; IO mode=ap_memory:ce=0
---------------- STG Properties END ------------------

---------------- Datapath Model BEGIN ----------------

<LifeTime>
<method=bitvector/>
i                       (alloca           ) [ 01000000000000000000000000000000000000]
es_1_read               (read             ) [ 01111111111111111111111111111111111111]
icmp_ln268              (icmp             ) [ 01111111111111111111111111111111111111]
store_ln266             (store            ) [ 00000000000000000000000000000000000000]
br_ln0                  (br               ) [ 00000000000000000000000000000000000000]
i_1                     (load             ) [ 00000000000000000000000000000000000000]
icmp_ln266              (icmp             ) [ 01111111111111111111111111111111111111]
add_ln266               (add              ) [ 00000000000000000000000000000000000000]
br_ln266                (br               ) [ 00000000000000000000000000000000000000]
zext_ln266              (zext             ) [ 01111111111111111111111111111111111111]
specpipeline_ln267      (specpipeline     ) [ 00000000000000000000000000000000000000]
speclooptripcount_ln266 (speclooptripcount) [ 00000000000000000000000000000000000000]
specloopname_ln266      (specloopname     ) [ 00000000000000000000000000000000000000]
br_ln268                (br               ) [ 01111111111111111111111111111111111111]
ev_addr                 (getelementptr    ) [ 01100000000000000000000000000000000000]
br_ln268                (br               ) [ 01111111111111111111111111111111111111]
store_ln266             (store            ) [ 00000000000000000000000000000000000000]
ev_load                 (load             ) [ 00000000000000000000000000000000000000]
shl_ln268               (shl              ) [ 00000000000000000000000000000000000000]
sub_ln268               (sub              ) [ 01011111111111111111111111111111111111]
sdiv_ln268              (sdiv             ) [ 00000000000000000000000000000000000000]
trunc_ln268             (trunc            ) [ 00000000000000000000000000000000000000]
cond33                  (phi              ) [ 01111111111111111111111111111111111111]
probs_addr              (getelementptr    ) [ 00000000000000000000000000000000000000]
store_ln268             (store            ) [ 00000000000000000000000000000000000000]
br_ln266                (br               ) [ 00000000000000000000000000000000000000]
ret_ln0                 (ret              ) [ 00000000000000000000000000000000000000]
</LifeTime>

<model>

<comp_list>
<comp id="0" class="1000" name="es_1">
<pin_list>
<pin id="1" dir="1" index="0" bw="1" slack="0"/>
</pin_list>
<bind>
<StgValue><ssdm name="es_1"/></StgValue>
</bind>
</comp>

<comp id="2" class="1000" name="probs">
<pin_list>
<pin id="3" dir="1" index="0" bw="1" slack="0"/>
</pin_list>
<bind>
<StgValue><ssdm name="probs"/><MemPortTyVec>0 3 </MemPortTyVec>
</StgValue>
</bind>
</comp>

<comp id="4" class="1000" name="ev">
<pin_list>
<pin id="5" dir="1" index="0" bw="1" slack="0"/>
</pin_list>
<bind>
<StgValue><ssdm name="ev"/><MemPortTyVec>1 3 </MemPortTyVec>
</StgValue>
</bind>
</comp>

<comp id="6" class="1001" name="const_6">
<pin_list>
<pin id="7" dir="1" index="0" bw="1" slack="0"/>
</pin_list>
<bind>
<StgValue><ssdm name=""/></StgValue>
</bind>
</comp>

<comp id="8" class="1001" name="const_8">
<pin_list>
<pin id="9" dir="1" index="0" bw="1" slack="0"/>
</pin_list>
<bind>
<StgValue><ssdm name="_ssdm_op_Read.ap_auto.i32"/></StgValue>
</bind>
</comp>

<comp id="10" class="1001" name="const_10">
<pin_list>
<pin id="11" dir="1" index="0" bw="1" slack="0"/>
</pin_list>
<bind>
<StgValue><ssdm name=""/></StgValue>
</bind>
</comp>

<comp id="12" class="1001" name="const_12">
<pin_list>
<pin id="13" dir="1" index="0" bw="1" slack="0"/>
</pin_list>
<bind>
<StgValue><ssdm name=""/></StgValue>
</bind>
</comp>

<comp id="14" class="1001" name="const_14">
<pin_list>
<pin id="15" dir="1" index="0" bw="1" slack="0"/>
</pin_list>
<bind>
<StgValue><ssdm name=""/></StgValue>
</bind>
</comp>

<comp id="16" class="1001" name="const_16">
<pin_list>
<pin id="17" dir="1" index="0" bw="1" slack="0"/>
</pin_list>
<bind>
<StgValue><ssdm name=""/></StgValue>
</bind>
</comp>

<comp id="18" class="1001" name="const_18">
<pin_list>
<pin id="19" dir="1" index="0" bw="1" slack="2147483647"/>
</pin_list>
<bind>
<StgValue><ssdm name="_ssdm_op_SpecPipeline"/></StgValue>
</bind>
</comp>

<comp id="20" class="1001" name="const_20">
<pin_list>
<pin id="21" dir="1" index="0" bw="1" slack="2147483647"/>
</pin_list>
<bind>
<StgValue><ssdm name=""/></StgValue>
</bind>
</comp>

<comp id="22" class="1001" name="const_22">
<pin_list>
<pin id="23" dir="1" index="0" bw="1" slack="2147483647"/>
</pin_list>
<bind>
<StgValue><ssdm name="empty_5"/></StgValue>
</bind>
</comp>

<comp id="24" class="1001" name="const_24">
<pin_list>
<pin id="25" dir="1" index="0" bw="1" slack="2147483647"/>
</pin_list>
<bind>
<StgValue><ssdm name="_ssdm_op_SpecLoopTripCount"/></StgValue>
</bind>
</comp>

<comp id="26" class="1001" name="const_26">
<pin_list>
<pin id="27" dir="1" index="0" bw="1" slack="2147483647"/>
</pin_list>
<bind>
<StgValue><ssdm name=""/></StgValue>
</bind>
</comp>

<comp id="28" class="1001" name="const_28">
<pin_list>
<pin id="29" dir="1" index="0" bw="1" slack="2147483647"/>
</pin_list>
<bind>
<StgValue><ssdm name="_ssdm_op_SpecLoopName"/></StgValue>
</bind>
</comp>

<comp id="30" class="1001" name="const_30">
<pin_list>
<pin id="31" dir="1" index="0" bw="1" slack="2147483647"/>
</pin_list>
<bind>
<StgValue><ssdm name="empty_22"/></StgValue>
</bind>
</comp>

<comp id="32" class="1001" name="const_32">
<pin_list>
<pin id="33" dir="1" index="0" bw="1" slack="0"/>
</pin_list>
<bind>
<StgValue><ssdm name=""/></StgValue>
</bind>
</comp>

<comp id="34" class="1001" name="const_34">
<pin_list>
<pin id="35" dir="1" index="0" bw="1" slack="0"/>
</pin_list>
<bind>
<StgValue><ssdm name=""/></StgValue>
</bind>
</comp>

<comp id="36" class="1001" name="const_36">
<pin_list>
<pin id="37" dir="1" index="0" bw="1" slack="36"/>
</pin_list>
<bind>
<StgValue><ssdm name=""/></StgValue>
</bind>
</comp>

<comp id="38" class="1004" name="i_fu_38">
<pin_list>
<pin id="39" dir="0" index="0" bw="1" slack="0"/>
<pin id="40" dir="1" index="1" bw="4" slack="0"/>
</pin_list>
<bind>
<opcode="alloca(26) " fcode="alloca"/>
<opset="i/1 "/>
</bind>
</comp>

<comp id="42" class="1004" name="es_1_read_read_fu_42">
<pin_list>
<pin id="43" dir="0" index="0" bw="32" slack="0"/>
<pin id="44" dir="0" index="1" bw="32" slack="0"/>
<pin id="45" dir="1" index="2" bw="32" slack="0"/>
</pin_list>
<bind>
<opcode="read(1150) " fcode="read"/>
<opset="es_1_read/1 "/>
</bind>
</comp>

<comp id="48" class="1004" name="ev_addr_gep_fu_48">
<pin_list>
<pin id="49" dir="0" index="0" bw="32" slack="0"/>
<pin id="50" dir="0" index="1" bw="1" slack="0"/>
<pin id="51" dir="0" index="2" bw="4" slack="0"/>
<pin id="52" dir="1" index="3" bw="4" slack="0"/>
</pin_list>
<bind>
<opcode="getelementptr(29) " fcode="getelementptr"/>
<opset="ev_addr/1 "/>
</bind>
</comp>

<comp id="55" class="1004" name="grp_access_fu_55">
<pin_list>
<pin id="56" dir="0" index="0" bw="4" slack="0"/>
<pin id="57" dir="0" index="1" bw="32" slack="2147483647"/>
<pin id="58" dir="0" index="2" bw="0" slack="2147483647"/>
<pin id="59" dir="1" index="3" bw="32" slack="0"/>
</pin_list>
<bind>
<opcode="load(27) " fcode="load"/>
<opset="ev_load/1 "/>
</bind>
</comp>

<comp id="61" class="1004" name="probs_addr_gep_fu_61">
<pin_list>
<pin id="62" dir="0" index="0" bw="16" slack="0"/>
<pin id="63" dir="0" index="1" bw="1" slack="0"/>
<pin id="64" dir="0" index="2" bw="4" slack="36"/>
<pin id="65" dir="1" index="3" bw="4" slack="0"/>
</pin_list>
<bind>
<opcode="getelementptr(29) " fcode="getelementptr"/>
<opset="probs_addr/37 "/>
</bind>
</comp>

<comp id="68" class="1004" name="store_ln268_access_fu_68">
<pin_list>
<pin id="69" dir="0" index="0" bw="4" slack="0"/>
<pin id="70" dir="0" index="1" bw="16" slack="0"/>
<pin id="71" dir="0" index="2" bw="0" slack="2147483647"/>
<pin id="72" dir="1" index="3" bw="16" slack="2147483647"/>
</pin_list>
<bind>
<opcode="store(28) " fcode="store"/>
<opset="store_ln268/37 "/>
</bind>
</comp>

<comp id="74" class="1005" name="cond33_reg_74">
<pin_list>
<pin id="75" dir="0" index="0" bw="16" slack="36"/>
<pin id="76" dir="1" index="1" bw="16" slack="36"/>
</pin_list>
<bind>
<opset="cond33 (phireg) "/>
</bind>
</comp>

<comp id="78" class="1004" name="cond33_phi_fu_78">
<pin_list>
<pin id="79" dir="0" index="0" bw="16" slack="0"/>
<pin id="80" dir="0" index="1" bw="0" slack="2147483647"/>
<pin id="81" dir="0" index="2" bw="1" slack="36"/>
<pin id="82" dir="0" index="3" bw="0" slack="2147483647"/>
<pin id="83" dir="1" index="4" bw="16" slack="0"/>
</pin_list>
<bind>
<opcode="phi(47) " fcode="phi"/>
<opset="cond33/37 "/>
</bind>
</comp>

<comp id="86" class="1004" name="icmp_ln268_fu_86">
<pin_list>
<pin id="87" dir="0" index="0" bw="32" slack="0"/>
<pin id="88" dir="0" index="1" bw="32" slack="0"/>
<pin id="89" dir="1" index="2" bw="1" slack="1"/>
</pin_list>
<bind>
<opcode="icmp(45) " fcode="icmp"/>
<opset="icmp_ln268/1 "/>
</bind>
</comp>

<comp id="92" class="1004" name="store_ln266_store_fu_92">
<pin_list>
<pin id="93" dir="0" index="0" bw="1" slack="0"/>
<pin id="94" dir="0" index="1" bw="4" slack="0"/>
<pin id="95" dir="1" index="2" bw="0" slack="2147483647"/>
</pin_list>
<bind>
<opcode="store(28) " fcode="store"/>
<opset="store_ln266/1 "/>
</bind>
</comp>

<comp id="97" class="1004" name="i_1_load_fu_97">
<pin_list>
<pin id="98" dir="0" index="0" bw="4" slack="0"/>
<pin id="99" dir="1" index="1" bw="4" slack="0"/>
</pin_list>
<bind>
<opcode="load(27) " fcode="load"/>
<opset="i_1/1 "/>
</bind>
</comp>

<comp id="100" class="1004" name="icmp_ln266_fu_100">
<pin_list>
<pin id="101" dir="0" index="0" bw="4" slack="0"/>
<pin id="102" dir="0" index="1" bw="4" slack="0"/>
<pin id="103" dir="1" index="2" bw="1" slack="1"/>
</pin_list>
<bind>
<opcode="icmp(45) " fcode="icmp"/>
<opset="icmp_ln266/1 "/>
</bind>
</comp>

<comp id="106" class="1004" name="add_ln266_fu_106">
<pin_list>
<pin id="107" dir="0" index="0" bw="4" slack="0"/>
<pin id="108" dir="0" index="1" bw="1" slack="0"/>
<pin id="109" dir="1" index="2" bw="4" slack="0"/>
</pin_list>
<bind>
<opcode="add(8) " fcode="add"/>
<opset="add_ln266/1 "/>
</bind>
</comp>

<comp id="112" class="1004" name="zext_ln266_fu_112">
<pin_list>
<pin id="113" dir="0" index="0" bw="4" slack="0"/>
<pin id="114" dir="1" index="1" bw="64" slack="0"/>
</pin_list>
<bind>
<opcode="zext(34) " fcode="zext"/>
<opset="zext_ln266/1 "/>
</bind>
</comp>

<comp id="117" class="1004" name="store_ln266_store_fu_117">
<pin_list>
<pin id="118" dir="0" index="0" bw="4" slack="0"/>
<pin id="119" dir="0" index="1" bw="4" slack="0"/>
<pin id="120" dir="1" index="2" bw="0" slack="2147483647"/>
</pin_list>
<bind>
<opcode="store(28) " fcode="store"/>
<opset="store_ln266/1 "/>
</bind>
</comp>

<comp id="122" class="1004" name="shl_ln268_fu_122">
<pin_list>
<pin id="123" dir="0" index="0" bw="32" slack="0"/>
<pin id="124" dir="0" index="1" bw="6" slack="0"/>
<pin id="125" dir="1" index="2" bw="32" slack="0"/>
</pin_list>
<bind>
<opcode="shl(20) " fcode="shl"/>
<opset="shl_ln268/2 "/>
</bind>
</comp>

<comp id="128" class="1004" name="sub_ln268_fu_128">
<pin_list>
<pin id="129" dir="0" index="0" bw="32" slack="0"/>
<pin id="130" dir="0" index="1" bw="32" slack="0"/>
<pin id="131" dir="1" index="2" bw="32" slack="0"/>
</pin_list>
<bind>
<opcode="sub(10) " fcode="sub"/>
<opset="sub_ln268/2 "/>
</bind>
</comp>

<comp id="134" class="1004" name="grp_fu_134">
<pin_list>
<pin id="135" dir="0" index="0" bw="32" slack="0"/>
<pin id="136" dir="0" index="1" bw="32" slack="1"/>
<pin id="137" dir="1" index="2" bw="16" slack="0"/>
</pin_list>
<bind>
<opcode="sdiv(15) " fcode="sdiv"/>
<opset="sdiv_ln268/2 "/>
</bind>
</comp>

<comp id="139" class="1004" name="trunc_ln268_fu_139">
<pin_list>
<pin id="140" dir="0" index="0" bw="16" slack="0"/>
<pin id="141" dir="1" index="1" bw="16" slack="0"/>
</pin_list>
<bind>
<opcode="trunc(33) " fcode="trunc"/>
<opset="trunc_ln268/37 "/>
</bind>
</comp>

<comp id="144" class="1005" name="i_reg_144">
<pin_list>
<pin id="145" dir="0" index="0" bw="4" slack="0"/>
<pin id="146" dir="1" index="1" bw="4" slack="0"/>
</pin_list>
<bind>
<opset="i "/>
</bind>
</comp>

<comp id="151" class="1005" name="es_1_read_reg_151">
<pin_list>
<pin id="152" dir="0" index="0" bw="32" slack="1"/>
<pin id="153" dir="1" index="1" bw="32" slack="1"/>
</pin_list>
<bind>
<opset="es_1_read "/>
</bind>
</comp>

<comp id="156" class="1005" name="icmp_ln268_reg_156">
<pin_list>
<pin id="157" dir="0" index="0" bw="1" slack="1"/>
<pin id="158" dir="1" index="1" bw="1" slack="2147483647"/>
</pin_list>
<bind>
<opset="icmp_ln268 "/>
</bind>
</comp>

<comp id="160" class="1005" name="icmp_ln266_reg_160">
<pin_list>
<pin id="161" dir="0" index="0" bw="1" slack="1"/>
<pin id="162" dir="1" index="1" bw="1" slack="2147483647"/>
</pin_list>
<bind>
<opset="icmp_ln266 "/>
</bind>
</comp>

<comp id="164" class="1005" name="zext_ln266_reg_164">
<pin_list>
<pin id="165" dir="0" index="0" bw="64" slack="36"/>
<pin id="166" dir="1" index="1" bw="64" slack="36"/>
</pin_list>
<bind>
<opset="zext_ln266 "/>
</bind>
</comp>

<comp id="169" class="1005" name="ev_addr_reg_169">
<pin_list>
<pin id="170" dir="0" index="0" bw="4" slack="1"/>
<pin id="171" dir="1" index="1" bw="4" slack="1"/>
</pin_list>
<bind>
<opset="ev_addr "/>
</bind>
</comp>

<comp id="174" class="1005" name="sub_ln268_reg_174">
<pin_list>
<pin id="175" dir="0" index="0" bw="32" slack="1"/>
<pin id="176" dir="1" index="1" bw="32" slack="1"/>
</pin_list>
<bind>
<opset="sub_ln268 "/>
</bind>
</comp>

</comp_list>

<net_list>
<net id="41"><net_src comp="6" pin="0"/><net_sink comp="38" pin=0"/></net>

<net id="46"><net_src comp="8" pin="0"/><net_sink comp="42" pin=0"/></net>

<net id="47"><net_src comp="0" pin="0"/><net_sink comp="42" pin=1"/></net>

<net id="53"><net_src comp="4" pin="0"/><net_sink comp="48" pin=0"/></net>

<net id="54"><net_src comp="32" pin="0"/><net_sink comp="48" pin=1"/></net>

<net id="60"><net_src comp="48" pin="3"/><net_sink comp="55" pin=0"/></net>

<net id="66"><net_src comp="2" pin="0"/><net_sink comp="61" pin=0"/></net>

<net id="67"><net_src comp="32" pin="0"/><net_sink comp="61" pin=1"/></net>

<net id="73"><net_src comp="61" pin="3"/><net_sink comp="68" pin=0"/></net>

<net id="77"><net_src comp="36" pin="0"/><net_sink comp="74" pin=0"/></net>

<net id="84"><net_src comp="74" pin="1"/><net_sink comp="78" pin=2"/></net>

<net id="85"><net_src comp="78" pin="4"/><net_sink comp="68" pin=1"/></net>

<net id="90"><net_src comp="42" pin="2"/><net_sink comp="86" pin=0"/></net>

<net id="91"><net_src comp="10" pin="0"/><net_sink comp="86" pin=1"/></net>

<net id="96"><net_src comp="12" pin="0"/><net_sink comp="92" pin=0"/></net>

<net id="104"><net_src comp="97" pin="1"/><net_sink comp="100" pin=0"/></net>

<net id="105"><net_src comp="14" pin="0"/><net_sink comp="100" pin=1"/></net>

<net id="110"><net_src comp="97" pin="1"/><net_sink comp="106" pin=0"/></net>

<net id="111"><net_src comp="16" pin="0"/><net_sink comp="106" pin=1"/></net>

<net id="115"><net_src comp="97" pin="1"/><net_sink comp="112" pin=0"/></net>

<net id="116"><net_src comp="112" pin="1"/><net_sink comp="48" pin=2"/></net>

<net id="121"><net_src comp="106" pin="2"/><net_sink comp="117" pin=0"/></net>

<net id="126"><net_src comp="55" pin="3"/><net_sink comp="122" pin=0"/></net>

<net id="127"><net_src comp="34" pin="0"/><net_sink comp="122" pin=1"/></net>

<net id="132"><net_src comp="122" pin="2"/><net_sink comp="128" pin=0"/></net>

<net id="133"><net_src comp="55" pin="3"/><net_sink comp="128" pin=1"/></net>

<net id="138"><net_src comp="128" pin="2"/><net_sink comp="134" pin=0"/></net>

<net id="142"><net_src comp="134" pin="2"/><net_sink comp="139" pin=0"/></net>

<net id="143"><net_src comp="139" pin="1"/><net_sink comp="78" pin=0"/></net>

<net id="147"><net_src comp="38" pin="1"/><net_sink comp="144" pin=0"/></net>

<net id="148"><net_src comp="144" pin="1"/><net_sink comp="92" pin=1"/></net>

<net id="149"><net_src comp="144" pin="1"/><net_sink comp="97" pin=0"/></net>

<net id="150"><net_src comp="144" pin="1"/><net_sink comp="117" pin=1"/></net>

<net id="154"><net_src comp="42" pin="2"/><net_sink comp="151" pin=0"/></net>

<net id="155"><net_src comp="151" pin="1"/><net_sink comp="134" pin=1"/></net>

<net id="159"><net_src comp="86" pin="2"/><net_sink comp="156" pin=0"/></net>

<net id="163"><net_src comp="100" pin="2"/><net_sink comp="160" pin=0"/></net>

<net id="167"><net_src comp="112" pin="1"/><net_sink comp="164" pin=0"/></net>

<net id="168"><net_src comp="164" pin="1"/><net_sink comp="61" pin=2"/></net>

<net id="172"><net_src comp="48" pin="3"/><net_sink comp="169" pin=0"/></net>

<net id="173"><net_src comp="169" pin="1"/><net_sink comp="55" pin=0"/></net>

<net id="177"><net_src comp="128" pin="2"/><net_sink comp="174" pin=0"/></net>

<net id="178"><net_src comp="174" pin="1"/><net_sink comp="134" pin=0"/></net>

</net_list>

</model> 
---------------- Datapath Model END ------------------

* FSMD analyzer results:
  - Output states:
	Port: probs | {37 }
 - Input state : 
	Port: softmax_Pipeline_SM_NORM : es_1 | {1 }
	Port: softmax_Pipeline_SM_NORM : probs | {}
	Port: softmax_Pipeline_SM_NORM : ev | {1 2 }
  - Chain level:
	State 1
		store_ln266 : 1
		i_1 : 1
		icmp_ln266 : 2
		add_ln266 : 2
		br_ln266 : 3
		zext_ln266 : 2
		br_ln268 : 1
		ev_addr : 3
		ev_load : 4
		store_ln266 : 3
	State 2
		shl_ln268 : 1
		sub_ln268 : 1
		sdiv_ln268 : 2
	State 3
	State 4
	State 5
	State 6
	State 7
	State 8
	State 9
	State 10
	State 11
	State 12
	State 13
	State 14
	State 15
	State 16
	State 17
	State 18
	State 19
	State 20
	State 21
	State 22
	State 23
	State 24
	State 25
	State 26
	State 27
	State 28
	State 29
	State 30
	State 31
	State 32
	State 33
	State 34
	State 35
	State 36
	State 37
		trunc_ln268 : 1
		cond33 : 2
		store_ln268 : 3


============================================================
+ Verbose Summary: Datapath Resource usage 
============================================================

* Functional unit list:
|----------|----------------------|---------|---------|
| Operation|    Functional Unit   |    FF   |   LUT   |
|----------|----------------------|---------|---------|
|   sdiv   |      grp_fu_134      |   2283  |   1738  |
|----------|----------------------|---------|---------|
|   icmp   |   icmp_ln268_fu_86   |    0    |    39   |
|          |   icmp_ln266_fu_100  |    0    |    13   |
|----------|----------------------|---------|---------|
|    sub   |   sub_ln268_fu_128   |    0    |    39   |
|----------|----------------------|---------|---------|
|    add   |   add_ln266_fu_106   |    0    |    13   |
|----------|----------------------|---------|---------|
|   read   | es_1_read_read_fu_42 |    0    |    0    |
|----------|----------------------|---------|---------|
|   zext   |   zext_ln266_fu_112  |    0    |    0    |
|----------|----------------------|---------|---------|
|    shl   |   shl_ln268_fu_122   |    0    |    0    |
|----------|----------------------|---------|---------|
|   trunc  |  trunc_ln268_fu_139  |    0    |    0    |
|----------|----------------------|---------|---------|
|   Total  |                      |   2283  |   1842  |
|----------|----------------------|---------|---------|

Memories:
N/A

* Register list:
+------------------+--------+
|                  |   FF   |
+------------------+--------+
|   cond33_reg_74  |   16   |
| es_1_read_reg_151|   32   |
|  ev_addr_reg_169 |    4   |
|     i_reg_144    |    4   |
|icmp_ln266_reg_160|    1   |
|icmp_ln268_reg_156|    1   |
| sub_ln268_reg_174|   32   |
|zext_ln266_reg_164|   64   |
+------------------+--------+
|       Total      |   154  |
+------------------+--------+

* Multiplexer (MUX) list: 
|------------------|------|------|------|--------||---------||---------||---------|
|       Comp       |  Pin | Size |  BW  | S x BW ||  Delay  ||    FF   ||   LUT   |
|------------------|------|------|------|--------||---------||---------||---------|
| grp_access_fu_55 |  p0  |   2  |   4  |    8   ||    0    ||    9    |
|    grp_fu_134    |  p0  |   2  |  32  |   64   ||    0    ||    9    |
|------------------|------|------|------|--------||---------||---------||---------|
|       Total      |      |      |      |   72   ||  3.176  ||    0    ||    18   |
|------------------|------|------|------|--------||---------||---------||---------|



* Summary:
+-----------+--------+--------+--------+
|           |  Delay |   FF   |   LUT  |
+-----------+--------+--------+--------+
|  Function |    -   |  2283  |  1842  |
|   Memory  |    -   |    -   |    -   |
|Multiplexer|    3   |    0   |   18   |
|  Register |    -   |   154  |    -   |
+-----------+--------+--------+--------+
|   Total   |    3   |  2437  |  1860  |
+-----------+--------+--------+--------+
