

================================================================
== Vitis HLS Report for 'softmax_Pipeline_SM_NORM'
================================================================
* Date:           Fri May  1 21:41:12 2026

* Version:        2025.2 (Build 6295257 on Nov 14 2025)
* Project:        hls_component
* Solution:       hls (Vivado IP Flow Target)
* Product family: zynq
* Target device:  xc7z020-clg400-1


================================================================
== Performance Estimates
================================================================
+ Timing: 
    * Summary: 
    +--------+----------+----------+------------+
    |  Clock |  Target  | Estimated| Uncertainty|
    +--------+----------+----------+------------+
    |ap_clk  |  10.00 ns|  4.911 ns|     2.70 ns|
    +--------+----------+----------+------------+

+ Latency: 
    * Summary: 
    +---------+---------+----------+----------+-----+-----+-------------------+
    |  Latency (cycles) |  Latency (absolute) |  Interval |      Pipeline     |
    |   min   |   max   |    min   |    max   | min | max |        Type       |
    +---------+---------+----------+----------+-----+-----+-------------------+
    |       49|       49|  0.490 us|  0.490 us|    0|    0|  loop pipeline stp|
    +---------+---------+----------+----------+-----+-----+-------------------+

    + Detail: 
        * Instance: 
        N/A

        * Loop: 
        +-----------+---------+---------+----------+-----------+-----------+------+----------+
        |           |  Latency (cycles) | Iteration|  Initiation Interval  | Trip |          |
        | Loop Name |   min   |   max   |  Latency |  achieved |   target  | Count| Pipelined|
        +-----------+---------+---------+----------+-----------+-----------+------+----------+
        |- SM_NORM  |       47|       47|        39|          1|          1|    10|       yes|
        +-----------+---------+---------+----------+-----------+-----------+------+----------+

============================================================
+ Verbose Summary: Synthesis Manager
============================================================
InlineROM: 1
ExposeGlobal: 0
============================================================
+ Verbose Summary: CDFG Model
============================================================
IsTopModel: 0
ResetActiveHigh: 1
IsCombinational: 0
IsDatapathOnly: 0
HasWiredReturn: 1
HasMFsm: 2
HasVarLatency: 1
IsPipeline: 0
IsRtlPipelined: 0
IsInstanceOverlapped: 0
IsDontTouch: 0
HasImplIP: 0
IsGatedGlobalClock: 0

+ Individual pipeline summary: 
  * Pipeline-0: initiation interval (II) = 1, depth = 39


============================================================
+ Verbose Summary: Schedule
============================================================
* Number of FSM states : 39
* Pipeline : 1
  Pipeline-0 : II = 1, D = 39, States = { 1 2 3 4 5 6 7 8 9 10 11 12 13 14 15 16 17 18 19 20 21 22 23 24 25 26 27 28 29 30 31 32 33 34 35 36 37 38 39 }
* Dataflow Pipeline: 0

* FSM state transitions: 
1 --> 2 
2 --> 3 
3 --> 4 
4 --> 5 
5 --> 6 
6 --> 7 
7 --> 8 
8 --> 9 
9 --> 10 
10 --> 11 
11 --> 12 
12 --> 13 
13 --> 14 
14 --> 15 
15 --> 16 
16 --> 17 
17 --> 18 
18 --> 19 
19 --> 20 
20 --> 21 
21 --> 22 
22 --> 23 
23 --> 24 
24 --> 25 
25 --> 26 
26 --> 27 
27 --> 28 
28 --> 29 
29 --> 30 
30 --> 31 
31 --> 32 
32 --> 33 
33 --> 34 
34 --> 35 
35 --> 36 
36 --> 37 
37 --> 38 
38 --> 39 
39 --> 

* FSM state operations: 

State 1 <SV = 0> <Delay = 4.91>
ST_1 : Operation 42 [1/1] (0.00ns)   --->   "%i = alloca i32 1" [kern.cpp:266]   --->   Operation 42 'alloca' 'i' <Predicate = true> <Delay = 0.00>
ST_1 : Operation 43 [1/1] (0.00ns)   --->   "%es_1_read = read i32 @_ssdm_op_Read.ap_auto.i32, i32 %es_1" [kern.cpp:268]   --->   Operation 43 'read' 'es_1_read' <Predicate = true> <Delay = 0.00>
ST_1 : Operation 44 [1/1] (2.55ns)   --->   "%icmp_ln268 = icmp_sgt  i32 %es_1_read, i32 0" [kern.cpp:268]   --->   Operation 44 'icmp' 'icmp_ln268' <Predicate = true> <Delay = 2.55> <CoreInst = "Cmp">   --->   Core 9 'Cmp' <Latency = 0> <II = 1> <Delay = 2.55> <FuncUnit> <Opcode : 'seteq' 'setne' 'setle' 'setge' 'setlt' 'setgt'> <InPorts = 2> <OutPorts = 1>
ST_1 : Operation 45 [1/1] (1.58ns)   --->   "%store_ln266 = store i4 0, i4 %i" [kern.cpp:266]   --->   Operation 45 'store' 'store_ln266' <Predicate = true> <Delay = 1.58>
ST_1 : Operation 46 [1/1] (0.00ns)   --->   "%br_ln0 = br void %for.body25"   --->   Operation 46 'br' 'br_ln0' <Predicate = true> <Delay = 0.00>
ST_1 : Operation 47 [1/1] (0.00ns)   --->   "%i_1 = load i4 %i" [kern.cpp:266]   --->   Operation 47 'load' 'i_1' <Predicate = true> <Delay = 0.00>
ST_1 : Operation 48 [1/1] (1.73ns)   --->   "%icmp_ln266 = icmp_eq  i4 %i_1, i4 10" [kern.cpp:266]   --->   Operation 48 'icmp' 'icmp_ln266' <Predicate = true> <Delay = 1.73> <CoreInst = "Cmp">   --->   Core 9 'Cmp' <Latency = 0> <II = 1> <Delay = 1.73> <FuncUnit> <Opcode : 'seteq' 'setne' 'setle' 'setge' 'setlt' 'setgt'> <InPorts = 2> <OutPorts = 1>
ST_1 : Operation 49 [1/1] (1.73ns)   --->   "%add_ln266 = add i4 %i_1, i4 1" [kern.cpp:266]   --->   Operation 49 'add' 'add_ln266' <Predicate = true> <Delay = 1.73> <CoreInst = "Adder">   --->   Core 1 'Adder' <Latency = 0> <II = 1> <Delay = 1.73> <FuncUnit> <Opcode : 'add' 'sub'> <InPorts = 2> <OutPorts = 1>
ST_1 : Operation 50 [1/1] (0.00ns)   --->   "%br_ln266 = br i1 %icmp_ln266, void %for.body25.split, void %for.end39.exitStub" [kern.cpp:266]   --->   Operation 50 'br' 'br_ln266' <Predicate = true> <Delay = 0.00>
ST_1 : Operation 51 [1/1] (0.00ns)   --->   "%zext_ln266 = zext i4 %i_1" [kern.cpp:266]   --->   Operation 51 'zext' 'zext_ln266' <Predicate = (!icmp_ln266)> <Delay = 0.00>
ST_1 : Operation 52 [1/1] (0.00ns)   --->   "%specpipeline_ln267 = specpipeline void @_ssdm_op_SpecPipeline, i32 1, i32 0, i32 0, i32 0, i32 4294967295, void @empty_5" [kern.cpp:267]   --->   Operation 52 'specpipeline' 'specpipeline_ln267' <Predicate = (!icmp_ln266)> <Delay = 0.00>
ST_1 : Operation 53 [1/1] (0.00ns)   --->   "%speclooptripcount_ln266 = speclooptripcount void @_ssdm_op_SpecLoopTripCount, i64 10, i64 10, i64 10" [kern.cpp:266]   --->   Operation 53 'speclooptripcount' 'speclooptripcount_ln266' <Predicate = (!icmp_ln266)> <Delay = 0.00>
ST_1 : Operation 54 [1/1] (0.00ns)   --->   "%specloopname_ln266 = specloopname void @_ssdm_op_SpecLoopName, void @empty_22" [kern.cpp:266]   --->   Operation 54 'specloopname' 'specloopname_ln266' <Predicate = (!icmp_ln266)> <Delay = 0.00>
ST_1 : Operation 55 [1/1] (1.58ns)   --->   "%br_ln268 = br i1 %icmp_ln268, void %for.inc37, void %cond.true27" [kern.cpp:268]   --->   Operation 55 'br' 'br_ln268' <Predicate = (!icmp_ln266)> <Delay = 1.58>
ST_1 : Operation 56 [1/1] (0.00ns)   --->   "%ev_addr = getelementptr i32 %ev, i64 0, i64 %zext_ln266" [kern.cpp:268]   --->   Operation 56 'getelementptr' 'ev_addr' <Predicate = (!icmp_ln266 & icmp_ln268)> <Delay = 0.00>
ST_1 : Operation 57 [2/2] (2.32ns)   --->   "%ev_load = load i4 %ev_addr" [kern.cpp:268]   --->   Operation 57 'load' 'ev_load' <Predicate = (!icmp_ln266 & icmp_ln268)> <Delay = 2.32> <CoreInst = "RAM">   --->   Core 81 'RAM' <Latency = 1> <II = 1> <Delay = 2.32> <Storage> <Opcode : 'load' 'store'> <Ports = 2> <Width = 32> <Depth = 10> <RAM>
ST_1 : Operation 58 [1/1] (1.58ns)   --->   "%br_ln268 = br void %for.inc37" [kern.cpp:268]   --->   Operation 58 'br' 'br_ln268' <Predicate = (!icmp_ln266 & icmp_ln268)> <Delay = 1.58>
ST_1 : Operation 59 [1/1] (1.58ns)   --->   "%store_ln266 = store i4 %add_ln266, i4 %i" [kern.cpp:266]   --->   Operation 59 'store' 'store_ln266' <Predicate = (!icmp_ln266)> <Delay = 1.58>

State 2 <SV = 1> <Delay = 4.87>
ST_2 : Operation 60 [1/2] ( I:2.32ns O:2.32ns )   --->   "%ev_load = load i4 %ev_addr" [kern.cpp:268]   --->   Operation 60 'load' 'ev_load' <Predicate = (!icmp_ln266 & icmp_ln268)> <Delay = 2.32> <CoreInst = "RAM">   --->   Core 81 'RAM' <Latency = 1> <II = 1> <Delay = 2.32> <Storage> <Opcode : 'load' 'store'> <Ports = 2> <Width = 32> <Depth = 10> <RAM>
ST_2 : Operation 61 [1/1] (0.00ns) (grouped into LUT with out node sub_ln268)   --->   "%shl_ln268 = shl i32 %ev_load, i32 16" [kern.cpp:268]   --->   Operation 61 'shl' 'shl_ln268' <Predicate = (!icmp_ln266 & icmp_ln268)> <Delay = 0.00>
ST_2 : Operation 62 [1/1] (2.55ns) (out node of the LUT)   --->   "%sub_ln268 = sub i32 %shl_ln268, i32 %ev_load" [kern.cpp:268]   --->   Operation 62 'sub' 'sub_ln268' <Predicate = (!icmp_ln266 & icmp_ln268)> <Delay = 2.55> <CoreInst = "Adder">   --->   Core 1 'Adder' <Latency = 0> <II = 1> <Delay = 2.55> <FuncUnit> <Opcode : 'add' 'sub'> <InPorts = 2> <OutPorts = 1>

State 3 <SV = 2> <Delay = 4.33>
ST_3 : Operation 63 [36/36] (4.33ns)   --->   "%sdiv_ln268 = sdiv i32 %sub_ln268, i32 %es_1_read" [kern.cpp:268]   --->   Operation 63 'sdiv' 'sdiv_ln268' <Predicate = (!icmp_ln266 & icmp_ln268)> <Delay = 4.33> <CoreInst = "Divider">   --->   Core 6 'Divider' <Latency = 35> <II = 1> <Delay = 4.33> <FuncUnit> <Opcode : 'udiv' 'sdiv' 'urem' 'srem'> <InPorts = 2> <OutPorts = 1>

State 4 <SV = 3> <Delay = 4.33>
ST_4 : Operation 64 [35/36] (4.33ns)   --->   "%sdiv_ln268 = sdiv i32 %sub_ln268, i32 %es_1_read" [kern.cpp:268]   --->   Operation 64 'sdiv' 'sdiv_ln268' <Predicate = (!icmp_ln266 & icmp_ln268)> <Delay = 4.33> <CoreInst = "Divider">   --->   Core 6 'Divider' <Latency = 35> <II = 1> <Delay = 4.33> <FuncUnit> <Opcode : 'udiv' 'sdiv' 'urem' 'srem'> <InPorts = 2> <OutPorts = 1>

State 5 <SV = 4> <Delay = 4.33>
ST_5 : Operation 65 [34/36] (4.33ns)   --->   "%sdiv_ln268 = sdiv i32 %sub_ln268, i32 %es_1_read" [kern.cpp:268]   --->   Operation 65 'sdiv' 'sdiv_ln268' <Predicate = (!icmp_ln266 & icmp_ln268)> <Delay = 4.33> <CoreInst = "Divider">   --->   Core 6 'Divider' <Latency = 35> <II = 1> <Delay = 4.33> <FuncUnit> <Opcode : 'udiv' 'sdiv' 'urem' 'srem'> <InPorts = 2> <OutPorts = 1>

State 6 <SV = 5> <Delay = 4.33>
ST_6 : Operation 66 [33/36] (4.33ns)   --->   "%sdiv_ln268 = sdiv i32 %sub_ln268, i32 %es_1_read" [kern.cpp:268]   --->   Operation 66 'sdiv' 'sdiv_ln268' <Predicate = (!icmp_ln266 & icmp_ln268)> <Delay = 4.33> <CoreInst = "Divider">   --->   Core 6 'Divider' <Latency = 35> <II = 1> <Delay = 4.33> <FuncUnit> <Opcode : 'udiv' 'sdiv' 'urem' 'srem'> <InPorts = 2> <OutPorts = 1>

State 7 <SV = 6> <Delay = 4.33>
ST_7 : Operation 67 [32/36] (4.33ns)   --->   "%sdiv_ln268 = sdiv i32 %sub_ln268, i32 %es_1_read" [kern.cpp:268]   --->   Operation 67 'sdiv' 'sdiv_ln268' <Predicate = (!icmp_ln266 & icmp_ln268)> <Delay = 4.33> <CoreInst = "Divider">   --->   Core 6 'Divider' <Latency = 35> <II = 1> <Delay = 4.33> <FuncUnit> <Opcode : 'udiv' 'sdiv' 'urem' 'srem'> <InPorts = 2> <OutPorts = 1>

State 8 <SV = 7> <Delay = 4.33>
ST_8 : Operation 68 [31/36] (4.33ns)   --->   "%sdiv_ln268 = sdiv i32 %sub_ln268, i32 %es_1_read" [kern.cpp:268]   --->   Operation 68 'sdiv' 'sdiv_ln268' <Predicate = (!icmp_ln266 & icmp_ln268)> <Delay = 4.33> <CoreInst = "Divider">   --->   Core 6 'Divider' <Latency = 35> <II = 1> <Delay = 4.33> <FuncUnit> <Opcode : 'udiv' 'sdiv' 'urem' 'srem'> <InPorts = 2> <OutPorts = 1>

State 9 <SV = 8> <Delay = 4.33>
ST_9 : Operation 69 [30/36] (4.33ns)   --->   "%sdiv_ln268 = sdiv i32 %sub_ln268, i32 %es_1_read" [kern.cpp:268]   --->   Operation 69 'sdiv' 'sdiv_ln268' <Predicate = (!icmp_ln266 & icmp_ln268)> <Delay = 4.33> <CoreInst = "Divider">   --->   Core 6 'Divider' <Latency = 35> <II = 1> <Delay = 4.33> <FuncUnit> <Opcode : 'udiv' 'sdiv' 'urem' 'srem'> <InPorts = 2> <OutPorts = 1>

State 10 <SV = 9> <Delay = 4.33>
ST_10 : Operation 70 [29/36] (4.33ns)   --->   "%sdiv_ln268 = sdiv i32 %sub_ln268, i32 %es_1_read" [kern.cpp:268]   --->   Operation 70 'sdiv' 'sdiv_ln268' <Predicate = (!icmp_ln266 & icmp_ln268)> <Delay = 4.33> <CoreInst = "Divider">   --->   Core 6 'Divider' <Latency = 35> <II = 1> <Delay = 4.33> <FuncUnit> <Opcode : 'udiv' 'sdiv' 'urem' 'srem'> <InPorts = 2> <OutPorts = 1>

State 11 <SV = 10> <Delay = 4.33>
ST_11 : Operation 71 [28/36] (4.33ns)   --->   "%sdiv_ln268 = sdiv i32 %sub_ln268, i32 %es_1_read" [kern.cpp:268]   --->   Operation 71 'sdiv' 'sdiv_ln268' <Predicate = (!icmp_ln266 & icmp_ln268)> <Delay = 4.33> <CoreInst = "Divider">   --->   Core 6 'Divider' <Latency = 35> <II = 1> <Delay = 4.33> <FuncUnit> <Opcode : 'udiv' 'sdiv' 'urem' 'srem'> <InPorts = 2> <OutPorts = 1>

State 12 <SV = 11> <Delay = 4.33>
ST_12 : Operation 72 [27/36] (4.33ns)   --->   "%sdiv_ln268 = sdiv i32 %sub_ln268, i32 %es_1_read" [kern.cpp:268]   --->   Operation 72 'sdiv' 'sdiv_ln268' <Predicate = (!icmp_ln266 & icmp_ln268)> <Delay = 4.33> <CoreInst = "Divider">   --->   Core 6 'Divider' <Latency = 35> <II = 1> <Delay = 4.33> <FuncUnit> <Opcode : 'udiv' 'sdiv' 'urem' 'srem'> <InPorts = 2> <OutPorts = 1>

State 13 <SV = 12> <Delay = 4.33>
ST_13 : Operation 73 [26/36] (4.33ns)   --->   "%sdiv_ln268 = sdiv i32 %sub_ln268, i32 %es_1_read" [kern.cpp:268]   --->   Operation 73 'sdiv' 'sdiv_ln268' <Predicate = (!icmp_ln266 & icmp_ln268)> <Delay = 4.33> <CoreInst = "Divider">   --->   Core 6 'Divider' <Latency = 35> <II = 1> <Delay = 4.33> <FuncUnit> <Opcode : 'udiv' 'sdiv' 'urem' 'srem'> <InPorts = 2> <OutPorts = 1>

State 14 <SV = 13> <Delay = 4.33>
ST_14 : Operation 74 [25/36] (4.33ns)   --->   "%sdiv_ln268 = sdiv i32 %sub_ln268, i32 %es_1_read" [kern.cpp:268]   --->   Operation 74 'sdiv' 'sdiv_ln268' <Predicate = (!icmp_ln266 & icmp_ln268)> <Delay = 4.33> <CoreInst = "Divider">   --->   Core 6 'Divider' <Latency = 35> <II = 1> <Delay = 4.33> <FuncUnit> <Opcode : 'udiv' 'sdiv' 'urem' 'srem'> <InPorts = 2> <OutPorts = 1>

State 15 <SV = 14> <Delay = 4.33>
ST_15 : Operation 75 [24/36] (4.33ns)   --->   "%sdiv_ln268 = sdiv i32 %sub_ln268, i32 %es_1_read" [kern.cpp:268]   --->   Operation 75 'sdiv' 'sdiv_ln268' <Predicate = (!icmp_ln266 & icmp_ln268)> <Delay = 4.33> <CoreInst = "Divider">   --->   Core 6 'Divider' <Latency = 35> <II = 1> <Delay = 4.33> <FuncUnit> <Opcode : 'udiv' 'sdiv' 'urem' 'srem'> <InPorts = 2> <OutPorts = 1>

State 16 <SV = 15> <Delay = 4.33>
ST_16 : Operation 76 [23/36] (4.33ns)   --->   "%sdiv_ln268 = sdiv i32 %sub_ln268, i32 %es_1_read" [kern.cpp:268]   --->   Operation 76 'sdiv' 'sdiv_ln268' <Predicate = (!icmp_ln266 & icmp_ln268)> <Delay = 4.33> <CoreInst = "Divider">   --->   Core 6 'Divider' <Latency = 35> <II = 1> <Delay = 4.33> <FuncUnit> <Opcode : 'udiv' 'sdiv' 'urem' 'srem'> <InPorts = 2> <OutPorts = 1>

State 17 <SV = 16> <Delay = 4.33>
ST_17 : Operation 77 [22/36] (4.33ns)   --->   "%sdiv_ln268 = sdiv i32 %sub_ln268, i32 %es_1_read" [kern.cpp:268]   --->   Operation 77 'sdiv' 'sdiv_ln268' <Predicate = (!icmp_ln266 & icmp_ln268)> <Delay = 4.33> <CoreInst = "Divider">   --->   Core 6 'Divider' <Latency = 35> <II = 1> <Delay = 4.33> <FuncUnit> <Opcode : 'udiv' 'sdiv' 'urem' 'srem'> <InPorts = 2> <OutPorts = 1>

State 18 <SV = 17> <Delay = 4.33>
ST_18 : Operation 78 [21/36] (4.33ns)   --->   "%sdiv_ln268 = sdiv i32 %sub_ln268, i32 %es_1_read" [kern.cpp:268]   --->   Operation 78 'sdiv' 'sdiv_ln268' <Predicate = (!icmp_ln266 & icmp_ln268)> <Delay = 4.33> <CoreInst = "Divider">   --->   Core 6 'Divider' <Latency = 35> <II = 1> <Delay = 4.33> <FuncUnit> <Opcode : 'udiv' 'sdiv' 'urem' 'srem'> <InPorts = 2> <OutPorts = 1>

State 19 <SV = 18> <Delay = 4.33>
ST_19 : Operation 79 [20/36] (4.33ns)   --->   "%sdiv_ln268 = sdiv i32 %sub_ln268, i32 %es_1_read" [kern.cpp:268]   --->   Operation 79 'sdiv' 'sdiv_ln268' <Predicate = (!icmp_ln266 & icmp_ln268)> <Delay = 4.33> <CoreInst = "Divider">   --->   Core 6 'Divider' <Latency = 35> <II = 1> <Delay = 4.33> <FuncUnit> <Opcode : 'udiv' 'sdiv' 'urem' 'srem'> <InPorts = 2> <OutPorts = 1>

State 20 <SV = 19> <Delay = 4.33>
ST_20 : Operation 80 [19/36] (4.33ns)   --->   "%sdiv_ln268 = sdiv i32 %sub_ln268, i32 %es_1_read" [kern.cpp:268]   --->   Operation 80 'sdiv' 'sdiv_ln268' <Predicate = (!icmp_ln266 & icmp_ln268)> <Delay = 4.33> <CoreInst = "Divider">   --->   Core 6 'Divider' <Latency = 35> <II = 1> <Delay = 4.33> <FuncUnit> <Opcode : 'udiv' 'sdiv' 'urem' 'srem'> <InPorts = 2> <OutPorts = 1>

State 21 <SV = 20> <Delay = 4.33>
ST_21 : Operation 81 [18/36] (4.33ns)   --->   "%sdiv_ln268 = sdiv i32 %sub_ln268, i32 %es_1_read" [kern.cpp:268]   --->   Operation 81 'sdiv' 'sdiv_ln268' <Predicate = (!icmp_ln266 & icmp_ln268)> <Delay = 4.33> <CoreInst = "Divider">   --->   Core 6 'Divider' <Latency = 35> <II = 1> <Delay = 4.33> <FuncUnit> <Opcode : 'udiv' 'sdiv' 'urem' 'srem'> <InPorts = 2> <OutPorts = 1>

State 22 <SV = 21> <Delay = 4.33>
ST_22 : Operation 82 [17/36] (4.33ns)   --->   "%sdiv_ln268 = sdiv i32 %sub_ln268, i32 %es_1_read" [kern.cpp:268]   --->   Operation 82 'sdiv' 'sdiv_ln268' <Predicate = (!icmp_ln266 & icmp_ln268)> <Delay = 4.33> <CoreInst = "Divider">   --->   Core 6 'Divider' <Latency = 35> <II = 1> <Delay = 4.33> <FuncUnit> <Opcode : 'udiv' 'sdiv' 'urem' 'srem'> <InPorts = 2> <OutPorts = 1>

State 23 <SV = 22> <Delay = 4.33>
ST_23 : Operation 83 [16/36] (4.33ns)   --->   "%sdiv_ln268 = sdiv i32 %sub_ln268, i32 %es_1_read" [kern.cpp:268]   --->   Operation 83 'sdiv' 'sdiv_ln268' <Predicate = (!icmp_ln266 & icmp_ln268)> <Delay = 4.33> <CoreInst = "Divider">   --->   Core 6 'Divider' <Latency = 35> <II = 1> <Delay = 4.33> <FuncUnit> <Opcode : 'udiv' 'sdiv' 'urem' 'srem'> <InPorts = 2> <OutPorts = 1>

State 24 <SV = 23> <Delay = 4.33>
ST_24 : Operation 84 [15/36] (4.33ns)   --->   "%sdiv_ln268 = sdiv i32 %sub_ln268, i32 %es_1_read" [kern.cpp:268]   --->   Operation 84 'sdiv' 'sdiv_ln268' <Predicate = (!icmp_ln266 & icmp_ln268)> <Delay = 4.33> <CoreInst = "Divider">   --->   Core 6 'Divider' <Latency = 35> <II = 1> <Delay = 4.33> <FuncUnit> <Opcode : 'udiv' 'sdiv' 'urem' 'srem'> <InPorts = 2> <OutPorts = 1>

State 25 <SV = 24> <Delay = 4.33>
ST_25 : Operation 85 [14/36] (4.33ns)   --->   "%sdiv_ln268 = sdiv i32 %sub_ln268, i32 %es_1_read" [kern.cpp:268]   --->   Operation 85 'sdiv' 'sdiv_ln268' <Predicate = (!icmp_ln266 & icmp_ln268)> <Delay = 4.33> <CoreInst = "Divider">   --->   Core 6 'Divider' <Latency = 35> <II = 1> <Delay = 4.33> <FuncUnit> <Opcode : 'udiv' 'sdiv' 'urem' 'srem'> <InPorts = 2> <OutPorts = 1>

State 26 <SV = 25> <Delay = 4.33>
ST_26 : Operation 86 [13/36] (4.33ns)   --->   "%sdiv_ln268 = sdiv i32 %sub_ln268, i32 %es_1_read" [kern.cpp:268]   --->   Operation 86 'sdiv' 'sdiv_ln268' <Predicate = (!icmp_ln266 & icmp_ln268)> <Delay = 4.33> <CoreInst = "Divider">   --->   Core 6 'Divider' <Latency = 35> <II = 1> <Delay = 4.33> <FuncUnit> <Opcode : 'udiv' 'sdiv' 'urem' 'srem'> <InPorts = 2> <OutPorts = 1>

State 27 <SV = 26> <Delay = 4.33>
ST_27 : Operation 87 [12/36] (4.33ns)   --->   "%sdiv_ln268 = sdiv i32 %sub_ln268, i32 %es_1_read" [kern.cpp:268]   --->   Operation 87 'sdiv' 'sdiv_ln268' <Predicate = (!icmp_ln266 & icmp_ln268)> <Delay = 4.33> <CoreInst = "Divider">   --->   Core 6 'Divider' <Latency = 35> <II = 1> <Delay = 4.33> <FuncUnit> <Opcode : 'udiv' 'sdiv' 'urem' 'srem'> <InPorts = 2> <OutPorts = 1>

State 28 <SV = 27> <Delay = 4.33>
ST_28 : Operation 88 [11/36] (4.33ns)   --->   "%sdiv_ln268 = sdiv i32 %sub_ln268, i32 %es_1_read" [kern.cpp:268]   --->   Operation 88 'sdiv' 'sdiv_ln268' <Predicate = (!icmp_ln266 & icmp_ln268)> <Delay = 4.33> <CoreInst = "Divider">   --->   Core 6 'Divider' <Latency = 35> <II = 1> <Delay = 4.33> <FuncUnit> <Opcode : 'udiv' 'sdiv' 'urem' 'srem'> <InPorts = 2> <OutPorts = 1>

State 29 <SV = 28> <Delay = 4.33>
ST_29 : Operation 89 [10/36] (4.33ns)   --->   "%sdiv_ln268 = sdiv i32 %sub_ln268, i32 %es_1_read" [kern.cpp:268]   --->   Operation 89 'sdiv' 'sdiv_ln268' <Predicate = (!icmp_ln266 & icmp_ln268)> <Delay = 4.33> <CoreInst = "Divider">   --->   Core 6 'Divider' <Latency = 35> <II = 1> <Delay = 4.33> <FuncUnit> <Opcode : 'udiv' 'sdiv' 'urem' 'srem'> <InPorts = 2> <OutPorts = 1>

State 30 <SV = 29> <Delay = 4.33>
ST_30 : Operation 90 [9/36] (4.33ns)   --->   "%sdiv_ln268 = sdiv i32 %sub_ln268, i32 %es_1_read" [kern.cpp:268]   --->   Operation 90 'sdiv' 'sdiv_ln268' <Predicate = (!icmp_ln266 & icmp_ln268)> <Delay = 4.33> <CoreInst = "Divider">   --->   Core 6 'Divider' <Latency = 35> <II = 1> <Delay = 4.33> <FuncUnit> <Opcode : 'udiv' 'sdiv' 'urem' 'srem'> <InPorts = 2> <OutPorts = 1>

State 31 <SV = 30> <Delay = 4.33>
ST_31 : Operation 91 [8/36] (4.33ns)   --->   "%sdiv_ln268 = sdiv i32 %sub_ln268, i32 %es_1_read" [kern.cpp:268]   --->   Operation 91 'sdiv' 'sdiv_ln268' <Predicate = (!icmp_ln266 & icmp_ln268)> <Delay = 4.33> <CoreInst = "Divider">   --->   Core 6 'Divider' <Latency = 35> <II = 1> <Delay = 4.33> <FuncUnit> <Opcode : 'udiv' 'sdiv' 'urem' 'srem'> <InPorts = 2> <OutPorts = 1>

State 32 <SV = 31> <Delay = 4.33>
ST_32 : Operation 92 [7/36] (4.33ns)   --->   "%sdiv_ln268 = sdiv i32 %sub_ln268, i32 %es_1_read" [kern.cpp:268]   --->   Operation 92 'sdiv' 'sdiv_ln268' <Predicate = (!icmp_ln266 & icmp_ln268)> <Delay = 4.33> <CoreInst = "Divider">   --->   Core 6 'Divider' <Latency = 35> <II = 1> <Delay = 4.33> <FuncUnit> <Opcode : 'udiv' 'sdiv' 'urem' 'srem'> <InPorts = 2> <OutPorts = 1>

State 33 <SV = 32> <Delay = 4.33>
ST_33 : Operation 93 [6/36] (4.33ns)   --->   "%sdiv_ln268 = sdiv i32 %sub_ln268, i32 %es_1_read" [kern.cpp:268]   --->   Operation 93 'sdiv' 'sdiv_ln268' <Predicate = (!icmp_ln266 & icmp_ln268)> <Delay = 4.33> <CoreInst = "Divider">   --->   Core 6 'Divider' <Latency = 35> <II = 1> <Delay = 4.33> <FuncUnit> <Opcode : 'udiv' 'sdiv' 'urem' 'srem'> <InPorts = 2> <OutPorts = 1>

State 34 <SV = 33> <Delay = 4.33>
ST_34 : Operation 94 [5/36] (4.33ns)   --->   "%sdiv_ln268 = sdiv i32 %sub_ln268, i32 %es_1_read" [kern.cpp:268]   --->   Operation 94 'sdiv' 'sdiv_ln268' <Predicate = (!icmp_ln266 & icmp_ln268)> <Delay = 4.33> <CoreInst = "Divider">   --->   Core 6 'Divider' <Latency = 35> <II = 1> <Delay = 4.33> <FuncUnit> <Opcode : 'udiv' 'sdiv' 'urem' 'srem'> <InPorts = 2> <OutPorts = 1>

State 35 <SV = 34> <Delay = 4.33>
ST_35 : Operation 95 [4/36] (4.33ns)   --->   "%sdiv_ln268 = sdiv i32 %sub_ln268, i32 %es_1_read" [kern.cpp:268]   --->   Operation 95 'sdiv' 'sdiv_ln268' <Predicate = (!icmp_ln266 & icmp_ln268)> <Delay = 4.33> <CoreInst = "Divider">   --->   Core 6 'Divider' <Latency = 35> <II = 1> <Delay = 4.33> <FuncUnit> <Opcode : 'udiv' 'sdiv' 'urem' 'srem'> <InPorts = 2> <OutPorts = 1>

State 36 <SV = 35> <Delay = 4.33>
ST_36 : Operation 96 [3/36] (4.33ns)   --->   "%sdiv_ln268 = sdiv i32 %sub_ln268, i32 %es_1_read" [kern.cpp:268]   --->   Operation 96 'sdiv' 'sdiv_ln268' <Predicate = (!icmp_ln266 & icmp_ln268)> <Delay = 4.33> <CoreInst = "Divider">   --->   Core 6 'Divider' <Latency = 35> <II = 1> <Delay = 4.33> <FuncUnit> <Opcode : 'udiv' 'sdiv' 'urem' 'srem'> <InPorts = 2> <OutPorts = 1>

State 37 <SV = 36> <Delay = 4.33>
ST_37 : Operation 97 [2/36] (4.33ns)   --->   "%sdiv_ln268 = sdiv i32 %sub_ln268, i32 %es_1_read" [kern.cpp:268]   --->   Operation 97 'sdiv' 'sdiv_ln268' <Predicate = (!icmp_ln266 & icmp_ln268)> <Delay = 4.33> <CoreInst = "Divider">   --->   Core 6 'Divider' <Latency = 35> <II = 1> <Delay = 4.33> <FuncUnit> <Opcode : 'udiv' 'sdiv' 'urem' 'srem'> <InPorts = 2> <OutPorts = 1>

State 38 <SV = 37> <Delay = 4.33>
ST_38 : Operation 98 [1/36] (4.33ns)   --->   "%sdiv_ln268 = sdiv i32 %sub_ln268, i32 %es_1_read" [kern.cpp:268]   --->   Operation 98 'sdiv' 'sdiv_ln268' <Predicate = (!icmp_ln266 & icmp_ln268)> <Delay = 4.33> <CoreInst = "Divider">   --->   Core 6 'Divider' <Latency = 35> <II = 1> <Delay = 4.33> <FuncUnit> <Opcode : 'udiv' 'sdiv' 'urem' 'srem'> <InPorts = 2> <OutPorts = 1>
ST_38 : Operation 99 [1/1] (0.00ns)   --->   "%trunc_ln268 = trunc i16 %sdiv_ln268" [kern.cpp:268]   --->   Operation 99 'trunc' 'trunc_ln268' <Predicate = (!icmp_ln266 & icmp_ln268)> <Delay = 0.00>
ST_38 : Operation 104 [1/1] (1.58ns)   --->   "%ret_ln0 = ret"   --->   Operation 104 'ret' 'ret_ln0' <Predicate = (icmp_ln266)> <Delay = 1.58>

State 39 <SV = 38> <Delay = 2.32>
ST_39 : Operation 100 [1/1] (0.00ns)   --->   "%cond33 = phi i16 %trunc_ln268, void %cond.true27, i16 0, void %for.body25.split" [kern.cpp:268]   --->   Operation 100 'phi' 'cond33' <Predicate = true> <Delay = 0.00>
ST_39 : Operation 101 [1/1] (0.00ns)   --->   "%probs_addr = getelementptr i16 %probs, i64 0, i64 %zext_ln266" [kern.cpp:268]   --->   Operation 101 'getelementptr' 'probs_addr' <Predicate = true> <Delay = 0.00>
ST_39 : Operation 102 [1/1] ( I:2.32ns O:2.32ns )   --->   "%store_ln268 = store i16 %cond33, i4 %probs_addr" [kern.cpp:268]   --->   Operation 102 'store' 'store_ln268' <Predicate = true> <Delay = 2.32> <CoreInst = "RAM">   --->   Core 81 'RAM' <Latency = 1> <II = 1> <Delay = 2.32> <Storage> <Opcode : 'load' 'store'> <Ports = 2> <Width = 16> <Depth = 10> <RAM>
ST_39 : Operation 103 [1/1] (0.00ns)   --->   "%br_ln266 = br void %for.body25" [kern.cpp:266]   --->   Operation 103 'br' 'br_ln266' <Predicate = true> <Delay = 0.00>


============================================================
+ Verbose Summary: Binding
============================================================
STG Binding: 
---------------- STG Properties BEGIN ----------------
- Is combinational: 0
- Is one-state seq: 0
- Is datapath-only: 0
- Is pipelined: 0
- Is top level: 0
Port [ Return ] is wired: 1; IO mode=ap_ctrl_hs:ce=0
Port [ es_1]:  wired=1; compound=0; hidden=0; nouse=0; global=0; static=0; extern=0; dir=0; type=0; pingpong=0; private_global=0; IO mode=ap_none:ce=0
Port [ probs]:  wired=1; compound=1; hidden=0; nouse=0; global=0; static=0; extern=0; dir=1; type=1; pingpong=0; private_global=0; MemPort=[03]; IO mode=ap_memory:ce=0
Port [ ev]:  wired=1; compound=1; hidden=0; nouse=0; global=0; static=0; extern=0; dir=0; type=1; pingpong=0; private_global=0; MemPort=[13]; IO mode=ap_memory:ce=0
---------------- STG Properties END ------------------

---------------- Datapath Model BEGIN ----------------

<LifeTime>
<method=bitvector/>
i                       (alloca           ) [ 0100000000000000000000000000000000000000]
es_1_read               (read             ) [ 0111111111111111111111111111111111111110]
icmp_ln268              (icmp             ) [ 0111111111111111111111111111111111111111]
store_ln266             (store            ) [ 0000000000000000000000000000000000000000]
br_ln0                  (br               ) [ 0000000000000000000000000000000000000000]
i_1                     (load             ) [ 0000000000000000000000000000000000000000]
icmp_ln266              (icmp             ) [ 0111111111111111111111111111111111111111]
add_ln266               (add              ) [ 0000000000000000000000000000000000000000]
br_ln266                (br               ) [ 0000000000000000000000000000000000000000]
zext_ln266              (zext             ) [ 0111111111111111111111111111111111111111]
specpipeline_ln267      (specpipeline     ) [ 0000000000000000000000000000000000000000]
speclooptripcount_ln266 (speclooptripcount) [ 0000000000000000000000000000000000000000]
specloopname_ln266      (specloopname     ) [ 0000000000000000000000000000000000000000]
br_ln268                (br               ) [ 0111111111111111111111111111111111111111]
ev_addr                 (getelementptr    ) [ 0110000000000000000000000000000000000000]
br_ln268                (br               ) [ 0111111111111111111111111111111111111111]
store_ln266             (store            ) [ 0000000000000000000000000000000000000000]
ev_load                 (load             ) [ 0000000000000000000000000000000000000000]
shl_ln268               (shl              ) [ 0000000000000000000000000000000000000000]
sub_ln268               (sub              ) [ 0101111111111111111111111111111111111110]
sdiv_ln268              (sdiv             ) [ 0000000000000000000000000000000000000000]
trunc_ln268             (trunc            ) [ 0100000000000000000000000000000000000001]
cond33                  (phi              ) [ 0100000000000000000000000000000000000001]
probs_addr              (getelementptr    ) [ 0000000000000000000000000000000000000000]
store_ln268             (store            ) [ 0000000000000000000000000000000000000000]
br_ln266                (br               ) [ 0000000000000000000000000000000000000000]
ret_ln0                 (ret              ) [ 0000000000000000000000000000000000000000]
</LifeTime>

<model>

<comp_list>
<comp id="0" class="1000" name="es_1">
<pin_list>
<pin id="1" dir="1" index="0" bw="1" slack="0"/>
</pin_list>
<bind>
<StgValue><ssdm name="es_1"/></StgValue>
</bind>
</comp>

<comp id="2" class="1000" name="probs">
<pin_list>
<pin id="3" dir="1" index="0" bw="1" slack="0"/>
</pin_list>
<bind>
<StgValue><ssdm name="probs"/><MemPortTyVec>0 3 </MemPortTyVec>
</StgValue>
</bind>
</comp>

<comp id="4" class="1000" name="ev">
<pin_list>
<pin id="5" dir="1" index="0" bw="1" slack="0"/>
</pin_list>
<bind>
<StgValue><ssdm name="ev"/><MemPortTyVec>1 3 </MemPortTyVec>
</StgValue>
</bind>
</comp>

<comp id="6" class="1001" name="const_6">
<pin_list>
<pin id="7" dir="1" index="0" bw="1" slack="0"/>
</pin_list>
<bind>
<StgValue><ssdm name=""/></StgValue>
</bind>
</comp>

<comp id="8" class="1001" name="const_8">
<pin_list>
<pin id="9" dir="1" index="0" bw="1" slack="0"/>
</pin_list>
<bind>
<StgValue><ssdm name="_ssdm_op_Read.ap_auto.i32"/></StgValue>
</bind>
</comp>

<comp id="10" class="1001" name="const_10">
<pin_list>
<pin id="11" dir="1" index="0" bw="1" slack="0"/>
</pin_list>
<bind>
<StgValue><ssdm name=""/></StgValue>
</bind>
</comp>

<comp id="12" class="1001" name="const_12">
<pin_list>
<pin id="13" dir="1" index="0" bw="1" slack="0"/>
</pin_list>
<bind>
<StgValue><ssdm name=""/></StgValue>
</bind>
</comp>

<comp id="14" class="1001" name="const_14">
<pin_list>
<pin id="15" dir="1" index="0" bw="1" slack="0"/>
</pin_list>
<bind>
<StgValue><ssdm name=""/></StgValue>
</bind>
</comp>

<comp id="16" class="1001" name="const_16">
<pin_list>
<pin id="17" dir="1" index="0" bw="1" slack="0"/>
</pin_list>
<bind>
<StgValue><ssdm name=""/></StgValue>
</bind>
</comp>

<comp id="18" class="1001" name="const_18">
<pin_list>
<pin id="19" dir="1" index="0" bw="1" slack="2147483647"/>
</pin_list>
<bind>
<StgValue><ssdm name="_ssdm_op_SpecPipeline"/></StgValue>
</bind>
</comp>

<comp id="20" class="1001" name="const_20">
<pin_list>
<pin id="21" dir="1" index="0" bw="1" slack="2147483647"/>
</pin_list>
<bind>
<StgValue><ssdm name=""/></StgValue>
</bind>
</comp>

<comp id="22" class="1001" name="const_22">
<pin_list>
<pin id="23" dir="1" index="0" bw="1" slack="2147483647"/>
</pin_list>
<bind>
<StgValue><ssdm name="empty_5"/></StgValue>
</bind>
</comp>

<comp id="24" class="1001" name="const_24">
<pin_list>
<pin id="25" dir="1" index="0" bw="1" slack="2147483647"/>
</pin_list>
<bind>
<StgValue><ssdm name="_ssdm_op_SpecLoopTripCount"/></StgValue>
</bind>
</comp>

<comp id="26" class="1001" name="const_26">
<pin_list>
<pin id="27" dir="1" index="0" bw="1" slack="2147483647"/>
</pin_list>
<bind>
<StgValue><ssdm name=""/></StgValue>
</bind>
</comp>

<comp id="28" class="1001" name="const_28">
<pin_list>
<pin id="29" dir="1" index="0" bw="1" slack="2147483647"/>
</pin_list>
<bind>
<StgValue><ssdm name="_ssdm_op_SpecLoopName"/></StgValue>
</bind>
</comp>

<comp id="30" class="1001" name="const_30">
<pin_list>
<pin id="31" dir="1" index="0" bw="1" slack="2147483647"/>
</pin_list>
<bind>
<StgValue><ssdm name="empty_22"/></StgValue>
</bind>
</comp>

<comp id="32" class="1001" name="const_32">
<pin_list>
<pin id="33" dir="1" index="0" bw="1" slack="0"/>
</pin_list>
<bind>
<StgValue><ssdm name=""/></StgValue>
</bind>
</comp>

<comp id="34" class="1001" name="const_34">
<pin_list>
<pin id="35" dir="1" index="0" bw="1" slack="0"/>
</pin_list>
<bind>
<StgValue><ssdm name=""/></StgValue>
</bind>
</comp>

<comp id="36" class="1001" name="const_36">
<pin_list>
<pin id="37" dir="1" index="0" bw="1" slack="38"/>
</pin_list>
<bind>
<StgValue><ssdm name=""/></StgValue>
</bind>
</comp>

<comp id="38" class="1004" name="i_fu_38">
<pin_list>
<pin id="39" dir="0" index="0" bw="1" slack="0"/>
<pin id="40" dir="1" index="1" bw="4" slack="0"/>
</pin_list>
<bind>
<opcode="alloca(26) " fcode="alloca"/>
<opset="i/1 "/>
</bind>
</comp>

<comp id="42" class="1004" name="es_1_read_read_fu_42">
<pin_list>
<pin id="43" dir="0" index="0" bw="32" slack="0"/>
<pin id="44" dir="0" index="1" bw="32" slack="0"/>
<pin id="45" dir="1" index="2" bw="32" slack="0"/>
</pin_list>
<bind>
<opcode="read(1150) " fcode="read"/>
<opset="es_1_read/1 "/>
</bind>
</comp>

<comp id="48" class="1004" name="ev_addr_gep_fu_48">
<pin_list>
<pin id="49" dir="0" index="0" bw="32" slack="0"/>
<pin id="50" dir="0" index="1" bw="1" slack="0"/>
<pin id="51" dir="0" index="2" bw="4" slack="0"/>
<pin id="52" dir="1" index="3" bw="4" slack="0"/>
</pin_list>
<bind>
<opcode="getelementptr(29) " fcode="getelementptr"/>
<opset="ev_addr/1 "/>
</bind>
</comp>

<comp id="55" class="1004" name="grp_access_fu_55">
<pin_list>
<pin id="56" dir="0" index="0" bw="4" slack="0"/>
<pin id="57" dir="0" index="1" bw="32" slack="2147483647"/>
<pin id="58" dir="0" index="2" bw="0" slack="2147483647"/>
<pin id="59" dir="1" index="3" bw="32" slack="0"/>
</pin_list>
<bind>
<opcode="load(27) " fcode="load"/>
<opset="ev_load/1 "/>
</bind>
</comp>

<comp id="61" class="1004" name="probs_addr_gep_fu_61">
<pin_list>
<pin id="62" dir="0" index="0" bw="16" slack="0"/>
<pin id="63" dir="0" index="1" bw="1" slack="0"/>
<pin id="64" dir="0" index="2" bw="4" slack="38"/>
<pin id="65" dir="1" index="3" bw="4" slack="0"/>
</pin_list>
<bind>
<opcode="getelementptr(29) " fcode="getelementptr"/>
<opset="probs_addr/39 "/>
</bind>
</comp>

<comp id="68" class="1004" name="store_ln268_access_fu_68">
<pin_list>
<pin id="69" dir="0" index="0" bw="4" slack="0"/>
<pin id="70" dir="0" index="1" bw="16" slack="0"/>
<pin id="71" dir="0" index="2" bw="0" slack="2147483647"/>
<pin id="72" dir="1" index="3" bw="16" slack="2147483647"/>
</pin_list>
<bind>
<opcode="store(28) " fcode="store"/>
<opset="store_ln268/39 "/>
</bind>
</comp>

<comp id="74" class="1005" name="cond33_reg_74">
<pin_list>
<pin id="75" dir="0" index="0" bw="16" slack="38"/>
<pin id="76" dir="1" index="1" bw="16" slack="38"/>
</pin_list>
<bind>
<opset="cond33 (phireg) "/>
</bind>
</comp>

<comp id="78" class="1004" name="cond33_phi_fu_78">
<pin_list>
<pin id="79" dir="0" index="0" bw="16" slack="1"/>
<pin id="80" dir="0" index="1" bw="0" slack="2147483647"/>
<pin id="81" dir="0" index="2" bw="1" slack="38"/>
<pin id="82" dir="0" index="3" bw="0" slack="2147483647"/>
<pin id="83" dir="1" index="4" bw="16" slack="0"/>
</pin_list>
<bind>
<opcode="phi(47) " fcode="phi"/>
<opset="cond33/39 "/>
</bind>
</comp>

<comp id="86" class="1004" name="icmp_ln268_fu_86">
<pin_list>
<pin id="87" dir="0" index="0" bw="32" slack="0"/>
<pin id="88" dir="0" index="1" bw="1" slack="0"/>
<pin id="89" dir="1" index="2" bw="1" slack="1"/>
</pin_list>
<bind>
<opcode="icmp(45) " fcode="icmp"/>
<opset="icmp_ln268/1 "/>
</bind>
</comp>

<comp id="92" class="1004" name="store_ln266_store_fu_92">
<pin_list>
<pin id="93" dir="0" index="0" bw="1" slack="0"/>
<pin id="94" dir="0" index="1" bw="4" slack="0"/>
<pin id="95" dir="1" index="2" bw="0" slack="2147483647"/>
</pin_list>
<bind>
<opcode="store(28) " fcode="store"/>
<opset="store_ln266/1 "/>
</bind>
</comp>

<comp id="97" class="1004" name="i_1_load_fu_97">
<pin_list>
<pin id="98" dir="0" index="0" bw="4" slack="0"/>
<pin id="99" dir="1" index="1" bw="4" slack="0"/>
</pin_list>
<bind>
<opcode="load(27) " fcode="load"/>
<opset="i_1/1 "/>
</bind>
</comp>

<comp id="100" class="1004" name="icmp_ln266_fu_100">
<pin_list>
<pin id="101" dir="0" index="0" bw="4" slack="0"/>
<pin id="102" dir="0" index="1" bw="4" slack="0"/>
<pin id="103" dir="1" index="2" bw="1" slack="1"/>
</pin_list>
<bind>
<opcode="icmp(45) " fcode="icmp"/>
<opset="icmp_ln266/1 "/>
</bind>
</comp>

<comp id="106" class="1004" name="add_ln266_fu_106">
<pin_list>
<pin id="107" dir="0" index="0" bw="4" slack="0"/>
<pin id="108" dir="0" index="1" bw="1" slack="0"/>
<pin id="109" dir="1" index="2" bw="4" slack="0"/>
</pin_list>
<bind>
<opcode="add(8) " fcode="add"/>
<opset="add_ln266/1 "/>
</bind>
</comp>

<comp id="112" class="1004" name="zext_ln266_fu_112">
<pin_list>
<pin id="113" dir="0" index="0" bw="4" slack="0"/>
<pin id="114" dir="1" index="1" bw="64" slack="0"/>
</pin_list>
<bind>
<opcode="zext(34) " fcode="zext"/>
<opset="zext_ln266/1 "/>
</bind>
</comp>

<comp id="117" class="1004" name="store_ln266_store_fu_117">
<pin_list>
<pin id="118" dir="0" index="0" bw="4" slack="0"/>
<pin id="119" dir="0" index="1" bw="4" slack="0"/>
<pin id="120" dir="1" index="2" bw="0" slack="2147483647"/>
</pin_list>
<bind>
<opcode="store(28) " fcode="store"/>
<opset="store_ln266/1 "/>
</bind>
</comp>

<comp id="122" class="1004" name="shl_ln268_fu_122">
<pin_list>
<pin id="123" dir="0" index="0" bw="32" slack="0"/>
<pin id="124" dir="0" index="1" bw="6" slack="0"/>
<pin id="125" dir="1" index="2" bw="32" slack="0"/>
</pin_list>
<bind>
<opcode="shl(20) " fcode="shl"/>
<opset="shl_ln268/2 "/>
</bind>
</comp>

<comp id="128" class="1004" name="sub_ln268_fu_128">
<pin_list>
<pin id="129" dir="0" index="0" bw="32" slack="0"/>
<pin id="130" dir="0" index="1" bw="32" slack="0"/>
<pin id="131" dir="1" index="2" bw="32" slack="1"/>
</pin_list>
<bind>
<opcode="sub(10) " fcode="sub"/>
<opset="sub_ln268/2 "/>
</bind>
</comp>

<comp id="134" class="1004" name="grp_fu_134">
<pin_list>
<pin id="135" dir="0" index="0" bw="32" slack="1"/>
<pin id="136" dir="0" index="1" bw="32" slack="2"/>
<pin id="137" dir="1" index="2" bw="16" slack="0"/>
</pin_list>
<bind>
<opcode="sdiv(15) " fcode="sdiv"/>
<opset="sdiv_ln268/3 "/>
</bind>
</comp>

<comp id="138" class="1004" name="trunc_ln268_fu_138">
<pin_list>
<pin id="139" dir="0" index="0" bw="16" slack="0"/>
<pin id="140" dir="1" index="1" bw="16" slack="1"/>
</pin_list>
<bind>
<opcode="trunc(33) " fcode="trunc"/>
<opset="trunc_ln268/38 "/>
</bind>
</comp>

<comp id="142" class="1005" name="i_reg_142">
<pin_list>
<pin id="143" dir="0" index="0" bw="4" slack="0"/>
<pin id="144" dir="1" index="1" bw="4" slack="0"/>
</pin_list>
<bind>
<opset="i "/>
</bind>
</comp>

<comp id="149" class="1005" name="es_1_read_reg_149">
<pin_list>
<pin id="150" dir="0" index="0" bw="32" slack="2"/>
<pin id="151" dir="1" index="1" bw="32" slack="2"/>
</pin_list>
<bind>
<opset="es_1_read "/>
</bind>
</comp>

<comp id="154" class="1005" name="icmp_ln268_reg_154">
<pin_list>
<pin id="155" dir="0" index="0" bw="1" slack="1"/>
<pin id="156" dir="1" index="1" bw="1" slack="2147483647"/>
</pin_list>
<bind>
<opset="icmp_ln268 "/>
</bind>
</comp>

<comp id="158" class="1005" name="icmp_ln266_reg_158">
<pin_list>
<pin id="159" dir="0" index="0" bw="1" slack="1"/>
<pin id="160" dir="1" index="1" bw="1" slack="2147483647"/>
</pin_list>
<bind>
<opset="icmp_ln266 "/>
</bind>
</comp>

<comp id="162" class="1005" name="zext_ln266_reg_162">
<pin_list>
<pin id="163" dir="0" index="0" bw="64" slack="38"/>
<pin id="164" dir="1" index="1" bw="64" slack="38"/>
</pin_list>
<bind>
<opset="zext_ln266 "/>
</bind>
</comp>

<comp id="167" class="1005" name="ev_addr_reg_167">
<pin_list>
<pin id="168" dir="0" index="0" bw="4" slack="1"/>
<pin id="169" dir="1" index="1" bw="4" slack="1"/>
</pin_list>
<bind>
<opset="ev_addr "/>
</bind>
</comp>

<comp id="172" class="1005" name="sub_ln268_reg_172">
<pin_list>
<pin id="173" dir="0" index="0" bw="32" slack="1"/>
<pin id="174" dir="1" index="1" bw="32" slack="1"/>
</pin_list>
<bind>
<opset="sub_ln268 "/>
</bind>
</comp>

<comp id="177" class="1005" name="trunc_ln268_reg_177">
<pin_list>
<pin id="178" dir="0" index="0" bw="16" slack="1"/>
<pin id="179" dir="1" index="1" bw="16" slack="1"/>
</pin_list>
<bind>
<opset="trunc_ln268 "/>
</bind>
</comp>

</comp_list>

<net_list>
<net id="41"><net_src comp="6" pin="0"/><net_sink comp="38" pin=0"/></net>

<net id="46"><net_src comp="8" pin="0"/><net_sink comp="42" pin=0"/></net>

<net id="47"><net_src comp="0" pin="0"/><net_sink comp="42" pin=1"/></net>

<net id="53"><net_src comp="4" pin="0"/><net_sink comp="48" pin=0"/></net>

<net id="54"><net_src comp="32" pin="0"/><net_sink comp="48" pin=1"/></net>

<net id="60"><net_src comp="48" pin="3"/><net_sink comp="55" pin=0"/></net>

<net id="66"><net_src comp="2" pin="0"/><net_sink comp="61" pin=0"/></net>

<net id="67"><net_src comp="32" pin="0"/><net_sink comp="61" pin=1"/></net>

<net id="73"><net_src comp="61" pin="3"/><net_sink comp="68" pin=0"/></net>

<net id="77"><net_src comp="36" pin="0"/><net_sink comp="74" pin=0"/></net>

<net id="84"><net_src comp="74" pin="1"/><net_sink comp="78" pin=2"/></net>

<net id="85"><net_src comp="78" pin="4"/><net_sink comp="68" pin=1"/></net>

<net id="90"><net_src comp="42" pin="2"/><net_sink comp="86" pin=0"/></net>

<net id="91"><net_src comp="10" pin="0"/><net_sink comp="86" pin=1"/></net>

<net id="96"><net_src comp="12" pin="0"/><net_sink comp="92" pin=0"/></net>

<net id="104"><net_src comp="97" pin="1"/><net_sink comp="100" pin=0"/></net>

<net id="105"><net_src comp="14" pin="0"/><net_sink comp="100" pin=1"/></net>

<net id="110"><net_src comp="97" pin="1"/><net_sink comp="106" pin=0"/></net>

<net id="111"><net_src comp="16" pin="0"/><net_sink comp="106" pin=1"/></net>

<net id="115"><net_src comp="97" pin="1"/><net_sink comp="112" pin=0"/></net>

<net id="116"><net_src comp="112" pin="1"/><net_sink comp="48" pin=2"/></net>

<net id="121"><net_src comp="106" pin="2"/><net_sink comp="117" pin=0"/></net>

<net id="126"><net_src comp="55" pin="3"/><net_sink comp="122" pin=0"/></net>

<net id="127"><net_src comp="34" pin="0"/><net_sink comp="122" pin=1"/></net>

<net id="132"><net_src comp="122" pin="2"/><net_sink comp="128" pin=0"/></net>

<net id="133"><net_src comp="55" pin="3"/><net_sink comp="128" pin=1"/></net>

<net id="141"><net_src comp="134" pin="2"/><net_sink comp="138" pin=0"/></net>

<net id="145"><net_src comp="38" pin="1"/><net_sink comp="142" pin=0"/></net>

<net id="146"><net_src comp="142" pin="1"/><net_sink comp="92" pin=1"/></net>

<net id="147"><net_src comp="142" pin="1"/><net_sink comp="97" pin=0"/></net>

<net id="148"><net_src comp="142" pin="1"/><net_sink comp="117" pin=1"/></net>

<net id="152"><net_src comp="42" pin="2"/><net_sink comp="149" pin=0"/></net>

<net id="153"><net_src comp="149" pin="1"/><net_sink comp="134" pin=1"/></net>

<net id="157"><net_src comp="86" pin="2"/><net_sink comp="154" pin=0"/></net>

<net id="161"><net_src comp="100" pin="2"/><net_sink comp="158" pin=0"/></net>

<net id="165"><net_src comp="112" pin="1"/><net_sink comp="162" pin=0"/></net>

<net id="166"><net_src comp="162" pin="1"/><net_sink comp="61" pin=2"/></net>

<net id="170"><net_src comp="48" pin="3"/><net_sink comp="167" pin=0"/></net>

<net id="171"><net_src comp="167" pin="1"/><net_sink comp="55" pin=0"/></net>

<net id="175"><net_src comp="128" pin="2"/><net_sink comp="172" pin=0"/></net>

<net id="176"><net_src comp="172" pin="1"/><net_sink comp="134" pin=0"/></net>

<net id="180"><net_src comp="138" pin="1"/><net_sink comp="177" pin=0"/></net>

<net id="181"><net_src comp="177" pin="1"/><net_sink comp="78" pin=0"/></net>

</net_list>

</model> 
---------------- Datapath Model END ------------------

* FSMD analyzer results:
  - Output states:
	Port: probs | {39 }
 - Input state : 
	Port: softmax_Pipeline_SM_NORM : es_1 | {1 }
	Port: softmax_Pipeline_SM_NORM : ev | {1 2 }
  - Chain level:
	State 1
		store_ln266 : 1
		i_1 : 1
		icmp_ln266 : 2
		add_ln266 : 2
		br_ln266 : 3
		zext_ln266 : 2
		br_ln268 : 1
		ev_addr : 3
		ev_load : 4
		store_ln266 : 3
	State 2
		shl_ln268 : 1
		sub_ln268 : 1
	State 3
	State 4
	State 5
	State 6
	State 7
	State 8
	State 9
	State 10
	State 11
	State 12
	State 13
	State 14
	State 15
	State 16
	State 17
	State 18
	State 19
	State 20
	State 21
	State 22
	State 23
	State 24
	State 25
	State 26
	State 27
	State 28
	State 29
	State 30
	State 31
	State 32
	State 33
	State 34
	State 35
	State 36
	State 37
	State 38
		trunc_ln268 : 1
	State 39
		store_ln268 : 1


============================================================
+ Verbose Summary: Datapath Resource usage 
============================================================

* Functional unit list:
|----------|----------------------|---------|---------|
| Operation|    Functional Unit   |    FF   |   LUT   |
|----------|----------------------|---------|---------|
|   sdiv   |      grp_fu_134      |   2283  |   1738  |
|----------|----------------------|---------|---------|
|   icmp   |   icmp_ln268_fu_86   |    0    |    39   |
|          |   icmp_ln266_fu_100  |    0    |    13   |
|----------|----------------------|---------|---------|
|    sub   |   sub_ln268_fu_128   |    0    |    39   |
|----------|----------------------|---------|---------|
|    add   |   add_ln266_fu_106   |    0    |    13   |
|----------|----------------------|---------|---------|
|   read   | es_1_read_read_fu_42 |    0    |    0    |
|----------|----------------------|---------|---------|
|   zext   |   zext_ln266_fu_112  |    0    |    0    |
|----------|----------------------|---------|---------|
|    shl   |   shl_ln268_fu_122   |    0    |    0    |
|----------|----------------------|---------|---------|
|   trunc  |  trunc_ln268_fu_138  |    0    |    0    |
|----------|----------------------|---------|---------|
|   Total  |                      |   2283  |   1842  |
|----------|----------------------|---------|---------|

Memories:
N/A

* Register list:
+-------------------+--------+
|                   |   FF   |
+-------------------+--------+
|   cond33_reg_74   |   16   |
| es_1_read_reg_149 |   32   |
|  ev_addr_reg_167  |    4   |
|     i_reg_142     |    4   |
| icmp_ln266_reg_158|    1   |
| icmp_ln268_reg_154|    1   |
| sub_ln268_reg_172 |   32   |
|trunc_ln268_reg_177|   16   |
| zext_ln266_reg_162|   64   |
+-------------------+--------+
|       Total       |   170  |
+-------------------+--------+

* Multiplexer (MUX) list: 
|------------------|------|------|------|--------||---------||---------||---------|
|       Comp       |  Pin | Size |  BW  | S x BW ||  Delay  ||    FF   ||   LUT   |
|------------------|------|------|------|--------||---------||---------||---------|
| grp_access_fu_55 |  p0  |   2  |   4  |    8   ||    0    ||    9    |
|------------------|------|------|------|--------||---------||---------||---------|
|       Total      |      |      |      |    8   ||  1.588  ||    0    ||    9    |
|------------------|------|------|------|--------||---------||---------||---------|



* Summary:
+-----------+--------+--------+--------+
|           |  Delay |   FF   |   LUT  |
+-----------+--------+--------+--------+
|  Function |    -   |  2283  |  1842  |
|   Memory  |    -   |    -   |    -   |
|Multiplexer|    1   |    0   |    9   |
|  Register |    -   |   170  |    -   |
+-----------+--------+--------+--------+
|   Total   |    1   |  2453  |  1851  |
+-----------+--------+--------+--------+
