

================================================================
== Vitis HLS Report for 'softmax'
================================================================
* Date:           Fri May  1 21:41:12 2026

* Version:        2025.2 (Build 6295257 on Nov 14 2025)
* Project:        hls_component
* Solution:       hls (Vivado IP Flow Target)
* Product family: zynq
* Target device:  xc7z020-clg400-1


================================================================
== Performance Estimates
================================================================
+ Timing: 
    * Summary: 
    +--------+----------+----------+------------+
    |  Clock |  Target  | Estimated| Uncertainty|
    +--------+----------+----------+------------+
    |ap_clk  |  10.00 ns|  6.500 ns|     2.70 ns|
    +--------+----------+----------+------------+

+ Latency: 
    * Summary: 
    +---------+---------+----------+----------+-----+-----+---------+
    |  Latency (cycles) |  Latency (absolute) |  Interval | Pipeline|
    |   min   |   max   |    min   |    max   | min | max |   Type  |
    +---------+---------+----------+----------+-----+-----+---------+
    |       62|       62|  0.620 us|  0.620 us|   62|   62|       no|
    +---------+---------+----------+----------+-----+-----+---------+

    + Detail: 
        * Instance: 
        N/A

        * Loop: 
        N/A

============================================================
+ Verbose Summary: Synthesis Manager
============================================================
InlineROM: 1
ExposeGlobal: 0
============================================================
+ Verbose Summary: CDFG Model
============================================================
IsTopModel: 0
ResetActiveHigh: 1
IsCombinational: 0
IsDatapathOnly: 0
HasWiredReturn: 1
HasMFsm: 0
HasVarLatency: 1
IsPipeline: 0
IsRtlPipelined: 0
IsInstanceOverlapped: 0
IsDontTouch: 0
HasImplIP: 0
IsGatedGlobalClock: 0


============================================================
+ Verbose Summary: Schedule
============================================================
* Number of FSM states : 14
* Pipeline : 0
* Dataflow Pipeline: 0

* FSM state transitions: 
1 --> 2 
2 --> 3 
3 --> 4 
4 --> 5 
5 --> 6 
6 --> 7 
7 --> 8 
8 --> 9 
9 --> 10 
10 --> 11 
11 --> 12 
12 --> 13 
13 --> 14 
14 --> 

* FSM state operations: 

State 1 <SV = 0> <Delay = 2.32>
ST_1 : Operation 15 [1/1] (0.00ns)   --->   "%logits_addr = getelementptr i32 %logits, i64 0, i64 0"   --->   Operation 15 'getelementptr' 'logits_addr' <Predicate = true> <Delay = 0.00>
ST_1 : Operation 16 [1/1] (0.00ns)   --->   "%ev = alloca i64 1" [kern.cpp:259]   --->   Operation 16 'alloca' 'ev' <Predicate = true> <Delay = 0.00> <CoreInst = "RAM">   --->   Core 81 'RAM' <Latency = 1> <II = 1> <Delay = 2.32> <Storage> <Opcode : 'load' 'store'> <Ports = 2> <Width = 32> <Depth = 10> <RAM>
ST_1 : Operation 17 [2/2] (2.32ns)   --->   "%max_val = load i4 %logits_addr" [kern.cpp:253]   --->   Operation 17 'load' 'max_val' <Predicate = true> <Delay = 2.32> <CoreInst = "RAM">   --->   Core 81 'RAM' <Latency = 1> <II = 1> <Delay = 2.32> <Storage> <Opcode : 'load' 'store'> <Ports = 2> <Width = 32> <Depth = 10> <RAM>
ST_1 : Operation 18 [1/1] (0.00ns)   --->   "%logits_addr_1 = getelementptr i32 %logits, i64 0, i64 1" [kern.cpp:256]   --->   Operation 18 'getelementptr' 'logits_addr_1' <Predicate = true> <Delay = 0.00>
ST_1 : Operation 19 [2/2] (2.32ns)   --->   "%logits_load = load i4 %logits_addr_1" [kern.cpp:256]   --->   Operation 19 'load' 'logits_load' <Predicate = true> <Delay = 2.32> <CoreInst = "RAM">   --->   Core 81 'RAM' <Latency = 1> <II = 1> <Delay = 2.32> <Storage> <Opcode : 'load' 'store'> <Ports = 2> <Width = 32> <Depth = 10> <RAM>

State 2 <SV = 1> <Delay = 2.32>
ST_2 : Operation 20 [1/2] ( I:2.32ns O:2.32ns )   --->   "%max_val = load i4 %logits_addr" [kern.cpp:253]   --->   Operation 20 'load' 'max_val' <Predicate = true> <Delay = 2.32> <CoreInst = "RAM">   --->   Core 81 'RAM' <Latency = 1> <II = 1> <Delay = 2.32> <Storage> <Opcode : 'load' 'store'> <Ports = 2> <Width = 32> <Depth = 10> <RAM>
ST_2 : Operation 21 [1/2] ( I:2.32ns O:2.32ns )   --->   "%logits_load = load i4 %logits_addr_1" [kern.cpp:256]   --->   Operation 21 'load' 'logits_load' <Predicate = true> <Delay = 2.32> <CoreInst = "RAM">   --->   Core 81 'RAM' <Latency = 1> <II = 1> <Delay = 2.32> <Storage> <Opcode : 'load' 'store'> <Ports = 2> <Width = 32> <Depth = 10> <RAM>
ST_2 : Operation 22 [1/1] (0.00ns)   --->   "%logits_addr_2 = getelementptr i32 %logits, i64 0, i64 2" [kern.cpp:256]   --->   Operation 22 'getelementptr' 'logits_addr_2' <Predicate = true> <Delay = 0.00>
ST_2 : Operation 23 [2/2] (2.32ns)   --->   "%max_val_2 = load i4 %logits_addr_2" [kern.cpp:256]   --->   Operation 23 'load' 'max_val_2' <Predicate = true> <Delay = 2.32> <CoreInst = "RAM">   --->   Core 81 'RAM' <Latency = 1> <II = 1> <Delay = 2.32> <Storage> <Opcode : 'load' 'store'> <Ports = 2> <Width = 32> <Depth = 10> <RAM>
ST_2 : Operation 24 [1/1] (0.00ns)   --->   "%logits_addr_3 = getelementptr i32 %logits, i64 0, i64 3" [kern.cpp:256]   --->   Operation 24 'getelementptr' 'logits_addr_3' <Predicate = true> <Delay = 0.00>
ST_2 : Operation 25 [2/2] (2.32ns)   --->   "%logits_load_2 = load i4 %logits_addr_3" [kern.cpp:256]   --->   Operation 25 'load' 'logits_load_2' <Predicate = true> <Delay = 2.32> <CoreInst = "RAM">   --->   Core 81 'RAM' <Latency = 1> <II = 1> <Delay = 2.32> <Storage> <Opcode : 'load' 'store'> <Ports = 2> <Width = 32> <Depth = 10> <RAM>

State 3 <SV = 2> <Delay = 6.50>
ST_3 : Operation 26 [1/1] (2.55ns)   --->   "%icmp_ln256 = icmp_sgt  i32 %logits_load, i32 %max_val" [kern.cpp:256]   --->   Operation 26 'icmp' 'icmp_ln256' <Predicate = true> <Delay = 2.55> <CoreInst = "Cmp">   --->   Core 9 'Cmp' <Latency = 0> <II = 1> <Delay = 2.55> <FuncUnit> <Opcode : 'seteq' 'setne' 'setle' 'setge' 'setlt' 'setgt'> <InPorts = 2> <OutPorts = 1>
ST_3 : Operation 27 [1/1] (0.69ns)   --->   "%max_val_1 = select i1 %icmp_ln256, i32 %logits_load, i32 %max_val" [kern.cpp:256]   --->   Operation 27 'select' 'max_val_1' <Predicate = true> <Delay = 0.69> <CoreInst = "Sel">   --->   Core 73 'Sel' <Latency = 0> <II = 1> <Delay = 0.69> <FuncUnit> <Opcode : 'select'> <InPorts = 3> <OutPorts = 1>
ST_3 : Operation 28 [1/2] ( I:2.32ns O:2.32ns )   --->   "%max_val_2 = load i4 %logits_addr_2" [kern.cpp:256]   --->   Operation 28 'load' 'max_val_2' <Predicate = true> <Delay = 2.32> <CoreInst = "RAM">   --->   Core 81 'RAM' <Latency = 1> <II = 1> <Delay = 2.32> <Storage> <Opcode : 'load' 'store'> <Ports = 2> <Width = 32> <Depth = 10> <RAM>
ST_3 : Operation 29 [1/1] (2.55ns)   --->   "%icmp_ln256_1 = icmp_sgt  i32 %max_val_2, i32 %max_val_1" [kern.cpp:256]   --->   Operation 29 'icmp' 'icmp_ln256_1' <Predicate = true> <Delay = 2.55> <CoreInst = "Cmp">   --->   Core 9 'Cmp' <Latency = 0> <II = 1> <Delay = 2.55> <FuncUnit> <Opcode : 'seteq' 'setne' 'setle' 'setge' 'setlt' 'setgt'> <InPorts = 2> <OutPorts = 1>
ST_3 : Operation 30 [1/1] (0.69ns)   --->   "%max_val_3 = select i1 %icmp_ln256_1, i32 %max_val_2, i32 %max_val_1" [kern.cpp:256]   --->   Operation 30 'select' 'max_val_3' <Predicate = true> <Delay = 0.69> <CoreInst = "Sel">   --->   Core 73 'Sel' <Latency = 0> <II = 1> <Delay = 0.69> <FuncUnit> <Opcode : 'select'> <InPorts = 3> <OutPorts = 1>
ST_3 : Operation 31 [1/2] ( I:2.32ns O:2.32ns )   --->   "%logits_load_2 = load i4 %logits_addr_3" [kern.cpp:256]   --->   Operation 31 'load' 'logits_load_2' <Predicate = true> <Delay = 2.32> <CoreInst = "RAM">   --->   Core 81 'RAM' <Latency = 1> <II = 1> <Delay = 2.32> <Storage> <Opcode : 'load' 'store'> <Ports = 2> <Width = 32> <Depth = 10> <RAM>
ST_3 : Operation 32 [1/1] (0.00ns)   --->   "%logits_addr_4 = getelementptr i32 %logits, i64 0, i64 4" [kern.cpp:256]   --->   Operation 32 'getelementptr' 'logits_addr_4' <Predicate = true> <Delay = 0.00>
ST_3 : Operation 33 [2/2] (2.32ns)   --->   "%max_val_5 = load i4 %logits_addr_4" [kern.cpp:256]   --->   Operation 33 'load' 'max_val_5' <Predicate = true> <Delay = 2.32> <CoreInst = "RAM">   --->   Core 81 'RAM' <Latency = 1> <II = 1> <Delay = 2.32> <Storage> <Opcode : 'load' 'store'> <Ports = 2> <Width = 32> <Depth = 10> <RAM>
ST_3 : Operation 34 [1/1] (0.00ns)   --->   "%logits_addr_5 = getelementptr i32 %logits, i64 0, i64 5" [kern.cpp:256]   --->   Operation 34 'getelementptr' 'logits_addr_5' <Predicate = true> <Delay = 0.00>
ST_3 : Operation 35 [2/2] (2.32ns)   --->   "%logits_load_4 = load i4 %logits_addr_5" [kern.cpp:256]   --->   Operation 35 'load' 'logits_load_4' <Predicate = true> <Delay = 2.32> <CoreInst = "RAM">   --->   Core 81 'RAM' <Latency = 1> <II = 1> <Delay = 2.32> <Storage> <Opcode : 'load' 'store'> <Ports = 2> <Width = 32> <Depth = 10> <RAM>

State 4 <SV = 3> <Delay = 6.50>
ST_4 : Operation 36 [1/1] (2.55ns)   --->   "%icmp_ln256_2 = icmp_sgt  i32 %logits_load_2, i32 %max_val_3" [kern.cpp:256]   --->   Operation 36 'icmp' 'icmp_ln256_2' <Predicate = true> <Delay = 2.55> <CoreInst = "Cmp">   --->   Core 9 'Cmp' <Latency = 0> <II = 1> <Delay = 2.55> <FuncUnit> <Opcode : 'seteq' 'setne' 'setle' 'setge' 'setlt' 'setgt'> <InPorts = 2> <OutPorts = 1>
ST_4 : Operation 37 [1/1] (0.69ns)   --->   "%max_val_4 = select i1 %icmp_ln256_2, i32 %logits_load_2, i32 %max_val_3" [kern.cpp:256]   --->   Operation 37 'select' 'max_val_4' <Predicate = true> <Delay = 0.69> <CoreInst = "Sel">   --->   Core 73 'Sel' <Latency = 0> <II = 1> <Delay = 0.69> <FuncUnit> <Opcode : 'select'> <InPorts = 3> <OutPorts = 1>
ST_4 : Operation 38 [1/2] ( I:2.32ns O:2.32ns )   --->   "%max_val_5 = load i4 %logits_addr_4" [kern.cpp:256]   --->   Operation 38 'load' 'max_val_5' <Predicate = true> <Delay = 2.32> <CoreInst = "RAM">   --->   Core 81 'RAM' <Latency = 1> <II = 1> <Delay = 2.32> <Storage> <Opcode : 'load' 'store'> <Ports = 2> <Width = 32> <Depth = 10> <RAM>
ST_4 : Operation 39 [1/1] (2.55ns)   --->   "%icmp_ln256_3 = icmp_sgt  i32 %max_val_5, i32 %max_val_4" [kern.cpp:256]   --->   Operation 39 'icmp' 'icmp_ln256_3' <Predicate = true> <Delay = 2.55> <CoreInst = "Cmp">   --->   Core 9 'Cmp' <Latency = 0> <II = 1> <Delay = 2.55> <FuncUnit> <Opcode : 'seteq' 'setne' 'setle' 'setge' 'setlt' 'setgt'> <InPorts = 2> <OutPorts = 1>
ST_4 : Operation 40 [1/1] (0.69ns)   --->   "%max_val_6 = select i1 %icmp_ln256_3, i32 %max_val_5, i32 %max_val_4" [kern.cpp:256]   --->   Operation 40 'select' 'max_val_6' <Predicate = true> <Delay = 0.69> <CoreInst = "Sel">   --->   Core 73 'Sel' <Latency = 0> <II = 1> <Delay = 0.69> <FuncUnit> <Opcode : 'select'> <InPorts = 3> <OutPorts = 1>
ST_4 : Operation 41 [1/2] ( I:2.32ns O:2.32ns )   --->   "%logits_load_4 = load i4 %logits_addr_5" [kern.cpp:256]   --->   Operation 41 'load' 'logits_load_4' <Predicate = true> <Delay = 2.32> <CoreInst = "RAM">   --->   Core 81 'RAM' <Latency = 1> <II = 1> <Delay = 2.32> <Storage> <Opcode : 'load' 'store'> <Ports = 2> <Width = 32> <Depth = 10> <RAM>
ST_4 : Operation 42 [1/1] (0.00ns)   --->   "%logits_addr_6 = getelementptr i32 %logits, i64 0, i64 6" [kern.cpp:256]   --->   Operation 42 'getelementptr' 'logits_addr_6' <Predicate = true> <Delay = 0.00>
ST_4 : Operation 43 [2/2] (2.32ns)   --->   "%max_val_8 = load i4 %logits_addr_6" [kern.cpp:256]   --->   Operation 43 'load' 'max_val_8' <Predicate = true> <Delay = 2.32> <CoreInst = "RAM">   --->   Core 81 'RAM' <Latency = 1> <II = 1> <Delay = 2.32> <Storage> <Opcode : 'load' 'store'> <Ports = 2> <Width = 32> <Depth = 10> <RAM>
ST_4 : Operation 44 [1/1] (0.00ns)   --->   "%logits_addr_7 = getelementptr i32 %logits, i64 0, i64 7" [kern.cpp:256]   --->   Operation 44 'getelementptr' 'logits_addr_7' <Predicate = true> <Delay = 0.00>
ST_4 : Operation 45 [2/2] (2.32ns)   --->   "%logits_load_6 = load i4 %logits_addr_7" [kern.cpp:256]   --->   Operation 45 'load' 'logits_load_6' <Predicate = true> <Delay = 2.32> <CoreInst = "RAM">   --->   Core 81 'RAM' <Latency = 1> <II = 1> <Delay = 2.32> <Storage> <Opcode : 'load' 'store'> <Ports = 2> <Width = 32> <Depth = 10> <RAM>

State 5 <SV = 4> <Delay = 6.50>
ST_5 : Operation 46 [1/1] (2.55ns)   --->   "%icmp_ln256_4 = icmp_sgt  i32 %logits_load_4, i32 %max_val_6" [kern.cpp:256]   --->   Operation 46 'icmp' 'icmp_ln256_4' <Predicate = true> <Delay = 2.55> <CoreInst = "Cmp">   --->   Core 9 'Cmp' <Latency = 0> <II = 1> <Delay = 2.55> <FuncUnit> <Opcode : 'seteq' 'setne' 'setle' 'setge' 'setlt' 'setgt'> <InPorts = 2> <OutPorts = 1>
ST_5 : Operation 47 [1/1] (0.69ns)   --->   "%max_val_7 = select i1 %icmp_ln256_4, i32 %logits_load_4, i32 %max_val_6" [kern.cpp:256]   --->   Operation 47 'select' 'max_val_7' <Predicate = true> <Delay = 0.69> <CoreInst = "Sel">   --->   Core 73 'Sel' <Latency = 0> <II = 1> <Delay = 0.69> <FuncUnit> <Opcode : 'select'> <InPorts = 3> <OutPorts = 1>
ST_5 : Operation 48 [1/2] ( I:2.32ns O:2.32ns )   --->   "%max_val_8 = load i4 %logits_addr_6" [kern.cpp:256]   --->   Operation 48 'load' 'max_val_8' <Predicate = true> <Delay = 2.32> <CoreInst = "RAM">   --->   Core 81 'RAM' <Latency = 1> <II = 1> <Delay = 2.32> <Storage> <Opcode : 'load' 'store'> <Ports = 2> <Width = 32> <Depth = 10> <RAM>
ST_5 : Operation 49 [1/1] (2.55ns)   --->   "%icmp_ln256_5 = icmp_sgt  i32 %max_val_8, i32 %max_val_7" [kern.cpp:256]   --->   Operation 49 'icmp' 'icmp_ln256_5' <Predicate = true> <Delay = 2.55> <CoreInst = "Cmp">   --->   Core 9 'Cmp' <Latency = 0> <II = 1> <Delay = 2.55> <FuncUnit> <Opcode : 'seteq' 'setne' 'setle' 'setge' 'setlt' 'setgt'> <InPorts = 2> <OutPorts = 1>
ST_5 : Operation 50 [1/1] (0.69ns)   --->   "%max_val_9 = select i1 %icmp_ln256_5, i32 %max_val_8, i32 %max_val_7" [kern.cpp:256]   --->   Operation 50 'select' 'max_val_9' <Predicate = true> <Delay = 0.69> <CoreInst = "Sel">   --->   Core 73 'Sel' <Latency = 0> <II = 1> <Delay = 0.69> <FuncUnit> <Opcode : 'select'> <InPorts = 3> <OutPorts = 1>
ST_5 : Operation 51 [1/2] ( I:2.32ns O:2.32ns )   --->   "%logits_load_6 = load i4 %logits_addr_7" [kern.cpp:256]   --->   Operation 51 'load' 'logits_load_6' <Predicate = true> <Delay = 2.32> <CoreInst = "RAM">   --->   Core 81 'RAM' <Latency = 1> <II = 1> <Delay = 2.32> <Storage> <Opcode : 'load' 'store'> <Ports = 2> <Width = 32> <Depth = 10> <RAM>
ST_5 : Operation 52 [1/1] (0.00ns)   --->   "%logits_addr_8 = getelementptr i32 %logits, i64 0, i64 8" [kern.cpp:256]   --->   Operation 52 'getelementptr' 'logits_addr_8' <Predicate = true> <Delay = 0.00>
ST_5 : Operation 53 [2/2] (2.32ns)   --->   "%max_val_11 = load i4 %logits_addr_8" [kern.cpp:256]   --->   Operation 53 'load' 'max_val_11' <Predicate = true> <Delay = 2.32> <CoreInst = "RAM">   --->   Core 81 'RAM' <Latency = 1> <II = 1> <Delay = 2.32> <Storage> <Opcode : 'load' 'store'> <Ports = 2> <Width = 32> <Depth = 10> <RAM>
ST_5 : Operation 54 [1/1] (0.00ns)   --->   "%logits_addr_9 = getelementptr i32 %logits, i64 0, i64 9" [kern.cpp:256]   --->   Operation 54 'getelementptr' 'logits_addr_9' <Predicate = true> <Delay = 0.00>
ST_5 : Operation 55 [2/2] (2.32ns)   --->   "%logits_load_8 = load i4 %logits_addr_9" [kern.cpp:256]   --->   Operation 55 'load' 'logits_load_8' <Predicate = true> <Delay = 2.32> <CoreInst = "RAM">   --->   Core 81 'RAM' <Latency = 1> <II = 1> <Delay = 2.32> <Storage> <Opcode : 'load' 'store'> <Ports = 2> <Width = 32> <Depth = 10> <RAM>

State 6 <SV = 5> <Delay = 6.50>
ST_6 : Operation 56 [1/1] (2.55ns)   --->   "%icmp_ln256_6 = icmp_sgt  i32 %logits_load_6, i32 %max_val_9" [kern.cpp:256]   --->   Operation 56 'icmp' 'icmp_ln256_6' <Predicate = true> <Delay = 2.55> <CoreInst = "Cmp">   --->   Core 9 'Cmp' <Latency = 0> <II = 1> <Delay = 2.55> <FuncUnit> <Opcode : 'seteq' 'setne' 'setle' 'setge' 'setlt' 'setgt'> <InPorts = 2> <OutPorts = 1>
ST_6 : Operation 57 [1/1] (0.69ns)   --->   "%max_val_10 = select i1 %icmp_ln256_6, i32 %logits_load_6, i32 %max_val_9" [kern.cpp:256]   --->   Operation 57 'select' 'max_val_10' <Predicate = true> <Delay = 0.69> <CoreInst = "Sel">   --->   Core 73 'Sel' <Latency = 0> <II = 1> <Delay = 0.69> <FuncUnit> <Opcode : 'select'> <InPorts = 3> <OutPorts = 1>
ST_6 : Operation 58 [1/2] ( I:2.32ns O:2.32ns )   --->   "%max_val_11 = load i4 %logits_addr_8" [kern.cpp:256]   --->   Operation 58 'load' 'max_val_11' <Predicate = true> <Delay = 2.32> <CoreInst = "RAM">   --->   Core 81 'RAM' <Latency = 1> <II = 1> <Delay = 2.32> <Storage> <Opcode : 'load' 'store'> <Ports = 2> <Width = 32> <Depth = 10> <RAM>
ST_6 : Operation 59 [1/1] (2.55ns)   --->   "%icmp_ln256_7 = icmp_sgt  i32 %max_val_11, i32 %max_val_10" [kern.cpp:256]   --->   Operation 59 'icmp' 'icmp_ln256_7' <Predicate = true> <Delay = 2.55> <CoreInst = "Cmp">   --->   Core 9 'Cmp' <Latency = 0> <II = 1> <Delay = 2.55> <FuncUnit> <Opcode : 'seteq' 'setne' 'setle' 'setge' 'setlt' 'setgt'> <InPorts = 2> <OutPorts = 1>
ST_6 : Operation 60 [1/1] (0.69ns)   --->   "%max_val_12 = select i1 %icmp_ln256_7, i32 %max_val_11, i32 %max_val_10" [kern.cpp:256]   --->   Operation 60 'select' 'max_val_12' <Predicate = true> <Delay = 0.69> <CoreInst = "Sel">   --->   Core 73 'Sel' <Latency = 0> <II = 1> <Delay = 0.69> <FuncUnit> <Opcode : 'select'> <InPorts = 3> <OutPorts = 1>
ST_6 : Operation 61 [1/2] ( I:2.32ns O:2.32ns )   --->   "%logits_load_8 = load i4 %logits_addr_9" [kern.cpp:256]   --->   Operation 61 'load' 'logits_load_8' <Predicate = true> <Delay = 2.32> <CoreInst = "RAM">   --->   Core 81 'RAM' <Latency = 1> <II = 1> <Delay = 2.32> <Storage> <Opcode : 'load' 'store'> <Ports = 2> <Width = 32> <Depth = 10> <RAM>

State 7 <SV = 6> <Delay = 5.80>
ST_7 : Operation 62 [1/1] (2.55ns)   --->   "%icmp_ln256_8 = icmp_sgt  i32 %logits_load_8, i32 %max_val_12" [kern.cpp:256]   --->   Operation 62 'icmp' 'icmp_ln256_8' <Predicate = true> <Delay = 2.55> <CoreInst = "Cmp">   --->   Core 9 'Cmp' <Latency = 0> <II = 1> <Delay = 2.55> <FuncUnit> <Opcode : 'seteq' 'setne' 'setle' 'setge' 'setlt' 'setgt'> <InPorts = 2> <OutPorts = 1>
ST_7 : Operation 63 [1/1] (0.69ns)   --->   "%max_val_13 = select i1 %icmp_ln256_8, i32 %logits_load_8, i32 %max_val_12" [kern.cpp:256]   --->   Operation 63 'select' 'max_val_13' <Predicate = true> <Delay = 0.69> <CoreInst = "Sel">   --->   Core 73 'Sel' <Latency = 0> <II = 1> <Delay = 0.69> <FuncUnit> <Opcode : 'select'> <InPorts = 3> <OutPorts = 1>
ST_7 : Operation 64 [1/1] (2.55ns)   --->   "%x = sub i32 %max_val, i32 %max_val_13" [kern.cpp:262]   --->   Operation 64 'sub' 'x' <Predicate = true> <Delay = 2.55> <CoreInst = "Adder">   --->   Core 1 'Adder' <Latency = 0> <II = 1> <Delay = 2.55> <FuncUnit> <Opcode : 'add' 'sub'> <InPorts = 2> <OutPorts = 1>
ST_7 : Operation 65 [1/1] (2.55ns)   --->   "%x_1 = sub i32 %logits_load, i32 %max_val_13" [kern.cpp:262]   --->   Operation 65 'sub' 'x_1' <Predicate = true> <Delay = 2.55> <CoreInst = "Adder">   --->   Core 1 'Adder' <Latency = 0> <II = 1> <Delay = 2.55> <FuncUnit> <Opcode : 'add' 'sub'> <InPorts = 2> <OutPorts = 1>
ST_7 : Operation 66 [1/1] (2.55ns)   --->   "%x_2 = sub i32 %max_val_2, i32 %max_val_13" [kern.cpp:262]   --->   Operation 66 'sub' 'x_2' <Predicate = true> <Delay = 2.55> <CoreInst = "Adder">   --->   Core 1 'Adder' <Latency = 0> <II = 1> <Delay = 2.55> <FuncUnit> <Opcode : 'add' 'sub'> <InPorts = 2> <OutPorts = 1>
ST_7 : Operation 67 [1/1] (2.55ns)   --->   "%x_3 = sub i32 %logits_load_2, i32 %max_val_13" [kern.cpp:262]   --->   Operation 67 'sub' 'x_3' <Predicate = true> <Delay = 2.55> <CoreInst = "Adder">   --->   Core 1 'Adder' <Latency = 0> <II = 1> <Delay = 2.55> <FuncUnit> <Opcode : 'add' 'sub'> <InPorts = 2> <OutPorts = 1>
ST_7 : Operation 68 [1/1] (2.55ns)   --->   "%x_4 = sub i32 %max_val_5, i32 %max_val_13" [kern.cpp:262]   --->   Operation 68 'sub' 'x_4' <Predicate = true> <Delay = 2.55> <CoreInst = "Adder">   --->   Core 1 'Adder' <Latency = 0> <II = 1> <Delay = 2.55> <FuncUnit> <Opcode : 'add' 'sub'> <InPorts = 2> <OutPorts = 1>
ST_7 : Operation 69 [1/1] (2.55ns)   --->   "%x_5 = sub i32 %logits_load_4, i32 %max_val_13" [kern.cpp:262]   --->   Operation 69 'sub' 'x_5' <Predicate = true> <Delay = 2.55> <CoreInst = "Adder">   --->   Core 1 'Adder' <Latency = 0> <II = 1> <Delay = 2.55> <FuncUnit> <Opcode : 'add' 'sub'> <InPorts = 2> <OutPorts = 1>
ST_7 : Operation 70 [1/1] (2.55ns)   --->   "%x_6 = sub i32 %max_val_8, i32 %max_val_13" [kern.cpp:262]   --->   Operation 70 'sub' 'x_6' <Predicate = true> <Delay = 2.55> <CoreInst = "Adder">   --->   Core 1 'Adder' <Latency = 0> <II = 1> <Delay = 2.55> <FuncUnit> <Opcode : 'add' 'sub'> <InPorts = 2> <OutPorts = 1>
ST_7 : Operation 71 [1/1] (2.55ns)   --->   "%x_7 = sub i32 %logits_load_6, i32 %max_val_13" [kern.cpp:262]   --->   Operation 71 'sub' 'x_7' <Predicate = true> <Delay = 2.55> <CoreInst = "Adder">   --->   Core 1 'Adder' <Latency = 0> <II = 1> <Delay = 2.55> <FuncUnit> <Opcode : 'add' 'sub'> <InPorts = 2> <OutPorts = 1>
ST_7 : Operation 72 [1/1] (2.55ns)   --->   "%x_8 = sub i32 %max_val_11, i32 %max_val_13" [kern.cpp:262]   --->   Operation 72 'sub' 'x_8' <Predicate = true> <Delay = 2.55> <CoreInst = "Adder">   --->   Core 1 'Adder' <Latency = 0> <II = 1> <Delay = 2.55> <FuncUnit> <Opcode : 'add' 'sub'> <InPorts = 2> <OutPorts = 1>
ST_7 : Operation 73 [1/1] (2.55ns)   --->   "%x_9 = sub i32 %logits_load_8, i32 %max_val_13" [kern.cpp:262]   --->   Operation 73 'sub' 'x_9' <Predicate = true> <Delay = 2.55> <CoreInst = "Adder">   --->   Core 1 'Adder' <Latency = 0> <II = 1> <Delay = 2.55> <FuncUnit> <Opcode : 'add' 'sub'> <InPorts = 2> <OutPorts = 1>

State 8 <SV = 7> <Delay = 5.57>
ST_8 : Operation 74 [1/1] (2.55ns)   --->   "%icmp_ln263 = icmp_sgt  i32 %x, i32 4294966784" [kern.cpp:263]   --->   Operation 74 'icmp' 'icmp_ln263' <Predicate = true> <Delay = 2.55> <CoreInst = "Cmp">   --->   Core 9 'Cmp' <Latency = 0> <II = 1> <Delay = 2.55> <FuncUnit> <Opcode : 'seteq' 'setne' 'setle' 'setge' 'setlt' 'setgt'> <InPorts = 2> <OutPorts = 1>
ST_8 : Operation 75 [1/1] (2.55ns)   --->   "%add_ln263 = add i32 %x, i32 512" [kern.cpp:263]   --->   Operation 75 'add' 'add_ln263' <Predicate = true> <Delay = 2.55> <CoreInst = "Adder">   --->   Core 1 'Adder' <Latency = 0> <II = 1> <Delay = 2.55> <FuncUnit> <Opcode : 'add' 'sub'> <InPorts = 2> <OutPorts = 1>
ST_8 : Operation 76 [1/1] (0.69ns)   --->   "%es = select i1 %icmp_ln263, i32 %add_ln263, i32 0" [kern.cpp:263]   --->   Operation 76 'select' 'es' <Predicate = true> <Delay = 0.69> <CoreInst = "Sel">   --->   Core 73 'Sel' <Latency = 0> <II = 1> <Delay = 0.69> <FuncUnit> <Opcode : 'select'> <InPorts = 3> <OutPorts = 1>
ST_8 : Operation 77 [1/1] (0.00ns)   --->   "%ev_addr = getelementptr i32 %ev, i64 0, i64 0" [kern.cpp:263]   --->   Operation 77 'getelementptr' 'ev_addr' <Predicate = true> <Delay = 0.00>
ST_8 : Operation 78 [1/1] ( I:2.32ns O:2.32ns )   --->   "%store_ln263 = store i32 %es, i4 %ev_addr" [kern.cpp:263]   --->   Operation 78 'store' 'store_ln263' <Predicate = true> <Delay = 2.32> <CoreInst = "RAM">   --->   Core 81 'RAM' <Latency = 1> <II = 1> <Delay = 2.32> <Storage> <Opcode : 'load' 'store'> <Ports = 2> <Width = 32> <Depth = 10> <RAM>
ST_8 : Operation 79 [1/1] (2.55ns)   --->   "%icmp_ln263_1 = icmp_sgt  i32 %x_1, i32 4294966784" [kern.cpp:263]   --->   Operation 79 'icmp' 'icmp_ln263_1' <Predicate = true> <Delay = 2.55> <CoreInst = "Cmp">   --->   Core 9 'Cmp' <Latency = 0> <II = 1> <Delay = 2.55> <FuncUnit> <Opcode : 'seteq' 'setne' 'setle' 'setge' 'setlt' 'setgt'> <InPorts = 2> <OutPorts = 1>
ST_8 : Operation 80 [1/1] (2.55ns)   --->   "%add_ln263_1 = add i32 %x_1, i32 512" [kern.cpp:263]   --->   Operation 80 'add' 'add_ln263_1' <Predicate = true> <Delay = 2.55> <CoreInst = "Adder">   --->   Core 1 'Adder' <Latency = 0> <II = 1> <Delay = 2.55> <FuncUnit> <Opcode : 'add' 'sub'> <InPorts = 2> <OutPorts = 1>
ST_8 : Operation 81 [1/1] (0.69ns)   --->   "%select_ln263 = select i1 %icmp_ln263_1, i32 %add_ln263_1, i32 0" [kern.cpp:263]   --->   Operation 81 'select' 'select_ln263' <Predicate = true> <Delay = 0.69> <CoreInst = "Sel">   --->   Core 73 'Sel' <Latency = 0> <II = 1> <Delay = 0.69> <FuncUnit> <Opcode : 'select'> <InPorts = 3> <OutPorts = 1>
ST_8 : Operation 82 [1/1] (0.00ns)   --->   "%ev_addr_1 = getelementptr i32 %ev, i64 0, i64 1" [kern.cpp:263]   --->   Operation 82 'getelementptr' 'ev_addr_1' <Predicate = true> <Delay = 0.00>
ST_8 : Operation 83 [1/1] ( I:2.32ns O:2.32ns )   --->   "%store_ln263 = store i32 %select_ln263, i4 %ev_addr_1" [kern.cpp:263]   --->   Operation 83 'store' 'store_ln263' <Predicate = true> <Delay = 2.32> <CoreInst = "RAM">   --->   Core 81 'RAM' <Latency = 1> <II = 1> <Delay = 2.32> <Storage> <Opcode : 'load' 'store'> <Ports = 2> <Width = 32> <Depth = 10> <RAM>
ST_8 : Operation 84 [1/1] (2.55ns)   --->   "%icmp_ln263_7 = icmp_sgt  i32 %x_7, i32 4294966784" [kern.cpp:263]   --->   Operation 84 'icmp' 'icmp_ln263_7' <Predicate = true> <Delay = 2.55> <CoreInst = "Cmp">   --->   Core 9 'Cmp' <Latency = 0> <II = 1> <Delay = 2.55> <FuncUnit> <Opcode : 'seteq' 'setne' 'setle' 'setge' 'setlt' 'setgt'> <InPorts = 2> <OutPorts = 1>
ST_8 : Operation 85 [1/1] (2.55ns)   --->   "%add_ln263_7 = add i32 %x_7, i32 512" [kern.cpp:263]   --->   Operation 85 'add' 'add_ln263_7' <Predicate = true> <Delay = 2.55> <CoreInst = "Adder">   --->   Core 1 'Adder' <Latency = 0> <II = 1> <Delay = 2.55> <FuncUnit> <Opcode : 'add' 'sub'> <InPorts = 2> <OutPorts = 1>
ST_8 : Operation 86 [1/1] (0.69ns)   --->   "%select_ln263_6 = select i1 %icmp_ln263_7, i32 %add_ln263_7, i32 0" [kern.cpp:263]   --->   Operation 86 'select' 'select_ln263_6' <Predicate = true> <Delay = 0.69> <CoreInst = "Sel">   --->   Core 73 'Sel' <Latency = 0> <II = 1> <Delay = 0.69> <FuncUnit> <Opcode : 'select'> <InPorts = 3> <OutPorts = 1>
ST_8 : Operation 87 [1/1] (2.55ns)   --->   "%icmp_ln263_8 = icmp_sgt  i32 %x_8, i32 4294966784" [kern.cpp:263]   --->   Operation 87 'icmp' 'icmp_ln263_8' <Predicate = true> <Delay = 2.55> <CoreInst = "Cmp">   --->   Core 9 'Cmp' <Latency = 0> <II = 1> <Delay = 2.55> <FuncUnit> <Opcode : 'seteq' 'setne' 'setle' 'setge' 'setlt' 'setgt'> <InPorts = 2> <OutPorts = 1>
ST_8 : Operation 88 [1/1] (2.55ns)   --->   "%add_ln263_8 = add i32 %x_8, i32 512" [kern.cpp:263]   --->   Operation 88 'add' 'add_ln263_8' <Predicate = true> <Delay = 2.55> <CoreInst = "Adder">   --->   Core 1 'Adder' <Latency = 0> <II = 1> <Delay = 2.55> <FuncUnit> <Opcode : 'add' 'sub'> <InPorts = 2> <OutPorts = 1>
ST_8 : Operation 89 [1/1] (0.69ns)   --->   "%select_ln263_7 = select i1 %icmp_ln263_8, i32 %add_ln263_8, i32 0" [kern.cpp:263]   --->   Operation 89 'select' 'select_ln263_7' <Predicate = true> <Delay = 0.69> <CoreInst = "Sel">   --->   Core 73 'Sel' <Latency = 0> <II = 1> <Delay = 0.69> <FuncUnit> <Opcode : 'select'> <InPorts = 3> <OutPorts = 1>
ST_8 : Operation 90 [1/1] (2.55ns)   --->   "%icmp_ln263_9 = icmp_sgt  i32 %x_9, i32 4294966784" [kern.cpp:263]   --->   Operation 90 'icmp' 'icmp_ln263_9' <Predicate = true> <Delay = 2.55> <CoreInst = "Cmp">   --->   Core 9 'Cmp' <Latency = 0> <II = 1> <Delay = 2.55> <FuncUnit> <Opcode : 'seteq' 'setne' 'setle' 'setge' 'setlt' 'setgt'> <InPorts = 2> <OutPorts = 1>
ST_8 : Operation 91 [1/1] (2.55ns)   --->   "%add_ln263_9 = add i32 %x_9, i32 512" [kern.cpp:263]   --->   Operation 91 'add' 'add_ln263_9' <Predicate = true> <Delay = 2.55> <CoreInst = "Adder">   --->   Core 1 'Adder' <Latency = 0> <II = 1> <Delay = 2.55> <FuncUnit> <Opcode : 'add' 'sub'> <InPorts = 2> <OutPorts = 1>
ST_8 : Operation 92 [1/1] (0.69ns)   --->   "%select_ln263_8 = select i1 %icmp_ln263_9, i32 %add_ln263_9, i32 0" [kern.cpp:263]   --->   Operation 92 'select' 'select_ln263_8' <Predicate = true> <Delay = 0.69> <CoreInst = "Sel">   --->   Core 73 'Sel' <Latency = 0> <II = 1> <Delay = 0.69> <FuncUnit> <Opcode : 'select'> <InPorts = 3> <OutPorts = 1>

State 9 <SV = 8> <Delay = 5.57>
ST_9 : Operation 93 [1/1] (2.55ns)   --->   "%icmp_ln263_2 = icmp_sgt  i32 %x_2, i32 4294966784" [kern.cpp:263]   --->   Operation 93 'icmp' 'icmp_ln263_2' <Predicate = true> <Delay = 2.55> <CoreInst = "Cmp">   --->   Core 9 'Cmp' <Latency = 0> <II = 1> <Delay = 2.55> <FuncUnit> <Opcode : 'seteq' 'setne' 'setle' 'setge' 'setlt' 'setgt'> <InPorts = 2> <OutPorts = 1>
ST_9 : Operation 94 [1/1] (2.55ns)   --->   "%add_ln263_2 = add i32 %x_2, i32 512" [kern.cpp:263]   --->   Operation 94 'add' 'add_ln263_2' <Predicate = true> <Delay = 2.55> <CoreInst = "Adder">   --->   Core 1 'Adder' <Latency = 0> <II = 1> <Delay = 2.55> <FuncUnit> <Opcode : 'add' 'sub'> <InPorts = 2> <OutPorts = 1>
ST_9 : Operation 95 [1/1] (0.69ns)   --->   "%select_ln263_1 = select i1 %icmp_ln263_2, i32 %add_ln263_2, i32 0" [kern.cpp:263]   --->   Operation 95 'select' 'select_ln263_1' <Predicate = true> <Delay = 0.69> <CoreInst = "Sel">   --->   Core 73 'Sel' <Latency = 0> <II = 1> <Delay = 0.69> <FuncUnit> <Opcode : 'select'> <InPorts = 3> <OutPorts = 1>
ST_9 : Operation 96 [1/1] (0.00ns)   --->   "%ev_addr_2 = getelementptr i32 %ev, i64 0, i64 2" [kern.cpp:263]   --->   Operation 96 'getelementptr' 'ev_addr_2' <Predicate = true> <Delay = 0.00>
ST_9 : Operation 97 [1/1] ( I:2.32ns O:2.32ns )   --->   "%store_ln263 = store i32 %select_ln263_1, i4 %ev_addr_2" [kern.cpp:263]   --->   Operation 97 'store' 'store_ln263' <Predicate = true> <Delay = 2.32> <CoreInst = "RAM">   --->   Core 81 'RAM' <Latency = 1> <II = 1> <Delay = 2.32> <Storage> <Opcode : 'load' 'store'> <Ports = 2> <Width = 32> <Depth = 10> <RAM>
ST_9 : Operation 98 [1/1] (2.55ns)   --->   "%icmp_ln263_3 = icmp_sgt  i32 %x_3, i32 4294966784" [kern.cpp:263]   --->   Operation 98 'icmp' 'icmp_ln263_3' <Predicate = true> <Delay = 2.55> <CoreInst = "Cmp">   --->   Core 9 'Cmp' <Latency = 0> <II = 1> <Delay = 2.55> <FuncUnit> <Opcode : 'seteq' 'setne' 'setle' 'setge' 'setlt' 'setgt'> <InPorts = 2> <OutPorts = 1>
ST_9 : Operation 99 [1/1] (2.55ns)   --->   "%add_ln263_3 = add i32 %x_3, i32 512" [kern.cpp:263]   --->   Operation 99 'add' 'add_ln263_3' <Predicate = true> <Delay = 2.55> <CoreInst = "Adder">   --->   Core 1 'Adder' <Latency = 0> <II = 1> <Delay = 2.55> <FuncUnit> <Opcode : 'add' 'sub'> <InPorts = 2> <OutPorts = 1>
ST_9 : Operation 100 [1/1] (0.69ns)   --->   "%select_ln263_2 = select i1 %icmp_ln263_3, i32 %add_ln263_3, i32 0" [kern.cpp:263]   --->   Operation 100 'select' 'select_ln263_2' <Predicate = true> <Delay = 0.69> <CoreInst = "Sel">   --->   Core 73 'Sel' <Latency = 0> <II = 1> <Delay = 0.69> <FuncUnit> <Opcode : 'select'> <InPorts = 3> <OutPorts = 1>
ST_9 : Operation 101 [1/1] (0.00ns)   --->   "%ev_addr_3 = getelementptr i32 %ev, i64 0, i64 3" [kern.cpp:263]   --->   Operation 101 'getelementptr' 'ev_addr_3' <Predicate = true> <Delay = 0.00>
ST_9 : Operation 102 [1/1] ( I:2.32ns O:2.32ns )   --->   "%store_ln263 = store i32 %select_ln263_2, i4 %ev_addr_3" [kern.cpp:263]   --->   Operation 102 'store' 'store_ln263' <Predicate = true> <Delay = 2.32> <CoreInst = "RAM">   --->   Core 81 'RAM' <Latency = 1> <II = 1> <Delay = 2.32> <Storage> <Opcode : 'load' 'store'> <Ports = 2> <Width = 32> <Depth = 10> <RAM>
ST_9 : Operation 103 [1/1] (2.55ns)   --->   "%icmp_ln263_5 = icmp_sgt  i32 %x_5, i32 4294966784" [kern.cpp:263]   --->   Operation 103 'icmp' 'icmp_ln263_5' <Predicate = true> <Delay = 2.55> <CoreInst = "Cmp">   --->   Core 9 'Cmp' <Latency = 0> <II = 1> <Delay = 2.55> <FuncUnit> <Opcode : 'seteq' 'setne' 'setle' 'setge' 'setlt' 'setgt'> <InPorts = 2> <OutPorts = 1>
ST_9 : Operation 104 [1/1] (2.55ns)   --->   "%add_ln263_5 = add i32 %x_5, i32 512" [kern.cpp:263]   --->   Operation 104 'add' 'add_ln263_5' <Predicate = true> <Delay = 2.55> <CoreInst = "Adder">   --->   Core 1 'Adder' <Latency = 0> <II = 1> <Delay = 2.55> <FuncUnit> <Opcode : 'add' 'sub'> <InPorts = 2> <OutPorts = 1>
ST_9 : Operation 105 [1/1] (0.69ns)   --->   "%select_ln263_4 = select i1 %icmp_ln263_5, i32 %add_ln263_5, i32 0" [kern.cpp:263]   --->   Operation 105 'select' 'select_ln263_4' <Predicate = true> <Delay = 0.69> <CoreInst = "Sel">   --->   Core 73 'Sel' <Latency = 0> <II = 1> <Delay = 0.69> <FuncUnit> <Opcode : 'select'> <InPorts = 3> <OutPorts = 1>
ST_9 : Operation 106 [1/1] (2.55ns)   --->   "%icmp_ln263_6 = icmp_sgt  i32 %x_6, i32 4294966784" [kern.cpp:263]   --->   Operation 106 'icmp' 'icmp_ln263_6' <Predicate = true> <Delay = 2.55> <CoreInst = "Cmp">   --->   Core 9 'Cmp' <Latency = 0> <II = 1> <Delay = 2.55> <FuncUnit> <Opcode : 'seteq' 'setne' 'setle' 'setge' 'setlt' 'setgt'> <InPorts = 2> <OutPorts = 1>
ST_9 : Operation 107 [1/1] (2.55ns)   --->   "%add_ln263_6 = add i32 %x_6, i32 512" [kern.cpp:263]   --->   Operation 107 'add' 'add_ln263_6' <Predicate = true> <Delay = 2.55> <CoreInst = "Adder">   --->   Core 1 'Adder' <Latency = 0> <II = 1> <Delay = 2.55> <FuncUnit> <Opcode : 'add' 'sub'> <InPorts = 2> <OutPorts = 1>
ST_9 : Operation 108 [1/1] (0.69ns)   --->   "%select_ln263_5 = select i1 %icmp_ln263_6, i32 %add_ln263_6, i32 0" [kern.cpp:263]   --->   Operation 108 'select' 'select_ln263_5' <Predicate = true> <Delay = 0.69> <CoreInst = "Sel">   --->   Core 73 'Sel' <Latency = 0> <II = 1> <Delay = 0.69> <FuncUnit> <Opcode : 'select'> <InPorts = 3> <OutPorts = 1>
ST_9 : Operation 109 [1/1] (0.00ns) (grouped into TernaryAdder)   --->   "%add_ln264_5 = add i32 %select_ln263_6, i32 %select_ln263_8" [kern.cpp:264]   --->   Operation 109 'add' 'add_ln264_5' <Predicate = true> <Delay = 0.00> <CoreInst = "TAddSub">   --->   Core 10 'TAddSub' <Latency = 0> <II = 1> <Delay = 2.18> <IPBlock> <Opcode : 'add' 'sub'> <InPorts = 3> <OutPorts = 1> <Sync> <CReg>
ST_9 : Operation 110 [1/1] (4.37ns) (root node of TernaryAdder)   --->   "%add_ln264_6 = add i32 %add_ln264_5, i32 %select_ln263_7" [kern.cpp:264]   --->   Operation 110 'add' 'add_ln264_6' <Predicate = true> <Delay = 4.37> <CoreInst = "TAddSub">   --->   Core 10 'TAddSub' <Latency = 0> <II = 1> <Delay = 2.18> <IPBlock> <Opcode : 'add' 'sub'> <InPorts = 3> <OutPorts = 1> <Sync> <CReg>

State 10 <SV = 9> <Delay = 5.80>
ST_10 : Operation 111 [1/1] (2.55ns)   --->   "%icmp_ln263_4 = icmp_sgt  i32 %x_4, i32 4294966784" [kern.cpp:263]   --->   Operation 111 'icmp' 'icmp_ln263_4' <Predicate = true> <Delay = 2.55> <CoreInst = "Cmp">   --->   Core 9 'Cmp' <Latency = 0> <II = 1> <Delay = 2.55> <FuncUnit> <Opcode : 'seteq' 'setne' 'setle' 'setge' 'setlt' 'setgt'> <InPorts = 2> <OutPorts = 1>
ST_10 : Operation 112 [1/1] (2.55ns)   --->   "%add_ln263_4 = add i32 %x_4, i32 512" [kern.cpp:263]   --->   Operation 112 'add' 'add_ln263_4' <Predicate = true> <Delay = 2.55> <CoreInst = "Adder">   --->   Core 1 'Adder' <Latency = 0> <II = 1> <Delay = 2.55> <FuncUnit> <Opcode : 'add' 'sub'> <InPorts = 2> <OutPorts = 1>
ST_10 : Operation 113 [1/1] (0.69ns)   --->   "%select_ln263_3 = select i1 %icmp_ln263_4, i32 %add_ln263_4, i32 0" [kern.cpp:263]   --->   Operation 113 'select' 'select_ln263_3' <Predicate = true> <Delay = 0.69> <CoreInst = "Sel">   --->   Core 73 'Sel' <Latency = 0> <II = 1> <Delay = 0.69> <FuncUnit> <Opcode : 'select'> <InPorts = 3> <OutPorts = 1>
ST_10 : Operation 114 [1/1] (0.00ns)   --->   "%ev_addr_4 = getelementptr i32 %ev, i64 0, i64 4" [kern.cpp:263]   --->   Operation 114 'getelementptr' 'ev_addr_4' <Predicate = true> <Delay = 0.00>
ST_10 : Operation 115 [1/1] ( I:2.32ns O:2.32ns )   --->   "%store_ln263 = store i32 %select_ln263_3, i4 %ev_addr_4" [kern.cpp:263]   --->   Operation 115 'store' 'store_ln263' <Predicate = true> <Delay = 2.32> <CoreInst = "RAM">   --->   Core 81 'RAM' <Latency = 1> <II = 1> <Delay = 2.32> <Storage> <Opcode : 'load' 'store'> <Ports = 2> <Width = 32> <Depth = 10> <RAM>
ST_10 : Operation 116 [1/1] (0.00ns)   --->   "%ev_addr_5 = getelementptr i32 %ev, i64 0, i64 5" [kern.cpp:263]   --->   Operation 116 'getelementptr' 'ev_addr_5' <Predicate = true> <Delay = 0.00>
ST_10 : Operation 117 [1/1] ( I:2.32ns O:2.32ns )   --->   "%store_ln263 = store i32 %select_ln263_4, i4 %ev_addr_5" [kern.cpp:263]   --->   Operation 117 'store' 'store_ln263' <Predicate = true> <Delay = 2.32> <CoreInst = "RAM">   --->   Core 81 'RAM' <Latency = 1> <II = 1> <Delay = 2.32> <Storage> <Opcode : 'load' 'store'> <Ports = 2> <Width = 32> <Depth = 10> <RAM>
ST_10 : Operation 118 [1/1] (2.55ns)   --->   "%add_ln264 = add i32 %select_ln263_3, i32 %es" [kern.cpp:264]   --->   Operation 118 'add' 'add_ln264' <Predicate = true> <Delay = 2.55> <CoreInst = "Adder">   --->   Core 1 'Adder' <Latency = 0> <II = 1> <Delay = 2.55> <FuncUnit> <Opcode : 'add' 'sub'> <InPorts = 2> <OutPorts = 1>
ST_10 : Operation 119 [1/1] (0.00ns) (grouped into TernaryAdder)   --->   "%add_ln264_1 = add i32 %select_ln263_5, i32 %select_ln263_4" [kern.cpp:264]   --->   Operation 119 'add' 'add_ln264_1' <Predicate = true> <Delay = 0.00> <CoreInst = "TAddSub">   --->   Core 10 'TAddSub' <Latency = 0> <II = 1> <Delay = 2.18> <IPBlock> <Opcode : 'add' 'sub'> <InPorts = 3> <OutPorts = 1> <Sync> <CReg>
ST_10 : Operation 120 [1/1] (4.37ns) (root node of TernaryAdder)   --->   "%add_ln264_2 = add i32 %add_ln264_1, i32 %select_ln263_2" [kern.cpp:264]   --->   Operation 120 'add' 'add_ln264_2' <Predicate = true> <Delay = 4.37> <CoreInst = "TAddSub">   --->   Core 10 'TAddSub' <Latency = 0> <II = 1> <Delay = 2.18> <IPBlock> <Opcode : 'add' 'sub'> <InPorts = 3> <OutPorts = 1> <Sync> <CReg>
ST_10 : Operation 121 [1/1] (0.00ns) (grouped into TernaryAdder)   --->   "%add_ln264_4 = add i32 %select_ln263_1, i32 %select_ln263" [kern.cpp:264]   --->   Operation 121 'add' 'add_ln264_4' <Predicate = true> <Delay = 0.00> <CoreInst = "TAddSub">   --->   Core 10 'TAddSub' <Latency = 0> <II = 1> <Delay = 2.18> <IPBlock> <Opcode : 'add' 'sub'> <InPorts = 3> <OutPorts = 1> <Sync> <CReg>
ST_10 : Operation 122 [1/1] (4.37ns) (root node of TernaryAdder)   --->   "%add_ln264_7 = add i32 %add_ln264_6, i32 %add_ln264_4" [kern.cpp:264]   --->   Operation 122 'add' 'add_ln264_7' <Predicate = true> <Delay = 4.37> <CoreInst = "TAddSub">   --->   Core 10 'TAddSub' <Latency = 0> <II = 1> <Delay = 2.18> <IPBlock> <Opcode : 'add' 'sub'> <InPorts = 3> <OutPorts = 1> <Sync> <CReg>

State 11 <SV = 10> <Delay = 4.37>
ST_11 : Operation 123 [1/1] (0.00ns)   --->   "%ev_addr_6 = getelementptr i32 %ev, i64 0, i64 6" [kern.cpp:263]   --->   Operation 123 'getelementptr' 'ev_addr_6' <Predicate = true> <Delay = 0.00>
ST_11 : Operation 124 [1/1] ( I:2.32ns O:2.32ns )   --->   "%store_ln263 = store i32 %select_ln263_5, i4 %ev_addr_6" [kern.cpp:263]   --->   Operation 124 'store' 'store_ln263' <Predicate = true> <Delay = 2.32> <CoreInst = "RAM">   --->   Core 81 'RAM' <Latency = 1> <II = 1> <Delay = 2.32> <Storage> <Opcode : 'load' 'store'> <Ports = 2> <Width = 32> <Depth = 10> <RAM>
ST_11 : Operation 125 [1/1] (0.00ns)   --->   "%ev_addr_7 = getelementptr i32 %ev, i64 0, i64 7" [kern.cpp:263]   --->   Operation 125 'getelementptr' 'ev_addr_7' <Predicate = true> <Delay = 0.00>
ST_11 : Operation 126 [1/1] ( I:2.32ns O:2.32ns )   --->   "%store_ln263 = store i32 %select_ln263_6, i4 %ev_addr_7" [kern.cpp:263]   --->   Operation 126 'store' 'store_ln263' <Predicate = true> <Delay = 2.32> <CoreInst = "RAM">   --->   Core 81 'RAM' <Latency = 1> <II = 1> <Delay = 2.32> <Storage> <Opcode : 'load' 'store'> <Ports = 2> <Width = 32> <Depth = 10> <RAM>
ST_11 : Operation 127 [1/1] (0.00ns) (grouped into TernaryAdder)   --->   "%add_ln264_3 = add i32 %add_ln264_2, i32 %add_ln264" [kern.cpp:264]   --->   Operation 127 'add' 'add_ln264_3' <Predicate = true> <Delay = 0.00> <CoreInst = "TAddSub">   --->   Core 10 'TAddSub' <Latency = 0> <II = 1> <Delay = 2.18> <IPBlock> <Opcode : 'add' 'sub'> <InPorts = 3> <OutPorts = 1> <Sync> <CReg>
ST_11 : Operation 128 [1/1] (4.37ns) (root node of TernaryAdder)   --->   "%es_1 = add i32 %add_ln264_7, i32 %add_ln264_3" [kern.cpp:264]   --->   Operation 128 'add' 'es_1' <Predicate = true> <Delay = 4.37> <CoreInst = "TAddSub">   --->   Core 10 'TAddSub' <Latency = 0> <II = 1> <Delay = 2.18> <IPBlock> <Opcode : 'add' 'sub'> <InPorts = 3> <OutPorts = 1> <Sync> <CReg>

State 12 <SV = 11> <Delay = 2.32>
ST_12 : Operation 129 [1/1] (0.00ns)   --->   "%ev_addr_8 = getelementptr i32 %ev, i64 0, i64 8" [kern.cpp:263]   --->   Operation 129 'getelementptr' 'ev_addr_8' <Predicate = true> <Delay = 0.00>
ST_12 : Operation 130 [1/1] ( I:2.32ns O:2.32ns )   --->   "%store_ln263 = store i32 %select_ln263_7, i4 %ev_addr_8" [kern.cpp:263]   --->   Operation 130 'store' 'store_ln263' <Predicate = true> <Delay = 2.32> <CoreInst = "RAM">   --->   Core 81 'RAM' <Latency = 1> <II = 1> <Delay = 2.32> <Storage> <Opcode : 'load' 'store'> <Ports = 2> <Width = 32> <Depth = 10> <RAM>
ST_12 : Operation 131 [1/1] (0.00ns)   --->   "%ev_addr_9 = getelementptr i32 %ev, i64 0, i64 9" [kern.cpp:263]   --->   Operation 131 'getelementptr' 'ev_addr_9' <Predicate = true> <Delay = 0.00>
ST_12 : Operation 132 [1/1] ( I:2.32ns O:2.32ns )   --->   "%store_ln263 = store i32 %select_ln263_8, i4 %ev_addr_9" [kern.cpp:263]   --->   Operation 132 'store' 'store_ln263' <Predicate = true> <Delay = 2.32> <CoreInst = "RAM">   --->   Core 81 'RAM' <Latency = 1> <II = 1> <Delay = 2.32> <Storage> <Opcode : 'load' 'store'> <Ports = 2> <Width = 32> <Depth = 10> <RAM>

State 13 <SV = 12> <Delay = 4.14>
ST_13 : Operation 133 [2/2] (4.14ns)   --->   "%call_ln264 = call void @softmax_Pipeline_SM_NORM, i32 %es_1, i16 %probs, i32 %ev" [kern.cpp:264]   --->   Operation 133 'call' 'call_ln264' <Predicate = true> <Delay = 4.14> <CoreType = "Generic">   --->   Generic Core

State 14 <SV = 13> <Delay = 0.00>
ST_14 : Operation 134 [1/2] (0.00ns)   --->   "%call_ln264 = call void @softmax_Pipeline_SM_NORM, i32 %es_1, i16 %probs, i32 %ev" [kern.cpp:264]   --->   Operation 134 'call' 'call_ln264' <Predicate = true> <Delay = 0.00> <CoreType = "Generic">   --->   Generic Core
ST_14 : Operation 135 [1/1] (0.00ns)   --->   "%ret_ln270 = ret" [kern.cpp:270]   --->   Operation 135 'ret' 'ret_ln270' <Predicate = true> <Delay = 0.00>


============================================================
+ Verbose Summary: Timing violations
============================================================
Target clock period: 10.000ns, clock uncertainty: 2.700ns.

 <State 1>: 2.322ns
The critical path consists of the following:
	'getelementptr' operation 4 bit ('logits_addr') [3]  (0.000 ns)
	'load' operation 32 bit ('max_val', kern.cpp:253) on array 'logits' [5]  (2.322 ns)

 <State 2>: 2.322ns
The critical path consists of the following:
	'load' operation 32 bit ('max_val', kern.cpp:253) on array 'logits' [5]  (2.322 ns)

 <State 3>: 6.500ns
The critical path consists of the following:
	'icmp' operation 1 bit ('icmp_ln256', kern.cpp:256) [8]  (2.552 ns)
	'select' operation 32 bit ('max_val', kern.cpp:256) [9]  (0.698 ns)
	'icmp' operation 1 bit ('icmp_ln256_1', kern.cpp:256) [12]  (2.552 ns)
	'select' operation 32 bit ('max_val', kern.cpp:256) [13]  (0.698 ns)

 <State 4>: 6.500ns
The critical path consists of the following:
	'icmp' operation 1 bit ('icmp_ln256_2', kern.cpp:256) [16]  (2.552 ns)
	'select' operation 32 bit ('max_val', kern.cpp:256) [17]  (0.698 ns)
	'icmp' operation 1 bit ('icmp_ln256_3', kern.cpp:256) [20]  (2.552 ns)
	'select' operation 32 bit ('max_val', kern.cpp:256) [21]  (0.698 ns)

 <State 5>: 6.500ns
The critical path consists of the following:
	'icmp' operation 1 bit ('icmp_ln256_4', kern.cpp:256) [24]  (2.552 ns)
	'select' operation 32 bit ('max_val', kern.cpp:256) [25]  (0.698 ns)
	'icmp' operation 1 bit ('icmp_ln256_5', kern.cpp:256) [28]  (2.552 ns)
	'select' operation 32 bit ('max_val', kern.cpp:256) [29]  (0.698 ns)

 <State 6>: 6.500ns
The critical path consists of the following:
	'icmp' operation 1 bit ('icmp_ln256_6', kern.cpp:256) [32]  (2.552 ns)
	'select' operation 32 bit ('max_val', kern.cpp:256) [33]  (0.698 ns)
	'icmp' operation 1 bit ('icmp_ln256_7', kern.cpp:256) [36]  (2.552 ns)
	'select' operation 32 bit ('max_val', kern.cpp:256) [37]  (0.698 ns)

 <State 7>: 5.802ns
The critical path consists of the following:
	'icmp' operation 1 bit ('icmp_ln256_8', kern.cpp:256) [40]  (2.552 ns)
	'select' operation 32 bit ('max_val', kern.cpp:256) [41]  (0.698 ns)
	'sub' operation 32 bit ('x', kern.cpp:262) [42]  (2.552 ns)

 <State 8>: 5.572ns
The critical path consists of the following:
	'icmp' operation 1 bit ('icmp_ln263', kern.cpp:263) [43]  (2.552 ns)
	'select' operation 32 bit ('es', kern.cpp:263) [45]  (0.698 ns)
	'store' operation ('store_ln263', kern.cpp:263) of variable 'es', kern.cpp:263 32 bit on array 'ev', kern.cpp:259 [47]  (2.322 ns)

 <State 9>: 5.572ns
The critical path consists of the following:
	'icmp' operation 1 bit ('icmp_ln263_2', kern.cpp:263) [55]  (2.552 ns)
	'select' operation 32 bit ('select_ln263_1', kern.cpp:263) [57]  (0.698 ns)
	'store' operation ('store_ln263', kern.cpp:263) of variable 'select_ln263_1', kern.cpp:263 32 bit on array 'ev', kern.cpp:259 [59]  (2.322 ns)

 <State 10>: 5.802ns
The critical path consists of the following:
	'icmp' operation 1 bit ('icmp_ln263_4', kern.cpp:263) [67]  (2.552 ns)
	'select' operation 32 bit ('select_ln263_3', kern.cpp:263) [69]  (0.698 ns)
	'add' operation 32 bit ('add_ln264', kern.cpp:264) [102]  (2.552 ns)

 <State 11>: 4.371ns
The critical path consists of the following:
	'add' operation 32 bit ('add_ln264_3', kern.cpp:264) [105]  (0.000 ns)
	'add' operation 32 bit ('es', kern.cpp:264) [110]  (4.371 ns)

 <State 12>: 2.322ns
The critical path consists of the following:
	'getelementptr' operation 4 bit ('ev_addr_8', kern.cpp:263) [94]  (0.000 ns)
	'store' operation ('store_ln263', kern.cpp:263) of variable 'select_ln263_7', kern.cpp:263 32 bit on array 'ev', kern.cpp:259 [95]  (2.322 ns)

 <State 13>: 4.140ns
The critical path consists of the following:
	'call' operation ('call_ln264', kern.cpp:264) to 'softmax_Pipeline_SM_NORM' [111]  (4.140 ns)

 <State 14>: 0.000ns
The critical path consists of the following:


============================================================
+ Verbose Summary: Binding
============================================================
N/A
* FSMD analyzer results:
  - Output states:
 - Input state : 
  - Chain level:
	State 1
	State 2
	State 3
	State 4
	State 5
	State 6
	State 7
	State 8
	State 9
	State 10
	State 11
	State 12
	State 13
	State 14


============================================================
+ Verbose Summary: Datapath Resource usage 
============================================================
N/A
