

================================================================
== Vitis HLS Report for 'softmax_Pipeline_SM_NORM'
================================================================
* Date:           Fri May  1 21:41:12 2026

* Version:        2025.2 (Build 6295257 on Nov 14 2025)
* Project:        hls_component
* Solution:       hls (Vivado IP Flow Target)
* Product family: zynq
* Target device:  xc7z020-clg400-1


================================================================
== Performance Estimates
================================================================
+ Timing: 
    * Summary: 
    +--------+----------+----------+------------+
    |  Clock |  Target  | Estimated| Uncertainty|
    +--------+----------+----------+------------+
    |ap_clk  |  10.00 ns|  4.911 ns|     2.70 ns|
    +--------+----------+----------+------------+

+ Latency: 
    * Summary: 
    +---------+---------+----------+----------+-----+-----+-------------------+
    |  Latency (cycles) |  Latency (absolute) |  Interval |      Pipeline     |
    |   min   |   max   |    min   |    max   | min | max |        Type       |
    +---------+---------+----------+----------+-----+-----+-------------------+
    |       49|       49|  0.490 us|  0.490 us|    0|    0|  loop pipeline stp|
    +---------+---------+----------+----------+-----+-----+-------------------+

    + Detail: 
        * Instance: 
        N/A

        * Loop: 
        +-----------+---------+---------+----------+-----------+-----------+------+----------+
        |           |  Latency (cycles) | Iteration|  Initiation Interval  | Trip |          |
        | Loop Name |   min   |   max   |  Latency |  achieved |   target  | Count| Pipelined|
        +-----------+---------+---------+----------+-----------+-----------+------+----------+
        |- SM_NORM  |       47|       47|        39|          1|          1|    10|       yes|
        +-----------+---------+---------+----------+-----------+-----------+------+----------+

============================================================
+ Verbose Summary: Synthesis Manager
============================================================
InlineROM: 1
ExposeGlobal: 0
============================================================
+ Verbose Summary: CDFG Model
============================================================
IsTopModel: 0
ResetActiveHigh: 1
IsCombinational: 0
IsDatapathOnly: 0
HasWiredReturn: 1
HasMFsm: 2
HasVarLatency: 1
IsPipeline: 0
IsRtlPipelined: 0
IsInstanceOverlapped: 0
IsDontTouch: 0
HasImplIP: 0
IsGatedGlobalClock: 0

+ Individual pipeline summary: 
  * Pipeline-0: initiation interval (II) = 1, depth = 39


============================================================
+ Verbose Summary: Schedule
============================================================
* Number of FSM states : 39
* Pipeline : 1
  Pipeline-0 : II = 1, D = 39, States = { 1 2 3 4 5 6 7 8 9 10 11 12 13 14 15 16 17 18 19 20 21 22 23 24 25 26 27 28 29 30 31 32 33 34 35 36 37 38 39 }
* Dataflow Pipeline: 0

* FSM state transitions: 
1 --> 2 
2 --> 3 
3 --> 4 
4 --> 5 
5 --> 6 
6 --> 7 
7 --> 8 
8 --> 9 
9 --> 10 
10 --> 11 
11 --> 12 
12 --> 13 
13 --> 14 
14 --> 15 
15 --> 16 
16 --> 17 
17 --> 18 
18 --> 19 
19 --> 20 
20 --> 21 
21 --> 22 
22 --> 23 
23 --> 24 
24 --> 25 
25 --> 26 
26 --> 27 
27 --> 28 
28 --> 29 
29 --> 30 
30 --> 31 
31 --> 32 
32 --> 33 
33 --> 34 
34 --> 35 
35 --> 36 
36 --> 37 
37 --> 38 
38 --> 39 
39 --> 

* FSM state operations: 

State 1 <SV = 0> <Delay = 4.91>
ST_1 : Operation 42 [1/1] (0.00ns)   --->   "%i = alloca i32 1" [kern.cpp:266]   --->   Operation 42 'alloca' 'i' <Predicate = true> <Delay = 0.00>
ST_1 : Operation 43 [1/1] (0.00ns)   --->   "%es_1_read = read i32 @_ssdm_op_Read.ap_auto.i32, i32 %es_1" [kern.cpp:268]   --->   Operation 43 'read' 'es_1_read' <Predicate = true> <Delay = 0.00>
ST_1 : Operation 44 [1/1] (2.55ns)   --->   "%icmp_ln268 = icmp_sgt  i32 %es_1_read, i32 0" [kern.cpp:268]   --->   Operation 44 'icmp' 'icmp_ln268' <Predicate = true> <Delay = 2.55> <CoreInst = "Cmp">   --->   Core 9 'Cmp' <Latency = 0> <II = 1> <Delay = 2.55> <FuncUnit> <Opcode : 'seteq' 'setne' 'setle' 'setge' 'setlt' 'setgt'> <InPorts = 2> <OutPorts = 1>
ST_1 : Operation 45 [1/1] (1.58ns)   --->   "%store_ln266 = store i4 0, i4 %i" [kern.cpp:266]   --->   Operation 45 'store' 'store_ln266' <Predicate = true> <Delay = 1.58>
ST_1 : Operation 46 [1/1] (0.00ns)   --->   "%br_ln0 = br void %for.body25"   --->   Operation 46 'br' 'br_ln0' <Predicate = true> <Delay = 0.00>
ST_1 : Operation 47 [1/1] (0.00ns)   --->   "%i_1 = load i4 %i" [kern.cpp:266]   --->   Operation 47 'load' 'i_1' <Predicate = true> <Delay = 0.00>
ST_1 : Operation 48 [1/1] (1.73ns)   --->   "%icmp_ln266 = icmp_eq  i4 %i_1, i4 10" [kern.cpp:266]   --->   Operation 48 'icmp' 'icmp_ln266' <Predicate = true> <Delay = 1.73> <CoreInst = "Cmp">   --->   Core 9 'Cmp' <Latency = 0> <II = 1> <Delay = 1.73> <FuncUnit> <Opcode : 'seteq' 'setne' 'setle' 'setge' 'setlt' 'setgt'> <InPorts = 2> <OutPorts = 1>
ST_1 : Operation 49 [1/1] (1.73ns)   --->   "%add_ln266 = add i4 %i_1, i4 1" [kern.cpp:266]   --->   Operation 49 'add' 'add_ln266' <Predicate = true> <Delay = 1.73> <CoreInst = "Adder">   --->   Core 1 'Adder' <Latency = 0> <II = 1> <Delay = 1.73> <FuncUnit> <Opcode : 'add' 'sub'> <InPorts = 2> <OutPorts = 1>
ST_1 : Operation 50 [1/1] (0.00ns)   --->   "%br_ln266 = br i1 %icmp_ln266, void %for.body25.split, void %for.end39.exitStub" [kern.cpp:266]   --->   Operation 50 'br' 'br_ln266' <Predicate = true> <Delay = 0.00>
ST_1 : Operation 51 [1/1] (0.00ns)   --->   "%zext_ln266 = zext i4 %i_1" [kern.cpp:266]   --->   Operation 51 'zext' 'zext_ln266' <Predicate = (!icmp_ln266)> <Delay = 0.00>
ST_1 : Operation 52 [1/1] (0.00ns)   --->   "%specpipeline_ln267 = specpipeline void @_ssdm_op_SpecPipeline, i32 1, i32 0, i32 0, i32 0, i32 4294967295, void @empty_5" [kern.cpp:267]   --->   Operation 52 'specpipeline' 'specpipeline_ln267' <Predicate = (!icmp_ln266)> <Delay = 0.00>
ST_1 : Operation 53 [1/1] (0.00ns)   --->   "%speclooptripcount_ln266 = speclooptripcount void @_ssdm_op_SpecLoopTripCount, i64 10, i64 10, i64 10" [kern.cpp:266]   --->   Operation 53 'speclooptripcount' 'speclooptripcount_ln266' <Predicate = (!icmp_ln266)> <Delay = 0.00>
ST_1 : Operation 54 [1/1] (0.00ns)   --->   "%specloopname_ln266 = specloopname void @_ssdm_op_SpecLoopName, void @empty_22" [kern.cpp:266]   --->   Operation 54 'specloopname' 'specloopname_ln266' <Predicate = (!icmp_ln266)> <Delay = 0.00>
ST_1 : Operation 55 [1/1] (1.58ns)   --->   "%br_ln268 = br i1 %icmp_ln268, void %for.inc37, void %cond.true27" [kern.cpp:268]   --->   Operation 55 'br' 'br_ln268' <Predicate = (!icmp_ln266)> <Delay = 1.58>
ST_1 : Operation 56 [1/1] (0.00ns)   --->   "%ev_addr = getelementptr i32 %ev, i64 0, i64 %zext_ln266" [kern.cpp:268]   --->   Operation 56 'getelementptr' 'ev_addr' <Predicate = (!icmp_ln266 & icmp_ln268)> <Delay = 0.00>
ST_1 : Operation 57 [2/2] (2.32ns)   --->   "%ev_load = load i4 %ev_addr" [kern.cpp:268]   --->   Operation 57 'load' 'ev_load' <Predicate = (!icmp_ln266 & icmp_ln268)> <Delay = 2.32> <CoreInst = "RAM">   --->   Core 81 'RAM' <Latency = 1> <II = 1> <Delay = 2.32> <Storage> <Opcode : 'load' 'store'> <Ports = 2> <Width = 32> <Depth = 10> <RAM>
ST_1 : Operation 58 [1/1] (1.58ns)   --->   "%br_ln268 = br void %for.inc37" [kern.cpp:268]   --->   Operation 58 'br' 'br_ln268' <Predicate = (!icmp_ln266 & icmp_ln268)> <Delay = 1.58>
ST_1 : Operation 59 [1/1] (1.58ns)   --->   "%store_ln266 = store i4 %add_ln266, i4 %i" [kern.cpp:266]   --->   Operation 59 'store' 'store_ln266' <Predicate = (!icmp_ln266)> <Delay = 1.58>

State 2 <SV = 1> <Delay = 4.87>
ST_2 : Operation 60 [1/2] ( I:2.32ns O:2.32ns )   --->   "%ev_load = load i4 %ev_addr" [kern.cpp:268]   --->   Operation 60 'load' 'ev_load' <Predicate = (!icmp_ln266 & icmp_ln268)> <Delay = 2.32> <CoreInst = "RAM">   --->   Core 81 'RAM' <Latency = 1> <II = 1> <Delay = 2.32> <Storage> <Opcode : 'load' 'store'> <Ports = 2> <Width = 32> <Depth = 10> <RAM>
ST_2 : Operation 61 [1/1] (0.00ns) (grouped into LUT with out node sub_ln268)   --->   "%shl_ln268 = shl i32 %ev_load, i32 16" [kern.cpp:268]   --->   Operation 61 'shl' 'shl_ln268' <Predicate = (!icmp_ln266 & icmp_ln268)> <Delay = 0.00>
ST_2 : Operation 62 [1/1] (2.55ns) (out node of the LUT)   --->   "%sub_ln268 = sub i32 %shl_ln268, i32 %ev_load" [kern.cpp:268]   --->   Operation 62 'sub' 'sub_ln268' <Predicate = (!icmp_ln266 & icmp_ln268)> <Delay = 2.55> <CoreInst = "Adder">   --->   Core 1 'Adder' <Latency = 0> <II = 1> <Delay = 2.55> <FuncUnit> <Opcode : 'add' 'sub'> <InPorts = 2> <OutPorts = 1>

State 3 <SV = 2> <Delay = 4.33>
ST_3 : Operation 63 [36/36] (4.33ns)   --->   "%sdiv_ln268 = sdiv i32 %sub_ln268, i32 %es_1_read" [kern.cpp:268]   --->   Operation 63 'sdiv' 'sdiv_ln268' <Predicate = (!icmp_ln266 & icmp_ln268)> <Delay = 4.33> <CoreInst = "Divider">   --->   Core 6 'Divider' <Latency = 35> <II = 1> <Delay = 4.33> <FuncUnit> <Opcode : 'udiv' 'sdiv' 'urem' 'srem'> <InPorts = 2> <OutPorts = 1>

State 4 <SV = 3> <Delay = 4.33>
ST_4 : Operation 64 [35/36] (4.33ns)   --->   "%sdiv_ln268 = sdiv i32 %sub_ln268, i32 %es_1_read" [kern.cpp:268]   --->   Operation 64 'sdiv' 'sdiv_ln268' <Predicate = (!icmp_ln266 & icmp_ln268)> <Delay = 4.33> <CoreInst = "Divider">   --->   Core 6 'Divider' <Latency = 35> <II = 1> <Delay = 4.33> <FuncUnit> <Opcode : 'udiv' 'sdiv' 'urem' 'srem'> <InPorts = 2> <OutPorts = 1>

State 5 <SV = 4> <Delay = 4.33>
ST_5 : Operation 65 [34/36] (4.33ns)   --->   "%sdiv_ln268 = sdiv i32 %sub_ln268, i32 %es_1_read" [kern.cpp:268]   --->   Operation 65 'sdiv' 'sdiv_ln268' <Predicate = (!icmp_ln266 & icmp_ln268)> <Delay = 4.33> <CoreInst = "Divider">   --->   Core 6 'Divider' <Latency = 35> <II = 1> <Delay = 4.33> <FuncUnit> <Opcode : 'udiv' 'sdiv' 'urem' 'srem'> <InPorts = 2> <OutPorts = 1>

State 6 <SV = 5> <Delay = 4.33>
ST_6 : Operation 66 [33/36] (4.33ns)   --->   "%sdiv_ln268 = sdiv i32 %sub_ln268, i32 %es_1_read" [kern.cpp:268]   --->   Operation 66 'sdiv' 'sdiv_ln268' <Predicate = (!icmp_ln266 & icmp_ln268)> <Delay = 4.33> <CoreInst = "Divider">   --->   Core 6 'Divider' <Latency = 35> <II = 1> <Delay = 4.33> <FuncUnit> <Opcode : 'udiv' 'sdiv' 'urem' 'srem'> <InPorts = 2> <OutPorts = 1>

State 7 <SV = 6> <Delay = 4.33>
ST_7 : Operation 67 [32/36] (4.33ns)   --->   "%sdiv_ln268 = sdiv i32 %sub_ln268, i32 %es_1_read" [kern.cpp:268]   --->   Operation 67 'sdiv' 'sdiv_ln268' <Predicate = (!icmp_ln266 & icmp_ln268)> <Delay = 4.33> <CoreInst = "Divider">   --->   Core 6 'Divider' <Latency = 35> <II = 1> <Delay = 4.33> <FuncUnit> <Opcode : 'udiv' 'sdiv' 'urem' 'srem'> <InPorts = 2> <OutPorts = 1>

State 8 <SV = 7> <Delay = 4.33>
ST_8 : Operation 68 [31/36] (4.33ns)   --->   "%sdiv_ln268 = sdiv i32 %sub_ln268, i32 %es_1_read" [kern.cpp:268]   --->   Operation 68 'sdiv' 'sdiv_ln268' <Predicate = (!icmp_ln266 & icmp_ln268)> <Delay = 4.33> <CoreInst = "Divider">   --->   Core 6 'Divider' <Latency = 35> <II = 1> <Delay = 4.33> <FuncUnit> <Opcode : 'udiv' 'sdiv' 'urem' 'srem'> <InPorts = 2> <OutPorts = 1>

State 9 <SV = 8> <Delay = 4.33>
ST_9 : Operation 69 [30/36] (4.33ns)   --->   "%sdiv_ln268 = sdiv i32 %sub_ln268, i32 %es_1_read" [kern.cpp:268]   --->   Operation 69 'sdiv' 'sdiv_ln268' <Predicate = (!icmp_ln266 & icmp_ln268)> <Delay = 4.33> <CoreInst = "Divider">   --->   Core 6 'Divider' <Latency = 35> <II = 1> <Delay = 4.33> <FuncUnit> <Opcode : 'udiv' 'sdiv' 'urem' 'srem'> <InPorts = 2> <OutPorts = 1>

State 10 <SV = 9> <Delay = 4.33>
ST_10 : Operation 70 [29/36] (4.33ns)   --->   "%sdiv_ln268 = sdiv i32 %sub_ln268, i32 %es_1_read" [kern.cpp:268]   --->   Operation 70 'sdiv' 'sdiv_ln268' <Predicate = (!icmp_ln266 & icmp_ln268)> <Delay = 4.33> <CoreInst = "Divider">   --->   Core 6 'Divider' <Latency = 35> <II = 1> <Delay = 4.33> <FuncUnit> <Opcode : 'udiv' 'sdiv' 'urem' 'srem'> <InPorts = 2> <OutPorts = 1>

State 11 <SV = 10> <Delay = 4.33>
ST_11 : Operation 71 [28/36] (4.33ns)   --->   "%sdiv_ln268 = sdiv i32 %sub_ln268, i32 %es_1_read" [kern.cpp:268]   --->   Operation 71 'sdiv' 'sdiv_ln268' <Predicate = (!icmp_ln266 & icmp_ln268)> <Delay = 4.33> <CoreInst = "Divider">   --->   Core 6 'Divider' <Latency = 35> <II = 1> <Delay = 4.33> <FuncUnit> <Opcode : 'udiv' 'sdiv' 'urem' 'srem'> <InPorts = 2> <OutPorts = 1>

State 12 <SV = 11> <Delay = 4.33>
ST_12 : Operation 72 [27/36] (4.33ns)   --->   "%sdiv_ln268 = sdiv i32 %sub_ln268, i32 %es_1_read" [kern.cpp:268]   --->   Operation 72 'sdiv' 'sdiv_ln268' <Predicate = (!icmp_ln266 & icmp_ln268)> <Delay = 4.33> <CoreInst = "Divider">   --->   Core 6 'Divider' <Latency = 35> <II = 1> <Delay = 4.33> <FuncUnit> <Opcode : 'udiv' 'sdiv' 'urem' 'srem'> <InPorts = 2> <OutPorts = 1>

State 13 <SV = 12> <Delay = 4.33>
ST_13 : Operation 73 [26/36] (4.33ns)   --->   "%sdiv_ln268 = sdiv i32 %sub_ln268, i32 %es_1_read" [kern.cpp:268]   --->   Operation 73 'sdiv' 'sdiv_ln268' <Predicate = (!icmp_ln266 & icmp_ln268)> <Delay = 4.33> <CoreInst = "Divider">   --->   Core 6 'Divider' <Latency = 35> <II = 1> <Delay = 4.33> <FuncUnit> <Opcode : 'udiv' 'sdiv' 'urem' 'srem'> <InPorts = 2> <OutPorts = 1>

State 14 <SV = 13> <Delay = 4.33>
ST_14 : Operation 74 [25/36] (4.33ns)   --->   "%sdiv_ln268 = sdiv i32 %sub_ln268, i32 %es_1_read" [kern.cpp:268]   --->   Operation 74 'sdiv' 'sdiv_ln268' <Predicate = (!icmp_ln266 & icmp_ln268)> <Delay = 4.33> <CoreInst = "Divider">   --->   Core 6 'Divider' <Latency = 35> <II = 1> <Delay = 4.33> <FuncUnit> <Opcode : 'udiv' 'sdiv' 'urem' 'srem'> <InPorts = 2> <OutPorts = 1>

State 15 <SV = 14> <Delay = 4.33>
ST_15 : Operation 75 [24/36] (4.33ns)   --->   "%sdiv_ln268 = sdiv i32 %sub_ln268, i32 %es_1_read" [kern.cpp:268]   --->   Operation 75 'sdiv' 'sdiv_ln268' <Predicate = (!icmp_ln266 & icmp_ln268)> <Delay = 4.33> <CoreInst = "Divider">   --->   Core 6 'Divider' <Latency = 35> <II = 1> <Delay = 4.33> <FuncUnit> <Opcode : 'udiv' 'sdiv' 'urem' 'srem'> <InPorts = 2> <OutPorts = 1>

State 16 <SV = 15> <Delay = 4.33>
ST_16 : Operation 76 [23/36] (4.33ns)   --->   "%sdiv_ln268 = sdiv i32 %sub_ln268, i32 %es_1_read" [kern.cpp:268]   --->   Operation 76 'sdiv' 'sdiv_ln268' <Predicate = (!icmp_ln266 & icmp_ln268)> <Delay = 4.33> <CoreInst = "Divider">   --->   Core 6 'Divider' <Latency = 35> <II = 1> <Delay = 4.33> <FuncUnit> <Opcode : 'udiv' 'sdiv' 'urem' 'srem'> <InPorts = 2> <OutPorts = 1>

State 17 <SV = 16> <Delay = 4.33>
ST_17 : Operation 77 [22/36] (4.33ns)   --->   "%sdiv_ln268 = sdiv i32 %sub_ln268, i32 %es_1_read" [kern.cpp:268]   --->   Operation 77 'sdiv' 'sdiv_ln268' <Predicate = (!icmp_ln266 & icmp_ln268)> <Delay = 4.33> <CoreInst = "Divider">   --->   Core 6 'Divider' <Latency = 35> <II = 1> <Delay = 4.33> <FuncUnit> <Opcode : 'udiv' 'sdiv' 'urem' 'srem'> <InPorts = 2> <OutPorts = 1>

State 18 <SV = 17> <Delay = 4.33>
ST_18 : Operation 78 [21/36] (4.33ns)   --->   "%sdiv_ln268 = sdiv i32 %sub_ln268, i32 %es_1_read" [kern.cpp:268]   --->   Operation 78 'sdiv' 'sdiv_ln268' <Predicate = (!icmp_ln266 & icmp_ln268)> <Delay = 4.33> <CoreInst = "Divider">   --->   Core 6 'Divider' <Latency = 35> <II = 1> <Delay = 4.33> <FuncUnit> <Opcode : 'udiv' 'sdiv' 'urem' 'srem'> <InPorts = 2> <OutPorts = 1>

State 19 <SV = 18> <Delay = 4.33>
ST_19 : Operation 79 [20/36] (4.33ns)   --->   "%sdiv_ln268 = sdiv i32 %sub_ln268, i32 %es_1_read" [kern.cpp:268]   --->   Operation 79 'sdiv' 'sdiv_ln268' <Predicate = (!icmp_ln266 & icmp_ln268)> <Delay = 4.33> <CoreInst = "Divider">   --->   Core 6 'Divider' <Latency = 35> <II = 1> <Delay = 4.33> <FuncUnit> <Opcode : 'udiv' 'sdiv' 'urem' 'srem'> <InPorts = 2> <OutPorts = 1>

State 20 <SV = 19> <Delay = 4.33>
ST_20 : Operation 80 [19/36] (4.33ns)   --->   "%sdiv_ln268 = sdiv i32 %sub_ln268, i32 %es_1_read" [kern.cpp:268]   --->   Operation 80 'sdiv' 'sdiv_ln268' <Predicate = (!icmp_ln266 & icmp_ln268)> <Delay = 4.33> <CoreInst = "Divider">   --->   Core 6 'Divider' <Latency = 35> <II = 1> <Delay = 4.33> <FuncUnit> <Opcode : 'udiv' 'sdiv' 'urem' 'srem'> <InPorts = 2> <OutPorts = 1>

State 21 <SV = 20> <Delay = 4.33>
ST_21 : Operation 81 [18/36] (4.33ns)   --->   "%sdiv_ln268 = sdiv i32 %sub_ln268, i32 %es_1_read" [kern.cpp:268]   --->   Operation 81 'sdiv' 'sdiv_ln268' <Predicate = (!icmp_ln266 & icmp_ln268)> <Delay = 4.33> <CoreInst = "Divider">   --->   Core 6 'Divider' <Latency = 35> <II = 1> <Delay = 4.33> <FuncUnit> <Opcode : 'udiv' 'sdiv' 'urem' 'srem'> <InPorts = 2> <OutPorts = 1>

State 22 <SV = 21> <Delay = 4.33>
ST_22 : Operation 82 [17/36] (4.33ns)   --->   "%sdiv_ln268 = sdiv i32 %sub_ln268, i32 %es_1_read" [kern.cpp:268]   --->   Operation 82 'sdiv' 'sdiv_ln268' <Predicate = (!icmp_ln266 & icmp_ln268)> <Delay = 4.33> <CoreInst = "Divider">   --->   Core 6 'Divider' <Latency = 35> <II = 1> <Delay = 4.33> <FuncUnit> <Opcode : 'udiv' 'sdiv' 'urem' 'srem'> <InPorts = 2> <OutPorts = 1>

State 23 <SV = 22> <Delay = 4.33>
ST_23 : Operation 83 [16/36] (4.33ns)   --->   "%sdiv_ln268 = sdiv i32 %sub_ln268, i32 %es_1_read" [kern.cpp:268]   --->   Operation 83 'sdiv' 'sdiv_ln268' <Predicate = (!icmp_ln266 & icmp_ln268)> <Delay = 4.33> <CoreInst = "Divider">   --->   Core 6 'Divider' <Latency = 35> <II = 1> <Delay = 4.33> <FuncUnit> <Opcode : 'udiv' 'sdiv' 'urem' 'srem'> <InPorts = 2> <OutPorts = 1>

State 24 <SV = 23> <Delay = 4.33>
ST_24 : Operation 84 [15/36] (4.33ns)   --->   "%sdiv_ln268 = sdiv i32 %sub_ln268, i32 %es_1_read" [kern.cpp:268]   --->   Operation 84 'sdiv' 'sdiv_ln268' <Predicate = (!icmp_ln266 & icmp_ln268)> <Delay = 4.33> <CoreInst = "Divider">   --->   Core 6 'Divider' <Latency = 35> <II = 1> <Delay = 4.33> <FuncUnit> <Opcode : 'udiv' 'sdiv' 'urem' 'srem'> <InPorts = 2> <OutPorts = 1>

State 25 <SV = 24> <Delay = 4.33>
ST_25 : Operation 85 [14/36] (4.33ns)   --->   "%sdiv_ln268 = sdiv i32 %sub_ln268, i32 %es_1_read" [kern.cpp:268]   --->   Operation 85 'sdiv' 'sdiv_ln268' <Predicate = (!icmp_ln266 & icmp_ln268)> <Delay = 4.33> <CoreInst = "Divider">   --->   Core 6 'Divider' <Latency = 35> <II = 1> <Delay = 4.33> <FuncUnit> <Opcode : 'udiv' 'sdiv' 'urem' 'srem'> <InPorts = 2> <OutPorts = 1>

State 26 <SV = 25> <Delay = 4.33>
ST_26 : Operation 86 [13/36] (4.33ns)   --->   "%sdiv_ln268 = sdiv i32 %sub_ln268, i32 %es_1_read" [kern.cpp:268]   --->   Operation 86 'sdiv' 'sdiv_ln268' <Predicate = (!icmp_ln266 & icmp_ln268)> <Delay = 4.33> <CoreInst = "Divider">   --->   Core 6 'Divider' <Latency = 35> <II = 1> <Delay = 4.33> <FuncUnit> <Opcode : 'udiv' 'sdiv' 'urem' 'srem'> <InPorts = 2> <OutPorts = 1>

State 27 <SV = 26> <Delay = 4.33>
ST_27 : Operation 87 [12/36] (4.33ns)   --->   "%sdiv_ln268 = sdiv i32 %sub_ln268, i32 %es_1_read" [kern.cpp:268]   --->   Operation 87 'sdiv' 'sdiv_ln268' <Predicate = (!icmp_ln266 & icmp_ln268)> <Delay = 4.33> <CoreInst = "Divider">   --->   Core 6 'Divider' <Latency = 35> <II = 1> <Delay = 4.33> <FuncUnit> <Opcode : 'udiv' 'sdiv' 'urem' 'srem'> <InPorts = 2> <OutPorts = 1>

State 28 <SV = 27> <Delay = 4.33>
ST_28 : Operation 88 [11/36] (4.33ns)   --->   "%sdiv_ln268 = sdiv i32 %sub_ln268, i32 %es_1_read" [kern.cpp:268]   --->   Operation 88 'sdiv' 'sdiv_ln268' <Predicate = (!icmp_ln266 & icmp_ln268)> <Delay = 4.33> <CoreInst = "Divider">   --->   Core 6 'Divider' <Latency = 35> <II = 1> <Delay = 4.33> <FuncUnit> <Opcode : 'udiv' 'sdiv' 'urem' 'srem'> <InPorts = 2> <OutPorts = 1>

State 29 <SV = 28> <Delay = 4.33>
ST_29 : Operation 89 [10/36] (4.33ns)   --->   "%sdiv_ln268 = sdiv i32 %sub_ln268, i32 %es_1_read" [kern.cpp:268]   --->   Operation 89 'sdiv' 'sdiv_ln268' <Predicate = (!icmp_ln266 & icmp_ln268)> <Delay = 4.33> <CoreInst = "Divider">   --->   Core 6 'Divider' <Latency = 35> <II = 1> <Delay = 4.33> <FuncUnit> <Opcode : 'udiv' 'sdiv' 'urem' 'srem'> <InPorts = 2> <OutPorts = 1>

State 30 <SV = 29> <Delay = 4.33>
ST_30 : Operation 90 [9/36] (4.33ns)   --->   "%sdiv_ln268 = sdiv i32 %sub_ln268, i32 %es_1_read" [kern.cpp:268]   --->   Operation 90 'sdiv' 'sdiv_ln268' <Predicate = (!icmp_ln266 & icmp_ln268)> <Delay = 4.33> <CoreInst = "Divider">   --->   Core 6 'Divider' <Latency = 35> <II = 1> <Delay = 4.33> <FuncUnit> <Opcode : 'udiv' 'sdiv' 'urem' 'srem'> <InPorts = 2> <OutPorts = 1>

State 31 <SV = 30> <Delay = 4.33>
ST_31 : Operation 91 [8/36] (4.33ns)   --->   "%sdiv_ln268 = sdiv i32 %sub_ln268, i32 %es_1_read" [kern.cpp:268]   --->   Operation 91 'sdiv' 'sdiv_ln268' <Predicate = (!icmp_ln266 & icmp_ln268)> <Delay = 4.33> <CoreInst = "Divider">   --->   Core 6 'Divider' <Latency = 35> <II = 1> <Delay = 4.33> <FuncUnit> <Opcode : 'udiv' 'sdiv' 'urem' 'srem'> <InPorts = 2> <OutPorts = 1>

State 32 <SV = 31> <Delay = 4.33>
ST_32 : Operation 92 [7/36] (4.33ns)   --->   "%sdiv_ln268 = sdiv i32 %sub_ln268, i32 %es_1_read" [kern.cpp:268]   --->   Operation 92 'sdiv' 'sdiv_ln268' <Predicate = (!icmp_ln266 & icmp_ln268)> <Delay = 4.33> <CoreInst = "Divider">   --->   Core 6 'Divider' <Latency = 35> <II = 1> <Delay = 4.33> <FuncUnit> <Opcode : 'udiv' 'sdiv' 'urem' 'srem'> <InPorts = 2> <OutPorts = 1>

State 33 <SV = 32> <Delay = 4.33>
ST_33 : Operation 93 [6/36] (4.33ns)   --->   "%sdiv_ln268 = sdiv i32 %sub_ln268, i32 %es_1_read" [kern.cpp:268]   --->   Operation 93 'sdiv' 'sdiv_ln268' <Predicate = (!icmp_ln266 & icmp_ln268)> <Delay = 4.33> <CoreInst = "Divider">   --->   Core 6 'Divider' <Latency = 35> <II = 1> <Delay = 4.33> <FuncUnit> <Opcode : 'udiv' 'sdiv' 'urem' 'srem'> <InPorts = 2> <OutPorts = 1>

State 34 <SV = 33> <Delay = 4.33>
ST_34 : Operation 94 [5/36] (4.33ns)   --->   "%sdiv_ln268 = sdiv i32 %sub_ln268, i32 %es_1_read" [kern.cpp:268]   --->   Operation 94 'sdiv' 'sdiv_ln268' <Predicate = (!icmp_ln266 & icmp_ln268)> <Delay = 4.33> <CoreInst = "Divider">   --->   Core 6 'Divider' <Latency = 35> <II = 1> <Delay = 4.33> <FuncUnit> <Opcode : 'udiv' 'sdiv' 'urem' 'srem'> <InPorts = 2> <OutPorts = 1>

State 35 <SV = 34> <Delay = 4.33>
ST_35 : Operation 95 [4/36] (4.33ns)   --->   "%sdiv_ln268 = sdiv i32 %sub_ln268, i32 %es_1_read" [kern.cpp:268]   --->   Operation 95 'sdiv' 'sdiv_ln268' <Predicate = (!icmp_ln266 & icmp_ln268)> <Delay = 4.33> <CoreInst = "Divider">   --->   Core 6 'Divider' <Latency = 35> <II = 1> <Delay = 4.33> <FuncUnit> <Opcode : 'udiv' 'sdiv' 'urem' 'srem'> <InPorts = 2> <OutPorts = 1>

State 36 <SV = 35> <Delay = 4.33>
ST_36 : Operation 96 [3/36] (4.33ns)   --->   "%sdiv_ln268 = sdiv i32 %sub_ln268, i32 %es_1_read" [kern.cpp:268]   --->   Operation 96 'sdiv' 'sdiv_ln268' <Predicate = (!icmp_ln266 & icmp_ln268)> <Delay = 4.33> <CoreInst = "Divider">   --->   Core 6 'Divider' <Latency = 35> <II = 1> <Delay = 4.33> <FuncUnit> <Opcode : 'udiv' 'sdiv' 'urem' 'srem'> <InPorts = 2> <OutPorts = 1>

State 37 <SV = 36> <Delay = 4.33>
ST_37 : Operation 97 [2/36] (4.33ns)   --->   "%sdiv_ln268 = sdiv i32 %sub_ln268, i32 %es_1_read" [kern.cpp:268]   --->   Operation 97 'sdiv' 'sdiv_ln268' <Predicate = (!icmp_ln266 & icmp_ln268)> <Delay = 4.33> <CoreInst = "Divider">   --->   Core 6 'Divider' <Latency = 35> <II = 1> <Delay = 4.33> <FuncUnit> <Opcode : 'udiv' 'sdiv' 'urem' 'srem'> <InPorts = 2> <OutPorts = 1>

State 38 <SV = 37> <Delay = 4.33>
ST_38 : Operation 98 [1/36] (4.33ns)   --->   "%sdiv_ln268 = sdiv i32 %sub_ln268, i32 %es_1_read" [kern.cpp:268]   --->   Operation 98 'sdiv' 'sdiv_ln268' <Predicate = (!icmp_ln266 & icmp_ln268)> <Delay = 4.33> <CoreInst = "Divider">   --->   Core 6 'Divider' <Latency = 35> <II = 1> <Delay = 4.33> <FuncUnit> <Opcode : 'udiv' 'sdiv' 'urem' 'srem'> <InPorts = 2> <OutPorts = 1>
ST_38 : Operation 99 [1/1] (0.00ns)   --->   "%trunc_ln268 = trunc i16 %sdiv_ln268" [kern.cpp:268]   --->   Operation 99 'trunc' 'trunc_ln268' <Predicate = (!icmp_ln266 & icmp_ln268)> <Delay = 0.00>
ST_38 : Operation 104 [1/1] (1.58ns)   --->   "%ret_ln0 = ret"   --->   Operation 104 'ret' 'ret_ln0' <Predicate = (icmp_ln266)> <Delay = 1.58>

State 39 <SV = 38> <Delay = 2.32>
ST_39 : Operation 100 [1/1] (0.00ns)   --->   "%cond33 = phi i16 %trunc_ln268, void %cond.true27, i16 0, void %for.body25.split" [kern.cpp:268]   --->   Operation 100 'phi' 'cond33' <Predicate = true> <Delay = 0.00>
ST_39 : Operation 101 [1/1] (0.00ns)   --->   "%probs_addr = getelementptr i16 %probs, i64 0, i64 %zext_ln266" [kern.cpp:268]   --->   Operation 101 'getelementptr' 'probs_addr' <Predicate = true> <Delay = 0.00>
ST_39 : Operation 102 [1/1] ( I:2.32ns O:2.32ns )   --->   "%store_ln268 = store i16 %cond33, i4 %probs_addr" [kern.cpp:268]   --->   Operation 102 'store' 'store_ln268' <Predicate = true> <Delay = 2.32> <CoreInst = "RAM">   --->   Core 81 'RAM' <Latency = 1> <II = 1> <Delay = 2.32> <Storage> <Opcode : 'load' 'store'> <Ports = 2> <Width = 16> <Depth = 10> <RAM>
ST_39 : Operation 103 [1/1] (0.00ns)   --->   "%br_ln266 = br void %for.body25" [kern.cpp:266]   --->   Operation 103 'br' 'br_ln266' <Predicate = true> <Delay = 0.00>


============================================================
+ Verbose Summary: Timing violations
============================================================
Target clock period: 10.000ns, clock uncertainty: 2.700ns.

 <State 1>: 4.911ns
The critical path consists of the following:
	'store' operation ('store_ln266', kern.cpp:266) of constant 0 4 bit on local variable 'i', kern.cpp:266 [7]  (1.588 ns)
	'load' operation 4 bit ('i', kern.cpp:266) on local variable 'i', kern.cpp:266 [10]  (0.000 ns)
	'add' operation 4 bit ('add_ln266', kern.cpp:266) [12]  (1.735 ns)
	'store' operation ('store_ln266', kern.cpp:266) of variable 'add_ln266', kern.cpp:266 4 bit on local variable 'i', kern.cpp:266 [32]  (1.588 ns)

 <State 2>: 4.874ns
The critical path consists of the following:
	'load' operation 32 bit ('ev_load', kern.cpp:268) on array 'ev' [22]  (2.322 ns)
	'sub' operation 32 bit ('sub_ln268', kern.cpp:268) [24]  (2.552 ns)

 <State 3>: 4.336ns
The critical path consists of the following:
	'sdiv' operation 16 bit ('sdiv_ln268', kern.cpp:268) [25]  (4.336 ns)

 <State 4>: 4.336ns
The critical path consists of the following:
	'sdiv' operation 16 bit ('sdiv_ln268', kern.cpp:268) [25]  (4.336 ns)

 <State 5>: 4.336ns
The critical path consists of the following:
	'sdiv' operation 16 bit ('sdiv_ln268', kern.cpp:268) [25]  (4.336 ns)

 <State 6>: 4.336ns
The critical path consists of the following:
	'sdiv' operation 16 bit ('sdiv_ln268', kern.cpp:268) [25]  (4.336 ns)

 <State 7>: 4.336ns
The critical path consists of the following:
	'sdiv' operation 16 bit ('sdiv_ln268', kern.cpp:268) [25]  (4.336 ns)

 <State 8>: 4.336ns
The critical path consists of the following:
	'sdiv' operation 16 bit ('sdiv_ln268', kern.cpp:268) [25]  (4.336 ns)

 <State 9>: 4.336ns
The critical path consists of the following:
	'sdiv' operation 16 bit ('sdiv_ln268', kern.cpp:268) [25]  (4.336 ns)

 <State 10>: 4.336ns
The critical path consists of the following:
	'sdiv' operation 16 bit ('sdiv_ln268', kern.cpp:268) [25]  (4.336 ns)

 <State 11>: 4.336ns
The critical path consists of the following:
	'sdiv' operation 16 bit ('sdiv_ln268', kern.cpp:268) [25]  (4.336 ns)

 <State 12>: 4.336ns
The critical path consists of the following:
	'sdiv' operation 16 bit ('sdiv_ln268', kern.cpp:268) [25]  (4.336 ns)

 <State 13>: 4.336ns
The critical path consists of the following:
	'sdiv' operation 16 bit ('sdiv_ln268', kern.cpp:268) [25]  (4.336 ns)

 <State 14>: 4.336ns
The critical path consists of the following:
	'sdiv' operation 16 bit ('sdiv_ln268', kern.cpp:268) [25]  (4.336 ns)

 <State 15>: 4.336ns
The critical path consists of the following:
	'sdiv' operation 16 bit ('sdiv_ln268', kern.cpp:268) [25]  (4.336 ns)

 <State 16>: 4.336ns
The critical path consists of the following:
	'sdiv' operation 16 bit ('sdiv_ln268', kern.cpp:268) [25]  (4.336 ns)

 <State 17>: 4.336ns
The critical path consists of the following:
	'sdiv' operation 16 bit ('sdiv_ln268', kern.cpp:268) [25]  (4.336 ns)

 <State 18>: 4.336ns
The critical path consists of the following:
	'sdiv' operation 16 bit ('sdiv_ln268', kern.cpp:268) [25]  (4.336 ns)

 <State 19>: 4.336ns
The critical path consists of the following:
	'sdiv' operation 16 bit ('sdiv_ln268', kern.cpp:268) [25]  (4.336 ns)

 <State 20>: 4.336ns
The critical path consists of the following:
	'sdiv' operation 16 bit ('sdiv_ln268', kern.cpp:268) [25]  (4.336 ns)

 <State 21>: 4.336ns
The critical path consists of the following:
	'sdiv' operation 16 bit ('sdiv_ln268', kern.cpp:268) [25]  (4.336 ns)

 <State 22>: 4.336ns
The critical path consists of the following:
	'sdiv' operation 16 bit ('sdiv_ln268', kern.cpp:268) [25]  (4.336 ns)

 <State 23>: 4.336ns
The critical path consists of the following:
	'sdiv' operation 16 bit ('sdiv_ln268', kern.cpp:268) [25]  (4.336 ns)

 <State 24>: 4.336ns
The critical path consists of the following:
	'sdiv' operation 16 bit ('sdiv_ln268', kern.cpp:268) [25]  (4.336 ns)

 <State 25>: 4.336ns
The critical path consists of the following:
	'sdiv' operation 16 bit ('sdiv_ln268', kern.cpp:268) [25]  (4.336 ns)

 <State 26>: 4.336ns
The critical path consists of the following:
	'sdiv' operation 16 bit ('sdiv_ln268', kern.cpp:268) [25]  (4.336 ns)

 <State 27>: 4.336ns
The critical path consists of the following:
	'sdiv' operation 16 bit ('sdiv_ln268', kern.cpp:268) [25]  (4.336 ns)

 <State 28>: 4.336ns
The critical path consists of the following:
	'sdiv' operation 16 bit ('sdiv_ln268', kern.cpp:268) [25]  (4.336 ns)

 <State 29>: 4.336ns
The critical path consists of the following:
	'sdiv' operation 16 bit ('sdiv_ln268', kern.cpp:268) [25]  (4.336 ns)

 <State 30>: 4.336ns
The critical path consists of the following:
	'sdiv' operation 16 bit ('sdiv_ln268', kern.cpp:268) [25]  (4.336 ns)

 <State 31>: 4.336ns
The critical path consists of the following:
	'sdiv' operation 16 bit ('sdiv_ln268', kern.cpp:268) [25]  (4.336 ns)

 <State 32>: 4.336ns
The critical path consists of the following:
	'sdiv' operation 16 bit ('sdiv_ln268', kern.cpp:268) [25]  (4.336 ns)

 <State 33>: 4.336ns
The critical path consists of the following:
	'sdiv' operation 16 bit ('sdiv_ln268', kern.cpp:268) [25]  (4.336 ns)

 <State 34>: 4.336ns
The critical path consists of the following:
	'sdiv' operation 16 bit ('sdiv_ln268', kern.cpp:268) [25]  (4.336 ns)

 <State 35>: 4.336ns
The critical path consists of the following:
	'sdiv' operation 16 bit ('sdiv_ln268', kern.cpp:268) [25]  (4.336 ns)

 <State 36>: 4.336ns
The critical path consists of the following:
	'sdiv' operation 16 bit ('sdiv_ln268', kern.cpp:268) [25]  (4.336 ns)

 <State 37>: 4.336ns
The critical path consists of the following:
	'sdiv' operation 16 bit ('sdiv_ln268', kern.cpp:268) [25]  (4.336 ns)

 <State 38>: 4.336ns
The critical path consists of the following:
	'sdiv' operation 16 bit ('sdiv_ln268', kern.cpp:268) [25]  (4.336 ns)

 <State 39>: 2.322ns
The critical path consists of the following:
	'phi' operation 16 bit ('cond33', kern.cpp:268) with incoming values : ('trunc_ln268', kern.cpp:268) [29]  (0.000 ns)
	'store' operation ('store_ln268', kern.cpp:268) of variable 'cond33', kern.cpp:268 16 bit on array 'probs' [31]  (2.322 ns)


============================================================
+ Verbose Summary: Binding
============================================================
N/A
* FSMD analyzer results:
  - Output states:
 - Input state : 
  - Chain level:
	State 1
	State 2
	State 3
	State 4
	State 5
	State 6
	State 7
	State 8
	State 9
	State 10
	State 11
	State 12
	State 13
	State 14
	State 15
	State 16
	State 17
	State 18
	State 19
	State 20
	State 21
	State 22
	State 23
	State 24
	State 25
	State 26
	State 27
	State 28
	State 29
	State 30
	State 31
	State 32
	State 33
	State 34
	State 35
	State 36
	State 37
	State 38
	State 39


============================================================
+ Verbose Summary: Datapath Resource usage 
============================================================
N/A
